0.02, 5511660
0.03, 5322407
0.03, 5296630
0.05, 5277471
0.05, 5252960
0.05, 5205456
0.05, 5190204
0.05, 5089150
0.05, 5083646
0.05, 5078870
0.05, 5068053
0.05, 5033465
0.05, 4976243
0.06, 4862180
0.06, 4727203
0.06, 4697518
0.06, 4532211
0.06, 4497530
0.06, 4439078
0.06, 4411621
0.06, 4362682
0.06, 4334358
0.08, 4220937
0.08, 4191235
0.08, 4138948
0.08, 4077745
0.08, 4033356
0.08, 4029383
0.08, 3959649
0.08, 3942604
0.09, 3930775
0.09, 3860943
0.09, 3786644
0.09, 3715136
0.09, 3681907
0.09, 3645068
0.09, 3613455
0.09, 3596778
0.11, 3562834
0.11, 3552614
0.11, 3527307
0.11, 3505253
0.13, 3396882
0.13, 3392653
0.14, 3343793
0.16, 3326446
0.17, 3312421
0.17, 3261623
0.22, 3190952
0.22, 3178592
0.23, 3173217
0.25, 3146680
0.25, 3139893
0.27, 3117288
0.27, 3116025
0.27, 3114498
0.27, 3087329
0.27, 3058673
0.28, 3027220
0.28, 2995994
0.28, 2990830
0.28, 2987262
0.28, 2959103
0.28, 2933493
0.30, 2904684
0.30, 2903100
0.30, 2882028
0.30, 2878923
0.31, 2818136
0.33, 2806562
0.34, 2800640
0.34, 2787187
0.34, 2766122
0.34, 2621805
0.34, 2539756
0.36, 2528864
0.36, 2526234
0.38, 2512888
0.38, 2490295
0.39, 2465947
0.41, 2464880
0.44, 2463149
0.44, 2463065
0.45, 2445544
0.47, 2422998
0.47, 2387593
0.47, 2384334
0.50, 2361232
0.50, 2287946
0.52, 2283810
0.53, 2277274
0.53, 2271899
0.55, 2226259
0.55, 2225469
0.56, 2223045
0.56, 2211105
0.56, 2197072
0.59, 2161426
0.61, 2147124
0.61, 2133378
0.63, 2116108
0.63, 2100110
0.64, 2091381
0.64, 2085569
0.66, 2078245
0.70, 2074635
0.70, 2062210
0.73, 2054839
0.75, 2027053
0.75, 2020260
0.78, 2014222
0.78, 2000766
0.78, 1953938
0.81, 1908071
0.81, 1903075
0.83, 1873093
0.83, 1858842
0.84, 1801093
0.88, 1792967
0.88, 1791299
0.91, 1787092
0.92, 1785727
0.92, 1780483
0.95, 1768816
0.98, 1757083
1.02, 1708394
1.05, 1693946
1.08, 1685593
1.09, 1684766
1.11, 1677484
1.11, 1675836
1.13, 1669520
1.22, 1662006
1.27, 1660733
1.28, 1659925
1.28, 1618666
1.31, 1615747
1.34, 1609768
1.39, 1608479
1.39, 1607678
1.52, 1607587
1.55, 1604947
1.55, 1604207
1.55, 1603546
1.63, 1600343
1.63, 1597179
1.69, 1591852
1.70, 1584129
1.77, 1580450
1.78, 1580378
2.00, 1572532
2.06, 1566532
2.12, 1565920
2.20, 1560521
2.30, 1558464
2.31, 1551044
2.34, 1549740
2.34, 1546406
2.42, 1544246
2.44, 1541126
2.44, 1536675
2.47, 1520594
2.48, 1517717
2.50, 1472909
2.52, 1455496
2.53, 1436068
2.55, 1427988
2.58, 1401683
2.58, 1392322
2.72, 1390067
2.73, 1385960
2.91, 1383288
2.91, 1382985
3.00, 1374113
3.05, 1369015
3.08, 1363785
3.11, 1357008
3.12, 1324138
3.20, 1313518
3.25, 1293855
3.33, 1288968
3.39, 1281909
3.42, 1278598
3.45, 1271834
3.52, 1265962
3.61, 1245254
3.64, 1243207
3.67, 1238662
3.86, 1237628
3.89, 1230133
4.05, 1228608
4.19, 1226479
4.31, 1222289
4.42, 1219946
4.44, 1191159
4.44, 1175897
4.51, 1169423
4.58, 1169256
4.69, 1146493
4.75, 1130001
4.84, 1120940
4.92, 1118251
4.95, 1118179
5.01, 1115311
5.08, 1115230
5.11, 1104039
5.22, 1103354
5.26, 1099935
5.28, 1098066
5.66, 1091694
5.70, 1085175
5.89, 1077331
6.30, 1076949
6.89, 1074152
6.98, 1070758
7.26, 1053569
7.36, 1052890
7.48, 1045979
7.53, 1039222
7.62, 1038359
7.62, 1032229
7.70, 1031880
7.95, 1031672
8.51, 1026585
8.64, 1025379
9.40, 1021912
9.42, 1021259
9.67, 1014622
9.98, 1006220
10.17, 1003117
10.20, 1003015
10.48, 1000887
10.53, 1000477
10.67, 998702
10.81, 997728
11.00, 988851
11.17, 985941
11.58, 985070
12.67, 977386
13.61, 974117
13.73, 949053
15.11, 945529
15.79, 942031
16.29, 928861
17.26, 926855
17.90, 926805
17.98, 926064
19.46, 925904
19.95, 921328
22.64, 921095
23.09, 920172
24.84, 910371
25.42, 908004
29.37, 905680
39.99, 904083
41.74, 902281
42.97, 901356
52.93, 899476
56.55, 898374
89.48, 897460
92.04, 896947
