0.02, 5166363
0.02, 5107716
0.03, 5025220
0.03, 5024473
0.03, 4942268
0.03, 4891338
0.03, 4837609
0.05, 4830745
0.05, 4783445
0.05, 4777724
0.05, 4753128
0.05, 4687232
0.05, 4579733
0.05, 4564659
0.06, 4521182
0.06, 4450565
0.06, 4410770
0.06, 4377107
0.06, 4351776
0.08, 4312658
0.08, 4312182
0.08, 4292492
0.08, 4219250
0.08, 4136767
0.08, 4111103
0.08, 4090875
0.08, 4072590
0.09, 4022849
0.09, 3965930
0.09, 3920558
0.09, 3903130
0.09, 3896368
0.09, 3861787
0.11, 3853173
0.11, 3740075
0.13, 3636700
0.13, 3602721
0.14, 3602552
0.14, 3581868
0.14, 3580015
0.16, 3556151
0.16, 3473781
0.17, 3436481
0.17, 3433849
0.17, 3432108
0.19, 3414090
0.20, 3414042
0.20, 3393452
0.20, 3346319
0.20, 3344985
0.24, 3332539
0.24, 3321387
0.25, 3300828
0.27, 3267639
0.27, 3263221
0.27, 3194170
0.28, 3164578
0.30, 3156321
0.30, 3156226
0.31, 3121384
0.31, 3084432
0.33, 3071485
0.33, 3058474
0.34, 3036361
0.34, 3024263
0.34, 3021045
0.34, 2978040
0.34, 2969671
0.36, 2929705
0.36, 2886223
0.36, 2859992
0.39, 2851208
0.39, 2819924
0.41, 2767006
0.42, 2738109
0.42, 2731634
0.42, 2718917
0.44, 2702800
0.45, 2668423
0.45, 2657367
0.49, 2642956
0.49, 2627996
0.50, 2593627
0.50, 2567037
0.52, 2530608
0.53, 2526368
0.53, 2493244
0.53, 2477396
0.56, 2454980
0.56, 2445829
0.58, 2384751
0.58, 2382417
0.58, 2378596
0.58, 2374812
0.59, 2372401
0.61, 2370818
0.63, 2309398
0.66, 2307772
0.66, 2306556
0.67, 2302373
0.67, 2297629
0.70, 2296363
0.70, 2286438
0.74, 2235657
0.74, 2235446
0.74, 2187948
0.75, 2178246
0.75, 2127810
0.80, 2123100
0.84, 2093856
0.84, 2090016
0.84, 2079177
0.91, 2078991
0.95, 2064287
0.97, 2061369
0.97, 2059413
0.97, 2033124
1.00, 2028433
1.00, 2023805
1.05, 2022866
1.09, 2019735
1.09, 2018561
1.09, 1996831
1.14, 1993976
1.17, 1972858
1.22, 1967539
1.23, 1959645
1.25, 1949316
1.33, 1945363
1.34, 1937115
1.36, 1859090
1.39, 1805866
1.42, 1801230
1.44, 1794952
1.52, 1794535
1.56, 1786437
1.59, 1778978
1.63, 1776212
1.66, 1774358
1.67, 1772071
1.77, 1766223
1.80, 1757053
1.83, 1754426
1.83, 1753920
1.88, 1748997
1.88, 1741011
1.89, 1729092
1.91, 1723464
1.98, 1719708
2.05, 1713555
2.05, 1691547
2.09, 1684607
2.11, 1679582
2.13, 1672474
2.13, 1650209
2.14, 1642054
2.17, 1622870
2.22, 1607487
2.25, 1606280
2.34, 1600363
2.38, 1594748
2.38, 1594690
2.41, 1590438
2.44, 1588474
2.45, 1586874
2.47, 1573135
2.48, 1570047
2.50, 1561890
2.61, 1558175
2.84, 1552688
2.88, 1547739
2.92, 1546371
2.92, 1535695
3.09, 1535294
3.17, 1534817
3.19, 1534090
3.36, 1511034
3.59, 1510715
3.61, 1507335
3.61, 1504715
3.64, 1493248
3.73, 1488153
3.80, 1477623
3.83, 1459262
3.84, 1447081
4.09, 1442887
4.12, 1440375
4.14, 1438118
4.14, 1423634
4.19, 1420132
4.23, 1409615
4.23, 1399124
4.33, 1381523
4.37, 1360801
4.39, 1358703
4.41, 1357964
4.47, 1357833
4.48, 1347260
4.50, 1343767
4.53, 1332856
4.53, 1329709
4.56, 1326172
4.58, 1325684
4.64, 1306452
4.72, 1294488
4.77, 1292587
4.77, 1287526
4.80, 1271850
4.94, 1268272
4.94, 1266474
5.16, 1262623
5.17, 1251101
5.30, 1243578
5.66, 1239159
5.77, 1234000
5.78, 1222694
6.02, 1221581
6.20, 1211230
6.20, 1208884
6.56, 1208408
6.87, 1200355
6.89, 1192818
7.05, 1188605
7.11, 1187227
7.50, 1180698
7.56, 1178498
7.76, 1177013
7.78, 1174347
7.80, 1171269
7.86, 1171085
8.25, 1153530
8.25, 1142617
8.28, 1135075
8.33, 1134305
8.39, 1132850
8.44, 1125341
8.67, 1123455
8.70, 1121519
8.73, 1121198
8.92, 1117257
9.11, 1113479
9.14, 1109921
9.22, 1104924
9.61, 1104377
9.98, 1103736
10.08, 1101936
10.12, 1101310
10.55, 1100361
10.70, 1082413
10.75, 1076545
10.97, 1075824
11.30, 1069061
11.39, 1066798
12.08, 1063616
12.64, 1063509
12.67, 1053336
12.72, 1045405
12.76, 1045146
12.97, 1043698
13.03, 1043110
13.36, 1030473
13.36, 1029390
13.47, 1028286
13.70, 1024055
13.86, 1021781
14.22, 1019069
14.26, 1015859
14.40, 1003406
14.62, 992994
14.64, 989909
14.78, 985820
14.83, 985818
14.97, 984735
15.28, 983501
16.29, 983495
16.65, 981795
16.68, 980858
16.76, 956652
18.01, 954618
18.22, 950380
18.28, 947554
18.48, 944456
18.64, 942890
20.40, 942826
20.56, 938975
20.75, 938885
21.39, 936210
22.76, 927204
23.81, 926647
23.93, 922739
25.73, 921733
26.60, 921337
28.13, 918068
29.54, 911656
30.27, 903390
30.62, 898732
30.71, 898625
35.59, 897022
35.87, 892340
37.70, 887430
41.48, 885742
45.15, 884143
46.54, 881642
46.91, 881388
47.52, 880503
51.57, 880190
54.52, 876812
55.89, 876016
57.71, 875385
58.74, 874936
62.25, 874100
65.45, 874098
69.84, 873134
