0.02, 5275922
0.05, 5109603
0.06, 5098826
0.06, 5078495
0.06, 4959609
0.08, 4931740
0.08, 4918436
0.11, 4902974
0.11, 4880648
0.11, 4879849
0.11, 4844105
0.13, 4829139
0.13, 4826506
0.13, 4808971
0.13, 4740567
0.13, 4725346
0.13, 4653419
0.13, 4647557
0.13, 4610144
0.13, 4586360
0.13, 4492377
0.14, 4489040
0.14, 4433672
0.14, 4426296
0.14, 4419861
0.16, 4336366
0.16, 4268734
0.16, 4257494
0.17, 4254252
0.17, 4247587
0.17, 4238251
0.17, 4225277
0.19, 4216979
0.19, 4206018
0.19, 4183665
0.20, 4154698
0.20, 4109052
0.20, 4104239
0.22, 4013648
0.22, 4000917
0.22, 3995499
0.22, 3975765
0.22, 3964329
0.23, 3950487
0.25, 3944623
0.25, 3831739
0.27, 3744603
0.27, 3724276
0.27, 3706166
0.27, 3696823
0.27, 3684511
0.27, 3679420
0.28, 3583636
0.28, 3550086
0.28, 3545150
0.28, 3518813
0.28, 3453812
0.30, 3389373
0.30, 3365006
0.30, 3350627
0.30, 3314452
0.31, 3273297
0.31, 3230481
0.31, 3192099
0.31, 3155961
0.31, 3155324
0.31, 3153949
0.33, 3124103
0.33, 3088226
0.33, 3071930
0.33, 3060497
0.34, 3043456
0.36, 3002595
0.38, 2993529
0.38, 2975260
0.38, 2969177
0.39, 2946876
0.42, 2907183
0.42, 2887758
0.42, 2843819
0.44, 2797878
0.44, 2780182
0.44, 2774585
0.47, 2772240
0.47, 2743697
0.47, 2698996
0.47, 2679585
0.48, 2631777
0.50, 2618380
0.52, 2610515
0.52, 2601076
0.52, 2591096
0.53, 2585484
0.55, 2572346
0.55, 2565555
0.56, 2552602
0.56, 2547981
0.56, 2530653
0.56, 2520131
0.56, 2504066
0.58, 2492155
0.59, 2490291
0.61, 2478367
0.61, 2473029
0.63, 2466358
0.64, 2455425
0.64, 2408475
0.66, 2379922
0.67, 2367477
0.69, 2328229
0.70, 2319992
0.70, 2303766
0.70, 2289068
0.72, 2270046
0.72, 2262412
0.73, 2259223
0.80, 2255898
0.81, 2235702
0.83, 2228648
0.91, 2214049
0.92, 2195998
0.94, 2191114
0.94, 2173654
0.95, 2169781
0.98, 2148888
1.00, 2146801
1.03, 2121482
1.03, 2120644
1.03, 2104063
1.03, 2087691
1.05, 2081560
1.05, 2064058
1.08, 2051603
1.09, 2051375
1.17, 2039789
1.23, 2035077
1.23, 2019324
1.25, 1989781
1.25, 1971323
1.25, 1960553
1.27, 1953982
1.27, 1932033
1.30, 1905884
1.30, 1900877
1.33, 1898239
1.41, 1870617
1.41, 1814295
1.44, 1784329
1.47, 1749958
1.47, 1748118
1.48, 1718868
1.50, 1712552
1.53, 1709139
1.62, 1705201
1.64, 1704213
1.64, 1700753
1.66, 1652692
1.66, 1637201
1.67, 1635785
1.81, 1616247
1.84, 1608298
1.87, 1607580
1.92, 1600153
1.98, 1583309
2.09, 1575699
2.22, 1568909
2.25, 1566113
2.27, 1563968
2.33, 1557229
2.33, 1554019
2.39, 1552262
2.50, 1541199
2.56, 1541077
2.56, 1540445
2.58, 1534670
2.62, 1531551
2.64, 1522681
2.75, 1521847
2.77, 1516795
2.83, 1513995
2.86, 1487366
2.87, 1478310
2.91, 1471183
2.98, 1468071
3.27, 1466901
3.28, 1464789
3.33, 1458025
3.34, 1450234
3.41, 1446354
3.61, 1405979
3.73, 1396556
3.80, 1371266
3.89, 1364570
3.98, 1349655
3.98, 1345944
4.05, 1345021
4.06, 1342194
4.37, 1342175
4.64, 1332429
4.83, 1332347
4.87, 1326046
4.98, 1324447
5.08, 1317428
5.11, 1307127
5.12, 1306717
5.34, 1303229
5.41, 1299176
5.44, 1299076
5.55, 1246834
5.55, 1246573
5.69, 1225787
5.76, 1225608
5.78, 1224280
5.81, 1213522
5.83, 1201646
6.00, 1196219
6.01, 1194658
6.28, 1191793
6.34, 1191136
6.45, 1184138
6.53, 1182810
6.62, 1181800
6.70, 1180602
7.31, 1165275
7.31, 1163874
7.53, 1161268
7.59, 1157353
7.64, 1147653
7.80, 1141152
7.81, 1140282
8.26, 1139475
8.30, 1139350
8.31, 1135820
8.42, 1129078
8.50, 1125565
8.90, 1092450
9.14, 1092007
9.20, 1089684
9.44, 1080464
9.48, 1080068
9.50, 1079660
9.70, 1076624
9.76, 1069793
9.95, 1063221
10.19, 1060817
10.34, 1052159
10.42, 1046386
10.47, 1045863
10.50, 1045005
10.62, 1043257
10.84, 1039335
10.92, 1030961
11.43, 1018745
11.72, 1015539
11.90, 1008824
11.95, 1005434
12.08, 1005394
12.15, 1002904
12.20, 1001967
12.56, 999368
13.14, 990332
13.26, 985271
13.47, 980673
13.64, 978592
13.78, 975252
14.32, 972276
15.51, 953957
15.95, 953057
16.59, 949581
18.32, 949473
19.01, 940806
19.29, 928289
19.84, 926459
20.03, 925997
20.18, 924402
21.98, 922881
22.70, 922835
23.64, 920984
26.82, 920939
29.07, 920572
30.46, 919697
30.59, 919306
30.60, 918150
31.65, 917487
32.32, 916467
40.76, 915618
46.54, 913425
50.13, 911957
58.39, 910859
102.82, 910797
104.15, 909642
