0.02, 5306778
0.02, 5249894
0.03, 5144352
0.03, 5141438
0.03, 5093883
0.03, 5079619
0.03, 4953698
0.03, 4912172
0.03, 4773283
0.03, 4683282
0.03, 4666557
0.03, 4661779
0.05, 4638040
0.05, 4543533
0.08, 4540039
0.08, 4524643
0.09, 4489362
0.09, 4454782
0.09, 4426764
0.09, 4403232
0.09, 4400134
0.09, 4394273
0.09, 4276601
0.11, 4267204
0.11, 4224088
0.13, 4223545
0.13, 4221273
0.14, 4212010
0.16, 4187524
0.19, 4154228
0.19, 4105953
0.19, 4080891
0.19, 4077914
0.19, 3938810
0.20, 3811397
0.24, 3754308
0.25, 3699081
0.25, 3589766
0.25, 3576984
0.25, 3566584
0.25, 3561302
0.25, 3536230
0.27, 3529040
0.27, 3512477
0.27, 3490444
0.27, 3430162
0.27, 3372764
0.27, 3357198
0.27, 3346197
0.27, 3313443
0.27, 3302491
0.27, 3223923
0.28, 3207197
0.30, 3188750
0.30, 3175533
0.31, 3174347
0.31, 3174144
0.33, 3129540
0.34, 3117803
0.36, 3094814
0.36, 3091988
0.38, 3090460
0.38, 3050034
0.39, 3041187
0.41, 3015701
0.42, 2997734
0.42, 2984924
0.44, 2971601
0.45, 2962352
0.45, 2893768
0.47, 2893720
0.49, 2826846
0.49, 2788978
0.49, 2769657
0.52, 2762568
0.52, 2759290
0.52, 2733858
0.52, 2717828
0.53, 2715093
0.53, 2697410
0.53, 2688901
0.55, 2671092
0.55, 2664043
0.55, 2647529
0.56, 2639272
0.56, 2610940
0.58, 2609328
0.59, 2608257
0.59, 2587146
0.61, 2584194
0.63, 2580940
0.64, 2570737
0.64, 2558207
0.67, 2515427
0.70, 2511302
0.70, 2496621
0.70, 2485142
0.74, 2454294
0.75, 2435664
0.75, 2426403
0.78, 2423694
0.78, 2409398
0.80, 2396688
0.81, 2332883
0.84, 2331908
0.84, 2315348
0.84, 2308096
0.86, 2300063
0.88, 2292626
0.94, 2289071
0.95, 2248556
0.97, 2239109
1.00, 2225182
1.02, 2225038
1.02, 2156867
1.03, 2139611
1.06, 2132488
1.13, 2129944
1.13, 2128159
1.13, 2104938
1.14, 2098337
1.14, 2081949
1.16, 2081748
1.17, 2074788
1.17, 2052424
1.19, 2042394
1.23, 1957825
1.25, 1950790
1.28, 1942265
1.28, 1922741
1.31, 1922523
1.34, 1917196
1.34, 1914549
1.41, 1914415
1.41, 1903905
1.42, 1889880
1.44, 1888992
1.50, 1886749
1.52, 1880240
1.52, 1874408
1.53, 1866563
1.61, 1866295
1.63, 1864063
1.63, 1849983
1.66, 1847433
1.69, 1842841
1.70, 1841981
1.72, 1840206
1.78, 1818192
1.83, 1809662
1.89, 1807302
1.92, 1807269
1.92, 1791689
1.94, 1770746
1.97, 1767252
1.97, 1763357
2.08, 1758928
2.09, 1756234
2.13, 1728660
2.13, 1727643
2.31, 1711154
2.31, 1702792
2.33, 1700891
2.39, 1689097
2.41, 1681507
2.45, 1677788
2.47, 1675651
2.58, 1673522
2.58, 1660268
2.64, 1654831
2.69, 1630846
2.77, 1630553
2.77, 1628707
2.78, 1613337
2.78, 1612473
2.80, 1608796
2.92, 1608741
2.92, 1579949
2.97, 1577006
3.08, 1562637
3.09, 1561727
3.22, 1554293
3.28, 1551084
3.33, 1546952
3.38, 1543692
3.69, 1541905
3.70, 1540863
3.72, 1527780
3.80, 1512922
3.83, 1506377
3.94, 1494859
3.95, 1494716
3.98, 1476616
4.03, 1476603
4.11, 1472649
4.39, 1471950
4.41, 1467387
4.52, 1465305
4.58, 1461654
4.70, 1460138
4.80, 1452945
4.80, 1452003
4.83, 1450887
4.91, 1448062
4.92, 1444436
5.16, 1437828
5.55, 1418760
5.56, 1411334
5.75, 1410496
6.48, 1403386
6.50, 1397180
7.20, 1396333
7.22, 1389632
7.23, 1385121
7.26, 1382559
7.30, 1380657
7.37, 1362903
7.59, 1362900
7.92, 1362892
8.05, 1350608
8.05, 1346848
8.39, 1334372
8.44, 1332005
8.50, 1330291
8.72, 1324207
8.72, 1319316
8.84, 1310781
8.91, 1303218
9.03, 1299722
9.15, 1298176
9.20, 1282727
9.23, 1276639
9.31, 1273902
9.58, 1267446
9.73, 1267253
10.12, 1263995
10.25, 1251215
10.40, 1249096
10.53, 1245932
11.31, 1229025
11.34, 1205503
11.64, 1201876
12.14, 1201115
12.17, 1200232
12.25, 1184101
12.62, 1182646
12.67, 1180833
13.19, 1173922
13.54, 1170796
13.89, 1170149
14.25, 1163092
14.28, 1159634
14.42, 1153644
14.51, 1145106
15.12, 1144374
15.23, 1143184
15.23, 1139502
15.45, 1138059
15.86, 1136460
15.95, 1135248
16.15, 1131500
17.47, 1130075
17.72, 1127465
17.90, 1124011
18.04, 1122996
18.07, 1118475
18.40, 1116990
19.32, 1114092
19.37, 1085984
19.48, 1084784
19.54, 1083028
19.64, 1081292
19.93, 1071537
20.28, 1071532
20.43, 1069596
20.53, 1066239
20.81, 1065383
21.18, 1059795
22.76, 1055604
23.20, 1054370
23.67, 1048050
23.87, 1042015
24.43, 1036922
25.31, 1034944
25.39, 1029309
25.71, 1017675
26.49, 1009361
26.74, 1005025
27.28, 1004056
27.45, 1004049
27.51, 1001615
28.56, 994162
30.09, 992559
30.13, 991921
30.73, 988952
31.90, 984164
33.81, 983473
36.59, 981010
40.71, 978974
41.30, 977195
43.49, 972864
43.72, 972421
46.22, 964851
47.38, 963074
49.16, 961583
49.71, 961241
50.13, 960139
51.07, 953934
51.58, 952826
51.88, 949989
56.33, 948131
58.46, 947654
58.63, 946607
60.16, 943564
63.35, 943525
64.53, 942155
66.31, 921929
67.02, 921461
69.08, 911154
69.41, 911122
69.63, 910565
70.56, 908323
72.08, 905625
79.01, 904031
79.53, 897552
83.59, 888395
87.43, 885689
87.76, 885262
88.18, 880374
91.03, 876424
96.18, 873988
101.46, 870610
101.84, 869814
103.10, 869365
115.30, 862131
118.24, 861498
