0.00, 186394
0.02, 178874
0.02, 176696
0.02, 174120
0.03, 169521
0.03, 167791
0.03, 166549
0.03, 164225
0.03, 147980
0.03, 147086
0.05, 142303
0.05, 139982
0.06, 139330
0.06, 138142
0.06, 137600
0.09, 134558
0.09, 133856
0.09, 131370
0.09, 130635
0.09, 127971
0.11, 120332
0.11, 118083
0.16, 118075
0.16, 114452
0.17, 113830
0.17, 107773
0.17, 107554
0.19, 107480
0.20, 106907
0.20, 105421
0.20, 103123
0.20, 101478
0.20, 101462
0.20, 101150
0.22, 99348
0.24, 99057
0.25, 98770
0.28, 97559
0.28, 95686
0.30, 95003
0.30, 94481
0.31, 92934
0.31, 91951
0.33, 91882
0.34, 91329
0.38, 91247
0.38, 91202
0.38, 91024
0.38, 90205
0.38, 88939
0.39, 88646
0.39, 88505
0.41, 87784
0.42, 87097
0.44, 87073
0.47, 86501
0.50, 85960
0.50, 85464
0.50, 84978
0.53, 84977
0.53, 83585
0.55, 83523
0.55, 83336
0.56, 82630
0.56, 82578
0.56, 82040
0.56, 80912
0.58, 80909
0.59, 80696
0.64, 80625
0.66, 80215
0.67, 80058
0.67, 79905
0.69, 79618
0.69, 78512
0.72, 77919
0.75, 76804
0.75, 76517
0.80, 76253
0.83, 75558
0.89, 74938
0.95, 73897
0.95, 73715
0.98, 72682
1.00, 71844
1.02, 71009
1.02, 70440
1.02, 69718
1.08, 68166
1.09, 68032
1.11, 68031
1.19, 67450
1.19, 67050
1.20, 66429
1.22, 66284
1.23, 65810
1.23, 65464
1.56, 65186
1.63, 64930
1.64, 64919
1.66, 64629
1.67, 64508
1.75, 64064
1.83, 63851
2.08, 63620
2.09, 63417
2.13, 63413
2.16, 63199
2.20, 63158
2.22, 62652
2.53, 62340
2.53, 62090
3.05, 61982
3.30, 61643
6.44, 61628
6.45, 60544
6.53, 59842
6.55, 59799
6.56, 59540
6.56, 59461
8.72, 59164
9.22, 58884
12.58, 58620
12.59, 58607
12.69, 58122
13.79, 58113
14.98, 57725
18.97, 57571
33.06, 56580
33.07, 55707
33.31, 54748
33.35, 54563
35.99, 54520
56.18, 54437
61.67, 54234
66.57, 54220
