0.00, 187532
0.02, 181039
0.02, 179645
0.02, 176868
0.02, 176730
0.02, 174067
0.03, 173915
0.03, 172097
0.03, 171980
0.03, 167897
0.03, 165476
0.03, 165389
0.05, 164600
0.05, 162113
0.05, 160788
0.05, 157332
0.05, 156546
0.05, 155583
0.06, 154533
0.06, 146401
0.06, 145003
0.08, 143370
0.08, 136087
0.08, 134207
0.09, 134025
0.09, 133717
0.11, 132487
0.11, 130965
0.11, 129597
0.11, 129516
0.11, 128365
0.11, 123967
0.13, 123896
0.13, 123533
0.13, 122263
0.13, 121906
0.14, 121733
0.14, 119632
0.14, 119099
0.16, 111734
0.16, 109842
0.20, 108506
0.22, 108236
0.22, 105401
0.23, 104926
0.23, 103044
0.25, 102158
0.25, 102076
0.27, 101960
0.27, 100699
0.30, 100199
0.31, 99547
0.34, 99252
0.38, 98968
0.39, 97041
0.39, 96140
0.39, 95271
0.39, 93118
0.39, 92757
0.41, 91769
0.42, 91669
0.44, 90781
0.45, 89915
0.45, 89746
0.45, 89419
0.47, 87923
0.48, 87792
0.50, 86191
0.52, 86184
0.55, 86071
0.56, 85980
0.56, 85954
0.56, 85911
0.58, 85196
0.59, 84232
0.59, 83659
0.59, 83008
0.62, 82995
0.62, 81954
0.64, 81560
0.67, 81427
0.67, 81113
0.69, 80476
0.70, 79706
0.73, 79477
0.75, 79426
0.75, 78846
0.78, 77017
0.80, 77011
0.80, 76898
0.80, 76550
0.87, 75128
0.87, 75067
0.87, 74957
0.89, 74804
0.92, 74690
0.95, 74261
0.97, 74256
0.98, 74186
1.00, 73332
1.03, 72853
1.08, 72829
1.12, 72194
1.14, 71645
1.17, 70591
1.44, 70504
1.44, 69453
1.47, 69150
1.52, 68872
1.55, 68143
1.56, 67872
1.61, 66659
1.86, 66199
1.87, 66197
1.87, 65276
2.02, 65085
2.05, 64487
2.69, 64455
2.70, 64315
2.78, 64021
2.78, 63532
2.87, 63418
2.92, 63009
2.97, 62963
2.98, 62931
3.00, 62837
3.02, 62697
3.14, 62638
3.47, 62484
3.51, 62389
3.56, 61878
3.61, 61425
4.16, 61218
4.23, 60623
4.51, 59656
5.64, 59626
7.09, 59485
7.98, 59046
8.25, 58756
8.48, 58741
8.69, 58413
9.81, 57334
10.83, 57102
12.12, 56997
69.51, 56164
