0.00, 191854
0.02, 162136
0.03, 161492
0.03, 153055
0.03, 146488
0.03, 144088
0.05, 143253
0.05, 141652
0.05, 140143
0.05, 139876
0.05, 135786
0.05, 134635
0.05, 132964
0.06, 132735
0.06, 126286
0.06, 126275
0.08, 125811
0.08, 122946
0.08, 122908
0.11, 118661
0.11, 117916
0.11, 117269
0.14, 115873
0.14, 115088
0.14, 114289
0.16, 112780
0.16, 112156
0.17, 111606
0.17, 108682
0.23, 106795
0.23, 104949
0.25, 104526
0.25, 103152
0.25, 103063
0.28, 103051
0.28, 102037
0.28, 101794
0.30, 101067
0.30, 99132
0.31, 97439
0.31, 96291
0.31, 96113
0.33, 95898
0.33, 94922
0.33, 94643
0.34, 94414
0.34, 92330
0.34, 92272
0.36, 91828
0.36, 88651
0.38, 88009
0.38, 86908
0.41, 86017
0.42, 86011
0.42, 85950
0.45, 85312
0.48, 85253
0.48, 84467
0.50, 83114
0.50, 82490
0.50, 82230
0.52, 81022
0.56, 80716
0.59, 80378
0.61, 78300
0.63, 78019
0.70, 77651
0.72, 77543
0.77, 77470
0.83, 77458
0.84, 77295
0.86, 77146
0.91, 77145
1.00, 77121
1.03, 77050
1.11, 77042
1.14, 76885
1.19, 76788
1.25, 76244
1.27, 76229
1.27, 75793
1.27, 75349
1.28, 75344
1.28, 75075
1.30, 74894
1.30, 74817
1.30, 74772
1.33, 73806
1.36, 72969
1.38, 72550
1.45, 72213
1.61, 71638
1.62, 71344
1.78, 70911
1.80, 70417
1.83, 69916
2.27, 69218
2.36, 69095
2.45, 68638
2.47, 68620
2.50, 67856
2.52, 67787
2.55, 67523
2.58, 67306
2.59, 67267
2.75, 67029
2.75, 66665
2.77, 65123
2.78, 65121
2.80, 64815
3.02, 64711
3.06, 64621
3.08, 63614
3.16, 63434
3.30, 63335
3.34, 63278
3.36, 62886
3.62, 62417
4.20, 62221
5.35, 62164
5.99, 62035
7.46, 61897
7.62, 60528
8.04, 60438
8.57, 60381
8.66, 60242
8.91, 60089
9.99, 59975
12.55, 59887
17.99, 59865
18.25, 59760
18.30, 59562
18.33, 59164
18.33, 58797
18.94, 58478
18.97, 58324
19.00, 58009
19.07, 57474
19.19, 57426
33.78, 56334
34.38, 56278
34.98, 56088
34.98, 55948
37.27, 55628
45.63, 55588
52.39, 55586
52.85, 55016
52.86, 54895
63.08, 54695
72.35, 54360
89.99, 54284
