0.00, 191809
0.02, 188223
0.02, 163235
0.03, 162524
0.03, 159129
0.03, 154266
0.03, 154232
0.03, 153850
0.05, 149775
0.06, 149308
0.06, 148050
0.06, 143656
0.08, 143392
0.08, 138339
0.09, 137827
0.09, 136191
0.11, 131640
0.11, 129650
0.13, 129376
0.14, 128029
0.14, 125920
0.14, 125702
0.14, 125595
0.16, 125232
0.16, 124442
0.16, 122855
0.17, 120116
0.17, 118047
0.17, 117382
0.19, 117374
0.20, 116270
0.23, 116241
0.25, 115801
0.25, 114109
0.25, 109685
0.25, 108253
0.27, 107673
0.27, 106770
0.27, 105916
0.27, 105796
0.27, 105531
0.28, 104798
0.28, 103042
0.28, 102147
0.28, 102036
0.28, 102022
0.28, 100294
0.31, 99999
0.31, 99480
0.33, 98398
0.33, 98333
0.34, 97959
0.34, 96598
0.36, 95982
0.36, 94499
0.38, 94264
0.38, 93713
0.38, 92823
0.39, 92715
0.39, 90508
0.42, 89702
0.44, 89257
0.45, 85506
0.48, 85466
0.53, 85434
0.53, 84164
0.56, 84155
0.61, 83765
0.63, 83403
0.64, 82994
0.66, 82920
0.66, 82706
0.67, 82407
0.70, 82362
0.73, 82346
0.75, 82321
0.75, 82236
0.80, 81222
0.81, 80969
0.81, 80857
0.83, 80795
0.88, 79606
0.92, 79134
1.00, 78970
1.06, 78768
1.11, 78195
1.11, 76802
1.11, 75444
1.13, 74582
1.17, 74500
1.25, 74452
1.59, 73937
1.59, 73920
1.69, 73901
1.72, 73718
1.73, 73038
1.83, 71998
1.89, 71522
1.94, 71381
2.03, 70683
2.05, 70643
2.06, 70533
2.06, 70460
2.08, 69691
2.22, 69613
2.25, 69329
2.30, 69293
2.31, 68955
2.36, 68835
2.50, 67300
2.52, 67212
2.55, 67058
2.56, 66929
2.56, 66900
2.58, 66851
2.62, 65947
2.62, 64925
2.64, 64614
2.83, 63550
3.09, 62740
3.28, 62669
3.33, 62382
3.50, 61886
3.80, 61401
3.81, 60906
3.94, 60629
3.97, 60605
4.09, 60180
4.11, 59931
4.16, 59709
4.19, 58906
5.41, 58885
5.56, 58617
5.66, 58419
6.92, 58387
6.95, 58240
8.05, 58016
8.08, 57976
8.08, 57783
8.09, 57272
8.25, 57204
8.25, 56990
8.30, 56987
8.56, 56619
9.24, 56586
10.12, 55747
10.62, 55633
10.99, 55472
11.54, 55282
13.29, 55132
13.29, 55031
30.77, 54994
106.98, 54977
107.25, 54687
