0.00, 193039
0.02, 182247
0.02, 180211
0.02, 177799
0.02, 177515
0.03, 177280
0.03, 175565
0.03, 173558
0.03, 171489
0.03, 169339
0.03, 168417
0.03, 168394
0.05, 151692
0.05, 149365
0.05, 145153
0.05, 145144
0.05, 144516
0.06, 142640
0.06, 141208
0.06, 138613
0.08, 138513
0.08, 136644
0.08, 134759
0.09, 134056
0.09, 132828
0.09, 132808
0.11, 130772
0.11, 129701
0.13, 129659
0.13, 129310
0.14, 120771
0.14, 118923
0.17, 117869
0.17, 117169
0.17, 116596
0.19, 115925
0.19, 114641
0.20, 114572
0.20, 111356
0.22, 110889
0.22, 110816
0.24, 110694
0.25, 108585
0.25, 106944
0.25, 106446
0.31, 106025
0.31, 105888
0.31, 105882
0.31, 102692
0.33, 101056
0.34, 98645
0.38, 98577
0.38, 97575
0.39, 90292
0.45, 90113
0.47, 90075
0.49, 90002
0.52, 89687
0.55, 89532
0.56, 89295
0.58, 88836
0.59, 87632
0.63, 86423
0.63, 82124
0.63, 81775
0.64, 80122
0.64, 80040
0.66, 79914
0.66, 79623
0.67, 78311
0.67, 78235
0.69, 77996
0.69, 77966
0.69, 77905
0.70, 77642
0.72, 77423
0.72, 76210
0.73, 76163
0.78, 76048
0.84, 75895
0.89, 75868
0.92, 75532
0.92, 75467
0.94, 75193
0.97, 74315
1.31, 74212
1.42, 73493
1.42, 72471
1.52, 72132
1.52, 71872
1.56, 71390
1.59, 71211
1.59, 70961
1.61, 70014
1.63, 69800
1.95, 69627
2.17, 69519
2.17, 69461
2.53, 69184
2.56, 69074
2.57, 68951
2.64, 68479
2.81, 68301
2.93, 68062
3.06, 67956
3.28, 67757
3.31, 67703
3.39, 67688
3.43, 66686
3.45, 65849
3.48, 65099
3.64, 65053
3.75, 64990
3.85, 64443
4.04, 64402
4.59, 63712
4.65, 63602
4.68, 63184
5.09, 62737
5.14, 60786
5.18, 60679
5.20, 60136
5.29, 59641
5.35, 59259
5.40, 59149
7.01, 59100
7.03, 58857
7.09, 58771
7.18, 58705
7.32, 58612
7.37, 58284
7.38, 58266
7.42, 58222
7.46, 58062
7.48, 57955
7.51, 57737
7.56, 57264
7.59, 57161
7.65, 56829
8.24, 56211
8.65, 56063
10.65, 55545
10.92, 55345
12.40, 55238
13.15, 54943
14.76, 54206
15.76, 54197
16.43, 54178
19.69, 53770
50.02, 53706
