0.02, 191252
0.02, 178584
0.02, 171021
0.02, 170347
0.03, 169366
0.05, 169297
0.05, 166402
0.05, 165242
0.05, 163843
0.05, 158423
0.05, 151299
0.06, 148415
0.06, 148316
0.06, 145901
0.06, 143950
0.06, 143416
0.06, 142379
0.08, 142007
0.08, 140426
0.09, 133301
0.09, 132039
0.09, 131427
0.09, 126343
0.09, 125756
0.11, 124014
0.11, 123945
0.13, 122038
0.13, 121620
0.14, 120644
0.16, 119886
0.16, 118177
0.17, 116704
0.17, 115900
0.17, 115705
0.19, 115490
0.19, 111299
0.19, 111294
0.19, 107811
0.20, 106674
0.20, 106186
0.20, 104398
0.20, 103491
0.22, 103045
0.24, 101824
0.24, 101107
0.25, 101029
0.25, 100382
0.25, 99755
0.27, 98942
0.30, 97644
0.30, 95963
0.39, 95744
0.39, 95194
0.41, 95076
0.41, 95015
0.41, 94893
0.41, 94077
0.41, 94059
0.44, 93781
0.44, 93605
0.45, 93171
0.52, 91703
0.52, 90718
0.53, 90704
0.53, 89436
0.53, 88245
0.55, 88153
0.56, 88056
0.56, 87187
0.58, 86639
0.58, 84927
0.58, 84772
0.58, 83950
0.59, 83509
0.61, 83320
0.64, 82558
0.66, 81204
0.67, 81149
0.69, 80948
0.69, 80438
0.69, 80249
0.72, 80182
0.72, 79192
0.72, 77974
0.72, 77599
0.75, 76594
0.75, 76258
0.80, 75989
0.88, 75900
0.88, 75772
0.89, 75677
1.61, 74919
1.63, 74591
1.70, 74542
1.89, 74476
1.94, 74207
1.98, 74165
2.00, 72274
2.17, 72110
2.17, 72021
2.23, 71227
2.28, 71180
2.33, 70283
2.47, 70056
2.66, 69719
2.67, 68962
3.39, 68239
3.86, 68212
4.05, 67757
4.06, 66734
4.09, 66524
4.12, 66364
4.61, 65736
5.69, 65581
9.19, 65526
9.28, 64784
9.36, 64356
9.45, 64273
9.59, 64055
10.55, 64027
10.61, 63620
10.67, 63612
10.90, 63452
10.97, 63406
10.97, 63385
11.06, 63023
11.15, 62877
11.70, 62801
12.19, 62783
12.22, 62608
12.22, 62415
12.25, 62090
12.26, 62039
12.28, 61772
15.23, 61629
16.46, 61627
17.08, 61554
17.77, 61472
19.18, 61380
19.89, 61146
19.91, 60856
20.66, 60771
20.71, 60589
20.88, 59098
21.88, 58794
22.50, 58287
22.53, 58285
23.06, 57424
23.52, 56695
23.66, 56420
23.67, 55889
23.88, 55693
26.55, 55514
26.77, 55441
39.11, 54845
39.19, 54836
43.28, 54712
43.29, 54548
46.96, 54365
46.96, 54336
46.97, 53903
51.94, 53797
52.89, 53613
60.78, 53451
79.68, 53285
79.72, 53256
