0.02, 188917
0.02, 172742
0.02, 169879
0.03, 166878
0.03, 164127
0.03, 162627
0.03, 161835
0.05, 159104
0.05, 158578
0.05, 156219
0.05, 144451
0.06, 144390
0.06, 144208
0.08, 137008
0.08, 135880
0.08, 135836
0.09, 135625
0.09, 134564
0.11, 134372
0.11, 132768
0.11, 129226
0.11, 126886
0.11, 124801
0.13, 124584
0.14, 124225
0.16, 121913
0.19, 120904
0.19, 120706
0.19, 120099
0.20, 119666
0.20, 118349
0.20, 117818
0.22, 117710
0.22, 114245
0.24, 113495
0.25, 113011
0.25, 112731
0.28, 112514
0.28, 111842
0.28, 108783
0.30, 108623
0.30, 108445
0.31, 108180
0.31, 108133
0.33, 107694
0.33, 107251
0.34, 106465
0.34, 105971
0.34, 105819
0.36, 105257
0.36, 104030
0.36, 103554
0.38, 103402
0.39, 103397
0.41, 101993
0.42, 101970
0.42, 101700
0.42, 98992
0.42, 98982
0.42, 97215
0.45, 97054
0.47, 96474
0.47, 94666
0.49, 94337
0.49, 91807
0.49, 90934
0.50, 88838
0.50, 88819
0.50, 88115
0.53, 87373
0.55, 87026
0.58, 84561
0.59, 84426
0.64, 84009
0.67, 83604
0.72, 82182
0.72, 81112
0.75, 76547
0.81, 76474
0.81, 76460
0.83, 75941
0.88, 75680
0.88, 75162
0.99, 74455
1.00, 73175
1.03, 72821
1.11, 72729
1.11, 72203
1.13, 71612
1.13, 70349
1.14, 70314
1.57, 70060
1.71, 69837
1.85, 68924
2.49, 68886
3.23, 68179
3.51, 68088
3.62, 67209
4.41, 67059
4.43, 66422
4.49, 65841
4.51, 65809
4.54, 65470
4.87, 65377
5.84, 64981
5.93, 64970
6.12, 64361
6.21, 64200
6.24, 64010
7.73, 63965
8.85, 63444
9.43, 63395
9.62, 63281
11.62, 63244
12.93, 63138
15.72, 61720
15.85, 61173
15.94, 60734
16.69, 60642
16.74, 59515
17.44, 58729
18.49, 58533
19.39, 58391
20.02, 58326
20.11, 58262
20.18, 58167
21.35, 57956
21.35, 57711
21.68, 57130
21.83, 56990
23.19, 56180
23.38, 55837
24.03, 55776
43.83, 55696
53.38, 55442
98.18, 55308
