0.00, 168470
0.02, 166368
0.03, 165810
0.03, 163229
0.03, 163105
0.03, 161968
0.05, 154822
0.05, 147607
0.05, 146151
0.06, 141385
0.06, 141320
0.08, 140531
0.08, 140157
0.08, 139563
0.09, 137774
0.09, 136594
0.11, 136178
0.13, 135920
0.13, 135398
0.13, 133897
0.13, 133492
0.14, 129159
0.14, 128755
0.14, 127495
0.16, 127321
0.17, 127230
0.17, 127153
0.17, 127028
0.17, 125253
0.17, 122224
0.19, 120598
0.19, 120503
0.19, 120063
0.19, 119182
0.20, 118533
0.20, 117661
0.20, 116703
0.22, 115068
0.22, 113757
0.22, 113335
0.22, 113094
0.22, 112014
0.22, 111480
0.22, 106775
0.24, 105394
0.24, 105272
0.25, 101393
0.28, 100893
0.28, 100348
0.30, 99370
0.30, 98497
0.30, 97635
0.30, 96977
0.30, 93882
0.31, 93038
0.34, 92612
0.34, 89765
0.34, 89054
0.36, 88001
0.36, 87715
0.38, 87232
0.39, 86911
0.49, 86876
0.53, 84991
0.55, 84353
0.56, 84094
0.64, 83590
0.64, 83095
0.64, 82961
0.66, 82706
0.66, 82028
0.69, 81341
0.69, 80635
0.69, 80628
0.70, 80168
0.70, 79937
0.72, 79206
0.72, 78330
0.75, 78273
0.78, 78231
0.80, 75970
0.83, 75482
0.83, 75398
0.84, 74642
0.84, 74208
0.91, 73969
1.13, 73297
1.47, 73202
1.55, 71877
1.61, 71611
1.75, 71313
2.06, 70439
2.39, 69693
2.61, 69204
3.09, 68438
3.27, 68315
3.31, 68191
3.34, 68051
3.64, 67038
3.67, 66860
3.69, 66342
4.08, 66285
4.27, 65988
4.37, 65967
4.44, 65938
6.31, 65824
6.37, 65716
6.47, 65696
6.56, 65624
6.61, 65099
6.66, 65028
6.89, 65008
6.91, 64836
7.30, 64833
7.34, 64794
7.36, 64455
7.45, 64409
7.47, 63470
7.55, 63107
7.56, 63000
8.14, 62880
8.87, 61941
8.94, 61940
11.44, 61833
11.50, 61704
12.61, 61004
12.95, 60930
13.39, 60902
14.25, 60486
14.68, 60344
15.76, 60205
16.90, 60195
18.48, 60002
18.50, 59475
18.53, 59457
22.95, 59082
23.04, 58836
23.57, 58465
23.59, 58014
23.62, 57979
27.84, 57851
27.87, 57822
28.62, 57785
28.63, 57639
28.88, 57360
29.12, 57276
29.51, 57231
30.41, 56510
30.59, 55789
31.02, 55565
31.63, 55474
31.82, 54952
32.60, 54384
34.82, 54089
35.41, 54047
35.54, 54010
35.91, 53423
37.51, 53265
39.10, 52943
42.54, 52860
54.39, 52847
54.51, 52657
85.17, 52643
