0.00, 193487
0.02, 188664
0.03, 186700
0.03, 185850
0.03, 180258
0.03, 177665
0.03, 168366
0.03, 162500
0.05, 160373
0.05, 158356
0.05, 152191
0.05, 144169
0.08, 143130
0.08, 140532
0.08, 139557
0.08, 137554
0.09, 134211
0.09, 132323
0.09, 130304
0.09, 128479
0.11, 128010
0.13, 127986
0.14, 127389
0.14, 125274
0.14, 124557
0.14, 123038
0.14, 121981
0.16, 120761
0.16, 118410
0.17, 116969
0.19, 116306
0.19, 113367
0.19, 113143
0.19, 112533
0.20, 112130
0.22, 111827
0.23, 111427
0.23, 110525
0.25, 110348
0.25, 109416
0.25, 109169
0.27, 107397
0.27, 107191
0.27, 107054
0.27, 104892
0.28, 104739
0.30, 104710
0.30, 104070
0.30, 103549
0.31, 103196
0.33, 102602
0.34, 102268
0.34, 101674
0.34, 100443
0.36, 100242
0.39, 96682
0.41, 96587
0.42, 95677
0.42, 94636
0.47, 94307
0.48, 93842
0.50, 91607
0.50, 90949
0.53, 90876
0.56, 90341
0.58, 90232
0.59, 89531
0.59, 89384
0.72, 88960
0.73, 88087
0.91, 87206
0.92, 86835
0.92, 86207
0.94, 86050
0.95, 85966
0.97, 84488
0.97, 84164
1.03, 82047
1.05, 81948
1.06, 80591
1.09, 80325
1.09, 79424
1.11, 78605
1.26, 77407
1.37, 77341
1.39, 77299
1.40, 77028
1.48, 76578
1.48, 76371
1.48, 75860
1.54, 75230
1.93, 74993
1.96, 74962
2.01, 73859
2.04, 71688
2.20, 71547
2.21, 71213
2.21, 71142
2.23, 70982
2.24, 70943
2.24, 70822
2.26, 70759
2.29, 70181
2.29, 70117
2.29, 69965
2.32, 69167
2.32, 68923
2.34, 68735
2.40, 68706
2.42, 68267
2.46, 67836
2.53, 67340
2.74, 66650
2.81, 66563
2.81, 65671
2.82, 64794
2.82, 64341
2.82, 64243
2.93, 63852
2.93, 63848
2.95, 63652
3.29, 63389
3.34, 63281
3.37, 62804
3.45, 62687
3.59, 62614
3.67, 62455
3.87, 62412
4.01, 61935
4.06, 61791
4.09, 61502
4.23, 61443
4.29, 60681
5.46, 60156
7.13, 60107
9.46, 60090
9.88, 59517
9.95, 59123
9.95, 58712
10.07, 58083
10.59, 57422
10.63, 57367
10.66, 57109
10.95, 57074
13.68, 56856
14.16, 56778
14.23, 56382
23.66, 56193
23.68, 55404
41.15, 55324
43.79, 55240
48.69, 55156
