0.02, 170230
0.02, 169678
0.03, 161547
0.03, 161463
0.03, 160764
0.03, 157672
0.05, 152759
0.05, 149722
0.06, 149364
0.06, 148761
0.08, 147421
0.09, 145925
0.09, 145590
0.09, 141653
0.09, 141528
0.09, 141038
0.11, 139544
0.13, 137592
0.13, 136006
0.13, 134693
0.13, 134178
0.14, 132657
0.14, 127370
0.14, 126443
0.14, 126378
0.16, 125141
0.16, 124851
0.17, 124445
0.17, 123991
0.17, 121702
0.17, 121182
0.19, 119035
0.19, 118649
0.19, 115823
0.19, 114634
0.19, 113442
0.20, 112918
0.20, 111538
0.22, 110029
0.22, 108738
0.22, 107670
0.22, 107629
0.22, 107169
0.22, 105564
0.22, 105151
0.22, 103824
0.23, 103068
0.25, 101111
0.27, 100555
0.27, 100193
0.28, 99797
0.30, 99017
0.31, 97993
0.34, 97760
0.36, 97339
0.38, 94753
0.39, 94705
0.41, 94688
0.42, 94154
0.42, 94112
0.42, 93645
0.47, 93633
0.47, 91607
0.47, 90512
0.47, 89459
0.47, 88741
0.50, 87589
0.52, 87369
0.56, 87258
0.59, 86916
0.61, 86780
0.61, 86141
0.61, 85677
0.62, 85576
0.62, 85131
0.62, 84759
0.78, 82319
0.87, 82290
0.97, 81963
0.97, 81560
1.00, 81460
1.14, 81230
1.16, 78839
1.19, 76871
1.19, 75923
1.25, 75607
1.25, 75340
1.27, 75029
1.27, 73641
1.33, 73355
1.36, 72735
1.41, 72731
1.50, 72190
1.53, 71969
1.56, 71093
1.75, 70477
1.78, 70231
1.80, 70203
1.81, 70143
1.81, 67948
1.91, 66301
2.00, 66282
2.05, 65913
2.11, 65687
2.33, 65206
2.39, 65166
2.39, 65124
2.41, 65011
2.56, 65006
3.69, 64969
3.78, 64333
3.80, 64186
3.89, 64074
4.34, 62743
4.44, 62493
4.58, 62462
5.12, 62338
5.14, 62125
5.90, 62086
6.01, 61949
6.65, 61845
6.84, 61564
6.88, 61424
6.93, 58335
7.24, 58307
8.13, 58306
8.15, 58116
8.54, 57882
8.59, 57841
10.63, 57589
12.54, 57394
14.80, 57052
15.01, 56991
15.04, 56423
16.30, 56269
18.05, 56196
21.46, 56185
21.47, 56178
22.11, 56121
31.44, 56098
31.44, 56063
31.55, 56028
31.86, 55325
37.76, 55251
