0.01, 186998
0.02, 184475
0.02, 177780
0.02, 177452
0.03, 170941
0.03, 170729
0.04, 170115
0.04, 169304
0.04, 169165
0.04, 168777
0.04, 160984
0.05, 154043
0.05, 153636
0.05, 150453
0.05, 147608
0.05, 147247
0.05, 147230
0.06, 143230
0.06, 142323
0.07, 139317
0.07, 137506
0.07, 137074
0.09, 136257
0.09, 134062
0.10, 133772
0.10, 133765
0.10, 132651
0.10, 130283
0.11, 128691
0.11, 128507
0.12, 128020
0.12, 127569
0.12, 124919
0.14, 124733
0.14, 124573
0.15, 123384
0.17, 122799
0.17, 121372
0.19, 121194
0.19, 120995
0.19, 119737
0.20, 118965
0.20, 117128
0.21, 116384
0.21, 114204
0.21, 109401
0.21, 106885
0.22, 106691
0.22, 104968
0.22, 104817
0.23, 104345
0.23, 103407
0.23, 98726
0.24, 97972
0.26, 97117
0.27, 95891
0.28, 95357
0.28, 95171
0.29, 94692
0.29, 94118
0.30, 94058
0.32, 93475
0.32, 91964
0.38, 91532
0.39, 91507
0.42, 90593
0.43, 90450
0.46, 89647
0.47, 88790
0.48, 88744
0.48, 88654
0.48, 88319
0.50, 87641
0.52, 86399
0.53, 86206
0.53, 86157
0.56, 85465
0.64, 84966
0.65, 84301
0.65, 81660
0.68, 81437
0.71, 81351
0.77, 80522
0.81, 80506
0.83, 78893
0.83, 78820
0.88, 77995
1.01, 77891
1.03, 77705
1.05, 76416
1.06, 75714
1.07, 75414
1.07, 75247
1.08, 74601
1.10, 74217
1.10, 73587
1.11, 73341
1.14, 73197
1.15, 72922
1.20, 72054
1.31, 71712
1.32, 71261
1.49, 70763
1.50, 70663
1.50, 69078
1.52, 69051
1.58, 68356
1.66, 68217
1.66, 68113
1.73, 67982
1.74, 67963
1.75, 66894
1.85, 66804
1.85, 66514
3.03, 66222
3.13, 65976
3.28, 65453
3.28, 64199
3.51, 63336
3.67, 62981
4.49, 62590
4.51, 61855
4.52, 61691
4.56, 61645
4.75, 61158
4.75, 61110
4.96, 60926
7.49, 60799
7.74, 60576
7.75, 59430
9.90, 59048
9.92, 58622
10.08, 58574
10.26, 58192
10.41, 58062
10.42, 57597
11.01, 57531
11.04, 57242
11.13, 57102
11.42, 56995
11.98, 56631
12.00, 56555
12.31, 56526
12.69, 56175
12.80, 56000
13.23, 55522
13.86, 54930
13.88, 54784
30.30, 53867
33.12, 53825
33.17, 53788
