0.00, 182429
0.02, 179626
0.02, 171737
0.02, 168324
0.02, 160745
0.02, 157147
0.03, 155819
0.03, 147259
0.03, 146006
0.03, 143128
0.03, 142192
0.05, 141916
0.05, 141227
0.05, 138293
0.06, 137245
0.06, 134976
0.06, 132403
0.09, 131913
0.09, 130046
0.11, 128090
0.11, 127103
0.13, 126649
0.13, 125938
0.13, 125478
0.13, 122467
0.14, 120547
0.14, 120540
0.17, 119608
0.19, 119563
0.19, 118617
0.19, 118359
0.23, 117638
0.23, 116053
0.23, 115707
0.25, 115350
0.25, 115217
0.27, 114943
0.28, 113565
0.30, 112896
0.30, 112629
0.30, 111966
0.31, 111647
0.31, 110516
0.34, 110222
0.36, 110091
0.38, 109855
0.38, 107648
0.41, 105585
0.42, 105572
0.44, 105202
0.45, 104972
0.47, 104916
0.47, 103810
0.47, 103583
0.48, 103369
0.48, 101031
0.50, 100304
0.50, 98776
0.52, 97858
0.52, 97320
0.55, 96492
0.56, 96433
0.66, 96227
0.66, 95279
0.73, 93171
0.78, 92421
0.81, 91086
0.84, 90893
0.89, 90806
0.91, 89428
0.92, 85089
0.92, 84987
0.94, 83598
0.98, 83390
1.02, 83322
1.05, 82671
1.06, 82553
1.09, 82137
1.11, 81541
1.13, 80512
1.13, 79113
1.19, 78400
1.20, 78010
1.22, 77978
1.23, 77760
1.30, 77255
1.31, 77222
1.31, 76578
1.34, 76414
1.36, 74405
1.39, 73755
1.39, 73697
1.39, 73248
1.41, 73031
1.41, 72824
1.41, 72258
1.42, 71019
1.44, 70474
1.52, 70352
1.52, 69705
1.52, 69384
1.53, 69357
1.55, 69064
1.72, 69011
1.73, 68459
1.78, 68047
1.84, 67582
1.91, 67484
2.09, 66767
2.47, 66428
3.14, 65790
3.20, 65504
3.31, 65125
3.34, 65013
3.36, 64466
3.45, 64083
3.52, 63846
3.56, 63535
3.56, 63326
3.62, 63316
3.62, 63195
3.69, 62578
3.92, 62271
3.95, 62186
4.02, 61953
4.28, 61947
4.36, 60824
4.81, 60811
5.12, 60154
5.16, 59995
5.36, 59732
5.37, 59040
5.39, 58772
8.76, 58263
9.19, 58080
11.19, 57725
11.76, 57495
11.83, 57322
13.14, 57027
13.19, 56881
15.26, 56866
15.87, 56811
17.93, 56545
32.13, 56540
34.01, 56503
36.40, 56427
52.97, 56396
58.79, 56344
60.29, 56324
68.45, 56022
68.46, 55983
68.76, 55796
71.46, 55297
104.16, 55240
104.38, 55218
104.62, 55197
107.45, 55179
107.55, 55101
107.78, 54705
113.28, 54684
113.34, 54649
113.52, 54227
