0.00, 190656
0.02, 186783
0.02, 184482
0.02, 184067
0.02, 184044
0.02, 172234
0.03, 170768
0.03, 169300
0.03, 167093
0.03, 166352
0.03, 163755
0.03, 156734
0.05, 152821
0.05, 152138
0.05, 151952
0.05, 149446
0.06, 147510
0.06, 145015
0.08, 142551
0.08, 141857
0.08, 139202
0.08, 139016
0.09, 135585
0.09, 134602
0.09, 132661
0.11, 129599
0.13, 129398
0.13, 128095
0.14, 126845
0.14, 125608
0.16, 125544
0.17, 124550
0.17, 124142
0.19, 123207
0.19, 122933
0.20, 119480
0.20, 118743
0.20, 118442
0.20, 117272
0.23, 115939
0.23, 113835
0.25, 112350
0.25, 104798
0.25, 102844
0.28, 102630
0.28, 102616
0.28, 102464
0.30, 102263
0.31, 102081
0.31, 100949
0.34, 99264
0.36, 97452
0.38, 96928
0.39, 96179
0.39, 96050
0.39, 95306
0.53, 94950
0.58, 93931
0.58, 93662
0.59, 93370
0.59, 92299
0.59, 90836
0.59, 90545
0.59, 90455
0.61, 89579
0.61, 89239
0.63, 88910
0.63, 88568
0.64, 88322
0.64, 87624
0.67, 87128
0.69, 86829
0.69, 84280
0.69, 84069
0.70, 83433
0.70, 83198
0.73, 82557
0.75, 82121
0.77, 81950
0.78, 81927
0.78, 81381
0.78, 80944
0.81, 80880
0.84, 79305
0.86, 79200
0.94, 78628
0.94, 78606
0.94, 78599
0.95, 77734
0.95, 77444
0.97, 77331
1.02, 77278
1.02, 76466
1.03, 76381
1.19, 76234
1.23, 76165
1.27, 75236
1.34, 74731
1.36, 74120
1.38, 73200
1.39, 71818
1.41, 70860
1.47, 70645
1.47, 69818
1.47, 69467
1.55, 68959
1.58, 68614
1.81, 68070
1.89, 67702
1.92, 67591
1.98, 66908
2.09, 66490
2.11, 66421
2.19, 66225
2.20, 66217
2.23, 66182
2.27, 64948
2.36, 64551
3.03, 64470
3.28, 63841
3.86, 63526
4.73, 63484
5.02, 63447
5.78, 63253
5.92, 62602
6.33, 61883
6.36, 61140
6.94, 60489
7.01, 60264
7.51, 59630
7.61, 58656
7.72, 58375
7.80, 57978
8.17, 57950
9.09, 57523
10.65, 57471
10.69, 57455
10.72, 57026
12.83, 56813
14.29, 56404
16.44, 56328
19.95, 56170
19.95, 55829
20.00, 55803
24.42, 55765
24.47, 55565
24.47, 55492
24.66, 55337
24.83, 55091
26.23, 55089
26.62, 55056
26.67, 54901
29.83, 54870
29.98, 54440
30.01, 54293
64.67, 53958
95.65, 53815
102.75, 53742
