0.00, 177460
0.02, 174094
0.02, 172602
0.02, 170040
0.02, 167894
0.03, 162536
0.03, 159964
0.03, 155859
0.03, 152867
0.05, 151857
0.05, 151727
0.05, 149607
0.05, 149370
0.05, 147708
0.06, 145248
0.08, 143319
0.08, 143071
0.08, 140859
0.08, 140466
0.09, 137453
0.10, 136002
0.12, 129285
0.12, 127666
0.12, 125905
0.13, 125342
0.15, 125289
0.16, 124530
0.16, 124441
0.18, 122565
0.18, 121559
0.18, 119515
0.19, 118507
0.19, 117613
0.19, 117370
0.19, 116645
0.19, 114918
0.21, 114798
0.21, 114415
0.21, 112582
0.21, 111759
0.21, 110584
0.23, 110336
0.24, 109848
0.24, 108349
0.24, 108129
0.26, 108039
0.26, 107519
0.27, 106846
0.29, 106664
0.30, 105380
0.30, 105317
0.30, 104696
0.30, 103596
0.33, 101613
0.33, 101497
0.35, 100866
0.37, 100549
0.37, 99388
0.40, 99378
0.40, 98696
0.41, 98601
0.41, 98567
0.43, 97567
0.43, 96550
0.46, 94040
0.48, 93920
0.51, 93502
0.51, 92657
0.52, 89055
0.54, 88255
0.54, 88231
0.55, 88048
0.55, 87553
0.55, 86779
0.57, 85897
0.60, 84720
0.62, 84605
0.62, 84575
0.68, 83908
0.69, 83791
0.69, 83024
0.71, 82777
0.74, 82120
0.77, 81176
0.79, 80313
0.83, 80023
0.85, 79466
0.87, 79367
0.87, 78821
0.96, 78726
0.98, 78672
0.99, 77706
1.01, 77252
1.01, 77104
1.02, 76503
1.05, 75141
1.05, 74882
1.05, 74344
1.07, 72722
1.07, 72654
1.08, 71955
1.13, 71332
1.19, 70857
1.19, 70634
1.44, 70127
1.47, 69576
1.52, 69343
1.57, 69333
1.63, 69207
1.69, 69103
1.74, 68816
1.77, 68064
1.80, 67986
1.80, 67442
1.99, 66702
2.59, 65834
2.79, 65595
3.50, 65507
3.53, 65212
3.59, 65183
4.14, 65043
4.15, 64135
4.24, 63688
4.25, 63300
4.34, 63045
4.36, 62601
5.12, 62385
5.42, 62061
5.47, 61980
5.47, 61519
5.48, 61360
6.36, 61334
7.00, 61285
7.31, 61200
7.33, 60450
7.34, 60204
7.41, 60007
7.48, 59717
7.91, 59670
7.92, 59574
7.92, 59430
8.16, 59196
8.27, 58600
8.59, 58583
8.63, 58447
8.67, 58254
8.72, 58127
8.84, 57731
9.64, 57187
9.96, 56759
10.76, 56418
11.89, 56017
11.90, 55956
14.56, 55850
15.74, 55559
15.77, 55189
16.79, 55147
31.44, 55143
32.93, 54835
33.01, 54800
34.89, 54763
49.25, 54741
49.27, 54304
49.58, 54291
63.70, 54111
64.06, 53987
65.29, 53703
65.32, 53582
70.32, 53447
70.62, 53286
70.79, 53096
