0.02, 187545
0.03, 185969
0.03, 181492
0.03, 173420
0.03, 166138
0.03, 161652
0.03, 159379
0.05, 158544
0.05, 153766
0.05, 153670
0.05, 148121
0.06, 145454
0.06, 144921
0.08, 142868
0.11, 142803
0.11, 141658
0.13, 137825
0.13, 135501
0.13, 135230
0.13, 132617
0.14, 129839
0.14, 128093
0.14, 126526
0.14, 123912
0.14, 122586
0.14, 121431
0.16, 120550
0.16, 116520
0.16, 116458
0.16, 113886
0.16, 113650
0.17, 111430
0.17, 110104
0.17, 109038
0.17, 107942
0.17, 107559
0.17, 107479
0.19, 105760
0.19, 104537
0.24, 104448
0.24, 104166
0.24, 104078
0.25, 102987
0.25, 102244
0.27, 101572
0.28, 101201
0.30, 101038
0.30, 98674
0.31, 98091
0.31, 96581
0.31, 96542
0.31, 96491
0.33, 95051
0.36, 94972
0.36, 94249
0.38, 93683
0.38, 93510
0.38, 92211
0.39, 92179
0.39, 91737
0.39, 90261
0.41, 89672
0.44, 89392
0.45, 88810
0.45, 88576
0.45, 87663
0.49, 87051
0.49, 86935
0.52, 86729
0.52, 86632
0.52, 86172
0.55, 85696
0.56, 85412
0.63, 84435
0.74, 84309
0.81, 82754
0.81, 82413
0.83, 82235
0.84, 81681
0.86, 81240
1.30, 81203
1.31, 80919
1.31, 80916
1.41, 79736
1.42, 79690
1.42, 79392
1.45, 78821
1.52, 78786
1.73, 78253
1.77, 78217
1.80, 77893
1.81, 73780
1.88, 73293
1.89, 72997
1.91, 71439
1.92, 70155
1.97, 69824
2.02, 69661
2.05, 69540
2.08, 69087
2.19, 69086
2.20, 68221
2.31, 68197
2.45, 67523
2.45, 66624
2.55, 66542
2.62, 66481
2.63, 66345
2.65, 65698
2.66, 65057
2.73, 65051
2.73, 64963
2.84, 64903
3.05, 64623
3.32, 64173
3.37, 64065
3.41, 63973
5.13, 63828
6.43, 63716
6.48, 63208
6.80, 63146
7.54, 61912
8.02, 61651
8.12, 61649
9.12, 61253
9.90, 61123
9.94, 61062
10.08, 60837
10.16, 60521
10.16, 60087
10.40, 59519
10.44, 58559
10.44, 58012
10.77, 57891
17.89, 57006
18.32, 56965
18.82, 56309
21.36, 56226
21.71, 56061
23.41, 55261
24.16, 54797
24.16, 54787
31.81, 54566
32.41, 54460
34.77, 54368
104.54, 54339
