0.02, 190234
0.02, 176682
0.03, 174279
0.03, 164479
0.03, 163755
0.03, 162473
0.03, 161371
0.03, 156919
0.03, 154310
0.03, 153853
0.03, 147690
0.05, 140418
0.05, 139399
0.05, 137808
0.05, 135645
0.05, 135429
0.06, 134076
0.06, 131497
0.06, 130798
0.08, 129979
0.09, 129562
0.09, 128400
0.09, 128050
0.09, 125286
0.09, 124845
0.11, 120225
0.11, 114570
0.12, 114233
0.14, 114078
0.14, 113102
0.14, 111593
0.14, 110232
0.16, 109601
0.16, 108570
0.17, 108046
0.20, 107791
0.20, 107718
0.22, 107509
0.22, 107458
0.22, 107302
0.22, 106077
0.25, 105852
0.27, 105787
0.27, 104294
0.27, 104141
0.28, 103317
0.28, 102920
0.31, 102855
0.31, 99957
0.31, 96747
0.31, 95379
0.36, 95058
0.37, 94977
0.39, 94695
0.39, 94128
0.39, 92887
0.39, 92663
0.41, 92627
0.44, 91682
0.45, 89659
0.47, 89642
0.50, 88172
0.52, 87885
0.53, 87728
0.56, 87516
0.56, 86521
0.62, 85382
0.62, 85007
0.64, 84824
0.67, 84631
0.75, 84152
0.75, 82966
0.78, 82635
0.78, 82578
0.80, 81911
0.84, 81148
0.84, 80929
0.87, 79683
0.97, 79490
0.97, 79427
0.97, 79302
1.00, 79186
1.05, 78234
1.06, 77229
1.16, 76651
1.19, 76022
1.37, 75800
1.37, 75772
1.37, 75556
1.37, 74866
1.39, 74202
1.41, 73100
1.44, 72837
1.45, 72579
1.47, 72397
1.48, 72358
1.59, 72315
1.64, 72296
1.64, 71513
1.66, 71504
1.66, 71339
1.75, 71244
1.77, 70654
1.77, 70289
1.83, 69832
1.95, 69292
1.97, 68993
2.02, 68918
2.14, 68789
2.17, 68521
2.19, 68175
2.19, 67833
2.20, 67507
2.22, 66943
2.27, 66886
2.34, 66467
2.37, 65879
2.39, 65515
2.61, 65414
2.78, 64097
2.86, 64018
3.12, 63844
3.23, 63777
4.05, 62946
4.28, 62893
4.55, 62861
4.56, 62491
4.75, 62021
4.83, 61901
4.84, 61019
4.87, 61015
5.28, 60998
5.42, 60905
5.45, 60897
5.51, 60608
5.61, 60562
5.69, 60212
6.20, 59811
6.30, 59784
6.31, 59331
6.36, 59231
7.31, 59136
8.25, 59121
8.31, 58819
9.34, 58753
12.37, 58048
12.70, 58011
12.78, 58006
13.15, 57999
14.64, 56885
15.53, 56323
16.54, 56259
16.79, 56134
34.69, 56061
35.50, 56051
35.50, 55861
35.69, 55800
39.24, 55669
39.75, 55483
55.07, 55435
63.11, 55237
64.54, 54513
64.60, 54406
64.99, 53993
67.88, 53980
67.93, 53790
90.32, 53776
