0.02, 185372
0.02, 177648
0.03, 174060
0.03, 172402
0.03, 167465
0.03, 166937
0.03, 160343
0.03, 159127
0.05, 154471
0.05, 148576
0.05, 147543
0.06, 144315
0.06, 141882
0.06, 140156
0.06, 139826
0.06, 134453
0.06, 134094
0.09, 132473
0.09, 131936
0.11, 131921
0.13, 131882
0.14, 131424
0.14, 126593
0.14, 126437
0.14, 126091
0.16, 124020
0.17, 123854
0.19, 123674
0.19, 122925
0.19, 119988
0.20, 119674
0.20, 118930
0.20, 116334
0.20, 114427
0.22, 113287
0.22, 112377
0.22, 111534
0.23, 110084
0.23, 108342
0.30, 107314
0.31, 106987
0.31, 106347
0.31, 105676
0.31, 105674
0.31, 101496
0.34, 99949
0.34, 99110
0.36, 97034
0.39, 95927
0.41, 95486
0.44, 94612
0.45, 94263
0.45, 92965
0.47, 91128
0.47, 91041
0.48, 90700
0.52, 90531
0.58, 89895
0.58, 89785
0.61, 89677
0.62, 88627
0.64, 85613
0.64, 84372
0.66, 83949
0.66, 83887
0.67, 83324
0.67, 81783
0.67, 81644
0.77, 80860
0.84, 79648
0.86, 79221
0.94, 78857
1.05, 78495
1.05, 77832
1.06, 77708
1.44, 77611
1.44, 77563
1.45, 77283
1.48, 77033
1.59, 76541
1.61, 75673
1.62, 74572
1.66, 74428
1.72, 74337
1.73, 74181
1.92, 74030
1.95, 73824
1.97, 73247
2.02, 72703
2.03, 72232
2.06, 72212
2.09, 71660
2.14, 71648
2.50, 71313
2.53, 68987
2.61, 68739
2.66, 68282
2.77, 68262
3.31, 67916
3.31, 67908
3.31, 67422
3.50, 67168
3.61, 67067
3.62, 66939
4.51, 66897
4.72, 65938
4.76, 65885
4.78, 65695
4.98, 65653
5.31, 65296
5.55, 64711
5.64, 64264
5.65, 64236
5.75, 64161
5.84, 64111
5.86, 63879
5.87, 63729
5.89, 63725
6.28, 63443
6.31, 62884
6.56, 61087
6.62, 60875
6.70, 59972
7.14, 59740
8.48, 59720
8.69, 59353
9.15, 59283
10.54, 58801
10.61, 58721
10.64, 58369
10.64, 58275
10.76, 57337
11.37, 56783
15.67, 56583
16.90, 56570
23.66, 56565
27.44, 56540
31.56, 56506
32.09, 56458
32.09, 56423
32.09, 56053
32.11, 55991
32.26, 55667
32.62, 55545
32.75, 55499
33.81, 55380
38.48, 55375
38.64, 55101
47.85, 55037
