0.02, 193615
0.02, 191203
0.02, 190101
0.03, 183777
0.03, 182390
0.03, 181206
0.03, 177035
0.03, 176805
0.03, 176328
0.05, 166918
0.05, 163228
0.05, 162631
0.05, 161572
0.05, 161186
0.05, 157024
0.06, 156509
0.06, 154727
0.06, 153880
0.06, 151302
0.08, 150560
0.08, 149326
0.08, 146081
0.09, 143599
0.09, 140724
0.09, 139257
0.09, 138749
0.12, 133997
0.12, 133403
0.12, 131560
0.14, 128978
0.14, 127131
0.14, 127116
0.14, 124267
0.16, 124050
0.19, 121942
0.20, 119414
0.22, 118968
0.25, 118247
0.25, 117873
0.27, 116906
0.28, 114788
0.30, 114434
0.31, 112598
0.31, 111282
0.33, 110729
0.33, 110604
0.34, 110526
0.36, 109383
0.36, 107781
0.36, 106998
0.37, 104624
0.39, 104057
0.41, 103663
0.41, 103603
0.42, 103068
0.42, 102875
0.45, 102342
0.45, 102190
0.50, 101700
0.50, 101306
0.52, 99252
0.52, 97061
0.53, 96662
0.55, 96079
0.56, 95734
0.56, 93339
0.56, 92361
0.58, 92343
0.59, 92181
0.61, 91859
0.61, 91512
0.61, 91255
0.62, 90258
0.62, 87013
0.62, 86505
0.64, 85705
0.64, 85417
0.64, 85286
0.64, 85139
0.66, 83183
0.66, 83020
0.67, 81420
0.69, 80801
0.81, 79734
0.83, 78975
0.86, 78966
0.97, 78558
1.06, 78154
1.09, 77065
1.16, 76382
1.17, 76152
1.19, 76119
1.20, 76059
1.22, 75560
1.23, 74656
1.33, 74510
1.34, 74389
1.48, 74141
1.48, 74040
1.52, 74011
1.52, 73818
1.56, 72909
1.56, 72267
1.69, 72202
1.78, 72170
1.87, 71706
2.05, 71253
2.42, 71008
2.61, 70172
2.62, 69734
2.62, 69671
2.66, 69481
2.70, 69432
2.70, 69075
2.72, 68911
2.73, 68426
2.73, 67296
2.76, 65132
2.78, 64886
2.78, 64392
2.81, 64006
2.89, 62740
2.94, 62428
3.44, 62094
3.53, 61746
5.01, 61665
5.10, 60753
6.82, 60642
6.82, 60395
6.94, 60355
6.99, 59624
7.04, 58903
7.04, 57581
7.90, 57502
8.10, 57451
8.93, 56968
8.94, 56657
14.86, 56127
16.04, 55614
16.07, 55060
17.58, 54860
17.89, 54579
17.99, 54413
18.25, 54325
25.03, 54161
71.94, 54081
