0.00, 186939
0.02, 185936
0.02, 185342
0.02, 182107
0.02, 176833
0.02, 175661
0.02, 173434
0.03, 169576
0.03, 167826
0.03, 164763
0.03, 162428
0.05, 159672
0.05, 158592
0.05, 154045
0.05, 150236
0.05, 148973
0.06, 145171
0.06, 143905
0.06, 140844
0.06, 139826
0.08, 135600
0.08, 134796
0.08, 134619
0.09, 130858
0.09, 130168
0.11, 128058
0.11, 127883
0.11, 126475
0.13, 126255
0.14, 122911
0.14, 120642
0.14, 116877
0.14, 115402
0.16, 112933
0.16, 112844
0.16, 111580
0.16, 110772
0.16, 109851
0.17, 107514
0.17, 106548
0.19, 106375
0.20, 105561
0.22, 105226
0.22, 105128
0.22, 103806
0.23, 102838
0.23, 98306
0.27, 97731
0.27, 97308
0.28, 96567
0.30, 96220
0.31, 96078
0.31, 93849
0.31, 93633
0.34, 93420
0.34, 93335
0.38, 93069
0.39, 91782
0.39, 91715
0.42, 91542
0.44, 91339
0.44, 90307
0.44, 87734
0.47, 87584
0.48, 86650
0.52, 86559
0.52, 86416
0.55, 86324
0.55, 85159
0.61, 85048
0.67, 84771
0.69, 84764
0.75, 84470
0.78, 84108
0.80, 83873
0.80, 83456
0.80, 83095
0.81, 83003
0.81, 82985
0.81, 82823
0.84, 82760
0.84, 82707
0.84, 81501
0.86, 81209
0.88, 81128
0.91, 80333
0.91, 80008
0.94, 79719
0.95, 79542
1.03, 79378
1.11, 78719
1.11, 78231
1.13, 78229
1.20, 76707
1.41, 75752
1.42, 75551
1.44, 75358
1.45, 74784
1.45, 73707
1.48, 73567
1.50, 73512
1.50, 73068
1.56, 71541
1.84, 70458
1.86, 70440
1.86, 70109
1.98, 69661
1.98, 67749
2.00, 66731
2.01, 65959
2.11, 65852
2.12, 65215
2.14, 64768
2.23, 64740
2.25, 64598
2.26, 64523
2.33, 64491
2.33, 64016
2.34, 63893
2.39, 63835
2.45, 63487
2.67, 63173
2.72, 63066
3.09, 62773
3.11, 61943
3.22, 61642
3.59, 61446
3.81, 61021
4.47, 60933
4.77, 60889
4.78, 60635
4.79, 59828
4.81, 57878
4.81, 56703
4.90, 56592
4.92, 56153
5.20, 56123
5.25, 55566
5.45, 55518
6.26, 55364
6.42, 55195
13.00, 55122
13.56, 54905
13.62, 54705
23.35, 54641
