0.02, 191506
0.02, 187021
0.03, 179347
0.03, 176738
0.03, 176170
0.03, 175871
0.03, 170940
0.05, 159422
0.05, 155966
0.05, 154537
0.05, 152124
0.05, 147219
0.05, 145938
0.05, 140703
0.06, 139768
0.06, 137743
0.06, 135968
0.06, 125076
0.06, 124753
0.08, 124603
0.08, 123279
0.08, 122687
0.09, 121547
0.09, 119918
0.09, 119184
0.11, 118668
0.13, 116461
0.14, 115130
0.16, 111501
0.16, 111302
0.17, 111185
0.17, 108313
0.17, 107414
0.17, 106292
0.20, 106123
0.22, 105825
0.25, 105767
0.25, 105705
0.25, 105270
0.25, 104751
0.25, 104381
0.27, 103570
0.27, 102856
0.27, 101871
0.28, 101621
0.28, 101012
0.28, 100682
0.30, 100258
0.33, 99907
0.34, 99100
0.34, 94246
0.34, 93710
0.34, 90239
0.34, 89455
0.36, 87435
0.38, 87427
0.38, 86405
0.38, 85615
0.42, 85180
0.42, 84561
0.42, 83283
0.44, 83276
0.45, 83153
0.45, 81065
0.47, 79940
0.55, 79468
0.55, 77461
0.56, 77389
0.59, 77191
0.59, 76858
0.63, 75668
0.67, 75624
0.69, 75573
0.69, 75421
0.69, 74527
0.70, 74250
0.70, 74249
0.72, 73663
0.73, 72981
0.75, 72835
0.75, 72551
0.77, 72535
0.77, 70757
0.78, 70540
0.78, 68794
0.81, 68643
0.81, 68397
0.83, 67970
0.86, 67945
0.89, 67460
1.14, 67448
1.17, 67425
1.20, 66985
1.23, 66381
1.23, 66180
1.25, 65661
1.28, 65090
1.31, 65035
1.38, 64372
1.41, 63796
1.50, 63331
1.67, 62942
1.73, 62679
1.77, 62619
1.81, 61876
1.81, 61714
2.02, 61275
2.28, 61195
2.50, 61088
2.56, 61040
2.73, 60716
2.78, 60665
3.55, 60538
3.94, 60422
4.17, 60252
4.19, 60179
4.25, 59929
4.61, 59905
4.61, 58974
4.62, 58663
4.66, 57934
4.81, 57761
4.83, 57726
4.83, 57542
5.00, 57495
5.05, 57353
5.28, 57280
5.30, 57062
6.03, 56985
6.12, 56978
6.28, 56634
6.56, 56630
6.86, 56492
7.78, 56424
8.09, 56360
9.05, 56022
9.05, 55540
9.17, 55402
9.80, 55330
