0.02, 164070
0.05, 161030
0.05, 159450
0.05, 155674
0.05, 154108
0.05, 151629
0.05, 150859
0.06, 148439
0.06, 146149
0.06, 143913
0.08, 141763
0.08, 141414
0.10, 137113
0.11, 136636
0.13, 136490
0.13, 135920
0.14, 135780
0.14, 135043
0.14, 133319
0.16, 131447
0.16, 131365
0.16, 129026
0.16, 128195
0.16, 126203
0.18, 124322
0.18, 124081
0.18, 122685
0.19, 121482
0.19, 121451
0.19, 120863
0.21, 118510
0.21, 117397
0.22, 117396
0.22, 114641
0.22, 113909
0.24, 113736
0.25, 113423
0.25, 112778
0.25, 112154
0.27, 111896
0.27, 110947
0.29, 110398
0.29, 109149
0.29, 108252
0.30, 101780
0.30, 100663
0.33, 99965
0.36, 99761
0.36, 99468
0.38, 99316
0.43, 98551
0.43, 94108
0.43, 93335
0.43, 92823
0.43, 92138
0.44, 91685
0.44, 90156
0.44, 89722
0.46, 89286
0.46, 88982
0.46, 88436
0.47, 86713
0.47, 85773
0.49, 85488
0.50, 84345
0.50, 84095
0.54, 84060
0.57, 83429
0.58, 83360
0.60, 82568
0.61, 82077
0.63, 81136
0.63, 80883
0.64, 80840
0.64, 80279
0.68, 80208
0.68, 78456
0.68, 77651
0.69, 77453
0.69, 76386
0.69, 76156
0.69, 76065
0.71, 75426
0.74, 75211
0.75, 74700
0.82, 74608
0.83, 73699
0.83, 73612
0.85, 72974
0.86, 72759
0.88, 72600
0.89, 72245
0.91, 71622
0.94, 71527
0.94, 70819
1.13, 69965
1.16, 69733
1.24, 69393
1.25, 69104
1.27, 68945
1.39, 68519
1.39, 67926
1.47, 67731
1.49, 67073
1.50, 66233
1.50, 66232
1.57, 66031
1.64, 63471
1.85, 63273
1.91, 63268
1.91, 63018
1.94, 62999
2.28, 62957
2.36, 62803
3.10, 62730
3.22, 62439
3.57, 62258
3.71, 60430
3.72, 60119
4.14, 60110
6.19, 59851
6.36, 59274
6.39, 58947
6.41, 58444
6.44, 58046
8.99, 57478
11.24, 57130
12.47, 56773
12.83, 56385
12.86, 55824
12.97, 55739
12.97, 55141
14.19, 55010
14.38, 54362
14.97, 54256
15.00, 54230
31.36, 53638
46.74, 53574
78.13, 53510
