0.02, 188125
0.02, 183329
0.02, 177910
0.03, 172866
0.03, 169854
0.03, 169820
0.03, 164467
0.03, 162645
0.05, 153502
0.05, 153004
0.05, 148124
0.05, 146308
0.05, 144530
0.05, 142399
0.05, 140966
0.05, 139666
0.06, 133939
0.06, 132713
0.06, 130357
0.08, 126863
0.08, 126352
0.09, 122040
0.11, 120894
0.11, 120660
0.11, 120415
0.13, 120245
0.13, 119312
0.16, 119273
0.23, 118752
0.23, 114362
0.25, 111484
0.27, 111243
0.27, 110504
0.27, 108221
0.27, 107640
0.27, 103480
0.28, 103453
0.28, 102319
0.28, 101149
0.28, 100958
0.28, 99479
0.30, 99473
0.31, 98606
0.31, 97578
0.31, 95979
0.33, 95903
0.33, 95819
0.33, 95167
0.33, 95042
0.33, 94887
0.34, 91383
0.36, 90301
0.36, 90249
0.36, 89405
0.38, 88474
0.39, 88286
0.41, 87367
0.42, 86778
0.42, 86736
0.42, 86250
0.42, 85738
0.44, 85306
0.44, 85175
0.44, 83970
0.45, 82967
0.45, 82119
0.47, 81003
0.48, 80330
0.59, 79678
0.61, 79114
0.63, 78667
0.64, 78528
0.64, 78382
0.66, 77847
0.67, 77399
0.75, 77264
0.77, 77253
0.78, 74892
0.78, 74767
0.81, 73935
0.81, 73660
1.02, 72964
1.03, 70730
1.23, 70076
1.44, 69780
1.50, 69244
1.58, 69147
1.58, 69080
1.62, 68902
1.62, 68596
1.69, 67163
1.72, 67153
1.73, 66933
1.73, 66890
1.87, 66434
1.97, 66402
1.97, 65680
1.98, 65511
2.02, 64268
2.05, 63688
2.11, 62158
2.66, 61936
2.78, 61753
2.78, 61569
2.80, 61351
2.81, 61228
2.86, 60878
3.08, 60740
3.09, 59929
3.14, 59754
3.22, 58697
3.28, 58484
3.28, 58026
3.44, 57954
3.48, 57783
3.48, 57617
3.50, 57396
3.69, 57362
3.73, 56721
3.73, 56579
5.70, 56416
6.05, 56336
6.95, 56237
7.97, 56136
8.65, 56034
8.92, 56014
8.97, 56006
9.00, 56004
9.12, 55918
10.70, 55768
10.72, 55511
10.76, 55358
11.19, 55298
12.62, 55192
13.34, 55150
14.27, 55130
14.96, 55093
18.14, 55064
50.28, 55035
