0.01, 184152
0.02, 182298
0.03, 179720
0.03, 172435
0.03, 169042
0.03, 161313
0.04, 158136
0.04, 156570
0.05, 155084
0.05, 151460
0.05, 151095
0.06, 147381
0.06, 145404
0.06, 145216
0.08, 144553
0.08, 143581
0.09, 139371
0.10, 139006
0.12, 137072
0.12, 136869
0.12, 136651
0.13, 136149
0.13, 136147
0.14, 135397
0.15, 135203
0.15, 134278
0.16, 133429
0.16, 133427
0.16, 129988
0.17, 129553
0.18, 129035
0.18, 127007
0.19, 124476
0.19, 121626
0.19, 121019
0.20, 120604
0.20, 120148
0.21, 120048
0.22, 115922
0.22, 115884
0.22, 115109
0.23, 112738
0.23, 112731
0.24, 109486
0.24, 109311
0.25, 109154
0.25, 107970
0.26, 107899
0.27, 106897
0.27, 106895
0.28, 106014
0.28, 104540
0.30, 103866
0.30, 103456
0.31, 103230
0.34, 103067
0.35, 101657
0.38, 100578
0.40, 99806
0.41, 99080
0.42, 98934
0.42, 98862
0.42, 97832
0.44, 97532
0.44, 96214
0.44, 93849
0.45, 93570
0.47, 92652
0.48, 91348
0.48, 88116
0.49, 87807
0.49, 86925
0.51, 86104
0.51, 86043
0.51, 85962
0.54, 85957
0.56, 85878
0.58, 82995
0.59, 82891
0.60, 79626
0.61, 79583
0.63, 78262
0.64, 78024
0.66, 77939
0.67, 77361
0.70, 77060
0.74, 76928
0.78, 75173
1.00, 74921
1.03, 74075
1.03, 73581
1.04, 73189
1.04, 73101
1.05, 72599
1.12, 72116
1.22, 72060
1.44, 71023
1.47, 70996
1.51, 70766
1.60, 70255
1.70, 68902
1.76, 68873
1.77, 68189
1.77, 67284
1.79, 66750
2.02, 65954
2.11, 64087
2.20, 63380
2.37, 63304
3.04, 63235
3.22, 62987
3.80, 62962
3.97, 62066
4.00, 62037
4.03, 61997
5.05, 61961
5.05, 61867
5.23, 61502
5.24, 61092
5.30, 60429
5.47, 60088
6.03, 59886
6.36, 59871
6.45, 59731
8.07, 59227
8.12, 59072
8.46, 58647
8.74, 58541
9.50, 58440
11.13, 58032
12.03, 58030
17.60, 58013
30.44, 58004
31.61, 57884
31.61, 57594
31.69, 57472
32.53, 57412
32.62, 57117
34.22, 56935
34.24, 56792
34.27, 56535
34.29, 56395
36.46, 56093
37.84, 56056
39.55, 55980
39.71, 55977
