0.00, 196611
0.02, 185878
0.02, 185323
0.02, 177367
0.02, 167892
0.03, 166104
0.03, 164578
0.03, 156645
0.05, 154036
0.06, 153301
0.06, 150622
0.06, 142086
0.06, 141728
0.06, 140727
0.08, 136619
0.08, 135887
0.11, 134194
0.11, 132608
0.11, 129870
0.13, 129105
0.13, 125899
0.13, 125829
0.13, 125499
0.13, 125143
0.13, 123675
0.13, 119993
0.13, 119681
0.14, 119644
0.19, 119185
0.19, 119031
0.20, 118298
0.20, 116844
0.20, 115088
0.23, 112771
0.23, 111152
0.25, 110059
0.25, 109792
0.25, 108516
0.27, 105520
0.27, 104763
0.28, 103541
0.28, 101615
0.30, 101247
0.31, 98458
0.33, 98453
0.33, 98204
0.34, 98108
0.34, 97571
0.34, 95822
0.36, 95235
0.38, 94637
0.38, 93482
0.40, 93220
0.42, 92500
0.42, 92450
0.48, 92373
0.48, 92165
0.50, 92153
0.50, 91645
0.51, 91644
0.51, 91473
0.53, 90920
0.54, 90468
0.54, 90237
0.56, 89248
0.56, 89161
0.59, 88738
0.61, 86843
0.65, 86773
0.70, 85960
0.76, 85440
0.79, 84578
0.81, 84504
0.82, 83810
0.86, 83809
0.86, 83769
0.89, 83630
0.90, 83063
0.92, 80807
0.93, 80112
0.93, 79565
0.93, 79521
0.93, 79283
0.95, 76739
0.95, 75787
0.96, 75443
0.98, 75311
1.04, 75074
1.06, 73987
1.07, 73792
1.09, 73746
1.11, 73665
1.12, 73112
1.12, 72211
1.20, 70640
1.21, 70135
1.21, 69604
1.28, 69532
1.56, 69140
1.56, 67756
1.68, 67724
1.96, 67401
2.28, 67012
2.56, 66776
2.70, 66773
2.81, 66708
2.82, 66475
2.84, 66385
2.90, 65190
3.09, 64574
3.25, 63988
3.53, 63978
3.54, 62967
3.56, 62876
3.64, 62846
3.67, 62715
3.98, 62626
4.54, 61999
4.57, 61316
4.64, 61149
4.65, 60873
4.67, 60782
4.67, 60715
4.90, 60686
4.92, 60638
5.43, 60130
5.51, 60010
7.49, 59638
8.23, 59504
8.46, 59430
8.53, 58984
8.84, 58975
9.85, 58897
9.90, 58842
10.29, 58763
10.56, 58308
11.29, 57915
11.46, 57831
11.87, 57644
12.42, 57177
12.45, 56465
12.46, 56460
16.55, 56035
17.38, 55836
17.45, 55333
18.07, 55330
24.29, 55328
76.34, 55254
