0.02, 184700
0.02, 175640
0.03, 174419
0.03, 168627
0.03, 164597
0.03, 157641
0.03, 153115
0.03, 152269
0.03, 148880
0.03, 145883
0.05, 145657
0.05, 145333
0.05, 144099
0.05, 142997
0.05, 142213
0.06, 136505
0.08, 134402
0.09, 133622
0.09, 133610
0.11, 133172
0.11, 131251
0.13, 127549
0.13, 126612
0.13, 125031
0.13, 122461
0.16, 122166
0.17, 120587
0.19, 116577
0.19, 114646
0.19, 114199
0.20, 112800
0.20, 112571
0.20, 111093
0.20, 110733
0.22, 108924
0.23, 108804
0.25, 108079
0.25, 108055
0.27, 106432
0.28, 105961
0.30, 105419
0.33, 104203
0.34, 103989
0.36, 103118
0.39, 101943
0.39, 97532
0.41, 97481
0.41, 96555
0.41, 95988
0.42, 94375
0.45, 94054
0.45, 93484
0.47, 93091
0.50, 91467
0.52, 91152
0.52, 90210
0.55, 90200
0.58, 89061
0.70, 88734
0.70, 87204
0.72, 86984
0.73, 86875
0.78, 86746
0.78, 86688
0.78, 85760
0.80, 85505
0.81, 85371
0.86, 84200
0.89, 83894
0.89, 82172
0.91, 82063
0.92, 81919
0.92, 81762
0.92, 81698
0.92, 81326
0.92, 80704
0.97, 80600
0.98, 80420
0.98, 78484
1.02, 77706
1.03, 77267
1.05, 76089
1.06, 76044
1.08, 75827
1.16, 74438
1.20, 73852
1.30, 73553
1.31, 73422
1.33, 73329
1.42, 72977
1.47, 72441
1.50, 72434
1.52, 71063
1.58, 70722
1.63, 70675
1.63, 70128
1.64, 69257
1.64, 68892
1.64, 68861
1.72, 68551
1.86, 67953
1.89, 67808
2.06, 67668
2.36, 67268
2.38, 66509
2.39, 66294
2.42, 66199
2.69, 65775
2.83, 65551
2.83, 65530
3.30, 65206
3.37, 64779
3.73, 64659
3.92, 63583
3.95, 63377
4.02, 63268
4.02, 63250
4.03, 63137
4.08, 62677
4.25, 62611
4.78, 62385
4.86, 62117
4.94, 62085
5.09, 62048
5.14, 61545
5.51, 61212
5.89, 60469
6.33, 60412
6.98, 60154
11.22, 60043
12.98, 59439
13.48, 59204
13.87, 58633
14.81, 58370
17.37, 58294
22.34, 57282
38.87, 57163
39.91, 57158
41.19, 56884
46.24, 56567
46.46, 56350
49.27, 55893
49.96, 55105
50.24, 54960
51.33, 54894
85.26, 54669
85.84, 54495
87.00, 54381
89.79, 54046
101.66, 54041
