0.00, 195987
0.02, 190157
0.03, 187961
0.03, 182333
0.03, 176607
0.03, 172254
0.03, 170207
0.03, 166447
0.03, 165051
0.03, 164316
0.03, 162997
0.03, 161603
0.05, 160267
0.05, 159647
0.05, 157243
0.05, 156795
0.05, 154986
0.05, 154226
0.11, 153801
0.11, 152262
0.13, 148228
0.13, 148223
0.13, 146733
0.13, 144534
0.13, 143207
0.14, 138573
0.16, 135031
0.16, 132348
0.16, 129786
0.16, 128986
0.19, 128184
0.19, 127453
0.20, 126645
0.22, 125839
0.24, 125141
0.24, 122926
0.24, 115652
0.24, 115155
0.25, 113335
0.25, 113283
0.27, 112776
0.27, 110521
0.28, 108544
0.30, 107538
0.30, 106968
0.31, 106555
0.31, 102831
0.33, 102796
0.33, 101416
0.34, 99945
0.38, 98508
0.38, 98321
0.38, 97448
0.39, 96696
0.39, 95815
0.39, 95326
0.41, 95304
0.42, 95023
0.42, 94969
0.44, 94301
0.45, 94080
0.45, 93868
0.45, 91855
0.49, 91547
0.49, 91299
0.49, 89578
0.52, 89301
0.55, 88725
0.55, 87129
0.55, 86433
0.56, 86016
0.56, 85132
0.58, 84728
0.58, 84241
0.59, 82771
0.61, 82184
0.63, 81828
0.64, 81617
0.66, 81359
0.67, 81201
0.70, 79561
0.70, 79151
0.70, 79038
0.74, 78912
0.78, 78466
0.78, 78327
0.81, 78032
0.81, 77817
0.81, 77027
0.83, 76555
0.83, 74760
0.83, 74754
0.86, 72684
0.91, 72397
0.99, 71585
1.03, 71382
1.03, 71331
1.05, 70969
1.08, 70752
1.09, 70548
1.13, 70493
1.13, 70304
1.14, 69248
1.16, 68337
1.16, 67867
1.25, 67813
1.30, 67636
1.31, 67358
1.33, 67353
1.50, 67310
1.52, 67152
1.56, 66651
1.56, 65922
1.59, 65894
1.64, 64957
1.70, 64857
1.73, 64631
1.84, 64541
1.86, 63897
1.88, 63573
1.88, 63403
1.91, 63336
1.98, 62948
2.22, 62920
2.38, 62323
2.45, 61595
2.64, 61318
2.78, 60705
3.06, 60487
3.09, 59820
3.44, 59355
4.33, 59258
5.06, 59166
5.28, 58474
5.83, 57924
5.97, 57598
7.33, 57236
8.14, 55835
9.31, 55780
9.37, 55500
9.72, 55450
10.17, 55430
10.37, 54991
11.12, 54722
19.65, 54600
20.11, 54266
20.71, 54257
23.17, 54088
25.43, 53964
29.53, 53885
32.42, 53821
35.90, 53401
