0.00, 193515
0.02, 192771
0.02, 182927
0.02, 182211
0.03, 172157
0.03, 171151
0.03, 166392
0.03, 154866
0.05, 154865
0.06, 151551
0.06, 151117
0.06, 148138
0.06, 146866
0.06, 143375
0.11, 142215
0.13, 141371
0.13, 140893
0.14, 139161
0.14, 135972
0.16, 134221
0.17, 133934
0.17, 132941
0.17, 132152
0.19, 131644
0.19, 130623
0.19, 129801
0.19, 128994
0.20, 125696
0.22, 124358
0.22, 122998
0.24, 118358
0.24, 118245
0.24, 116130
0.24, 115990
0.25, 113462
0.25, 112196
0.25, 110680
0.25, 110509
0.27, 108689
0.27, 106031
0.27, 105094
0.30, 103164
0.30, 102972
0.31, 102451
0.31, 101946
0.31, 101494
0.34, 100785
0.36, 98712
0.36, 97942
0.38, 96876
0.38, 95062
0.38, 93448
0.42, 93430
0.44, 91056
0.45, 90878
0.49, 90817
0.49, 90708
0.49, 89336
0.53, 89258
0.56, 89142
0.58, 87608
0.61, 87525
0.61, 83374
0.63, 82705
0.63, 81983
0.66, 81429
0.67, 81386
0.69, 80909
0.69, 78993
0.70, 78907
0.70, 78735
0.70, 78715
0.70, 77939
0.72, 77276
0.75, 76988
0.78, 76953
0.91, 76937
0.92, 76806
0.95, 76768
0.98, 76140
1.02, 75381
1.05, 74210
1.11, 73937
1.20, 73503
1.27, 73501
1.28, 72616
1.31, 72343
1.33, 72056
1.36, 71943
1.39, 71323
1.47, 71232
1.53, 70831
1.61, 70797
1.63, 70312
1.64, 69844
1.72, 69451
1.80, 68862
1.83, 68837
1.91, 68661
1.91, 67288
1.92, 66902
1.94, 66853
1.94, 66834
2.00, 66705
2.13, 66246
2.17, 66244
2.38, 65695
2.39, 65562
2.53, 64605
2.58, 64573
2.61, 64139
2.67, 63844
2.89, 63035
2.92, 62061
3.13, 61806
3.33, 61680
3.56, 60841
3.94, 60100
4.03, 59849
5.33, 59260
5.64, 59059
5.86, 58861
5.97, 58468
6.05, 58101
6.41, 57876
7.80, 57697
8.16, 57492
8.33, 57321
8.39, 57155
8.50, 56699
8.76, 56138
9.51, 55965
9.55, 55822
10.51, 55745
10.81, 55097
10.94, 54516
11.92, 54386
13.22, 54357
15.09, 54168
18.51, 54058
20.34, 54016
20.73, 53979
23.64, 53950
