0.00, 187831
0.02, 181896
0.02, 181117
0.03, 180789
0.03, 173657
0.03, 163406
0.05, 163024
0.06, 157364
0.06, 154787
0.08, 151672
0.08, 151419
0.08, 151033
0.08, 148895
0.08, 147274
0.08, 144092
0.13, 142384
0.13, 139915
0.13, 133103
0.13, 131525
0.13, 130508
0.14, 127031
0.14, 126757
0.17, 124053
0.19, 123129
0.19, 121207
0.19, 119623
0.19, 118563
0.19, 117884
0.22, 117594
0.24, 116812
0.24, 115629
0.28, 113913
0.28, 113693
0.30, 111295
0.31, 109975
0.31, 109245
0.31, 107093
0.34, 105841
0.34, 105706
0.36, 105503
0.39, 104383
0.39, 102388
0.42, 101958
0.42, 100140
0.42, 98925
0.44, 96200
0.47, 95099
0.47, 93849
0.48, 93446
0.50, 91956
0.50, 90678
0.50, 89499
0.53, 87550
0.55, 85729
0.56, 84873
0.66, 83337
0.66, 82353
0.67, 82209
0.67, 82071
0.69, 81389
0.70, 81294
0.72, 80985
0.78, 79966
0.81, 79456
0.84, 79174
0.92, 79155
0.92, 77276
1.11, 76639
1.13, 75816
1.19, 75611
1.22, 75462
1.25, 75440
1.27, 75422
1.30, 75104
1.31, 74968
1.33, 74808
1.34, 74783
1.36, 73431
1.39, 72793
1.44, 72229
1.52, 71966
1.55, 70940
1.55, 69849
1.55, 69782
1.58, 69458
1.69, 69373
1.70, 69368
1.78, 68967
1.80, 68908
1.86, 68447
1.86, 68060
1.88, 67975
1.95, 67951
1.97, 67758
2.00, 67386
2.08, 67124
2.13, 66083
2.20, 65976
2.30, 65806
2.34, 65771
2.36, 65360
2.38, 65226
2.48, 65064
2.50, 64128
2.52, 64078
2.59, 63345
2.66, 62949
2.66, 62558
2.67, 62193
2.69, 62063
2.80, 61872
2.80, 61304
2.81, 60815
2.81, 60346
3.02, 60015
3.27, 59987
3.97, 59626
4.30, 59362
4.42, 59084
4.67, 58795
5.09, 58760
5.28, 58074
5.31, 57881
5.42, 57774
5.92, 57732
6.09, 57066
6.56, 56923
16.11, 56813
23.92, 56501
23.96, 55782
25.74, 55740
26.03, 55703
37.09, 55485
45.15, 55458
102.70, 55441
102.85, 55151
