0.00, 179657
0.02, 175942
0.03, 174407
0.03, 172642
0.03, 172568
0.05, 171188
0.05, 170623
0.05, 170383
0.05, 169703
0.05, 167372
0.06, 166583
0.06, 165314
0.06, 153266
0.06, 153010
0.09, 152301
0.09, 148861
0.11, 148796
0.11, 140408
0.13, 140298
0.14, 138674
0.17, 137977
0.17, 137561
0.17, 135314
0.19, 134703
0.19, 134213
0.19, 134153
0.19, 134119
0.20, 133879
0.24, 133112
0.24, 132554
0.24, 130404
0.24, 127691
0.24, 126792
0.24, 122818
0.27, 121369
0.28, 119454
0.30, 114728
0.30, 114380
0.30, 114174
0.30, 112875
0.31, 110773
0.31, 110113
0.33, 109655
0.33, 109582
0.33, 107865
0.34, 107355
0.34, 106247
0.38, 102879
0.39, 102212
0.39, 101199
0.41, 100501
0.41, 99494
0.42, 99341
0.42, 98165
0.44, 97770
0.44, 96971
0.44, 96335
0.44, 96173
0.45, 95906
0.45, 95859
0.47, 95680
0.47, 95524
0.49, 94896
0.49, 92333
0.50, 92235
0.52, 91587
0.52, 90860
0.52, 89897
0.53, 89892
0.55, 89500
0.58, 86359
0.58, 85423
0.59, 83101
0.59, 80847
0.63, 78088
0.64, 76778
0.66, 75959
0.69, 75826
0.70, 75760
0.74, 75236
0.75, 74533
0.75, 73959
0.77, 73746
0.78, 73728
0.88, 73358
0.89, 72658
0.91, 72591
1.03, 72158
1.11, 71903
1.11, 71721
1.16, 70140
1.19, 70131
1.25, 69836
1.31, 69571
1.31, 69365
1.34, 69256
1.39, 69151
1.44, 67722
1.48, 66372
1.70, 66264
1.88, 66091
2.02, 64232
2.05, 64132
2.05, 63519
2.23, 63247
2.28, 63072
2.33, 62664
2.36, 62179
3.22, 61625
3.38, 61590
3.42, 61517
3.56, 61495
3.58, 61464
3.58, 60952
3.73, 60892
3.75, 60736
3.89, 60595
4.08, 60140
4.23, 59975
4.39, 59915
4.72, 59617
5.05, 59492
5.08, 59096
5.20, 59092
5.22, 57993
5.39, 57584
5.52, 57119
6.73, 56940
7.39, 56897
7.42, 56821
8.01, 56747
8.36, 56484
9.78, 56307
9.95, 55786
10.01, 55630
10.22, 55041
13.01, 54965
16.06, 54959
34.09, 54924
