0.02, 198065
0.02, 189140
0.03, 181920
0.03, 181086
0.03, 175486
0.03, 174891
0.03, 169562
0.03, 163807
0.03, 163587
0.05, 162181
0.06, 158408
0.06, 156908
0.06, 151119
0.06, 150742
0.08, 149640
0.08, 148690
0.08, 146214
0.08, 144520
0.11, 143463
0.11, 143388
0.16, 142805
0.19, 142447
0.19, 142288
0.19, 139116
0.19, 138305
0.19, 136634
0.20, 136041
0.20, 134003
0.20, 132352
0.22, 132035
0.22, 130142
0.22, 128800
0.23, 128216
0.23, 127342
0.25, 126979
0.25, 126949
0.25, 124721
0.25, 122868
0.28, 122352
0.30, 121677
0.30, 120908
0.30, 119677
0.31, 117757
0.31, 117356
0.33, 117008
0.34, 116060
0.36, 116027
0.36, 115678
0.36, 115646
0.39, 114361
0.39, 114066
0.41, 113691
0.44, 112837
0.44, 112280
0.44, 111109
0.44, 110471
0.44, 108451
0.45, 106437
0.45, 103468
0.45, 102858
0.45, 102314
0.45, 102040
0.48, 101240
0.48, 99013
0.52, 98987
0.53, 97490
0.55, 97396
0.56, 97107
0.58, 96787
0.59, 96107
0.61, 94854
0.61, 94623
0.64, 94450
0.67, 94388
0.73, 93850
0.84, 93528
0.86, 93348
0.89, 93271
0.94, 93262
0.95, 92644
1.03, 91488
1.05, 91117
1.06, 90864
1.06, 90817
1.08, 90372
1.13, 89900
1.13, 89428
1.16, 89296
1.17, 88590
1.25, 88578
1.27, 84966
1.28, 84964
1.33, 84831
1.34, 84448
1.45, 82226
1.52, 82151
1.56, 81729
1.58, 81163
1.61, 80398
1.63, 80079
1.67, 78896
1.80, 78658
1.81, 77388
1.84, 76669
1.91, 76628
1.98, 76322
2.00, 75800
2.03, 75682
2.19, 75274
2.25, 74970
2.33, 74964
2.36, 74217
2.50, 73981
2.53, 73059
2.55, 71793
2.56, 71537
2.56, 71176
2.66, 70901
2.67, 69602
2.72, 69161
2.77, 69099
2.78, 68983
2.81, 68873
2.83, 68561
2.92, 68425
2.94, 68269
2.95, 67780
3.05, 67508
3.05, 67430
3.06, 67108
3.06, 66674
3.11, 66539
3.20, 66107
3.25, 65903
3.36, 65287
3.37, 64294
3.41, 64251
3.42, 63199
3.61, 62879
3.84, 62435
3.87, 62161
4.00, 61528
4.17, 61306
4.17, 61126
4.30, 61108
4.33, 60629
4.45, 60421
4.47, 60148
4.53, 59823
4.61, 59807
4.72, 59163
5.14, 58547
5.89, 58452
5.91, 58305
6.41, 58098
7.22, 57509
7.51, 57146
7.51, 57054
9.36, 56757
