0.02, 179108
0.03, 176743
0.03, 175170
0.05, 172312
0.05, 171405
0.05, 167641
0.06, 165793
0.06, 158595
0.06, 157414
0.06, 155957
0.08, 155269
0.08, 153766
0.08, 150544
0.09, 149172
0.09, 149006
0.09, 146571
0.09, 146439
0.13, 143526
0.16, 141032
0.17, 140024
0.19, 133661
0.19, 131879
0.20, 130231
0.20, 129373
0.22, 129011
0.22, 124902
0.22, 124234
0.23, 123715
0.28, 121309
0.28, 121122
0.30, 121115
0.31, 120172
0.31, 118184
0.31, 117270
0.31, 116170
0.34, 114392
0.36, 114089
0.38, 113376
0.38, 112225
0.39, 111879
0.41, 108701
0.41, 106880
0.41, 106381
0.41, 105506
0.44, 105259
0.47, 104744
0.47, 103003
0.53, 102288
0.53, 99494
0.55, 97317
0.55, 96839
0.55, 96233
0.56, 95648
0.56, 94415
0.58, 94292
0.61, 91282
0.63, 91022
0.64, 90931
0.64, 90893
0.67, 90760
0.67, 90639
0.70, 89069
0.73, 86953
0.75, 84543
0.77, 84520
0.77, 84445
0.77, 83910
0.78, 81799
0.80, 81673
0.83, 81476
0.83, 80957
0.89, 80854
0.89, 80810
0.89, 79818
0.91, 79801
0.91, 79505
0.94, 79307
0.95, 79115
0.95, 78106
0.97, 77890
0.98, 77407
1.02, 77171
1.03, 76502
1.03, 75676
1.03, 75589
1.03, 73587
1.09, 73508
1.09, 73207
1.11, 71862
1.27, 71756
1.28, 71368
1.28, 71364
1.31, 71100
1.33, 69721
1.33, 69624
1.38, 69197
1.39, 68866
1.44, 68732
1.47, 68103
1.55, 68087
1.69, 67640
1.95, 67555
2.08, 67385
2.41, 67214
2.41, 66855
2.45, 66245
2.50, 65874
2.52, 65758
2.52, 65735
2.52, 65655
2.58, 65642
2.58, 65631
2.69, 65192
2.69, 64704
2.75, 63438
2.97, 63343
3.05, 62849
3.11, 62245
3.33, 62021
3.47, 61568
3.52, 61513
3.66, 61101
3.80, 60556
3.81, 60449
3.95, 60402
4.30, 60304
4.36, 59543
4.39, 59104
4.47, 58913
4.58, 58831
4.62, 58202
4.69, 57684
6.23, 57348
6.41, 57309
6.73, 57266
7.37, 56744
7.59, 56704
9.15, 56680
9.32, 56664
14.59, 56501
15.76, 56479
16.90, 56469
24.79, 56363
26.88, 56334
27.55, 56022
27.65, 55723
28.01, 55694
28.73, 55506
28.88, 54913
29.82, 54671
30.29, 54545
30.71, 53706
