0.02, 27875
0.02, 25525
0.02, 25320
0.02, 24669
0.02, 24530
0.03, 23545
0.03, 23191
0.03, 23162
0.03, 23047
0.03, 22982
0.03, 22562
0.03, 22509
0.03, 22199
0.03, 21742
0.03, 21451
0.05, 21263
0.05, 21061
0.05, 21042
0.05, 20734
0.05, 20564
0.05, 20274
0.05, 20108
0.06, 19650
0.06, 19602
0.08, 19286
0.08, 18298
0.08, 17994
0.08, 17613
0.08, 17602
0.08, 17181
0.08, 17177
0.09, 17175
0.09, 16669
0.11, 16644
0.13, 16235
0.13, 15859
0.14, 15210
0.14, 15098
0.16, 14219
0.16, 14216
0.19, 14215
0.19, 14143
0.20, 14054
0.20, 14028
0.22, 13974
0.22, 13736
0.22, 13421
0.22, 13369
0.23, 13300
0.23, 12884
0.25, 12758
0.25, 12596
0.25, 12492
0.25, 12441
0.25, 12198
0.25, 12118
0.27, 12112
0.27, 12095
0.27, 12073
0.30, 12026
0.31, 11878
0.33, 11672
0.34, 11670
0.34, 11640
0.34, 11244
0.34, 11183
0.36, 11130
0.38, 11054
0.39, 11038
0.39, 11031
0.41, 11014
0.41, 10863
0.45, 10572
0.47, 10567
0.52, 10558
0.53, 10450
0.55, 10282
0.58, 10281
0.61, 10045
0.61, 10012
0.78, 9986
0.80, 9928
0.80, 9926
0.81, 9909
0.83, 9868
0.86, 9867
0.89, 9628
0.91, 9621
0.92, 9546
1.00, 9442
1.09, 9424
1.16, 9278
1.28, 9261
1.33, 9231
1.36, 9184
1.73, 9120
1.77, 9111
1.84, 9036
1.98, 8983
2.25, 8881
2.66, 8877
2.77, 8825
3.06, 8798
3.22, 8728
3.28, 8721
3.30, 8708
3.39, 8669
3.42, 8566
4.05, 8550
4.33, 8526
4.50, 8457
4.53, 8434
4.75, 8264
5.30, 8253
5.50, 8188
