0.02, 27051
0.02, 25695
0.03, 25527
0.03, 25330
0.03, 24779
0.03, 21427
0.03, 21010
0.03, 20557
0.03, 20166
0.03, 20107
0.05, 19985
0.05, 19961
0.05, 19910
0.06, 19320
0.06, 18947
0.06, 18273
0.08, 18097
0.08, 17919
0.09, 17803
0.09, 17674
0.09, 17642
0.09, 17604
0.11, 17535
0.11, 17143
0.11, 17130
0.13, 16827
0.13, 16813
0.14, 16649
0.16, 16641
0.16, 16585
0.17, 16533
0.17, 16361
0.17, 16325
0.17, 16186
0.17, 16120
0.19, 15646
0.19, 15281
0.19, 14912
0.20, 14906
0.20, 14821
0.20, 14726
0.20, 14691
0.20, 14524
0.22, 14423
0.22, 14234
0.22, 14223
0.22, 14161
0.23, 14025
0.23, 13935
0.27, 13882
0.27, 13726
0.27, 13604
0.27, 13341
0.30, 13315
0.30, 13290
0.31, 12755
0.31, 12720
0.31, 12713
0.33, 12667
0.34, 12602
0.34, 12273
0.38, 12258
0.41, 12219
0.44, 12017
0.47, 12008
0.47, 11834
0.48, 11774
0.50, 11668
0.50, 11062
0.50, 10903
0.52, 10835
0.56, 10789
0.58, 10788
0.59, 10638
0.64, 10558
0.66, 10468
0.66, 10460
0.67, 10453
0.67, 10442
0.80, 10265
0.89, 10152
0.94, 10151
0.94, 10122
0.94, 10119
0.94, 9750
0.94, 9716
0.94, 9635
0.94, 9545
1.11, 9412
1.11, 9399
1.14, 9387
1.14, 9249
1.20, 9246
1.31, 9232
1.33, 9201
1.33, 9157
1.34, 9081
1.45, 9075
1.47, 9054
1.50, 9037
1.55, 9029
1.64, 9014
1.70, 8937
1.78, 8916
2.00, 8782
2.13, 8719
2.27, 8714
2.45, 8709
2.50, 8705
2.67, 8696
2.84, 8643
2.94, 8642
2.95, 8581
3.02, 8512
3.08, 8408
3.09, 8407
3.42, 8400
3.83, 8398
4.37, 8387
4.81, 8371
5.00, 8369
6.12, 8241
7.45, 8228
11.17, 8204
13.53, 8199
17.18, 8195
22.92, 8111
23.07, 8064
23.15, 8031
23.43, 7978
23.74, 7977
24.15, 7954
