0.02, 25469
0.03, 25201
0.03, 24584
0.03, 24442
0.03, 24132
0.03, 23898
0.06, 23825
0.06, 22608
0.06, 22606
0.08, 22504
0.08, 22088
0.09, 21863
0.09, 21389
0.11, 20793
0.11, 20687
0.11, 20484
0.11, 20301
0.13, 19589
0.13, 19273
0.16, 18887
0.16, 18876
0.17, 18662
0.17, 18549
0.17, 18168
0.20, 17883
0.20, 17664
0.22, 17419
0.22, 17279
0.24, 17122
0.24, 16794
0.25, 16720
0.27, 16690
0.28, 16664
0.28, 16582
0.28, 16431
0.31, 16415
0.33, 16371
0.34, 15844
0.34, 15740
0.34, 15630
0.34, 15507
0.36, 15490
0.38, 14912
0.38, 14850
0.42, 14767
0.42, 14693
0.47, 14096
0.49, 13922
0.50, 13844
0.50, 13709
0.50, 13601
0.50, 13585
0.53, 13467
0.53, 13020
0.55, 12943
0.56, 12902
0.63, 12880
0.63, 12756
0.66, 12437
0.78, 12410
0.80, 12343
0.81, 12289
0.83, 12111
0.84, 12054
0.84, 12023
0.89, 11981
0.91, 11918
0.92, 11837
0.94, 11801
0.97, 11524
0.99, 11386
1.02, 11384
1.06, 11244
1.09, 11216
1.13, 11204
1.14, 11193
1.22, 11136
1.28, 11088
1.28, 11083
1.33, 10969
1.44, 10932
1.45, 10891
1.61, 10861
1.63, 10842
1.77, 10829
2.50, 10800
2.70, 10796
2.72, 10794
2.81, 10686
2.81, 10454
3.06, 10441
3.17, 10436
3.36, 10377
3.53, 10321
3.53, 10319
3.53, 10307
3.63, 10294
3.66, 10289
3.75, 10272
3.81, 10195
3.92, 10128
4.09, 10076
4.12, 10070
4.12, 10038
4.42, 9977
4.44, 9967
4.61, 9943
4.62, 9903
4.86, 9890
5.00, 9885
5.06, 9878
5.12, 9843
5.19, 9836
5.55, 9835
5.72, 9834
5.78, 9801
6.44, 9797
6.62, 9788
6.72, 9736
6.75, 9704
6.80, 9587
6.81, 9166
7.03, 9133
7.03, 9101
7.08, 9093
7.23, 8944
7.41, 8721
7.44, 8678
7.80, 8663
7.81, 8650
8.01, 8571
9.15, 8556
9.34, 8555
9.76, 8550
10.45, 8544
12.69, 8533
13.92, 8531
14.20, 8527
14.33, 8517
14.45, 8512
17.84, 8497
20.37, 8421
21.56, 8420
22.84, 8409
31.90, 8403
32.10, 8397
34.32, 8386
35.82, 8379
38.80, 8248
39.40, 8242
42.26, 8230
