0.02, 27313
0.02, 26973
0.02, 26848
0.02, 25556
0.03, 25357
0.03, 25018
0.03, 24944
0.03, 24850
0.03, 24726
0.03, 24245
0.03, 23917
0.03, 23285
0.05, 21103
0.05, 20961
0.06, 19954
0.08, 19245
0.08, 18917
0.08, 18435
0.08, 18098
0.09, 18026
0.11, 17126
0.13, 17090
0.14, 16974
0.14, 16746
0.14, 16438
0.17, 16413
0.17, 16297
0.23, 16292
0.25, 16239
0.27, 15869
0.27, 15853
0.30, 15852
0.30, 15740
0.30, 15705
0.31, 15667
0.31, 15646
0.31, 15599
0.31, 15597
0.33, 15534
0.33, 15499
0.34, 15489
0.34, 15311
0.42, 15250
0.44, 15239
0.45, 15227
0.45, 15117
0.45, 14971
0.48, 14921
0.48, 14882
0.50, 14874
0.53, 14735
0.55, 13988
0.55, 13546
0.55, 13513
0.56, 13510
0.56, 13494
0.56, 13184
0.58, 12882
0.58, 12796
0.58, 12596
0.58, 12589
0.59, 12568
0.59, 12543
0.59, 12422
0.61, 12395
0.61, 12389
0.63, 12349
0.63, 12237
0.64, 12235
0.66, 12218
0.67, 12173
0.69, 11986
0.70, 11857
0.70, 11752
0.75, 11732
0.77, 11623
0.81, 11518
0.81, 11512
0.83, 11382
0.86, 11343
0.86, 11236
0.91, 11230
0.98, 11169
1.00, 11158
1.02, 11149
1.02, 10947
1.03, 10885
1.05, 10867
1.09, 10825
1.11, 10702
1.13, 10535
1.14, 10522
1.14, 10365
1.14, 10235
1.17, 10210
1.27, 10105
1.28, 10061
1.30, 10057
1.31, 10025
1.31, 9991
1.31, 9975
1.34, 9971
1.36, 9916
1.38, 9900
1.42, 9773
1.42, 9661
1.45, 9591
1.48, 9580
1.66, 9579
1.66, 9504
1.67, 9466
1.80, 9342
1.89, 9304
1.91, 9107
1.94, 9068
1.97, 8988
1.99, 8951
1.99, 8861
2.06, 8759
2.21, 8730
2.39, 8711
2.40, 8691
2.42, 8690
2.53, 8644
2.91, 8642
2.97, 8605
3.22, 8575
3.28, 8541
3.45, 8536
3.49, 8519
3.72, 8454
3.88, 8437
3.94, 8403
3.94, 8353
4.00, 8314
4.19, 8309
5.11, 8300
5.31, 8299
6.53, 8242
6.58, 8233
9.60, 8226
77.90, 8194
78.42, 8154
79.18, 8149
79.90, 8124
79.95, 8048
80.25, 8046
81.00, 8036
81.28, 7947
81.81, 7935
83.51, 7912
