0.02, 24994
0.02, 24847
0.02, 24695
0.03, 23348
0.03, 22232
0.03, 22129
0.03, 22003
0.03, 21829
0.05, 21354
0.05, 21050
0.05, 20845
0.05, 20821
0.05, 20124
0.05, 19886
0.05, 19290
0.05, 19205
0.06, 19157
0.06, 19033
0.06, 18918
0.06, 18316
0.06, 18189
0.06, 18142
0.08, 17940
0.08, 17732
0.08, 17700
0.09, 17645
0.09, 17583
0.09, 17493
0.09, 17363
0.11, 17317
0.13, 17169
0.13, 17159
0.13, 16541
0.14, 16064
0.14, 16011
0.14, 16003
0.14, 15960
0.14, 15929
0.16, 15856
0.16, 15760
0.16, 15757
0.17, 15721
0.17, 15719
0.17, 15568
0.17, 15407
0.19, 15127
0.19, 14982
0.20, 14682
0.20, 14678
0.20, 14209
0.20, 13966
0.22, 13949
0.22, 13839
0.22, 13813
0.22, 13788
0.22, 13687
0.22, 13541
0.23, 13459
0.23, 13447
0.23, 12990
0.25, 12699
0.27, 12678
0.28, 12493
0.28, 12392
0.31, 12181
0.33, 11952
0.34, 11713
0.34, 11535
0.36, 11507
0.39, 11468
0.42, 11454
0.44, 11441
0.48, 11401
0.50, 11335
0.50, 11263
0.52, 11067
0.52, 10950
0.52, 10940
0.55, 10769
0.59, 10456
0.63, 10355
0.64, 10085
0.64, 10072
0.66, 10005
0.70, 9898
0.78, 9887
0.80, 9879
0.81, 9873
0.81, 9871
0.83, 9780
0.84, 9770
0.86, 9766
0.91, 9761
0.92, 9734
0.97, 9716
0.97, 9656
0.97, 9579
0.98, 9538
1.14, 9394
1.20, 9374
1.23, 9324
1.47, 9114
1.47, 9112
1.50, 9105
1.72, 9066
1.89, 9045
2.94, 8934
3.28, 8916
3.98, 8853
4.00, 8842
4.01, 8841
4.89, 8825
5.12, 8727
5.23, 8726
5.66, 8685
5.86, 8678
6.12, 8677
6.22, 8650
6.98, 8624
7.30, 8609
7.30, 8574
7.73, 8573
9.22, 8559
9.98, 8471
10.28, 8458
10.78, 8452
10.98, 8392
11.56, 8302
11.78, 8283
42.29, 8273
42.51, 8171
42.62, 8072
43.13, 7996
