0.00, 27289
0.02, 25884
0.03, 25755
0.03, 25481
0.03, 25076
0.03, 24804
0.05, 24421
0.05, 24279
0.05, 24120
0.05, 23931
0.05, 23670
0.06, 23476
0.06, 21904
0.08, 21514
0.08, 20744
0.11, 19861
0.11, 19509
0.16, 19272
0.16, 18990
0.17, 18849
0.17, 18790
0.17, 18724
0.17, 18670
0.19, 18613
0.19, 18448
0.19, 18405
0.19, 18282
0.19, 18159
0.20, 18059
0.22, 17972
0.22, 17855
0.22, 17640
0.25, 17326
0.25, 16991
0.25, 16739
0.27, 16680
0.28, 16590
0.28, 16156
0.30, 15854
0.30, 15437
0.31, 15432
0.31, 15384
0.31, 15092
0.33, 15074
0.33, 14729
0.34, 14683
0.34, 14382
0.36, 13890
0.38, 13886
0.39, 13748
0.41, 13708
0.42, 13707
0.42, 13454
0.48, 13451
0.48, 13253
0.48, 13125
0.52, 12964
0.55, 12892
0.56, 12652
0.56, 12626
0.56, 12602
0.58, 12270
0.58, 12177
0.59, 12168
0.59, 12112
0.63, 12107
0.63, 12106
0.64, 12069
0.66, 12053
0.66, 12032
0.67, 11888
0.69, 11868
0.70, 11618
0.70, 11122
0.73, 11011
0.78, 10970
0.81, 10644
0.83, 10619
0.89, 10587
0.92, 10497
0.97, 10379
0.98, 10246
1.17, 10208
1.39, 10143
1.50, 10132
1.52, 10092
1.52, 10043
1.53, 9962
1.63, 9938
1.64, 9840
1.67, 9810
1.81, 9576
1.84, 9523
2.09, 9085
2.17, 9080
2.48, 9049
2.72, 8897
2.98, 8813
2.98, 8797
3.14, 8781
3.22, 8732
3.50, 8725
3.52, 8644
3.53, 8618
3.87, 8542
4.14, 8483
4.61, 8481
4.69, 8473
4.73, 8432
4.80, 8380
5.01, 8370
5.08, 8360
5.19, 8343
5.58, 8303
5.61, 8236
5.67, 8232
6.64, 8223
7.12, 8167
7.12, 8136
7.42, 8132
7.58, 8109
12.03, 8026
13.79, 7834
23.68, 7805
32.38, 7804
32.40, 7798
