0.02, 26226
0.03, 26221
0.03, 24959
0.03, 23439
0.05, 22776
0.06, 22571
0.06, 22457
0.06, 21822
0.08, 21801
0.08, 21163
0.09, 20384
0.09, 20027
0.13, 19638
0.13, 19462
0.14, 19309
0.14, 19229
0.16, 18298
0.17, 17997
0.17, 17507
0.17, 17246
0.19, 17178
0.22, 16875
0.23, 16847
0.28, 16822
0.30, 16691
0.40, 16661
0.40, 16656
0.42, 16527
0.42, 16412
0.45, 16410
0.47, 16263
0.48, 16254
0.53, 15942
0.54, 15760
0.61, 15469
0.61, 15444
0.64, 15324
0.65, 15109
0.67, 14596
0.67, 14492
0.75, 14081
0.76, 13929
0.81, 13826
0.83, 13689
0.83, 13552
0.90, 13458
0.90, 13250
1.04, 12974
1.07, 12687
1.09, 12595
1.15, 12533
1.20, 12528
1.22, 12512
1.32, 12375
1.39, 12285
1.40, 12185
1.42, 11980
1.42, 11869
1.47, 11811
1.48, 11807
1.50, 11801
1.51, 11775
1.54, 11742
1.68, 11545
1.70, 11273
1.70, 11159
1.72, 11135
1.76, 11095
1.81, 11084
1.89, 11041
1.94, 11039
1.97, 10994
2.02, 10756
2.03, 10731
2.03, 10603
2.16, 10522
2.20, 10326
2.27, 10097
2.30, 10094
2.41, 10036
2.42, 10014
2.48, 9872
2.50, 9853
2.61, 9696
2.66, 9690
2.86, 9594
2.95, 9526
3.02, 9276
3.03, 9264
3.33, 9263
3.64, 9228
3.67, 9209
3.77, 8886
3.91, 8814
4.03, 8687
4.06, 8613
4.41, 8582
4.73, 8573
4.98, 8451
5.70, 8431
6.01, 8411
6.51, 8321
9.64, 8242
14.28, 8228
16.00, 8172
16.62, 8170
16.68, 8133
16.70, 7939
16.75, 7897
16.98, 7867
17.04, 7863
18.39, 7858
