0.00, 5108881
0.01, 4562311
0.01, 4540378
0.01, 4528633
0.01, 4301154
0.01, 3830516
0.01, 3605827
0.01, 3553842
0.02, 3532848
0.03, 3466931
0.04, 3427570
0.04, 3097644
0.13, 3068117
0.13, 3028397
0.25, 2943798
0.38, 2943612
0.40, 2857605
0.54, 2808180
0.77, 2782602
1.01, 2775852
1.24, 2710356
1.47, 2673771
1.69, 2657749
1.93, 2627418
2.15, 2595078
2.37, 2565299
2.61, 2563698
2.83, 2553948
3.05, 2506994
3.29, 2480359
3.51, 2479986
3.73, 2441994
3.96, 2416036
4.18, 2408767
4.42, 2371658
4.65, 2370283
4.86, 2302460
5.08, 2292663
5.33, 2212448
5.55, 2208611
5.77, 2178472
5.99, 2166862
6.22, 2139753
6.44, 2138386
6.69, 2131017
6.92, 2061473
7.14, 2054702
7.36, 2050062
7.58, 2042058
7.80, 2003763
