2.34, 807847
4.87, 805103
6.57, 804960
8.16, 803677
9.96, 803323
11.57, 802058
14.43, 799537
17.19, 798538
18.86, 798431
21.53, 795534
23.55, 787409
26.51, 787193
27.86, 786497
29.85, 786360
31.16, 784186
34.83, 783866
36.22, 782810
39.69, 782666
42.71, 782269
45.26, 780122
47.06, 776912
50.19, 776615
52.48, 775064
53.57, 774711
54.66, 773710
55.95, 771998
58.98, 771251
74.41, 770094
76.07, 769153
77.30, 766843
81.31, 766470
82.54, 765994
83.08, 765033
85.93, 764791
86.65, 762680
95.14, 761953
97.25, 760386
99.58, 758489
102.22, 756635
104.92, 755903
110.09, 755126
111.04, 754496
113.24, 754390
114.02, 753952
