3.52, 807776
5.84, 806380
7.75, 804009
9.37, 802492
11.10, 800707
13.28, 799521
14.77, 797464
18.17, 797296
19.69, 797218
21.60, 795879
25.71, 794718
28.97, 792760
32.75, 792590
37.43, 791707
39.18, 790157
40.73, 790031
42.85, 789929
43.85, 788042
46.22, 787942
48.37, 787822
49.54, 786988
50.64, 786183
51.69, 786116
52.91, 784844
54.47, 784533
56.27, 783887
58.04, 783378
59.00, 781577
60.42, 780635
63.45, 780550
64.29, 780307
65.94, 775714
66.71, 773754
67.48, 772246
69.37, 772034
70.86, 770954
71.61, 769728
73.32, 769047
74.57, 768937
79.11, 765720
79.68, 765472
80.73, 765223
81.98, 765017
83.12, 764883
84.38, 763730
85.82, 763494
86.37, 763397
90.14, 763281
91.33, 761691
91.83, 760113
93.98, 758284
94.50, 755692
97.78, 754491
98.22, 754329
101.10, 753891
101.94, 751060
103.07, 749812
104.16, 749272
104.70, 748051
107.20, 747206
108.18, 746490
112.02, 746452
117.21, 746215
117.81, 745769
119.93, 745678
