3.34, 807776
5.17, 806585
8.12, 805237
10.03, 804920
12.33, 804077
14.49, 803127
16.40, 800010
18.07, 799836
19.95, 799012
21.62, 798922
24.94, 798562
26.36, 796767
27.95, 794817
29.96, 793758
31.33, 791206
32.62, 791088
34.91, 790882
36.81, 790738
38.67, 790116
39.94, 790114
41.19, 787725
42.57, 787076
43.76, 786682
45.25, 784942
47.30, 784796
49.95, 783172
52.09, 778661
53.47, 778499
56.96, 778387
60.51, 776778
61.62, 776288
63.84, 776190
67.83, 775879
69.34, 775286
70.34, 775103
73.72, 774706
75.28, 774497
76.08, 773295
77.40, 770380
80.12, 764067
82.88, 762973
84.10, 761893
87.97, 761392
91.37, 760882
93.75, 758947
96.62, 758388
97.06, 757697
98.47, 757335
105.03, 756895
106.47, 755528
107.73, 755192
108.62, 754978
113.51, 753764
114.53, 753427
119.48, 750449
