2.33, 808008
5.60, 807743
7.50, 805823
9.59, 803574
11.34, 802708
13.20, 802223
16.49, 801593
19.51, 796748
21.86, 794758
24.31, 794754
26.77, 794439
31.90, 794278
34.09, 792968
38.79, 792463
40.59, 791875
42.87, 786150
47.20, 785862
54.06, 785791
56.73, 785314
59.19, 774491
61.06, 774370
62.05, 773636
63.04, 770540
64.65, 770233
66.33, 770195
67.56, 768628
70.42, 768319
71.56, 767945
73.32, 766238
76.80, 765666
79.52, 765616
80.10, 765426
81.63, 764926
84.15, 764722
88.63, 764437
89.40, 763970
90.90, 763049
93.22, 762312
96.60, 761022
99.44, 760180
100.54, 757981
101.06, 756912
101.65, 756311
103.04, 755119
104.71, 751625
117.14, 750748
