3.89, 807949
5.52, 805310
7.72, 800225
9.37, 800043
11.19, 798930
13.18, 798642
15.27, 797690
16.83, 795874
18.51, 795217
20.58, 793870
22.43, 792450
25.06, 790603
26.53, 790133
27.95, 789482
29.72, 783600
32.06, 783584
33.69, 782842
35.40, 782675
37.61, 782365
39.06, 780873
40.43, 774365
41.99, 773007
43.98, 764882
45.41, 763775
46.83, 762630
50.03, 761522
51.84, 761456
54.26, 761366
55.78, 760768
57.73, 760222
58.92, 759964
61.53, 759745
62.91, 759536
66.71, 757308
73.16, 756737
74.92, 755640
77.64, 755594
80.00, 754225
83.77, 754163
84.74, 753939
91.80, 751462
93.05, 751234
93.98, 750772
96.80, 750529
98.86, 748041
104.93, 747909
105.65, 746830
109.73, 746497
117.79, 746494
119.26, 746269
