0.01, 32289
0.01, 31023
0.01, 31008
0.01, 30829
0.01, 30235
0.01, 30169
0.01, 29949
0.01, 29796
0.01, 29565
0.01, 28799
0.02, 28399
0.02, 28013
0.02, 27757
0.02, 27708
0.02, 27612
0.02, 27521
0.02, 27213
0.02, 26624
0.02, 26553
0.02, 26441
0.02, 26273
0.02, 26013
0.02, 25758
0.03, 25617
0.03, 25428
0.03, 25277
0.04, 24164
0.04, 23817
0.06, 23743
0.06, 23584
0.06, 23375
0.07, 22844
0.07, 22224
0.20, 22187
0.47, 22167
0.47, 22163
0.47, 22055
0.59, 21352
0.59, 21038
0.59, 20882
0.99, 20362
1.38, 20133
1.77, 20129
2.16, 20066
2.16, 19792
2.56, 19615
2.97, 18860
3.35, 18834
3.73, 18725
4.14, 18712
4.52, 18566
4.90, 18323
5.27, 18298
5.65, 17853
6.02, 17568
6.39, 17376
6.39, 16965
6.76, 16643
7.12, 16291
7.49, 16289
7.86, 16247
8.25, 16117
8.63, 15912
9.01, 15606
9.40, 15582
9.79, 15398
10.17, 15350
10.56, 15085
10.96, 15069
11.35, 14953
11.71, 14845
12.06, 14838
12.41, 14378
12.76, 13848
13.11, 13589
13.50, 13141
13.88, 13137
14.24, 12803
14.61, 12734
14.96, 12641
15.35, 12567
15.72, 12532
16.07, 12384
16.41, 12329
16.75, 12281
17.10, 12145
17.46, 12031
17.82, 11988
18.16, 11764
18.50, 11313
18.84, 11300
19.18, 11095
19.53, 11079
19.86, 11014
20.18, 10998
20.51, 10960
20.83, 10884
21.16, 10861
21.49, 10739
21.82, 10736
22.14, 10732
22.46, 10497
22.78, 10208
23.10, 10177
23.41, 10107
23.73, 9723
24.05, 9709
24.36, 9682
24.68, 9648
25.02, 9596
25.34, 9589
25.68, 9533
26.03, 9493
26.35, 9445
26.67, 9436
26.98, 9374
27.35, 9368
27.66, 9334
27.98, 9292
28.30, 9258
28.63, 9241
28.94, 9221
29.28, 9207
29.63, 9194
29.93, 9154
30.25, 9147
30.56, 9055
30.90, 8951
31.21, 8871
31.55, 8864
31.87, 8840
32.18, 8814
32.48, 8802
32.80, 8787
33.11, 8717
33.41, 8709
33.77, 8692
34.10, 8691
34.39, 8652
34.82, 8334
