0.01, 28277
0.01, 28131
0.01, 27772
0.02, 27670
0.02, 27341
0.02, 27248
0.02, 25933
0.02, 25739
0.03, 25732
0.03, 25628
0.03, 25090
0.03, 23845
0.07, 23602
0.07, 22590
0.07, 22506
0.07, 22176
0.07, 21516
0.07, 20839
0.51, 20314
0.92, 20102
0.92, 20075
0.92, 20013
1.31, 19753
1.69, 17930
2.08, 17750
2.47, 17231
2.85, 17092
3.23, 17077
3.61, 16908
3.98, 16447
4.36, 16126
4.73, 15885
5.10, 15363
5.47, 15187
5.84, 15165
6.21, 15010
6.58, 14997
6.95, 14982
7.31, 14644
7.68, 14600
8.04, 14385
8.40, 14140
8.77, 14081
9.22, 14078
9.63, 13997
10.00, 13924
10.35, 13898
10.71, 13719
11.07, 13642
11.43, 13489
11.78, 13252
12.14, 13165
12.49, 13001
12.84, 12964
13.20, 12923
13.55, 12651
13.90, 11988
14.24, 11909
14.58, 11866
14.93, 11801
15.28, 11680
15.62, 11583
15.96, 11504
15.96, 11495
16.30, 11326
16.64, 11234
16.98, 11134
17.32, 10753
17.65, 10693
17.98, 10482
18.32, 10303
18.65, 10257
18.98, 10217
19.31, 10101
19.64, 9916
19.97, 9912
20.31, 9825
20.65, 9333
20.98, 9267
21.31, 9264
21.65, 9091
21.98, 9069
22.32, 9022
22.65, 8965
22.98, 8962
23.31, 8839
23.63, 8809
23.99, 8712
24.33, 8481
24.68, 8475
25.01, 8409
25.36, 8399
25.69, 8379
26.02, 8356
26.35, 8336
26.68, 8329
27.37, 8327
