0.01, 32447
0.01, 31311
0.01, 28637
0.01, 27802
0.01, 26384
0.02, 25802
0.02, 25686
0.03, 25073
0.03, 24825
0.03, 23810
0.04, 23804
0.15, 23501
0.16, 22670
0.48, 22445
0.48, 22426
0.87, 22368
0.87, 22016
0.88, 21912
0.88, 21637
0.88, 21122
0.88, 21113
1.26, 21092
1.65, 20829
1.65, 20390
2.02, 19979
2.40, 19737
2.77, 19191
3.15, 19089
3.52, 18673
3.89, 18639
4.26, 18362
4.64, 17996
5.01, 17873
5.38, 17763
5.75, 17093
6.12, 16956
6.49, 16921
6.85, 16818
7.22, 16804
7.58, 16728
7.95, 16563
8.31, 16303
8.67, 16164
9.03, 16147
9.39, 16129
9.75, 16069
9.75, 15927
10.10, 15908
10.46, 15741
10.81, 15695
11.17, 15546
11.52, 15518
11.87, 15458
12.22, 15439
12.57, 15151
12.92, 14995
13.26, 14938
13.61, 14897
13.95, 13776
14.28, 13602
14.62, 13588
14.96, 13396
15.29, 13312
15.63, 13308
15.96, 13277
16.31, 13185
16.65, 12762
16.98, 12644
17.31, 12607
17.65, 12384
18.01, 12035
18.35, 12015
18.66, 11712
18.97, 11581
19.29, 11568
19.60, 11426
19.92, 11395
20.22, 11386
20.54, 11350
20.87, 11215
21.19, 10706
21.50, 10597
21.80, 10596
22.11, 10570
22.43, 10419
22.74, 10304
23.05, 10257
23.35, 10253
23.65, 10218
23.95, 10134
24.24, 10132
24.53, 9972
24.83, 9909
25.11, 9725
25.41, 9682
25.70, 9584
26.00, 9534
26.28, 9494
26.59, 9460
26.91, 9392
27.20, 9322
27.49, 9311
27.77, 9264
28.06, 9076
28.36, 9049
28.65, 8607
28.95, 8569
29.26, 8556
29.56, 8482
29.92, 8473
30.35, 8444
30.90, 8424
31.24, 8422
31.72, 8415
32.07, 8361
32.38, 8349
32.69, 8343
32.97, 8340
33.30, 8337
33.88, 8329
34.38, 8323
35.03, 8311
35.68, 8301
36.15, 8278
