0.02, 29656
0.02, 29047
0.02, 28835
0.02, 28819
0.02, 28771
0.02, 28700
0.02, 28259
0.02, 28254
0.02, 27969
0.02, 27665
0.02, 26972
0.02, 26722
0.02, 26518
0.02, 26512
0.02, 26391
0.02, 26341
0.03, 25766
0.03, 25170
0.05, 25026
0.05, 24993
0.05, 24847
0.05, 24767
0.05, 24629
0.05, 24577
0.05, 24048
0.11, 23541
0.19, 23056
0.20, 22899
0.24, 22381
0.44, 21284
0.84, 20997
1.25, 20420
1.63, 20403
2.00, 20124
2.38, 20032
2.73, 19861
3.11, 19785
3.48, 19707
3.84, 19660
4.20, 19509
4.20, 19409
4.56, 19354
4.91, 19299
5.27, 19044
5.62, 18958
5.98, 18827
5.98, 18743
6.34, 18461
6.34, 17016
6.34, 16919
6.69, 16802
7.05, 16505
7.39, 16389
7.75, 16370
8.09, 16139
8.09, 16127
8.44, 16029
8.80, 15956
9.14, 15864
9.48, 15842
9.83, 15773
10.17, 15681
10.50, 15633
10.84, 15470
11.19, 15168
11.53, 14958
11.86, 14953
12.20, 14859
12.53, 14746
12.87, 14639
13.20, 14634
13.55, 14516
13.87, 14378
14.20, 14080
14.54, 13892
14.87, 13800
15.20, 13792
15.54, 13529
15.85, 13106
16.18, 12578
16.51, 12490
16.82, 12398
17.14, 12349
17.47, 12311
17.78, 12185
18.09, 12003
18.42, 11945
18.73, 11644
19.06, 11638
19.39, 11561
19.72, 11496
20.04, 11487
20.43, 11215
20.76, 11136
21.07, 10721
21.37, 10667
21.68, 10555
21.98, 10389
22.29, 10287
22.62, 10244
22.93, 10188
23.23, 10127
23.53, 9915
23.84, 9869
24.14, 9867
24.43, 9849
24.73, 9724
25.03, 9699
25.32, 9688
25.62, 9687
25.92, 9401
26.21, 9400
26.51, 9365
26.81, 9347
27.11, 9340
27.42, 9327
27.71, 9307
28.03, 9302
28.31, 9282
28.64, 9265
28.93, 9244
29.21, 9143
29.51, 9133
29.79, 9104
30.09, 9102
30.39, 9035
30.67, 9019
31.04, 9009
31.33, 8788
32.00, 8786
32.39, 8757
32.86, 8735
33.61, 8720
34.00, 8712
