0.00, 29547
0.01, 27328
0.01, 27129
0.01, 27065
0.01, 26982
0.01, 26602
0.02, 26475
0.02, 26138
0.03, 26100
0.03, 26070
0.03, 25531
0.03, 25276
0.04, 24997
0.04, 24808
0.05, 24738
0.06, 24553
0.06, 23679
0.08, 22880
0.13, 22493
0.15, 22042
0.37, 21510
0.37, 21109
0.78, 20828
0.78, 20504
1.18, 20068
1.56, 19890
1.95, 19728
2.34, 19368
2.34, 19208
2.72, 18352
3.10, 17907
3.48, 17790
3.86, 17095
4.25, 16981
4.64, 16541
5.08, 16145
5.47, 15450
5.85, 15433
6.24, 15380
6.62, 15248
7.01, 15247
7.41, 15234
7.79, 14937
8.17, 14753
8.55, 14663
8.93, 14601
9.32, 14514
9.70, 14153
10.09, 13579
10.47, 13481
10.85, 13455
11.22, 13373
11.61, 13159
11.98, 12807
12.35, 12753
12.72, 12559
13.09, 12155
13.46, 12076
13.83, 12004
14.20, 11442
14.56, 11350
14.93, 11261
15.28, 11156
15.65, 11146
16.01, 11111
16.38, 10936
16.74, 10830
17.10, 10818
17.46, 10811
17.81, 10523
18.16, 10458
18.51, 10407
18.85, 10334
19.21, 10310
19.58, 10247
19.93, 10112
20.27, 9918
20.62, 9831
20.98, 9798
21.32, 9735
21.67, 9721
22.01, 9702
22.35, 9689
22.70, 9664
23.03, 9609
23.37, 9603
23.71, 9589
24.05, 9560
24.38, 9433
24.73, 9333
25.11, 9247
25.51, 9225
25.86, 9143
26.22, 9139
26.54, 8869
26.87, 8862
27.19, 8831
27.55, 8821
27.92, 8813
28.24, 8792
28.60, 8790
28.92, 8785
29.27, 8757
29.64, 8725
29.98, 8696
30.30, 8681
30.62, 8665
30.93, 8661
31.29, 8620
31.70, 8617
32.06, 8602
32.51, 8559
32.86, 8544
33.17, 8533
33.52, 8525
33.84, 8517
34.17, 8410
34.65, 8382
34.94, 8357
35.31, 8350
35.72, 8313
36.25, 8305
36.56, 8286
37.22, 8282
38.09, 8280
