0.01, 28772
0.01, 28299
0.01, 27476
0.01, 27383
0.02, 27003
0.02, 26874
0.02, 26356
0.02, 26148
0.03, 24636
0.03, 24633
0.03, 24044
0.03, 23791
0.03, 23759
0.05, 23661
0.12, 22433
0.33, 21970
0.74, 21410
0.74, 21356
1.15, 21101
1.15, 20818
1.55, 20424
1.55, 20314
1.95, 20090
2.36, 19708
2.75, 18808
3.15, 18331
3.53, 18324
3.92, 18314
3.92, 18111
4.32, 17948
4.32, 17778
4.70, 17570
5.08, 17261
5.48, 17017
5.85, 16824
6.24, 16605
6.62, 16555
7.00, 16121
7.38, 16040
7.75, 15967
8.14, 15765
8.52, 15700
8.89, 15542
9.26, 15276
9.63, 15275
9.99, 15021
10.37, 14984
10.74, 14403
11.11, 14083
11.49, 14040
11.86, 13902
12.23, 13767
12.60, 13757
12.96, 13657
13.32, 13309
13.69, 13106
14.06, 13099
14.42, 13098
14.79, 13095
15.17, 13086
15.53, 12954
15.89, 12823
16.26, 12028
16.63, 11833
16.98, 11805
17.33, 11651
17.72, 11371
18.07, 11313
18.41, 11219
18.77, 11135
19.12, 11125
19.47, 11117
19.82, 10985
20.22, 10956
20.22, 10925
20.56, 10890
20.91, 10855
21.25, 10633
21.58, 10541
21.93, 10536
22.27, 10417
22.59, 10395
22.93, 10353
23.25, 10206
23.59, 10060
23.91, 9949
24.26, 9815
24.60, 9813
24.94, 9696
25.26, 9685
25.58, 9348
25.91, 9243
26.23, 9232
26.59, 9201
26.91, 9162
27.27, 9150
27.59, 9148
27.92, 9147
28.24, 9057
28.57, 8948
28.90, 8798
29.22, 8791
29.57, 8777
29.90, 8664
30.24, 8620
31.58, 8609
31.93, 8589
32.27, 8576
32.59, 8540
32.90, 8526
33.20, 8513
33.55, 8464
33.88, 8434
34.19, 8400
34.60, 8394
35.07, 8363
35.65, 8348
