0.10, 808235
0.53, 807777
1.71, 807735
1.77, 807710
2.99, 806216
3.52, 806010
5.50, 804961
6.23, 803659
7.50, 802513
7.68, 802481
7.77, 802477
7.89, 802279
9.37, 802159
11.17, 800927
13.02, 800758
13.74, 800505
14.13, 799988
14.33, 799720
14.84, 799694
15.39, 798769
16.13, 798605
16.18, 793709
16.58, 791861
17.36, 791168
17.46, 789392
17.73, 787095
17.76, 786929
18.29, 786436
18.41, 784424
18.98, 784401
19.41, 782064
20.99, 781316
21.45, 781272
22.01, 781051
22.53, 780408
23.03, 780187
23.66, 773410
25.36, 772734
26.22, 772570
27.02, 772050
28.14, 771212
29.32, 770273
29.74, 767505
30.12, 766917
31.73, 765760
32.08, 765543
35.91, 764683
36.69, 764424
36.78, 763883
38.03, 763881
38.54, 763453
41.52, 763452
42.51, 757664
42.99, 756605
43.49, 755385
45.68, 754832
45.90, 753763
47.05, 753703
50.03, 753526
50.49, 752664
53.42, 751969
53.48, 751952
53.81, 748977
54.64, 747777
54.78, 747408
59.26, 744714
61.75, 744268
67.39, 743985
67.83, 743725
70.14, 743398
70.14, 742232
71.51, 741958
73.05, 739830
73.27, 739590
76.18, 739426
79.79, 739275
81.43, 739192
81.55, 734039
81.70, 733832
81.86, 733556
82.43, 732369
83.16, 732181
84.95, 731793
86.55, 731162
88.09, 730778
88.39, 729795
91.65, 729193
91.77, 728557
94.66, 728466
96.39, 727709
96.81, 727606
97.15, 726837
101.34, 726801
102.12, 726675
106.27, 726485
106.85, 726053
106.88, 725655
108.63, 725383
108.97, 724977
109.01, 723983
109.29, 723783
111.08, 723606
111.71, 723196
113.55, 722565
114.18, 721898
