0.10, 808235
0.64, 808189
1.51, 807372
1.93, 803539
2.08, 803412
2.95, 803308
3.64, 802755
3.96, 802280
4.02, 801822
4.31, 801760
5.71, 801502
5.83, 801375
6.30, 800965
8.04, 799463
8.39, 799224
9.60, 798690
10.64, 798566
10.99, 798082
11.30, 797673
11.49, 797335
12.37, 797292
12.70, 796997
12.96, 795456
13.86, 795096
14.39, 793212
14.50, 787239
15.74, 787171
15.80, 784953
17.24, 784448
17.25, 783865
17.46, 783292
17.56, 783025
17.90, 780308
18.26, 779227
18.29, 777341
18.41, 777144
18.70, 776955
19.04, 776075
19.50, 775413
19.61, 774020
19.79, 771355
20.10, 770539
20.43, 769842
21.82, 769787
21.95, 769148
22.34, 764495
22.58, 764313
22.79, 761031
23.32, 760936
24.92, 759970
25.33, 759447
26.16, 759135
26.19, 758856
26.36, 757780
26.41, 757207
27.20, 756272
27.56, 755268
27.73, 755184
27.90, 754705
28.90, 754676
30.08, 753323
30.30, 753264
30.63, 752236
32.68, 750326
32.87, 749688
35.93, 748391
36.98, 748310
37.39, 748288
37.57, 747435
41.17, 746921
41.53, 745280
44.36, 745237
44.37, 744869
44.50, 744689
45.61, 744684
54.17, 744290
57.70, 744245
59.59, 744159
60.48, 743845
60.80, 743489
62.67, 742839
63.19, 742281
63.90, 742081
67.77, 742021
68.88, 741562
69.52, 741189
70.02, 740508
70.02, 740147
70.18, 738718
72.04, 738320
72.15, 737864
72.54, 737571
74.63, 736496
77.24, 736293
77.62, 732275
80.98, 731586
82.78, 724333
84.95, 724171
89.87, 723175
90.04, 722703
90.38, 722641
91.29, 722058
95.19, 721964
95.53, 721503
97.98, 721403
