0.11, 808235
0.67, 807579
0.88, 807475
1.07, 807227
1.67, 807190
1.83, 806830
3.68, 806405
4.54, 803500
4.87, 801430
5.56, 800426
5.72, 799579
7.36, 797687
8.86, 797216
9.40, 795331
9.46, 794443
9.83, 794118
10.16, 793620
10.64, 792663
10.86, 792216
11.78, 792213
12.32, 792186
12.61, 791092
12.75, 790727
12.76, 790184
12.94, 789417
13.30, 789381
13.53, 788521
14.12, 787212
14.97, 787091
16.50, 787025
16.89, 786819
18.64, 786614
20.04, 786113
20.55, 786075
20.94, 785950
21.04, 785445
21.46, 785098
21.78, 784299
23.60, 784013
24.00, 776638
24.02, 775945
24.44, 765780
24.45, 765520
24.99, 765083
25.27, 764308
25.53, 764028
26.20, 763703
27.46, 761141
28.25, 761082
29.76, 759611
30.48, 759097
32.95, 758413
33.53, 757197
33.85, 756849
34.15, 755943
37.24, 755598
37.67, 754738
38.56, 753153
41.17, 752184
45.73, 751444
46.02, 751418
46.97, 751109
48.46, 750568
48.89, 750107
49.01, 750095
52.47, 748565
53.10, 748330
55.16, 748096
56.21, 747918
57.30, 747858
63.42, 746178
63.81, 743404
66.53, 743123
70.84, 741108
71.91, 737090
72.62, 735826
73.36, 735159
75.47, 734343
75.85, 732110
76.04, 731637
77.08, 731315
78.61, 730975
79.23, 730753
79.85, 724335
80.28, 723422
81.04, 723218
81.55, 723210
82.65, 721710
83.06, 720911
83.81, 719441
84.87, 713608
85.12, 712747
85.83, 711876
87.07, 711474
87.23, 711395
89.51, 710924
94.29, 708674
95.97, 708275
96.43, 708197
99.62, 707440
100.94, 707011
102.34, 704472
102.69, 704234
104.35, 701313
104.67, 701048
109.48, 700813
113.93, 695249
115.94, 694544
116.52, 694259
116.80, 691879
119.78, 689578
