0.02, 186130
0.02, 179853
0.02, 176769
0.03, 166748
0.03, 162189
0.03, 161127
0.03, 158921
0.05, 148962
0.05, 146677
0.05, 146617
0.05, 140377
0.05, 139895
0.05, 137130
0.06, 136109
0.06, 135711
0.08, 135103
0.09, 131834
0.09, 131093
0.09, 129901
0.11, 129883
0.11, 128471
0.11, 127623
0.14, 127270
0.14, 125662
0.14, 124203
0.14, 124016
0.17, 120151
0.19, 118153
0.20, 117624
0.20, 116915
0.20, 114260
0.20, 113756
0.22, 113108
0.22, 111547
0.22, 109797
0.23, 109288
0.23, 109204
0.23, 108342
0.25, 105717
0.25, 101959
0.25, 101262
0.25, 100403
0.25, 100202
0.28, 99820
0.28, 97780
0.30, 94859
0.31, 94721
0.33, 94706
0.34, 92553
0.36, 90079
0.38, 89898
0.39, 88602
0.41, 88345
0.41, 87518
0.42, 87311
0.45, 86393
0.45, 86066
0.47, 85537
0.50, 85052
0.58, 84552
0.58, 84212
0.58, 82384
0.63, 82015
0.64, 81689
0.67, 81543
0.67, 81468
0.69, 81114
0.70, 80846
0.73, 80184
0.77, 79062
0.83, 77519
0.83, 76796
0.88, 76483
1.03, 75820
1.05, 75541
1.09, 75009
1.11, 74974
1.19, 74828
1.48, 74693
1.50, 73992
1.61, 73775
1.70, 73633
1.72, 72149
1.72, 71845
1.72, 71368
1.75, 70753
1.86, 69193
1.92, 69045
1.94, 68813
1.97, 68771
1.98, 68608
2.00, 67922
2.03, 67688
2.03, 67662
2.06, 67075
2.06, 67037
2.09, 66818
2.16, 66734
2.33, 65890
2.34, 65155
2.36, 65127
2.58, 64741
2.59, 63595
2.64, 62065
2.69, 61696
2.81, 61364
3.17, 61306
3.75, 61299
3.84, 61222
6.61, 61134
7.76, 60663
7.83, 60525
7.83, 60465
7.95, 60463
8.15, 60081
8.17, 60012
8.20, 59939
8.22, 59451
8.28, 59183
9.51, 59039
9.56, 59013
9.99, 58948
10.03, 58755
10.11, 58323
10.14, 58033
10.43, 58013
10.62, 57714
11.54, 57297
11.98, 57117
12.23, 57029
14.01, 56974
14.12, 56397
18.62, 56220
18.64, 55904
18.84, 55856
18.92, 55735
18.95, 55588
19.39, 55536
26.96, 55201
