0.00, 183300
0.02, 178445
0.02, 171799
0.02, 170516
0.03, 167762
0.03, 166715
0.03, 162313
0.03, 158938
0.05, 150712
0.05, 149027
0.05, 145098
0.05, 140841
0.06, 139337
0.06, 138879
0.06, 133708
0.08, 131716
0.09, 131451
0.09, 130752
0.09, 129803
0.09, 125472
0.11, 124150
0.13, 123050
0.13, 121316
0.14, 121200
0.14, 120915
0.14, 119727
0.16, 119605
0.16, 118868
0.17, 117590
0.19, 116937
0.19, 116767
0.19, 115335
0.19, 114810
0.20, 114421
0.20, 113910
0.22, 112993
0.22, 111984
0.22, 111897
0.25, 110736
0.25, 110055
0.25, 109698
0.28, 108876
0.30, 108190
0.30, 107912
0.31, 107774
0.31, 107621
0.31, 105385
0.31, 105045
0.31, 104627
0.33, 102523
0.34, 101426
0.44, 100696
0.55, 99177
0.55, 98099
0.58, 96118
0.58, 94568
0.63, 94279
0.63, 94210
0.64, 93328
0.64, 91725
0.66, 90885
0.67, 88987
0.69, 88893
0.70, 88706
0.81, 87326
0.81, 84498
0.81, 83903
0.81, 82698
0.83, 81618
0.83, 80840
0.83, 80301
0.84, 80192
0.89, 79694
0.91, 79343
0.92, 79023
0.92, 79018
0.94, 78409
0.94, 78239
0.95, 77744
1.03, 77490
1.08, 77339
1.09, 77329
1.11, 77286
1.11, 76723
1.13, 76493
1.14, 76214
1.14, 76150
1.17, 75482
1.22, 75384
1.25, 74734
1.27, 74597
1.28, 74183
1.28, 73544
1.30, 72943
1.36, 72869
1.38, 72781
1.42, 71763
1.45, 71600
1.48, 71455
1.53, 71216
1.55, 71070
1.73, 70947
1.78, 70596
1.83, 69486
1.88, 69236
1.89, 69149
1.91, 69077
1.91, 69004
1.94, 68484
2.03, 67670
2.20, 67529
2.48, 66900
3.22, 66687
3.34, 66563
3.82, 66060
3.87, 65776
3.99, 65592
4.02, 64142
4.09, 63755
4.10, 63456
4.10, 63452
4.23, 63404
4.27, 63175
4.99, 63108
5.49, 63047
5.52, 62471
5.76, 62163
5.80, 61876
6.48, 61731
6.53, 61230
7.20, 61043
7.34, 60830
7.47, 60544
7.48, 60538
7.66, 60497
8.00, 60014
9.47, 59652
11.31, 59632
11.45, 58986
12.92, 58841
13.45, 57779
13.55, 57335
14.47, 57071
18.69, 56750
22.00, 56546
44.61, 56473
51.54, 56416
