0.02, 183205
0.02, 181681
0.03, 176844
0.03, 168304
0.05, 166639
0.05, 165820
0.05, 162446
0.05, 161107
0.05, 159837
0.05, 153119
0.05, 153114
0.06, 153031
0.06, 152026
0.06, 145657
0.06, 139628
0.06, 138958
0.06, 131310
0.09, 131065
0.11, 129131
0.14, 127957
0.14, 125533
0.14, 123866
0.14, 122940
0.16, 120292
0.16, 117877
0.16, 117458
0.17, 117267
0.17, 116843
0.17, 114522
0.19, 114276
0.19, 114275
0.20, 113735
0.20, 113152
0.20, 112364
0.22, 111928
0.24, 111550
0.25, 110605
0.27, 110600
0.27, 110415
0.27, 108470
0.30, 107760
0.30, 105241
0.31, 105010
0.31, 104851
0.31, 104059
0.34, 103897
0.34, 102818
0.38, 102670
0.38, 99863
0.39, 99505
0.39, 99295
0.39, 98079
0.39, 98034
0.39, 97705
0.39, 96456
0.39, 95678
0.41, 95524
0.41, 94740
0.41, 92954
0.42, 92873
0.42, 91377
0.44, 90513
0.45, 89570
0.45, 89525
0.47, 88297
0.50, 88272
0.50, 88258
0.53, 87370
0.58, 87083
0.59, 85876
0.63, 85861
0.66, 85037
0.67, 84463
0.69, 84378
0.69, 84009
0.72, 83643
0.74, 83579
0.75, 82509
0.77, 82288
0.78, 81323
0.78, 81117
0.80, 81045
0.81, 80901
0.83, 80845
0.89, 80108
1.05, 80031
1.06, 79967
1.06, 79619
1.06, 78991
1.08, 76703
1.14, 75401
1.16, 75347
1.16, 74514
1.34, 74314
1.34, 74057
1.38, 73994
1.38, 73784
1.39, 73410
1.48, 73365
1.48, 73318
1.48, 73024
1.56, 72653
1.70, 72242
1.94, 71850
2.00, 71310
2.13, 71237
2.14, 71034
2.17, 70864
2.19, 70759
2.23, 69946
2.23, 68434
2.30, 68257
2.47, 68047
2.58, 67807
2.66, 67766
2.67, 66144
2.67, 65205
3.34, 64670
3.34, 64345
3.41, 63863
3.41, 63837
3.55, 63478
3.58, 63449
3.84, 62998
3.88, 62827
3.98, 62258
4.08, 61467
4.89, 60881
4.91, 60718
5.03, 60590
6.11, 60498
6.42, 60386
7.01, 60315
7.03, 60306
8.09, 60184
8.25, 59787
8.44, 59750
10.05, 59666
10.23, 59600
10.31, 59453
10.50, 59367
10.55, 59291
11.00, 59279
15.91, 59162
36.64, 59091
37.01, 59077
37.04, 59055
37.29, 58243
37.70, 57950
39.40, 57808
40.54, 57596
40.82, 57297
41.70, 57061
41.71, 56919
42.12, 56831
51.21, 56749
51.30, 56657
67.17, 56493
74.79, 56196
