0.02, 192546
0.02, 185272
0.02, 178129
0.03, 176296
0.03, 176126
0.03, 169462
0.03, 168125
0.03, 165367
0.03, 161510
0.03, 157576
0.05, 155066
0.05, 154518
0.05, 154093
0.06, 153669
0.06, 151632
0.06, 150128
0.06, 150113
0.06, 144351
0.06, 144028
0.08, 143663
0.08, 140308
0.09, 138007
0.09, 137702
0.09, 131415
0.11, 129758
0.13, 128858
0.13, 126442
0.13, 125511
0.14, 125436
0.14, 117805
0.17, 116384
0.17, 116331
0.19, 115614
0.19, 110952
0.19, 108772
0.19, 108273
0.22, 106920
0.22, 104578
0.22, 103769
0.23, 102325
0.23, 101177
0.23, 101009
0.25, 100350
0.25, 98085
0.25, 97947
0.27, 94878
0.27, 94676
0.28, 94210
0.30, 93915
0.31, 93456
0.36, 92960
0.42, 92817
0.42, 92338
0.42, 91048
0.42, 90841
0.47, 85759
0.47, 85488
0.47, 85133
0.48, 84540
0.52, 83475
0.53, 81745
0.53, 80551
0.55, 80076
0.58, 78607
0.61, 78571
0.64, 78235
0.64, 77486
0.66, 77291
0.69, 76268
0.73, 76116
0.75, 75882
0.80, 75015
0.81, 74845
0.88, 74834
0.89, 74353
0.94, 73724
0.95, 73667
1.03, 73383
1.05, 71939
1.06, 71640
1.20, 71341
1.20, 71134
1.23, 70837
1.27, 70789
1.28, 70130
1.30, 70095
1.33, 70053
1.50, 69769
1.55, 69727
1.59, 69543
1.78, 68587
1.81, 68104
1.81, 66699
1.83, 66081
1.91, 65721
1.97, 65566
2.58, 65530
3.20, 65378
3.30, 65351
3.31, 65083
3.33, 65032
3.97, 64871
4.00, 64465
4.59, 63825
4.78, 63648
4.80, 63432
4.89, 62874
4.98, 62337
5.51, 62246
6.44, 62177
6.55, 60378
6.56, 60192
6.61, 59676
6.61, 59593
6.66, 59564
6.66, 59272
6.69, 58948
6.72, 58831
6.76, 58595
6.76, 58203
6.94, 58122
7.47, 57931
7.59, 57869
7.65, 57864
7.70, 57837
7.75, 57557
7.76, 57536
7.86, 57014
8.22, 56969
8.53, 56938
8.81, 56852
9.06, 56713
9.12, 56709
9.19, 56366
9.58, 56290
25.35, 56251
26.46, 56226
28.58, 55999
28.72, 55522
28.72, 55344
29.22, 55315
30.13, 54250
31.33, 54217
95.66, 54129
117.27, 53965
