0.00, 187215
0.02, 186576
0.02, 178758
0.02, 172175
0.03, 171949
0.03, 170219
0.03, 167873
0.03, 167420
0.03, 167237
0.03, 166554
0.05, 165656
0.05, 165192
0.05, 162861
0.05, 162716
0.06, 161200
0.06, 156240
0.06, 155309
0.08, 152620
0.09, 147719
0.11, 147455
0.11, 145184
0.13, 143770
0.13, 143007
0.13, 140941
0.14, 135904
0.14, 135743
0.14, 135423
0.17, 135277
0.19, 132387
0.19, 129122
0.22, 128565
0.23, 128190
0.25, 127903
0.25, 125902
0.27, 123717
0.27, 122782
0.28, 119843
0.28, 119124
0.28, 118507
0.28, 118494
0.28, 118400
0.28, 117306
0.30, 116493
0.30, 115880
0.30, 115051
0.33, 114247
0.33, 112118
0.34, 111653
0.34, 110945
0.34, 110942
0.34, 109352
0.36, 109275
0.36, 109121
0.36, 107545
0.36, 107406
0.36, 105884
0.39, 104970
0.41, 104635
0.42, 103940
0.42, 103834
0.42, 103098
0.42, 102022
0.42, 101579
0.44, 98514
0.45, 98459
0.45, 97772
0.47, 97571
0.47, 96310
0.47, 95979
0.48, 95864
0.48, 95365
0.50, 92769
0.50, 91640
0.50, 91129
0.52, 90418
0.52, 88670
0.52, 88633
0.53, 88095
0.53, 87791
0.53, 87703
0.53, 86232
0.55, 84460
0.56, 83742
0.56, 82224
0.58, 80755
0.59, 80269
0.59, 79612
0.64, 79414
0.66, 78690
0.66, 78586
0.70, 77962
0.70, 77885
0.77, 77673
0.84, 76621
0.97, 76483
1.03, 75906
1.03, 75548
1.06, 75185
1.09, 74712
1.14, 74141
1.20, 73312
1.23, 72468
1.25, 72225
1.27, 72133
1.39, 70607
1.56, 70499
1.78, 70269
1.81, 69802
1.83, 69695
1.91, 69664
1.91, 69391
2.05, 69183
2.08, 68280
2.08, 68172
2.23, 67965
2.33, 67964
2.55, 67746
2.59, 67289
2.61, 66965
2.62, 65564
2.75, 65525
2.77, 65381
2.87, 65188
2.97, 65103
3.25, 65040
3.36, 64931
3.53, 64527
3.56, 64236
3.70, 64168
3.87, 64054
4.06, 63473
4.16, 63357
4.19, 63137
4.36, 62759
4.47, 62704
4.61, 62267
4.61, 61388
4.64, 60771
4.69, 60382
4.73, 60347
4.76, 60084
4.78, 59844
5.00, 58627
5.05, 58381
5.47, 58311
5.50, 57998
5.51, 57659
6.34, 57562
6.34, 56902
6.39, 56793
6.64, 56760
6.66, 55936
8.08, 55888
15.01, 55800
15.02, 55744
21.44, 55693
21.51, 55617
31.51, 55537
32.25, 55412
32.35, 55199
32.39, 55182
32.45, 55016
34.17, 54827
34.46, 54674
34.54, 54596
34.76, 54574
34.78, 54137
62.27, 54127
62.32, 53990
113.60, 53975
