0.00, 183885
0.02, 177975
0.02, 172778
0.03, 169878
0.03, 167074
0.03, 166086
0.03, 165157
0.03, 155998
0.03, 153346
0.03, 151487
0.05, 149370
0.05, 143981
0.05, 143462
0.05, 138757
0.05, 136919
0.06, 135080
0.06, 134670
0.06, 134478
0.06, 130878
0.08, 129989
0.08, 129389
0.08, 128594
0.09, 126937
0.09, 120882
0.09, 120255
0.09, 114856
0.11, 110317
0.11, 109773
0.14, 108923
0.16, 108466
0.16, 108352
0.16, 107976
0.17, 107638
0.17, 106835
0.19, 106147
0.19, 105349
0.19, 104084
0.20, 103489
0.20, 99332
0.20, 99247
0.20, 99205
0.23, 98926
0.23, 96881
0.23, 96181
0.25, 95586
0.25, 94488
0.27, 93581
0.27, 93204
0.28, 92730
0.28, 92580
0.28, 90622
0.28, 90260
0.28, 88466
0.28, 88290
0.28, 86158
0.30, 85538
0.31, 84232
0.33, 84196
0.34, 84061
0.34, 83764
0.34, 83048
0.36, 82521
0.38, 82347
0.38, 81514
0.38, 81483
0.38, 81211
0.39, 81092
0.42, 80588
0.44, 80496
0.45, 80110
0.47, 79623
0.47, 78906
0.52, 78114
0.52, 77930
0.52, 77637
0.56, 76933
0.64, 76889
0.64, 76669
0.64, 76626
0.64, 76195
0.67, 75535
0.69, 75530
0.69, 74468
0.70, 72336
0.70, 72188
0.89, 71066
0.94, 70698
1.05, 70607
1.05, 70549
1.06, 70536
1.08, 70510
1.11, 70395
1.13, 68975
1.20, 68902
1.27, 68744
1.28, 68375
1.28, 68346
1.28, 68088
1.75, 67503
1.92, 66744
2.03, 66333
2.03, 66294
2.12, 65699
2.30, 65515
2.31, 64855
2.31, 64507
2.48, 64284
2.48, 63917
2.52, 63858
2.55, 63563
2.87, 63228
2.91, 63184
3.02, 63021
3.28, 62999
3.39, 62556
4.02, 62543
4.05, 62216
4.06, 61590
6.36, 61279
6.42, 60914
7.42, 60062
9.55, 60057
9.83, 59736
10.19, 59531
10.78, 59418
10.92, 58970
10.95, 58903
11.16, 58437
11.75, 57870
11.78, 57302
13.33, 56849
25.90, 56273
27.31, 56052
105.50, 55755
115.64, 55675
115.65, 55330
115.81, 55198
116.34, 55171
117.49, 54903
