0.00, 190640
0.02, 187728
0.02, 181080
0.02, 179781
0.02, 178052
0.03, 173367
0.03, 167572
0.03, 167035
0.03, 162581
0.03, 158709
0.03, 157336
0.05, 155186
0.05, 154993
0.05, 147228
0.05, 147225
0.06, 145884
0.11, 145690
0.13, 143194
0.13, 142413
0.14, 142161
0.14, 138239
0.16, 136345
0.16, 135541
0.16, 135256
0.17, 134824
0.20, 134781
0.20, 132466
0.20, 131197
0.20, 128374
0.20, 127350
0.20, 127088
0.22, 126704
0.22, 125555
0.22, 124847
0.24, 117875
0.27, 117712
0.28, 117398
0.28, 117316
0.30, 116485
0.30, 112222
0.33, 111758
0.33, 111084
0.33, 110885
0.34, 110389
0.34, 110272
0.34, 109398
0.36, 107022
0.38, 106266
0.39, 105779
0.39, 105592
0.41, 104669
0.41, 103540
0.41, 101234
0.42, 100877
0.42, 100768
0.44, 100426
0.44, 99383
0.44, 98961
0.44, 98823
0.44, 97320
0.45, 96855
0.45, 94223
0.47, 93937
0.50, 93730
0.50, 93523
0.50, 92683
0.52, 89413
0.52, 89286
0.55, 87950
0.56, 87448
0.58, 87161
0.59, 86479
0.61, 86379
0.61, 85318
0.63, 84304
0.66, 83928
0.72, 83530
0.80, 83398
0.80, 82851
0.83, 82760
0.83, 82213
0.84, 81814
0.84, 80932
0.84, 80909
0.88, 79160
0.91, 79077
1.13, 77065
1.13, 76473
1.13, 74215
1.13, 73287
1.17, 73028
1.39, 72635
1.45, 72270
1.55, 72260
1.56, 71974
1.58, 71931
1.58, 71326
1.58, 71109
1.61, 70825
1.72, 70412
1.72, 70191
1.75, 70010
1.75, 69830
1.80, 69453
1.85, 69176
1.86, 68962
1.87, 68868
2.16, 68380
2.30, 68211
2.31, 66657
2.31, 65729
2.34, 64497
2.36, 64027
2.75, 63384
2.75, 63240
2.81, 62757
2.84, 62647
2.86, 62472
2.92, 61724
2.92, 61031
3.06, 60319
3.51, 60286
3.83, 59827
4.22, 59805
4.31, 59701
4.39, 59309
4.45, 58349
4.47, 57961
4.50, 57478
4.84, 57389
4.90, 56722
5.00, 56640
5.15, 56503
5.25, 55949
5.36, 55491
6.13, 55454
6.14, 54996
7.53, 54644
7.62, 54631
14.99, 54524
15.93, 54348
16.27, 54333
