0.02, 183948
0.02, 181351
0.02, 176053
0.03, 175964
0.03, 171753
0.03, 165734
0.03, 163755
0.03, 157331
0.05, 155696
0.05, 155660
0.05, 155601
0.05, 154500
0.05, 151138
0.06, 150669
0.06, 150105
0.06, 149820
0.06, 144837
0.08, 143923
0.09, 143218
0.09, 142995
0.09, 141373
0.09, 139246
0.13, 136426
0.13, 135788
0.13, 132299
0.14, 131052
0.14, 130031
0.16, 129829
0.16, 128933
0.20, 127425
0.22, 119192
0.22, 118695
0.22, 118680
0.22, 118593
0.22, 116965
0.22, 115778
0.23, 114934
0.23, 114249
0.23, 113933
0.23, 112539
0.25, 111660
0.25, 111575
0.27, 109202
0.28, 107620
0.30, 107429
0.31, 106864
0.31, 105462
0.31, 102757
0.31, 101577
0.31, 100986
0.33, 100528
0.33, 99770
0.34, 98930
0.34, 97785
0.36, 97456
0.38, 97117
0.39, 95517
0.39, 95428
0.41, 94156
0.42, 93832
0.42, 92333
0.42, 92083
0.48, 90912
0.48, 90003
0.50, 89781
0.50, 89469
0.52, 89059
0.52, 88659
0.53, 88199
0.53, 87257
0.53, 86627
0.59, 86345
0.59, 85808
0.63, 85518
0.66, 85398
0.66, 84868
0.67, 84320
0.67, 83979
0.72, 82741
0.83, 82371
0.91, 82265
0.92, 79595
0.92, 79547
0.92, 79174
0.94, 78910
0.97, 78788
0.98, 78257
0.98, 78125
1.00, 77607
1.00, 77066
1.03, 77063
1.03, 77028
1.05, 76881
1.05, 76814
1.06, 76486
1.11, 76440
1.14, 75957
1.16, 75733
1.30, 75156
1.30, 74901
1.41, 74542
1.42, 74413
1.42, 74107
1.44, 73993
1.47, 72854
1.56, 72535
1.58, 71466
1.59, 70792
1.64, 70610
1.67, 69534
1.69, 69031
1.94, 68952
2.14, 68944
2.17, 68781
2.48, 68419
2.52, 68361
2.53, 68172
2.58, 66112
2.59, 65756
2.78, 65551
2.84, 64409
3.17, 63987
3.17, 63923
3.27, 63294
3.42, 63292
3.56, 63019
4.03, 62978
4.50, 62723
4.56, 61744
4.98, 61577
5.22, 61280
5.45, 61251
6.44, 60976
6.84, 60966
7.56, 60017
7.56, 59982
7.58, 59909
7.67, 58944
7.73, 58889
8.75, 58813
8.81, 58523
8.92, 58413
9.12, 57863
9.89, 57605
9.92, 57570
11.76, 57262
12.39, 57076
13.73, 56778
14.31, 56706
14.73, 56438
14.76, 56378
14.81, 56327
18.49, 56304
19.30, 56038
38.95, 55629
39.63, 55431
44.02, 55418
44.12, 55228
54.43, 54901
62.24, 54880
62.86, 54832
90.28, 54286
90.28, 54179
96.39, 54165
103.74, 54127
103.98, 53990
