0.02, 185884
0.03, 184343
0.03, 177865
0.03, 176398
0.03, 175633
0.03, 175572
0.03, 173900
0.05, 167675
0.05, 165206
0.05, 159160
0.06, 152435
0.06, 150850
0.06, 149218
0.08, 144374
0.08, 142253
0.09, 141409
0.09, 139558
0.09, 138340
0.09, 137514
0.11, 135774
0.11, 135175
0.13, 133565
0.13, 131607
0.13, 130292
0.14, 129732
0.16, 129039
0.17, 128259
0.17, 127555
0.17, 126765
0.17, 126523
0.17, 125936
0.17, 125364
0.19, 124802
0.19, 124519
0.20, 124514
0.20, 123736
0.22, 122598
0.22, 122499
0.23, 121530
0.23, 120644
0.23, 119561
0.23, 119265
0.25, 119106
0.25, 117420
0.27, 115766
0.27, 110099
0.28, 109031
0.28, 108162
0.30, 107752
0.31, 104777
0.33, 104237
0.34, 103771
0.36, 102283
0.38, 101386
0.39, 101316
0.41, 100873
0.41, 100219
0.41, 98874
0.42, 98147
0.44, 97919
0.44, 97502
0.44, 96968
0.44, 96579
0.45, 96089
0.45, 95538
0.47, 94925
0.48, 94870
0.50, 94854
0.56, 94740
0.56, 93990
0.58, 92729
0.58, 91837
0.58, 91751
0.59, 91577
0.59, 89658
0.61, 88511
0.63, 85593
0.64, 84050
0.64, 83533
0.64, 82959
0.66, 82550
0.66, 82347
0.67, 82244
0.67, 81929
0.67, 79874
0.69, 79711
0.69, 79051
0.70, 78936
0.70, 78793
0.70, 78726
0.72, 78260
0.73, 76659
0.75, 76076
0.77, 75541
0.84, 75525
0.92, 74465
0.92, 73578
1.03, 73256
1.05, 72708
1.05, 72348
1.11, 72187
1.14, 71655
1.16, 71628
1.19, 70693
1.27, 70675
1.30, 69518
1.30, 68557
1.31, 68444
1.34, 68274
1.38, 68238
1.39, 68154
1.42, 68004
1.42, 67565
1.44, 67246
1.44, 67215
1.45, 67205
1.45, 67141
1.55, 66979
1.64, 66842
1.84, 66592
2.06, 66532
2.08, 66490
2.24, 65901
2.27, 65824
2.59, 65608
2.59, 65465
2.59, 65004
2.63, 64724
2.91, 64263
3.22, 64047
3.67, 63341
4.34, 63119
4.39, 62552
4.56, 62211
4.83, 61981
5.22, 61904
5.42, 61761
6.67, 61608
6.73, 61580
6.73, 60585
6.92, 60571
7.11, 59889
7.20, 59803
7.23, 59703
7.31, 59212
7.67, 59169
8.05, 58730
8.09, 58698
8.34, 57932
8.37, 57643
8.91, 57529
13.78, 57237
14.81, 57092
18.06, 56328
18.08, 56307
18.81, 56259
20.75, 55975
21.31, 55951
21.31, 55612
21.31, 55437
39.53, 55129
39.55, 55094
71.09, 54491
101.30, 54462
