0.02, 175550
0.02, 174658
0.03, 173894
0.03, 173268
0.03, 171054
0.03, 164957
0.05, 164946
0.05, 164705
0.05, 159488
0.06, 149997
0.06, 148501
0.08, 145561
0.08, 144398
0.08, 142843
0.08, 139652
0.09, 135181
0.09, 134957
0.09, 134930
0.09, 134906
0.11, 134511
0.11, 133612
0.11, 130622
0.13, 130061
0.13, 129810
0.13, 129677
0.16, 129263
0.16, 126621
0.16, 125301
0.16, 124308
0.17, 122802
0.17, 121698
0.17, 120981
0.17, 120976
0.19, 120951
0.19, 119531
0.19, 117832
0.20, 117382
0.20, 117298
0.22, 114747
0.22, 113460
0.23, 113402
0.25, 112725
0.25, 111817
0.25, 111468
0.25, 111018
0.27, 110094
0.28, 108972
0.30, 108768
0.31, 108738
0.34, 108279
0.36, 106276
0.38, 105610
0.38, 103442
0.41, 103257
0.42, 102463
0.44, 101827
0.44, 100863
0.47, 99753
0.47, 98740
0.48, 98411
0.48, 97392
0.48, 96765
0.55, 96661
0.59, 95890
0.61, 95061
0.63, 94755
0.63, 94752
0.63, 94477
0.70, 93512
0.72, 89575
0.72, 89168
0.75, 88869
0.77, 88314
0.77, 86513
0.78, 86345
0.78, 84513
0.78, 84492
0.80, 82625
0.80, 82593
0.89, 77583
0.92, 77375
1.05, 77209
1.05, 76822
1.13, 76131
1.14, 75318
1.16, 75284
1.16, 75068
1.27, 74908
1.36, 74479
1.41, 74372
1.61, 74155
1.75, 73784
1.81, 73370
1.95, 73040
1.97, 72981
1.97, 72509
2.16, 71606
2.38, 71589
2.38, 70517
2.66, 70035
2.95, 68617
3.08, 68571
3.25, 68502
3.28, 68136
3.28, 68044
3.34, 68041
3.39, 66693
3.39, 66506
3.42, 66284
3.47, 66051
3.61, 66040
3.73, 66033
3.94, 65869
4.27, 65716
4.28, 65328
4.28, 64991
4.30, 63878
4.39, 63778
4.42, 63709
4.42, 62842
4.44, 59034
4.52, 58953
4.53, 58571
4.55, 58406
5.17, 58151
8.47, 58041
12.48, 57649
12.75, 57403
19.18, 57372
19.41, 57289
19.90, 57277
20.52, 57086
22.90, 57029
29.27, 56994
30.11, 56767
30.14, 56597
30.21, 56561
33.24, 56287
33.38, 56237
35.56, 56135
35.56, 56098
49.48, 55951
49.84, 55709
