0.00, 189911
0.02, 179734
0.03, 176777
0.03, 176052
0.03, 168990
0.03, 164350
0.03, 161509
0.03, 159544
0.05, 157156
0.05, 157061
0.05, 156836
0.05, 156104
0.06, 154764
0.06, 153806
0.06, 152920
0.06, 151148
0.09, 139497
0.09, 139113
0.09, 138662
0.09, 137270
0.09, 135859
0.11, 135208
0.13, 131776
0.13, 131185
0.13, 129778
0.14, 129507
0.16, 127389
0.16, 126682
0.16, 124356
0.17, 122350
0.17, 121076
0.17, 121075
0.19, 121070
0.19, 120587
0.20, 119408
0.20, 119163
0.22, 118900
0.22, 116947
0.23, 113850
0.25, 113189
0.27, 112304
0.27, 111989
0.27, 111654
0.27, 110389
0.27, 110360
0.27, 108339
0.28, 106794
0.28, 104343
0.28, 103051
0.28, 102984
0.30, 102341
0.30, 100864
0.31, 100782
0.33, 99992
0.33, 99927
0.34, 99259
0.34, 98084
0.34, 97297
0.36, 97272
0.44, 97154
0.45, 97086
0.47, 93400
0.47, 93304
0.47, 92674
0.48, 92414
0.55, 91988
0.56, 91094
0.56, 90402
0.58, 88901
0.63, 88398
0.64, 86734
0.69, 86097
0.69, 84777
0.73, 83924
0.73, 83085
0.73, 83051
0.77, 83035
0.77, 81820
0.78, 81495
0.80, 81490
0.80, 80950
0.80, 80695
0.81, 80035
0.83, 78867
0.84, 78866
0.89, 78710
0.95, 78036
0.95, 77214
1.00, 76399
1.05, 76395
1.16, 76079
1.25, 75511
1.30, 75374
1.45, 75254
1.52, 75245
1.52, 74831
1.61, 73617
1.64, 72548
1.67, 72519
1.69, 72167
1.94, 71031
2.16, 70469
2.20, 69565
2.23, 68994
2.34, 68635
2.44, 68613
2.45, 68318
2.48, 68292
2.91, 68127
3.89, 67816
4.09, 67618
4.12, 64971
4.17, 64404
4.20, 64096
4.36, 64014
4.37, 62644
4.39, 62546
4.42, 62527
4.44, 62377
4.47, 61731
4.59, 61488
4.59, 60235
4.61, 59948
4.62, 59754
4.84, 59673
4.87, 59441
4.92, 59164
4.94, 58772
5.28, 58529
5.42, 58396
5.51, 58331
5.55, 58049
5.58, 57790
5.59, 57711
5.92, 57643
9.30, 57622
10.38, 57442
10.58, 57319
10.75, 56771
10.83, 56575
10.91, 56329
11.39, 56061
12.67, 55954
12.70, 55843
12.75, 55422
18.08, 55374
19.67, 55332
19.78, 55295
30.03, 55236
30.04, 54706
30.08, 54425
30.12, 54374
30.29, 54286
30.95, 54007
34.03, 53758
34.12, 53636
37.67, 53343
40.95, 53334
40.97, 53270
