0.00, 176342
0.02, 173417
0.02, 168214
0.02, 161577
0.02, 157728
0.02, 157015
0.03, 156022
0.03, 155275
0.03, 154838
0.05, 146841
0.05, 146275
0.05, 143243
0.06, 143202
0.06, 142125
0.06, 141591
0.08, 140775
0.08, 136107
0.08, 130009
0.08, 128597
0.08, 128235
0.09, 127181
0.09, 127174
0.11, 126234
0.11, 124331
0.13, 122037
0.13, 120620
0.13, 118553
0.13, 117424
0.13, 114761
0.13, 114523
0.14, 114286
0.16, 114131
0.17, 113013
0.17, 112071
0.19, 111923
0.19, 111430
0.19, 110331
0.20, 110057
0.20, 107028
0.22, 105688
0.22, 105193
0.23, 104893
0.23, 104882
0.23, 103994
0.25, 103983
0.25, 101891
0.25, 101618
0.27, 101457
0.27, 97999
0.27, 97020
0.28, 94214
0.30, 93714
0.31, 92442
0.31, 91917
0.38, 91862
0.38, 91481
0.39, 91429
0.41, 91201
0.41, 90586
0.41, 90179
0.42, 89358
0.42, 88774
0.44, 88315
0.45, 88299
0.47, 88102
0.47, 88089
0.47, 87368
0.47, 87187
0.47, 86359
0.52, 85882
0.53, 85700
0.53, 84467
0.56, 84287
0.56, 83785
0.64, 83380
0.64, 83286
0.64, 82517
0.73, 82435
0.80, 82130
0.86, 82113
0.91, 81499
0.92, 81359
0.92, 81190
0.92, 81178
1.00, 80850
1.08, 80653
1.08, 80639
1.08, 79848
1.11, 79710
1.13, 79309
1.16, 78418
1.16, 78379
1.16, 78362
1.17, 77504
1.20, 77213
1.22, 77131
1.27, 76987
1.39, 76511
1.42, 76265
1.48, 75903
1.48, 74362
1.48, 74008
1.48, 73628
1.52, 72025
1.56, 71516
1.91, 71372
1.94, 70826
2.00, 69307
2.02, 69163
2.08, 68846
2.19, 68843
2.23, 68275
2.42, 67841
2.67, 67591
2.77, 67141
2.83, 66896
2.84, 66559
2.87, 66539
2.92, 66133
2.92, 65989
2.95, 65879
2.98, 65866
3.20, 65255
3.33, 64594
3.39, 64005
3.47, 63799
3.94, 63778
4.22, 63510
4.48, 62976
4.48, 62934
4.59, 62800
4.86, 62674
4.91, 61835
5.00, 61753
5.05, 60894
8.34, 60875
9.36, 60750
9.56, 60738
9.59, 60709
9.65, 60599
9.89, 60595
9.95, 60344
13.00, 60326
13.03, 60180
14.54, 58976
15.82, 58779
16.07, 58146
16.64, 58040
16.64, 58009
16.90, 57448
18.67, 56864
18.71, 56790
18.84, 56424
18.89, 56272
19.14, 56235
19.20, 56180
23.83, 56054
23.87, 55914
23.87, 55470
37.25, 55333
49.53, 55304
49.61, 55275
55.26, 55106
55.33, 54957
55.37, 54951
55.39, 54923
55.39, 54737
56.92, 53725
