0.02, 196750
0.02, 184484
0.02, 178981
0.03, 176087
0.03, 171675
0.03, 163966
0.03, 163893
0.05, 162986
0.05, 156620
0.05, 155422
0.05, 155263
0.06, 154821
0.06, 153575
0.06, 152156
0.06, 152073
0.06, 148220
0.08, 148152
0.08, 147019
0.08, 146762
0.08, 145776
0.08, 144569
0.09, 140858
0.09, 139678
0.09, 139670
0.09, 133787
0.11, 132186
0.11, 132037
0.11, 130901
0.13, 130263
0.13, 129393
0.14, 124654
0.16, 123991
0.17, 123880
0.17, 123741
0.19, 123179
0.19, 122902
0.20, 121538
0.20, 120388
0.20, 119224
0.22, 117630
0.22, 117064
0.22, 116085
0.24, 115207
0.24, 113892
0.24, 113587
0.25, 112519
0.25, 110581
0.25, 106736
0.25, 105853
0.27, 105379
0.28, 104660
0.30, 103213
0.30, 102152
0.30, 100023
0.30, 98946
0.31, 98546
0.31, 98367
0.33, 98146
0.33, 97951
0.33, 94710
0.34, 93204
0.36, 87322
0.39, 86236
0.39, 85396
0.39, 85221
0.42, 82595
0.45, 82297
0.45, 81557
0.47, 81387
0.47, 80902
0.47, 80157
0.47, 79312
0.50, 78859
0.70, 78793
0.73, 78724
0.83, 78326
0.86, 78125
0.87, 76118
0.87, 75460
0.89, 75422
0.92, 75257
1.03, 74736
1.05, 73784
1.06, 73613
1.08, 72489
1.09, 72440
1.11, 72228
1.17, 72027
1.17, 72013
1.19, 71625
1.19, 71461
1.25, 70790
1.31, 70573
1.33, 69675
1.34, 68909
1.36, 68636
1.36, 68213
1.67, 68050
1.73, 67613
1.76, 67426
1.81, 67224
1.87, 67136
2.03, 67133
3.28, 66749
3.30, 65743
3.30, 65566
3.37, 65551
3.47, 65419
3.50, 65181
3.97, 64994
4.06, 64913
4.06, 64756
5.03, 64524
5.09, 64162
5.17, 63597
5.50, 63360
5.83, 63138
5.90, 62372
6.53, 62249
6.61, 62213
7.14, 62127
8.73, 62090
8.73, 61940
8.75, 61616
10.11, 61299
10.39, 60986
11.01, 60299
11.03, 60192
11.23, 59625
11.26, 58978
11.28, 58424
11.51, 58224
13.53, 57877
13.67, 57169
13.68, 57102
16.75, 56803
17.51, 56689
17.54, 56438
17.82, 56329
17.92, 56269
20.20, 56221
32.16, 56117
