0.00, 187741
0.02, 181472
0.03, 176232
0.03, 173915
0.03, 173737
0.03, 169387
0.03, 163447
0.05, 162390
0.05, 159253
0.05, 157509
0.05, 155880
0.05, 152263
0.06, 152119
0.09, 150556
0.11, 148969
0.11, 148674
0.11, 147958
0.11, 145048
0.13, 145030
0.14, 144362
0.16, 143204
0.17, 142886
0.17, 142723
0.17, 140037
0.17, 134923
0.20, 134229
0.20, 133025
0.22, 132758
0.22, 130538
0.22, 130368
0.23, 130247
0.23, 129337
0.25, 128031
0.25, 127392
0.25, 126094
0.25, 125248
0.25, 124044
0.25, 122284
0.25, 121357
0.27, 117460
0.30, 115263
0.31, 114200
0.31, 111198
0.33, 110690
0.33, 109801
0.33, 109697
0.36, 109212
0.37, 109064
0.39, 107650
0.39, 107148
0.39, 106086
0.41, 105536
0.41, 105280
0.41, 104261
0.42, 104234
0.42, 104192
0.44, 103628
0.44, 103544
0.45, 103166
0.45, 100654
0.47, 99713
0.47, 99100
0.47, 97917
0.48, 95413
0.48, 93987
0.50, 93537
0.50, 90308
0.50, 90226
0.52, 89305
0.53, 88525
0.56, 86501
0.58, 83404
0.59, 83313
0.61, 83304
0.62, 83277
0.66, 82253
0.66, 81465
0.68, 81130
0.68, 80585
0.69, 79628
0.69, 77810
0.69, 77614
0.71, 77358
0.72, 76949
0.72, 76852
0.75, 76456
0.75, 75363
0.75, 74710
0.80, 74475
0.80, 74465
0.80, 74356
0.84, 74134
0.84, 73599
0.86, 72035
0.89, 71643
0.91, 71587
1.09, 71380
1.27, 71184
1.30, 70090
1.30, 69946
1.31, 68665
1.34, 68507
1.39, 68426
1.39, 68424
1.77, 68361
1.81, 67880
1.81, 67877
1.83, 67734
1.84, 66062
1.98, 65929
2.02, 65740
2.11, 65547
2.35, 65246
3.25, 64289
3.36, 64098
3.36, 63780
3.96, 63750
4.01, 63734
4.08, 63365
4.41, 62801
5.02, 62421
5.23, 62418
5.40, 61678
6.95, 61248
7.49, 61076
8.49, 61018
8.50, 60886
8.58, 60572
9.27, 59692
9.28, 59562
9.33, 59518
9.42, 58947
9.42, 58936
9.53, 58778
9.68, 58440
10.66, 57397
11.08, 57343
11.87, 57137
15.83, 57135
16.70, 57084
16.70, 56996
16.86, 56717
19.42, 56378
19.45, 56085
19.61, 55371
19.63, 55008
19.69, 54941
19.96, 54354
21.55, 54014
22.01, 53966
23.73, 53931
100.35, 53710
102.53, 53618
