0.00, 186759
0.02, 176017
0.02, 174487
0.02, 171686
0.02, 170243
0.02, 163434
0.03, 162985
0.04, 156826
0.04, 153298
0.04, 148495
0.05, 147669
0.05, 145701
0.05, 143513
0.05, 142695
0.05, 142642
0.07, 139866
0.07, 139312
0.08, 139111
0.08, 136434
0.10, 136069
0.10, 134653
0.10, 133910
0.12, 133509
0.12, 131885
0.12, 128467
0.13, 128175
0.15, 127789
0.15, 127619
0.15, 127302
0.15, 126375
0.15, 121010
0.16, 120578
0.16, 120485
0.16, 118341
0.16, 115907
0.18, 115715
0.19, 115507
0.19, 115278
0.19, 113914
0.19, 113505
0.21, 112944
0.21, 112332
0.23, 111548
0.23, 110848
0.23, 110036
0.23, 107673
0.24, 106568
0.29, 106447
0.29, 105888
0.30, 104462
0.30, 102447
0.32, 101633
0.32, 101580
0.32, 101257
0.33, 100214
0.33, 99190
0.35, 98971
0.37, 98127
0.38, 96777
0.40, 96595
0.44, 96412
0.46, 95484
0.46, 95024
0.49, 94230
0.51, 93438
0.54, 93226
0.55, 92650
0.60, 92603
0.68, 90867
0.69, 90475
0.69, 90407
0.71, 90152
0.71, 89614
0.71, 89224
0.73, 88714
0.73, 87618
0.73, 86944
0.74, 85971
0.74, 84327
0.76, 83656
0.76, 83587
0.76, 81492
0.76, 81178
0.77, 80329
0.79, 79914
0.79, 77966
0.82, 77787
0.82, 77783
0.82, 77636
0.91, 77597
0.97, 77590
0.99, 77387
1.00, 77028
1.03, 76899
1.06, 76169
1.14, 76129
1.17, 76108
1.19, 75499
1.19, 75448
1.25, 74781
1.50, 74729
1.52, 74710
1.52, 74104
1.53, 73323
1.59, 72622
1.64, 72596
1.70, 71693
1.70, 71628
1.75, 71488
1.77, 71313
2.05, 71069
2.29, 70678
2.29, 70428
2.29, 70260
2.30, 69857
2.30, 69806
2.51, 69252
2.51, 69045
2.51, 68709
2.54, 68609
2.62, 68518
2.63, 68291
2.65, 67850
2.71, 67559
2.73, 67054
2.74, 66954
2.80, 66839
2.82, 66387
2.82, 65831
2.84, 65399
2.85, 65220
2.87, 64765
3.18, 64680
3.20, 64613
3.34, 64513
3.66, 64412
3.68, 64119
3.88, 64015
4.00, 63672
4.04, 63346
4.10, 63310
4.17, 62835
4.18, 62784
4.54, 62607
4.71, 62489
5.32, 62359
5.62, 60990
6.53, 60891
6.75, 60846
6.76, 60748
6.81, 60641
7.11, 60326
7.15, 60262
7.17, 60148
7.75, 59387
8.08, 59154
8.48, 58508
8.53, 58008
8.94, 57951
8.97, 57680
9.11, 57179
9.36, 56299
9.37, 55762
9.81, 55146
12.30, 55111
12.66, 54534
14.28, 53973
22.78, 53553
26.54, 53524
61.28, 53161
108.02, 53147
