0.02, 193974
0.02, 185361
0.03, 184960
0.03, 179593
0.03, 178585
0.03, 177286
0.03, 174793
0.03, 167044
0.05, 166268
0.05, 164915
0.05, 163148
0.05, 156845
0.06, 155797
0.06, 147190
0.06, 146331
0.06, 144472
0.08, 135161
0.08, 135148
0.09, 134985
0.09, 134982
0.09, 132434
0.11, 132381
0.11, 129655
0.11, 127357
0.11, 126435
0.11, 126203
0.13, 126136
0.13, 125016
0.13, 121146
0.14, 120365
0.17, 120179
0.17, 117346
0.17, 116838
0.17, 115569
0.17, 111614
0.20, 110563
0.22, 108684
0.23, 107980
0.27, 105374
0.30, 104886
0.36, 104017
0.36, 101070
0.38, 100269
0.38, 100068
0.39, 97952
0.41, 97229
0.41, 96885
0.42, 95765
0.45, 94553
0.45, 93185
0.48, 92112
0.48, 89665
0.48, 89060
0.48, 89001
0.50, 88671
0.50, 88357
0.52, 88033
0.55, 87613
0.56, 87378
0.59, 87039
0.59, 86982
0.61, 86781
0.61, 86202
0.61, 85689
0.61, 84625
0.63, 84268
0.64, 83912
0.66, 83677
0.67, 83408
0.67, 83227
0.73, 81382
0.81, 80951
0.83, 79220
0.86, 78977
1.23, 76923
1.25, 76788
1.28, 76745
1.30, 75900
1.33, 75154
1.45, 74489
1.47, 73997
1.48, 73462
1.48, 72987
1.75, 72686
1.80, 72348
1.83, 72312
1.83, 71848
1.84, 71694
1.88, 71351
1.92, 71338
1.98, 71329
2.16, 71234
2.17, 71179
2.25, 69975
2.27, 69422
2.28, 69375
2.41, 68892
2.41, 68851
2.69, 68247
2.70, 68062
2.70, 67080
2.75, 65934
2.75, 65659
2.94, 65282
3.00, 65197
3.14, 64821
3.22, 64807
3.34, 64787
3.47, 64379
3.50, 64376
3.55, 64290
3.70, 64111
3.75, 64034
3.81, 63454
3.81, 62887
3.84, 62182
3.84, 61722
3.91, 61696
3.91, 61633
3.91, 61129
3.92, 60948
4.25, 60359
4.45, 59915
4.61, 58555
4.72, 57958
5.16, 57893
5.55, 57764
6.50, 57602
6.66, 57525
7.64, 57127
7.78, 57074
7.84, 57045
7.89, 56878
7.97, 56519
9.01, 56140
9.09, 56000
9.56, 55358
10.73, 55237
10.83, 53920
26.30, 53844
62.19, 53770
91.28, 53435
