0.00, 197284
0.02, 195064
0.02, 188272
0.02, 184603
0.02, 174131
0.02, 160960
0.02, 159535
0.03, 146587
0.03, 144775
0.03, 144020
0.03, 143867
0.03, 140040
0.05, 136160
0.06, 136117
0.06, 132405
0.08, 131614
0.08, 129561
0.09, 127254
0.09, 123917
0.11, 123588
0.13, 123175
0.13, 121703
0.13, 121093
0.14, 119919
0.14, 119829
0.14, 118410
0.14, 115816
0.16, 114691
0.16, 113679
0.16, 113049
0.17, 110482
0.17, 109003
0.17, 107439
0.17, 106371
0.17, 105385
0.19, 104752
0.19, 103326
0.19, 102101
0.22, 98265
0.22, 98220
0.24, 97889
0.25, 97823
0.25, 97786
0.25, 97375
0.27, 96874
0.28, 96201
0.28, 96147
0.28, 93876
0.28, 92910
0.31, 92843
0.31, 92434
0.33, 91597
0.33, 89397
0.34, 89390
0.34, 89354
0.36, 89254
0.36, 89020
0.36, 88930
0.38, 87297
0.39, 87147
0.39, 87134
0.64, 86999
0.67, 85631
0.72, 85221
0.74, 84034
0.74, 83117
0.74, 82103
0.74, 81615
0.75, 81235
0.80, 80315
0.80, 80250
0.83, 79942
0.86, 79811
0.88, 79801
0.88, 78351
0.89, 77746
0.95, 77529
1.00, 77520
1.06, 76099
1.06, 75975
1.09, 74591
1.11, 74570
1.16, 73763
1.17, 73471
1.24, 72814
1.24, 72324
1.27, 71689
1.41, 71377
1.41, 70699
1.56, 70207
1.58, 69483
1.58, 69187
1.67, 68912
1.73, 68885
1.73, 68804
1.75, 68741
1.75, 66928
1.75, 66755
1.86, 66187
2.09, 65123
2.11, 65026
2.13, 64945
2.33, 64361
2.44, 63327
2.45, 62992
2.47, 62990
2.47, 62433
2.50, 61739
2.58, 60599
2.67, 59942
2.73, 59927
2.73, 59186
2.80, 58999
2.86, 58890
2.89, 58200
3.08, 58070
3.55, 58007
4.23, 56987
9.42, 56713
46.64, 56268
49.43, 55736
49.71, 55446
50.07, 55082
50.09, 54931
62.90, 54511
63.71, 54435
77.88, 54060
