0.00, 188096
0.02, 187625
0.02, 177517
0.02, 176777
0.03, 166621
0.03, 163501
0.03, 163024
0.03, 159435
0.03, 157703
0.03, 156614
0.05, 154754
0.05, 154409
0.05, 152251
0.05, 147062
0.06, 146108
0.06, 144868
0.08, 141898
0.09, 141050
0.09, 140963
0.09, 140589
0.09, 139840
0.11, 137005
0.11, 134422
0.11, 133848
0.13, 131565
0.13, 129719
0.13, 129240
0.14, 126656
0.14, 124891
0.14, 124231
0.14, 122544
0.14, 122236
0.17, 121305
0.19, 120252
0.19, 119230
0.19, 118701
0.20, 118104
0.23, 117776
0.23, 117181
0.23, 116810
0.23, 104940
0.25, 103763
0.25, 102927
0.27, 101808
0.27, 101391
0.28, 101035
0.28, 100872
0.28, 100625
0.30, 99804
0.31, 99453
0.33, 99311
0.33, 95939
0.33, 94262
0.34, 93840
0.34, 91087
0.34, 90258
0.36, 89495
0.39, 89473
0.41, 88819
0.41, 86749
0.42, 86178
0.47, 86172
0.47, 84859
0.55, 84785
0.56, 84502
0.58, 82915
0.58, 82556
0.67, 81653
0.69, 81158
0.70, 81041
0.70, 80966
0.73, 80705
0.77, 80632
0.77, 80628
0.78, 80467
0.78, 79286
0.82, 79175
0.82, 77929
0.82, 77564
0.84, 76734
0.87, 76532
0.89, 75212
0.90, 74897
0.98, 74716
0.98, 74150
0.98, 73600
0.99, 72996
1.06, 72977
1.12, 72821
1.26, 72459
1.29, 71368
1.35, 71228
1.39, 71123
1.42, 70519
1.48, 70474
1.60, 69856
1.60, 69604
1.64, 68855
1.81, 68814
1.98, 67979
2.14, 67931
2.15, 67668
2.20, 66958
2.21, 66230
2.42, 65882
2.51, 65879
2.63, 64892
2.79, 64689
2.85, 64447
2.87, 63593
2.88, 63475
2.90, 63266
2.96, 62832
2.98, 62275
3.17, 61680
3.21, 61607
3.63, 61521
4.09, 61125
4.23, 60435
4.29, 60408
4.34, 59932
4.37, 58767
4.74, 58589
5.17, 57988
5.52, 57843
5.82, 57793
7.23, 57485
12.85, 57421
15.24, 57012
17.38, 56330
18.10, 56127
28.74, 56105
28.75, 56086
28.83, 55687
33.74, 55623
47.40, 55460
47.44, 54971
55.96, 54837
