0.00, 196685
0.02, 194513
0.02, 189600
0.02, 177709
0.03, 170266
0.03, 166201
0.03, 164290
0.03, 164061
0.03, 153578
0.05, 152733
0.05, 151168
0.05, 150929
0.05, 148200
0.06, 146639
0.06, 146526
0.06, 145444
0.06, 143484
0.06, 143113
0.06, 142123
0.06, 141710
0.08, 140123
0.08, 139663
0.08, 139181
0.09, 136828
0.09, 136124
0.09, 135174
0.11, 133703
0.11, 133669
0.13, 133309
0.13, 132651
0.14, 130988
0.14, 128764
0.14, 128135
0.16, 127856
0.16, 125151
0.17, 125091
0.17, 124005
0.19, 123034
0.20, 122011
0.20, 121352
0.20, 120756
0.20, 118206
0.20, 118097
0.20, 117817
0.23, 117718
0.25, 116904
0.25, 116280
0.25, 115539
0.25, 114718
0.25, 114407
0.25, 112987
0.27, 112767
0.28, 111534
0.30, 110500
0.30, 110314
0.30, 110201
0.30, 109279
0.30, 108925
0.31, 107858
0.31, 107761
0.36, 107350
0.36, 106370
0.41, 101207
0.42, 99274
0.44, 97348
0.45, 97284
0.47, 96426
0.48, 96300
0.50, 95321
0.50, 95147
0.52, 94111
0.52, 90335
0.52, 90161
0.53, 89979
0.53, 89951
0.55, 84924
0.59, 83239
0.59, 79982
0.63, 79772
0.64, 79442
0.66, 79378
0.66, 78163
0.66, 77962
0.67, 77450
0.69, 76741
0.70, 75986
0.72, 75464
0.73, 75428
0.84, 75264
0.86, 75208
0.87, 75148
0.91, 74390
0.94, 74323
0.95, 73793
1.03, 72677
1.08, 72637
1.14, 71660
1.19, 71334
1.19, 70952
1.20, 70889
1.23, 69567
1.23, 69293
1.25, 69220
1.47, 69183
1.50, 69163
1.55, 69128
1.67, 69126
1.69, 68796
1.73, 68667
1.77, 68633
1.91, 68615
2.03, 68553
2.08, 67977
2.08, 67694
2.09, 67552
2.12, 66906
2.22, 66883
2.30, 66719
2.31, 66678
2.33, 66292
2.33, 66281
2.39, 66237
2.42, 65908
2.47, 65732
2.66, 65646
2.70, 65374
2.70, 65074
2.75, 64262
2.80, 64201
2.80, 64111
3.02, 63702
3.17, 63251
3.27, 63216
3.89, 63121
4.01, 63102
4.31, 62854
4.34, 62794
4.41, 62160
4.67, 61887
4.97, 61365
5.03, 61114
5.06, 60977
5.06, 60840
5.28, 60351
5.58, 59811
5.80, 59749
6.97, 59676
7.05, 59241
7.09, 59011
7.12, 58982
7.87, 58887
8.00, 58802
8.72, 58482
8.76, 58384
11.25, 58274
11.25, 57991
11.25, 57019
11.32, 56974
11.42, 56390
11.81, 56287
13.50, 55936
13.53, 55597
13.68, 55453
13.68, 55432
13.73, 55164
15.12, 55006
15.12, 55004
16.28, 54557
16.31, 54257
16.31, 53696
