0.00, 184481
0.02, 182109
0.02, 180627
0.02, 177309
0.03, 175857
0.03, 174610
0.03, 172240
0.03, 172049
0.03, 169296
0.03, 166210
0.05, 164951
0.05, 164147
0.05, 162044
0.05, 158307
0.05, 158031
0.05, 148779
0.06, 148071
0.06, 139222
0.06, 137253
0.06, 135688
0.06, 132545
0.06, 131495
0.08, 130741
0.08, 129558
0.08, 128158
0.09, 127018
0.11, 126513
0.11, 123732
0.13, 123220
0.13, 121659
0.13, 119796
0.14, 119389
0.14, 117888
0.14, 117153
0.14, 115852
0.16, 114368
0.16, 114214
0.17, 109702
0.17, 108553
0.19, 108191
0.20, 108099
0.22, 107617
0.23, 104907
0.25, 100987
0.27, 100892
0.33, 100647
0.33, 99918
0.33, 99338
0.34, 99205
0.34, 98852
0.37, 98615
0.39, 98310
0.41, 96286
0.42, 95910
0.44, 95269
0.44, 93691
0.45, 93632
0.47, 93012
0.47, 92792
0.47, 90641
0.47, 90322
0.50, 90164
0.53, 88556
0.53, 88327
0.53, 88198
0.55, 87285
0.56, 86839
0.56, 86641
0.58, 86473
0.61, 85405
0.61, 84721
0.61, 84319
0.62, 83083
0.62, 82287
0.62, 81485
0.62, 80438
0.73, 80390
0.75, 79966
0.77, 78844
0.83, 78626
0.83, 78189
0.84, 76626
0.84, 75815
0.86, 75778
0.89, 75353
0.91, 74940
0.92, 74766
0.95, 74281
1.02, 73755
1.09, 72906
1.17, 72862
1.19, 72817
1.23, 72484
1.34, 72216
1.37, 71791
1.39, 70629
1.42, 69780
1.47, 69603
1.58, 69322
1.58, 68483
1.61, 67934
1.62, 67616
1.64, 67477
1.64, 66937
1.66, 66606
1.67, 65668
1.83, 65656
2.00, 65267
2.00, 65054
2.02, 64972
2.08, 64771
2.12, 64260
2.14, 64127
2.16, 64041
2.16, 63834
2.17, 63747
2.19, 63524
2.20, 63083
2.20, 62992
2.23, 62415
2.25, 61893
2.33, 61796
2.45, 61791
2.64, 61675
2.75, 61165
2.78, 60536
2.87, 60396
3.14, 60333
4.30, 59971
4.30, 59925
7.08, 59858
7.09, 59794
7.15, 59408
7.25, 58739
7.25, 58673
7.56, 58293
7.58, 58273
7.58, 57640
7.62, 57616
7.70, 57453
8.69, 56899
8.72, 56792
9.98, 56449
10.01, 56250
11.79, 55828
12.15, 55752
13.87, 55191
14.15, 55177
14.40, 55033
14.43, 54945
32.36, 54745
119.48, 54346
