0.00, 197480
0.02, 186631
0.02, 178685
0.02, 177185
0.02, 174635
0.02, 172257
0.02, 168284
0.03, 166718
0.03, 163557
0.03, 162331
0.03, 162260
0.03, 161973
0.03, 160450
0.03, 159911
0.05, 156814
0.05, 154843
0.06, 151106
0.06, 147531
0.06, 143826
0.08, 142979
0.08, 137529
0.08, 137188
0.08, 136459
0.11, 134947
0.11, 131212
0.11, 128828
0.11, 124648
0.13, 124062
0.13, 124036
0.14, 123171
0.16, 121432
0.16, 116433
0.16, 116201
0.16, 114714
0.16, 109578
0.16, 109403
0.17, 107287
0.17, 105497
0.19, 104960
0.19, 104190
0.19, 103528
0.20, 103365
0.20, 102924
0.20, 101952
0.20, 101176
0.22, 99880
0.22, 99527
0.22, 98462
0.22, 97951
0.24, 96145
0.25, 95763
0.25, 93520
0.28, 91028
0.28, 90117
0.30, 88178
0.39, 87471
0.41, 87424
0.42, 87275
0.45, 86951
0.47, 86630
0.50, 85572
0.63, 85297
0.63, 84272
0.66, 83593
0.69, 82984
0.69, 82584
0.70, 81031
0.70, 79461
0.72, 78688
0.73, 78450
0.77, 78432
0.81, 78409
0.84, 77444
0.86, 77090
0.88, 76924
0.89, 76869
0.89, 76186
0.91, 75613
0.91, 74185
0.91, 71116
0.92, 70702
0.94, 70408
1.00, 70351
1.00, 70226
1.00, 68647
1.11, 68500
1.14, 67998
1.23, 67639
1.25, 67496
1.38, 67404
1.45, 67239
1.84, 66837
1.94, 66488
2.45, 66362
2.84, 65838
2.84, 64912
2.88, 64579
2.88, 64473
3.02, 64382
3.03, 63879
3.05, 63352
3.22, 62902
3.34, 62819
3.34, 62783
3.55, 62568
3.62, 62401
4.11, 61740
4.47, 61673
4.48, 61625
5.48, 61429
5.78, 61248
5.84, 60992
6.11, 60675
6.97, 60464
7.86, 59961
7.86, 59808
7.91, 59756
7.98, 59694
8.12, 59235
8.22, 58984
8.47, 58966
8.89, 58901
8.95, 58875
9.15, 58804
9.70, 58602
10.53, 58329
13.42, 58293
13.45, 58061
15.25, 57938
15.53, 57916
16.48, 57632
22.40, 57446
23.85, 57427
24.90, 57395
27.58, 56958
28.91, 56677
29.87, 56477
30.04, 56337
46.93, 56261
79.51, 56222
79.52, 56106
79.62, 56031
80.04, 55683
80.46, 55094
110.32, 55084
110.35, 54947
116.96, 53996
119.71, 53832
