0.00, 184910
0.02, 180951
0.02, 179796
0.02, 179665
0.02, 176525
0.03, 171873
0.03, 169641
0.03, 168212
0.03, 163415
0.03, 160703
0.05, 158415
0.05, 157820
0.05, 147575
0.05, 144639
0.05, 143173
0.05, 142373
0.06, 139810
0.06, 138394
0.06, 138003
0.06, 133908
0.06, 131742
0.08, 130759
0.08, 130217
0.09, 129690
0.09, 129038
0.11, 125818
0.11, 125780
0.11, 122259
0.11, 121483
0.11, 117250
0.11, 114401
0.13, 112532
0.13, 109836
0.13, 107686
0.14, 105521
0.14, 105337
0.14, 101285
0.16, 100732
0.17, 92960
0.17, 90729
0.19, 89690
0.19, 89177
0.22, 89130
0.25, 89115
0.27, 89076
0.27, 88438
0.27, 88377
0.27, 87463
0.28, 87207
0.28, 87038
0.28, 85630
0.30, 85183
0.31, 85067
0.33, 84533
0.34, 83333
0.34, 83006
0.34, 82365
0.36, 82050
0.42, 80237
0.44, 79841
0.44, 79780
0.47, 79590
0.48, 79315
0.48, 77586
0.50, 76320
0.50, 76225
0.53, 76014
0.55, 75749
0.55, 75570
0.55, 75541
0.55, 74767
0.56, 74704
0.58, 74379
0.58, 74035
0.61, 73915
0.77, 73280
0.77, 72996
0.91, 71944
0.92, 71912
0.95, 69194
1.00, 68032
1.02, 67670
1.05, 67459
1.23, 67152
1.28, 67023
1.45, 66767
1.48, 65992
1.55, 65789
1.56, 65683
1.61, 65228
1.63, 65092
1.63, 65051
1.66, 64928
1.73, 64506
1.80, 64262
2.50, 64060
2.78, 63483
3.12, 63161
3.17, 62845
3.19, 62720
3.42, 62081
3.47, 62003
4.08, 61748
4.36, 61556
4.37, 61373
4.39, 61352
4.45, 60380
4.55, 60116
4.72, 59853
4.84, 59444
5.94, 59181
8.55, 58634
8.80, 58570
8.84, 58433
8.87, 58069
8.90, 57502
8.90, 56722
8.98, 56687
9.14, 56317
9.78, 55981
16.68, 55902
17.47, 55762
27.20, 55609
30.16, 55581
35.59, 55155
47.70, 55072
54.14, 54663
