0.00, 190336
0.02, 182946
0.02, 176982
0.02, 172374
0.02, 171185
0.03, 166808
0.03, 166794
0.03, 163434
0.03, 162070
0.03, 162003
0.05, 155961
0.05, 152653
0.05, 151345
0.05, 148021
0.05, 147917
0.05, 144770
0.05, 143932
0.06, 136563
0.06, 132984
0.06, 130831
0.08, 130710
0.08, 130406
0.08, 130356
0.08, 127132
0.08, 125163
0.11, 124028
0.11, 123903
0.11, 123224
0.11, 122056
0.13, 120665
0.13, 120207
0.13, 116081
0.14, 114206
0.16, 112803
0.16, 111590
0.16, 107021
0.16, 106693
0.17, 104946
0.17, 103103
0.19, 102721
0.19, 102395
0.19, 102021
0.20, 101392
0.20, 100033
0.20, 99451
0.22, 96650
0.22, 93924
0.23, 93437
0.23, 93149
0.25, 92830
0.25, 92199
0.25, 91836
0.27, 91061
0.27, 90834
0.28, 90052
0.31, 89431
0.34, 88906
0.34, 88606
0.39, 88574
0.44, 88191
0.50, 87983
0.52, 85976
0.52, 85875
0.66, 85552
0.67, 84381
0.70, 83898
0.70, 83426
0.75, 81542
0.78, 81471
0.81, 81396
0.83, 80943
0.88, 80335
0.92, 80013
0.95, 78864
0.95, 78131
0.98, 77791
1.09, 77303
1.09, 76948
1.14, 76804
1.25, 75775
1.28, 73879
1.31, 73864
1.33, 73567
1.33, 73354
1.45, 72682
1.47, 71547
1.47, 71481
1.50, 70643
1.58, 70430
1.59, 70072
1.69, 69826
1.75, 69209
1.81, 68683
1.88, 67573
1.88, 67234
2.17, 66309
2.19, 65906
2.19, 65822
2.30, 65652
2.38, 65487
2.42, 64409
2.45, 64278
2.47, 63532
2.56, 63100
2.64, 62810
3.11, 62756
3.41, 62474
5.33, 62439
9.87, 62335
9.89, 61778
11.78, 61220
12.15, 60925
12.39, 60915
16.12, 60771
20.03, 60747
20.48, 60701
20.50, 60263
20.95, 60106
22.39, 59965
22.39, 59957
22.50, 59951
22.56, 57873
24.12, 57868
27.52, 57667
60.05, 57247
61.10, 57195
68.97, 56994
80.05, 56712
81.61, 56664
90.04, 56563
97.36, 56387
98.82, 56372
103.31, 56155
103.35, 55716
103.50, 55100
104.30, 54821
114.67, 54714
