0.02, 6755050
0.02, 6602914
0.03, 6390839
0.03, 6381784
0.03, 5998969
0.03, 5865458
0.03, 5843918
0.03, 5547281
0.05, 5527489
0.05, 5334530
0.06, 5246245
0.06, 5241462
0.06, 5205727
0.06, 5185612
0.08, 5168142
0.09, 5014087
0.13, 5001549
0.16, 4981485
0.16, 4976562
0.17, 4963664
0.17, 4944645
0.19, 4934878
0.19, 4915850
0.20, 4894941
0.22, 4875842
0.23, 4798580
0.23, 4790655
0.25, 4776886
0.25, 4733671
0.25, 4640246
0.27, 4605886
0.28, 4586531
0.30, 4585704
0.30, 4562919
0.30, 4522018
0.34, 4481691
0.34, 4475899
0.34, 4466893
0.39, 4456131
0.39, 4445953
0.44, 4442197
0.44, 4403054
0.48, 4327362
0.50, 4289327
0.50, 4269305
0.52, 4250811
0.52, 4245133
0.52, 4234477
0.53, 4138910
0.53, 4125352
0.56, 4117584
0.58, 4107653
0.58, 4096633
0.59, 4053175
0.61, 3972183
0.63, 3964477
0.63, 3917013
0.66, 3887392
0.67, 3848507
0.67, 3832176
0.69, 3816338
0.70, 3804274
0.72, 3763687
0.72, 3761810
0.73, 3745193
0.73, 3742784
0.75, 3730015
0.78, 3720708
0.80, 3715903
0.80, 3703084
0.84, 3701151
0.84, 3692946
0.86, 3679575
0.86, 3676698
0.91, 3591209
0.92, 3585865
0.92, 3574713
0.92, 3573931
0.94, 3571390
0.97, 3464956
1.02, 3451838
1.03, 3445610
1.03, 3444983
1.05, 3366904
1.08, 3329310
1.08, 3247534
1.11, 3243589
1.19, 3220632
1.20, 3209929
1.23, 3201590
1.27, 3175359
1.27, 3143172
1.27, 3120949
1.33, 3118474
1.39, 3116607
1.39, 3081389
1.59, 3076040
1.64, 2964884
1.69, 2958594
1.73, 2938453
1.75, 2937926
1.83, 2937379
2.08, 2934200
2.14, 2926082
2.14, 2902990
2.17, 2901798
2.28, 2818958
2.33, 2817475
2.64, 2809305
2.80, 2809114
2.86, 2796419
2.86, 2792783
2.92, 2763619
2.92, 2755250
2.97, 2754502
2.97, 2752878
3.06, 2745959
3.11, 2724319
3.12, 2692438
3.16, 2674769
3.17, 2674688
3.20, 2662185
3.28, 2661592
3.36, 2660813
3.44, 2653063
3.47, 2647892
3.58, 2647420
3.67, 2639475
3.69, 2632510
3.87, 2631645
3.91, 2630361
4.02, 2614905
4.11, 2614263
4.14, 2606953
4.16, 2595243
4.19, 2570646
4.19, 2569770
4.44, 2560902
4.67, 2552940
4.67, 2515506
4.72, 2515497
4.75, 2505861
4.80, 2499715
4.81, 2499184
4.89, 2493232
4.95, 2489309
5.11, 2457962
5.12, 2456436
5.34, 2451921
5.44, 2444734
5.44, 2438496
5.59, 2433156
5.67, 2427187
5.86, 2425205
6.00, 2424142
6.17, 2414687
6.41, 2397271
6.44, 2392992
6.56, 2387595
6.75, 2383885
7.01, 2366256
7.20, 2356241
7.34, 2355293
7.53, 2259499
7.73, 2256018
7.76, 2247972
7.78, 2165043
7.95, 2161526
7.97, 2150136
8.05, 2141774
8.20, 2141155
8.23, 2141125
8.23, 2131050
8.28, 2130422
8.34, 2113355
8.53, 2094355
8.55, 2081618
8.62, 2080815
8.69, 2079553
8.73, 2074229
9.23, 2069755
9.39, 2050260
9.45, 2049085
9.55, 2044714
10.11, 2037475
10.11, 2036418
10.26, 2023319
10.34, 2008795
10.36, 2007671
10.58, 2004274
10.59, 1995160
10.65, 1992006
10.79, 1963767
10.97, 1963541
11.08, 1960925
13.11, 1952637
13.15, 1942452
13.40, 1941715
13.47, 1921818
13.64, 1913941
13.76, 1877226
13.76, 1875842
13.78, 1865473
13.78, 1859037
14.20, 1851408
14.75, 1846779
15.01, 1841352
15.06, 1831275
15.29, 1813444
15.73, 1812581
16.86, 1812363
17.36, 1811531
18.21, 1810388
18.93, 1808027
19.57, 1802317
20.12, 1796090
20.95, 1790836
21.45, 1790596
24.51, 1787872
25.45, 1785698
25.45, 1774288
25.70, 1773113
26.29, 1764630
26.62, 1759103
27.17, 1756923
27.70, 1750716
28.21, 1750341
28.21, 1745323
28.37, 1732715
28.90, 1729184
29.51, 1726956
30.35, 1722287
30.60, 1721043
31.20, 1713798
31.29, 1707991
31.82, 1707219
33.77, 1705453
39.63, 1704607
43.24, 1700518
46.55, 1698602
48.38, 1694226
49.10, 1691121
51.94, 1680121
52.44, 1674130
55.97, 1664803
58.74, 1664762
60.28, 1657607
