0.02, 6716894
0.02, 6656841
0.03, 6520771
0.03, 6486297
0.03, 6353160
0.03, 6304649
0.03, 6239397
0.05, 6187168
0.06, 6095273
0.06, 6028266
0.06, 5915945
0.06, 5777153
0.06, 5742890
0.09, 5689837
0.09, 5434118
0.13, 5413366
0.13, 5181771
0.14, 5167855
0.14, 5086456
0.14, 4937522
0.14, 4787321
0.16, 4734674
0.16, 4650458
0.17, 4644474
0.17, 4612183
0.17, 4601848
0.19, 4588078
0.19, 4516283
0.19, 4478766
0.19, 4403852
0.19, 4350528
0.20, 4332472
0.22, 4272524
0.22, 4223295
0.22, 4208798
0.22, 4128530
0.23, 4007196
0.23, 3919317
0.25, 3912416
0.27, 3826765
0.27, 3809212
0.27, 3772576
0.27, 3733868
0.28, 3719314
0.28, 3697860
0.30, 3691107
0.34, 3669463
0.36, 3584317
0.38, 3562775
0.38, 3553335
0.38, 3499274
0.39, 3495230
0.44, 3478380
0.45, 3478193
0.50, 3474711
0.53, 3460756
0.53, 3452039
0.53, 3347321
0.55, 3344844
0.58, 3340909
0.58, 3296818
0.59, 3295173
0.59, 3286939
0.61, 3249199
0.61, 3239108
0.64, 3185402
0.67, 3181674
0.72, 3175054
0.72, 3109198
0.72, 3106622
0.75, 3089227
0.77, 3088557
0.81, 3086863
0.81, 3084280
0.81, 3080734
0.84, 3007148
0.86, 3005190
0.86, 2991101
0.86, 2988387
0.88, 2925396
0.89, 2922975
1.00, 2891567
1.02, 2874136
1.06, 2860611
1.11, 2849951
1.14, 2828466
1.16, 2826273
1.20, 2742887
1.25, 2734557
1.25, 2728266
1.31, 2726533
1.33, 2723646
1.33, 2709776
1.34, 2659438
1.50, 2658691
1.50, 2585768
1.50, 2584422
1.52, 2526001
1.53, 2521467
1.56, 2517928
1.56, 2509968
1.59, 2483134
1.63, 2462903
1.69, 2455752
1.80, 2423481
1.84, 2420696
1.92, 2419601
1.94, 2416452
2.00, 2416377
2.02, 2412885
2.05, 2406853
2.08, 2394430
2.09, 2387477
2.09, 2377997
2.12, 2339412
2.16, 2339235
2.34, 2337578
2.36, 2323417
2.45, 2297234
2.48, 2285345
2.48, 2277574
2.53, 2276896
2.58, 2269861
2.62, 2261712
2.64, 2259179
2.72, 2255975
2.72, 2255875
2.81, 2255412
2.84, 2191229
2.87, 2167172
3.16, 2156633
3.27, 2142394
3.56, 2137649
3.86, 2137212
4.28, 2130592
4.58, 2126533
4.67, 2125915
4.76, 2116815
5.03, 2115952
5.17, 2107181
5.17, 2095423
5.26, 2090534
5.26, 2066644
5.28, 2064063
5.48, 2062940
5.50, 2057933
5.62, 2049612
5.62, 2042354
5.98, 2034512
6.25, 2011630
7.67, 2011041
8.01, 2007536
8.61, 2000520
8.61, 1991105
9.59, 1989218
9.98, 1987620
11.04, 1975769
11.44, 1975322
11.62, 1971367
11.69, 1929865
12.36, 1920847
12.79, 1920566
13.25, 1920516
13.56, 1913668
13.59, 1899201
13.64, 1896589
14.00, 1893955
14.92, 1892358
14.95, 1891377
14.98, 1855474
15.53, 1828380
16.93, 1821118
17.15, 1815022
17.32, 1810928
17.93, 1807181
18.39, 1778733
18.57, 1772270
19.34, 1771640
19.96, 1760917
20.07, 1743405
20.98, 1742947
21.85, 1695609
22.39, 1665811
25.85, 1658656
26.71, 1658438
27.28, 1656584
27.51, 1638695
27.93, 1637158
28.31, 1636326
31.12, 1635624
31.98, 1633156
32.04, 1631924
38.85, 1622160
50.07, 1621205
57.03, 1619626
57.13, 1614520
78.12, 1609674
79.97, 1605749
100.65, 1602767
