0.02, 6571678
0.02, 6436478
0.03, 6423753
0.03, 6410055
0.03, 6305071
0.03, 6276947
0.03, 6262054
0.03, 6119069
0.05, 5869195
0.05, 5781817
0.05, 5703794
0.05, 5653914
0.06, 5571521
0.06, 5295192
0.06, 5101058
0.06, 5067962
0.09, 4962368
0.11, 4929813
0.13, 4794712
0.14, 4740327
0.16, 4664401
0.17, 4625645
0.17, 4598998
0.20, 4586768
0.20, 4586676
0.22, 4497740
0.22, 4407993
0.23, 4363077
0.23, 4354923
0.23, 4318020
0.25, 4288528
0.25, 4224467
0.25, 4209070
0.30, 4162962
0.31, 4160179
0.31, 4156450
0.31, 4119424
0.31, 4035941
0.31, 3957933
0.33, 3904891
0.34, 3896646
0.34, 3857729
0.34, 3848704
0.34, 3821567
0.36, 3790481
0.38, 3758463
0.39, 3749070
0.41, 3744456
0.42, 3693371
0.44, 3669213
0.45, 3616130
0.45, 3610028
0.45, 3591302
0.45, 3544760
0.45, 3544355
0.47, 3530468
0.52, 3516832
0.53, 3509819
0.56, 3506512
0.56, 3505426
0.58, 3471798
0.59, 3458341
0.61, 3444600
0.63, 3423538
0.63, 3421573
0.64, 3380474
0.66, 3181722
0.67, 3166182
0.70, 3134376
0.70, 3134021
0.83, 3124530
0.86, 3098156
0.89, 3083208
0.91, 3062912
0.95, 3061140
0.95, 3057693
0.95, 3056093
1.03, 3051569
1.05, 3047547
1.06, 3002935
1.08, 2944594
1.08, 2885747
1.09, 2857727
1.14, 2856104
1.19, 2853373
1.27, 2839205
1.36, 2838762
1.38, 2748889
1.44, 2748392
1.52, 2744385
1.53, 2743217
1.59, 2742953
1.61, 2740577
1.69, 2686297
1.75, 2667712
1.84, 2654560
1.86, 2654096
1.94, 2624328
1.94, 2589741
1.95, 2581991
1.95, 2567501
1.98, 2566151
1.98, 2560882
2.20, 2554470
2.23, 2549215
2.27, 2541035
2.33, 2521116
2.48, 2516253
2.56, 2498829
2.58, 2498747
2.58, 2488118
2.61, 2487398
2.62, 2474952
2.97, 2463084
3.08, 2455771
3.23, 2436186
3.30, 2423802
3.89, 2419315
3.94, 2412761
3.98, 2398210
4.06, 2389105
4.06, 2384344
4.16, 2382754
4.19, 2381426
4.34, 2373551
4.36, 2373496
4.50, 2354729
4.53, 2353081
4.84, 2351972
5.09, 2320417
5.30, 2303447
5.47, 2297544
5.55, 2284121
5.69, 2217642
5.91, 2215129
5.97, 2189167
6.20, 2175511
6.22, 2171793
6.25, 2162444
6.33, 2152864
6.34, 2064833
6.50, 2046996
6.53, 2043070
6.59, 2035073
6.72, 2022866
6.92, 2022705
7.00, 2020627
7.42, 2014243
7.44, 2009485
7.61, 1968575
7.86, 1961169
8.23, 1954645
8.45, 1952620
8.51, 1949702
8.58, 1947320
8.76, 1937881
9.61, 1934710
9.69, 1908592
10.47, 1906239
11.90, 1901943
12.11, 1894101
12.12, 1879634
12.75, 1860474
13.36, 1831265
15.59, 1824968
15.93, 1823060
19.26, 1813677
19.98, 1813665
20.37, 1808189
21.62, 1808181
24.21, 1800708
24.40, 1799750
24.46, 1793978
24.68, 1787035
24.90, 1784251
27.92, 1782365
30.56, 1776849
33.62, 1776839
37.68, 1774360
39.88, 1772723
41.18, 1770807
44.66, 1768250
45.27, 1766866
46.91, 1762373
49.97, 1762094
50.99, 1760534
53.77, 1759463
55.33, 1756231
57.32, 1755859
60.56, 1755474
64.34, 1751864
67.61, 1736588
77.58, 1718620
82.61, 1704518
84.15, 1700729
84.20, 1689185
89.06, 1674566
89.79, 1670774
95.34, 1663619
109.19, 1652272
