0.00, 6577269
0.02, 6440734
0.03, 6300751
0.03, 6224483
0.03, 6180060
0.03, 6129095
0.03, 5919829
0.05, 5856751
0.05, 5787854
0.05, 5669520
0.06, 5668898
0.06, 5622344
0.06, 5502460
0.08, 5368837
0.08, 5331818
0.08, 5331804
0.08, 5311067
0.08, 5272557
0.08, 5250932
0.13, 5193097
0.13, 5190106
0.13, 5181969
0.13, 5029380
0.13, 4981622
0.14, 4976828
0.14, 4909027
0.16, 4881614
0.17, 4876123
0.17, 4861254
0.17, 4711170
0.17, 4702767
0.17, 4653229
0.19, 4640637
0.19, 4633813
0.19, 4566582
0.20, 4510693
0.24, 4488344
0.24, 4440440
0.25, 4387879
0.25, 4300796
0.27, 4255623
0.27, 4172346
0.28, 4158795
0.28, 4144651
0.28, 4133929
0.31, 4130664
0.31, 4127567
0.33, 4108292
0.33, 4097120
0.33, 4081946
0.39, 4013541
0.41, 3989538
0.42, 3879459
0.42, 3877830
0.45, 3864794
0.45, 3837073
0.49, 3798733
0.52, 3785771
0.52, 3760222
0.53, 3711719
0.53, 3689360
0.59, 3683272
0.59, 3675406
0.63, 3667449
0.63, 3596547
0.64, 3591938
0.64, 3570838
0.64, 3498298
0.66, 3494758
0.67, 3486808
0.69, 3477971
0.75, 3473297
0.77, 3470042
0.77, 3460928
0.77, 3459171
0.77, 3457075
0.78, 3448960
0.86, 3435968
0.91, 3434314
0.91, 3426335
0.92, 3413796
0.92, 3350470
0.94, 3274517
0.97, 3225403
0.98, 3206756
1.02, 3109565
1.02, 3108153
1.03, 3005835
1.05, 3002774
1.06, 2907806
1.06, 2888040
1.06, 2860696
1.09, 2807245
1.13, 2764931
1.16, 2761423
1.17, 2743045
1.20, 2737066
1.23, 2736622
1.25, 2716517
1.31, 2709940
1.31, 2704925
1.33, 2654727
1.38, 2652093
1.41, 2643165
1.41, 2614472
1.48, 2600432
1.58, 2591055
1.59, 2578533
1.63, 2577873
1.73, 2566440
1.73, 2540862
1.77, 2539395
1.78, 2531730
1.84, 2531129
1.88, 2525297
2.00, 2514254
2.00, 2505452
2.09, 2492199
2.11, 2410082
2.27, 2405620
2.34, 2397518
2.42, 2370965
2.44, 2360806
2.63, 2341144
2.64, 2335075
2.67, 2333206
2.80, 2331731
2.91, 2286813
3.09, 2284211
3.56, 2248112
3.89, 2248109
3.95, 2245900
3.98, 2245566
4.06, 2242501
4.55, 2215820
5.30, 2212358
5.36, 2211519
5.44, 2207083
5.64, 2200957
6.06, 2198616
6.09, 2194459
6.25, 2119326
6.36, 2096175
6.69, 2083299
6.70, 2082551
6.98, 2075669
7.08, 2073652
7.08, 2067559
7.30, 2066275
7.44, 2060082
7.50, 2045377
7.66, 2043517
7.73, 2023833
8.06, 2023525
8.23, 2023524
8.47, 2022154
8.48, 2016470
8.55, 1976808
8.62, 1976552
9.47, 1972246
9.59, 1964059
9.94, 1962306
9.98, 1955312
9.98, 1925222
10.19, 1922840
10.45, 1912311
10.53, 1904861
10.59, 1903719
10.62, 1886272
10.62, 1854058
10.78, 1843720
11.03, 1840320
11.65, 1838127
11.76, 1837507
11.79, 1832186
11.79, 1818294
11.97, 1818217
12.17, 1813509
12.40, 1806899
12.45, 1801041
12.59, 1792877
12.59, 1791622
12.62, 1789706
12.64, 1786523
12.65, 1784082
13.31, 1778023
13.31, 1771728
13.33, 1746538
15.42, 1746477
16.11, 1743801
16.25, 1742107
16.36, 1738484
17.42, 1730205
17.50, 1714879
17.56, 1683978
19.17, 1682284
19.40, 1682000
20.37, 1665798
21.34, 1664390
21.75, 1660296
24.54, 1655538
24.65, 1654892
24.70, 1654122
25.23, 1652836
29.56, 1651987
29.60, 1651614
30.27, 1646206
30.34, 1641744
30.84, 1640938
30.88, 1639022
32.26, 1637847
32.68, 1636630
45.15, 1631874
45.33, 1622104
45.55, 1616091
45.94, 1607074
46.04, 1606628
46.43, 1605396
57.92, 1603407
62.03, 1598896
67.16, 1598524
