0.02, 6525678
0.03, 6483204
0.03, 6473351
0.03, 6344822
0.03, 6309356
0.03, 6180555
0.05, 6012706
0.05, 5972914
0.05, 5945977
0.05, 5706304
0.06, 5673118
0.06, 5640386
0.08, 5581920
0.11, 5439142
0.11, 5392395
0.13, 5384945
0.14, 5374452
0.16, 5315242
0.17, 5185822
0.17, 5175288
0.17, 5054943
0.20, 5024082
0.23, 4974308
0.25, 4931510
0.25, 4832346
0.25, 4795034
0.25, 4694260
0.28, 4683969
0.28, 4638718
0.28, 4427433
0.28, 4416690
0.28, 4395113
0.30, 4387241
0.36, 4384980
0.36, 4379144
0.38, 4345184
0.39, 4292586
0.42, 4278492
0.44, 4264989
0.45, 4244731
0.47, 4202195
0.47, 4172329
0.48, 4148306
0.48, 4029981
0.50, 3842289
0.50, 3835345
0.50, 3811247
0.55, 3800688
0.56, 3799236
0.56, 3790294
0.58, 3734258
0.62, 3715502
0.62, 3712177
0.64, 3708260
0.66, 3688778
0.70, 3622424
0.72, 3603296
0.77, 3602788
0.77, 3600374
0.78, 3547190
0.81, 3519564
0.83, 3498340
0.83, 3380487
0.84, 3338150
0.87, 3307060
0.91, 3296576
1.00, 3293963
1.02, 3280836
1.05, 3255918
1.05, 3226720
1.05, 3165164
1.09, 3152064
1.11, 3110368
1.12, 3106366
1.14, 3103191
1.17, 3097911
1.19, 3053773
1.22, 3045175
1.22, 3021346
1.23, 2997958
1.23, 2997879
1.28, 2996269
1.34, 2995162
1.37, 2994247
1.39, 2993656
1.41, 2989628
1.44, 2977446
1.45, 2966432
1.45, 2951912
1.50, 2892564
1.55, 2881432
1.56, 2863157
1.58, 2851800
1.62, 2849355
1.66, 2732935
1.70, 2724847
1.72, 2694627
1.75, 2690861
1.75, 2627237
1.78, 2617025
1.80, 2616373
2.20, 2613644
2.25, 2613504
2.25, 2543115
2.28, 2538740
2.36, 2530920
2.58, 2525729
2.69, 2524541
2.70, 2522647
2.83, 2513342
2.87, 2510341
2.89, 2505235
2.92, 2504567
3.19, 2470584
3.22, 2462092
3.25, 2453994
3.33, 2452224
3.41, 2447947
3.41, 2411662
3.41, 2410401
3.61, 2395909
3.62, 2351432
3.92, 2298773
4.05, 2258037
4.14, 2257106
4.17, 2247404
4.23, 2240439
4.25, 2238583
4.50, 2236260
4.53, 2226130
4.69, 2221003
4.76, 2216377
4.76, 2213953
4.78, 2203395
4.98, 2201277
5.19, 2193239
5.26, 2191325
5.39, 2190825
5.50, 2187889
5.51, 2179247
5.53, 2152915
5.67, 2117268
5.69, 2095842
5.69, 2058263
5.70, 2057514
5.95, 2054662
6.48, 2046955
6.51, 2042855
6.64, 2042756
6.92, 2029929
6.92, 2006748
6.95, 1998337
7.01, 1995627
7.08, 1984937
7.19, 1978411
7.53, 1977558
7.76, 1961580
7.89, 1955144
8.11, 1954107
8.12, 1937699
8.23, 1903764
8.40, 1902064
8.48, 1898480
8.53, 1897493
8.59, 1874828
8.86, 1873031
9.23, 1865876
9.36, 1853936
9.58, 1841070
9.65, 1840979
9.69, 1834141
9.81, 1817939
9.87, 1815850
10.06, 1809437
10.08, 1801197
10.81, 1799736
11.58, 1798768
11.68, 1794454
11.78, 1779905
12.33, 1769541
12.34, 1767951
12.34, 1766466
12.64, 1764084
12.68, 1762921
12.83, 1760954
12.90, 1746206
13.22, 1739964
13.54, 1734171
13.76, 1717770
15.11, 1688749
15.20, 1688601
15.47, 1685541
15.87, 1680107
16.43, 1655830
16.70, 1651506
17.09, 1642784
19.56, 1634693
19.90, 1629954
20.18, 1624854
21.03, 1624212
22.98, 1617070
24.14, 1615201
24.82, 1600063
28.60, 1597974
33.73, 1597045
35.65, 1589973
35.77, 1586584
36.46, 1585098
39.79, 1582976
40.88, 1579128
42.85, 1578656
