0.02, 6673348
0.02, 6472235
0.03, 6425189
0.03, 6038085
0.03, 5589146
0.05, 5408560
0.06, 5240544
0.09, 5116257
0.09, 4974447
0.11, 4965089
0.11, 4959488
0.11, 4958383
0.13, 4955607
0.17, 4952090
0.17, 4921733
0.19, 4828439
0.19, 4818142
0.19, 4778760
0.20, 4566372
0.20, 4546039
0.22, 4534852
0.22, 4424656
0.24, 4417009
0.25, 4409255
0.25, 4342571
0.25, 4323427
0.25, 4286791
0.27, 4272279
0.28, 4263486
0.30, 4261432
0.30, 4223265
0.33, 4213978
0.34, 4205182
0.34, 4192965
0.36, 4179568
0.36, 4142391
0.36, 4031622
0.38, 3811608
0.39, 3783809
0.41, 3781811
0.41, 3743701
0.42, 3742251
0.42, 3735333
0.42, 3690529
0.42, 3626649
0.44, 3626445
0.50, 3574168
0.50, 3555393
0.52, 3453071
0.59, 3409937
0.61, 3407864
0.64, 3381270
0.66, 3358712
0.66, 3327907
0.66, 3324028
0.69, 3302263
0.70, 3281335
0.70, 3258665
0.80, 3254349
0.83, 3243862
0.83, 3243102
0.89, 3231941
0.91, 3198074
0.92, 3185434
0.94, 3165004
0.97, 3119207
0.99, 3087162
1.02, 3078343
1.03, 3055316
1.06, 3048252
1.11, 3036607
1.16, 3008916
1.17, 2982671
1.27, 2978356
1.31, 2955906
1.42, 2929793
1.42, 2927978
1.47, 2920860
1.48, 2896539
1.50, 2861172
1.55, 2838066
1.63, 2762440
1.67, 2740109
1.69, 2736720
1.70, 2671197
1.77, 2634491
2.03, 2624158
2.09, 2622392
2.20, 2582032
2.22, 2580006
2.28, 2533831
2.33, 2525578
2.34, 2521764
2.45, 2513599
2.56, 2508677
2.66, 2508522
2.81, 2507614
3.13, 2500045
3.13, 2481529
3.19, 2473048
3.30, 2467259
3.42, 2466964
3.48, 2465082
3.66, 2462181
3.67, 2453688
3.70, 2415732
3.70, 2405208
3.77, 2403757
3.83, 2401684
3.84, 2398651
3.91, 2392056
4.09, 2382021
4.20, 2379735
4.25, 2379510
4.37, 2366934
4.41, 2364127
4.41, 2363473
4.42, 2361988
4.44, 2339929
4.67, 2285165
4.77, 2262917
4.77, 2243980
4.86, 2236825
4.94, 2234676
4.95, 2227946
4.98, 2218429
5.19, 2205908
5.22, 2197514
5.36, 2176068
5.36, 2170956
5.67, 2163809
5.80, 2163004
5.81, 2159686
5.81, 2158263
5.83, 2157968
6.08, 2133987
6.17, 2126335
6.31, 2100027
6.39, 2085643
6.42, 2083915
6.75, 2079291
6.81, 2076866
6.83, 2067759
6.98, 2058490
7.06, 2014548
7.09, 2001702
7.83, 2001618
8.20, 1933490
8.22, 1888800
8.22, 1857310
8.42, 1784047
8.53, 1783072
8.80, 1760207
8.84, 1724560
9.58, 1712459
10.31, 1711918
10.37, 1707195
10.37, 1704282
10.48, 1674944
10.61, 1674884
10.78, 1674747
10.81, 1664719
11.61, 1662562
11.79, 1656027
13.34, 1656012
13.56, 1653564
14.08, 1651601
14.34, 1650458
14.43, 1649750
16.59, 1638658
16.70, 1632905
27.62, 1624595
37.49, 1624289
66.16, 1620585
95.99, 1618028
