0.02, 493087
0.03, 471391
0.03, 456147
0.05, 445867
0.05, 438745
0.05, 427474
0.06, 411122
0.06, 410384
0.08, 397280
0.11, 395561
0.14, 394240
0.14, 392869
0.14, 391715
0.16, 389259
0.16, 383835
0.19, 375668
0.22, 361845
0.25, 348896
0.28, 347701
0.30, 344304
0.30, 343597
0.31, 342001
0.33, 339457
0.34, 338322
0.34, 336209
0.36, 334049
0.36, 324751
0.38, 323130
0.38, 319730
0.39, 319149
0.41, 315356
0.41, 308435
0.42, 308314
0.42, 306798
0.44, 304592
0.45, 304343
0.45, 303520
0.47, 300491
0.47, 295850
0.49, 290511
0.50, 290247
0.52, 289915
0.55, 289097
0.56, 279007
0.58, 278897
0.63, 278007
0.66, 271472
0.66, 265694
0.70, 265301
0.77, 265215
0.81, 265179
0.83, 259512
0.84, 259184
0.84, 258669
0.89, 258054
0.89, 257167
0.94, 253332
0.95, 247608
1.02, 247582
1.03, 247268
1.05, 246726
1.05, 245696
1.08, 245354
1.09, 242373
1.19, 240863
1.30, 240527
1.47, 239527
1.55, 238941
1.56, 237787
1.59, 236607
1.59, 234401
1.59, 233693
1.63, 232615
1.67, 231765
1.80, 230526
1.83, 229539
1.84, 228225
1.97, 227587
1.98, 225707
2.02, 225671
2.09, 224521
2.17, 224204
2.25, 223946
2.28, 222911
2.47, 222685
2.47, 222627
2.59, 219163
2.70, 218744
2.70, 216517
2.72, 211262
2.80, 209411
2.95, 208242
3.02, 206289
3.05, 205727
3.09, 205549
3.30, 205431
3.47, 203812
3.48, 202215
3.50, 201031
3.61, 199940
3.67, 199143
3.69, 198615
3.70, 197782
3.81, 193277
3.86, 192433
3.89, 190811
3.95, 190796
4.09, 188495
4.20, 188341
4.33, 187691
4.33, 186834
4.50, 186326
4.52, 185107
4.55, 185047
4.58, 184878
4.61, 183753
4.83, 182681
4.84, 181619
4.86, 179820
5.05, 178941
5.12, 173883
5.12, 173861
5.19, 173039
5.19, 172754
5.25, 171444
5.27, 169584
5.30, 168263
5.58, 167702
5.73, 167613
5.78, 166481
6.09, 165602
6.23, 164578
6.28, 163670
6.47, 161217
6.66, 160859
6.73, 160746
6.73, 159731
6.91, 159640
6.97, 158553
7.20, 158026
7.34, 157707
7.69, 157672
7.73, 157649
7.81, 157508
7.84, 157502
8.03, 156088
8.09, 154779
8.22, 154654
8.48, 152944
8.51, 152607
8.67, 151717
8.75, 150641
8.81, 150165
8.86, 149238
8.91, 148663
8.97, 148638
9.01, 146659
9.19, 146191
9.22, 144003
9.56, 143649
10.05, 143607
10.26, 143057
10.40, 142639
10.45, 142519
10.72, 142213
10.72, 141737
11.37, 141663
11.37, 141481
11.51, 141298
11.69, 140812
11.94, 140481
12.19, 140059
13.20, 139956
13.37, 139016
13.44, 138400
13.59, 138231
14.56, 137277
15.11, 135819
16.00, 135036
16.01, 134978
16.06, 134870
17.68, 132920
18.03, 131012
19.32, 130095
22.60, 128451
25.06, 128448
26.53, 127607
26.96, 127605
27.31, 127572
27.34, 127372
27.81, 127311
31.26, 126632
31.49, 124241
31.63, 123862
32.01, 123659
32.12, 123443
32.26, 122307
33.21, 121582
34.01, 121037
34.31, 120593
34.84, 119956
35.31, 119776
36.77, 119580
36.93, 119528
39.21, 119291
39.54, 119243
39.59, 117042
39.71, 116470
40.26, 116409
40.37, 116372
42.46, 116348
42.52, 116132
42.80, 115728
42.91, 115428
42.96, 114452
43.04, 114247
46.58, 114237
47.79, 113997
48.77, 113864
49.25, 113161
52.30, 112826
52.86, 112781
54.27, 112746
55.28, 112374
56.16, 112356
57.60, 112256
60.10, 111876
60.17, 111684
60.39, 111519
65.61, 111134
67.55, 110471
73.31, 110436
74.64, 110311
78.40, 109394
88.87, 109349
108.73, 109344
109.71, 109170
114.44, 108985
