0.02, 495519
0.02, 483978
0.02, 468760
0.03, 445419
0.03, 434451
0.05, 433627
0.05, 432673
0.08, 432446
0.08, 427555
0.08, 423994
0.08, 417121
0.09, 410231
0.09, 407589
0.09, 407348
0.14, 404086
0.14, 399876
0.14, 398774
0.17, 397122
0.17, 395885
0.17, 393773
0.17, 387164
0.19, 386006
0.20, 381617
0.20, 380880
0.20, 377729
0.22, 376434
0.22, 374445
0.22, 372135
0.22, 368562
0.23, 368531
0.23, 363955
0.23, 362429
0.23, 358962
0.23, 352179
0.25, 347469
0.28, 347124
0.28, 345926
0.31, 344014
0.31, 340275
0.33, 334624
0.34, 329311
0.34, 326304
0.38, 324582
0.39, 322769
0.42, 321678
0.44, 321648
0.45, 317771
0.47, 310435
0.47, 305159
0.47, 305014
0.48, 304674
0.48, 301605
0.50, 299778
0.55, 299230
0.55, 295951
0.56, 294226
0.58, 288498
0.61, 287700
0.64, 285450
0.64, 283746
0.72, 282804
0.75, 282490
0.77, 270639
0.83, 270598
0.91, 269864
0.94, 268608
0.95, 267937
0.97, 266196
0.98, 264480
1.06, 263990
1.06, 263912
1.16, 258481
1.16, 256863
1.17, 255046
1.19, 254462
1.19, 253990
1.20, 247946
1.20, 246905
1.22, 245741
1.23, 243295
1.25, 243039
1.30, 242755
1.33, 241198
1.33, 239043
1.36, 238357
1.36, 237410
1.37, 233984
1.39, 232337
1.41, 232050
1.45, 231265
1.47, 229427
1.52, 228217
1.61, 224078
1.64, 223701
1.66, 221798
1.67, 220470
1.69, 219283
1.69, 211611
1.69, 209322
1.77, 208312
1.78, 208195
1.78, 207640
1.97, 206993
2.14, 206453
2.20, 205438
2.22, 205368
2.22, 203570
2.23, 203226
2.31, 202222
2.36, 198019
2.37, 195196
2.41, 194298
2.42, 194252
2.56, 194206
2.64, 194183
2.67, 193564
2.73, 191200
2.73, 189895
2.75, 188696
2.75, 187916
2.83, 187903
2.83, 187506
2.89, 187478
3.05, 187342
3.33, 185142
3.39, 184807
3.41, 184762
3.47, 184277
3.55, 184230
3.56, 179308
3.80, 174530
3.94, 171826
3.95, 171755
4.03, 171212
4.08, 170742
4.16, 169020
4.69, 167023
4.89, 166543
4.89, 165903
4.95, 165215
4.98, 164157
4.98, 159885
5.23, 159508
5.37, 158523
5.66, 158391
5.75, 158048
5.80, 157573
5.80, 156261
5.81, 152984
6.01, 151159
6.20, 151082
6.50, 150770
6.59, 150425
6.78, 149160
7.03, 147618
7.12, 147262
7.76, 144739
7.78, 144130
8.08, 144092
9.03, 141666
9.29, 140319
9.87, 140282
10.03, 139831
10.03, 139530
10.06, 139123
10.19, 138198
10.48, 137424
10.67, 137423
11.19, 136495
11.51, 136084
12.00, 135125
12.17, 134740
12.36, 133942
12.51, 131839
12.70, 131044
12.92, 130602
13.33, 130210
13.50, 130135
13.75, 129729
14.01, 129202
14.12, 128848
14.37, 128796
15.56, 128762
15.73, 128363
15.76, 128183
16.25, 127658
16.28, 127136
17.43, 126509
18.39, 126394
18.79, 126300
20.06, 125463
20.93, 125395
22.17, 124766
22.54, 124353
22.84, 124328
24.74, 124225
25.18, 124004
25.31, 122497
26.62, 122133
27.17, 120999
27.18, 120406
27.82, 119883
28.21, 119792
31.20, 119761
33.24, 119310
33.30, 119115
33.60, 119103
34.01, 118296
34.70, 117012
35.55, 116766
36.63, 116616
37.90, 116362
38.57, 116306
40.04, 116249
40.18, 115088
41.99, 114917
43.46, 114860
47.29, 114413
47.93, 113984
48.38, 113806
49.74, 113550
51.86, 113372
54.36, 113255
56.11, 113188
59.60, 112949
59.92, 112858
63.69, 112531
64.19, 112327
64.84, 112300
68.81, 112096
69.95, 112048
73.31, 111968
75.42, 111827
75.83, 111820
86.45, 111728
90.64, 111494
105.98, 111208
110.93, 111083
116.69, 110740
