0.02, 480020
0.02, 477155
0.03, 463728
0.03, 436103
0.03, 429224
0.03, 415514
0.05, 411850
0.06, 408035
0.06, 405275
0.06, 393160
0.08, 384030
0.08, 378085
0.09, 377790
0.09, 375722
0.11, 369994
0.16, 366021
0.17, 356027
0.19, 354887
0.20, 351829
0.22, 350632
0.22, 346597
0.25, 334433
0.27, 331728
0.28, 329098
0.31, 328388
0.31, 326999
0.33, 325811
0.38, 324129
0.38, 322391
0.39, 319504
0.42, 315483
0.42, 314843
0.45, 313953
0.45, 310723
0.45, 307588
0.47, 306267
0.47, 303985
0.50, 303551
0.55, 302809
0.58, 300697
0.59, 298417
0.61, 297758
0.66, 296867
0.66, 293803
0.67, 293795
0.69, 293155
0.69, 292360
0.69, 291317
0.72, 289276
0.72, 283723
0.73, 283133
0.75, 280558
0.75, 280018
0.75, 275590
0.78, 275179
0.80, 271675
0.83, 270848
0.84, 270182
0.84, 269010
0.86, 268326
0.86, 268129
0.86, 267136
0.89, 265640
0.89, 265001
0.91, 262677
0.94, 261360
0.98, 261097
1.00, 260932
1.03, 254780
1.03, 253760
1.05, 252519
1.06, 248835
1.08, 248210
1.25, 246237
1.28, 240863
1.30, 240038
1.30, 239312
1.33, 237527
1.39, 236393
1.39, 234365
1.42, 234272
1.42, 233552
1.44, 232897
1.48, 227520
1.53, 225087
1.66, 224447
1.69, 224309
1.70, 223273
1.77, 222283
1.81, 221474
1.84, 213574
1.92, 212026
1.92, 211471
2.05, 210555
2.08, 210409
2.11, 209880
2.16, 209414
2.17, 205183
2.17, 202754
2.25, 202004
2.27, 199207
2.45, 196622
2.67, 195410
2.70, 195090
2.72, 194660
2.73, 193793
2.75, 193431
2.81, 192921
2.83, 189981
2.91, 185057
2.98, 182778
3.02, 179730
3.11, 178000
3.20, 177364
3.20, 176634
3.22, 176053
3.30, 174649
3.31, 172764
3.37, 171707
3.41, 171369
3.50, 169013
3.50, 166101
3.52, 163159
3.58, 162355
3.66, 162165
3.70, 161116
3.89, 160717
4.00, 159549
4.08, 158827
4.11, 157154
4.36, 156449
4.45, 150952
4.81, 150905
5.26, 150792
5.45, 150312
5.53, 149325
5.62, 148847
5.69, 148470
5.72, 148148
5.94, 147601
6.30, 146407
6.36, 144790
6.45, 143922
6.72, 143519
7.75, 143127
7.81, 142662
8.34, 142194
8.78, 141909
9.12, 141225
9.58, 139936
10.25, 139748
10.47, 138421
11.08, 138378
11.39, 135599
11.48, 135481
12.14, 132524
12.48, 132465
12.68, 132080
12.78, 131869
13.51, 131709
13.58, 130956
14.03, 130194
14.09, 129767
14.67, 129640
15.01, 129473
16.01, 129343
16.09, 128537
16.40, 127680
16.68, 127389
18.51, 127006
20.01, 126362
20.28, 126334
20.65, 125286
20.76, 125284
21.01, 124218
21.42, 124136
21.64, 124119
22.01, 123383
22.35, 122747
22.43, 122472
22.53, 122342
23.34, 121553
25.23, 120730
25.74, 120630
26.07, 120550
26.74, 119978
31.74, 119106
32.45, 118818
34.51, 118483
34.51, 118459
35.24, 118422
35.68, 117896
36.91, 117602
37.26, 117161
40.63, 117035
43.41, 116557
46.11, 116556
48.54, 116369
48.69, 115739
50.19, 115720
50.22, 115640
50.36, 115507
52.30, 115446
53.68, 115333
53.88, 114746
55.41, 114517
56.19, 114498
56.49, 113797
57.17, 113426
58.60, 112219
59.99, 112066
63.58, 111769
64.25, 111451
65.67, 110852
71.66, 109992
116.77, 109343
