0.02, 495584
0.03, 482261
0.03, 475909
0.05, 468115
0.05, 462767
0.05, 456892
0.06, 446774
0.06, 436104
0.06, 433898
0.08, 429811
0.08, 428847
0.11, 426450
0.11, 425032
0.13, 414458
0.13, 413804
0.13, 411300
0.13, 410751
0.16, 403808
0.19, 402912
0.19, 397642
0.20, 396596
0.20, 393984
0.20, 386250
0.22, 386039
0.22, 385674
0.23, 382409
0.23, 374046
0.23, 364240
0.25, 347113
0.27, 346680
0.27, 339903
0.27, 339619
0.28, 339310
0.28, 335798
0.28, 334789
0.31, 333778
0.31, 331765
0.34, 331081
0.36, 328989
0.36, 328904
0.38, 322341
0.42, 320823
0.50, 319984
0.50, 319042
0.52, 312002
0.52, 310915
0.55, 307220
0.56, 306750
0.58, 306034
0.58, 305335
0.61, 302695
0.61, 298038
0.61, 297966
0.61, 292391
0.63, 290424
0.63, 289839
0.66, 289736
0.69, 288645
0.70, 286643
0.73, 282430
0.77, 282112
0.80, 279565
0.80, 277715
0.81, 275738
0.81, 271792
0.84, 269911
0.84, 268237
0.88, 266806
0.92, 265871
0.95, 264103
0.97, 255676
0.98, 252404
1.02, 250294
1.05, 249949
1.26, 248341
1.37, 242612
1.37, 236324
1.37, 230160
1.45, 229863
1.47, 229327
1.51, 226206
1.61, 225731
1.64, 225663
1.70, 225425
1.73, 224526
1.79, 223910
1.87, 221695
1.90, 220681
1.97, 216356
2.00, 216319
2.00, 210461
2.14, 208412
2.25, 208388
2.29, 208266
2.31, 207680
2.34, 204490
2.37, 203996
2.40, 203601
2.40, 203278
2.48, 201379
2.48, 200827
2.67, 199164
2.70, 197923
3.01, 197126
3.06, 195033
3.08, 194917
3.12, 194168
3.15, 188146
3.29, 186348
3.34, 186341
3.42, 185822
3.43, 185745
3.51, 184767
3.58, 184574
3.61, 178711
3.78, 176896
3.86, 173569
3.89, 171896
3.93, 171648
4.31, 170920
4.33, 168673
4.45, 168654
4.47, 167316
4.53, 165976
4.58, 165851
4.62, 165316
4.67, 163573
5.25, 163278
5.47, 162148
5.86, 161874
5.93, 161498
6.15, 160380
6.20, 159185
6.22, 159149
6.40, 158982
6.57, 158800
7.00, 156015
7.12, 155141
7.14, 154473
7.28, 154037
7.31, 153652
7.54, 153366
7.59, 150434
7.97, 150042
8.48, 149730
8.51, 148886
9.06, 148249
9.12, 147803
9.70, 146455
9.90, 145455
10.37, 145292
10.64, 144826
11.39, 144254
11.71, 143648
11.89, 143069
12.04, 142666
12.64, 142229
12.79, 140774
13.29, 139712
13.45, 139664
13.46, 139472
13.78, 138566
13.99, 138090
14.09, 137237
14.18, 137081
14.67, 136844
15.84, 136336
16.32, 136130
16.63, 135418
16.71, 134861
17.85, 134686
18.43, 133119
19.23, 132482
19.88, 132078
19.98, 131345
20.10, 131186
20.40, 129755
20.54, 129144
20.59, 129124
20.81, 128976
20.92, 128821
21.13, 128616
21.17, 128602
21.57, 128082
22.87, 127017
23.07, 127009
23.70, 126968
24.01, 126558
24.34, 124577
24.57, 124202
24.63, 123928
24.82, 123343
25.04, 123258
25.29, 122555
27.04, 121855
27.15, 121260
27.43, 119213
28.32, 118884
29.48, 118295
29.59, 115948
33.79, 115228
35.01, 115044
35.85, 114967
45.44, 114472
55.36, 113796
57.53, 113782
64.20, 113751
68.19, 113321
70.62, 113127
71.43, 112847
71.92, 112683
72.12, 112605
72.81, 112391
75.78, 112079
76.59, 110466
77.07, 110360
81.84, 110192
85.23, 110129
88.20, 109938
96.62, 109734
99.72, 109625
107.47, 109570
111.30, 109522
114.10, 109480
