0.02, 481704
0.05, 469884
0.06, 467912
0.08, 461492
0.08, 451469
0.08, 449280
0.09, 447107
0.09, 432589
0.09, 416318
0.09, 414134
0.11, 403113
0.11, 391164
0.11, 387854
0.17, 386423
0.19, 386266
0.19, 386220
0.24, 381222
0.25, 379435
0.25, 375880
0.25, 362238
0.25, 361017
0.27, 360932
0.27, 360271
0.28, 360022
0.30, 354595
0.31, 351914
0.33, 346609
0.34, 333541
0.38, 323549
0.39, 323240
0.39, 316890
0.41, 316553
0.44, 316203
0.44, 315322
0.44, 303912
0.44, 301283
0.44, 294864
0.45, 294107
0.45, 293426
0.45, 292014
0.50, 291544
0.50, 289666
0.52, 284895
0.53, 281351
0.56, 264911
0.56, 263878
0.59, 260948
0.61, 259498
0.64, 258924
0.67, 258535
0.80, 256792
0.80, 255601
0.80, 254072
0.81, 253210
0.81, 249942
0.84, 249792
0.86, 249405
0.88, 249313
0.92, 247779
0.94, 246082
0.97, 242422
0.97, 242394
1.03, 242165
1.08, 241442
1.09, 239320
1.17, 239040
1.17, 237864
1.20, 233487
1.26, 230555
1.28, 228681
1.36, 227443
1.37, 227060
1.43, 226025
1.81, 225838
1.83, 218150
1.83, 212372
1.97, 212032
2.15, 211458
2.23, 209390
2.25, 209175
2.26, 207475
2.33, 204767
2.43, 203250
2.47, 199439
2.50, 199318
2.68, 198730
2.75, 197438
2.81, 196952
2.92, 196738
2.93, 195211
3.01, 195043
3.06, 193776
3.11, 193598
3.98, 193066
4.04, 192315
4.28, 190339
4.48, 188953
5.06, 188356
5.15, 188266
5.17, 188010
5.28, 187047
5.29, 186681
5.31, 186237
5.34, 185816
5.59, 185740
5.65, 185434
5.70, 182359
5.81, 182335
6.04, 182039
6.06, 181973
6.09, 181757
6.09, 180674
6.25, 180395
6.26, 180059
6.46, 179972
6.48, 179828
6.56, 179817
6.57, 179486
6.57, 179356
6.59, 179253
6.61, 178043
6.62, 177707
6.64, 177400
6.78, 177150
6.90, 176997
7.23, 176466
7.25, 175245
7.29, 175210
7.57, 174652
7.59, 174009
7.70, 173866
7.75, 173205
7.89, 172171
7.93, 171387
8.07, 170986
8.14, 169976
8.25, 168876
8.42, 168259
8.51, 168037
8.53, 166743
8.54, 165551
8.84, 165342
8.85, 163962
9.26, 163162
9.31, 162744
9.64, 161879
9.90, 161387
10.04, 161327
10.31, 161193
10.32, 159787
10.42, 159150
10.57, 158713
10.87, 158067
11.06, 156890
11.14, 156629
11.45, 154527
11.46, 154039
11.62, 152967
11.64, 150905
11.68, 150511
11.85, 150450
12.09, 149394
12.09, 149297
12.12, 148609
12.35, 148461
12.45, 148427
12.56, 148128
13.31, 148043
13.45, 147824
13.74, 146743
13.78, 146441
13.78, 145298
13.84, 145243
14.10, 143409
14.10, 142537
14.13, 141997
14.63, 141702
15.48, 139787
15.78, 139632
15.79, 138879
15.95, 138521
15.99, 137856
16.37, 136682
16.49, 136297
16.85, 136125
18.31, 135698
18.48, 135169
18.71, 135018
18.96, 134956
20.71, 134939
21.02, 133875
21.76, 133478
22.01, 131661
22.02, 131537
22.46, 130284
22.76, 129437
22.84, 129364
23.30, 129192
23.95, 127706
24.20, 127673
24.79, 127498
25.57, 126224
26.40, 126153
26.91, 125974
27.62, 125766
28.58, 124987
29.12, 124631
29.32, 123801
29.79, 123132
30.88, 123072
31.55, 121661
32.83, 121656
32.86, 121408
33.16, 120909
33.80, 120833
35.27, 120740
36.60, 120703
37.18, 120135
37.50, 119860
37.65, 119859
37.85, 119660
38.91, 119307
39.02, 119261
39.05, 119249
39.30, 119206
39.79, 117053
39.86, 116875
39.86, 116722
39.91, 115685
40.02, 115054
41.13, 114429
41.78, 113468
45.97, 113449
46.24, 112516
46.47, 112338
47.81, 112289
52.94, 112098
60.61, 112090
67.68, 111059
71.03, 110747
75.01, 110088
79.20, 109525
