0.00, 3954324
0.02, 3939262
0.02, 3837382
0.02, 3709444
0.02, 3544831
0.02, 3401050
0.02, 3363905
0.02, 3260255
0.02, 2999301
0.02, 2968144
0.03, 2874863
0.03, 2870467
0.03, 2732119
0.03, 2710995
0.03, 2699874
0.03, 2687839
0.05, 2623410
0.05, 2593321
0.06, 2590779
0.06, 2519167
0.08, 2487159
0.08, 2480498
0.08, 2466529
0.08, 2436108
0.08, 2290171
0.08, 2254261
0.08, 2227411
0.11, 2216995
0.11, 2179944
0.13, 2148216
0.17, 2145788
0.17, 2074737
0.17, 2064622
0.19, 2045909
0.19, 2024508
0.19, 2003763
