0.00, 3798439
0.02, 3589138
0.02, 3348043
0.02, 3252573
0.02, 3185687
0.02, 3104349
0.02, 3094959
0.02, 3075351
0.03, 3063345
0.03, 3063019
0.03, 2981639
0.03, 2937569
0.03, 2935422
0.03, 2836139
0.03, 2756739
0.03, 2739783
0.03, 2697115
0.03, 2684987
0.03, 2621836
0.05, 2604842
0.05, 2594766
0.05, 2526705
0.05, 2358174
0.05, 2273229
0.05, 2235337
0.06, 2228989
0.08, 2226561
0.08, 2206629
0.08, 2195402
0.09, 2153854
0.09, 2137454
0.11, 2124150
0.11, 2115708
0.13, 2093495
0.13, 2087932
0.13, 2072198
0.14, 2045909
0.17, 2003763
