0.01, 10196524
0.01, 10148733
0.02, 10091261
0.02, 9984363
0.02, 9953252
0.02, 9933513
0.02, 9930478
0.02, 9829205
0.02, 9778913
0.02, 9767995
0.02, 9570392
0.03, 9447551
0.03, 9363462
0.03, 9342199
0.03, 9297905
0.03, 9195796
0.03, 9164145
0.04, 9093181
0.04, 9044620
0.05, 9030870
0.05, 9004929
0.05, 8854910
0.05, 8853862
0.05, 8727273
0.06, 8717082
0.09, 8690948
0.10, 8655536
0.17, 8576621
0.17, 8499667
0.17, 8485983
0.17, 8429745
0.31, 8220455
0.31, 8126675
0.31, 8123515
0.31, 7988758
1.05, 7919394
1.78, 7881657
1.78, 7880756
1.78, 7863074
1.78, 7860963
2.49, 7795044
3.19, 7791422
3.88, 7747955
4.60, 7613567
4.60, 7611806
5.30, 7601103
5.30, 7600056
5.98, 7552315
5.98, 7520026
6.68, 7494769
7.38, 7478654
7.38, 7413808
8.10, 7399094
8.77, 7374284
8.77, 7347170
9.44, 7325116
10.10, 7297037
10.10, 7235666
10.77, 7113304
10.77, 7110597
11.46, 7042787
12.11, 7021714
12.11, 6982105
12.81, 6944961
12.81, 6900181
13.47, 6884608
14.11, 6807946
14.75, 6674097
15.39, 6631273
16.02, 6473706
16.65, 6458044
17.28, 6385250
17.94, 6380897
18.57, 6355194
19.18, 6298731
19.18, 6288422
19.78, 6274223
20.43, 6164047
21.02, 6150708
21.02, 5992368
21.61, 5940293
22.21, 5870962
22.80, 5842573
22.80, 5840280
23.39, 5839408
23.39, 5777995
23.39, 5755242
23.97, 5740531
24.54, 5687085
25.13, 5547894
25.70, 5527483
26.27, 5472073
26.82, 5449870
27.37, 5398447
27.92, 5393012
28.48, 5375520
29.03, 5371517
29.57, 5353948
30.12, 5353492
30.12, 5313934
30.65, 5265111
31.20, 5248830
31.74, 5181114
32.27, 5170778
32.79, 5148375
33.30, 5139616
33.81, 5111025
34.33, 4967296
34.83, 4857422
35.33, 4831676
35.82, 4821140
35.82, 4583837
36.33, 4578360
36.84, 4457758
37.33, 4419183
37.82, 4407595
38.31, 4394164
38.80, 4385830
39.24, 4377120
39.69, 4358883
40.13, 4317314
40.13, 4316123
40.57, 4277313
41.00, 4273949
41.50, 4271036
41.94, 4263179
42.36, 4244618
42.78, 4243892
43.19, 4212325
43.60, 4172375
44.00, 4138964
44.42, 4135561
44.82, 4130807
45.22, 4122602
45.62, 4110145
46.02, 4088054
46.41, 4067261
46.81, 3972515
47.20, 3948638
47.59, 3884062
47.98, 3833840
48.37, 3821789
48.76, 3815323
49.14, 3801653
49.52, 3758296
49.89, 3747547
49.89, 3746447
50.27, 3735915
50.64, 3731839
51.02, 3678209
51.39, 3665833
51.76, 3565872
51.76, 3537356
52.12, 3535698
52.49, 3534617
52.85, 3460763
53.21, 3454617
53.57, 3445836
53.93, 3435738
54.29, 3429030
54.64, 3403646
54.99, 3394153
55.35, 3391356
55.70, 3385385
56.04, 3383557
56.39, 3382310
56.73, 3378319
57.07, 3377323
57.41, 3359106
57.75, 3331871
58.09, 3294437
58.43, 3276444
58.76, 3265050
59.09, 3210413
59.41, 3160947
59.74, 3152098
60.07, 3147403
60.39, 3126439
60.71, 3120283
61.03, 3117669
61.36, 3101327
61.68, 3091016
62.00, 3089602
62.33, 3088214
62.65, 3059463
62.99, 3041951
63.30, 3024040
63.60, 3019867
63.90, 3010510
64.20, 3004253
64.51, 2998392
64.81, 2998085
65.11, 2983704
65.42, 2983437
65.72, 2965337
66.01, 2941534
66.30, 2922643
66.59, 2918210
66.89, 2917680
67.18, 2911920
67.47, 2880955
67.76, 2866542
68.05, 2775758
68.33, 2769550
68.62, 2747079
68.91, 2746708
69.20, 2721663
69.48, 2711250
69.76, 2699090
70.07, 2680558
70.35, 2678472
70.62, 2665973
70.90, 2662899
71.21, 2657924
71.48, 2646261
71.77, 2645474
72.04, 2633107
72.31, 2583165
72.57, 2555296
72.83, 2551494
73.11, 2547055
73.42, 2546895
73.69, 2540703
73.95, 2533107
74.21, 2472647
74.48, 2470448
74.74, 2467038
75.00, 2464632
75.25, 2432194
75.51, 2428598
75.76, 2415216
76.01, 2414769
76.26, 2399489
76.51, 2398919
76.75, 2394620
76.99, 2387968
77.23, 2344274
77.47, 2341055
77.71, 2336691
77.94, 2327106
78.17, 2282504
78.40, 2282187
78.63, 2277549
78.86, 2274238
79.09, 2271574
79.31, 2271534
79.54, 2257826
79.76, 2249397
79.99, 2247994
80.21, 2244456
80.43, 2242418
80.65, 2227808
80.87, 2225239
81.08, 2225223
81.30, 2224541
81.51, 2211376
81.73, 2199814
81.94, 2196906
82.15, 2193749
82.36, 2192990
82.57, 2189788
82.78, 2184802
82.99, 2160330
83.20, 2154739
83.40, 2127280
83.60, 2123936
83.80, 2068270
84.01, 2068246
84.21, 2014000
84.41, 1990690
84.61, 1987568
84.81, 1963434
85.01, 1962708
85.20, 1960486
85.40, 1958453
85.59, 1956150
85.78, 1938067
85.97, 1936832
86.16, 1936405
86.35, 1934721
86.54, 1932759
86.74, 1926960
86.93, 1925198
87.11, 1923016
87.30, 1917802
87.49, 1916976
87.67, 1908837
87.85, 1881606
88.03, 1878139
88.21, 1871272
88.39, 1853415
88.57, 1848686
88.75, 1846296
88.92, 1840554
89.10, 1837341
89.28, 1837088
89.45, 1833092
89.63, 1832716
89.80, 1832500
89.97, 1831628
90.14, 1823578
90.31, 1790792
90.50, 1790352
90.67, 1790194
90.84, 1773821
91.01, 1772148
91.18, 1770433
91.35, 1769184
91.53, 1759148
91.70, 1757336
91.86, 1755516
92.02, 1752214
92.18, 1734878
92.34, 1732397
92.51, 1732344
92.68, 1694003
92.84, 1687783
92.99, 1685200
93.16, 1683136
93.31, 1682309
93.48, 1678290
93.64, 1673965
93.79, 1667203
93.97, 1651630
94.14, 1650706
94.29, 1649607
94.44, 1644083
94.61, 1643479
94.76, 1640508
94.92, 1637948
95.07, 1635946
95.22, 1634107
95.37, 1624995
95.54, 1624869
95.70, 1624699
95.85, 1624259
95.98, 1624249
96.19, 1616711
96.38, 1610274
96.52, 1599652
96.66, 1597721
96.81, 1589974
96.94, 1589326
97.08, 1587542
97.22, 1586923
97.41, 1585008
97.56, 1582844
97.71, 1582728
97.84, 1566725
97.97, 1566004
98.12, 1563694
98.25, 1555337
98.41, 1541039
98.75, 1539446
98.89, 1539414
99.06, 1534006
99.25, 1514388
99.39, 1512040
99.56, 1489777
99.72, 1484047
99.85, 1462241
100.03, 1455515
100.17, 1444887
100.31, 1439252
100.47, 1437960
100.65, 1434968
100.85, 1434791
101.05, 1433504
101.40, 1427856
101.53, 1424076
101.80, 1423434
102.20, 1421452
102.32, 1417407
102.74, 1417282
102.86, 1416999
102.96, 1412097
103.11, 1411979
103.29, 1410763
103.41, 1408567
103.55, 1408463
103.70, 1400686
103.85, 1400046
103.98, 1394940
104.09, 1392309
104.39, 1391753
104.58, 1387031
104.69, 1355276
105.08, 1354844
105.23, 1353939
105.63, 1353435
105.99, 1350933
106.30, 1349787
106.53, 1340850
106.91, 1336958
107.41, 1316961
108.22, 1312163
108.33, 1308298
108.92, 1307882
109.09, 1307256
109.33, 1295028
110.30, 1294711
111.12, 1294599
111.91, 1248522
116.76, 1238998
117.56, 1238572
119.00, 1238542
119.54, 1237700
