0.01, 10150621
0.01, 10121510
0.01, 10119031
0.01, 9937789
0.01, 9690056
0.01, 9615603
0.02, 9523991
0.02, 9522535
0.02, 9471497
0.02, 9380295
0.02, 9380000
0.02, 9326769
0.02, 9115640
0.02, 8862750
0.05, 8852201
0.08, 8749004
0.11, 8715060
0.11, 8692119
0.11, 8682257
0.11, 8679775
0.11, 8635439
0.12, 8557692
0.12, 8425891
0.19, 8419594
0.19, 8417737
0.19, 8370494
0.19, 8310337
0.19, 8174069
0.57, 8160916
1.26, 8093566
1.95, 8002502
2.66, 7992080
2.66, 7846965
3.38, 7831301
4.06, 7803222
4.75, 7705649
4.75, 7692966
5.43, 7494594
6.11, 7372990
6.79, 7328297
7.46, 7241730
7.46, 7227606
7.46, 7206382
8.13, 7043911
8.79, 7040756
9.44, 6955714
10.09, 6878908
10.73, 6807197
11.38, 6659825
12.02, 6581138
12.65, 6573686
13.30, 6568262
13.30, 6457023
13.30, 6421467
13.30, 6365730
13.93, 6172307
14.58, 6155200
15.15, 6053643
15.72, 6048831
16.29, 6028453
16.84, 5899887
17.40, 5832148
17.99, 5737387
18.54, 5666583
19.08, 5663619
19.65, 5657796
20.19, 5628176
20.72, 5591826
21.26, 5576150
21.78, 5490980
22.33, 5474478
22.85, 5453323
23.38, 5409330
23.90, 5357912
24.41, 5310055
24.93, 5309111
25.44, 5279126
25.95, 5258227
26.46, 5240352
26.97, 5218683
27.47, 5124010
27.96, 5088090
28.46, 5066771
28.96, 5046546
28.96, 4908061
29.45, 4904977
29.94, 4852044
30.43, 4779044
30.91, 4752948
31.39, 4721642
31.87, 4641571
32.35, 4620457
32.83, 4540801
33.30, 4533908
33.78, 4531972
33.78, 4508952
34.25, 4504053
34.71, 4495273
35.18, 4488122
35.64, 4483207
36.10, 4465113
36.56, 4440903
37.03, 4336296
37.49, 4315880
37.94, 4306880
38.38, 4299842
38.82, 4117540
39.26, 4107294
39.69, 4099328
40.12, 4083255
40.57, 4078457
41.00, 4030203
41.42, 4008518
41.85, 3962081
42.27, 3926403
42.70, 3926179
43.12, 3919608
43.12, 3890197
43.54, 3876180
43.95, 3830273
44.36, 3775263
44.77, 3749711
45.18, 3680209
45.18, 3677991
45.59, 3665877
46.02, 3658323
46.43, 3642015
46.84, 3601287
47.29, 3583194
47.73, 3577939
48.13, 3533012
48.53, 3532749
48.94, 3527094
49.34, 3523432
49.74, 3520527
50.28, 3504441
50.67, 3492357
51.05, 3469096
51.43, 3432098
51.80, 3417359
52.17, 3414323
52.53, 3375328
52.89, 3351137
53.25, 3350322
53.61, 3289377
53.97, 3242140
54.32, 3211405
54.32, 3194936
54.67, 3188466
55.03, 3161464
55.03, 3157922
55.38, 3141414
55.74, 3140201
56.09, 3106323
56.44, 3062533
56.80, 3059707
57.15, 3050496
57.52, 3043291
57.52, 3014332
57.89, 3012469
58.24, 3005858
58.60, 3003871
58.94, 3001161
59.28, 2990876
59.64, 2980745
59.98, 2967825
60.32, 2942207
60.65, 2916016
60.98, 2903678
61.31, 2902086
61.63, 2897192
61.96, 2885238
62.29, 2884977
62.60, 2875179
62.92, 2872650
63.22, 2871874
63.54, 2800659
63.84, 2798136
64.15, 2795452
64.45, 2725860
64.75, 2725543
65.06, 2715528
65.35, 2698299
65.65, 2698224
65.94, 2696524
66.24, 2694828
66.54, 2691381
66.83, 2678424
67.12, 2665780
67.41, 2606825
67.70, 2606147
67.99, 2591909
68.27, 2586178
68.56, 2577148
68.85, 2561012
69.14, 2536047
69.42, 2520607
69.69, 2518617
69.97, 2511833
70.26, 2451354
70.53, 2417227
70.80, 2386245
71.07, 2385914
71.34, 2378367
71.60, 2375402
71.87, 2364261
72.13, 2349987
72.40, 2338969
72.66, 2331561
72.93, 2329230
73.20, 2322704
73.46, 2316511
73.72, 2248054
73.98, 2203126
74.26, 2195977
74.64, 2167772
75.00, 2165288
75.29, 2162727
75.62, 2158997
75.92, 2154517
76.20, 2154300
76.47, 2101911
76.74, 2091129
77.01, 2090000
77.30, 2087791
77.58, 2083061
77.88, 2077190
78.13, 2070317
78.41, 2066825
78.67, 2058825
78.93, 2050361
79.19, 2048594
79.46, 2044178
79.69, 2002777
79.94, 2000229
80.19, 1992007
80.44, 1991575
80.69, 1991554
80.95, 1963442
81.20, 1961052
81.44, 1959979
81.67, 1955404
81.93, 1954962
82.18, 1953132
82.42, 1946001
82.65, 1939750
82.90, 1938282
83.14, 1936588
83.36, 1932695
83.57, 1926693
83.79, 1923932
84.00, 1919650
84.23, 1917993
84.46, 1896902
84.71, 1896702
84.93, 1896413
85.15, 1894446
85.39, 1888921
85.62, 1878982
85.84, 1877450
86.07, 1877243
86.29, 1870265
86.50, 1850230
86.72, 1839989
86.93, 1839594
87.16, 1832791
87.37, 1827215
87.56, 1826827
87.76, 1822809
87.96, 1816811
88.18, 1815719
88.40, 1809292
88.61, 1790511
88.82, 1790160
89.02, 1771669
89.24, 1761467
89.42, 1761371
89.61, 1759410
89.80, 1748134
89.98, 1746157
90.19, 1741617
90.42, 1739820
90.61, 1735942
90.79, 1734770
90.98, 1733727
91.16, 1733396
91.34, 1732698
91.53, 1668135
91.71, 1660015
91.89, 1659509
92.09, 1658065
92.28, 1648987
92.46, 1645938
92.63, 1643594
92.85, 1640938
93.02, 1603198
93.26, 1603046
93.44, 1600872
93.61, 1596075
93.81, 1594941
93.99, 1590754
94.15, 1589624
94.31, 1585021
94.48, 1578998
94.66, 1577792
94.91, 1577167
95.07, 1575872
95.47, 1569207
95.63, 1565513
95.94, 1565211
96.10, 1563529
96.31, 1562783
96.49, 1562439
96.73, 1561745
97.15, 1561566
97.34, 1559036
97.54, 1551443
97.80, 1548946
98.13, 1537725
98.28, 1520262
98.50, 1512307
98.66, 1510993
98.80, 1510930
98.96, 1509079
99.18, 1508062
99.35, 1505923
99.50, 1503673
99.65, 1496711
99.83, 1494813
100.01, 1492543
100.25, 1491337
100.83, 1491043
101.02, 1490627
101.55, 1489973
101.71, 1486421
101.89, 1464158
102.22, 1457424
102.53, 1450854
102.69, 1449660
103.35, 1444484
103.63, 1444422
103.78, 1444313
103.93, 1442261
104.18, 1442067
105.25, 1433796
105.46, 1433732
105.62, 1432599
106.00, 1432266
106.15, 1413324
106.50, 1410807
107.09, 1410607
107.85, 1409155
108.45, 1394584
108.92, 1394499
111.14, 1392617
111.29, 1377151
111.93, 1376995
112.20, 1376938
113.08, 1375891
113.98, 1369028
114.41, 1367874
115.48, 1366762
115.53, 1365511
116.03, 1353946
117.35, 1351647
118.72, 1347999
