0.01, 10508386
0.01, 10432618
0.02, 10410380
0.02, 10360297
0.02, 10303623
0.02, 10236785
0.02, 10207910
0.02, 10162134
0.02, 10016197
0.02, 9672674
0.02, 9658070
0.04, 9611603
0.04, 9540929
0.04, 9419474
0.04, 9328428
0.04, 9304952
0.06, 9214493
0.06, 9173690
0.06, 9059243
0.07, 8690972
0.07, 8675395
0.12, 8640827
0.12, 8625398
0.12, 8618566
0.12, 8530634
0.26, 8516726
0.29, 8511021
0.29, 8349579
0.29, 8308939
0.66, 8283031
0.98, 8213145
0.98, 8081064
1.11, 7803820
1.11, 7697237
1.88, 7682818
2.62, 7647056
2.62, 7539556
3.38, 7436924
4.12, 7335990
4.85, 7207982
5.61, 7049506
5.61, 7018403
5.61, 6828320
6.34, 6771171
7.08, 6686424
7.08, 6602897
7.78, 6593651
8.50, 6528185
9.20, 6513249
9.88, 6489513
10.55, 6475551
10.55, 6457080
11.23, 6421440
11.85, 6364316
12.49, 6351183
13.12, 6229462
13.74, 6226492
14.36, 6140053
14.95, 6120733
15.54, 6120613
16.12, 6058117
16.12, 6040553
16.69, 6039823
16.69, 5998680
16.69, 5904161
17.27, 5888624
17.86, 5864402
18.44, 5799494
19.01, 5787110
19.58, 5739109
19.58, 5722896
20.15, 5699694
20.15, 5626688
20.15, 5621653
20.15, 5523766
20.15, 5513613
20.72, 5496197
21.28, 5470715
21.85, 5453453
22.43, 5328846
23.01, 5299106
23.56, 5247083
24.14, 5245274
24.70, 5242487
25.24, 5143175
25.79, 5052469
26.32, 5041705
26.87, 5034288
27.39, 5028999
27.91, 4935650
28.43, 4910811
28.94, 4727891
29.45, 4663142
29.95, 4614407
30.45, 4610030
30.95, 4606348
31.45, 4606183
31.94, 4592172
32.43, 4565455
32.92, 4531467
33.41, 4514854
33.89, 4490721
34.38, 4487631
34.86, 4408300
35.35, 4406474
35.84, 4373871
36.32, 4367177
36.79, 4355207
37.26, 4338472
37.72, 4329936
38.18, 4324610
38.66, 4314727
39.12, 4310048
39.58, 4226477
40.06, 4205366
40.65, 4192453
41.22, 4185497
41.78, 4119820
42.27, 4116246
42.76, 4107472
43.23, 3996583
43.74, 3977884
44.21, 3941462
44.68, 3939039
45.14, 3937125
45.60, 3914633
46.06, 3903816
46.58, 3876494
47.06, 3868576
47.54, 3804036
47.97, 3797410
48.38, 3726270
48.81, 3644296
49.24, 3627401
49.70, 3541418
50.21, 3517654
50.67, 3512921
51.08, 3504481
51.51, 3503383
51.94, 3497298
52.40, 3491518
52.83, 3490239
53.28, 3479129
53.72, 3313357
54.12, 3312048
54.57, 3306652
54.98, 3271281
55.41, 3256280
55.85, 3249528
56.24, 3244281
56.65, 3231945
57.07, 3231407
57.46, 3227897
57.85, 3225763
58.25, 3107103
58.65, 3106052
59.07, 3104439
59.47, 3035615
59.88, 3019792
60.26, 3017401
60.62, 2985356
60.98, 2964961
61.36, 2964053
61.72, 2963756
62.13, 2942767
62.48, 2937173
62.84, 2936590
63.20, 2913403
63.55, 2911347
63.90, 2911323
64.25, 2905179
64.63, 2884776
64.96, 2876868
65.31, 2873651
65.68, 2871311
66.01, 2862961
66.36, 2848787
66.71, 2842149
67.09, 2807405
67.43, 2803603
67.75, 2795707
68.07, 2782126
68.39, 2758516
68.77, 2751448
69.08, 2750300
69.08, 2724353
69.40, 2723714
69.73, 2717734
70.04, 2715952
70.35, 2705008
70.64, 2671655
70.97, 2666510
71.37, 2659129
71.67, 2654627
71.97, 2632448
72.28, 2622370
72.58, 2613065
72.87, 2575543
73.15, 2575119
73.46, 2574596
73.74, 2523657
74.02, 2519531
74.29, 2519236
74.57, 2499002
74.85, 2479573
75.12, 2462135
75.39, 2446333
75.67, 2434676
75.94, 2414683
76.20, 2408439
76.48, 2362228
76.75, 2355015
77.03, 2335231
77.29, 2267758
77.54, 2265107
77.79, 2252039
78.04, 2250070
78.29, 2243418
78.56, 2241602
78.82, 2227923
79.08, 2221669
79.33, 2197909
79.58, 2167340
79.82, 2121986
80.08, 2121883
80.31, 2061583
80.57, 2057151
80.81, 2041470
81.05, 2023432
81.29, 2019097
81.54, 2011187
81.77, 2009540
82.00, 2003290
82.23, 1988576
82.46, 1972453
82.68, 1971960
82.91, 1971212
83.13, 1950856
83.35, 1950005
83.59, 1932144
83.82, 1926401
84.04, 1910499
84.27, 1909316
84.48, 1851636
84.72, 1843803
84.94, 1839942
85.19, 1835523
85.42, 1832072
85.64, 1831792
85.88, 1828576
86.11, 1822936
86.34, 1822846
86.57, 1821508
86.81, 1818080
87.05, 1803991
87.25, 1794588
87.46, 1792764
87.66, 1791293
87.88, 1787188
88.09, 1769759
88.32, 1769693
88.54, 1760490
88.74, 1757308
88.95, 1729429
89.19, 1729378
89.43, 1729068
89.62, 1727242
89.84, 1725793
90.04, 1712887
90.28, 1711595
90.47, 1711352
90.68, 1695160
90.86, 1692329
91.05, 1688666
91.23, 1688089
91.41, 1683439
91.59, 1683110
91.79, 1681580
92.09, 1681513
92.47, 1679840
92.67, 1675321
92.88, 1655366
93.11, 1621393
93.28, 1613299
93.48, 1611835
93.65, 1609623
93.84, 1609201
94.02, 1605559
94.21, 1604662
94.43, 1602080
94.60, 1598912
94.80, 1596009
95.01, 1595555
95.17, 1595348
95.39, 1593066
95.56, 1592787
95.71, 1591086
95.88, 1544133
96.04, 1541739
96.20, 1541603
96.37, 1540904
96.56, 1540593
96.73, 1540464
96.90, 1540396
97.07, 1539586
97.29, 1538632
97.46, 1524400
97.62, 1514505
97.77, 1489490
97.92, 1481905
98.07, 1481700
98.24, 1479674
98.39, 1477580
98.58, 1470294
98.72, 1469236
98.87, 1468953
99.01, 1466201
99.17, 1463983
99.37, 1460725
99.53, 1457972
99.67, 1453443
99.89, 1441586
100.05, 1439824
100.29, 1421883
100.44, 1421382
100.74, 1420404
100.97, 1419982
101.12, 1406639
101.33, 1406504
101.66, 1406436
101.84, 1404262
101.99, 1400274
102.22, 1397601
102.52, 1382476
102.75, 1381275
102.90, 1381027
103.03, 1379828
103.38, 1370400
103.56, 1358610
103.98, 1358135
104.16, 1358005
104.51, 1354398
104.64, 1344048
104.76, 1342435
105.59, 1339902
105.81, 1338105
106.28, 1337551
106.78, 1337479
107.25, 1337442
107.38, 1336625
107.50, 1334499
108.13, 1332599
108.27, 1331464
108.51, 1327571
108.70, 1325866
108.95, 1324317
109.68, 1324166
110.11, 1323196
112.85, 1315056
113.06, 1313408
116.15, 1307455
116.47, 1307183
117.40, 1297034
117.58, 1294016
118.29, 1293447
