0.01, 9762916
0.01, 9743034
0.01, 9544611
0.01, 9526055
0.01, 9324318
0.03, 9163686
0.07, 9137262
0.07, 9129134
0.07, 9127606
0.07, 9079459
0.07, 8896564
0.07, 8860827
0.07, 8842153
0.07, 8814298
0.10, 8780124
0.10, 8766670
0.10, 8688607
0.17, 8648632
0.17, 8507906
0.24, 8506724
0.24, 8484292
0.25, 8393739
0.26, 8384145
0.34, 8338352
0.34, 8295317
0.74, 8132988
0.74, 8096498
0.74, 7973467
1.28, 7957142
1.96, 7937086
2.45, 7915281
2.45, 7914068
2.45, 7811150
3.15, 7714707
3.15, 7640719
3.15, 7483232
3.82, 7346677
4.49, 7293559
5.16, 7266461
5.83, 7121934
6.50, 7114852
7.16, 7080293
7.16, 7048366
7.81, 7039940
8.47, 7031985
9.12, 7031814
9.76, 7011029
10.41, 6973450
11.04, 6825616
11.67, 6781580
11.67, 6550549
11.67, 6523861
12.30, 6523743
12.30, 6442308
12.94, 6329558
13.56, 6320041
14.18, 6315180
14.18, 6313886
14.79, 6211589
15.40, 6209821
16.00, 6059867
16.61, 6000369
17.20, 5991062
17.80, 5916475
18.38, 5814335
18.98, 5813385
19.56, 5806474
20.14, 5793257
20.72, 5663501
21.30, 5616287
21.89, 5566481
22.47, 5443303
23.06, 5431891
23.64, 5409408
24.26, 5225111
24.82, 5220549
25.37, 5203841
26.01, 5098104
26.56, 5084762
27.14, 4967077
27.14, 4939213
27.69, 4872383
28.25, 4864684
28.92, 4854637
29.45, 4835058
30.00, 4808793
30.52, 4767950
31.04, 4752625
31.55, 4725406
32.05, 4709089
32.55, 4700871
33.05, 4679154
33.54, 4635214
34.04, 4633212
34.53, 4523221
35.02, 4470113
35.51, 4464317
35.51, 4433315
36.00, 4410138
36.49, 4404239
36.96, 4378138
37.44, 4354045
37.91, 4353874
38.40, 4347612
38.87, 4344587
39.35, 4320921
39.81, 4227878
40.26, 4163825
40.72, 4162244
41.18, 4141046
41.64, 4095644
42.10, 4040295
42.55, 3954795
43.00, 3949056
43.45, 3942768
43.90, 3894557
44.35, 3829703
44.78, 3816667
45.22, 3765196
45.67, 3747887
46.10, 3705557
46.55, 3694064
46.98, 3693487
47.44, 3687159
47.86, 3684776
48.29, 3681795
48.77, 3678198
49.18, 3637130
49.62, 3572916
50.02, 3555920
50.43, 3487943
50.88, 3487247
51.32, 3454559
51.72, 3417307
52.13, 3398153
52.54, 3376649
52.93, 3369652
53.32, 3367357
53.73, 3361356
54.13, 3361342
54.51, 3314865
54.90, 3311012
55.28, 3271808
55.65, 3269709
56.02, 3181021
56.40, 3179998
56.78, 3153415
57.15, 3146710
57.52, 3131379
57.89, 3097393
58.26, 3095100
58.62, 3087374
58.99, 3079576
59.34, 3079234
59.68, 3057061
60.03, 3040150
60.37, 3006688
60.71, 3006252
61.08, 2972839
61.43, 2968684
61.77, 2964414
62.11, 2953727
62.46, 2892383
62.80, 2864729
63.13, 2851472
63.47, 2832714
63.81, 2804282
64.14, 2793824
64.47, 2792423
64.79, 2790435
65.14, 2732514
65.46, 2722245
65.78, 2720411
66.11, 2693138
66.43, 2691735
66.74, 2621944
67.09, 2618504
67.40, 2598793
67.71, 2596957
68.03, 2592794
68.03, 2592476
68.35, 2591754
68.68, 2590601
68.99, 2512752
69.29, 2511285
69.59, 2509904
69.90, 2503349
70.22, 2500143
70.52, 2493130
70.81, 2462741
71.11, 2441074
71.40, 2433398
71.71, 2431906
72.00, 2429625
72.29, 2416039
72.57, 2415973
72.85, 2413660
73.14, 2368888
73.42, 2368442
73.70, 2360807
73.97, 2297831
74.25, 2290550
74.54, 2290147
74.83, 2282012
75.10, 2270571
75.40, 2259012
75.67, 2125296
75.94, 2094846
76.21, 2090708
76.50, 2090259
76.78, 2088629
77.04, 2081744
77.31, 2081351
77.57, 2062919
77.82, 2061137
78.10, 2057112
78.35, 2053099
78.60, 2044037
78.85, 2036730
79.09, 2035422
79.33, 2011465
79.57, 2009625
79.82, 2009207
80.06, 2004911
80.30, 2003769
80.56, 1999684
80.80, 1999306
81.04, 1993094
81.27, 1978239
81.51, 1975186
81.75, 1974653
81.98, 1962171
82.20, 1953560
82.43, 1951973
82.65, 1935759
82.90, 1914137
83.15, 1913081
83.37, 1896517
83.59, 1863023
83.82, 1862610
84.05, 1860358
84.26, 1860215
84.48, 1854438
84.69, 1848099
84.90, 1843883
85.12, 1840680
85.33, 1839215
85.56, 1794026
85.77, 1792425
85.98, 1784593
86.21, 1778304
86.44, 1771346
86.65, 1759557
86.89, 1759448
87.10, 1754003
87.31, 1751371
87.51, 1748191
87.78, 1745983
87.98, 1744842
88.22, 1735020
88.44, 1718045
88.63, 1707290
88.92, 1706354
89.15, 1695582
89.34, 1690018
89.53, 1683944
89.82, 1672218
90.06, 1670770
90.35, 1658246
90.55, 1650640
90.76, 1639979
91.03, 1639830
91.22, 1639406
91.46, 1639097
91.66, 1623818
91.89, 1620172
92.18, 1619712
92.44, 1619292
92.72, 1617844
92.97, 1614868
93.22, 1612738
93.44, 1600820
93.67, 1589591
93.96, 1589240
94.17, 1588872
94.34, 1582575
94.53, 1567849
94.73, 1567275
94.90, 1560662
95.28, 1557592
95.51, 1555690
95.84, 1555622
96.02, 1554577
96.26, 1532662
96.42, 1532150
96.62, 1532069
96.80, 1529866
97.04, 1529337
97.20, 1529011
97.43, 1529002
97.59, 1500219
98.05, 1495017
98.31, 1482018
98.63, 1477687
98.83, 1464606
99.12, 1464556
99.53, 1454414
99.90, 1438524
100.20, 1429815
100.33, 1425544
100.70, 1422950
100.95, 1411027
101.15, 1404876
101.56, 1398740
101.82, 1397276
102.40, 1392600
102.58, 1368659
103.07, 1360193
104.48, 1357366
104.98, 1356225
105.12, 1353651
105.42, 1352914
105.87, 1352279
106.33, 1351502
106.54, 1351100
106.77, 1348779
108.26, 1335988
108.91, 1335756
109.48, 1334456
111.66, 1333295
111.79, 1326922
111.89, 1326392
112.56, 1325995
114.22, 1325122
114.35, 1307631
115.24, 1307240
115.87, 1307106
116.03, 1305971
116.98, 1299900
118.82, 1298909
119.72, 1298879
119.99, 1298816
