0.01, 6275026
0.01, 6250330
0.01, 6126523
0.01, 5723587
0.01, 5710158
0.01, 5701627
0.01, 5654635
0.02, 5654195
0.02, 5571251
0.02, 5536043
0.02, 5426563
0.02, 5271181
0.02, 5253181
0.02, 5174670
0.02, 5088339
0.02, 5068599
0.02, 5062118
0.08, 5055032
0.10, 4958524
0.10, 4929793
0.14, 4843619
0.19, 4818731
0.39, 4678023
0.39, 4612719
1.04, 4548372
1.04, 4445169
1.04, 4441839
1.68, 4346158
2.32, 4273458
2.32, 4247174
2.95, 4200427
2.96, 4200035
3.62, 4144187
4.29, 4085003
4.92, 4080967
5.57, 4079810
5.57, 4079771
6.20, 4068029
6.84, 4057257
7.45, 4030064
8.06, 4026449
8.67, 3999485
8.67, 3958609
9.28, 3896356
9.89, 3799124
10.48, 3769799
11.07, 3754881
11.67, 3688047
12.27, 3682273
12.85, 3654261
13.43, 3636448
14.01, 3578640
14.69, 3570235
15.47, 3489519
16.17, 3444528
16.84, 3423184
17.49, 3389161
18.13, 3388511
18.73, 3362151
19.34, 3350251
19.94, 3327416
20.55, 3304747
21.22, 3257925
21.79, 3255808
22.39, 3249170
22.98, 3245889
23.55, 3191619
24.13, 3169389
24.70, 3168657
24.70, 3155930
25.26, 3138140
25.79, 3126135
26.33, 3125789
26.85, 3107724
27.37, 3101509
27.89, 3074522
28.44, 3072789
29.01, 2990652
29.50, 2964396
30.03, 2913532
30.51, 2897829
31.01, 2879280
31.50, 2849094
32.00, 2835389
32.45, 2829350
32.93, 2805032
33.40, 2794647
33.89, 2767710
34.37, 2749165
34.87, 2745944
35.32, 2724262
35.79, 2716403
35.79, 2706950
36.25, 2705457
36.70, 2694254
37.17, 2653498
37.62, 2650286
38.06, 2623353
38.51, 2599462
38.96, 2586387
39.42, 2559700
39.84, 2550434
40.29, 2548158
40.73, 2532633
41.15, 2528618
41.57, 2454227
42.01, 2433277
42.42, 2369285
42.85, 2362946
43.29, 2337436
43.70, 2332733
44.13, 2322775
44.54, 2307727
44.95, 2295321
45.37, 2279528
45.76, 2265179
46.18, 2263744
46.59, 2219756
46.98, 2213563
47.37, 2212675
47.78, 2162321
48.18, 2162148
48.59, 2152251
48.98, 2138248
49.37, 2133002
49.78, 2129103
50.17, 2119329
50.54, 2115566
50.93, 2112736
51.31, 2112569
51.72, 2107478
52.10, 2102718
52.47, 2079552
52.85, 2074798
53.21, 2074208
53.61, 2063150
53.99, 2051721
54.35, 2027998
54.71, 2026443
55.08, 1982858
55.44, 1972870
55.78, 1968685
56.11, 1965231
56.47, 1945865
56.83, 1938851
57.17, 1923763
57.52, 1897010
57.88, 1871805
58.22, 1871389
58.56, 1862245
58.91, 1857852
59.25, 1803805
59.58, 1793797
59.92, 1792873
60.27, 1781374
60.58, 1778621
60.91, 1772291
61.20, 1768103
61.53, 1766769
61.86, 1730093
62.17, 1709908
62.51, 1674117
62.83, 1671670
63.16, 1625154
63.50, 1619712
63.84, 1604111
64.14, 1576895
64.47, 1570766
64.83, 1550537
65.15, 1540001
65.47, 1522532
65.78, 1509354
66.07, 1508536
66.37, 1496486
66.68, 1474885
66.98, 1428651
67.28, 1421627
67.56, 1421247
67.87, 1414757
68.18, 1413544
68.46, 1410662
68.76, 1406014
69.04, 1398484
69.32, 1395832
69.60, 1393396
69.87, 1387602
70.17, 1386202
70.45, 1381412
70.71, 1379700
70.98, 1375853
71.28, 1366613
71.54, 1358507
71.81, 1342670
72.09, 1314777
72.37, 1309087
72.62, 1308529
72.87, 1307458
73.13, 1298752
73.38, 1293391
73.67, 1290269
73.93, 1281883
74.18, 1275164
74.46, 1274962
74.74, 1273309
75.02, 1270998
75.29, 1254490
75.57, 1243891
75.83, 1222288
76.10, 1204316
76.38, 1198203
76.63, 1193563
76.88, 1175785
77.16, 1156511
77.40, 1153112
77.66, 1135527
77.90, 1130791
78.15, 1128911
78.40, 1124984
78.66, 1123244
78.91, 1109835
79.18, 1106673
79.47, 1103181
79.74, 1101173
80.04, 1094896
80.27, 1089895
80.49, 1087596
80.79, 1083824
81.13, 1082708
81.41, 1077766
81.69, 1074867
81.93, 1074807
82.16, 1053817
82.46, 1052272
82.68, 1031497
82.94, 1022812
83.19, 1005941
83.46, 1004306
83.74, 1000041
84.04, 993616
84.57, 992222
84.88, 989157
85.61, 985257
86.07, 984112
86.55, 982770
87.10, 973818
87.50, 973664
88.66, 968558
89.03, 966940
89.58, 965904
89.77, 962416
90.34, 960171
90.56, 958059
92.68, 957300
93.37, 945560
96.84, 943120
108.47, 932189
111.44, 918109
