0.01, 6214884
0.01, 6188408
0.01, 6065960
0.01, 5974258
0.01, 5941066
0.02, 5884163
0.02, 5849616
0.02, 5828420
0.02, 5710543
0.02, 5699990
0.02, 5556641
0.03, 5549568
0.03, 5496489
0.03, 5397376
0.03, 5337020
0.03, 5296563
0.03, 5245591
0.03, 5240617
0.03, 5222960
0.03, 5163518
0.06, 5003443
0.06, 5002027
0.06, 4980234
0.09, 4977944
0.14, 4920810
0.16, 4885042
0.16, 4812694
0.16, 4781297
0.22, 4778423
0.49, 4744046
0.49, 4611281
1.22, 4610174
1.22, 4586987
1.92, 4583700
1.92, 4474777
1.92, 4358511
2.65, 4357468
3.35, 4219478
4.04, 4201383
4.04, 4162035
4.75, 4159210
5.45, 4146631
6.11, 4087808
6.75, 4086719
7.39, 4083202
8.03, 3994844
8.03, 3983347
8.68, 3973981
8.69, 3947858
9.35, 3944610
10.01, 3912111
10.69, 3887724
11.52, 3833892
12.19, 3733574
12.19, 3732121
12.82, 3725931
13.42, 3720302
14.01, 3680671
14.60, 3672211
15.17, 3617683
15.76, 3594075
16.33, 3588523
16.89, 3554276
17.46, 3519835
18.17, 3507542
18.78, 3499987
19.33, 3481182
19.88, 3465019
20.42, 3446614
20.95, 3440084
21.48, 3424987
22.01, 3405075
22.55, 3385877
23.08, 3311944
23.60, 3299283
24.12, 3290258
24.64, 3270470
25.16, 3269393
25.67, 3225470
25.67, 3177245
26.18, 3090578
26.69, 2940466
27.19, 2919385
27.70, 2917004
28.20, 2914035
28.69, 2807892
29.19, 2795040
29.68, 2765557
30.17, 2749769
30.65, 2739740
31.14, 2712677
31.61, 2704497
32.09, 2699677
32.56, 2624497
33.03, 2607591
33.50, 2585611
33.97, 2576078
34.43, 2573247
34.90, 2563000
35.36, 2483040
35.81, 2478303
36.26, 2456734
36.71, 2389128
37.17, 2382589
37.61, 2379535
38.05, 2367665
38.49, 2363792
38.93, 2358173
39.36, 2349681
39.80, 2319190
40.23, 2279906
40.65, 2276466
41.08, 2272397
41.51, 2260142
41.94, 2258890
42.35, 2245634
42.78, 2209826
43.19, 2189553
43.60, 2164830
44.01, 2162079
44.42, 2153124
44.83, 2132515
45.23, 2130511
45.63, 2128834
46.03, 2126583
46.43, 2102978
46.83, 2102567
47.23, 2094674
47.62, 2072750
48.01, 2045833
48.41, 2022923
48.80, 2002977
49.19, 2002884
49.58, 1991287
49.96, 1982231
50.35, 1979548
50.73, 1969964
51.11, 1937662
51.49, 1919111
51.86, 1909948
52.24, 1903070
52.61, 1889537
52.98, 1858276
53.35, 1850060
53.71, 1843497
54.08, 1843209
54.44, 1781091
54.80, 1770628
55.16, 1758353
55.51, 1738966
55.86, 1727819
56.22, 1727581
56.57, 1725487
56.92, 1715634
57.26, 1715390
57.60, 1713433
57.95, 1690260
58.28, 1684899
58.62, 1673994
58.96, 1638376
59.30, 1627691
59.63, 1624072
59.96, 1616393
60.29, 1614852
60.62, 1603412
60.95, 1600099
61.27, 1597923
61.60, 1593429
61.92, 1565965
62.25, 1537269
62.56, 1510075
62.88, 1503147
63.20, 1472017
63.52, 1471406
63.83, 1464312
64.14, 1462230
64.45, 1419841
64.75, 1416902
65.06, 1400020
65.36, 1389104
65.67, 1388650
65.97, 1370023
66.27, 1367168
66.57, 1345666
66.87, 1339053
67.17, 1337374
67.46, 1321358
67.75, 1310623
68.03, 1307627
68.32, 1304294
68.62, 1302160
68.90, 1296885
69.19, 1285786
69.47, 1281863
69.75, 1265962
70.07, 1255755
70.35, 1241148
70.63, 1234319
70.92, 1231921
71.20, 1229772
71.47, 1228341
71.77, 1197310
72.04, 1176641
72.31, 1164189
72.69, 1155826
72.95, 1153280
73.24, 1145987
73.58, 1136168
73.87, 1115167
74.13, 1099398
74.45, 1089567
74.72, 1083185
75.02, 1073503
75.31, 1070119
75.56, 1068792
75.91, 1060996
76.29, 1059223
76.60, 1050649
77.28, 1049083
77.53, 1036686
78.02, 1030127
78.55, 1027168
78.83, 1022402
79.09, 1021775
79.45, 1017898
79.74, 1015333
80.11, 1007984
80.57, 1006790
80.92, 1005240
81.77, 999706
82.82, 987386
83.07, 985493
83.63, 982296
84.26, 980304
84.73, 979300
85.48, 973847
85.70, 966161
86.07, 958357
86.93, 956676
88.97, 955051
89.15, 954931
89.88, 939474
91.90, 927821
94.66, 922222
95.22, 919056
98.17, 913582
98.59, 913517
102.35, 913300
