0.01, 5625164
0.01, 5604933
0.01, 5584424
0.02, 5528254
0.02, 5467417
0.02, 5462308
0.02, 5430026
0.02, 5343597
0.03, 5303116
0.03, 5238520
0.03, 5192205
0.04, 5177181
0.04, 5176067
0.04, 5131703
0.04, 5078078
0.04, 4986797
0.08, 4942625
0.08, 4919647
0.23, 4776496
0.23, 4750967
0.41, 4746207
0.54, 4735271
0.59, 4661363
1.25, 4613892
1.25, 4570966
1.95, 4519717
2.65, 4471410
2.65, 4438894
2.65, 4433072
3.33, 4417740
3.33, 4400691
3.97, 4397870
4.61, 4341324
4.61, 4322592
5.23, 4269385
5.84, 4265014
6.44, 4201277
7.04, 4195025
7.63, 4178655
8.21, 4140211
8.80, 4126394
9.38, 4085778
9.97, 4063836
10.54, 3943666
10.54, 3914588
11.12, 3907752
11.70, 3871491
11.70, 3850584
11.70, 3754034
12.28, 3742965
12.87, 3674048
13.46, 3654523
14.07, 3616598
14.64, 3603829
15.19, 3570006
15.76, 3508646
16.32, 3459459
16.95, 3435109
17.51, 3425657
18.06, 3399810
18.67, 3386019
19.24, 3362919
19.81, 3304107
19.81, 3273931
20.35, 3270142
20.89, 3244364
21.43, 3216286
22.00, 3177668
22.53, 3177148
23.06, 3176226
23.61, 3168916
24.12, 3159357
24.63, 3146789
24.63, 3062763
25.12, 3051960
25.63, 2997239
26.14, 2995081
26.65, 2980706
27.16, 2967534
27.66, 2959439
27.66, 2950969
28.17, 2927578
28.68, 2926462
29.19, 2906207
29.70, 2905587
30.20, 2900503
30.68, 2899010
31.24, 2881939
31.73, 2868058
32.21, 2770643
32.71, 2744912
33.17, 2738139
33.63, 2716199
34.11, 2709991
34.58, 2692883
35.06, 2672486
35.54, 2663167
36.00, 2657825
36.45, 2655883
36.91, 2652203
37.35, 2619990
37.78, 2583811
38.21, 2582687
38.64, 2564320
39.07, 2549082
39.51, 2533431
39.95, 2524624
40.38, 2517932
40.82, 2493339
41.24, 2490438
41.67, 2475612
42.09, 2474028
42.51, 2426517
42.95, 2385172
43.38, 2383730
43.80, 2379539
44.20, 2371833
44.62, 2352834
45.05, 2339807
45.46, 2313682
45.87, 2310146
46.27, 2215568
46.67, 2213128
47.06, 2185537
47.45, 2174904
47.84, 2108603
48.22, 2092819
48.60, 2085772
48.98, 2054818
49.35, 2051223
49.73, 2047840
50.10, 2046895
50.47, 2039235
50.84, 2037047
51.21, 2031648
51.58, 2028448
51.94, 2007349
52.30, 1977915
52.67, 1971245
53.04, 1966015
53.40, 1952131
53.75, 1912824
54.10, 1908567
54.45, 1907679
54.80, 1899110
55.15, 1886375
55.15, 1877550
55.49, 1876694
55.84, 1846603
56.19, 1797356
56.54, 1786809
56.89, 1759343
57.23, 1747143
57.57, 1741167
57.90, 1720574
58.23, 1717535
58.57, 1700128
58.92, 1686911
59.25, 1681677
59.60, 1676593
59.93, 1676299
60.26, 1665455
60.62, 1654675
60.94, 1622922
61.26, 1607661
61.58, 1578883
61.91, 1567120
62.22, 1544845
62.53, 1540203
62.84, 1526226
63.14, 1521199
63.45, 1520749
63.76, 1490337
64.07, 1483514
64.37, 1460881
64.67, 1454365
64.97, 1430466
65.26, 1427007
65.57, 1426367
65.85, 1401024
66.15, 1394887
66.43, 1388650
66.72, 1377093
67.01, 1368785
67.30, 1363033
67.59, 1342084
67.87, 1338214
68.16, 1328876
68.44, 1314322
68.71, 1296296
69.00, 1286613
69.30, 1282220
69.57, 1280932
69.85, 1279654
70.12, 1253962
70.39, 1250959
70.66, 1248308
70.92, 1238776
71.20, 1236602
71.48, 1234367
71.74, 1228670
72.01, 1225116
72.30, 1219423
72.57, 1219345
72.83, 1217215
73.10, 1214405
73.35, 1209523
73.61, 1196211
73.88, 1193061
74.16, 1188612
74.41, 1184579
74.67, 1176864
74.92, 1168660
75.17, 1144998
75.43, 1121013
75.69, 1107766
75.93, 1107750
76.20, 1105966
76.44, 1094882
76.69, 1093283
76.97, 1088536
77.24, 1088000
77.49, 1087110
77.78, 1086111
78.02, 1083222
78.27, 1076553
78.54, 1065672
78.88, 1063251
79.26, 1059946
79.50, 1058998
79.73, 1058890
79.99, 1050321
80.22, 1048403
80.47, 1047508
80.76, 1040540
80.98, 1035402
81.28, 1028820
81.52, 1015184
81.75, 1014928
82.19, 1014479
82.52, 1001704
82.80, 1000327
83.04, 999561
83.27, 991265
83.90, 989809
84.23, 981250
85.12, 973945
85.42, 973434
85.90, 973364
86.41, 972689
86.62, 961579
86.90, 960750
87.50, 957905
87.81, 957607
88.50, 954753
88.83, 953781
89.22, 953277
89.64, 953135
90.02, 952226
90.52, 950715
90.85, 949207
91.29, 949037
91.81, 942050
92.67, 941364
93.73, 939410
94.06, 937554
94.78, 936337
95.21, 930334
95.37, 928895
96.52, 928716
96.80, 927973
97.08, 927636
98.37, 925346
98.53, 917907
98.98, 917221
99.32, 913754
100.20, 913506
