0.02, 5569960
0.02, 5555926
0.02, 5490519
0.02, 5478421
0.02, 5474221
0.02, 5365517
0.02, 5352185
0.02, 5351417
0.02, 5309197
0.02, 5284530
0.02, 5271248
0.03, 5259256
0.03, 5251027
0.03, 5244211
0.03, 5218290
0.03, 5169711
0.05, 5040908
0.06, 5035960
0.06, 5028655
0.06, 4877581
0.11, 4861238
0.16, 4854334
0.16, 4851766
0.16, 4821896
0.16, 4768117
0.27, 4758380
0.41, 4753808
0.41, 4738982
0.41, 4738009
0.77, 4673382
0.77, 4616565
1.34, 4603689
1.92, 4552242
1.92, 4536242
2.49, 4508360
2.49, 4497894
2.49, 4490908
3.06, 4487766
3.63, 4382948
4.19, 4348440
4.75, 4328526
5.31, 4221080
5.86, 4152539
6.43, 4143253
6.97, 4140841
7.53, 4139284
8.08, 4092705
8.63, 4067387
9.16, 3994361
9.71, 3992946
10.24, 3936588
10.78, 3807664
10.78, 3797558
11.32, 3796580
11.32, 3726209
11.84, 3680965
12.38, 3653645
12.91, 3627708
13.42, 3613108
13.94, 3593097
14.47, 3583257
14.98, 3575246
15.50, 3518081
16.00, 3474218
16.52, 3452025
17.02, 3362302
17.52, 3331973
18.03, 3287679
18.03, 3249819
18.53, 3215138
19.03, 3199705
19.53, 3194952
20.01, 3194913
20.50, 3193883
20.98, 3176757
21.48, 3174765
21.97, 3158964
22.44, 3150995
22.92, 3127902
23.40, 3096663
23.87, 3057087
24.34, 3044649
24.81, 3042390
25.28, 2977379
25.75, 2950921
26.20, 2940830
26.67, 2939936
27.12, 2931908
27.58, 2921260
28.03, 2909051
28.48, 2902374
28.93, 2897358
29.37, 2881461
29.82, 2880755
30.26, 2877698
30.70, 2861691
31.14, 2846873
31.58, 2773056
32.01, 2764458
32.45, 2744018
32.89, 2727119
33.31, 2716636
33.73, 2676279
34.15, 2620133
34.57, 2589247
35.00, 2578082
35.42, 2563640
35.84, 2558198
36.25, 2516682
36.65, 2498202
37.07, 2497788
37.48, 2438371
37.87, 2430145
38.29, 2423795
38.68, 2402272
39.09, 2392696
39.48, 2387226
39.89, 2386105
40.27, 2337534
40.68, 2321431
41.06, 2314124
41.45, 2312793
41.83, 2298032
42.22, 2296044
42.60, 2282877
42.99, 2280558
43.36, 2280414
43.74, 2268423
44.11, 2238482
44.49, 2213542
44.86, 2210728
45.23, 2174373
45.60, 2169260
45.96, 2161407
46.34, 2150982
46.69, 2150425
47.05, 2116252
47.41, 2092417
47.77, 2090560
48.13, 2070975
48.49, 2041452
48.85, 2009888
49.21, 2007380
49.55, 1968765
49.90, 1963667
50.24, 1954151
50.60, 1945106
50.94, 1922118
51.29, 1905691
51.61, 1890961
51.96, 1874776
52.30, 1830007
52.63, 1820172
52.99, 1816481
53.33, 1789742
53.68, 1787466
54.02, 1780303
54.36, 1777788
54.69, 1776742
55.02, 1775735
55.35, 1768812
55.66, 1759966
55.99, 1743390
56.30, 1730414
56.61, 1711888
56.93, 1711026
57.24, 1701554
57.55, 1692405
57.86, 1688292
58.17, 1687519
58.49, 1687082
58.80, 1672979
59.10, 1654966
59.41, 1613841
59.71, 1602600
60.00, 1598564
60.32, 1584326
60.61, 1577920
60.91, 1554709
61.21, 1542809
61.49, 1533843
61.78, 1531783
62.08, 1528824
62.36, 1504634
62.66, 1501937
62.94, 1489627
63.22, 1482305
63.52, 1457471
63.80, 1448528
64.08, 1445085
64.36, 1438168
64.63, 1430600
64.91, 1423027
65.19, 1414061
65.47, 1398474
65.74, 1384981
66.02, 1373584
66.28, 1373541
66.55, 1372298
66.83, 1372104
67.09, 1366722
67.38, 1362673
67.64, 1361692
67.91, 1355539
68.17, 1354584
68.44, 1332604
68.70, 1327621
68.97, 1312697
69.22, 1308815
69.48, 1298809
69.75, 1280157
70.01, 1272938
70.28, 1263072
70.53, 1257943
70.79, 1253470
71.04, 1241014
71.29, 1238381
71.54, 1231228
71.84, 1211943
72.07, 1210398
72.35, 1204877
72.60, 1192011
72.84, 1191350
73.10, 1185798
73.35, 1167517
73.60, 1163011
73.84, 1157466
74.07, 1155730
74.32, 1152546
74.57, 1142806
74.81, 1136807
75.07, 1136072
75.32, 1135986
75.56, 1135076
75.78, 1134634
76.03, 1114632
76.26, 1108187
76.48, 1104556
76.71, 1103175
76.95, 1099770
77.18, 1099358
77.42, 1086915
77.63, 1086658
77.92, 1084907
78.12, 1083488
78.35, 1083149
78.63, 1082822
78.88, 1082557
79.38, 1076503
79.64, 1076069
79.99, 1073551
80.27, 1069995
80.49, 1063209
80.78, 1063024
81.02, 1061994
81.24, 1061727
81.44, 1054779
81.70, 1054696
82.06, 1048970
82.30, 1048483
82.53, 1042228
82.81, 1034170
83.08, 1034049
83.41, 1032013
83.72, 1031754
84.04, 1026536
84.30, 1023418
84.57, 1005291
84.96, 1003528
85.19, 1002539
85.36, 1000730
85.78, 999615
86.00, 996317
86.33, 993464
86.53, 990870
87.11, 989025
87.44, 986220
87.63, 986014
87.88, 972934
89.03, 971079
90.11, 964036
90.52, 963904
90.99, 961329
91.64, 960974
92.39, 960182
92.83, 932800
93.00, 930745
93.36, 929755
94.02, 923742
94.16, 920061
95.05, 915148
96.73, 914988
96.87, 914088
97.45, 905764
98.64, 900211
101.84, 896601
103.12, 896422
105.47, 894956
114.27, 894619
