0.02, 5698578
0.02, 5698568
0.02, 5552041
0.02, 5536597
0.02, 5481417
0.02, 5457275
0.03, 5437660
0.03, 5358869
0.03, 5274570
0.03, 5201052
0.03, 5172543
0.03, 5101114
0.03, 5053917
0.09, 5049408
0.14, 4998691
0.14, 4911373
0.17, 4885222
0.17, 4765355
0.48, 4723227
0.48, 4709100
1.09, 4688982
1.66, 4609280
1.66, 4544844
1.66, 4439818
2.25, 4385066
2.86, 4338082
2.86, 4294951
3.47, 4291312
3.47, 4258429
4.08, 4247848
4.08, 4240179
4.08, 4171689
4.69, 4169636
4.69, 4158433
4.69, 4133549
4.69, 4131652
5.28, 4118917
5.28, 4087741
5.90, 4066880
6.53, 3976816
7.14, 3928914
7.70, 3925866
8.28, 3923202
8.28, 3846689
8.84, 3837852
9.41, 3786454
10.00, 3765908
10.57, 3728342
11.13, 3715049
11.72, 3670548
12.29, 3669805
12.83, 3646713
13.41, 3572800
13.97, 3489955
13.97, 3469371
14.52, 3450084
15.03, 3399706
15.55, 3379353
16.14, 3374233
16.14, 3362703
16.14, 3352204
16.66, 3311063
17.16, 3305065
17.66, 3260563
18.14, 3254585
18.64, 3206246
19.13, 3197241
19.61, 3196260
20.09, 3192106
20.58, 3171393
21.06, 3146189
21.53, 3094618
22.02, 3051626
22.48, 3050876
22.95, 3050401
23.44, 3003523
23.91, 2999459
24.37, 2928604
24.84, 2928133
25.30, 2777905
25.75, 2754550
26.22, 2753848
26.67, 2742518
27.12, 2736577
27.56, 2727721
28.01, 2726552
28.47, 2721157
28.90, 2678088
29.36, 2671884
29.80, 2653187
30.23, 2651245
30.67, 2631644
31.11, 2597718
31.53, 2567881
31.96, 2559281
32.40, 2549114
32.82, 2532948
33.24, 2519943
33.65, 2501666
34.09, 2481315
34.50, 2464900
34.92, 2453797
35.34, 2444404
35.75, 2443429
36.15, 2431887
36.56, 2401032
36.96, 2394584
37.37, 2383753
37.78, 2380568
38.17, 2347957
38.57, 2326555
38.96, 2318026
39.35, 2314934
39.75, 2297536
40.14, 2292716
40.53, 2228685
40.92, 2217859
41.29, 2189739
41.68, 2186118
42.06, 2174785
42.43, 2159033
42.81, 2157496
43.18, 2157433
43.56, 2132673
43.93, 2110323
44.31, 2106972
44.68, 2086576
45.04, 2081686
45.41, 2073313
45.77, 2067055
46.13, 2048849
46.49, 2048102
46.85, 2014933
47.21, 1975727
47.55, 1958413
47.91, 1953017
48.26, 1938113
48.62, 1928126
48.97, 1901019
49.33, 1895641
49.67, 1868397
50.01, 1823462
50.36, 1816740
50.70, 1769987
51.04, 1748715
51.37, 1741565
51.72, 1729948
52.06, 1722566
52.39, 1715748
52.72, 1712764
53.06, 1689896
53.37, 1688926
53.71, 1687176
54.04, 1687059
54.40, 1636395
54.75, 1606345
55.07, 1575163
55.39, 1564414
55.70, 1561693
56.03, 1541579
56.34, 1537817
56.65, 1530560
56.96, 1499418
57.28, 1496942
57.59, 1494577
57.90, 1474524
58.20, 1468003
58.51, 1466554
58.81, 1459113
59.12, 1448013
59.42, 1431729
59.73, 1423164
60.04, 1404990
60.34, 1402715
60.63, 1396743
60.93, 1389537
61.24, 1389392
61.52, 1384286
61.82, 1373666
62.12, 1368913
62.40, 1361352
62.68, 1359174
62.97, 1355661
63.26, 1353453
63.54, 1351798
63.83, 1351794
64.12, 1350793
64.39, 1340867
64.67, 1340864
64.95, 1329485
65.23, 1324048
65.50, 1320514
65.78, 1309649
66.04, 1292790
66.31, 1281764
66.58, 1281172
66.87, 1278235
67.14, 1269243
67.40, 1263966
67.67, 1256562
67.93, 1253687
68.20, 1248374
68.47, 1246803
68.73, 1243622
69.00, 1236700
69.26, 1233086
69.53, 1224255
69.79, 1223279
70.04, 1219773
70.29, 1211638
70.54, 1208434
70.79, 1181202
71.11, 1175994
71.37, 1172597
71.64, 1168399
71.95, 1145743
72.21, 1135100
72.48, 1120299
72.72, 1115769
72.97, 1105135
73.24, 1104315
73.63, 1104256
73.92, 1096156
74.19, 1081962
74.45, 1054941
74.84, 1044057
75.12, 1041704
75.43, 1041656
75.73, 1036016
75.98, 1034360
76.26, 1034069
76.48, 1024739
76.73, 1020599
76.96, 1006078
77.31, 1002442
77.76, 1002109
77.98, 999795
78.23, 998185
78.54, 995351
78.76, 991370
79.00, 988514
79.25, 980802
79.71, 980783
79.98, 979877
80.26, 979836
80.50, 974287
80.89, 971762
81.20, 969547
81.42, 968259
81.71, 964608
81.95, 960572
82.23, 957964
83.01, 951861
83.22, 946571
83.81, 945595
84.04, 945090
84.26, 939283
84.89, 924457
85.18, 920118
85.42, 919987
85.95, 918680
86.78, 917214
87.00, 916411
87.22, 915235
87.44, 914898
88.95, 914025
89.11, 910636
91.51, 910546
91.80, 910140
92.05, 908924
93.03, 908578
93.20, 908202
94.54, 900613
95.11, 897472
98.20, 895788
99.01, 894154
99.56, 888066
101.10, 884339
105.31, 883638
108.60, 882952
109.49, 882732
