0.02, 5738126
0.02, 5725830
0.02, 5689816
0.02, 5486528
0.02, 5464024
0.02, 5445090
0.02, 5426724
0.02, 5414705
0.02, 5376080
0.02, 5369038
0.02, 5366749
0.02, 5340560
0.03, 5338100
0.03, 5272041
0.03, 5181636
0.03, 5179552
0.03, 5113193
0.03, 5068914
0.03, 5053064
0.03, 5032994
0.03, 4886594
0.08, 4885768
0.08, 4845255
0.08, 4828297
0.08, 4748058
0.64, 4727814
1.23, 4640298
1.81, 4599844
2.39, 4575161
2.39, 4530246
2.97, 4515349
3.53, 4510832
4.11, 4392166
4.67, 4278178
5.23, 4160981
5.85, 4143352
5.85, 4112526
6.48, 4110153
7.07, 4063335
7.07, 3957747
7.07, 3918331
7.66, 3900402
8.25, 3855316
8.83, 3836255
9.40, 3809275
9.40, 3808128
9.97, 3776334
10.54, 3762314
10.54, 3742970
10.54, 3716626
11.10, 3693770
11.65, 3685352
12.25, 3679565
12.81, 3677257
13.45, 3662242
14.01, 3653940
14.56, 3571911
15.13, 3500224
15.67, 3483308
16.23, 3471174
16.77, 3464265
17.32, 3420328
17.87, 3412943
18.41, 3404836
18.96, 3383896
19.50, 3284413
20.04, 3265468
20.61, 3261107
21.19, 3247864
21.72, 3209447
22.29, 3176115
22.83, 3159407
23.35, 3120562
23.35, 3088833
23.86, 3084540
23.86, 3075632
24.36, 3063590
24.87, 3004694
25.37, 3004602
25.87, 2990832
26.37, 2970381
26.87, 2962711
27.39, 2957319
27.88, 2894019
28.38, 2876031
28.88, 2873601
29.37, 2834826
29.86, 2830790
30.33, 2798743
30.81, 2749479
31.31, 2725616
31.81, 2718483
32.30, 2639342
32.80, 2629212
33.27, 2595337
33.75, 2581041
34.23, 2580915
34.69, 2514657
35.14, 2509059
35.58, 2487123
36.03, 2477812
36.47, 2474109
36.92, 2451910
37.36, 2405079
37.80, 2398359
38.25, 2393121
38.69, 2388835
39.12, 2384105
39.54, 2379049
39.96, 2346116
40.38, 2335195
40.80, 2332685
41.21, 2331942
41.62, 2327621
42.04, 2318788
42.45, 2284739
42.86, 2283679
43.26, 2279653
43.66, 2278648
44.06, 2276826
44.46, 2264617
44.86, 2230879
45.25, 2229668
45.65, 2185004
46.06, 2167416
46.45, 2161456
46.86, 2146700
47.26, 2125020
47.65, 2106901
48.05, 2103223
48.44, 2088240
48.82, 2057932
49.20, 2034819
49.59, 2029570
49.98, 2022674
50.36, 2014472
50.74, 2007168
51.12, 1985141
51.50, 1969986
51.88, 1942441
52.25, 1925630
52.63, 1906280
52.99, 1904693
53.35, 1865965
53.71, 1860831
54.07, 1855022
54.42, 1850319
54.79, 1837696
55.24, 1798256
55.73, 1796457
56.18, 1791782
56.62, 1776413
57.02, 1762166
57.38, 1758718
57.76, 1734175
58.15, 1718415
58.52, 1718118
58.87, 1710098
59.24, 1708836
59.59, 1678429
59.94, 1674691
60.31, 1673187
60.65, 1665256
61.02, 1662608
61.39, 1652732
61.73, 1644918
62.08, 1636199
62.42, 1621187
62.76, 1615133
63.09, 1604469
63.42, 1586711
63.74, 1582167
64.07, 1506446
64.41, 1502802
64.77, 1500515
65.10, 1497559
65.43, 1491644
65.75, 1491413
66.06, 1482256
66.37, 1477499
66.68, 1466557
67.00, 1464398
67.30, 1463257
67.62, 1461234
67.94, 1457602
68.25, 1438981
68.57, 1437445
68.88, 1432023
69.17, 1420059
69.45, 1392545
69.74, 1380809
70.08, 1379702
70.38, 1372091
70.69, 1366328
70.97, 1364082
71.25, 1357779
71.55, 1348259
71.83, 1344162
72.10, 1335138
72.38, 1326943
72.66, 1311488
72.96, 1308845
73.22, 1302397
73.52, 1300050
73.79, 1277820
74.06, 1277540
74.32, 1274000
74.60, 1271618
74.87, 1266751
75.19, 1263318
75.45, 1262453
75.72, 1231228
76.00, 1231049
76.28, 1227499
76.53, 1209230
76.80, 1201077
77.09, 1198699
77.34, 1187485
77.60, 1147166
77.85, 1143746
78.11, 1130510
78.39, 1125485
78.75, 1112888
79.11, 1106068
79.36, 1104616
79.65, 1104265
79.91, 1102138
80.19, 1101048
80.43, 1098474
80.66, 1088972
80.95, 1088411
81.18, 1087688
81.44, 1079382
81.71, 1074159
81.94, 1072612
82.25, 1071611
82.59, 1066528
82.95, 1055889
83.26, 1055300
83.50, 1047467
83.75, 1044249
84.01, 1042171
84.25, 1038489
84.52, 1038448
84.95, 1037576
85.19, 1036886
85.48, 1036465
85.75, 1033755
86.21, 1026511
86.47, 1026186
86.74, 1022304
86.98, 1021185
87.24, 1017529
87.56, 1015404
88.33, 1013627
88.59, 1012651
88.82, 1010315
89.01, 1010183
89.56, 1009370
89.86, 1009095
90.07, 1004285
90.30, 1004068
90.55, 997748
90.79, 997420
91.36, 997278
91.54, 995740
91.79, 992119
92.08, 991676
92.34, 991446
92.81, 991193
93.02, 985190
93.21, 982485
93.65, 980256
94.26, 976610
94.74, 974630
95.23, 967112
96.83, 965234
97.52, 965133
98.29, 964046
98.99, 960896
99.88, 958070
100.38, 957327
102.16, 956427
102.77, 953301
104.10, 949755
104.34, 937828
104.59, 933442
104.96, 931668
106.66, 929857
107.39, 922896
109.53, 922153
115.88, 921974
116.39, 919214
