0.02, 5703467
0.02, 5681006
0.02, 5613478
0.02, 5448501
0.02, 5381026
0.02, 5340833
0.02, 5190540
0.03, 5153542
0.03, 5040691
0.03, 5039128
0.03, 4998173
0.03, 4890300
0.03, 4877509
0.03, 4780960
0.34, 4685168
0.34, 4674719
0.34, 4671546
0.73, 4635768
0.73, 4590799
1.33, 4543664
1.94, 4531328
2.53, 4481073
2.53, 4458678
2.53, 4432894
2.53, 4365700
2.53, 4351744
2.53, 4330555
3.12, 4299538
3.12, 4273439
3.71, 4272557
4.29, 4257106
4.88, 4256319
4.88, 4248681
5.46, 4245182
6.06, 4207053
6.63, 4156717
7.21, 4114245
7.77, 4106655
8.35, 4104225
8.91, 4099022
9.48, 4084736
10.04, 4059150
10.59, 4059019
10.60, 3980254
11.15, 3977952
11.71, 3914749
12.26, 3879327
12.80, 3860002
13.35, 3828722
13.90, 3816740
14.43, 3771341
14.96, 3702376
15.49, 3653803
16.02, 3638205
16.55, 3604392
17.07, 3544360
17.60, 3509597
18.12, 3445236
18.63, 3415429
19.15, 3390840
19.66, 3332507
20.16, 3241134
20.68, 3205575
21.18, 3197643
21.68, 3162356
22.18, 3147202
22.68, 3146975
23.18, 3142241
23.66, 3097753
24.15, 3082071
24.63, 3009430
25.13, 2988826
25.60, 2971562
26.08, 2944802
26.56, 2941045
27.03, 2919173
27.52, 2915859
27.99, 2914912
28.45, 2891201
28.92, 2884413
29.38, 2871102
29.84, 2851136
30.30, 2787431
30.75, 2779597
31.22, 2750250
31.66, 2715852
32.11, 2691475
32.57, 2675078
33.01, 2656056
33.44, 2634572
33.90, 2615768
34.33, 2610988
34.77, 2575405
35.21, 2551309
35.65, 2550028
36.07, 2529161
36.50, 2470427
36.93, 2460175
37.36, 2452334
37.77, 2445994
38.19, 2431266
38.61, 2422716
39.03, 2415102
39.44, 2403236
39.86, 2388276
40.26, 2371035
40.67, 2323321
41.08, 2319674
41.48, 2319105
41.87, 2298882
42.28, 2292607
42.68, 2289669
43.07, 2267596
43.46, 2257428
43.87, 2233005
44.26, 2172664
44.26, 2170361
44.64, 2137741
45.03, 2137586
45.42, 2134536
45.79, 2112904
46.18, 2101787
46.56, 2050639
46.93, 2035736
47.31, 2033355
47.68, 2032464
48.06, 2025987
48.42, 1972353
48.79, 1957725
49.17, 1957533
49.52, 1937179
49.88, 1920007
50.24, 1918331
50.60, 1911611
50.96, 1894901
51.32, 1866503
51.66, 1829228
52.02, 1810848
52.37, 1807681
52.71, 1803282
53.07, 1797569
53.41, 1785309
53.76, 1767618
54.10, 1753209
54.45, 1728641
54.79, 1711587
55.12, 1700306
55.46, 1690788
55.79, 1688769
56.12, 1684637
56.46, 1656413
56.79, 1604858
57.12, 1589984
57.44, 1569203
57.76, 1559234
58.09, 1554966
58.41, 1514391
58.73, 1501859
59.05, 1483047
59.37, 1482418
59.68, 1477758
59.99, 1463522
60.30, 1461579
60.62, 1446716
60.93, 1438036
61.22, 1438027
61.54, 1421292
61.83, 1402269
62.15, 1394390
62.44, 1393511
62.76, 1371505
63.05, 1356808
63.35, 1350431
63.64, 1348527
63.94, 1333603
64.24, 1303134
64.55, 1299877
64.83, 1292308
65.13, 1284906
65.43, 1272596
65.72, 1253493
66.02, 1248469
66.30, 1247627
66.58, 1243212
66.89, 1227739
67.19, 1224385
67.47, 1216608
67.75, 1212848
68.03, 1201566
68.30, 1194900
68.58, 1189040
68.86, 1188334
69.14, 1188035
69.40, 1179697
69.67, 1169502
69.95, 1166446
70.22, 1158227
70.48, 1147990
70.75, 1145722
71.01, 1145684
71.26, 1143991
71.53, 1127731
71.81, 1125818
72.06, 1121989
72.33, 1121485
72.59, 1121321
72.84, 1116430
73.09, 1111982
73.41, 1111501
73.67, 1111322
73.92, 1110944
74.19, 1110341
74.45, 1106735
74.70, 1100990
74.95, 1091531
75.19, 1081411
75.42, 1060575
75.69, 1056086
75.94, 1048410
76.30, 1044159
76.56, 1038305
76.88, 1037813
77.18, 1035882
77.41, 1034340
77.74, 1033981
78.04, 1033258
78.38, 1030867
78.68, 1029188
78.91, 1028981
79.13, 1028800
79.41, 1024772
79.90, 1019863
80.38, 1008476
80.73, 1008240
80.94, 1003016
81.34, 1000663
81.83, 989865
82.74, 976421
83.11, 975494
83.57, 974682
83.77, 972287
84.05, 964241
84.43, 963620
84.68, 961315
84.89, 960512
85.22, 960308
85.69, 958407
86.71, 951351
87.53, 950817
87.75, 950074
88.47, 949293
90.63, 949058
91.00, 948985
91.24, 948384
91.60, 947235
94.56, 945944
96.19, 945206
98.48, 940937
99.37, 936864
