0.01, 701449
0.01, 692833
0.01, 675261
0.01, 673614
0.02, 672676
0.02, 663958
0.02, 663775
0.03, 661364
0.03, 650326
0.03, 648139
0.03, 641654
0.07, 641016
0.07, 640366
0.07, 637342
0.07, 632860
0.07, 627616
0.44, 620640
0.44, 618032
0.57, 617118
0.57, 614085
0.67, 611479
0.67, 611404
1.35, 608213
1.54, 604849
1.69, 598221
2.33, 597886
2.97, 592729
3.61, 590500
3.61, 585127
4.25, 585111
4.87, 577108
5.50, 571212
6.11, 567414
6.72, 563690
7.32, 563074
7.94, 558264
8.52, 553593
8.52, 553538
9.09, 550496
9.66, 548787
10.23, 548205
10.23, 543207
10.79, 531857
10.79, 531652
11.35, 527089
11.90, 525057
12.46, 524825
13.01, 524659
13.56, 524655
13.56, 524219
14.11, 522312
14.66, 521528
15.20, 516465
15.20, 508050
15.74, 501364
16.28, 498330
16.28, 498095
16.81, 493296
17.34, 481203
17.87, 477657
17.88, 473248
18.41, 473131
18.93, 472751
19.45, 468304
19.45, 444505
19.45, 441631
19.45, 438450
19.96, 436051
19.96, 435726
20.48, 434504
20.99, 434426
21.50, 430859
22.01, 430238
22.01, 430162
22.52, 429606
23.02, 427659
23.52, 426787
24.02, 426236
24.51, 418106
25.00, 417880
25.49, 417511
25.97, 412021
26.46, 409501
26.94, 404499
27.43, 399943
27.91, 397427
28.39, 397155
28.86, 396690
29.33, 392754
29.33, 391215
29.80, 389918
30.27, 389261
30.73, 388622
31.20, 388084
31.66, 386033
32.12, 383789
32.58, 380084
33.03, 379012
33.49, 376569
33.93, 375873
34.38, 375090
34.83, 374025
35.27, 372042
35.71, 370260
36.15, 368060
36.58, 366856
37.02, 365911
37.45, 364351
37.88, 361299
38.30, 361131
38.73, 356490
38.73, 352283
39.15, 351686
39.56, 350862
39.98, 350437
40.40, 350128
40.81, 347012
41.22, 346946
41.63, 345231
42.04, 342472
42.44, 342156
42.85, 341779
43.25, 341505
43.65, 338344
44.04, 338183
44.44, 333087
44.83, 331123
45.22, 331042
45.61, 328643
46.00, 327773
46.38, 326169
46.77, 321881
47.16, 319721
47.54, 318595
47.92, 315270
48.29, 315253
48.67, 310884
49.04, 307304
49.41, 303174
49.78, 298735
50.15, 298288
50.52, 297845
50.88, 292450
51.25, 290447
51.61, 289762
51.96, 289317
52.32, 288514
52.67, 285301
53.03, 277541
53.38, 276550
53.73, 276119
54.08, 275897
54.43, 274939
54.77, 273210
55.11, 270423
55.45, 268923
55.79, 268049
56.13, 267514
56.46, 262625
56.80, 259879
57.13, 259763
57.46, 257086
57.79, 256142
58.11, 255967
58.45, 254990
58.77, 253590
59.09, 253356
59.41, 252621
59.73, 252380
60.05, 248516
60.36, 245745
60.68, 243658
60.99, 239901
61.31, 236822
61.63, 232443
61.93, 229781
62.24, 226401
62.55, 225136
62.85, 220709
63.15, 219675
63.45, 219131
63.75, 218993
64.05, 218582
64.35, 216763
64.64, 216337
64.93, 216275
65.23, 216120
65.52, 215143
65.81, 213213
66.10, 210283
66.39, 208820
66.67, 207714
66.96, 206797
67.24, 206560
67.52, 206399
67.80, 205567
68.08, 205055
68.36, 204853
68.64, 204566
68.91, 204216
69.19, 203362
69.46, 201915
69.72, 201593
69.99, 200600
70.26, 200523
70.54, 199429
70.81, 198842
71.07, 198209
71.33, 195782
71.59, 195088
71.85, 194672
72.12, 194213
72.38, 193785
72.65, 193758
72.90, 192558
73.16, 192512
73.42, 192087
73.67, 190639
73.92, 190587
74.17, 188273
74.42, 188118
74.67, 185792
74.93, 185527
75.19, 184746
75.43, 181243
75.67, 181148
75.93, 180742
76.19, 180623
76.47, 179818
76.71, 179803
76.95, 179540
77.19, 178848
77.42, 178784
77.66, 178399
77.89, 177758
78.13, 176061
78.36, 174769
78.61, 174053
78.83, 173731
79.05, 173134
79.31, 171994
79.54, 170075
79.79, 169936
80.08, 169407
80.31, 169184
80.68, 168562
80.95, 167331
81.17, 167277
81.46, 166793
81.67, 165786
81.90, 165771
82.20, 165408
82.43, 164769
82.65, 164196
82.90, 164012
83.12, 163893
83.41, 163418
83.64, 163343
83.90, 162331
84.16, 161458
84.39, 160565
84.71, 160424
85.06, 159393
85.33, 159216
85.56, 158884
86.13, 158475
86.40, 158046
86.64, 157762
86.89, 157164
87.35, 156736
87.66, 155792
87.87, 155083
88.16, 154524
88.44, 154273
88.67, 152170
88.92, 152108
89.16, 152060
89.38, 151539
89.91, 151428
90.22, 150013
90.82, 149996
91.08, 149107
91.48, 148498
91.73, 148087
92.53, 147904
93.49, 147541
94.41, 146899
94.71, 146805
95.17, 146663
96.48, 146090
98.68, 145941
99.38, 145584
99.67, 144881
100.91, 144755
107.31, 144369
108.39, 143895
112.81, 143773
119.33, 143674
