0.01, 757057
0.01, 756944
0.01, 744455
0.01, 744412
0.01, 734727
0.01, 729645
0.01, 728785
0.02, 726799
0.02, 726181
0.02, 720240
0.02, 719321
0.02, 719045
0.02, 716340
0.02, 713341
0.02, 704054
0.02, 700586
0.02, 691425
0.02, 689225
0.02, 688317
0.02, 683548
0.02, 682218
0.02, 674169
0.04, 670870
0.04, 655988
0.04, 646364
0.09, 646047
0.14, 645973
0.14, 635636
0.14, 632010
0.23, 630688
0.32, 626086
0.32, 623893
0.38, 621881
1.04, 620520
1.04, 620363
1.27, 619649
1.27, 614106
1.27, 593338
1.90, 591769
2.52, 586937
2.52, 583922
2.52, 578321
3.15, 575601
3.77, 575113
4.40, 566975
4.40, 565838
4.40, 558708
4.40, 558132
5.02, 547830
5.02, 547211
5.63, 544549
6.25, 532973
6.25, 530320
6.86, 529623
7.47, 527664
8.08, 526854
8.67, 522695
9.27, 521424
9.27, 519565
9.86, 516153
10.44, 515376
11.03, 512254
11.62, 510213
12.20, 506485
12.79, 505212
13.36, 503429
13.94, 502450
14.53, 502396
15.12, 501287
15.12, 500541
15.12, 496672
15.69, 493674
16.25, 491163
16.81, 487314
17.34, 487074
17.87, 482295
18.39, 478436
18.91, 474934
19.42, 457221
19.42, 451551
19.94, 450798
20.45, 449079
20.96, 448867
21.46, 447467
21.96, 442019
22.46, 441887
22.98, 434569
23.47, 434455
23.97, 433767
24.46, 429979
24.95, 421698
25.44, 412214
25.92, 402063
26.41, 401274
26.89, 397154
27.36, 395092
27.84, 391679
28.31, 385673
28.78, 385103
29.25, 384632
29.25, 384473
29.72, 383477
30.19, 383019
30.65, 378400
31.11, 378220
31.57, 376195
32.02, 375934
32.47, 373402
32.92, 368595
33.36, 365477
33.81, 365152
33.81, 360961
34.25, 360581
34.69, 360404
34.69, 357971
35.12, 354663
35.56, 354253
36.00, 353761
36.43, 349365
36.86, 347607
37.29, 343591
37.29, 342617
37.72, 340569
38.14, 338930
38.57, 337626
38.99, 331166
39.41, 330795
39.82, 329974
40.24, 326586
40.65, 325822
41.06, 324465
41.46, 322915
41.87, 320955
42.27, 319280
42.67, 318679
43.07, 317346
43.47, 317155
43.87, 314258
44.26, 313689
44.66, 311998
45.04, 309761
45.43, 307455
45.81, 306155
46.20, 304929
46.58, 302578
46.96, 302444
47.33, 301004
47.71, 300733
48.09, 300531
48.46, 296994
48.84, 294321
49.21, 292892
49.58, 290844
49.94, 284781
50.31, 283475
50.67, 282764
51.03, 282100
51.39, 280559
51.75, 278428
52.10, 274967
52.46, 274813
52.81, 273752
53.16, 270380
53.51, 269426
53.85, 268185
54.20, 267708
54.20, 267119
54.55, 266792
54.89, 263291
55.23, 262850
55.57, 260479
55.91, 259473
56.24, 257266
56.58, 256091
56.91, 255541
57.24, 254710
57.57, 254192
57.89, 253717
58.22, 253483
58.54, 251046
58.86, 250475
59.18, 250362
59.50, 246555
59.82, 243647
60.13, 241234
60.45, 241025
60.76, 240660
61.08, 239135
61.41, 238954
61.72, 236068
62.02, 235592
62.32, 235110
62.63, 233477
62.93, 232597
63.24, 231806
63.54, 230423
63.84, 229152
64.13, 226706
64.43, 222885
64.72, 222088
65.01, 221946
65.30, 220857
65.59, 220547
65.87, 220022
66.16, 218617
66.45, 216977
66.73, 215841
67.02, 215716
67.30, 215069
67.58, 213338
67.86, 212129
68.13, 211885
68.41, 210849
68.68, 210696
68.95, 210286
69.22, 209308
69.49, 208504
69.76, 208339
70.03, 208327
70.29, 206863
70.56, 205697
70.83, 204470
71.09, 202455
71.35, 200830
71.62, 200822
71.88, 199917
72.14, 199660
72.40, 198996
72.66, 198684
72.92, 197757
73.18, 196848
73.44, 196329
73.69, 194444
73.95, 193852
74.20, 193505
74.44, 193302
74.69, 191381
74.95, 191076
74.95, 189961
75.22, 184600
75.48, 184575
75.72, 183476
75.96, 182883
76.20, 182428
76.45, 182391
76.69, 180562
76.93, 179542
77.17, 177805
77.40, 177533
77.65, 175579
77.89, 175483
78.12, 175080
78.44, 174188
78.67, 173697
78.89, 172052
79.12, 171902
79.39, 171668
79.65, 171189
79.91, 170612
80.13, 170081
80.36, 168398
80.58, 167879
80.81, 167297
81.02, 166974
81.27, 166749
81.55, 166532
81.84, 165228
82.05, 164441
82.26, 164409
82.58, 164065
82.85, 162711
83.26, 161847
83.80, 161741
84.06, 161729
84.32, 161535
84.76, 161090
85.09, 160650
85.40, 160497
85.64, 159635
85.85, 159626
86.17, 159172
86.75, 158223
87.07, 158116
87.48, 157479
88.21, 156295
88.43, 156258
88.63, 155630
88.82, 154872
89.15, 154775
89.36, 154387
89.69, 153611
90.15, 153525
90.51, 153445
90.68, 153188
91.11, 153031
91.37, 152698
92.23, 152446
92.48, 152064
92.94, 152037
93.23, 151866
93.39, 151238
96.33, 151174
97.98, 149158
98.45, 147294
98.90, 146387
99.03, 146217
99.19, 145802
99.33, 145733
99.49, 145202
99.82, 145183
100.14, 144575
100.80, 144212
101.15, 144063
101.66, 143387
102.43, 142908
104.19, 142895
105.66, 142288
112.87, 141683
116.16, 141631
