0.01, 697325
0.01, 692026
0.01, 692014
0.01, 684340
0.01, 680900
0.03, 675665
0.03, 674571
0.03, 670110
0.03, 664867
0.05, 657497
0.07, 653616
0.07, 652156
0.07, 651831
0.07, 650195
0.08, 648624
0.08, 642866
0.08, 637454
0.08, 631372
0.08, 630953
0.33, 627978
0.33, 622947
0.33, 615130
0.35, 603122
0.35, 602199
0.35, 594863
0.36, 588876
1.02, 587312
1.08, 585284
1.08, 582039
1.08, 579685
1.08, 577233
1.72, 572441
2.35, 561189
2.98, 560145
3.62, 559111
4.25, 558618
4.88, 550873
4.88, 545565
5.50, 540195
6.12, 532244
6.74, 524665
7.35, 522833
7.96, 522549
8.57, 519109
8.57, 518345
8.57, 516031
8.57, 514165
9.17, 511037
9.77, 508799
10.36, 506899
10.95, 504762
10.95, 497311
11.53, 494263
12.12, 492822
12.12, 487232
12.72, 486328
13.32, 485218
13.91, 481171
14.50, 479522
15.09, 470646
15.68, 468138
16.26, 467665
16.84, 463387
17.43, 463166
17.96, 457345
18.48, 452233
18.48, 452225
19.01, 447700
19.53, 441597
19.53, 439412
20.04, 434606
20.56, 429160
21.07, 428876
21.58, 428134
22.08, 427950
22.59, 419622
23.09, 414849
23.59, 414535
24.09, 411312
24.09, 406978
24.58, 404425
25.06, 402207
25.55, 400445
26.04, 398608
26.52, 397214
27.00, 394854
27.48, 394024
27.48, 385523
27.97, 383645
28.44, 381006
28.91, 378595
29.38, 377531
29.85, 370922
30.31, 369092
30.31, 365355
30.78, 364368
31.23, 364122
31.69, 361407
32.14, 360961
32.59, 358306
33.05, 349744
33.50, 348477
33.95, 348446
34.39, 347040
34.83, 345439
35.27, 345326
35.71, 342111
36.15, 341306
36.58, 341160
37.01, 340094
37.44, 337532
37.44, 337462
37.87, 336016
38.30, 334724
38.72, 333778
39.14, 333433
39.56, 332296
39.98, 331682
40.40, 327413
40.80, 324225
41.22, 323470
41.62, 320237
42.03, 319232
42.43, 318020
42.83, 316336
43.24, 314890
43.64, 312685
44.04, 311804
44.44, 307161
44.83, 304145
45.22, 301324
45.61, 301093
46.00, 299067
46.38, 298689
46.76, 298365
47.15, 297201
47.52, 292511
47.90, 288034
48.27, 284914
48.65, 283925
49.02, 281832
49.39, 281607
49.76, 276461
50.12, 273577
50.49, 266911
50.85, 264856
51.22, 264413
51.57, 264383
51.93, 259748
52.29, 259241
52.64, 257972
53.00, 256842
53.35, 256650
53.70, 254316
54.04, 254194
54.39, 253805
54.73, 253804
55.07, 253083
55.42, 251624
55.76, 249687
56.09, 249677
56.43, 249087
56.76, 248533
57.10, 247916
57.43, 246621
57.75, 246394
58.08, 243685
58.40, 241984
58.73, 237416
59.05, 236815
59.37, 235193
59.69, 235106
60.00, 234773
60.32, 234615
60.63, 234213
60.94, 233415
61.25, 232998
61.56, 232355
61.87, 232029
62.18, 225826
62.49, 224142
62.79, 223965
63.09, 223402
63.39, 221993
63.69, 220154
63.99, 220117
64.29, 217147
64.58, 216953
64.88, 216935
65.17, 216019
65.46, 214871
65.75, 214778
66.03, 214664
66.32, 214571
66.61, 213538
66.89, 212983
67.17, 212002
67.45, 211209
67.73, 210849
68.01, 210766
68.29, 210196
68.56, 206764
68.84, 205091
69.11, 201470
69.38, 201446
69.66, 198994
69.93, 198742
70.20, 197441
70.46, 196187
70.74, 195624
71.01, 195435
71.27, 194613
71.55, 194326
71.81, 194194
72.07, 193919
72.33, 193889
72.59, 193299
72.85, 193089
73.10, 191773
73.36, 191219
73.62, 191168
73.87, 190532
74.12, 188852
74.39, 188014
74.67, 187964
74.91, 186045
75.16, 185879
75.41, 185357
75.65, 183200
75.89, 182501
76.15, 181612
76.42, 180524
76.65, 180517
76.90, 179717
77.15, 177473
77.39, 177456
77.70, 177437
77.94, 176949
78.17, 176577
78.44, 175626
78.69, 175597
78.94, 174873
79.18, 174799
79.42, 174755
79.64, 174122
79.88, 173080
80.14, 172951
80.36, 172861
80.57, 171546
80.80, 171400
81.05, 170719
81.28, 167928
81.53, 167755
81.75, 167754
82.03, 166131
82.30, 166096
82.59, 165977
82.85, 165974
83.07, 165935
83.34, 165817
83.58, 165126
83.78, 164572
84.06, 164477
84.36, 164469
84.65, 164287
84.86, 163223
85.07, 162904
85.30, 162896
85.49, 162171
85.68, 162150
85.87, 160970
86.10, 160177
86.35, 160021
86.58, 159969
86.77, 159929
87.01, 158939
87.20, 157809
87.48, 156629
87.70, 156372
87.90, 155500
88.19, 155281
88.46, 155259
88.77, 154994
89.10, 154752
89.40, 154682
89.81, 154005
89.98, 153786
90.16, 153542
90.35, 153444
90.56, 153223
90.77, 152961
90.96, 152512
91.23, 152394
91.55, 152307
92.19, 152172
92.36, 152098
93.11, 151993
93.32, 151187
93.81, 150850
94.35, 150072
94.66, 150015
95.92, 149995
96.16, 149756
96.49, 149509
97.51, 149211
97.87, 149081
98.59, 148654
98.86, 148623
99.53, 148576
100.17, 148572
100.77, 148210
100.98, 147505
101.12, 147142
102.42, 146981
102.66, 146610
102.86, 146554
104.08, 146523
104.19, 146151
104.46, 145230
105.73, 144776
109.86, 144443
110.46, 144344
112.38, 143852
114.34, 143824
