0.02, 464178
0.03, 462337
0.03, 461867
0.06, 456015
0.06, 447002
0.08, 436367
0.08, 433811
0.08, 429926
0.08, 429617
0.09, 429414
0.09, 427173
0.11, 415196
0.14, 402170
0.16, 397262
0.16, 394726
0.19, 393022
0.20, 384129
0.27, 374750
0.27, 374125
0.27, 364856
0.27, 364078
0.28, 361455
0.28, 359458
0.30, 357748
0.30, 354089
0.30, 349283
0.34, 346400
0.34, 346093
0.34, 340719
0.36, 338607
0.38, 334587
0.39, 333269
0.45, 332226
0.48, 326276
0.50, 324665
0.53, 320524
0.61, 319721
0.63, 318265
0.64, 317627
0.64, 316308
0.66, 315032
0.66, 306866
0.69, 306754
0.70, 304326
0.75, 303393
0.75, 302369
0.75, 302259
0.77, 299672
0.81, 296802
0.83, 296069
0.83, 293627
0.83, 293574
0.83, 291570
0.84, 285582
0.84, 280592
0.88, 279990
0.92, 277298
0.92, 273755
0.92, 272846
0.94, 269499
0.95, 268912
0.95, 268910
0.95, 268182
1.05, 266114
1.06, 264082
1.17, 258265
1.19, 257188
1.20, 252700
1.23, 252221
1.25, 251462
1.28, 250760
1.36, 249010
1.36, 248649
1.39, 247810
1.42, 247431
1.42, 245549
1.44, 243650
1.44, 238545
1.45, 235500
1.55, 234714
1.61, 234397
1.73, 232109
1.73, 231444
1.73, 230187
1.86, 230139
1.86, 229256
1.92, 224878
1.97, 224682
1.98, 224532
1.98, 219818
2.00, 218783
2.05, 218326
2.05, 217951
2.08, 216864
2.14, 216181
2.19, 213760
2.27, 212135
2.30, 210157
2.37, 210109
2.42, 208584
2.42, 208545
2.59, 207192
2.77, 205349
3.25, 204467
3.34, 202637
3.41, 201758
3.55, 200385
3.69, 199242
3.91, 199205
4.12, 197664
4.14, 196878
4.16, 195867
4.17, 195063
4.20, 194738
4.34, 194724
4.34, 190499
4.37, 190349
4.80, 189486
4.92, 188147
5.06, 187656
5.08, 186948
5.44, 183838
5.44, 183517
5.45, 183446
5.87, 183273
5.98, 182552
6.19, 175983
6.25, 174267
6.78, 173911
6.80, 173152
6.98, 172914
7.03, 170938
7.14, 170185
7.23, 169111
7.61, 169073
7.62, 166209
7.70, 164699
8.19, 164420
8.76, 164185
8.80, 164146
9.15, 161425
9.23, 161403
9.53, 159607
9.53, 158631
9.79, 156755
10.42, 156341
10.83, 156187
11.00, 155610
11.01, 155153
11.04, 155023
11.20, 154368
11.51, 154311
12.03, 154233
12.14, 153706
12.79, 153346
12.97, 153267
13.06, 152585
13.09, 152570
13.15, 152415
13.56, 150319
14.15, 148780
14.15, 147460
14.43, 146505
14.73, 145164
14.86, 144971
14.92, 142830
15.81, 142600
16.18, 142234
16.82, 142164
17.00, 142098
17.00, 141944
17.34, 141234
17.37, 140216
18.01, 140125
18.59, 139798
18.98, 139369
20.25, 138752
20.42, 138331
21.17, 138235
21.84, 137595
22.09, 136963
22.48, 136551
24.03, 136091
24.07, 135499
24.14, 134890
24.37, 134627
24.70, 133059
24.76, 132321
25.24, 131684
25.35, 130337
27.77, 130298
27.79, 130227
29.62, 129672
30.49, 128909
30.77, 128795
31.15, 127641
31.96, 127462
32.20, 126705
32.52, 126656
32.73, 126306
34.80, 126077
35.21, 126038
36.96, 125581
37.07, 124992
37.90, 123014
38.40, 122151
38.98, 121920
39.38, 121265
40.04, 121017
40.07, 120670
40.18, 119967
41.26, 119713
42.46, 118739
42.82, 118169
43.58, 117884
43.96, 115017
44.97, 115009
45.36, 114865
46.11, 114099
46.44, 114023
46.91, 113903
46.94, 113712
48.25, 113127
48.46, 112935
50.25, 112168
51.10, 112083
51.27, 111108
52.53, 110716
53.57, 110653
53.57, 110109
54.83, 109901
55.28, 108990
55.82, 108467
56.88, 108335
58.39, 108138
63.41, 108109
64.16, 108094
65.95, 107970
67.11, 107774
67.86, 107445
77.01, 106559
78.83, 106539
79.11, 106507
79.59, 106478
82.90, 106325
83.57, 105723
84.76, 105532
109.46, 105365
