0.02, 480034
0.02, 470496
0.03, 469580
0.03, 438107
0.03, 425903
0.03, 423425
0.03, 416279
0.05, 415923
0.05, 415179
0.05, 413366
0.06, 411851
0.08, 404492
0.08, 388885
0.08, 382864
0.08, 382697
0.09, 381129
0.09, 378902
0.11, 374733
0.13, 370209
0.13, 358035
0.14, 353054
0.14, 349945
0.20, 346128
0.22, 345947
0.22, 344685
0.23, 344211
0.23, 344138
0.23, 342864
0.25, 339038
0.25, 336065
0.27, 333374
0.30, 332314
0.30, 330219
0.33, 328636
0.33, 325949
0.34, 322297
0.36, 322124
0.37, 320832
0.39, 315053
0.45, 307386
0.48, 306503
0.53, 306278
0.53, 304108
0.53, 300613
0.55, 295307
0.56, 295238
0.58, 294411
0.58, 294159
0.59, 289852
0.62, 288344
0.64, 288024
0.64, 282908
0.69, 281312
0.69, 280672
0.70, 275711
0.70, 275694
0.70, 274507
0.72, 272496
0.73, 271305
0.75, 268809
0.77, 266620
0.80, 266552
0.84, 264859
0.97, 262669
1.02, 259062
1.03, 258807
1.03, 256617
1.05, 256284
1.05, 253354
1.11, 253132
1.11, 252860
1.11, 251498
1.12, 251266
1.19, 250527
1.33, 248427
1.37, 247136
1.45, 240195
1.50, 239288
1.52, 239219
1.52, 238093
1.55, 237608
1.56, 236450
1.56, 236436
1.64, 233910
1.72, 232090
1.72, 231750
1.78, 231671
1.89, 231018
1.91, 230273
1.91, 228864
1.98, 228156
2.00, 227747
2.02, 227466
2.05, 226397
2.11, 224796
2.12, 224328
2.14, 223048
2.19, 221396
2.19, 220867
2.22, 220771
2.27, 219678
2.37, 218756
2.47, 218314
2.53, 218226
2.53, 218027
2.53, 216581
2.70, 214805
2.89, 212743
2.97, 211980
2.98, 210072
3.01, 207212
3.06, 207112
3.08, 207070
3.23, 200360
3.28, 199246
3.45, 198513
3.45, 197336
3.51, 196612
3.72, 195264
3.80, 194806
3.87, 194586
3.98, 193313
4.17, 192974
4.30, 190655
4.36, 190563
4.66, 188712
4.69, 187066
4.75, 184512
4.86, 184090
4.89, 183419
4.94, 180598
4.95, 180563
4.95, 179708
4.97, 179667
5.00, 177992
5.00, 176359
5.06, 173781
5.12, 172667
5.16, 170357
5.22, 169938
5.25, 169492
5.31, 168758
5.31, 168020
5.31, 165444
5.33, 163870
5.41, 163430
5.45, 162767
5.61, 162619
5.72, 162526
6.25, 160396
6.28, 159859
6.53, 159354
6.67, 159214
6.75, 158670
7.51, 158423
7.97, 157344
8.00, 156241
8.14, 155447
8.17, 155256
8.26, 154568
8.51, 153211
8.53, 152981
8.72, 151846
9.01, 151467
9.14, 150830
9.17, 150632
9.22, 149839
9.22, 149793
9.31, 149074
9.34, 146949
9.44, 146524
9.59, 142871
9.62, 142706
9.79, 142641
10.00, 142309
10.17, 141671
10.56, 141523
10.78, 140319
10.95, 139952
11.09, 139490
11.26, 139073
11.98, 138606
12.36, 138279
12.42, 137521
12.67, 137025
12.98, 135972
13.08, 135221
13.47, 134257
14.12, 133671
14.28, 132455
14.36, 131986
14.45, 131911
15.48, 131870
15.73, 130945
15.79, 130130
16.14, 130073
16.20, 127747
16.54, 127340
16.70, 127318
16.87, 125886
17.37, 125429
17.64, 125361
17.64, 124782
17.86, 121368
18.18, 121223
21.82, 119279
22.07, 119240
22.40, 118613
23.34, 118405
23.67, 117702
24.87, 115992
25.96, 115794
28.63, 115696
29.09, 115638
29.31, 115430
29.51, 114727
30.59, 112705
33.63, 112132
35.02, 111920
35.21, 111787
36.18, 111465
38.29, 111246
44.44, 110952
45.08, 110839
49.10, 109833
53.00, 109121
56.36, 108567
57.28, 108552
58.63, 108468
62.20, 107858
62.34, 107725
63.63, 107708
67.28, 107533
67.53, 107201
68.72, 107050
73.97, 106910
85.98, 106908
104.76, 106117
