0.00, 488039
0.02, 476261
0.03, 471419
0.03, 446016
0.05, 438451
0.05, 421798
0.05, 421782
0.06, 421413
0.06, 416285
0.08, 412670
0.08, 404995
0.11, 398038
0.13, 396841
0.13, 392790
0.13, 390810
0.17, 388009
0.17, 381557
0.19, 381065
0.20, 378709
0.20, 377200
0.22, 376524
0.22, 374497
0.24, 371387
0.24, 370961
0.25, 366817
0.27, 366567
0.28, 363802
0.30, 359814
0.31, 359663
0.33, 359088
0.33, 355915
0.34, 355178
0.36, 351741
0.36, 347949
0.39, 344283
0.39, 344123
0.39, 343960
0.39, 341193
0.42, 339580
0.44, 338453
0.44, 333515
0.45, 330761
0.47, 325207
0.47, 313915
0.49, 310445
0.49, 308540
0.49, 306118
0.50, 304257
0.53, 304165
0.56, 303891
0.59, 300032
0.63, 297371
0.63, 296825
0.64, 291538
0.66, 290121
0.66, 289776
0.66, 289347
0.69, 287436
0.69, 283524
0.72, 282269
0.78, 278676
0.86, 277645
0.89, 277538
0.91, 277032
0.92, 276483
0.94, 275469
1.00, 273829
1.00, 266343
1.06, 261510
1.08, 259623
1.11, 258726
1.11, 255190
1.16, 254111
1.16, 253315
1.24, 252478
1.28, 248367
1.33, 247344
1.33, 246982
1.39, 243550
1.39, 237914
1.59, 237420
1.63, 236136
1.63, 231231
1.70, 228726
1.78, 227072
1.88, 224512
2.05, 223191
2.13, 221314
2.14, 219774
2.16, 218376
2.34, 218096
2.38, 217997
2.38, 217850
2.47, 212570
2.47, 212196
2.52, 211244
2.52, 211152
2.53, 210346
2.73, 210006
2.80, 207425
2.81, 206862
3.03, 205136
3.05, 203317
3.06, 202901
3.28, 202250
3.41, 201623
3.42, 200707
3.45, 199654
3.59, 199563
3.64, 199329
3.69, 198986
3.72, 195636
3.86, 195330
3.95, 194614
4.06, 193359
4.09, 192362
4.11, 191246
4.22, 189848
4.31, 189113
4.41, 186623
4.44, 186379
4.64, 185520
4.77, 185474
4.84, 184283
4.89, 183404
5.27, 183369
5.47, 181932
5.48, 181805
5.50, 181268
5.52, 178424
5.56, 170726
5.67, 170362
5.75, 169090
5.83, 168290
5.91, 167950
5.94, 167914
5.97, 166003
6.09, 164273
6.16, 164157
6.19, 162647
6.30, 162487
6.48, 160317
6.70, 158848
6.86, 157473
6.87, 156599
6.89, 155494
7.14, 154730
7.17, 154150
7.23, 154029
7.56, 153537
7.81, 149942
8.06, 149041
8.08, 147676
9.53, 146249
9.61, 143251
9.67, 143210
9.94, 142467
10.25, 142123
10.34, 141322
10.69, 141320
10.70, 140919
10.80, 140621
11.11, 138475
11.22, 138398
11.33, 137831
11.86, 137811
12.08, 136633
13.37, 136372
13.48, 136322
15.84, 136130
16.61, 135689
17.01, 135656
17.11, 135555
17.17, 134322
17.53, 134213
17.64, 133685
17.72, 132192
18.73, 132146
19.40, 131998
21.53, 131404
21.71, 130874
22.17, 130560
22.26, 130387
22.67, 130043
24.87, 129831
25.74, 129602
26.43, 129492
26.92, 129453
27.09, 127491
28.42, 126372
29.48, 125633
29.93, 123504
29.98, 123476
30.42, 123345
30.73, 123124
31.02, 122866
32.12, 122774
33.13, 121669
33.63, 120942
35.81, 120901
35.82, 120522
36.09, 120330
40.66, 119987
42.33, 119969
46.41, 118906
46.85, 118827
47.26, 118507
50.29, 118334
50.97, 117372
80.12, 117145
81.64, 117100
81.65, 116723
81.79, 116653
82.04, 116625
82.53, 116617
84.93, 115520
84.95, 115379
85.09, 114908
86.03, 114860
86.26, 114808
88.48, 114700
89.34, 114667
92.04, 114367
92.32, 113893
92.48, 113780
93.67, 113739
94.38, 113661
98.84, 113508
99.49, 112792
100.15, 112300
100.27, 111302
105.07, 110730
110.15, 110354
