0.02, 512311
0.02, 507977
0.03, 487059
0.03, 475815
0.03, 468399
0.03, 462491
0.05, 455082
0.06, 447207
0.06, 445820
0.08, 438203
0.08, 432706
0.08, 425492
0.08, 417904
0.08, 416953
0.09, 411869
0.09, 406275
0.09, 397324
0.09, 387713
0.11, 386848
0.13, 383842
0.13, 374251
0.13, 357530
0.14, 356401
0.14, 355434
0.16, 355392
0.16, 351280
0.17, 347798
0.19, 347471
0.19, 347155
0.19, 340002
0.22, 336991
0.23, 333990
0.23, 330288
0.25, 329428
0.25, 328436
0.25, 327881
0.30, 319940
0.31, 319623
0.31, 316588
0.33, 316096
0.34, 314384
0.38, 311978
0.38, 306628
0.39, 305559
0.44, 299767
0.48, 299493
0.52, 299191
0.55, 297840
0.58, 296470
0.61, 289203
0.61, 286697
0.61, 285410
0.63, 284121
0.69, 282224
0.72, 279390
0.86, 276486
0.91, 272786
0.94, 269788
0.97, 269220
0.98, 266593
1.00, 265873
1.20, 263071
1.25, 263029
1.27, 260518
1.36, 258394
1.41, 257267
1.44, 253855
1.45, 252546
1.47, 252121
1.47, 251636
1.48, 250517
1.53, 249272
1.55, 248133
1.69, 247612
1.70, 247510
1.75, 247068
1.75, 245625
1.77, 245491
1.77, 242742
1.78, 242354
1.83, 241722
1.83, 236190
2.09, 236063
2.09, 234533
2.09, 233756
2.31, 231978
2.39, 227836
2.56, 226974
2.75, 226374
2.81, 225098
2.95, 224072
3.02, 223535
3.09, 222039
3.12, 221232
3.17, 220485
3.19, 219748
3.23, 219740
3.25, 218116
3.36, 216187
3.39, 216012
3.62, 213945
3.83, 212611
3.86, 212235
3.89, 211381
3.89, 210756
4.00, 209442
4.17, 209174
4.23, 209090
4.25, 207763
4.27, 207681
4.33, 206973
4.34, 205548
4.58, 201660
4.87, 200077
4.87, 199565
5.09, 197783
5.22, 197371
5.28, 195813
5.42, 194766
5.47, 193154
5.69, 192281
5.73, 191899
5.94, 190172
5.97, 189554
6.06, 188905
6.17, 187085
6.33, 185168
6.33, 185149
6.39, 184982
6.51, 184892
6.56, 184174
6.58, 183873
6.66, 178220
6.70, 178184
6.70, 176622
6.70, 176095
6.84, 173991
6.84, 172748
6.86, 170048
6.94, 169100
7.31, 167821
7.39, 166594
7.58, 164818
7.69, 161638
7.73, 161117
7.75, 160489
8.05, 154343
8.14, 154306
8.34, 153729
8.47, 150772
9.47, 149685
9.50, 146678
10.11, 144285
10.40, 143064
10.65, 143021
10.73, 142903
10.84, 142503
11.25, 142304
11.42, 142129
11.67, 141895
11.83, 141589
11.94, 140984
12.15, 140306
12.23, 140215
12.47, 139557
12.72, 139487
13.40, 139442
14.17, 139408
14.33, 139021
14.50, 138613
14.73, 137395
14.93, 136767
15.53, 135012
15.93, 133888
16.47, 133016
16.50, 132909
16.56, 132832
17.00, 132801
17.09, 131830
17.43, 131189
17.62, 130100
17.68, 129640
17.82, 129463
19.17, 129429
19.51, 129203
20.84, 128799
21.51, 128601
21.65, 127039
22.48, 126478
22.51, 126286
22.81, 126062
23.54, 125957
23.70, 125440
23.76, 125370
24.93, 125366
25.17, 124730
25.34, 124339
27.62, 123970
27.88, 122132
27.92, 122082
29.21, 122065
31.73, 122055
32.82, 121992
35.46, 121861
35.70, 121845
37.76, 121058
38.34, 120096
38.54, 119909
38.90, 119882
44.21, 119333
44.44, 118915
45.35, 118882
45.43, 118871
45.83, 118525
45.86, 118433
46.96, 118377
50.80, 118095
50.83, 117981
53.16, 117329
54.39, 116506
55.66, 115845
60.28, 115137
64.78, 115041
74.36, 114201
78.51, 113858
86.92, 113766
90.24, 113502
93.01, 113481
94.60, 113116
95.90, 112929
102.85, 112905
