0.02, 460135
0.05, 457493
0.06, 455371
0.06, 446500
0.06, 435262
0.06, 432675
0.08, 429390
0.13, 422414
0.13, 416708
0.13, 414581
0.13, 414372
0.13, 410128
0.13, 402137
0.14, 401112
0.14, 401082
0.16, 398670
0.16, 390370
0.19, 386301
0.19, 383569
0.19, 380265
0.20, 377727
0.20, 376800
0.20, 375530
0.22, 374047
0.22, 371112
0.23, 361656
0.25, 359530
0.28, 358281
0.28, 356560
0.31, 349610
0.34, 347498
0.38, 347482
0.38, 344273
0.39, 338321
0.39, 334499
0.42, 330492
0.42, 330185
0.42, 329867
0.45, 325663
0.45, 321540
0.45, 320793
0.50, 319175
0.50, 316720
0.53, 312078
0.53, 308765
0.56, 307827
0.58, 306208
0.63, 303083
0.63, 296217
0.67, 293620
0.67, 292764
0.70, 286896
0.78, 286377
0.80, 282028
0.81, 277651
0.86, 277137
0.91, 276379
0.98, 276339
1.00, 275724
1.02, 275121
1.05, 272441
1.06, 271426
1.08, 269869
1.09, 266165
1.17, 264151
1.22, 263389
1.33, 263372
1.34, 262839
1.41, 260980
1.42, 259832
1.52, 259807
1.56, 257343
1.61, 254526
1.67, 251498
1.78, 245648
1.80, 245267
1.84, 241845
1.86, 240294
1.86, 238608
1.91, 237836
2.05, 235996
2.05, 235121
2.09, 232721
2.13, 232694
2.20, 227474
2.22, 226886
2.25, 226260
2.34, 223534
2.41, 223168
2.41, 219337
2.45, 218558
2.52, 218530
2.63, 217767
2.67, 217229
2.69, 214931
2.69, 214558
2.69, 212486
2.70, 212367
2.83, 211854
2.86, 211779
2.95, 211221
2.97, 210999
2.98, 210578
3.00, 206490
3.00, 204303
3.11, 203303
3.11, 198597
3.12, 197496
3.14, 194003
3.20, 193718
3.28, 193042
3.31, 190308
3.42, 187835
3.44, 186779
3.47, 185179
3.53, 182055
3.67, 179945
3.69, 178897
3.70, 178680
3.81, 176829
3.92, 175940
3.97, 174176
3.97, 172301
4.05, 172156
4.17, 170588
4.27, 170259
4.30, 169267
4.30, 167778
4.41, 166611
4.42, 165168
4.44, 164397
4.67, 163669
5.23, 162593
5.28, 161731
5.36, 161648
5.45, 160980
5.91, 160790
6.05, 160422
6.11, 160382
6.12, 160148
6.62, 159688
6.81, 158429
6.97, 157964
6.98, 157936
7.00, 157553
7.01, 156164
7.12, 155977
7.31, 155804
7.56, 154196
7.66, 153513
7.72, 153052
7.87, 151770
7.92, 150455
7.97, 149987
8.19, 148033
8.31, 147894
8.87, 146688
9.06, 143624
9.33, 141084
9.56, 140406
9.58, 140340
9.83, 139455
9.97, 137933
10.30, 134954
10.37, 134930
10.45, 134545
11.29, 134476
11.36, 134443
11.75, 132700
12.01, 132211
12.23, 131761
12.36, 131424
12.37, 131008
12.86, 130398
13.34, 129498
13.43, 128367
14.42, 128176
15.01, 127813
15.87, 127296
16.15, 126538
16.34, 125964
17.03, 125954
21.70, 124367
22.76, 124352
23.96, 123229
24.57, 122908
25.87, 122857
26.67, 122644
28.43, 122252
29.54, 121022
31.34, 121019
31.91, 120777
34.01, 120041
34.93, 119757
37.27, 119643
40.35, 119615
43.87, 118004
44.01, 117794
51.10, 117790
54.82, 117635
54.88, 116413
58.13, 114970
58.36, 114573
60.74, 113916
61.69, 113771
67.02, 113627
69.91, 113129
70.73, 113054
74.30, 112712
80.12, 112711
81.15, 112664
82.53, 111828
88.20, 110657
103.69, 110590
104.18, 110563
108.74, 109929
109.05, 109899
112.91, 109851
113.15, 109557
115.90, 109284
