0.00, 215807
0.00, 214054
0.00, 209390
0.00, 206922
0.00, 201266
0.00, 199619
0.00, 194830
0.00, 191945
0.00, 191104
0.00, 187696
0.00, 186661
0.02, 186597
0.02, 184721
0.02, 183044
0.02, 176929
0.03, 175538
0.03, 173771
0.03, 171398
0.05, 168015
0.14, 165857
0.17, 165675
0.17, 161866
0.17, 153629
0.55, 152856
0.95, 151197
1.05, 148864
1.41, 147135
1.77, 141169
2.12, 139953
2.50, 135002
2.86, 133138
3.22, 126925
3.58, 126481
3.95, 120331
4.31, 120099
4.66, 118342
5.01, 116696
5.37, 116074
5.73, 114451
6.09, 113358
6.44, 109871
6.80, 108340
7.14, 108197
7.50, 107489
7.84, 102470
8.21, 102250
8.55, 99717
8.91, 96871
9.25, 96835
9.59, 95770
9.94, 95477
10.28, 94617
10.62, 93301
10.95, 91479
11.30, 91146
11.64, 90998
11.97, 89430
12.31, 89217
12.65, 87416
12.98, 86232
13.33, 85766
13.65, 84942
13.98, 84904
14.31, 83689
14.64, 82723
14.97, 81615
15.29, 80997
15.62, 79833
15.95, 79725
16.26, 78470
16.59, 77196
16.92, 77024
17.23, 75076
17.56, 73947
17.87, 73893
18.18, 73720
18.50, 73522
18.81, 73177
19.14, 73082
19.45, 72926
19.78, 72851
20.09, 71794
20.42, 71788
20.73, 71644
21.06, 71469
21.06, 71005
21.37, 70350
21.68, 69538
22.00, 68858
22.32, 68642
22.64, 68481
22.93, 68410
23.25, 68030
23.56, 67805
23.88, 67485
24.18, 66636
24.49, 66105
24.80, 65677
25.12, 65638
25.41, 65512
25.73, 65176
26.02, 64874
26.32, 64288
26.63, 63690
26.93, 61846
27.23, 61621
27.52, 61324
27.84, 61138
28.15, 61106
28.46, 60897
28.76, 60701
29.05, 60542
29.35, 60468
29.65, 59948
29.94, 59650
30.22, 58885
30.52, 58855
30.83, 58612
31.13, 58521
31.43, 58340
31.72, 57958
32.04, 57701
32.44, 57597
32.79, 57126
33.11, 56803
33.47, 56782
33.96, 56624
34.38, 56425
