0.02, 206900
0.02, 198615
0.02, 192446
0.02, 190156
0.02, 184036
0.03, 173494
0.05, 173219
0.05, 172616
0.05, 163479
0.13, 161985
0.13, 161136
0.14, 159615
0.14, 158558
0.14, 155752
0.53, 153145
0.94, 151394
1.30, 150732
1.30, 149734
1.66, 140773
2.02, 138049
2.39, 135476
2.75, 133900
3.11, 133577
3.47, 132732
3.83, 132325
3.83, 127044
4.19, 124413
4.19, 122781
4.55, 122419
4.91, 121128
5.27, 120498
5.61, 115477
5.97, 113972
6.33, 110565
6.69, 110223
7.03, 106098
7.39, 105984
7.73, 104795
8.08, 101965
8.42, 101393
8.76, 100322
9.11, 98674
9.47, 97701
9.82, 96872
10.15, 94178
10.49, 94038
10.84, 90583
11.18, 88966
11.52, 87842
11.85, 87123
12.20, 86719
12.52, 85269
12.85, 84394
13.20, 84211
13.52, 83438
13.87, 82783
14.20, 77778
14.52, 77702
14.85, 77662
15.18, 76785
15.51, 76549
15.83, 76507
16.15, 76162
16.48, 76113
16.80, 75377
17.11, 75351
17.44, 73404
17.75, 72553
18.07, 72391
18.38, 71288
18.69, 70580
19.02, 69899
19.33, 69801
19.64, 69678
19.96, 69534
20.27, 67919
20.58, 66004
20.88, 65620
21.19, 65039
21.50, 64510
21.81, 64490
22.11, 63966
22.42, 63742
22.72, 63650
23.03, 63475
23.33, 63397
23.64, 63271
23.94, 62695
24.24, 62689
24.53, 62481
24.85, 61709
25.16, 61296
25.45, 61291
25.78, 61260
26.08, 61203
26.38, 61040
26.67, 60388
26.97, 60351
27.27, 60068
27.58, 59635
27.88, 59339
28.19, 59035
28.50, 58809
28.79, 58472
29.12, 58265
29.42, 58233
29.75, 58113
30.04, 58046
30.34, 57722
30.65, 57526
30.96, 57410
31.32, 57333
31.84, 57179
32.28, 57106
32.54, 57019
32.85, 56870
33.29, 56866
