0.00, 252500
0.00, 246540
0.00, 234996
0.00, 225035
0.00, 220716
0.00, 219990
0.00, 219465
0.00, 218633
0.00, 216042
0.00, 214815
0.00, 214439
0.00, 206072
0.02, 202756
0.02, 199174
0.02, 193302
0.02, 193122
0.02, 188538
0.02, 188377
0.02, 184745
0.02, 182366
0.02, 181216
0.02, 180126
0.03, 176841
0.05, 175193
0.05, 170847
0.05, 166222
0.08, 165777
0.08, 162824
0.17, 159400
0.17, 156795
0.17, 154279
0.17, 154002
0.38, 151511
0.78, 144887
0.78, 134401
1.16, 134263
1.52, 133643
1.88, 133461
2.25, 132815
2.61, 131232
2.97, 127586
3.33, 126255
3.33, 123363
3.69, 122722
4.05, 121025
4.41, 118757
4.77, 116697
4.77, 115296
5.12, 115227
5.48, 114001
5.83, 113673
6.19, 112268
6.55, 110782
6.89, 109696
7.25, 108728
7.59, 105466
7.94, 103830
8.30, 103664
8.64, 102673
8.98, 100172
9.33, 95963
9.67, 94228
10.01, 93647
10.36, 93343
10.69, 92616
11.03, 91894
11.37, 90976
11.70, 89858
12.04, 85252
12.37, 84386
12.72, 84082
13.05, 83349
13.39, 82368
13.72, 81007
14.05, 79501
14.39, 77712
14.72, 77356
15.04, 77129
15.37, 77092
15.70, 76917
16.01, 75393
16.34, 75226
16.67, 74689
17.00, 74207
17.31, 73800
17.64, 73330
17.95, 73097
18.26, 72804
18.57, 72647
18.90, 72588
19.22, 72536
19.53, 72384
19.85, 71654
20.14, 71622
20.46, 70722
20.77, 70366
21.08, 69771
21.39, 68432
21.70, 68180
22.00, 68092
22.31, 68089
22.61, 67199
22.92, 66319
23.22, 66200
23.52, 66158
23.83, 65662
24.12, 65616
24.42, 65492
24.72, 64954
25.03, 64571
25.33, 64362
25.62, 64061
25.92, 63742
26.22, 63174
26.51, 62931
26.81, 62097
27.11, 61754
27.42, 61156
27.75, 60939
28.04, 60786
28.34, 60608
28.64, 60408
28.93, 60404
29.26, 59252
29.56, 59160
29.86, 58861
30.28, 58683
30.95, 58537
