0.02, 215249
0.02, 214468
0.02, 214147
0.02, 209348
0.02, 207818
0.02, 207411
0.02, 206498
0.02, 205146
0.02, 200167
0.02, 196764
0.02, 196291
0.02, 194667
0.02, 193099
0.02, 186894
0.03, 186728
0.03, 185846
0.03, 184704
0.03, 182030
0.03, 181826
0.03, 175573
0.03, 174107
0.03, 169414
0.06, 166155
0.14, 166012
0.17, 162584
0.27, 159118
0.27, 158199
0.36, 158067
0.55, 157466
0.92, 156738
0.92, 148458
0.92, 147771
1.30, 146273
1.67, 143060
2.03, 141809
2.41, 141050
2.77, 138014
2.77, 135287
3.12, 133130
3.50, 130768
3.86, 130398
4.22, 130393
4.59, 128910
4.95, 128210
4.95, 128141
5.30, 126566
5.66, 126194
6.01, 115575
6.37, 115275
6.73, 113163
7.08, 111901
7.44, 110166
7.78, 109888
8.14, 107368
8.48, 106502
8.83, 105864
9.19, 104832
9.53, 104630
9.87, 104260
10.22, 100356
10.57, 98804
10.91, 97946
11.24, 97581
11.58, 96235
11.92, 94489
12.27, 92717
12.61, 91991
12.94, 91522
13.27, 89826
13.62, 89214
13.95, 87502
14.27, 87024
14.60, 86200
14.93, 85600
15.26, 83331
15.59, 81669
15.91, 81258
16.24, 81183
16.57, 80944
16.88, 80900
17.21, 80154
17.54, 79774
17.85, 79302
18.18, 79222
18.49, 78050
18.80, 77120
19.13, 75733
19.44, 75242
19.76, 74468
20.07, 74016
20.38, 72785
20.69, 72251
20.99, 71756
21.30, 71588
21.62, 71064
21.93, 70031
22.24, 69754
22.54, 69130
22.85, 69069
23.15, 68310
23.46, 67487
23.76, 67128
24.07, 66985
24.37, 66755
24.66, 66372
24.96, 66188
25.27, 65687
25.57, 65284
25.86, 64703
26.16, 64417
26.46, 64365
26.77, 63755
27.07, 63692
27.36, 63641
27.66, 63344
27.96, 63225
28.25, 63198
28.57, 62994
28.85, 62945
29.16, 62636
29.47, 62435
29.75, 62379
30.07, 61528
30.35, 61284
30.64, 61174
30.93, 61077
31.21, 60453
31.51, 59155
31.82, 59079
32.10, 58790
32.38, 58703
32.71, 58021
33.23, 56882
33.65, 56496
34.23, 56341
