0.02, 212992
0.02, 209075
0.02, 207261
0.02, 204338
0.02, 199898
0.02, 198126
0.02, 197132
0.02, 195434
0.02, 190334
0.03, 189244
0.03, 188607
0.03, 188358
0.03, 185939
0.03, 185044
0.03, 182113
0.03, 181458
0.03, 179115
0.05, 172038
0.05, 169891
0.05, 163416
0.16, 162350
0.17, 159431
0.28, 155112
0.59, 149132
0.98, 147769
1.34, 144346
1.72, 142936
2.08, 140486
2.08, 138750
2.08, 138185
2.08, 134401
2.44, 134013
2.80, 132071
3.17, 129787
3.53, 126931
3.89, 124344
4.25, 121891
4.25, 118885
4.61, 116434
4.97, 115275
5.32, 114411
5.68, 111721
6.03, 111020
6.39, 108852
6.74, 107348
7.10, 106272
7.44, 101260
7.80, 100378
8.15, 99215
8.51, 99129
8.85, 98953
9.19, 96643
9.54, 91895
9.88, 90579
10.22, 88510
10.57, 86663
10.91, 84801
11.26, 84269
11.60, 83385
11.94, 83190
12.28, 82722
12.61, 82055
12.96, 81491
13.28, 80225
13.63, 79413
13.96, 78913
14.28, 78243
14.61, 77918
14.96, 76780
15.28, 76742
15.63, 76712
15.95, 75872
16.28, 73085
16.63, 72826
16.95, 72401
17.27, 71884
17.60, 71785
17.94, 68942
18.27, 66129
18.58, 65491
18.91, 65221
19.24, 64782
19.55, 64433
19.88, 64059
20.20, 63300
20.52, 63299
20.84, 63282
21.16, 62461
21.48, 62142
21.80, 61721
22.11, 61375
22.45, 61109
22.78, 61065
23.09, 60976
23.47, 60782
23.78, 59915
24.09, 59576
24.42, 59342
24.73, 58723
25.08, 58441
25.39, 58255
25.77, 58234
26.13, 58119
26.48, 57881
26.79, 57170
27.10, 57006
27.45, 56624
27.77, 56600
28.43, 56595
28.73, 56464
29.19, 56321
29.59, 55946
29.90, 55725
30.59, 55588
30.91, 55312
