0.00, 229324
0.00, 226262
0.00, 224703
0.00, 223781
0.00, 220453
0.00, 212858
0.00, 212306
0.00, 205895
0.00, 204357
0.00, 199869
0.00, 197783
0.00, 195010
0.02, 192391
0.02, 192162
0.02, 190625
0.02, 189489
0.02, 185783
0.02, 181032
0.02, 176759
0.02, 176158
0.02, 169762
0.02, 169565
0.03, 168896
0.03, 165545
0.03, 159667
0.22, 158062
0.24, 153914
0.61, 150350
0.61, 148061
1.03, 147708
1.41, 141338
1.77, 135334
2.14, 133427
2.14, 132701
2.50, 130414
2.87, 128977
3.23, 123725
3.61, 122254
3.98, 116169
4.34, 115625
4.70, 112019
5.06, 110259
5.44, 109086
5.79, 108877
6.15, 108665
6.51, 107670
6.87, 106057
7.23, 105391
7.58, 104788
7.94, 101583
8.29, 101093
8.65, 99870
8.99, 99584
9.35, 98339
9.69, 96484
10.04, 95836
10.40, 94389
10.74, 94027
11.08, 92695
11.43, 91572
11.77, 90239
12.12, 87478
12.46, 87398
12.80, 85909
13.15, 84878
13.47, 84212
13.82, 83229
14.15, 82337
14.49, 81680
14.82, 81416
15.15, 81004
15.47, 80984
15.80, 79617
16.13, 79000
16.46, 77590
16.77, 77116
17.10, 76448
17.43, 75421
17.74, 75389
18.05, 75168
18.38, 74703
18.69, 74620
19.00, 74167
19.33, 73578
19.65, 73184
19.96, 72943
20.27, 72719
20.58, 72315
20.89, 71968
21.21, 70984
21.52, 70563
21.82, 70235
22.13, 70229
22.44, 69207
22.74, 69042
23.05, 68779
23.36, 68728
23.66, 68641
23.97, 68307
24.27, 67866
24.57, 67484
24.86, 66867
25.18, 66392
25.49, 66252
25.79, 65816
26.08, 65578
26.38, 65248
26.68, 65074
26.97, 65059
27.27, 64841
27.57, 64043
27.86, 63636
28.16, 63578
28.45, 62789
28.74, 62684
29.04, 62309
29.35, 62218
29.65, 61513
29.93, 60633
30.23, 60507
30.51, 59574
30.81, 59441
31.17, 59373
31.48, 59162
31.78, 59066
32.13, 58982
32.43, 58837
32.78, 58573
33.06, 58372
33.38, 57876
33.82, 57677
34.24, 57559
35.18, 57552
35.57, 57435
36.23, 57116
