0.02, 216374
0.02, 213757
0.02, 209620
0.02, 208146
0.02, 206403
0.02, 201886
0.02, 201226
0.02, 201014
0.02, 198450
0.02, 197283
0.02, 197274
0.02, 195689
0.02, 190487
0.03, 181371
0.03, 179079
0.03, 177354
0.03, 174976
0.03, 172493
0.03, 170958
0.06, 167320
0.08, 164215
0.15, 163654
0.18, 163341
0.19, 160063
0.24, 157560
0.25, 154313
0.66, 153369
1.02, 152600
1.02, 151650
1.04, 150790
1.41, 150305
1.41, 148127
1.79, 145061
2.14, 143984
2.52, 138962
2.52, 138142
2.89, 137362
2.89, 136149
3.25, 135085
3.63, 132227
4.00, 128162
4.00, 128140
4.00, 124905
4.41, 119116
4.91, 117794
5.32, 117756
5.68, 116295
6.04, 115752
6.40, 114173
6.76, 113802
7.12, 113451
7.12, 113129
7.48, 109287
7.84, 107271
8.18, 106760
8.54, 104988
8.54, 103224
8.90, 100899
9.24, 100424
9.60, 100220
9.95, 97237
10.30, 97230
10.65, 96657
10.99, 94764
11.34, 92486
11.69, 90490
12.04, 89764
12.37, 88700
12.71, 87925
13.05, 87505
13.40, 86894
13.74, 83471
14.07, 82024
14.41, 80615
14.74, 79990
15.08, 77577
15.41, 77569
15.74, 77351
16.08, 76547
16.41, 76504
16.74, 76305
17.07, 76232
17.39, 75896
17.73, 75523
18.04, 75408
18.37, 75058
18.68, 74004
19.01, 73595
19.32, 73182
19.65, 72350
19.96, 72057
20.29, 71887
20.60, 70922
20.92, 70507
21.23, 69229
21.56, 68630
21.87, 68212
22.16, 67874
22.48, 67219
22.81, 67017
23.12, 66713
23.45, 66507
23.74, 66301
24.06, 66044
24.37, 65531
24.66, 65133
24.99, 64920
25.29, 64669
25.59, 64631
25.90, 64493
26.21, 64464
26.51, 64288
26.82, 63577
27.12, 62914
27.41, 62132
27.75, 61901
28.08, 61473
28.38, 61393
28.67, 61274
29.03, 61042
29.35, 60916
29.66, 60010
29.97, 59936
30.30, 59802
30.61, 59554
30.99, 59269
31.32, 59174
31.60, 58933
32.00, 58698
32.33, 58695
32.61, 58291
32.93, 57951
33.24, 57926
33.53, 57922
33.95, 57877
34.34, 56927
34.62, 56828
34.93, 56726
35.23, 56490
35.51, 56469
35.85, 56376
36.16, 56306
