0.02, 190571
0.02, 187407
0.02, 187384
0.02, 186799
0.02, 181641
0.03, 178590
0.03, 176060
0.05, 174893
0.05, 174125
0.05, 171998
0.06, 170865
0.06, 169656
0.06, 167729
0.08, 165570
0.13, 161959
0.16, 154092
0.55, 149614
0.55, 147777
0.56, 145835
0.95, 144601
1.34, 144118
1.70, 143454
1.70, 140402
2.06, 139565
2.42, 139055
2.78, 138669
3.14, 131875
3.14, 125919
3.14, 125101
3.14, 121980
3.50, 121030
3.86, 120890
4.22, 118607
4.58, 118381
4.94, 117101
4.94, 115460
5.28, 113489
5.64, 111699
5.98, 110304
6.34, 109910
6.70, 108621
7.05, 105778
7.39, 104971
7.75, 104636
8.10, 104190
8.44, 103641
8.78, 100635
9.13, 98474
9.49, 98116
9.82, 97684
10.16, 96559
10.50, 96558
10.84, 95126
11.19, 94708
11.53, 94032
11.87, 93524
12.20, 93341
12.53, 93192
12.87, 93189
13.20, 91800
13.54, 91396
13.87, 88490
14.20, 84862
14.52, 83634
14.85, 83337
15.18, 82534
15.51, 80941
15.84, 80413
16.16, 80387
16.48, 80283
16.80, 78877
17.12, 77551
17.44, 77195
17.76, 77006
18.08, 76606
18.40, 75234
18.71, 73599
19.04, 73215
19.35, 73103
19.66, 72608
19.98, 72127
20.29, 69393
20.60, 68808
20.91, 68602
21.21, 66809
21.52, 66453
21.83, 66020
22.15, 64675
22.46, 64234
22.76, 64230
23.07, 64229
23.36, 63755
23.66, 62732
23.97, 62713
24.27, 62072
24.58, 61773
24.90, 61214
25.19, 61171
25.51, 60261
25.80, 60238
26.13, 59990
26.44, 59529
26.73, 59106
27.02, 59023
27.32, 58451
27.62, 57886
27.92, 57587
28.21, 57099
28.54, 57027
28.84, 56429
29.13, 56136
29.45, 55713
29.73, 55597
30.49, 55441
