0.01, 233216
0.01, 223114
0.01, 219909
0.01, 213823
0.01, 202652
0.01, 199734
0.01, 194381
0.01, 188937
0.01, 185295
0.02, 183996
0.02, 183215
0.02, 173080
0.03, 171108
0.03, 170890
0.03, 170129
0.03, 166574
0.03, 166568
0.04, 166469
0.04, 164500
0.04, 163778
0.04, 163457
0.04, 162365
0.04, 160946
0.04, 160644
0.05, 159995
0.05, 158870
0.05, 156962
0.05, 155812
0.05, 153349
0.05, 152188
0.05, 150617
0.05, 145924
0.05, 145203
0.06, 145182
0.06, 144981
0.06, 144193
0.06, 138296
0.06, 138262
0.07, 136148
0.07, 134659
0.07, 131090
0.07, 129224
0.07, 123362
0.07, 122073
0.07, 121944
0.07, 121636
0.07, 120609
0.08, 115146
0.08, 114199
0.08, 114193
0.08, 113007
0.08, 111508
0.09, 110374
0.09, 107656
0.09, 107422
0.09, 107409
0.10, 106241
0.10, 103003
0.10, 102559
0.10, 98831
0.10, 98366
0.11, 94668
0.11, 93898
0.11, 93168
0.11, 92482
0.11, 92330
0.12, 92000
0.12, 90230
0.12, 87113
0.12, 86865
0.13, 86742
0.13, 86197
0.13, 85425
0.13, 84930
0.14, 84709
0.14, 84545
0.14, 84511
0.14, 84239
0.15, 84092
0.15, 82986
0.15, 82082
0.15, 80497
0.16, 79554
0.16, 78817
0.16, 78261
0.16, 77704
0.16, 77667
0.17, 77070
0.17, 76323
0.17, 76087
0.17, 74546
0.17, 74089
0.17, 73163
0.17, 73011
0.18, 72315
0.18, 71820
0.18, 71301
0.18, 70901
0.19, 70394
0.19, 70234
0.20, 69848
0.20, 67938
0.20, 67933
0.21, 67374
0.21, 67193
0.23, 67060
0.24, 66785
0.25, 66724
0.26, 66322
0.26, 66075
0.27, 65158
0.28, 64211
0.28, 63029
0.28, 62955
0.29, 62840
0.29, 62751
0.30, 62705
0.30, 62686
0.32, 60968
0.33, 60840
0.33, 60694
0.33, 60207
0.39, 59904
0.40, 59789
0.44, 59753
0.46, 59465
0.51, 59158
0.52, 58893
0.55, 58381
0.60, 58346
0.63, 58126
0.76, 57712
0.84, 57060
0.97, 56204
