0.01, 192221
0.01, 188188
0.02, 184552
0.02, 179161
0.03, 178004
0.03, 178000
0.03, 176401
0.03, 171567
0.03, 162874
0.03, 162424
0.04, 159882
0.04, 159288
0.04, 158968
0.04, 158089
0.04, 152113
0.04, 152025
0.05, 149170
0.05, 147888
0.05, 144819
0.05, 142916
0.05, 142446
0.05, 142145
0.05, 141075
0.06, 140375
0.06, 140230
0.06, 138243
0.06, 138168
0.06, 136810
0.06, 135837
0.07, 135351
0.07, 135049
0.07, 134643
0.07, 133809
0.07, 128714
0.08, 128626
0.08, 127385
0.08, 126743
0.08, 125772
0.08, 124461
0.09, 121107
0.09, 120747
0.09, 115505
0.09, 113662
0.09, 113148
0.09, 113007
0.09, 110897
0.10, 110095
0.10, 104963
0.10, 104038
0.10, 103755
0.10, 103600
0.10, 102290
0.10, 99255
0.11, 98699
0.11, 97944
0.11, 97735
0.11, 97066
0.11, 97002
0.11, 96265
0.11, 95561
0.11, 95479
0.12, 93879
0.12, 91975
0.12, 91934
0.12, 90753
0.12, 90271
0.12, 88259
0.12, 85727
0.13, 84026
0.13, 81751
0.13, 81043
0.13, 80230
0.13, 79864
0.13, 79721
0.13, 78511
0.14, 78299
0.14, 77640
0.14, 77543
0.14, 76832
0.14, 75559
0.14, 72541
0.14, 72256
0.15, 72066
0.15, 71974
0.15, 71943
0.15, 71713
0.16, 71554
0.16, 71349
0.17, 71170
0.17, 70308
0.18, 69892
0.18, 69670
0.19, 69549
0.20, 69204
0.20, 68799
0.20, 68472
0.21, 68464
0.23, 68227
0.24, 67968
0.24, 67839
0.24, 67756
0.24, 67566
0.26, 65886
0.26, 64610
0.27, 64565
0.27, 64358
0.28, 64087
0.29, 63551
0.30, 63344
0.31, 63334
0.31, 63075
0.33, 62751
0.33, 61845
0.34, 61841
0.34, 61497
0.36, 61012
0.36, 60932
0.37, 60914
0.37, 60819
0.38, 60726
0.42, 60198
0.42, 59875
0.46, 59415
0.51, 59289
0.52, 59023
0.57, 58193
0.59, 58083
0.69, 57488
0.82, 57408
0.97, 57389
1.43, 56910
1.44, 56617
2.29, 56300
3.55, 55870
4.28, 55690
4.33, 55660
5.11, 55640
6.52, 55442
6.92, 55243
