0.01, 225770
0.01, 225200
0.01, 215835
0.01, 215187
0.01, 208198
0.01, 204363
0.01, 203657
0.01, 203076
0.02, 194247
0.02, 191745
0.02, 186403
0.02, 185634
0.03, 185371
0.03, 182774
0.03, 181734
0.03, 181330
0.04, 179913
0.04, 179902
0.04, 176415
0.04, 175629
0.04, 168935
0.04, 168605
0.04, 167386
0.05, 165588
0.05, 164267
0.05, 162067
0.05, 160928
0.06, 160480
0.06, 157676
0.06, 157363
0.06, 155147
0.06, 153941
0.06, 153876
0.07, 153587
0.07, 150194
0.07, 149106
0.07, 145255
0.07, 141511
0.07, 140204
0.08, 136408
0.08, 134681
0.08, 134579
0.08, 131764
0.08, 126910
0.09, 126822
0.09, 126628
0.09, 125644
0.09, 124595
0.09, 123583
0.09, 122994
0.09, 122473
0.09, 121313
0.10, 116622
0.10, 115103
0.10, 111629
0.10, 110570
0.10, 107900
0.10, 106788
0.10, 106155
0.10, 104056
0.11, 96583
0.11, 95786
0.11, 94940
0.11, 94881
0.11, 94647
0.11, 92887
0.11, 92644
0.12, 91743
0.12, 87907
0.12, 87725
0.12, 87630
0.12, 87617
0.12, 86777
0.12, 84635
0.13, 84423
0.13, 82987
0.13, 82884
0.13, 82567
0.14, 81495
0.14, 81318
0.14, 79851
0.14, 78966
0.14, 76207
0.15, 75358
0.15, 75146
0.15, 74812
0.16, 74358
0.16, 72693
0.16, 72535
0.16, 72471
0.17, 71443
0.17, 71406
0.17, 70595
0.17, 70548
0.18, 70200
0.18, 70038
0.18, 69726
0.18, 68911
0.18, 68887
0.19, 68674
0.19, 68486
0.20, 68300
0.21, 68220
0.21, 67873
0.22, 67556
0.22, 67439
0.22, 66652
0.23, 66031
0.23, 65926
0.23, 65803
0.24, 65283
0.24, 64410
0.25, 63443
0.26, 62945
0.26, 61548
0.27, 61073
0.28, 60999
0.29, 60787
0.30, 60287
0.30, 59524
0.33, 59232
0.41, 59225
0.48, 58654
0.48, 58648
0.49, 58607
0.53, 58581
0.54, 57921
0.76, 57807
0.81, 57649
0.83, 57561
0.88, 57145
0.95, 56950
0.97, 56438
1.30, 56299
1.53, 56172
1.79, 55809
2.50, 55805
2.57, 55755
3.29, 55653
