0.01, 206110
0.01, 200879
0.01, 200362
0.01, 199752
0.01, 199573
0.01, 199051
0.01, 191013
0.01, 190654
0.01, 190036
0.02, 185169
0.02, 182965
0.03, 182538
0.03, 182393
0.03, 178952
0.03, 178728
0.03, 172865
0.03, 172864
0.03, 172777
0.03, 171818
0.04, 168324
0.04, 161007
0.04, 159137
0.04, 157672
0.04, 157158
0.05, 156956
0.05, 153979
0.05, 153512
0.05, 151840
0.05, 148457
0.06, 146328
0.06, 145727
0.06, 145412
0.06, 144094
0.06, 143853
0.06, 143375
0.06, 143013
0.06, 138996
0.07, 138011
0.07, 134449
0.07, 121645
0.07, 119958
0.07, 118240
0.08, 117689
0.08, 117564
0.08, 116615
0.08, 115779
0.08, 112883
0.09, 112116
0.09, 109253
0.09, 107634
0.09, 107458
0.09, 107335
0.09, 107299
0.10, 106719
0.10, 106145
0.10, 103896
0.10, 102921
0.11, 101863
0.11, 99297
0.11, 97779
0.11, 96498
0.11, 96442
0.11, 95472
0.12, 93411
0.12, 92252
0.12, 91021
0.12, 88325
0.13, 88288
0.13, 86167
0.13, 85877
0.13, 85837
0.13, 85030
0.14, 84578
0.14, 82818
0.14, 82728
0.14, 82358
0.14, 82118
0.14, 79555
0.15, 79192
0.15, 78015
0.15, 76581
0.15, 76206
0.15, 76189
0.15, 71069
0.15, 70947
0.16, 70455
0.16, 70420
0.16, 70298
0.16, 69365
0.16, 67966
0.17, 67033
0.17, 66169
0.17, 65984
0.18, 65891
0.18, 65523
0.18, 65446
0.19, 64138
0.20, 63927
0.20, 63826
0.20, 63498
0.20, 62974
0.25, 62619
0.25, 62578
0.27, 62072
0.29, 61726
0.29, 61646
0.30, 61245
0.32, 60958
0.33, 60930
0.33, 60500
0.36, 60138
0.39, 59795
0.45, 59277
0.76, 58917
0.83, 58834
0.93, 57681
0.94, 57644
0.95, 57614
1.01, 57149
1.05, 56869
1.09, 56860
1.10, 56537
1.17, 55876
1.19, 55615
1.75, 55322
