0.01, 226317
0.01, 224674
0.01, 221740
0.01, 220339
0.01, 215855
0.01, 213831
0.02, 210244
0.02, 209840
0.02, 202927
0.02, 197619
0.02, 190498
0.03, 189356
0.03, 188012
0.03, 181536
0.03, 178233
0.03, 170663
0.03, 167818
0.03, 166891
0.03, 166132
0.03, 163579
0.03, 161060
0.04, 159156
0.04, 156840
0.04, 156162
0.04, 151696
0.04, 150040
0.04, 148430
0.04, 146408
0.04, 146150
0.05, 143988
0.05, 141048
0.05, 138066
0.05, 133743
0.05, 128820
0.06, 127588
0.06, 127092
0.06, 125919
0.06, 125844
0.06, 125026
0.06, 123535
0.06, 121696
0.07, 120841
0.07, 119314
0.07, 118709
0.07, 118498
0.07, 116434
0.07, 112616
0.08, 111003
0.08, 109962
0.08, 109902
0.08, 105682
0.08, 104632
0.09, 101931
0.09, 101716
0.09, 101351
0.09, 101299
0.09, 100490
0.10, 98863
0.10, 98493
0.10, 97360
0.10, 95577
0.10, 94322
0.10, 91889
0.11, 91422
0.11, 90173
0.11, 89634
0.11, 89132
0.11, 88729
0.12, 88657
0.12, 87104
0.12, 85950
0.12, 85829
0.12, 85577
0.12, 83799
0.13, 83559
0.13, 82140
0.13, 80911
0.13, 80516
0.14, 80270
0.14, 80004
0.14, 79403
0.14, 79390
0.15, 78114
0.15, 77141
0.15, 76877
0.16, 76473
0.16, 74920
0.17, 74187
0.17, 73166
0.18, 73141
0.18, 72817
0.18, 72128
0.19, 72002
0.19, 70994
0.19, 70572
0.20, 70393
0.21, 70272
0.21, 69814
0.21, 69127
0.22, 68882
0.22, 68771
0.23, 68750
0.24, 68735
0.24, 68705
0.24, 68078
0.25, 66945
0.25, 66275
0.26, 66237
0.26, 65597
0.27, 65393
0.28, 65163
0.28, 64926
0.31, 64584
0.32, 64354
0.33, 63394
0.36, 63369
0.37, 63035
0.40, 62831
0.42, 62194
0.44, 62146
0.46, 62109
0.53, 62102
0.54, 61755
0.68, 61373
0.71, 61322
0.72, 60744
0.74, 60614
0.75, 60106
0.82, 60035
0.82, 60006
0.84, 59634
0.85, 59362
0.87, 59150
0.89, 59060
0.96, 58758
1.06, 58592
1.07, 58456
1.15, 58142
1.25, 57793
1.52, 57191
2.23, 57186
2.95, 56893
