0.01, 218166
0.01, 216740
0.01, 204861
0.01, 196235
0.01, 195793
0.01, 194225
0.01, 190136
0.02, 189166
0.02, 188552
0.03, 185306
0.03, 170338
0.03, 165857
0.03, 163028
0.03, 162150
0.04, 161020
0.04, 160674
0.04, 159795
0.04, 158390
0.05, 155804
0.05, 155326
0.05, 153709
0.05, 151260
0.05, 151258
0.05, 150025
0.05, 149922
0.06, 148379
0.06, 148209
0.06, 146487
0.06, 146442
0.07, 144591
0.07, 139262
0.07, 137630
0.08, 137040
0.08, 135196
0.08, 134759
0.09, 130502
0.09, 128427
0.09, 122983
0.10, 122424
0.10, 121314
0.10, 120629
0.11, 120601
0.11, 120280
0.11, 119464
0.12, 118989
0.12, 118121
0.12, 117607
0.12, 114881
0.12, 114464
0.13, 113224
0.13, 113076
0.13, 110717
0.13, 110695
0.13, 110469
0.14, 106045
0.14, 105952
0.14, 104396
0.14, 104233
0.14, 103412
0.15, 100707
0.15, 100433
0.15, 99959
0.15, 99686
0.15, 97282
0.15, 96149
0.15, 94191
0.16, 94141
0.16, 92846
0.16, 92175
0.16, 89915
0.16, 89236
0.16, 88589
0.16, 88173
0.17, 87683
0.17, 87588
0.17, 87436
0.17, 86484
0.17, 86116
0.17, 85027
0.17, 84448
0.18, 81666
0.18, 81588
0.18, 80067
0.18, 79808
0.18, 78025
0.18, 78005
0.18, 77696
0.18, 75892
0.19, 75771
0.19, 75721
0.19, 75322
0.19, 74521
0.19, 72770
0.20, 72565
0.20, 72484
0.20, 70303
0.20, 69465
0.21, 69006
0.21, 67227
0.22, 66543
0.22, 66194
0.23, 64725
0.24, 64620
0.26, 64311
0.27, 64123
0.29, 63689
0.30, 62612
0.31, 62085
0.32, 61826
0.35, 61543
0.39, 61429
0.45, 60794
0.49, 60757
0.57, 60688
0.60, 60440
0.71, 60214
0.88, 60087
0.88, 59914
0.88, 59806
1.01, 59440
1.12, 59098
1.13, 59022
1.17, 58879
1.18, 58730
1.27, 58726
1.48, 58299
2.03, 57411
2.26, 56857
2.39, 56558
3.99, 56202
