0.01, 217208
0.01, 212951
0.01, 211643
0.01, 207395
0.01, 206626
0.01, 204762
0.02, 203745
0.02, 196832
0.02, 191712
0.02, 187579
0.02, 185693
0.03, 180833
0.03, 168796
0.03, 166203
0.03, 163370
0.03, 163050
0.04, 159472
0.04, 157656
0.04, 156509
0.04, 154732
0.04, 153022
0.04, 146678
0.04, 145086
0.04, 139434
0.04, 139309
0.05, 136724
0.05, 135493
0.05, 135451
0.05, 131013
0.05, 128573
0.05, 128069
0.05, 124485
0.05, 123449
0.06, 123420
0.06, 119927
0.06, 118639
0.06, 117158
0.06, 115230
0.07, 115148
0.07, 115061
0.07, 114745
0.07, 112917
0.08, 112078
0.08, 110690
0.08, 108262
0.08, 107764
0.08, 104431
0.09, 104107
0.09, 101926
0.09, 99836
0.09, 99069
0.09, 97903
0.09, 95743
0.10, 95049
0.10, 93343
0.10, 93214
0.10, 91771
0.10, 91168
0.11, 91061
0.11, 89049
0.11, 88548
0.12, 88259
0.12, 87146
0.12, 86966
0.12, 86406
0.13, 84928
0.13, 83253
0.13, 83173
0.13, 81905
0.14, 81551
0.14, 80538
0.14, 80345
0.14, 79388
0.15, 78623
0.15, 77951
0.15, 77559
0.16, 76112
0.16, 75647
0.16, 75461
0.16, 75407
0.17, 74315
0.17, 74090
0.17, 73767
0.18, 73252
0.18, 71427
0.18, 71379
0.18, 69936
0.19, 68841
0.19, 68010
0.20, 67325
0.20, 67206
0.20, 65468
0.21, 65093
0.21, 65054
0.21, 64004
0.29, 63795
0.29, 63667
0.30, 63534
0.31, 63158
0.32, 62587
0.34, 62338
0.36, 62027
0.37, 61675
0.39, 61511
0.44, 60725
0.44, 60693
0.45, 60137
0.49, 59425
0.54, 58855
0.77, 58844
0.79, 58651
0.84, 58020
1.21, 57889
2.24, 57526
2.97, 57491
