0.01, 213238
0.01, 213124
0.01, 210717
0.01, 208078
0.01, 204830
0.01, 202651
0.01, 201397
0.01, 195188
0.03, 192568
0.03, 191772
0.03, 190425
0.03, 188300
0.03, 187248
0.03, 184911
0.03, 184672
0.03, 182834
0.03, 173114
0.03, 171721
0.03, 170096
0.04, 170066
0.04, 164726
0.04, 164045
0.04, 163422
0.04, 162967
0.04, 161481
0.04, 157386
0.04, 156698
0.05, 153431
0.05, 143969
0.05, 143271
0.05, 142096
0.05, 139438
0.06, 139281
0.06, 139218
0.06, 139215
0.06, 139087
0.06, 137374
0.06, 135491
0.07, 134687
0.07, 132309
0.07, 131899
0.07, 131377
0.07, 128759
0.07, 127229
0.07, 125896
0.08, 124529
0.08, 123817
0.08, 123558
0.08, 123256
0.08, 120597
0.09, 119293
0.09, 117848
0.09, 117496
0.09, 115648
0.09, 115606
0.10, 111838
0.10, 109668
0.10, 109026
0.10, 107355
0.10, 106559
0.11, 105167
0.11, 103318
0.11, 102167
0.11, 102108
0.12, 101019
0.12, 100410
0.12, 97928
0.12, 96233
0.12, 93682
0.13, 93624
0.13, 92037
0.13, 90968
0.13, 89542
0.13, 89332
0.14, 88989
0.14, 87869
0.14, 86862
0.14, 85346
0.14, 85286
0.15, 83596
0.15, 83284
0.15, 82075
0.15, 81794
0.15, 81134
0.15, 79977
0.16, 78460
0.16, 78227
0.16, 77487
0.16, 76140
0.16, 75424
0.16, 73389
0.16, 72986
0.17, 72749
0.17, 72660
0.17, 72203
0.18, 72048
0.18, 71312
0.18, 69698
0.19, 69533
0.19, 69005
0.20, 68551
0.20, 67273
0.22, 67185
0.22, 66155
0.23, 65418
0.27, 65387
0.36, 64614
0.39, 63839
0.42, 63750
0.43, 63370
0.47, 63355
0.47, 63350
0.50, 62354
0.51, 62273
0.52, 61711
0.60, 61215
0.62, 61024
0.73, 60505
0.77, 60399
0.98, 60209
1.09, 60032
1.10, 60016
1.11, 59978
1.18, 59729
1.19, 58764
1.28, 58418
1.31, 58399
1.37, 58123
1.63, 57800
1.67, 57301
2.07, 56993
2.11, 56961
