0.01, 220685
0.01, 214614
0.01, 212884
0.01, 211331
0.01, 209634
0.01, 206610
0.01, 205100
0.02, 201430
0.02, 200585
0.02, 199482
0.02, 196626
0.02, 193308
0.02, 186385
0.02, 183448
0.02, 181828
0.03, 180914
0.03, 179580
0.04, 179562
0.04, 178566
0.04, 176172
0.04, 174896
0.04, 171896
0.04, 171688
0.04, 171512
0.05, 168095
0.05, 158920
0.05, 158505
0.05, 147036
0.05, 146974
0.05, 146044
0.06, 145319
0.06, 143843
0.06, 143755
0.06, 143375
0.06, 142411
0.06, 141729
0.06, 138638
0.07, 137312
0.07, 134218
0.07, 129866
0.07, 124731
0.07, 124195
0.07, 123903
0.08, 122956
0.08, 122688
0.08, 117926
0.08, 115088
0.09, 112290
0.09, 108926
0.09, 108731
0.09, 106902
0.10, 105350
0.10, 104396
0.10, 104111
0.10, 103965
0.10, 102810
0.11, 102435
0.11, 97667
0.11, 96676
0.11, 96301
0.11, 96039
0.11, 95626
0.12, 95515
0.12, 93861
0.12, 92576
0.12, 90966
0.12, 90601
0.13, 90029
0.13, 88645
0.13, 88511
0.13, 87121
0.14, 86345
0.14, 85366
0.14, 83620
0.15, 82530
0.15, 80910
0.15, 77166
0.16, 76737
0.16, 76409
0.16, 75693
0.17, 75253
0.17, 75230
0.17, 74098
0.17, 72778
0.17, 72316
0.18, 69714
0.18, 69679
0.18, 69537
0.18, 69479
0.19, 68986
0.19, 68769
0.19, 68422
0.20, 68120
0.21, 67875
0.23, 67863
0.23, 67189
0.24, 65861
0.25, 65237
0.25, 64784
0.26, 63324
0.27, 63119
0.28, 61754
0.29, 61741
0.29, 60870
0.37, 60520
0.44, 60351
0.47, 59722
0.53, 59133
0.61, 59061
0.71, 59052
1.08, 58945
2.17, 58825
2.56, 58766
2.65, 58661
3.39, 58587
3.40, 58539
3.57, 58446
3.68, 58172
3.71, 58134
3.85, 57975
3.92, 57854
4.03, 57738
4.31, 57728
4.49, 57501
4.63, 57356
4.71, 57104
