0.01, 193944
0.01, 191090
0.01, 183014
0.02, 181755
0.02, 181678
0.02, 176303
0.03, 169043
0.03, 168965
0.03, 162688
0.03, 161504
0.03, 161270
0.04, 158871
0.04, 157244
0.04, 155443
0.04, 154454
0.04, 148379
0.04, 147215
0.04, 146225
0.04, 142573
0.04, 140743
0.05, 140272
0.05, 140082
0.05, 139515
0.05, 137997
0.05, 136730
0.05, 135463
0.05, 134837
0.06, 126335
0.06, 125246
0.06, 123580
0.06, 120325
0.06, 119750
0.07, 115608
0.07, 112897
0.07, 111015
0.07, 110897
0.07, 110419
0.08, 110385
0.08, 110022
0.08, 107921
0.08, 107007
0.09, 106997
0.09, 106408
0.09, 106372
0.09, 104918
0.09, 104283
0.10, 104128
0.10, 100819
0.10, 98131
0.10, 96264
0.10, 95984
0.10, 94983
0.11, 92503
0.11, 92384
0.11, 92290
0.11, 91939
0.11, 91322
0.12, 89980
0.12, 89433
0.12, 88156
0.12, 87141
0.12, 87090
0.13, 86323
0.13, 85713
0.13, 85604
0.13, 85412
0.13, 84262
0.14, 83140
0.14, 82914
0.14, 82769
0.14, 81078
0.14, 80001
0.15, 79559
0.15, 78996
0.15, 78016
0.15, 77230
0.15, 76350
0.16, 76307
0.16, 76278
0.16, 76277
0.16, 75957
0.16, 75639
0.16, 75549
0.16, 74843
0.17, 74234
0.17, 74229
0.17, 73778
0.17, 73461
0.17, 72937
0.18, 72606
0.18, 71961
0.19, 71705
0.20, 71534
0.20, 71148
0.22, 71142
0.22, 71128
0.23, 70785
0.23, 70207
0.24, 70136
0.24, 70024
0.25, 69732
0.25, 68847
0.26, 68690
0.26, 68688
0.26, 68664
0.26, 68476
0.26, 66825
0.27, 65875
0.27, 64783
0.29, 64499
0.29, 64239
0.30, 63094
0.31, 62800
0.33, 62750
0.38, 62662
0.38, 62412
0.41, 62244
0.43, 61972
0.46, 61771
0.47, 61645
0.47, 61302
0.47, 61269
0.48, 60841
0.51, 60028
0.51, 59911
0.53, 59905
0.56, 58995
0.59, 58724
0.64, 58573
0.67, 58466
0.70, 58163
0.80, 57969
0.82, 57880
0.96, 57573
1.13, 57467
1.14, 57223
1.38, 56802
1.40, 56112
1.64, 55980
1.85, 55902
1.91, 55836
2.28, 55801
2.55, 55738
