0.01, 198088
0.01, 197502
0.01, 196262
0.01, 192643
0.01, 191413
0.01, 189274
0.01, 187428
0.01, 178000
0.02, 177965
0.02, 176061
0.02, 171118
0.03, 167706
0.03, 163220
0.04, 161663
0.04, 157704
0.04, 157362
0.04, 155133
0.05, 154348
0.05, 151904
0.05, 147221
0.05, 146856
0.05, 144167
0.05, 143414
0.06, 139296
0.06, 139031
0.06, 138573
0.06, 137640
0.06, 137375
0.06, 135604
0.06, 129398
0.06, 129340
0.07, 128711
0.07, 127235
0.07, 126358
0.07, 125362
0.07, 123866
0.07, 118480
0.08, 116667
0.08, 112082
0.08, 107903
0.08, 107454
0.08, 104846
0.08, 103219
0.08, 100509
0.09, 100375
0.09, 100107
0.09, 99663
0.09, 99490
0.09, 96520
0.10, 96271
0.10, 92173
0.10, 91110
0.10, 89235
0.10, 88649
0.11, 88625
0.11, 88417
0.11, 88299
0.11, 86084
0.11, 84938
0.12, 84342
0.12, 82502
0.12, 81575
0.12, 80964
0.13, 80922
0.13, 78379
0.13, 76719
0.13, 75364
0.13, 74514
0.13, 72960
0.14, 72121
0.14, 71581
0.14, 70743
0.15, 69608
0.15, 69543
0.15, 69439
0.16, 68808
0.16, 68758
0.17, 68705
0.17, 68509
0.17, 67249
0.19, 66043
0.19, 65835
0.21, 65597
0.22, 64950
0.23, 64771
0.24, 64703
0.27, 64606
0.27, 64530
0.28, 63954
0.31, 62603
0.35, 61832
0.35, 61761
0.37, 61289
0.38, 60888
0.40, 60636
0.43, 60035
0.44, 59281
0.52, 58508
0.66, 58378
0.70, 58362
0.73, 57223
0.74, 57052
0.75, 56342
1.04, 55780
1.04, 55704
1.12, 54917
