0.01, 218361
0.01, 215001
0.01, 214711
0.01, 214258
0.01, 206636
0.01, 205540
0.01, 205529
0.01, 203143
0.01, 203011
0.01, 201418
0.02, 200664
0.02, 200506
0.02, 198419
0.02, 185293
0.03, 182226
0.03, 178189
0.03, 176200
0.03, 174480
0.04, 174067
0.04, 172344
0.04, 170973
0.04, 169795
0.04, 169180
0.04, 166433
0.04, 163344
0.04, 155629
0.05, 155042
0.05, 154088
0.05, 152618
0.05, 151744
0.05, 151110
0.05, 151048
0.05, 149464
0.06, 148239
0.06, 146691
0.06, 146258
0.06, 143099
0.06, 141700
0.06, 139189
0.06, 135971
0.06, 135706
0.07, 134873
0.07, 133408
0.07, 132371
0.07, 125013
0.07, 121562
0.08, 118732
0.08, 117948
0.08, 116651
0.08, 115126
0.08, 114689
0.08, 113321
0.08, 112721
0.09, 111365
0.09, 111364
0.09, 110078
0.09, 109068
0.09, 108948
0.09, 108383
0.09, 108170
0.09, 107092
0.10, 105422
0.10, 104171
0.10, 103020
0.10, 102373
0.10, 98403
0.11, 97851
0.11, 97250
0.11, 94958
0.11, 94623
0.12, 92986
0.12, 90877
0.12, 90192
0.12, 89649
0.12, 88312
0.12, 87940
0.12, 87082
0.13, 85730
0.13, 85329
0.13, 84611
0.13, 84044
0.13, 82107
0.13, 81773
0.14, 79109
0.14, 77721
0.14, 77674
0.15, 77365
0.15, 76902
0.15, 75118
0.15, 74229
0.15, 73970
0.15, 73668
0.16, 72637
0.16, 72512
0.17, 72494
0.17, 72143
0.17, 71741
0.17, 70892
0.18, 70620
0.18, 70448
0.18, 69158
0.18, 69049
0.18, 68891
0.19, 68477
0.20, 67860
0.20, 67549
0.21, 67061
0.21, 66768
0.22, 66504
0.23, 66114
0.23, 65965
0.23, 65368
0.23, 64115
0.24, 63405
0.24, 63150
0.25, 63122
0.25, 62535
0.25, 62470
0.26, 62172
0.26, 62069
0.27, 61826
0.28, 61525
0.28, 61169
0.29, 60546
0.31, 60006
0.32, 59267
0.34, 59135
0.34, 57684
0.38, 57287
0.44, 57241
0.45, 56740
0.50, 56658
0.72, 56565
0.84, 56193
0.86, 56163
0.93, 55986
0.96, 55745
2.72, 55524
