0.01, 211016
0.01, 210956
0.01, 203161
0.01, 202747
0.01, 198525
0.01, 192398
0.01, 190136
0.01, 187489
0.02, 187468
0.02, 187232
0.03, 186599
0.03, 184313
0.03, 182874
0.03, 180753
0.03, 180734
0.03, 179968
0.03, 179560
0.03, 176736
0.03, 171143
0.03, 169650
0.04, 163036
0.04, 162734
0.04, 161613
0.04, 161140
0.04, 160275
0.04, 158750
0.04, 156839
0.04, 155395
0.05, 154392
0.05, 152714
0.05, 152319
0.05, 150334
0.05, 145653
0.05, 144656
0.05, 143568
0.05, 142714
0.05, 135961
0.06, 128994
0.06, 128713
0.06, 125827
0.06, 124146
0.06, 121470
0.06, 120609
0.07, 120294
0.07, 120259
0.07, 120154
0.07, 120153
0.08, 119468
0.08, 119049
0.08, 118605
0.08, 117651
0.08, 116929
0.09, 115677
0.09, 115124
0.09, 114973
0.09, 110009
0.09, 107435
0.09, 104430
0.10, 104071
0.10, 102504
0.10, 101122
0.10, 100544
0.10, 98699
0.11, 96543
0.11, 95299
0.11, 93017
0.11, 92264
0.11, 92124
0.12, 89680
0.12, 88630
0.12, 88478
0.12, 87898
0.12, 86401
0.13, 86120
0.13, 85137
0.13, 84661
0.13, 83928
0.13, 83149
0.14, 82954
0.14, 82550
0.14, 82043
0.15, 81498
0.16, 81157
0.16, 81109
0.16, 80087
0.16, 79794
0.16, 78060
0.16, 77460
0.17, 77146
0.17, 77128
0.17, 76710
0.17, 76340
0.17, 75348
0.17, 74471
0.18, 74341
0.18, 71735
0.19, 71376
0.19, 71236
0.20, 71154
0.21, 71008
0.21, 70939
0.22, 70859
0.22, 70631
0.23, 70459
0.23, 69320
0.23, 68840
0.24, 68481
0.24, 68282
0.24, 67883
0.25, 66409
0.26, 66143
0.27, 66026
0.28, 64798
0.28, 64327
0.28, 64313
0.31, 63464
0.32, 63227
0.33, 62985
0.33, 62729
0.34, 62276
0.34, 61513
0.37, 61499
0.37, 61349
0.38, 61288
0.39, 61163
0.40, 61003
0.41, 60701
0.42, 60674
0.44, 58772
0.46, 58645
0.47, 58486
0.47, 57070
0.62, 56948
0.78, 56902
0.78, 56600
0.81, 56217
0.81, 55265
0.84, 54478
1.34, 54165
1.62, 54160
