0.01, 203900
0.01, 203781
0.01, 201467
0.01, 199900
0.01, 190563
0.01, 179716
0.01, 179260
0.01, 178434
0.02, 178292
0.02, 176228
0.03, 175754
0.03, 171861
0.03, 170501
0.03, 166228
0.03, 162826
0.03, 162724
0.03, 156747
0.03, 153415
0.04, 153010
0.04, 149612
0.04, 147805
0.04, 146621
0.04, 141285
0.04, 140695
0.04, 139945
0.04, 138906
0.05, 138426
0.05, 137996
0.05, 135725
0.05, 133745
0.05, 132154
0.05, 130965
0.05, 127973
0.06, 122599
0.06, 121164
0.06, 119618
0.06, 118505
0.06, 118469
0.06, 117691
0.07, 115938
0.07, 115294
0.07, 115210
0.07, 112953
0.07, 106742
0.08, 105676
0.08, 105452
0.08, 104344
0.08, 102746
0.08, 102003
0.09, 97831
0.09, 97478
0.09, 96291
0.09, 94676
0.09, 91942
0.10, 90657
0.10, 90654
0.10, 89985
0.10, 89857
0.10, 89613
0.10, 89130
0.11, 88219
0.11, 87654
0.11, 87333
0.11, 85891
0.12, 85647
0.12, 85331
0.12, 85024
0.12, 84273
0.12, 84137
0.13, 83936
0.13, 82793
0.13, 82629
0.13, 81801
0.13, 81578
0.14, 81567
0.14, 81068
0.14, 80718
0.14, 80453
0.14, 80406
0.15, 80325
0.15, 79765
0.15, 79270
0.15, 77841
0.15, 76798
0.15, 76667
0.15, 75740
0.15, 75416
0.16, 74808
0.16, 74603
0.16, 73990
0.16, 72991
0.16, 71744
0.16, 71561
0.17, 71208
0.17, 69802
0.18, 69644
0.18, 68394
0.19, 68379
0.22, 68296
0.24, 67425
0.24, 67063
0.24, 66966
0.25, 66760
0.26, 66420
0.26, 64914
0.32, 64370
0.33, 64274
0.33, 63634
0.34, 63251
0.37, 63177
0.40, 62612
0.44, 62547
0.45, 62518
0.46, 62304
0.52, 61824
0.61, 61797
0.62, 61511
0.63, 60691
0.64, 60419
0.66, 59608
0.69, 58936
0.73, 58853
0.74, 58338
0.77, 58331
0.77, 57366
0.79, 56983
0.81, 56926
0.82, 56917
0.84, 56706
1.09, 56597
1.26, 56570
1.51, 56257
2.44, 56222
