0.01, 198337
0.01, 197168
0.01, 193338
0.01, 191513
0.02, 188284
0.02, 187419
0.02, 185216
0.02, 183946
0.02, 180954
0.03, 176508
0.03, 168146
0.03, 164788
0.03, 157313
0.03, 155063
0.04, 154882
0.04, 154842
0.04, 153225
0.04, 147180
0.04, 147097
0.04, 145435
0.05, 143564
0.05, 141503
0.05, 138272
0.05, 137907
0.05, 136846
0.06, 135016
0.06, 134504
0.06, 133619
0.06, 131710
0.06, 130976
0.07, 129106
0.07, 127802
0.07, 127270
0.07, 124997
0.07, 122097
0.07, 120216
0.08, 120131
0.08, 120097
0.08, 119196
0.08, 118150
0.08, 116967
0.10, 114971
0.10, 112563
0.10, 111873
0.10, 110617
0.11, 110034
0.11, 109254
0.11, 108812
0.11, 108657
0.11, 108048
0.11, 105314
0.11, 102739
0.12, 102702
0.12, 102229
0.12, 101636
0.12, 94561
0.13, 93292
0.13, 92842
0.13, 90955
0.13, 89865
0.13, 89437
0.13, 88984
0.14, 88615
0.14, 87676
0.14, 87097
0.14, 87012
0.14, 86605
0.14, 85695
0.14, 85661
0.15, 84179
0.15, 83422
0.15, 82107
0.15, 79364
0.15, 78855
0.15, 76709
0.16, 75843
0.16, 75702
0.16, 75543
0.16, 74487
0.17, 74463
0.17, 73964
0.17, 71573
0.17, 71364
0.18, 70558
0.18, 70138
0.18, 69739
0.18, 69222
0.18, 68400
0.18, 67953
0.19, 67824
0.19, 67385
0.20, 67185
0.20, 66559
0.22, 66525
0.25, 66342
0.25, 66120
0.27, 66052
0.28, 65176
0.29, 64909
0.31, 64744
0.35, 64717
0.35, 64618
0.38, 63649
0.43, 63578
0.44, 63540
0.45, 63247
0.46, 63132
0.47, 63117
0.48, 62179
0.48, 62004
0.49, 61908
0.56, 61857
0.57, 61713
0.58, 61323
0.58, 61282
0.60, 61045
0.60, 60611
0.61, 59890
0.62, 59693
0.68, 59599
0.68, 58949
0.69, 58460
0.70, 58370
0.71, 57947
0.73, 57336
0.82, 57307
0.85, 57080
1.09, 57058
1.18, 56577
1.64, 56469
1.87, 55900
1.95, 55846
2.14, 55529
2.71, 55339
2.75, 55065
