0.01, 219466
0.01, 216239
0.02, 214390
0.02, 209133
0.02, 199026
0.02, 192471
0.02, 189966
0.02, 189867
0.02, 183626
0.02, 181634
0.02, 179021
0.04, 176603
0.04, 176153
0.05, 173587
0.05, 173380
0.06, 170635
0.06, 168899
0.06, 167815
0.06, 167767
0.07, 164613
0.07, 159691
0.07, 156090
0.07, 156005
0.07, 152130
0.08, 149468
0.08, 148590
0.09, 146549
0.09, 146327
0.09, 142589
0.10, 140040
0.10, 139535
0.10, 137791
0.10, 135961
0.11, 135653
0.11, 132471
0.11, 131654
0.13, 128108
0.13, 123421
0.14, 119556
0.14, 116884
0.14, 113007
0.15, 112807
0.16, 109517
0.17, 107638
0.18, 107083
0.21, 105993
0.21, 103633
0.21, 102509
0.21, 100345
0.22, 99721
0.22, 98848
0.22, 97061
0.23, 96924
0.23, 95332
0.23, 93682
0.24, 92947
0.25, 92214
0.25, 91986
0.26, 91902
0.26, 89494
0.27, 88846
0.27, 88186
0.27, 87492
0.28, 87406
0.28, 87250
0.29, 83347
0.29, 82974
0.29, 82169
0.29, 78548
0.30, 78223
0.30, 77673
0.31, 77671
0.31, 77389
0.31, 76927
0.31, 76487
0.31, 75706
0.32, 75692
0.32, 74807
0.33, 74319
0.33, 73980
0.34, 73639
0.34, 73490
0.34, 72525
0.35, 72008
0.35, 71920
0.35, 71829
0.36, 71154
0.36, 70974
0.36, 70384
0.36, 69633
0.37, 69466
0.38, 68322
0.39, 68101
0.40, 67355
0.42, 67254
0.42, 67168
0.43, 66247
0.43, 66163
0.45, 66013
0.46, 65727
0.46, 65548
0.48, 65300
0.48, 64317
0.49, 64069
0.49, 63403
0.55, 63004
0.56, 62437
0.58, 62292
0.59, 62255
0.59, 62165
0.61, 61900
0.61, 61262
0.66, 60584
0.67, 60303
0.69, 59585
0.71, 59485
0.73, 59185
0.75, 58922
0.76, 58639
0.78, 58543
1.05, 58472
1.26, 58202
1.28, 58109
1.35, 58037
1.38, 57931
1.59, 57847
1.63, 57217
1.65, 56911
2.19, 56902
3.26, 56335
