0.01, 199936
0.01, 198172
0.01, 196490
0.01, 192629
0.02, 185582
0.02, 184462
0.02, 181386
0.02, 180999
0.02, 179579
0.02, 179574
0.02, 177894
0.03, 172286
0.03, 169736
0.03, 169419
0.03, 164274
0.03, 158080
0.03, 153395
0.04, 150414
0.04, 145967
0.04, 144693
0.04, 143211
0.04, 140239
0.04, 140133
0.04, 139614
0.04, 136463
0.05, 129768
0.05, 126142
0.05, 123125
0.05, 123100
0.05, 121406
0.05, 119731
0.05, 118431
0.06, 118136
0.06, 116276
0.06, 116030
0.06, 108347
0.06, 106747
0.06, 100597
0.07, 99291
0.07, 98506
0.07, 96245
0.07, 95793
0.07, 94644
0.08, 91731
0.08, 91095
0.08, 91083
0.08, 90372
0.08, 90362
0.08, 87477
0.09, 87411
0.09, 85249
0.09, 84816
0.09, 84381
0.10, 83808
0.10, 82393
0.10, 81068
0.10, 80897
0.10, 80660
0.11, 80392
0.11, 79508
0.11, 78634
0.11, 77900
0.12, 77539
0.12, 77306
0.12, 77047
0.12, 76838
0.12, 75837
0.12, 73804
0.13, 72289
0.13, 72281
0.13, 72259
0.13, 71103
0.14, 70327
0.14, 69947
0.14, 68945
0.15, 68528
0.15, 68507
0.16, 68352
0.16, 67239
0.17, 65932
0.17, 65764
0.17, 65676
0.18, 64957
0.19, 64156
0.19, 64112
0.22, 64108
0.22, 63157
0.23, 62761
0.24, 62346
0.24, 62074
0.25, 61876
0.25, 61367
0.26, 61052
0.26, 60131
0.27, 60095
0.28, 59887
0.29, 59794
0.30, 59553
0.31, 59208
0.31, 58292
0.34, 58275
0.35, 58123
0.36, 58029
0.47, 57780
0.53, 57449
0.86, 57322
1.05, 57260
1.30, 57258
1.37, 56966
1.87, 56785
2.03, 56674
2.88, 56319
