0.01, 195562
0.02, 188098
0.02, 180614
0.03, 178004
0.03, 176586
0.03, 175070
0.04, 172122
0.04, 168965
0.04, 166526
0.04, 159366
0.04, 158107
0.05, 157502
0.05, 156823
0.05, 154166
0.05, 152541
0.05, 151430
0.05, 151068
0.06, 147508
0.06, 146296
0.06, 143330
0.06, 143099
0.06, 140291
0.06, 139683
0.07, 137991
0.07, 135969
0.07, 135920
0.07, 135845
0.07, 135189
0.07, 134300
0.08, 133277
0.08, 131869
0.08, 130798
0.08, 127811
0.08, 124534
0.09, 124341
0.09, 122744
0.09, 120992
0.09, 119873
0.09, 118898
0.10, 118750
0.10, 118120
0.10, 116724
0.10, 114721
0.10, 111273
0.11, 110801
0.11, 110442
0.11, 109852
0.11, 109702
0.11, 108968
0.11, 107077
0.12, 104312
0.12, 104232
0.12, 102464
0.12, 99456
0.12, 99430
0.13, 98952
0.13, 98274
0.13, 97662
0.13, 96978
0.14, 95762
0.14, 95425
0.14, 91388
0.14, 90400
0.14, 89722
0.15, 88943
0.15, 87712
0.15, 86671
0.15, 84417
0.16, 83392
0.16, 82844
0.16, 82681
0.16, 82572
0.17, 80907
0.17, 80539
0.17, 79666
0.17, 79161
0.17, 78547
0.17, 78143
0.18, 78042
0.18, 77600
0.18, 76866
0.18, 76743
0.18, 76707
0.18, 76530
0.18, 75332
0.19, 74378
0.19, 73126
0.19, 72678
0.19, 70872
0.20, 69477
0.20, 69025
0.21, 68909
0.21, 68331
0.22, 67683
0.22, 67070
0.22, 66817
0.23, 66502
0.23, 66394
0.23, 66328
0.24, 66101
0.24, 64900
0.25, 64147
0.27, 63592
0.29, 63538
0.30, 63177
0.31, 63048
0.32, 62812
0.35, 62453
0.36, 62307
0.45, 61971
0.47, 61698
0.49, 61625
0.53, 61527
0.56, 61260
0.59, 60414
0.67, 60220
0.72, 59808
0.76, 59400
0.84, 59126
0.85, 58932
0.87, 58363
0.95, 58317
0.95, 58034
0.97, 57699
1.01, 57672
1.06, 57359
1.14, 57313
1.58, 57182
1.84, 57042
2.44, 56971
2.52, 56754
2.65, 56461
3.14, 56429
3.17, 56358
3.54, 56269
3.82, 56240
3.91, 55772
4.62, 55685
