0.01, 210138
0.01, 207153
0.01, 200029
0.01, 199804
0.01, 195231
0.01, 195214
0.02, 192745
0.02, 192099
0.02, 190997
0.03, 186062
0.03, 178109
0.03, 176593
0.03, 169965
0.03, 166179
0.03, 163141
0.04, 163064
0.04, 160855
0.04, 159425
0.04, 158270
0.05, 150126
0.05, 148354
0.05, 143670
0.05, 131958
0.05, 130734
0.05, 126152
0.05, 120627
0.05, 120265
0.06, 120114
0.06, 117179
0.06, 117101
0.06, 114959
0.06, 113112
0.07, 108188
0.07, 107135
0.07, 107120
0.07, 104916
0.07, 101995
0.08, 101985
0.08, 99958
0.08, 97855
0.08, 95848
0.09, 95309
0.09, 94865
0.09, 94040
0.09, 91617
0.10, 91211
0.10, 90917
0.10, 90629
0.10, 89597
0.11, 87835
0.11, 85714
0.11, 83719
0.11, 83638
0.11, 83383
0.11, 82409
0.12, 82036
0.12, 81331
0.13, 80914
0.13, 79595
0.13, 78497
0.14, 78159
0.14, 77472
0.15, 77304
0.15, 76824
0.15, 76317
0.15, 76149
0.16, 75269
0.16, 75035
0.16, 74231
0.16, 72540
0.17, 72241
0.17, 72183
0.17, 71192
0.18, 70092
0.18, 69952
0.18, 69851
0.19, 69816
0.19, 69485
0.19, 68732
0.19, 67707
0.20, 67464
0.21, 67456
0.21, 66501
0.22, 66446
0.22, 66277
0.23, 65851
0.25, 64967
0.26, 64923
0.26, 64917
0.26, 64643
0.28, 63374
0.29, 62829
0.31, 62333
0.32, 61836
0.37, 61346
0.43, 61065
0.45, 60977
0.45, 60484
0.66, 60061
0.70, 59488
0.72, 59453
0.84, 59041
0.88, 58930
0.96, 58659
1.07, 58417
1.07, 58309
1.12, 57975
1.13, 57739
1.18, 57720
1.18, 57427
1.21, 56807
1.34, 55690
1.42, 55492
1.58, 55366
2.23, 55314
2.68, 55022
