0.01, 230509
0.01, 226980
0.01, 226037
0.01, 220708
0.01, 215176
0.01, 214004
0.01, 212313
0.01, 211142
0.01, 207854
0.01, 200694
0.02, 200161
0.02, 197017
0.02, 191194
0.02, 186012
0.03, 183411
0.03, 183082
0.03, 183011
0.03, 181184
0.03, 179817
0.03, 179409
0.03, 178915
0.03, 178553
0.04, 175393
0.04, 174265
0.04, 170271
0.04, 167046
0.04, 163725
0.05, 163700
0.05, 162795
0.05, 162763
0.05, 161715
0.06, 161032
0.06, 144418
0.06, 138163
0.06, 135405
0.06, 134244
0.06, 131716
0.06, 131235
0.06, 130985
0.07, 124527
0.07, 122700
0.07, 121606
0.07, 120713
0.07, 120491
0.07, 120146
0.07, 119133
0.08, 118453
0.08, 116875
0.08, 116829
0.08, 115896
0.08, 114771
0.08, 113344
0.09, 113176
0.09, 111260
0.09, 110723
0.09, 108612
0.09, 107680
0.09, 107381
0.09, 106409
0.10, 103227
0.10, 103166
0.10, 103146
0.10, 102453
0.10, 101182
0.10, 101124
0.11, 100121
0.11, 99361
0.11, 98197
0.11, 95425
0.11, 94745
0.12, 93810
0.12, 93369
0.12, 92322
0.12, 92171
0.12, 89492
0.12, 88891
0.13, 87926
0.13, 86892
0.13, 84657
0.13, 84433
0.14, 84087
0.14, 83213
0.14, 80112
0.14, 79379
0.14, 79235
0.14, 78700
0.14, 78608
0.15, 77414
0.15, 75976
0.15, 75867
0.15, 75812
0.16, 75498
0.16, 73720
0.16, 73062
0.16, 72861
0.17, 72657
0.17, 72396
0.17, 72076
0.18, 71356
0.18, 71212
0.18, 70739
0.18, 70237
0.19, 69425
0.19, 69145
0.20, 68024
0.20, 67019
0.21, 66621
0.22, 66023
0.23, 65863
0.24, 65539
0.26, 65512
0.28, 65491
0.28, 64975
0.29, 64887
0.29, 63993
0.30, 63904
0.31, 63442
0.31, 63385
0.32, 62826
0.36, 62556
0.36, 62259
0.37, 61610
0.37, 61475
0.38, 61449
0.38, 61121
0.40, 60281
0.40, 60123
0.43, 59652
0.44, 59581
0.49, 59482
0.51, 59126
0.53, 58933
0.54, 58869
0.58, 58868
0.62, 58498
0.67, 58206
0.68, 57617
0.68, 57464
0.69, 56741
1.06, 56590
1.26, 56084
1.37, 55438
1.37, 55125
