0.01, 189391
0.02, 189236
0.03, 188510
0.03, 183394
0.03, 180050
0.03, 173567
0.04, 171304
0.04, 169115
0.04, 167776
0.05, 166204
0.05, 166171
0.05, 159564
0.05, 158614
0.05, 157578
0.05, 154706
0.05, 152056
0.05, 145366
0.05, 145033
0.06, 144444
0.06, 143695
0.06, 136960
0.06, 136935
0.06, 133652
0.06, 133592
0.07, 132990
0.07, 128869
0.07, 122239
0.07, 114979
0.07, 114359
0.08, 114302
0.08, 111832
0.08, 110472
0.08, 110219
0.08, 108616
0.09, 108437
0.09, 106189
0.09, 105493
0.09, 104834
0.09, 104599
0.10, 102850
0.10, 102810
0.10, 102565
0.10, 98103
0.10, 98098
0.11, 96495
0.11, 91891
0.11, 91283
0.11, 90404
0.11, 89920
0.11, 89281
0.12, 86769
0.12, 86381
0.12, 86188
0.12, 85314
0.12, 84216
0.13, 84165
0.13, 83861
0.13, 83558
0.13, 83246
0.14, 81071
0.14, 80183
0.14, 80106
0.15, 79148
0.15, 78703
0.15, 78435
0.15, 78291
0.16, 78269
0.16, 77834
0.16, 77799
0.16, 77146
0.17, 76666
0.18, 76536
0.18, 74822
0.18, 74548
0.18, 74380
0.19, 72779
0.19, 71173
0.19, 70697
0.19, 70421
0.20, 68465
0.20, 68265
0.21, 67213
0.22, 67197
0.22, 67015
0.22, 66810
0.25, 66474
0.26, 66307
0.26, 66219
0.27, 64653
0.28, 64495
0.30, 64315
0.32, 64190
0.32, 63517
0.33, 62501
0.35, 62115
0.38, 62005
0.39, 61862
0.41, 60301
0.46, 60003
0.48, 59931
0.50, 59772
0.81, 59564
0.85, 58951
0.86, 58604
0.92, 58500
0.93, 57881
0.94, 57661
0.97, 57368
1.01, 57361
1.25, 56258
1.27, 55926
1.33, 55862
1.44, 55827
1.45, 55166
