0.01, 211810
0.01, 211590
0.01, 208392
0.01, 205661
0.01, 203848
0.01, 201969
0.02, 200026
0.02, 197112
0.02, 197063
0.02, 190049
0.02, 187212
0.02, 184618
0.02, 184078
0.02, 177732
0.03, 172159
0.03, 168669
0.03, 166983
0.03, 165044
0.04, 159752
0.04, 157918
0.04, 157780
0.04, 156669
0.05, 156273
0.05, 155696
0.05, 155547
0.05, 154813
0.05, 153201
0.05, 152135
0.05, 150916
0.05, 150095
0.06, 148581
0.06, 147692
0.06, 146151
0.06, 137236
0.06, 136435
0.06, 132424
0.06, 131981
0.06, 131194
0.07, 128809
0.07, 122999
0.07, 122435
0.07, 121983
0.07, 120703
0.07, 120248
0.08, 119999
0.08, 116619
0.08, 114537
0.08, 112853
0.08, 112627
0.09, 111440
0.09, 108908
0.09, 108356
0.09, 107959
0.09, 105931
0.09, 104483
0.10, 102925
0.10, 102502
0.10, 102450
0.10, 100493
0.11, 100152
0.11, 98711
0.11, 96607
0.11, 95232
0.11, 89121
0.12, 87601
0.12, 87269
0.12, 86612
0.12, 86522
0.12, 86327
0.13, 86279
0.13, 86067
0.13, 85599
0.13, 82502
0.13, 81926
0.14, 80942
0.14, 80719
0.14, 78746
0.14, 78554
0.14, 78099
0.15, 77880
0.15, 76008
0.15, 73728
0.15, 73611
0.16, 73131
0.16, 71597
0.16, 71364
0.17, 70617
0.17, 69847
0.17, 69798
0.18, 69647
0.18, 68492
0.18, 68464
0.19, 68266
0.19, 68254
0.19, 67155
0.20, 66234
0.22, 65492
0.23, 65049
0.23, 64577
0.24, 64412
0.24, 63535
0.29, 63089
0.29, 62322
0.30, 62283
0.32, 61435
0.36, 61264
0.38, 61147
0.38, 60355
0.41, 60288
0.43, 59989
0.43, 59776
0.44, 59555
0.49, 59480
0.51, 58667
0.52, 58627
0.57, 58099
0.60, 57272
0.71, 57092
0.95, 57003
0.98, 56782
0.99, 56624
1.18, 56567
1.22, 56545
1.62, 56466
1.70, 55779
2.08, 55645
2.35, 55212
