0.01, 218913
0.01, 218359
0.01, 217608
0.01, 201215
0.01, 198967
0.01, 196495
0.01, 195273
0.01, 193472
0.02, 193385
0.02, 191531
0.02, 189344
0.02, 186701
0.02, 183606
0.03, 182549
0.03, 181490
0.03, 180605
0.03, 178196
0.03, 169494
0.03, 167364
0.03, 163651
0.03, 156645
0.03, 155385
0.04, 154612
0.04, 148542
0.04, 147749
0.04, 147529
0.04, 145813
0.05, 145404
0.05, 144250
0.05, 143655
0.05, 143581
0.05, 143210
0.05, 143151
0.05, 140236
0.06, 137429
0.06, 137328
0.06, 136349
0.06, 132253
0.06, 125447
0.06, 124051
0.06, 122428
0.07, 122411
0.07, 121101
0.07, 120808
0.07, 119091
0.07, 118612
0.07, 118375
0.08, 116102
0.08, 114928
0.08, 113047
0.08, 110867
0.08, 110771
0.08, 109284
0.08, 107379
0.09, 105936
0.09, 105696
0.09, 105388
0.09, 102284
0.09, 101697
0.09, 100820
0.10, 100524
0.10, 100178
0.10, 99505
0.10, 99278
0.10, 97779
0.11, 94813
0.11, 94766
0.11, 91187
0.11, 90614
0.12, 89711
0.12, 89247
0.12, 87419
0.12, 86697
0.12, 85303
0.12, 83132
0.12, 81981
0.12, 81427
0.13, 79091
0.13, 78127
0.13, 77605
0.13, 77443
0.13, 77196
0.13, 76963
0.14, 75673
0.14, 75436
0.14, 74960
0.14, 72746
0.14, 72203
0.14, 72179
0.15, 71333
0.15, 70594
0.15, 70207
0.15, 69680
0.16, 69147
0.16, 68672
0.16, 68447
0.17, 68357
0.17, 68308
0.18, 67894
0.18, 67306
0.19, 65779
0.19, 65506
0.20, 65218
0.20, 65172
0.20, 65161
0.21, 64927
0.21, 64287
0.21, 63544
0.21, 62901
0.23, 62549
0.24, 62546
0.24, 61698
0.29, 61445
0.30, 61102
0.30, 60550
0.31, 60126
0.44, 59995
0.49, 59908
0.50, 59658
0.51, 59645
0.52, 59578
0.62, 58555
0.68, 58540
0.68, 58194
0.69, 57874
0.87, 57450
0.88, 56213
1.46, 56198
1.64, 55905
