0.01, 207387
0.01, 199128
0.01, 198257
0.01, 197713
0.01, 194845
0.01, 194242
0.02, 192331
0.02, 188249
0.02, 186144
0.02, 185506
0.02, 184643
0.03, 177873
0.03, 177524
0.03, 177342
0.03, 172603
0.03, 172530
0.04, 167111
0.04, 166595
0.04, 166400
0.04, 165900
0.04, 162673
0.04, 158823
0.04, 158327
0.04, 157760
0.05, 156122
0.05, 154913
0.05, 153892
0.05, 153746
0.05, 148409
0.05, 147725
0.05, 145631
0.05, 145081
0.06, 144113
0.06, 142889
0.06, 141230
0.06, 139559
0.06, 139243
0.07, 139232
0.07, 137375
0.07, 129728
0.07, 125634
0.07, 122154
0.07, 120041
0.08, 115246
0.08, 114524
0.08, 114074
0.08, 107373
0.08, 106588
0.09, 104777
0.09, 104262
0.09, 104130
0.09, 104066
0.09, 103018
0.09, 102678
0.10, 99895
0.10, 97139
0.10, 95271
0.10, 94634
0.10, 92927
0.10, 92410
0.11, 90800
0.11, 90722
0.11, 89798
0.11, 87956
0.11, 87182
0.11, 86118
0.11, 85848
0.12, 85500
0.12, 84272
0.12, 82745
0.12, 82318
0.13, 81259
0.13, 81133
0.13, 81127
0.13, 78670
0.14, 78447
0.14, 78400
0.14, 77761
0.14, 76887
0.15, 76075
0.15, 75834
0.15, 75188
0.15, 74969
0.15, 74047
0.15, 73786
0.16, 73244
0.16, 72499
0.16, 71590
0.16, 71564
0.17, 70632
0.17, 70226
0.17, 70177
0.17, 70038
0.17, 69565
0.18, 69260
0.18, 68335
0.19, 68124
0.19, 67538
0.20, 67285
0.21, 66577
0.21, 65848
0.22, 65648
0.23, 65501
0.25, 65060
0.26, 64598
0.27, 64154
0.28, 63722
0.29, 63368
0.30, 62979
0.30, 62732
0.31, 62500
0.33, 61595
0.34, 61511
0.35, 61285
0.39, 60786
0.40, 60772
0.44, 60684
0.45, 60568
0.46, 60409
0.48, 60106
0.49, 59606
0.65, 58489
0.66, 58428
0.67, 58405
0.73, 58099
0.77, 57901
0.98, 57785
1.29, 57586
1.35, 57479
1.43, 56886
1.83, 56804
2.13, 56720
