0.01, 225477
0.01, 225464
0.01, 224238
0.01, 214829
0.01, 213233
0.01, 207421
0.02, 205886
0.02, 204229
0.02, 203485
0.02, 199559
0.02, 198405
0.02, 195806
0.02, 195318
0.02, 190702
0.02, 187156
0.02, 182848
0.02, 181882
0.02, 177804
0.03, 177443
0.03, 176428
0.03, 174764
0.04, 171129
0.04, 171118
0.05, 170310
0.05, 167244
0.05, 167152
0.06, 166441
0.06, 162352
0.06, 162101
0.06, 159228
0.06, 158712
0.07, 157057
0.07, 152500
0.07, 150873
0.08, 148104
0.08, 145449
0.08, 140952
0.08, 137750
0.08, 137112
0.08, 135220
0.09, 134979
0.09, 134861
0.09, 134493
0.09, 131705
0.09, 131235
0.10, 131142
0.10, 129132
0.10, 126147
0.10, 125780
0.10, 124801
0.10, 120706
0.10, 119187
0.11, 118522
0.11, 116076
0.11, 115750
0.11, 115574
0.11, 114851
0.11, 113860
0.12, 108699
0.12, 107301
0.12, 106489
0.13, 104549
0.13, 101500
0.13, 98972
0.13, 98140
0.14, 96543
0.14, 94164
0.15, 93787
0.15, 93179
0.16, 92635
0.16, 91500
0.16, 89597
0.16, 88825
0.17, 87865
0.17, 86897
0.17, 86016
0.18, 83797
0.18, 80039
0.18, 79766
0.18, 78409
0.19, 77793
0.19, 77592
0.19, 77477
0.20, 77126
0.20, 75613
0.20, 75610
0.20, 73580
0.21, 73412
0.21, 73198
0.21, 72392
0.21, 69343
0.22, 67688
0.22, 66642
0.25, 66555
0.27, 66310
0.27, 66287
0.28, 65784
0.29, 65024
0.30, 64834
0.31, 64255
0.31, 63979
0.32, 63824
0.33, 63628
0.34, 62269
0.35, 62068
0.35, 61917
0.37, 61463
0.46, 61443
0.51, 61344
0.59, 59783
0.90, 59734
0.90, 58770
0.96, 58542
0.98, 58453
0.98, 58140
1.11, 57986
1.26, 57887
1.35, 57671
1.40, 57606
2.17, 57425
