0.00, 204901
0.00, 203103
0.00, 201940
0.00, 192150
0.00, 191575
0.02, 190124
0.02, 189932
0.02, 187173
0.02, 186300
0.02, 183004
0.02, 181154
0.02, 175663
0.02, 174997
0.03, 173951
0.03, 173508
0.03, 170126
0.03, 168921
0.03, 167051
0.03, 157449
0.03, 152953
0.03, 147073
0.03, 142859
0.03, 141058
0.05, 137102
0.05, 136744
0.05, 136319
0.05, 135115
0.05, 134715
0.05, 133410
0.05, 132779
0.05, 131604
0.06, 130081
0.06, 129377
0.06, 126916
0.06, 126139
0.06, 125509
0.06, 124992
0.06, 124396
0.06, 121389
0.06, 120524
0.06, 118668
0.06, 116100
0.08, 114972
0.08, 113121
0.08, 111892
0.08, 110203
0.08, 107778
0.08, 107279
0.08, 105518
0.08, 104384
0.08, 102698
0.08, 101513
0.08, 101475
0.09, 99874
0.09, 96837
0.09, 96819
0.09, 95999
0.09, 95583
0.09, 94998
0.09, 94423
0.09, 92216
0.11, 91943
0.11, 90597
0.11, 88689
0.11, 86182
0.11, 85579
0.11, 85538
0.11, 84906
0.11, 84899
0.13, 84832
0.13, 84638
0.13, 82445
0.13, 82109
0.13, 81367
0.13, 80835
0.13, 79969
0.13, 79412
0.13, 78841
0.14, 78486
0.14, 75667
0.14, 75329
0.14, 74395
0.14, 74364
0.14, 73420
0.16, 73317
0.16, 71772
0.16, 71519
0.16, 70847
0.17, 70634
0.17, 70187
0.17, 69832
0.19, 69045
0.19, 68865
0.19, 68837
0.19, 68328
0.20, 67683
0.20, 66835
0.20, 66444
0.22, 66302
0.22, 65500
0.23, 64974
0.23, 64284
0.23, 64266
0.25, 64251
0.27, 63828
0.28, 63673
0.31, 63563
0.33, 63329
0.33, 63180
0.34, 62645
0.34, 62550
0.34, 62023
0.36, 61467
0.39, 61131
0.41, 60849
0.41, 60590
0.42, 59574
0.42, 59094
0.50, 59031
0.53, 58958
0.58, 58656
0.59, 58287
0.64, 58206
0.66, 57869
0.89, 57398
1.08, 57156
1.20, 57099
1.22, 55960
1.36, 55824
1.41, 55531
1.66, 55512
1.73, 55473
2.08, 55180
