0.01, 240764
0.01, 238870
0.01, 234432
0.01, 227930
0.01, 225218
0.01, 224915
0.01, 221960
0.01, 220697
0.01, 216915
0.01, 211334
0.01, 205943
0.01, 202870
0.02, 202709
0.02, 201286
0.02, 199789
0.02, 199135
0.02, 198092
0.02, 197980
0.02, 190069
0.02, 187868
0.02, 182723
0.03, 182647
0.03, 180523
0.03, 176108
0.03, 175333
0.03, 169562
0.04, 166488
0.04, 160839
0.04, 160189
0.04, 159406
0.04, 152033
0.05, 151845
0.05, 142186
0.05, 140193
0.05, 139635
0.05, 138682
0.06, 136405
0.06, 131999
0.06, 129677
0.06, 127635
0.06, 127614
0.06, 125508
0.07, 123059
0.07, 122980
0.07, 121002
0.07, 120135
0.07, 120080
0.08, 117888
0.08, 114750
0.08, 112390
0.08, 112226
0.08, 112164
0.08, 109962
0.09, 109172
0.09, 107781
0.09, 107025
0.09, 105393
0.09, 102086
0.10, 99115
0.10, 98661
0.10, 96430
0.10, 94739
0.10, 93673
0.11, 93431
0.11, 92029
0.11, 91081
0.11, 89919
0.11, 87655
0.11, 86216
0.11, 85925
0.12, 85294
0.12, 84392
0.12, 82848
0.12, 82492
0.13, 81475
0.13, 80917
0.13, 80259
0.13, 79979
0.13, 79887
0.13, 76867
0.14, 76749
0.14, 76648
0.14, 75828
0.14, 75092
0.14, 74258
0.14, 73949
0.15, 72794
0.15, 72650
0.15, 72538
0.16, 72476
0.16, 72441
0.16, 71975
0.16, 71318
0.17, 69079
0.17, 68516
0.17, 68166
0.18, 68095
0.19, 67814
0.19, 67657
0.21, 67342
0.21, 67082
0.22, 66526
0.22, 65857
0.23, 65716
0.26, 65315
0.27, 64298
0.28, 63877
0.29, 63868
0.32, 63219
0.34, 63057
0.36, 62924
0.42, 62223
0.43, 62171
0.43, 61858
0.44, 61747
0.45, 61579
0.45, 61377
0.48, 60718
0.49, 60094
0.55, 59544
0.59, 59409
0.70, 58446
0.82, 57960
0.92, 57597
1.33, 57497
1.42, 57395
1.59, 57384
1.65, 57269
1.71, 56736
1.86, 56511
2.05, 56490
