0.01, 213947
0.01, 211123
0.01, 209791
0.01, 205367
0.01, 202126
0.02, 198547
0.02, 192887
0.02, 192798
0.02, 192143
0.02, 186772
0.03, 186250
0.03, 185814
0.03, 184358
0.03, 184165
0.03, 181713
0.03, 180695
0.03, 178426
0.04, 177800
0.04, 176882
0.04, 172348
0.04, 172310
0.04, 166848
0.04, 164289
0.05, 161814
0.05, 161246
0.05, 156824
0.05, 152295
0.05, 149219
0.05, 148618
0.05, 141574
0.05, 141505
0.06, 138023
0.06, 134484
0.06, 130495
0.06, 130261
0.06, 129588
0.06, 129081
0.07, 128715
0.07, 127757
0.07, 124406
0.07, 123801
0.07, 116281
0.07, 114076
0.07, 113756
0.08, 112296
0.08, 111361
0.08, 108244
0.08, 107280
0.08, 106635
0.08, 106197
0.09, 105867
0.09, 105838
0.09, 100137
0.09, 97984
0.09, 97975
0.09, 96042
0.10, 95835
0.10, 95829
0.10, 93608
0.10, 93493
0.11, 92161
0.11, 90201
0.11, 89971
0.11, 89482
0.11, 88759
0.11, 88718
0.12, 86974
0.12, 86054
0.12, 85948
0.12, 83899
0.13, 83863
0.13, 83736
0.13, 83259
0.13, 82046
0.13, 81176
0.14, 80236
0.14, 79626
0.14, 79425
0.14, 78419
0.14, 78104
0.15, 77141
0.15, 74301
0.15, 74000
0.16, 73877
0.16, 73563
0.16, 72150
0.17, 71743
0.17, 71453
0.17, 71263
0.17, 71119
0.17, 70756
0.18, 69472
0.22, 68663
0.22, 68653
0.23, 67487
0.23, 67480
0.24, 67375
0.24, 66776
0.24, 66555
0.25, 66343
0.26, 66323
0.26, 65896
0.28, 65620
0.30, 65163
0.31, 64863
0.31, 64569
0.36, 64242
0.37, 63915
0.38, 63515
0.40, 63050
0.40, 62170
0.45, 62142
0.45, 61322
0.55, 61057
0.56, 60453
0.61, 60430
0.65, 59555
0.66, 59487
0.67, 58622
0.71, 58518
0.73, 58405
0.77, 57803
0.78, 57618
0.98, 57421
1.14, 57038
1.21, 56867
1.38, 56412
1.42, 56111
2.29, 55974
2.66, 55647
3.13, 55436
4.06, 55259
4.60, 54966
