0.01, 204078
0.01, 204008
0.01, 203615
0.01, 195116
0.01, 191145
0.01, 186568
0.02, 185347
0.02, 185180
0.02, 183134
0.02, 181413
0.03, 178945
0.03, 178907
0.03, 170613
0.03, 170211
0.03, 165720
0.04, 162348
0.04, 160283
0.04, 153723
0.04, 145066
0.04, 135405
0.05, 129048
0.05, 125804
0.05, 124499
0.05, 121232
0.05, 120985
0.05, 120549
0.05, 120106
0.05, 119417
0.06, 118185
0.06, 116637
0.06, 116256
0.06, 114069
0.06, 112530
0.06, 112445
0.07, 111605
0.07, 111370
0.07, 104619
0.07, 103382
0.07, 103091
0.07, 103016
0.08, 102863
0.08, 101867
0.08, 100310
0.08, 99550
0.08, 98590
0.08, 98290
0.08, 98165
0.08, 97608
0.09, 97030
0.09, 96936
0.09, 96611
0.09, 95973
0.09, 94831
0.09, 92090
0.09, 91956
0.09, 91532
0.10, 91345
0.10, 89408
0.10, 87928
0.10, 87799
0.10, 87600
0.10, 87497
0.10, 85503
0.10, 85450
0.10, 84796
0.10, 82655
0.11, 82595
0.11, 82581
0.11, 82574
0.11, 81571
0.11, 80285
0.11, 80282
0.11, 79344
0.11, 79143
0.12, 75266
0.12, 74763
0.12, 72844
0.12, 72368
0.12, 71438
0.13, 70075
0.13, 69238
0.13, 68541
0.13, 67986
0.14, 67580
0.14, 67165
0.15, 67044
0.15, 66963
0.16, 66642
0.16, 66416
0.17, 66190
0.17, 65884
0.18, 65813
0.18, 65129
0.19, 65104
0.20, 65065
0.20, 65036
0.22, 64278
0.23, 64249
0.24, 63958
0.24, 63175
0.25, 62543
0.27, 61525
0.27, 61337
0.32, 60704
0.33, 60543
0.33, 59908
0.35, 59846
0.38, 59713
0.42, 59580
0.44, 59532
0.45, 58981
0.50, 58627
0.52, 58527
0.66, 58119
0.71, 57886
0.84, 57481
0.88, 57453
0.89, 56791
0.92, 56370
1.04, 56366
1.17, 56305
1.71, 55899
2.32, 55209
