0.01, 220593
0.01, 209792
0.01, 209114
0.01, 204377
0.01, 201413
0.01, 199305
0.01, 198431
0.01, 198218
0.01, 196138
0.01, 191743
0.02, 180646
0.02, 176436
0.03, 175823
0.03, 175369
0.03, 173776
0.03, 162703
0.03, 162078
0.03, 160136
0.04, 159836
0.04, 159021
0.04, 152776
0.04, 150600
0.05, 148715
0.05, 146731
0.05, 144528
0.05, 143099
0.05, 141818
0.05, 140956
0.05, 137820
0.05, 137617
0.06, 137457
0.06, 129817
0.06, 127761
0.06, 126869
0.06, 126241
0.06, 126156
0.06, 122015
0.07, 121316
0.07, 118433
0.07, 117715
0.07, 114097
0.07, 110387
0.07, 109924
0.08, 109521
0.08, 108722
0.08, 106841
0.08, 106225
0.08, 105485
0.09, 104776
0.09, 104266
0.09, 102678
0.09, 102427
0.10, 102208
0.10, 101933
0.10, 101335
0.10, 100963
0.10, 100289
0.11, 99498
0.11, 98391
0.11, 98271
0.11, 97542
0.11, 95924
0.12, 95851
0.12, 95260
0.12, 92649
0.13, 86219
0.13, 86144
0.13, 85872
0.13, 85593
0.13, 85384
0.14, 84476
0.14, 83938
0.14, 82471
0.14, 82252
0.15, 81692
0.15, 80952
0.15, 80466
0.15, 80410
0.16, 79713
0.16, 78883
0.16, 78326
0.16, 76977
0.16, 76091
0.16, 76042
0.17, 74864
0.17, 74049
0.17, 73923
0.18, 73287
0.19, 73221
0.19, 73132
0.20, 72548
0.20, 72253
0.21, 72049
0.21, 71940
0.21, 71096
0.23, 70477
0.23, 70258
0.23, 70147
0.23, 69814
0.24, 69544
0.24, 68844
0.25, 68365
0.25, 68291
0.25, 67274
0.26, 66385
0.27, 65981
0.28, 64978
0.31, 64850
0.34, 64587
0.35, 64390
0.40, 63936
0.41, 63559
0.42, 63388
0.43, 63068
0.45, 62425
0.47, 61931
0.49, 61895
0.49, 61479
0.52, 61092
0.53, 60924
0.70, 60884
0.72, 60813
0.79, 60533
0.81, 60456
0.90, 60385
0.90, 60117
1.22, 59845
1.40, 59821
1.74, 59508
1.74, 59505
1.89, 59489
2.12, 59387
2.13, 59328
2.14, 59200
2.15, 59057
2.31, 58092
2.34, 57713
2.36, 57514
2.99, 57478
3.10, 57476
3.17, 57470
4.20, 57177
