0.02, 202949
0.02, 200667
0.02, 198977
0.03, 196622
0.03, 196377
0.03, 194803
0.05, 191262
0.05, 187335
0.05, 184880
0.05, 177969
0.05, 174926
0.05, 171330
0.05, 166570
0.06, 166523
0.06, 164379
0.06, 162255
0.06, 161459
0.06, 161064
0.06, 159718
0.06, 157083
0.06, 154262
0.06, 153495
0.06, 149554
0.06, 146545
0.06, 141924
0.06, 137706
0.08, 134193
0.08, 134098
0.08, 132984
0.08, 132861
0.08, 132658
0.08, 132206
0.08, 130154
0.09, 129023
0.09, 128526
0.09, 127366
0.09, 126044
0.09, 125405
0.09, 124198
0.09, 123732
0.09, 120760
0.11, 120390
0.11, 119799
0.11, 117978
0.11, 117971
0.11, 117400
0.11, 116563
0.11, 115871
0.11, 109826
0.11, 109583
0.11, 109224
0.11, 108961
0.13, 108788
0.13, 106944
0.13, 105981
0.13, 104093
0.13, 102738
0.13, 100171
0.13, 99786
0.13, 98539
0.14, 98336
0.14, 97243
0.14, 94854
0.14, 94599
0.14, 89566
0.16, 89471
0.16, 87767
0.16, 87415
0.16, 87013
0.16, 86806
0.16, 85765
0.16, 83183
0.16, 83103
0.16, 81345
0.16, 78965
0.16, 78871
0.17, 77503
0.17, 76818
0.17, 76788
0.17, 76419
0.17, 76078
0.17, 75773
0.17, 74477
0.19, 73841
0.19, 72957
0.19, 72853
0.19, 72626
0.20, 71149
0.20, 71146
0.20, 70891
0.22, 70135
0.22, 70118
0.22, 69503
0.22, 69412
0.22, 69187
0.23, 68927
0.23, 68457
0.23, 68209
0.25, 67723
0.25, 67548
0.27, 67504
0.27, 67139
0.27, 66912
0.28, 66012
0.28, 65565
0.30, 65320
0.31, 64948
0.31, 64734
0.33, 64189
0.34, 62749
0.36, 62632
0.38, 62522
0.44, 62516
0.45, 62401
0.47, 62313
0.58, 62230
0.61, 61978
0.72, 60691
0.75, 59973
0.75, 59744
0.77, 59503
0.88, 59230
1.03, 59072
1.05, 58584
1.41, 57938
2.28, 57825
2.77, 57743
2.87, 56647
