0.01, 202644
0.01, 199383
0.01, 193297
0.01, 193045
0.02, 191834
0.02, 187933
0.02, 187187
0.02, 186067
0.02, 182693
0.02, 178924
0.02, 178724
0.02, 176404
0.02, 173621
0.03, 169858
0.03, 167565
0.03, 165411
0.03, 164530
0.03, 160233
0.03, 154708
0.03, 153638
0.04, 147224
0.04, 146084
0.04, 142300
0.04, 142248
0.04, 138464
0.04, 135812
0.05, 135173
0.05, 132654
0.05, 130001
0.05, 129610
0.05, 126130
0.05, 124315
0.05, 124069
0.06, 122246
0.06, 119933
0.06, 119821
0.06, 116220
0.06, 115951
0.07, 115007
0.07, 114048
0.07, 111882
0.07, 110913
0.07, 110693
0.07, 110287
0.08, 110130
0.08, 106754
0.08, 105612
0.08, 103913
0.08, 102037
0.09, 101087
0.09, 99824
0.09, 99020
0.09, 98407
0.09, 97462
0.09, 97270
0.09, 92357
0.10, 91645
0.10, 90895
0.10, 90808
0.10, 90683
0.10, 89555
0.11, 87577
0.11, 85329
0.11, 84226
0.11, 83699
0.11, 81522
0.11, 78524
0.12, 78431
0.12, 78006
0.12, 77826
0.13, 77277
0.13, 77243
0.13, 76330
0.13, 76219
0.13, 75818
0.14, 74525
0.14, 74353
0.14, 74343
0.15, 74337
0.15, 74101
0.15, 73776
0.16, 73555
0.16, 73467
0.16, 73325
0.16, 72569
0.16, 70839
0.16, 70195
0.17, 70109
0.17, 70087
0.17, 69998
0.17, 69700
0.17, 67739
0.17, 66798
0.18, 65569
0.19, 65045
0.19, 64793
0.20, 64728
0.20, 64275
0.21, 63900
0.21, 63250
0.23, 63133
0.25, 62901
0.26, 62534
0.27, 62464
0.27, 62039
0.29, 61553
0.31, 60396
0.35, 60266
0.36, 59850
0.41, 59483
0.42, 58974
0.47, 58532
0.52, 57697
0.65, 57465
0.66, 57413
0.71, 57246
0.88, 57175
0.98, 57158
1.01, 56142
1.58, 55412
1.71, 55320
