0.01, 202591
0.01, 195917
0.01, 185399
0.02, 182264
0.02, 179438
0.03, 176631
0.03, 171894
0.03, 166508
0.03, 166149
0.03, 160836
0.03, 153212
0.03, 152999
0.04, 147988
0.04, 147942
0.04, 142696
0.04, 140736
0.04, 133521
0.04, 130785
0.05, 126963
0.05, 126742
0.05, 125236
0.05, 124616
0.05, 123467
0.05, 122214
0.05, 121984
0.06, 121587
0.06, 117669
0.06, 117541
0.06, 115523
0.06, 112322
0.06, 111222
0.07, 109372
0.07, 108594
0.07, 108418
0.07, 108372
0.07, 108255
0.08, 107758
0.08, 106132
0.08, 105531
0.08, 102725
0.08, 98825
0.08, 96579
0.08, 96546
0.09, 93005
0.09, 91049
0.09, 90960
0.09, 90729
0.09, 89762
0.10, 87685
0.10, 86551
0.10, 85183
0.10, 83523
0.10, 83027
0.10, 82371
0.11, 81981
0.11, 80971
0.11, 79923
0.11, 79808
0.12, 79230
0.12, 77507
0.12, 75847
0.12, 75222
0.12, 74146
0.12, 74093
0.13, 72590
0.13, 72447
0.13, 72328
0.13, 71987
0.13, 71940
0.14, 71773
0.14, 71598
0.14, 71332
0.14, 70856
0.15, 70671
0.17, 70583
0.18, 70489
0.18, 70007
0.20, 69756
0.20, 68679
0.21, 68375
0.21, 68034
0.21, 68029
0.22, 66787
0.22, 66600
0.24, 66272
0.24, 66086
0.26, 65850
0.27, 65841
0.30, 65738
0.31, 65548
0.32, 65137
0.32, 64437
0.37, 63518
0.38, 63347
0.40, 63171
0.43, 62403
0.46, 62233
0.47, 62187
0.48, 62125
0.50, 61619
0.51, 60986
0.57, 60951
0.59, 60839
0.60, 60803
0.67, 60728
0.78, 60696
0.87, 60514
0.88, 59906
1.00, 59299
1.05, 59012
1.77, 58949
2.45, 58783
2.57, 58644
2.59, 58632
2.67, 58174
