0.01, 238220
0.02, 235453
0.02, 225341
0.02, 222465
0.02, 217628
0.02, 214173
0.02, 213403
0.02, 209839
0.02, 209783
0.02, 206649
0.02, 202701
0.03, 197828
0.03, 195837
0.03, 195152
0.03, 193255
0.03, 188143
0.04, 174978
0.04, 173900
0.04, 165510
0.04, 163331
0.04, 162467
0.04, 160290
0.04, 159784
0.04, 150010
0.05, 148012
0.05, 147291
0.05, 146774
0.05, 146235
0.05, 144006
0.05, 138531
0.05, 136939
0.06, 133420
0.06, 130537
0.06, 122883
0.06, 122209
0.06, 121293
0.06, 118554
0.06, 114870
0.07, 111797
0.07, 111390
0.07, 110117
0.07, 108720
0.07, 104381
0.07, 103200
0.07, 100060
0.08, 96399
0.08, 95291
0.08, 94559
0.08, 93522
0.08, 92702
0.08, 92469
0.09, 92025
0.09, 91439
0.09, 91239
0.09, 90785
0.09, 88789
0.10, 88679
0.10, 87171
0.10, 86704
0.11, 84467
0.11, 83749
0.11, 82214
0.11, 80920
0.11, 78885
0.12, 77599
0.12, 77290
0.12, 76900
0.12, 76750
0.12, 76699
0.13, 75587
0.13, 74966
0.13, 73516
0.13, 72998
0.13, 72874
0.13, 71860
0.13, 71822
0.14, 71703
0.14, 71271
0.14, 70331
0.14, 69927
0.14, 69591
0.14, 69561
0.15, 68595
0.15, 68455
0.15, 67703
0.16, 66950
0.16, 66474
0.16, 65603
0.16, 65137
0.17, 64774
0.17, 64236
0.17, 63412
0.18, 63257
0.19, 63140
0.19, 62217
0.20, 61796
0.20, 61767
0.21, 61753
0.21, 61519
0.22, 60706
0.26, 60157
0.30, 60144
0.31, 59753
0.31, 59559
0.32, 59265
0.43, 59129
0.46, 58967
0.46, 58455
0.51, 58433
0.59, 57994
0.69, 57951
0.87, 57754
0.91, 57533
0.93, 57483
0.94, 57334
1.20, 57232
1.20, 57149
1.28, 57034
1.37, 56733
1.38, 56469
1.46, 56176
1.48, 56068
1.57, 55770
1.86, 55631
2.21, 55515
