0.01, 197680
0.01, 193885
0.01, 193522
0.02, 188817
0.02, 185543
0.02, 185001
0.02, 183782
0.02, 182025
0.02, 181523
0.03, 178779
0.03, 177301
0.03, 175788
0.03, 174733
0.03, 171959
0.03, 171350
0.03, 169996
0.04, 169371
0.04, 168836
0.04, 163700
0.04, 162286
0.04, 161877
0.05, 159399
0.05, 154612
0.05, 149124
0.05, 147930
0.05, 147821
0.05, 145713
0.05, 143352
0.05, 140545
0.05, 134435
0.06, 133720
0.06, 127143
0.06, 124385
0.06, 123867
0.06, 120941
0.06, 120208
0.07, 118403
0.07, 116662
0.07, 116606
0.07, 112805
0.07, 111812
0.07, 111605
0.07, 111139
0.08, 109678
0.08, 102011
0.08, 101884
0.08, 99885
0.08, 99126
0.09, 97984
0.09, 97713
0.09, 94946
0.09, 93115
0.09, 92522
0.10, 91162
0.10, 90994
0.10, 90926
0.10, 90691
0.11, 90003
0.11, 89284
0.11, 87975
0.11, 87090
0.12, 86903
0.12, 84365
0.12, 82637
0.13, 82611
0.13, 81404
0.13, 80200
0.13, 79013
0.14, 78478
0.14, 77852
0.14, 76615
0.14, 76503
0.14, 76073
0.15, 75181
0.15, 75061
0.15, 71690
0.15, 71672
0.16, 71584
0.16, 71509
0.16, 69708
0.16, 69288
0.17, 68905
0.18, 68815
0.18, 68170
0.19, 68122
0.19, 67649
0.20, 67617
0.21, 67212
0.21, 66783
0.21, 66719
0.22, 64913
0.24, 64863
0.27, 64063
0.27, 62602
0.28, 62349
0.28, 61974
0.31, 61793
0.31, 61555
0.33, 61257
0.37, 61224
0.46, 61194
0.48, 59796
0.50, 59439
0.66, 59397
0.71, 59291
0.72, 58736
0.78, 58087
0.87, 57982
1.26, 57758
1.53, 57648
3.66, 57617
3.79, 56754
4.15, 56614
