0.01, 227232
0.01, 223010
0.01, 221735
0.01, 219919
0.01, 219864
0.01, 217469
0.01, 211301
0.01, 206885
0.01, 204432
0.01, 201368
0.02, 201020
0.02, 199718
0.02, 196665
0.02, 194388
0.02, 194255
0.02, 185038
0.02, 178040
0.02, 166742
0.02, 164266
0.03, 161736
0.03, 161626
0.04, 160986
0.04, 158042
0.04, 156704
0.04, 151919
0.04, 150929
0.05, 150620
0.05, 149197
0.05, 146516
0.05, 144544
0.05, 143734
0.05, 141094
0.06, 140590
0.06, 138011
0.06, 136104
0.06, 132101
0.06, 131699
0.06, 130139
0.07, 127919
0.07, 124504
0.07, 124194
0.07, 121640
0.07, 120923
0.07, 119986
0.08, 119071
0.08, 118411
0.08, 111727
0.08, 111582
0.08, 110627
0.09, 110115
0.09, 108913
0.09, 108791
0.09, 108098
0.09, 107855
0.10, 107349
0.10, 104065
0.10, 101795
0.10, 100345
0.10, 99321
0.10, 97325
0.11, 92083
0.11, 90982
0.11, 90651
0.11, 89367
0.11, 88626
0.11, 86778
0.11, 83657
0.12, 81990
0.12, 81257
0.12, 80669
0.12, 80215
0.12, 78791
0.13, 78321
0.13, 78025
0.13, 78012
0.13, 77834
0.13, 76670
0.14, 75931
0.14, 75377
0.14, 74567
0.14, 73102
0.15, 71387
0.15, 71177
0.15, 70368
0.15, 70249
0.15, 68864
0.16, 68517
0.16, 67553
0.17, 67536
0.17, 67187
0.17, 67048
0.20, 66776
0.20, 65036
0.21, 64654
0.22, 64010
0.22, 63776
0.25, 63689
0.25, 63679
0.27, 63467
0.28, 63415
0.30, 63318
0.31, 62459
0.31, 62087
0.32, 61850
0.34, 61717
0.34, 61651
0.35, 61627
0.35, 61510
0.37, 61439
0.37, 60850
0.42, 60678
0.43, 60450
0.43, 59526
0.45, 59409
0.51, 59094
0.52, 58935
0.53, 58738
0.62, 58732
0.72, 58663
0.80, 58261
0.82, 57986
0.85, 57623
0.96, 57550
0.96, 56945
1.07, 56533
1.09, 56426
1.15, 55547
1.32, 55410
1.40, 55331
2.10, 55153
5.18, 54833
5.41, 54660
7.04, 54610
8.37, 54317
