0.01, 209294
0.01, 208689
0.01, 207361
0.01, 207033
0.01, 199622
0.01, 194195
0.01, 189720
0.01, 188911
0.02, 188823
0.02, 187103
0.02, 180417
0.02, 179637
0.02, 175040
0.02, 174256
0.03, 172685
0.03, 170984
0.03, 166048
0.03, 163190
0.03, 158560
0.04, 157671
0.04, 156645
0.04, 155778
0.04, 155523
0.04, 155383
0.04, 146940
0.04, 144665
0.04, 143237
0.05, 137730
0.05, 136968
0.05, 136938
0.05, 130218
0.05, 129775
0.05, 129071
0.05, 127502
0.06, 120981
0.06, 120478
0.06, 117335
0.06, 115919
0.06, 111242
0.06, 111225
0.07, 104999
0.07, 104976
0.07, 104691
0.07, 104081
0.08, 103526
0.08, 102284
0.08, 101761
0.08, 100279
0.08, 99397
0.08, 98161
0.09, 97722
0.09, 96656
0.09, 95309
0.09, 94841
0.09, 94250
0.10, 92910
0.10, 92807
0.10, 92096
0.10, 90555
0.10, 88056
0.10, 88055
0.11, 87200
0.11, 87111
0.11, 86785
0.11, 86329
0.11, 84679
0.11, 83831
0.12, 83015
0.12, 81801
0.12, 80283
0.12, 79627
0.13, 79318
0.13, 78999
0.13, 78455
0.14, 78087
0.14, 77769
0.14, 75386
0.14, 73732
0.14, 72972
0.15, 71939
0.16, 71647
0.16, 70854
0.16, 69957
0.17, 69765
0.17, 68914
0.18, 68696
0.19, 68286
0.19, 67409
0.19, 67348
0.20, 66795
0.21, 66708
0.26, 66357
0.28, 66247
0.29, 66235
0.32, 66000
0.33, 65338
0.33, 65230
0.38, 64639
0.39, 64096
0.40, 63627
0.41, 63399
0.42, 62944
0.45, 62607
0.45, 62368
0.47, 62012
0.51, 61826
0.51, 61433
0.57, 60411
0.63, 60213
0.71, 60107
0.71, 59043
0.79, 57828
0.86, 57778
0.86, 57618
0.92, 57016
0.94, 56359
1.18, 56135
1.20, 56122
1.25, 55877
1.36, 55867
1.38, 55547
1.40, 55294
