0.01, 192788
0.01, 187504
0.02, 186226
0.02, 186156
0.03, 182681
0.03, 179880
0.03, 178538
0.03, 175117
0.03, 170770
0.03, 169153
0.03, 164867
0.03, 163681
0.03, 162864
0.04, 161023
0.04, 160200
0.04, 151642
0.04, 151555
0.04, 149881
0.05, 147688
0.05, 147266
0.05, 143862
0.05, 141579
0.05, 139183
0.05, 137495
0.06, 133605
0.06, 130477
0.06, 129829
0.06, 126610
0.06, 123468
0.06, 122676
0.07, 120088
0.07, 119350
0.07, 117379
0.07, 117071
0.07, 115429
0.08, 111042
0.08, 109489
0.08, 107284
0.08, 107175
0.08, 107087
0.09, 105559
0.09, 103648
0.09, 102559
0.09, 99845
0.09, 99682
0.09, 98207
0.10, 96659
0.10, 95921
0.10, 94466
0.10, 93811
0.10, 92282
0.10, 91194
0.11, 90944
0.11, 89971
0.11, 89512
0.11, 88803
0.12, 88165
0.12, 86381
0.12, 84121
0.12, 82953
0.13, 82227
0.13, 82080
0.13, 77405
0.13, 76353
0.14, 76351
0.14, 74422
0.14, 74195
0.15, 73608
0.15, 73392
0.15, 71052
0.15, 70417
0.16, 70347
0.16, 70287
0.17, 70051
0.17, 69539
0.17, 68858
0.17, 67787
0.18, 67274
0.18, 66907
0.18, 66865
0.18, 66458
0.18, 66059
0.19, 65688
0.19, 64484
0.19, 64436
0.21, 64406
0.22, 63191
0.23, 63096
0.24, 62463
0.25, 62147
0.25, 61384
0.25, 60596
0.28, 60489
0.50, 60409
0.53, 60371
0.53, 60155
0.54, 59471
0.54, 59315
0.62, 59217
0.63, 59050
0.63, 58749
0.64, 58458
0.66, 58359
0.96, 58132
0.96, 57801
1.14, 57748
1.25, 57604
1.25, 57311
1.33, 57153
1.66, 57059
1.72, 56988
2.06, 56943
2.08, 56789
2.11, 56578
2.24, 56196
2.46, 55906
2.47, 55722
2.69, 55560
2.70, 54457
2.71, 54159
2.97, 54154
3.49, 54017
