0.01, 231910
0.01, 225852
0.01, 225502
0.01, 222747
0.01, 213442
0.01, 208016
0.01, 207227
0.02, 203390
0.02, 199141
0.02, 195205
0.02, 191816
0.03, 189571
0.03, 189063
0.03, 188826
0.03, 183631
0.03, 181633
0.03, 181603
0.03, 174955
0.04, 172488
0.04, 168917
0.04, 165996
0.04, 159157
0.04, 157705
0.04, 156426
0.04, 156215
0.05, 155864
0.05, 152810
0.05, 151815
0.05, 151692
0.05, 151614
0.05, 149776
0.05, 149466
0.06, 145474
0.06, 144407
0.06, 143247
0.06, 140424
0.06, 140254
0.06, 140000
0.06, 134069
0.07, 133017
0.07, 132288
0.07, 128831
0.07, 125571
0.07, 125549
0.07, 124308
0.08, 121456
0.08, 120936
0.08, 119746
0.08, 119127
0.08, 115005
0.08, 114279
0.08, 112858
0.09, 110750
0.09, 110473
0.09, 107901
0.09, 107535
0.09, 106711
0.10, 106481
0.10, 105672
0.10, 105271
0.10, 102165
0.10, 101696
0.10, 100691
0.11, 99053
0.11, 97635
0.11, 96716
0.11, 96564
0.12, 94985
0.12, 92406
0.12, 92355
0.12, 92173
0.12, 91661
0.12, 90026
0.12, 89629
0.13, 89577
0.13, 89394
0.13, 87992
0.13, 87077
0.13, 83508
0.13, 83031
0.13, 82648
0.14, 81819
0.14, 80730
0.14, 80318
0.14, 78234
0.14, 77774
0.14, 75511
0.15, 75230
0.15, 74411
0.15, 74057
0.15, 71498
0.16, 71273
0.16, 68965
0.17, 68959
0.17, 68861
0.18, 68827
0.18, 68228
0.18, 67168
0.19, 67082
0.20, 66639
0.20, 66539
0.21, 66268
0.22, 65396
0.24, 65138
0.24, 64621
0.25, 64414
0.26, 64251
0.26, 63519
0.26, 63140
0.27, 62730
0.28, 62226
0.29, 61663
0.31, 61299
0.37, 61007
0.41, 60736
0.41, 60479
0.44, 59314
0.46, 59300
0.47, 59037
0.49, 58771
0.54, 58739
0.57, 58708
0.61, 58434
0.79, 58037
0.83, 57550
0.84, 56877
1.04, 56827
1.41, 56740
2.18, 56138
2.19, 55845
2.44, 55690
