0.01, 229807
0.01, 228298
0.01, 227628
0.01, 226201
0.01, 226084
0.01, 225247
0.01, 220614
0.01, 212093
0.01, 211737
0.01, 205726
0.01, 204531
0.02, 203325
0.02, 203224
0.02, 198926
0.02, 198416
0.02, 196765
0.02, 184357
0.03, 180106
0.03, 179375
0.03, 175605
0.03, 175220
0.03, 174988
0.03, 170441
0.04, 168984
0.04, 163661
0.04, 162446
0.04, 162238
0.05, 160163
0.05, 158719
0.05, 153912
0.05, 152092
0.05, 150963
0.05, 149516
0.05, 148790
0.05, 148212
0.06, 148153
0.06, 146162
0.06, 144010
0.06, 143316
0.06, 141680
0.06, 141202
0.07, 139591
0.07, 137843
0.07, 137540
0.07, 134797
0.07, 129125
0.07, 128634
0.08, 126951
0.08, 124809
0.08, 122122
0.08, 119821
0.08, 117431
0.08, 115613
0.09, 113424
0.09, 113283
0.09, 112236
0.09, 111481
0.09, 109995
0.09, 109973
0.09, 109522
0.10, 108969
0.10, 107095
0.10, 106990
0.10, 106361
0.10, 102131
0.11, 99152
0.11, 96746
0.11, 96112
0.11, 94886
0.11, 93909
0.11, 92285
0.12, 91917
0.12, 91327
0.12, 89843
0.12, 87361
0.12, 87323
0.12, 86098
0.13, 85465
0.13, 84596
0.13, 84539
0.13, 82515
0.14, 80614
0.14, 78289
0.14, 77936
0.15, 76596
0.15, 76392
0.15, 75940
0.15, 75585
0.15, 71397
0.15, 71195
0.16, 70784
0.16, 70256
0.16, 70142
0.16, 70104
0.17, 70017
0.17, 69952
0.17, 69767
0.17, 68265
0.18, 67427
0.20, 66999
0.20, 66487
0.20, 66287
0.21, 66085
0.23, 64722
0.24, 64612
0.25, 64569
0.27, 63833
0.27, 62801
0.30, 61673
0.33, 61672
0.34, 61550
0.36, 61391
0.39, 61350
0.39, 59982
0.39, 59628
0.40, 59219
0.41, 59210
0.42, 58999
0.47, 58911
0.47, 58776
0.49, 58742
0.50, 58551
0.51, 57924
0.53, 57603
0.69, 57353
0.91, 57219
0.95, 57038
1.02, 56433
1.58, 56140
1.68, 55986
1.93, 55972
2.11, 55515
2.82, 55487
3.10, 55436
3.41, 55399
4.11, 55332
