0.01, 201738
0.01, 201137
0.02, 198906
0.02, 194253
0.02, 194194
0.02, 189193
0.02, 186566
0.03, 186410
0.03, 186379
0.03, 186156
0.03, 185845
0.03, 185508
0.03, 185195
0.03, 184243
0.03, 182055
0.03, 177129
0.04, 175244
0.04, 173921
0.04, 167898
0.04, 167498
0.04, 166145
0.04, 164890
0.04, 164638
0.05, 163599
0.05, 163370
0.05, 161453
0.05, 160074
0.05, 158199
0.05, 156843
0.06, 155005
0.06, 148407
0.06, 144889
0.06, 144853
0.06, 143160
0.06, 136883
0.07, 135634
0.07, 134406
0.07, 131709
0.07, 131705
0.07, 131622
0.07, 131044
0.07, 128541
0.07, 128494
0.07, 123277
0.07, 121511
0.08, 121124
0.08, 119868
0.08, 117688
0.08, 116476
0.08, 116473
0.08, 116468
0.08, 116384
0.08, 114093
0.09, 112900
0.09, 110877
0.09, 108518
0.09, 108288
0.09, 107910
0.09, 106593
0.09, 106524
0.10, 105939
0.10, 101826
0.10, 93033
0.10, 92208
0.10, 91868
0.11, 89193
0.11, 89077
0.11, 88456
0.11, 87456
0.11, 86430
0.11, 84653
0.11, 81907
0.12, 81646
0.12, 81615
0.12, 80586
0.12, 79995
0.12, 79827
0.12, 79501
0.13, 79310
0.13, 78978
0.13, 78825
0.13, 78598
0.13, 78363
0.13, 76996
0.13, 74685
0.14, 74532
0.14, 74254
0.14, 73873
0.15, 73629
0.15, 73294
0.15, 73052
0.16, 72369
0.17, 71492
0.17, 70754
0.18, 70279
0.18, 69028
0.19, 68158
0.20, 67940
0.21, 67870
0.21, 66974
0.23, 66514
0.23, 66430
0.24, 66227
0.25, 65890
0.25, 65552
0.26, 65209
0.27, 65059
0.28, 65056
0.28, 64522
0.30, 64225
0.30, 63892
0.32, 63309
0.35, 63279
0.39, 63040
0.44, 63011
0.47, 62917
0.54, 62662
0.55, 62482
0.56, 62057
0.59, 61401
0.60, 60648
0.66, 60460
0.68, 59972
0.74, 59828
0.75, 59745
0.81, 59091
0.83, 58973
0.96, 58419
0.99, 58126
1.09, 57981
1.22, 57857
1.24, 57819
1.27, 57815
1.44, 57680
1.55, 57440
1.91, 57127
2.04, 56866
3.03, 56647
3.91, 56614
4.80, 56589
5.29, 56334
5.48, 56244
