0.01, 223571
0.01, 216464
0.01, 208119
0.01, 206023
0.01, 198640
0.01, 188532
0.01, 181799
0.01, 172667
0.01, 172617
0.02, 171885
0.03, 171553
0.03, 170553
0.03, 168213
0.03, 167439
0.03, 166582
0.04, 166217
0.04, 164519
0.04, 163067
0.04, 161181
0.04, 159448
0.04, 155306
0.04, 154985
0.05, 153519
0.05, 152052
0.05, 151154
0.05, 150983
0.05, 141169
0.05, 140581
0.05, 140230
0.05, 137015
0.06, 135215
0.06, 130873
0.06, 130477
0.06, 129004
0.06, 128779
0.07, 126819
0.07, 126571
0.07, 123259
0.07, 123048
0.07, 122486
0.07, 115353
0.08, 112836
0.08, 110678
0.08, 109772
0.08, 109345
0.08, 107073
0.09, 106682
0.09, 103227
0.09, 102864
0.09, 101438
0.10, 100735
0.10, 100558
0.10, 98471
0.10, 97961
0.10, 97681
0.11, 95579
0.11, 94831
0.11, 94338
0.11, 93078
0.12, 92289
0.12, 92010
0.12, 90250
0.12, 86338
0.12, 86194
0.13, 85081
0.13, 84711
0.13, 83853
0.13, 83216
0.13, 78648
0.14, 77695
0.14, 75486
0.14, 75051
0.15, 74756
0.15, 74106
0.15, 73865
0.15, 72662
0.16, 72166
0.16, 71961
0.16, 71462
0.17, 70581
0.17, 70413
0.18, 70189
0.18, 69513
0.18, 69105
0.18, 68961
0.18, 68210
0.19, 67373
0.19, 67026
0.19, 66785
0.20, 66715
0.20, 66641
0.21, 65773
0.21, 65212
0.23, 64324
0.25, 63808
0.26, 63690
0.27, 63591
0.28, 63031
0.29, 61149
0.29, 60613
0.30, 60325
0.31, 59938
0.33, 59506
0.35, 59079
0.36, 59007
0.37, 58319
0.45, 58252
0.67, 57999
0.92, 57650
1.05, 57441
1.21, 56666
1.93, 56457
2.42, 56032
