0.01, 198993
0.01, 185156
0.02, 184439
0.02, 182130
0.02, 180948
0.03, 173512
0.03, 170728
0.03, 168045
0.03, 167646
0.03, 152482
0.03, 150201
0.04, 149732
0.04, 148878
0.04, 145607
0.04, 145487
0.04, 142234
0.05, 141656
0.05, 137783
0.05, 137295
0.05, 137178
0.05, 135608
0.05, 134883
0.05, 134385
0.05, 130687
0.05, 125040
0.05, 124050
0.05, 120089
0.06, 118186
0.06, 113069
0.06, 111551
0.06, 111304
0.06, 110032
0.07, 105850
0.07, 104439
0.07, 100741
0.07, 98387
0.07, 98311
0.08, 97441
0.08, 95868
0.08, 95450
0.08, 94432
0.08, 92984
0.09, 91110
0.09, 90759
0.09, 89326
0.09, 88861
0.10, 88764
0.10, 87117
0.10, 86062
0.10, 85466
0.10, 84303
0.10, 81756
0.11, 81462
0.11, 81413
0.11, 78756
0.11, 77744
0.11, 76000
0.12, 75204
0.12, 74921
0.13, 74157
0.13, 74039
0.13, 73628
0.13, 73366
0.14, 72162
0.15, 71956
0.15, 71460
0.16, 71380
0.16, 69736
0.17, 69217
0.17, 69214
0.17, 67286
0.17, 64434
0.20, 63524
0.20, 62958
0.20, 62725
0.21, 62686
0.21, 62591
0.22, 62588
0.23, 62232
0.25, 62196
0.27, 61358
0.28, 61339
0.29, 60734
0.29, 60625
0.31, 60216
0.35, 59644
0.39, 58905
0.44, 58582
0.51, 58518
0.51, 57943
0.55, 57666
0.69, 57310
0.75, 57286
1.06, 56792
1.27, 56745
1.80, 56444
2.02, 56383
2.12, 56332
2.28, 56313
2.91, 56278
