0.01, 222176
0.01, 216675
0.01, 214135
0.01, 211070
0.01, 207222
0.02, 201288
0.02, 200189
0.02, 199077
0.02, 198762
0.02, 195049
0.02, 194400
0.02, 193692
0.02, 185691
0.02, 184590
0.03, 183891
0.03, 180998
0.03, 178178
0.03, 173917
0.03, 172609
0.03, 169342
0.04, 163075
0.04, 162761
0.04, 160063
0.04, 153708
0.05, 153667
0.05, 151635
0.05, 149466
0.05, 146941
0.05, 143644
0.05, 142898
0.05, 141855
0.05, 141355
0.05, 141073
0.06, 140799
0.06, 133011
0.06, 132276
0.06, 125788
0.06, 125521
0.06, 124738
0.06, 123864
0.07, 122369
0.07, 119263
0.07, 118315
0.07, 115374
0.08, 114554
0.08, 112872
0.08, 109845
0.08, 106653
0.09, 106250
0.09, 105568
0.09, 104459
0.09, 103172
0.09, 101272
0.09, 101209
0.10, 99207
0.10, 98927
0.10, 98215
0.10, 97971
0.10, 96291
0.10, 95679
0.10, 95533
0.11, 92484
0.11, 91476
0.11, 90608
0.11, 89553
0.11, 89515
0.11, 89271
0.12, 88135
0.12, 87076
0.12, 85960
0.12, 85312
0.12, 83640
0.12, 83475
0.13, 83350
0.13, 82652
0.13, 81327
0.13, 78359
0.13, 77982
0.14, 77790
0.14, 77711
0.14, 77633
0.14, 76730
0.14, 76603
0.15, 74418
0.15, 73044
0.15, 72934
0.16, 72529
0.16, 72355
0.16, 71217
0.16, 70395
0.16, 70265
0.17, 66837
0.17, 66153
0.17, 66088
0.18, 65525
0.21, 65494
0.23, 65044
0.23, 64608
0.23, 63950
0.24, 63383
0.25, 62444
0.27, 62271
0.28, 62244
0.28, 62205
0.28, 61713
0.28, 61690
0.30, 61513
0.30, 61453
0.37, 61301
0.41, 61213
0.43, 60869
0.43, 60687
0.54, 60533
0.58, 60340
0.62, 59665
0.67, 57713
0.89, 57695
1.16, 57652
1.28, 57483
1.33, 57140
1.50, 57008
1.56, 56842
1.62, 56485
1.88, 55520
1.89, 55389
2.04, 55369
2.04, 55262
2.52, 54949
2.60, 54914
3.72, 54885
3.84, 54386
