0.01, 213303
0.01, 210296
0.01, 209514
0.01, 208878
0.01, 207264
0.01, 207183
0.01, 206882
0.01, 197852
0.02, 194184
0.02, 188743
0.02, 184925
0.03, 182263
0.03, 181148
0.03, 180557
0.03, 176586
0.03, 174147
0.03, 171133
0.03, 166757
0.03, 162246
0.03, 160319
0.04, 153029
0.04, 147304
0.04, 147044
0.04, 146317
0.05, 145935
0.05, 144877
0.05, 140001
0.05, 138466
0.05, 134179
0.05, 129272
0.06, 128378
0.06, 127055
0.06, 125718
0.06, 125343
0.06, 124289
0.07, 123701
0.07, 122015
0.07, 121753
0.07, 119880
0.07, 118774
0.07, 114954
0.08, 112586
0.08, 111466
0.08, 110595
0.08, 110401
0.08, 109191
0.09, 107103
0.09, 105818
0.09, 104977
0.09, 104775
0.09, 103678
0.09, 100558
0.09, 100244
0.10, 94228
0.10, 93633
0.10, 90638
0.10, 89756
0.10, 89113
0.10, 88852
0.11, 88640
0.11, 88197
0.11, 87481
0.11, 86581
0.11, 84511
0.12, 83864
0.12, 81704
0.12, 80724
0.12, 80700
0.13, 79896
0.13, 77431
0.13, 77337
0.14, 76720
0.14, 76322
0.15, 76216
0.15, 73909
0.15, 72902
0.16, 72670
0.16, 72386
0.16, 70876
0.16, 70601
0.18, 70009
0.18, 68114
0.18, 67535
0.19, 67158
0.19, 66814
0.19, 65837
0.20, 65666
0.21, 65241
0.21, 65123
0.21, 65110
0.23, 63939
0.27, 63187
0.27, 62375
0.28, 61707
0.31, 61047
0.32, 61014
0.38, 60757
0.40, 60724
0.44, 60447
0.60, 60380
0.66, 59846
0.67, 59618
0.67, 59028
0.77, 57489
0.96, 57486
1.05, 57461
1.06, 57395
1.23, 57308
1.64, 57235
1.66, 56995
1.83, 56542
1.88, 56366
1.92, 55858
2.09, 55556
2.73, 54591
