0.01, 208471
0.01, 204715
0.01, 199706
0.01, 197195
0.02, 196301
0.02, 194262
0.02, 187881
0.02, 187005
0.02, 184566
0.02, 179453
0.03, 177960
0.03, 172992
0.03, 171082
0.03, 169804
0.03, 169011
0.03, 167955
0.04, 167865
0.04, 167801
0.04, 165551
0.04, 161190
0.04, 155747
0.05, 153865
0.05, 152822
0.05, 147511
0.05, 143021
0.05, 140930
0.05, 137509
0.06, 131459
0.06, 131073
0.06, 131005
0.06, 130751
0.06, 130707
0.06, 130241
0.07, 130155
0.07, 129139
0.07, 128015
0.07, 126725
0.08, 124645
0.08, 123000
0.08, 122392
0.08, 121923
0.08, 118031
0.08, 115112
0.09, 114415
0.09, 112804
0.09, 106272
0.09, 105650
0.09, 105296
0.09, 101960
0.10, 100991
0.10, 91913
0.10, 90726
0.10, 89530
0.10, 89314
0.10, 89311
0.11, 89206
0.11, 87611
0.11, 85471
0.11, 84842
0.11, 84523
0.11, 84434
0.11, 84215
0.12, 84191
0.12, 83837
0.12, 83339
0.13, 82820
0.13, 82697
0.13, 82605
0.13, 82314
0.14, 82229
0.14, 82200
0.14, 81031
0.14, 80610
0.15, 80251
0.15, 79847
0.15, 79467
0.15, 78845
0.15, 78147
0.16, 76614
0.16, 76595
0.16, 76237
0.16, 75841
0.17, 75552
0.17, 74996
0.17, 74313
0.18, 73800
0.18, 73533
0.18, 73070
0.18, 72944
0.18, 72922
0.19, 72802
0.19, 71763
0.20, 71748
0.20, 71291
0.20, 71062
0.20, 70687
0.20, 70373
0.21, 70045
0.21, 69050
0.22, 65816
0.24, 64463
0.24, 64358
0.28, 64184
0.28, 64135
0.28, 63854
0.33, 63264
0.34, 62916
0.35, 62779
0.35, 62672
0.36, 61482
0.37, 60530
0.39, 60433
0.40, 60428
0.44, 60194
0.49, 58863
0.49, 58845
0.49, 58731
0.51, 58643
0.53, 58188
0.61, 57978
0.68, 57794
0.81, 57790
1.20, 57628
1.38, 57448
1.83, 57176
1.84, 56991
1.91, 56628
2.28, 56160
