0.01, 232598
0.01, 228759
0.01, 225846
0.01, 224316
0.01, 219901
0.01, 215868
0.01, 215757
0.01, 211091
0.02, 211065
0.02, 210633
0.02, 200413
0.02, 199809
0.02, 197908
0.02, 196816
0.02, 184844
0.02, 183745
0.02, 181341
0.03, 173761
0.03, 172529
0.03, 170909
0.03, 167805
0.03, 167291
0.04, 166241
0.04, 165031
0.04, 162414
0.04, 158072
0.04, 155826
0.05, 151751
0.05, 150696
0.05, 150302
0.05, 148409
0.05, 148027
0.05, 146291
0.05, 144338
0.05, 144289
0.06, 142047
0.06, 137077
0.06, 136577
0.06, 136132
0.06, 134164
0.06, 132722
0.06, 131163
0.07, 129951
0.07, 129524
0.07, 128060
0.07, 128056
0.07, 125810
0.07, 125497
0.08, 123737
0.08, 123632
0.08, 115034
0.08, 112701
0.08, 112142
0.09, 105629
0.09, 105519
0.09, 105046
0.09, 102610
0.09, 101565
0.09, 99635
0.09, 99257
0.10, 94993
0.10, 94627
0.10, 92659
0.10, 92145
0.11, 91731
0.11, 89850
0.11, 89506
0.11, 89234
0.11, 88795
0.12, 87595
0.12, 84142
0.12, 82132
0.12, 81892
0.12, 81664
0.13, 81654
0.13, 80007
0.13, 78772
0.13, 77973
0.13, 77498
0.13, 76222
0.14, 75762
0.14, 75724
0.14, 75455
0.14, 75311
0.14, 75286
0.15, 74413
0.16, 74222
0.16, 73981
0.16, 73710
0.16, 72649
0.16, 71934
0.17, 71729
0.17, 71673
0.17, 71547
0.18, 71292
0.18, 70322
0.18, 68286
0.19, 68181
0.19, 68159
0.20, 67955
0.20, 67274
0.21, 67230
0.21, 66809
0.21, 66780
0.22, 66699
0.22, 66266
0.24, 66167
0.25, 65713
0.25, 65406
0.26, 65222
0.27, 65057
0.27, 64482
0.27, 63719
0.28, 63300
0.29, 62691
0.30, 62287
0.30, 61550
0.31, 61471
0.31, 60551
0.31, 60331
0.34, 59987
0.44, 59524
0.50, 59228
0.60, 58926
0.61, 58418
0.63, 58146
0.65, 57783
0.71, 57377
0.82, 57113
1.64, 57004
1.78, 56988
1.94, 56905
2.32, 56477
2.34, 56274
2.79, 56137
