0.01, 216447
0.01, 214876
0.01, 207713
0.01, 206696
0.01, 200634
0.01, 197944
0.02, 192149
0.02, 189626
0.02, 188842
0.02, 186121
0.02, 182503
0.02, 179472
0.02, 176907
0.03, 175908
0.03, 170879
0.03, 169122
0.03, 168916
0.03, 167145
0.04, 166692
0.04, 166120
0.04, 165642
0.04, 164297
0.04, 164253
0.04, 162177
0.05, 161425
0.05, 159176
0.05, 158811
0.05, 158016
0.05, 156888
0.05, 156376
0.05, 149977
0.05, 144324
0.05, 144243
0.06, 141601
0.06, 140331
0.06, 138403
0.06, 137871
0.06, 135477
0.06, 132376
0.06, 132251
0.06, 131503
0.06, 130460
0.07, 128926
0.07, 126567
0.07, 126434
0.07, 126427
0.07, 119220
0.07, 118233
0.07, 117217
0.08, 114300
0.08, 113413
0.08, 113283
0.08, 112146
0.08, 111773
0.08, 110976
0.08, 109798
0.08, 109256
0.09, 108514
0.09, 102887
0.09, 99293
0.09, 98450
0.09, 98437
0.09, 98303
0.09, 97255
0.10, 97201
0.10, 95812
0.10, 94704
0.10, 93973
0.10, 92550
0.11, 91724
0.11, 89972
0.11, 89796
0.11, 89502
0.12, 88558
0.12, 87550
0.12, 87094
0.12, 86208
0.12, 86079
0.13, 83075
0.13, 82114
0.13, 82098
0.13, 81745
0.13, 80554
0.13, 79536
0.14, 79344
0.14, 79213
0.14, 78587
0.14, 78293
0.14, 77980
0.15, 77508
0.15, 73467
0.15, 72487
0.15, 72377
0.15, 71972
0.15, 71796
0.16, 71616
0.16, 70673
0.16, 68930
0.16, 68353
0.17, 68100
0.17, 67314
0.18, 67031
0.20, 66574
0.21, 66147
0.22, 66028
0.22, 65424
0.23, 65140
0.23, 64752
0.26, 63457
0.28, 62795
0.32, 62794
0.34, 62760
0.35, 62705
0.36, 62325
0.44, 62111
0.44, 61961
0.46, 61563
0.48, 60716
0.51, 60390
0.54, 60379
0.57, 60245
0.58, 59379
0.72, 59347
0.74, 58548
0.93, 58026
1.24, 57191
1.36, 56935
1.61, 56779
1.93, 56704
2.24, 56620
