0.01, 228507
0.01, 225473
0.01, 219077
0.01, 218665
0.01, 217375
0.01, 214824
0.01, 210060
0.01, 209727
0.01, 208915
0.01, 201115
0.02, 198530
0.02, 198001
0.02, 192237
0.02, 190763
0.02, 189555
0.02, 185470
0.03, 183330
0.03, 182280
0.03, 180630
0.03, 176289
0.03, 173285
0.04, 172727
0.04, 171938
0.04, 170455
0.04, 165733
0.04, 164813
0.05, 162356
0.05, 160666
0.05, 160369
0.05, 158680
0.05, 158521
0.05, 157127
0.05, 152335
0.06, 146445
0.06, 141942
0.06, 141458
0.06, 139553
0.06, 138251
0.06, 135000
0.06, 131609
0.07, 130759
0.07, 129623
0.07, 128845
0.07, 128346
0.07, 127768
0.08, 127734
0.08, 124735
0.08, 124273
0.08, 123749
0.08, 121747
0.09, 121338
0.09, 117761
0.09, 115647
0.09, 115602
0.09, 113485
0.09, 112609
0.10, 112338
0.10, 110721
0.10, 110045
0.10, 108216
0.10, 107212
0.10, 104074
0.11, 101328
0.11, 100960
0.11, 99751
0.11, 99717
0.11, 98183
0.12, 97851
0.12, 97172
0.12, 97164
0.12, 95466
0.12, 90186
0.13, 90021
0.13, 89773
0.13, 88468
0.13, 87308
0.13, 86770
0.13, 85320
0.13, 84908
0.14, 84612
0.14, 82418
0.14, 81234
0.14, 81088
0.14, 80432
0.14, 80077
0.14, 79309
0.14, 78616
0.15, 78180
0.15, 77990
0.15, 77508
0.15, 76304
0.15, 75513
0.16, 75451
0.16, 74932
0.16, 73933
0.16, 72834
0.16, 72304
0.16, 72263
0.17, 71635
0.17, 71599
0.17, 71420
0.17, 70967
0.17, 70863
0.18, 70646
0.18, 69756
0.18, 69633
0.19, 69574
0.19, 69459
0.20, 69434
0.21, 69043
0.21, 68945
0.22, 68907
0.23, 66930
0.23, 66824
0.23, 66686
0.24, 66326
0.24, 66322
0.25, 66134
0.25, 66093
0.26, 65522
0.27, 65052
0.28, 64675
0.28, 64552
0.30, 63742
0.30, 63673
0.30, 63300
0.31, 63011
0.32, 62816
0.33, 62742
0.34, 62133
0.35, 62032
0.35, 61840
0.38, 61248
0.40, 60869
0.44, 60777
0.50, 60500
0.52, 60069
0.55, 59956
0.58, 59483
0.73, 59396
0.74, 59113
0.90, 58763
0.91, 58622
0.96, 57989
1.51, 57883
1.53, 57862
1.74, 57773
1.91, 57373
