0.01, 230478
0.01, 226554
0.01, 223664
0.01, 223221
0.01, 212424
0.01, 205184
0.02, 202162
0.02, 199269
0.02, 197774
0.02, 196637
0.02, 194387
0.03, 191640
0.03, 187053
0.03, 186530
0.03, 185552
0.03, 182637
0.03, 179176
0.03, 174526
0.04, 172985
0.04, 172583
0.04, 171927
0.04, 171180
0.04, 170967
0.05, 170597
0.05, 168881
0.05, 168525
0.05, 167277
0.05, 165215
0.05, 164982
0.05, 164018
0.05, 161649
0.06, 161491
0.06, 160777
0.06, 158741
0.06, 157871
0.06, 152453
0.06, 151606
0.06, 147804
0.06, 146951
0.07, 145152
0.07, 144914
0.07, 144429
0.07, 142803
0.07, 140336
0.07, 138799
0.07, 138682
0.07, 134848
0.08, 129348
0.08, 127359
0.08, 126275
0.08, 124940
0.08, 118483
0.08, 115967
0.08, 115805
0.09, 113777
0.09, 111316
0.09, 111124
0.09, 110793
0.09, 109731
0.09, 109043
0.10, 107498
0.10, 107136
0.10, 106889
0.10, 106066
0.10, 105930
0.10, 105909
0.11, 104102
0.11, 101152
0.11, 99232
0.11, 98186
0.11, 97964
0.12, 96475
0.12, 96357
0.12, 96297
0.12, 96062
0.13, 95559
0.13, 95520
0.13, 95038
0.13, 94591
0.13, 94073
0.13, 93099
0.14, 90705
0.14, 90654
0.14, 90120
0.14, 89240
0.14, 88876
0.14, 88871
0.15, 88038
0.15, 87464
0.15, 87366
0.15, 84216
0.15, 83879
0.16, 82939
0.16, 81946
0.16, 81824
0.16, 81509
0.17, 81266
0.17, 80100
0.17, 79160
0.17, 79086
0.17, 79040
0.17, 78492
0.18, 77406
0.18, 75971
0.18, 74587
0.18, 74224
0.18, 73797
0.18, 73338
0.18, 73163
0.18, 72029
0.19, 71334
0.19, 71091
0.19, 70472
0.19, 70266
0.20, 69320
0.20, 69048
0.20, 68813
0.21, 68492
0.21, 67430
0.22, 67334
0.22, 66093
0.23, 66092
0.24, 65998
0.24, 65600
0.24, 65185
0.25, 65129
0.25, 65125
0.25, 64178
0.25, 63887
0.27, 63489
0.28, 63321
0.29, 63184
0.30, 63177
0.32, 62949
0.32, 62826
0.33, 62294
0.33, 62167
0.41, 62100
0.41, 61595
0.51, 61236
0.53, 61138
0.53, 61002
0.57, 60728
0.58, 60601
0.61, 60187
0.62, 60087
0.62, 59947
0.64, 59584
0.64, 59387
0.65, 59072
0.80, 58734
0.80, 58629
0.89, 58392
0.93, 58079
0.98, 57855
1.13, 57789
1.19, 57611
1.31, 57440
1.80, 57373
1.97, 56740
2.21, 56282
5.22, 56127
