0.01, 206865
0.01, 205778
0.01, 204509
0.01, 203643
0.01, 197644
0.01, 195956
0.01, 191746
0.01, 185120
0.02, 183200
0.02, 181089
0.03, 179859
0.03, 179658
0.03, 174669
0.03, 174104
0.03, 167532
0.03, 166400
0.03, 164968
0.04, 164051
0.04, 157548
0.04, 155389
0.04, 151062
0.04, 144150
0.04, 143012
0.04, 137657
0.05, 136982
0.05, 136688
0.05, 135851
0.05, 134665
0.05, 134568
0.05, 134416
0.06, 132528
0.06, 132314
0.06, 129303
0.06, 126903
0.06, 125956
0.07, 124914
0.07, 123467
0.07, 122701
0.07, 122558
0.07, 121295
0.08, 120849
0.08, 120825
0.08, 117854
0.08, 117249
0.08, 114149
0.08, 113965
0.09, 111423
0.09, 108529
0.09, 108272
0.09, 108237
0.09, 107497
0.10, 104645
0.10, 101833
0.10, 101150
0.10, 100873
0.10, 100191
0.10, 99254
0.10, 97406
0.11, 97374
0.11, 97219
0.11, 96985
0.11, 96161
0.11, 94832
0.11, 93406
0.12, 90885
0.12, 89153
0.12, 88637
0.12, 88025
0.13, 87930
0.13, 87703
0.13, 85936
0.13, 84659
0.13, 84204
0.14, 82963
0.14, 82821
0.14, 82247
0.14, 82235
0.14, 81377
0.15, 81283
0.15, 81235
0.15, 80327
0.15, 80276
0.15, 80242
0.16, 80013
0.16, 79898
0.16, 79754
0.16, 78826
0.16, 77792
0.16, 77748
0.16, 77403
0.17, 77226
0.17, 76333
0.17, 75301
0.17, 74320
0.18, 74235
0.18, 73185
0.19, 73176
0.19, 72736
0.19, 72713
0.19, 72381
0.19, 71504
0.19, 70471
0.20, 70378
0.20, 70253
0.20, 70203
0.21, 69045
0.21, 68335
0.21, 68292
0.22, 67887
0.22, 67296
0.23, 66919
0.23, 66809
0.24, 66510
0.24, 65382
0.24, 64018
0.25, 63961
0.25, 63628
0.25, 63272
0.27, 62450
0.29, 62323
0.32, 60388
0.34, 59753
0.36, 59606
0.37, 59390
0.39, 59385
0.39, 59102
0.40, 58911
0.41, 58623
0.46, 57967
0.48, 57830
0.52, 57506
0.60, 57273
0.69, 56513
0.77, 56439
0.93, 56007
1.17, 55954
1.23, 55771
1.35, 54883
1.40, 54768
4.09, 54435
4.16, 54317
