0.00, 214833
0.01, 209257
0.01, 206991
0.01, 206823
0.01, 201552
0.01, 196929
0.01, 196253
0.02, 194522
0.02, 192705
0.02, 189679
0.02, 188420
0.02, 187606
0.03, 187347
0.03, 186452
0.03, 182310
0.03, 180136
0.03, 179111
0.04, 177544
0.04, 176052
0.04, 175308
0.04, 167374
0.04, 166651
0.04, 166067
0.04, 161990
0.05, 161003
0.05, 160032
0.05, 159223
0.05, 156768
0.05, 152321
0.05, 151349
0.05, 151195
0.05, 151122
0.05, 148944
0.05, 146920
0.06, 146196
0.06, 145361
0.06, 145259
0.06, 144748
0.06, 143127
0.06, 141191
0.07, 140860
0.07, 139949
0.07, 129099
0.07, 127044
0.07, 126906
0.07, 126883
0.08, 124245
0.08, 124146
0.08, 123653
0.08, 120664
0.08, 117479
0.09, 117215
0.09, 116690
0.09, 116493
0.09, 115152
0.09, 113973
0.09, 109717
0.10, 108936
0.10, 106644
0.10, 105851
0.10, 104827
0.10, 104454
0.10, 100903
0.10, 98470
0.11, 98445
0.11, 98170
0.11, 94883
0.11, 94538
0.11, 93021
0.11, 90950
0.11, 89663
0.12, 89316
0.12, 88340
0.12, 88032
0.12, 86611
0.12, 84643
0.12, 84346
0.13, 84049
0.13, 83457
0.13, 83201
0.13, 81887
0.13, 79165
0.14, 77730
0.14, 77535
0.14, 76847
0.14, 76376
0.14, 75408
0.14, 74477
0.15, 74378
0.15, 73457
0.15, 73290
0.15, 72597
0.15, 72219
0.16, 70766
0.16, 70747
0.16, 70534
0.16, 70325
0.16, 69903
0.16, 69814
0.17, 69124
0.17, 68363
0.17, 67864
0.18, 67603
0.19, 67555
0.19, 67388
0.19, 66932
0.20, 66251
0.21, 66137
0.21, 65796
0.22, 65780
0.22, 64367
0.25, 64155
0.25, 63827
0.27, 63576
0.28, 63459
0.28, 62669
0.28, 62501
0.29, 62228
0.31, 62201
0.35, 61459
0.35, 61438
0.39, 60837
0.39, 60678
0.41, 60607
0.43, 60411
0.50, 59738
0.68, 59112
0.73, 59108
0.78, 58486
0.81, 58358
1.02, 57614
1.25, 57447
1.28, 56921
2.06, 56827
2.45, 56614
3.03, 56604
3.26, 56265
3.40, 56213
