0.01, 225848
0.01, 224478
0.01, 217848
0.01, 211339
0.01, 205582
0.01, 204024
0.01, 200445
0.01, 194065
0.01, 192617
0.01, 190303
0.02, 186848
0.02, 180793
0.02, 172402
0.02, 168577
0.03, 165359
0.03, 163722
0.03, 161804
0.03, 161492
0.03, 155621
0.04, 153131
0.04, 153119
0.04, 151891
0.04, 150707
0.04, 149420
0.04, 145652
0.05, 145129
0.05, 143745
0.05, 142966
0.05, 142607
0.05, 136245
0.05, 135283
0.05, 134420
0.06, 134396
0.06, 133188
0.06, 127908
0.06, 127248
0.06, 126082
0.06, 122510
0.07, 120813
0.07, 117748
0.07, 111545
0.07, 111160
0.07, 110484
0.07, 109944
0.07, 109753
0.08, 109323
0.08, 108231
0.08, 107130
0.08, 106237
0.08, 105418
0.08, 104741
0.09, 104079
0.09, 99921
0.09, 98288
0.09, 98035
0.10, 97221
0.10, 96012
0.10, 94413
0.10, 92835
0.11, 92039
0.11, 90149
0.11, 89419
0.11, 87374
0.12, 86991
0.12, 86737
0.12, 85632
0.12, 85384
0.12, 83574
0.13, 81972
0.13, 81933
0.14, 81848
0.15, 81628
0.15, 80711
0.15, 77707
0.15, 77233
0.15, 76414
0.16, 76134
0.16, 75523
0.16, 75210
0.17, 75029
0.17, 74978
0.17, 72084
0.17, 71832
0.17, 69804
0.18, 69209
0.18, 67997
0.19, 67995
0.19, 67948
0.20, 67784
0.20, 67536
0.20, 67523
0.20, 67040
0.21, 66894
0.22, 66749
0.23, 66670
0.23, 66356
0.23, 65446
0.24, 65031
0.24, 64914
0.25, 64892
0.26, 64806
0.26, 63901
0.27, 63866
0.27, 63777
0.27, 63771
0.29, 63722
0.30, 63185
0.32, 63181
0.34, 62991
0.36, 62881
0.37, 62299
0.37, 61931
0.39, 61590
0.40, 61544
0.40, 61426
0.41, 61287
0.45, 61260
0.46, 61096
0.46, 60783
0.47, 60664
0.56, 60496
0.60, 60180
0.64, 59969
0.65, 59887
0.66, 58921
0.80, 58571
0.83, 58332
0.88, 58329
1.02, 58264
1.06, 58222
1.07, 57975
1.17, 57802
1.24, 57711
1.27, 57357
1.37, 57139
1.48, 56555
1.55, 56482
1.55, 56129
1.68, 56098
1.75, 55882
1.83, 55455
1.91, 55162
2.29, 54943
2.79, 54575
