0.01, 219219
0.01, 211996
0.01, 209365
0.01, 205520
0.01, 205113
0.01, 204515
0.01, 203011
0.01, 199279
0.01, 196677
0.02, 189769
0.02, 187517
0.02, 182846
0.02, 182419
0.02, 174976
0.03, 168356
0.03, 161637
0.03, 153570
0.03, 153226
0.03, 147445
0.03, 147124
0.03, 145653
0.04, 143274
0.04, 143198
0.04, 142378
0.04, 141801
0.04, 139987
0.04, 138429
0.04, 136466
0.04, 136331
0.04, 131155
0.05, 130194
0.05, 128785
0.05, 122460
0.05, 121721
0.05, 119732
0.05, 119502
0.05, 118839
0.05, 118420
0.06, 117811
0.06, 116742
0.06, 116440
0.06, 113807
0.06, 113753
0.06, 112848
0.06, 111289
0.07, 109140
0.07, 108280
0.07, 108003
0.07, 107330
0.07, 107200
0.08, 106997
0.08, 106257
0.08, 102787
0.08, 102035
0.08, 101957
0.09, 101587
0.09, 100273
0.09, 99692
0.09, 99358
0.09, 98996
0.09, 96434
0.10, 93062
0.10, 92777
0.10, 92532
0.10, 92291
0.10, 90439
0.10, 88980
0.10, 87835
0.10, 86840
0.11, 86641
0.11, 85341
0.11, 84795
0.11, 84023
0.11, 82907
0.11, 82504
0.11, 82497
0.12, 82172
0.12, 81948
0.12, 81808
0.12, 81521
0.12, 79417
0.12, 79378
0.12, 77812
0.13, 77250
0.13, 75336
0.13, 75301
0.13, 74216
0.13, 74203
0.14, 73117
0.14, 71439
0.14, 70850
0.15, 69029
0.15, 67075
0.15, 66356
0.15, 65981
0.16, 65927
0.17, 65546
0.17, 65176
0.17, 65158
0.18, 64491
0.19, 63555
0.20, 63219
0.21, 63204
0.23, 63139
0.23, 62887
0.25, 62688
0.25, 62513
0.26, 61399
0.27, 60478
0.27, 59891
0.30, 59717
0.32, 59481
0.35, 59414
0.37, 59326
0.41, 58923
0.44, 58907
0.46, 58585
0.47, 58556
0.60, 58263
0.69, 58175
0.90, 57942
0.98, 57727
1.07, 56726
1.21, 56003
1.28, 55992
1.31, 55596
1.91, 55570
1.97, 55320
2.10, 55161
2.17, 54991
2.24, 54695
2.67, 54690
3.71, 54398
