0.01, 227513
0.01, 217480
0.01, 215169
0.01, 213246
0.01, 213130
0.01, 206978
0.02, 202246
0.02, 201693
0.02, 198992
0.02, 197494
0.02, 196972
0.02, 191509
0.02, 191383
0.02, 188124
0.02, 187899
0.03, 186994
0.03, 180160
0.03, 177596
0.03, 172828
0.03, 171072
0.04, 169167
0.04, 163752
0.04, 161599
0.04, 158430
0.04, 157852
0.05, 155920
0.05, 153667
0.05, 141483
0.05, 138861
0.06, 137433
0.06, 136074
0.06, 134340
0.07, 131719
0.07, 130027
0.07, 127982
0.08, 127022
0.08, 125887
0.08, 124499
0.08, 124045
0.08, 123060
0.08, 120554
0.09, 120300
0.09, 118485
0.09, 116774
0.10, 112593
0.10, 112465
0.10, 112066
0.11, 111633
0.11, 110615
0.11, 109587
0.12, 108952
0.12, 108201
0.12, 106875
0.12, 106165
0.13, 104346
0.13, 100656
0.13, 99511
0.13, 99144
0.13, 98723
0.14, 97894
0.14, 97726
0.15, 96220
0.16, 94707
0.16, 93700
0.16, 93632
0.17, 93415
0.17, 93350
0.17, 92798
0.18, 92670
0.18, 92115
0.18, 91928
0.18, 89557
0.19, 88209
0.19, 86995
0.19, 86486
0.19, 85271
0.20, 84583
0.20, 84379
0.20, 84294
0.21, 83316
0.21, 82486
0.22, 81876
0.22, 81615
0.22, 81130
0.23, 80931
0.23, 77067
0.23, 76187
0.23, 75987
0.23, 75265
0.23, 74354
0.24, 74011
0.24, 73193
0.25, 72893
0.25, 71922
0.26, 70920
0.27, 69941
0.27, 69160
0.28, 67543
0.30, 67495
0.31, 67218
0.32, 66992
0.33, 66960
0.35, 66589
0.36, 65977
0.38, 65656
0.38, 65140
0.40, 64485
0.40, 64412
0.41, 64315
0.41, 64245
0.41, 62857
0.44, 62110
0.46, 61968
0.47, 61731
0.47, 61209
0.48, 60482
0.49, 60422
0.50, 59858
0.51, 59836
0.51, 59132
0.53, 59013
0.55, 58807
0.64, 58300
0.64, 58108
0.79, 57966
0.79, 57905
0.80, 57107
0.82, 56837
0.87, 56813
0.93, 56276
1.03, 55921
1.08, 55665
1.15, 55509
1.40, 55340
1.51, 54936
1.68, 54797
1.78, 54760
1.83, 54590
1.84, 54586
1.93, 54495
1.96, 54412
2.05, 54193
