0.01, 7630343
0.01, 7458712
0.01, 7450180
0.01, 7148360
0.01, 6936633
0.01, 6921493
0.02, 6897375
0.02, 6810775
0.02, 6766684
0.02, 6726568
0.02, 6696414
0.02, 6679287
0.02, 6503628
0.03, 6425156
0.03, 6403747
0.03, 6377238
0.03, 6377092
0.04, 6372229
0.04, 6349797
0.05, 6317947
0.05, 6177964
0.05, 6143838
0.06, 6135376
0.12, 6045359
0.18, 5977836
0.20, 5883671
0.20, 5818618
0.20, 5747525
0.24, 5676177
0.25, 5373504
0.25, 5363492
0.25, 5331246
0.25, 5242650
0.75, 5121897
1.31, 5115981
1.78, 5085536
2.27, 5036770
2.71, 5033691
3.19, 5010849
3.68, 4964430
4.13, 4790439
4.58, 4784535
5.03, 4689485
5.48, 4656564
5.92, 4633304
6.37, 4633049
6.81, 4622356
7.25, 4612263
7.69, 4548748
8.12, 4548615
8.56, 4517662
9.02, 4449487
9.45, 4398994
9.89, 4379292
10.35, 4335507
10.78, 4304098
10.78, 4246745
11.21, 4218572
11.69, 4194642
12.11, 4182662
12.55, 4169288
12.97, 4164691
13.43, 4149605
13.84, 4129844
14.26, 3849994
14.66, 3834915
15.07, 3815078
15.50, 3745952
15.90, 3692887
16.30, 3685699
16.71, 3680559
17.12, 3655884
17.52, 3609150
17.92, 3558052
18.31, 3413008
18.72, 3392001
19.12, 3377698
19.52, 3338302
19.92, 3254331
20.31, 3190600
20.74, 3182855
21.14, 3173025
21.52, 3154944
21.90, 3142930
22.31, 3131497
22.72, 3040099
23.11, 3022964
23.49, 3009018
23.87, 2942856
24.24, 2925830
24.63, 2923242
25.05, 2919140
25.42, 2904992
25.79, 2880184
26.16, 2861683
26.55, 2846776
26.91, 2701816
27.27, 2639276
27.64, 2624843
28.00, 2578399
28.35, 2487652
28.72, 2411173
29.09, 2410832
29.44, 2399927
29.79, 2369935
30.17, 2365538
30.52, 2364465
30.86, 2349528
31.20, 2348137
31.54, 2345678
31.89, 2340221
32.22, 2313890
32.55, 2284216
32.87, 2273910
33.23, 2267180
33.57, 2265268
33.89, 2264729
34.23, 2264490
34.56, 2254792
34.88, 2240985
35.22, 2231598
35.57, 2215368
35.89, 2201170
36.21, 2196815
36.52, 2193610
36.85, 2190136
37.16, 2189160
37.47, 2180613
37.77, 2170606
38.08, 2170420
38.39, 2160722
38.70, 2159634
39.01, 2159341
39.31, 2156285
39.62, 2134770
39.93, 2119815
40.23, 2101407
40.52, 2091008
40.84, 2090465
41.14, 2086156
41.44, 2065169
41.74, 2041474
42.06, 2033742
42.35, 2033404
42.64, 2015680
42.93, 2005347
43.24, 1980627
43.57, 1962364
43.85, 1958393
44.16, 1958041
44.44, 1947875
44.74, 1941493
45.04, 1938039
45.37, 1927957
45.65, 1925867
45.93, 1907015
46.20, 1898833
46.48, 1895999
46.75, 1869757
47.05, 1867590
47.33, 1858557
47.60, 1851924
47.87, 1845628
48.20, 1798787
48.50, 1786034
48.79, 1785460
49.09, 1782207
49.36, 1780232
49.63, 1779802
50.07, 1778965
50.40, 1776159
50.67, 1773619
50.97, 1767357
51.24, 1767299
51.53, 1767019
51.82, 1765427
52.13, 1745554
52.57, 1740941
53.05, 1739675
53.41, 1729580
53.80, 1722805
54.13, 1721184
54.49, 1715207
55.02, 1708764
55.60, 1707543
56.08, 1705623
56.34, 1675284
56.70, 1672984
56.95, 1670990
57.23, 1669002
57.61, 1668848
57.92, 1656841
58.16, 1656784
58.44, 1655308
58.85, 1648984
59.19, 1644576
59.56, 1638940
59.80, 1635672
60.04, 1630437
60.75, 1620502
63.08, 1620241
64.14, 1614116
