0.02, 7357165
0.02, 7228678
0.02, 7032830
0.02, 6901688
0.02, 6687177
0.03, 6673273
0.03, 6672211
0.03, 6658905
0.03, 6605031
0.03, 6438879
0.03, 6370810
0.03, 6262588
0.03, 6248818
0.03, 6237662
0.03, 6209806
0.05, 6170930
0.05, 6094966
0.08, 6080178
0.08, 6046201
0.13, 6001798
0.14, 5998077
0.14, 5977610
0.14, 5832781
0.14, 5826201
0.14, 5731566
0.14, 5698477
0.22, 5695279
0.22, 5672552
0.66, 5596803
1.14, 5558660
1.56, 5554103
1.97, 5476563
2.39, 5474201
2.81, 5301844
2.81, 5277395
3.23, 5176813
3.64, 5127016
4.06, 5038700
4.06, 4982657
4.06, 4982024
4.48, 4823837
4.89, 4808618
5.31, 4775501
5.73, 4761533
6.14, 4568526
6.55, 4560281
6.55, 4545264
6.97, 4450038
7.37, 4414460
7.78, 4344270
8.19, 4226279
8.19, 4224112
8.60, 4199981
9.02, 4167104
9.42, 4145469
9.42, 4105233
9.85, 4104172
9.85, 4012789
10.27, 4001797
10.67, 3746230
11.08, 3679268
11.08, 3622816
11.50, 3608945
11.91, 3606481
12.31, 3539406
12.31, 3456135
12.72, 3436721
12.72, 3434029
13.13, 3431335
13.52, 3431106
13.92, 3242763
14.31, 3207456
14.72, 3198498
15.11, 3189978
15.52, 3178847
15.91, 3107703
16.30, 3100580
16.69, 3072089
17.08, 3067909
17.47, 3027665
17.47, 3015024
17.82, 2996025
18.16, 2952927
18.52, 2948586
18.86, 2847339
19.21, 2787793
19.57, 2771207
19.91, 2759334
20.25, 2735149
20.60, 2684019
20.94, 2681880
21.29, 2638199
21.61, 2606573
21.96, 2573497
22.29, 2558778
22.63, 2548507
22.96, 2547510
23.30, 2526995
23.63, 2524313
23.96, 2463750
24.28, 2417731
24.64, 2384390
24.97, 2375819
25.31, 2373667
25.64, 2366018
25.97, 2359534
26.30, 2341737
26.61, 2320266
26.94, 2319374
27.27, 2317261
27.58, 2316864
27.91, 2316836
28.22, 2307943
28.54, 2307197
28.85, 2303183
29.16, 2274548
29.48, 2270700
29.79, 2264472
30.10, 2252054
30.41, 2236295
30.73, 2224967
31.04, 2202075
31.34, 2197248
31.65, 2196390
31.96, 2187348
32.26, 2185146
32.57, 2169062
32.88, 2165376
33.19, 2128272
33.51, 2119769
33.80, 2080854
34.10, 2071401
34.41, 2071342
34.71, 1990974
35.01, 1984981
35.32, 1972552
35.60, 1968702
35.90, 1967669
36.19, 1920733
36.49, 1903194
36.79, 1898169
37.08, 1895917
37.38, 1863538
37.66, 1861969
37.96, 1858521
38.26, 1856123
38.54, 1851264
38.82, 1845001
39.10, 1844318
39.41, 1835752
39.69, 1826346
40.02, 1822772
40.32, 1821034
40.63, 1808943
40.96, 1776339
41.33, 1773082
41.63, 1771911
41.91, 1765786
42.32, 1724284
42.65, 1717532
43.10, 1712195
43.44, 1707618
43.72, 1707365
44.05, 1700132
44.91, 1695170
45.17, 1694117
45.60, 1686976
46.22, 1668612
49.41, 1664908
50.53, 1661424
51.22, 1655522
