0.01, 7138019
0.01, 6997554
0.01, 6790118
0.02, 6660691
0.02, 6553707
0.02, 6526032
0.03, 6485070
0.03, 6409263
0.04, 6217048
0.04, 6197557
0.04, 6111873
0.07, 5983599
0.07, 5917905
0.08, 5804769
0.08, 5803351
0.62, 5730399
1.11, 5711789
1.11, 5668124
1.19, 5623416
1.69, 5605647
2.17, 5603806
2.66, 5577524
3.14, 5554495
3.61, 5307205
4.08, 5277823
4.54, 5178121
5.01, 5150312
5.01, 5082957
5.47, 4951573
5.92, 4951496
6.36, 4761472
6.82, 4759861
7.29, 4716409
7.74, 4643643
8.20, 4635254
8.64, 4511253
8.64, 4483592
9.07, 4468360
9.51, 4335404
9.95, 4330549
9.95, 4284618
10.39, 4270567
10.82, 4267497
11.25, 4156716
11.67, 4155389
12.09, 4149841
12.51, 4145650
12.93, 3872988
13.35, 3871512
13.76, 3795571
14.17, 3794626
14.17, 3744334
14.58, 3731934
14.58, 3661452
14.99, 3632953
15.39, 3623258
15.80, 3527634
16.20, 3527117
16.60, 3496256
17.00, 3478188
17.40, 3372718
17.80, 3369290
18.21, 3364918
18.62, 3329954
19.03, 3270443
19.42, 3252692
19.81, 3252584
20.20, 3250695
20.60, 3093207
21.00, 3087094
21.39, 3051164
21.78, 2962083
22.17, 2948007
22.56, 2925797
22.95, 2911049
23.33, 2896340
23.72, 2842013
24.10, 2834913
24.48, 2819801
24.86, 2718358
25.25, 2688777
25.62, 2685058
25.99, 2675036
26.36, 2609486
26.77, 2597758
27.17, 2583413
27.55, 2569038
27.95, 2548774
28.32, 2517202
28.69, 2509964
29.04, 2500578
29.39, 2485996
29.74, 2475536
30.10, 2471414
30.48, 2468423
30.87, 2456673
31.22, 2443444
31.59, 2402993
31.94, 2390361
32.29, 2320482
32.64, 2318911
33.04, 2315710
33.40, 2313085
33.74, 2309670
34.10, 2293571
34.44, 2283058
34.78, 2268448
35.12, 2252090
35.47, 2240836
35.82, 2231492
36.16, 2222286
36.49, 2180565
36.83, 2179529
37.16, 2175336
37.51, 2170960
37.85, 2139724
38.20, 2127511
38.52, 2123083
38.85, 2058508
39.20, 2057119
39.52, 2048200
39.84, 2042959
40.15, 2041181
40.47, 2030677
40.78, 2028188
41.09, 2015562
41.41, 1984953
41.73, 1970550
42.05, 1967804
42.36, 1962305
42.68, 1953269
42.98, 1952083
43.31, 1951656
43.64, 1942142
43.96, 1930806
44.28, 1913366
44.68, 1902734
45.00, 1899145
45.29, 1892862
45.62, 1892028
45.93, 1888160
46.27, 1883913
46.60, 1876567
46.91, 1871628
47.22, 1868131
47.52, 1866073
47.84, 1863425
48.15, 1861363
48.47, 1860163
48.76, 1858692
49.06, 1855010
49.35, 1849212
49.65, 1846335
49.97, 1838601
50.26, 1820827
50.60, 1816896
50.88, 1812777
51.15, 1808125
51.50, 1805618
51.79, 1802621
52.22, 1802388
52.55, 1798878
52.86, 1786583
53.13, 1756292
53.46, 1732809
54.19, 1726109
54.47, 1719424
