0.01, 7468863
0.01, 7420064
0.01, 7256277
0.01, 7232363
0.01, 7218503
0.01, 7083273
0.01, 7079383
0.01, 7001564
0.01, 6941691
0.01, 6918594
0.02, 6860488
0.02, 6819618
0.02, 6800160
0.02, 6570224
0.02, 6569819
0.03, 6561199
0.03, 6554529
0.03, 6496022
0.03, 6353837
0.04, 6249790
0.04, 6207428
0.04, 6102267
0.07, 5984183
0.13, 5900680
0.19, 5897979
0.19, 5798456
0.19, 5662272
0.65, 5491916
1.13, 5434222
1.13, 5218202
1.61, 5207818
2.06, 5040931
2.50, 4952750
2.93, 4805783
3.37, 4773271
3.37, 4760250
3.37, 4750369
3.81, 4741171
4.24, 4593244
4.68, 4516286
5.11, 4490955
5.55, 4475550
5.98, 4455673
6.42, 4448249
6.85, 4398336
7.28, 4368446
7.79, 4364529
8.23, 4364401
8.65, 4348051
9.10, 4210380
9.10, 4084643
9.10, 4064257
9.52, 4019750
9.52, 4010169
9.52, 4005903
9.95, 3992139
10.37, 3946824
10.79, 3907275
11.22, 3886289
11.65, 3870735
12.08, 3860179
12.50, 3837269
12.91, 3803457
13.31, 3687057
13.72, 3662275
14.13, 3656178
14.53, 3640002
14.94, 3622902
15.35, 3619341
15.75, 3603280
16.18, 3602363
16.60, 3595895
17.03, 3537358
17.43, 3487904
17.82, 3423074
18.24, 3412061
18.63, 3338842
19.00, 3259881
19.38, 3259402
19.76, 3246547
20.14, 3233907
20.51, 3182954
20.88, 3112187
21.26, 3082278
21.64, 3069625
22.00, 2892257
22.37, 2888825
22.74, 2869996
23.10, 2832835
23.47, 2807370
23.84, 2782875
24.20, 2742951
24.57, 2668820
24.94, 2667382
25.32, 2663895
25.70, 2658164
26.07, 2570523
26.43, 2543612
26.80, 2531753
27.16, 2525051
27.53, 2510807
27.89, 2509606
28.25, 2507620
28.61, 2492476
28.97, 2477133
29.32, 2467534
29.67, 2412150
30.02, 2402612
30.37, 2358652
30.73, 2349653
31.08, 2342482
31.44, 2339881
31.78, 2309460
32.12, 2283374
32.46, 2281484
32.80, 2275250
33.14, 2270184
33.48, 2262109
33.81, 2241252
34.15, 2223157
34.49, 2210775
34.83, 2180715
35.18, 2179052
35.52, 2158122
35.84, 2086978
36.17, 2082757
36.50, 2075694
36.84, 2070601
37.16, 2068943
37.49, 2051321
37.82, 2027321
38.13, 2018836
38.47, 2016832
38.79, 1994957
39.12, 1984165
39.44, 1977047
39.75, 1969300
40.08, 1952682
40.41, 1942880
40.72, 1940911
41.02, 1940416
41.34, 1937753
41.69, 1932593
42.01, 1930700
42.35, 1925796
42.66, 1910321
42.96, 1902015
43.29, 1900375
43.60, 1847837
43.92, 1839289
44.26, 1835763
44.68, 1831873
45.08, 1823902
45.40, 1822751
45.76, 1815806
46.15, 1801127
46.55, 1798586
47.02, 1796913
47.41, 1794481
47.71, 1786054
48.12, 1784863
48.49, 1784043
48.86, 1779103
49.17, 1767481
49.47, 1740593
49.75, 1737695
50.07, 1727855
50.40, 1724574
50.92, 1690925
51.23, 1690565
51.62, 1683911
