0.00, 7101595
0.00, 7076823
0.00, 7001214
0.00, 6878589
0.00, 6584578
0.02, 6578085
0.02, 6415492
0.02, 6410725
0.03, 6271663
0.03, 6232812
0.03, 6203696
0.03, 6172434
0.03, 6148431
0.03, 6117376
0.09, 6091860
0.11, 6067237
0.11, 6001823
0.13, 5954858
0.16, 5937053
0.16, 5931358
0.17, 5874601
0.17, 5813328
0.27, 5805710
0.27, 5754060
0.59, 5734527
0.64, 5694400
1.11, 5624293
1.53, 5546227
1.77, 5284554
2.20, 5114817
2.64, 5051169
3.06, 4845044
3.50, 4780479
3.94, 4748042
4.36, 4717177
4.36, 4650764
4.80, 4420864
5.22, 4406012
5.22, 4380714
5.66, 4304956
6.08, 4270703
6.51, 4063004
6.94, 4024888
7.36, 4024314
7.36, 4021055
7.78, 3997578
8.20, 3991701
8.62, 3978731
8.62, 3974227
9.04, 3947092
9.47, 3886426
9.87, 3777825
9.87, 3743589
9.87, 3671426
10.30, 3618151
10.70, 3590480
10.70, 3576125
11.11, 3533718
11.53, 3518567
11.93, 3467089
12.34, 3380721
12.75, 3347438
13.15, 3316653
13.54, 3290963
13.95, 3279212
14.34, 3188450
14.75, 3139074
15.14, 3134420
15.53, 3118844
15.92, 3094248
16.31, 3057528
16.70, 3056731
17.07, 3055513
17.46, 3028495
17.85, 3007182
18.22, 3001088
18.60, 2968149
18.97, 2938623
19.36, 2922160
19.72, 2903103
20.10, 2887105
20.50, 2857552
20.86, 2853354
21.19, 2847180
21.54, 2740749
21.86, 2740644
22.21, 2734293
22.53, 2732357
22.88, 2711714
23.21, 2678182
23.53, 2667020
23.86, 2635586
24.19, 2626731
24.53, 2624430
24.86, 2606268
25.19, 2604002
25.50, 2596138
25.83, 2565468
26.16, 2558849
26.49, 2551324
26.80, 2546298
27.13, 2535166
27.44, 2525732
27.77, 2523047
28.08, 2516762
28.41, 2492195
28.71, 2458223
29.03, 2453046
29.35, 2417299
29.66, 2406909
29.97, 2391312
30.28, 2383800
30.58, 2380519
30.89, 2331682
31.20, 2326809
31.50, 2319696
31.81, 2287966
32.13, 2242566
32.43, 2184595
32.72, 2183893
33.04, 2177747
33.33, 2156153
33.63, 2150486
33.94, 2135988
34.24, 2126854
34.54, 2091553
34.83, 1985940
35.13, 1978979
35.44, 1964190
35.76, 1959709
36.05, 1939101
36.33, 1938874
36.65, 1936145
36.93, 1929948
37.22, 1926895
37.50, 1922578
37.82, 1911100
38.10, 1880117
38.40, 1878667
38.68, 1872403
38.96, 1854445
39.25, 1845215
39.54, 1844614
39.85, 1839070
40.18, 1838240
40.47, 1835307
40.74, 1744592
41.08, 1739443
41.36, 1739255
41.64, 1731789
42.00, 1725089
42.29, 1721260
42.56, 1721089
42.86, 1716383
43.12, 1714975
43.48, 1712639
43.97, 1707138
44.34, 1707123
44.65, 1700666
45.14, 1695167
45.51, 1692735
45.83, 1691605
46.14, 1689999
46.56, 1689227
47.00, 1686126
47.31, 1685988
47.58, 1684253
47.86, 1682705
48.12, 1676469
48.45, 1674493
49.39, 1674106
49.72, 1670215
