0.01, 218654
0.01, 216947
0.01, 211142
0.01, 205452
0.01, 203029
0.01, 201722
0.01, 195013
0.01, 191392
0.02, 176309
0.02, 176299
0.02, 176260
0.03, 176220
0.03, 169841
0.03, 168663
0.03, 168114
0.03, 165960
0.04, 163628
0.04, 163311
0.04, 162059
0.04, 155021
0.04, 151741
0.05, 149699
0.05, 148990
0.05, 147291
0.05, 143552
0.05, 142309
0.05, 141378
0.06, 140515
0.06, 140185
0.06, 139537
0.06, 137773
0.06, 137174
0.06, 136065
0.07, 135331
0.07, 134698
0.07, 131715
0.07, 130405
0.08, 128578
0.08, 125968
0.08, 125681
0.08, 125269
0.08, 124976
0.09, 124268
0.09, 124237
0.09, 122948
0.09, 122289
0.09, 115938
0.10, 112505
0.10, 112164
0.10, 111858
0.10, 110400
0.10, 110279
0.11, 108608
0.11, 106229
0.11, 105619
0.11, 105067
0.11, 104113
0.12, 103588
0.12, 103203
0.12, 102840
0.12, 99264
0.12, 98064
0.13, 97716
0.13, 96317
0.13, 91910
0.13, 90354
0.13, 89628
0.13, 87547
0.13, 85050
0.14, 83545
0.14, 83518
0.14, 83269
0.14, 81963
0.14, 80666
0.15, 80447
0.15, 79448
0.15, 79311
0.16, 79240
0.16, 76432
0.16, 75808
0.16, 73383
0.16, 73354
0.17, 72508
0.17, 71259
0.17, 71180
0.17, 69622
0.17, 69087
0.18, 68638
0.18, 68287
0.18, 66615
0.19, 66542
0.19, 66502
0.19, 66108
0.19, 65327
0.19, 65117
0.19, 64977
0.20, 64700
0.20, 63559
0.21, 63252
0.22, 62714
0.23, 62087
0.24, 62016
0.25, 61588
0.26, 61323
0.26, 61295
0.29, 60470
0.29, 59334
0.34, 58648
0.36, 58296
0.39, 57328
0.39, 55925
0.47, 55781
0.56, 55488
0.72, 55464
1.30, 55150
1.37, 54838
1.61, 54731
