0.01, 221523
0.01, 219743
0.01, 215883
0.01, 215360
0.01, 208668
0.01, 207111
0.01, 206717
0.02, 201700
0.02, 201475
0.02, 196887
0.02, 192947
0.02, 190964
0.02, 190286
0.02, 189878
0.02, 187669
0.02, 183993
0.02, 181637
0.02, 181460
0.02, 179739
0.02, 179509
0.03, 175119
0.03, 173468
0.03, 172221
0.03, 170383
0.03, 164028
0.04, 157259
0.04, 150232
0.04, 148738
0.04, 147854
0.05, 145847
0.05, 143780
0.05, 142152
0.05, 138642
0.05, 135072
0.05, 133047
0.05, 130062
0.06, 129474
0.06, 128166
0.06, 125007
0.06, 122801
0.06, 120426
0.06, 119380
0.06, 117883
0.07, 115608
0.07, 114484
0.07, 113454
0.07, 112959
0.07, 111966
0.07, 110752
0.08, 110264
0.08, 109960
0.08, 108365
0.08, 107513
0.09, 105568
0.09, 104979
0.09, 103080
0.09, 100932
0.09, 100079
0.10, 99122
0.10, 98441
0.10, 97206
0.10, 96052
0.10, 95256
0.11, 95161
0.11, 94301
0.11, 92138
0.11, 91813
0.11, 91586
0.11, 91001
0.11, 90220
0.12, 89693
0.12, 89224
0.12, 88267
0.12, 87008
0.12, 86647
0.12, 85470
0.12, 84336
0.13, 84288
0.13, 83976
0.13, 83879
0.13, 82886
0.13, 81120
0.13, 78661
0.13, 77526
0.14, 76969
0.14, 76866
0.14, 75235
0.14, 75109
0.14, 74968
0.14, 74958
0.15, 74505
0.15, 73825
0.15, 73421
0.15, 71779
0.15, 71442
0.15, 71424
0.15, 70976
0.16, 70399
0.16, 70029
0.16, 69810
0.16, 69708
0.16, 69483
0.17, 69306
0.17, 68764
0.18, 68590
0.19, 68146
0.19, 68004
0.19, 67735
0.20, 67657
0.20, 67608
0.21, 67205
0.22, 66866
0.22, 66573
0.23, 65849
0.23, 64058
0.23, 64038
0.24, 63338
0.24, 63286
0.24, 62886
0.25, 62700
0.27, 62389
0.28, 62197
0.29, 61747
0.31, 61070
0.31, 60795
0.36, 60685
0.46, 60580
0.47, 60385
0.48, 60332
0.53, 60215
0.55, 60159
0.58, 60112
0.58, 60082
0.60, 59879
0.65, 59758
0.66, 59577
0.66, 58976
0.76, 58969
0.79, 58771
0.80, 58766
0.86, 57982
0.97, 57967
1.04, 57906
1.07, 57487
1.09, 57430
1.11, 57207
1.22, 57144
1.36, 56852
1.46, 56767
1.70, 56428
1.83, 55548
2.44, 55365
2.51, 55281
2.92, 55126
