0.01, 190898
0.01, 188655
0.01, 181238
0.02, 179909
0.02, 174511
0.03, 171006
0.03, 168791
0.03, 164181
0.03, 161885
0.03, 160098
0.03, 158808
0.04, 157868
0.04, 153995
0.04, 149801
0.04, 143937
0.04, 140576
0.05, 137973
0.05, 136455
0.05, 134168
0.05, 133474
0.05, 130596
0.05, 127674
0.05, 123032
0.06, 121029
0.06, 120670
0.06, 118883
0.06, 118591
0.06, 118588
0.07, 113135
0.07, 111114
0.07, 109143
0.07, 106996
0.07, 103196
0.07, 100903
0.08, 100002
0.08, 99038
0.08, 97534
0.08, 96635
0.09, 95718
0.09, 95476
0.09, 95014
0.09, 94443
0.10, 94123
0.10, 93372
0.10, 91766
0.11, 90810
0.11, 88829
0.11, 86464
0.11, 86160
0.11, 83886
0.12, 83419
0.12, 83055
0.12, 82737
0.13, 82409
0.13, 81461
0.13, 81266
0.14, 80404
0.14, 80244
0.14, 78958
0.14, 78756
0.15, 78693
0.15, 78624
0.15, 77805
0.15, 77784
0.16, 76045
0.16, 75688
0.17, 73356
0.17, 73230
0.17, 73061
0.17, 73039
0.17, 71285
0.17, 69482
0.18, 69201
0.19, 68259
0.19, 67786
0.19, 67750
0.20, 67470
0.20, 66145
0.20, 65430
0.20, 64790
0.24, 64591
0.25, 63977
0.25, 63547
0.26, 63531
0.27, 63359
0.28, 62954
0.31, 61576
0.35, 60962
0.35, 60342
0.38, 59643
0.43, 59297
0.45, 59030
0.51, 58977
0.71, 58760
0.91, 58397
0.93, 58279
1.08, 57140
1.38, 56949
1.52, 56677
1.58, 56651
1.64, 56377
1.68, 55889
2.18, 55782
