0.01, 229382
0.01, 227020
0.01, 225111
0.01, 222647
0.01, 221173
0.01, 215992
0.01, 199241
0.02, 193738
0.02, 185018
0.02, 177454
0.02, 177155
0.02, 177123
0.03, 176708
0.03, 174622
0.04, 162106
0.04, 159049
0.04, 158192
0.04, 157339
0.04, 156658
0.05, 152576
0.05, 147616
0.05, 146687
0.05, 141902
0.05, 137875
0.05, 132701
0.05, 130599
0.05, 125018
0.06, 117508
0.06, 115580
0.06, 115250
0.06, 114845
0.06, 114753
0.07, 110745
0.07, 104263
0.07, 102481
0.07, 98193
0.07, 98056
0.08, 96619
0.08, 96592
0.08, 95866
0.08, 94826
0.09, 93905
0.09, 92957
0.09, 92322
0.09, 92189
0.10, 89259
0.10, 89204
0.10, 87562
0.10, 87343
0.11, 87212
0.11, 86411
0.11, 85153
0.11, 84932
0.12, 84377
0.12, 83679
0.12, 83524
0.12, 82924
0.12, 80870
0.13, 79869
0.13, 79682
0.13, 77679
0.14, 76901
0.14, 76066
0.14, 75646
0.15, 75624
0.16, 75554
0.16, 75456
0.16, 74970
0.17, 74856
0.17, 74556
0.18, 74133
0.18, 73382
0.18, 72902
0.19, 72726
0.19, 70079
0.19, 69604
0.19, 69431
0.19, 68721
0.20, 66900
0.21, 66712
0.21, 66600
0.22, 66088
0.23, 65966
0.25, 65193
0.25, 64394
0.30, 64099
0.31, 63002
0.33, 62667
0.33, 62167
0.34, 62069
0.35, 61538
0.35, 61467
0.36, 61338
0.36, 61293
0.37, 60723
0.39, 60147
0.41, 60057
0.42, 59737
0.43, 59679
0.43, 59592
0.44, 59488
0.44, 58936
0.50, 58845
0.51, 58501
0.61, 58410
0.66, 58219
0.74, 58144
0.78, 57852
0.96, 57673
1.19, 57571
1.36, 57055
1.57, 57019
1.60, 56795
1.68, 56316
1.91, 56060
2.13, 55887
