0.01, 201606
0.01, 196670
0.02, 195916
0.02, 188368
0.02, 182235
0.02, 181382
0.02, 177002
0.02, 175865
0.02, 168244
0.03, 164958
0.03, 162155
0.03, 157411
0.03, 156765
0.03, 152089
0.04, 150263
0.04, 147387
0.04, 141068
0.04, 138343
0.04, 138272
0.04, 137359
0.05, 133656
0.05, 133508
0.05, 133224
0.05, 131309
0.05, 130939
0.05, 130902
0.05, 130777
0.05, 129784
0.05, 126528
0.06, 121728
0.06, 119987
0.06, 116396
0.06, 113264
0.06, 108536
0.06, 107605
0.07, 107416
0.07, 107314
0.07, 106806
0.07, 106040
0.07, 105212
0.07, 102084
0.08, 101029
0.08, 99995
0.08, 97084
0.08, 96080
0.08, 95803
0.09, 94330
0.09, 92752
0.09, 92254
0.09, 92032
0.09, 91119
0.09, 89193
0.10, 89002
0.10, 88417
0.10, 87878
0.10, 87690
0.10, 83898
0.11, 83776
0.11, 81920
0.11, 81339
0.12, 81007
0.12, 79829
0.12, 79490
0.12, 79019
0.12, 78846
0.13, 78151
0.13, 76620
0.13, 76275
0.14, 75574
0.14, 74999
0.14, 73390
0.14, 73227
0.14, 72812
0.14, 71956
0.14, 71899
0.15, 71837
0.15, 71302
0.15, 71168
0.15, 70409
0.15, 69865
0.15, 69177
0.16, 68557
0.16, 68474
0.16, 67502
0.16, 66782
0.17, 66552
0.18, 66049
0.18, 65646
0.18, 65369
0.19, 65274
0.20, 64262
0.20, 64258
0.23, 63996
0.23, 63877
0.23, 63645
0.24, 62802
0.27, 62774
0.28, 62547
0.29, 62198
0.29, 61913
0.30, 61331
0.30, 60920
0.32, 60785
0.32, 60570
0.33, 60492
0.35, 59720
0.42, 59439
0.44, 59199
0.44, 59046
0.45, 58772
0.50, 58621
0.52, 58246
0.54, 57962
0.55, 57360
0.65, 57116
0.67, 56800
0.86, 56740
0.87, 56600
1.07, 56567
1.41, 56331
1.58, 56263
2.75, 55943
2.83, 55884
3.56, 55756
4.55, 55463
