0.01, 214197
0.01, 212716
0.01, 206211
0.01, 205346
0.01, 202241
0.01, 201014
0.01, 200815
0.01, 194424
0.02, 188976
0.02, 185654
0.02, 185009
0.02, 182503
0.02, 181879
0.02, 178795
0.03, 177604
0.03, 177286
0.03, 175415
0.03, 169912
0.03, 169421
0.03, 165105
0.03, 159297
0.04, 157531
0.04, 155919
0.04, 150980
0.04, 150667
0.04, 141521
0.04, 140989
0.04, 139550
0.05, 137175
0.05, 133281
0.05, 131634
0.05, 131589
0.05, 131056
0.05, 130266
0.05, 129078
0.06, 127136
0.06, 126175
0.06, 123169
0.06, 122633
0.06, 120350
0.06, 120219
0.06, 116387
0.07, 115120
0.07, 114139
0.07, 113404
0.07, 111087
0.07, 108296
0.07, 107734
0.08, 106574
0.08, 106215
0.08, 105997
0.08, 105903
0.08, 104970
0.08, 104265
0.09, 103474
0.09, 103128
0.09, 102852
0.09, 102100
0.09, 101501
0.10, 101385
0.10, 100448
0.10, 100129
0.10, 100102
0.10, 98389
0.11, 98002
0.11, 96605
0.11, 95726
0.11, 94394
0.12, 93945
0.12, 93526
0.12, 92528
0.12, 91979
0.12, 91609
0.12, 91114
0.12, 90902
0.12, 90232
0.13, 89399
0.13, 87614
0.13, 87170
0.13, 86987
0.13, 86697
0.13, 83735
0.14, 83284
0.14, 81548
0.14, 80901
0.14, 79902
0.14, 79571
0.14, 78665
0.15, 77448
0.15, 76929
0.15, 76582
0.15, 76520
0.15, 75458
0.16, 74825
0.16, 72012
0.16, 71650
0.16, 71174
0.17, 70649
0.17, 70633
0.17, 70523
0.18, 70375
0.18, 68745
0.18, 68546
0.19, 68185
0.20, 67872
0.21, 67757
0.21, 67642
0.21, 67606
0.22, 67237
0.22, 66935
0.23, 66711
0.23, 65276
0.23, 64952
0.25, 64118
0.26, 63984
0.26, 63966
0.27, 63603
0.29, 63593
0.30, 63463
0.30, 63413
0.31, 62910
0.34, 62725
0.34, 62659
0.35, 61961
0.35, 61184
0.40, 60647
0.41, 60580
0.41, 60123
0.46, 60063
0.48, 59491
0.50, 59273
0.50, 58786
0.66, 58609
0.68, 57982
0.68, 57353
0.82, 56847
1.37, 56760
2.07, 56724
2.48, 56582
2.66, 56289
2.81, 55996
2.81, 55909
4.64, 55849
