0.01, 204586
0.01, 201886
0.01, 201565
0.01, 200828
0.01, 197024
0.01, 196305
0.01, 194331
0.02, 192395
0.02, 187241
0.02, 185937
0.02, 180704
0.03, 175900
0.03, 168411
0.03, 166618
0.03, 161508
0.03, 156809
0.03, 155094
0.04, 151113
0.04, 144571
0.04, 141978
0.04, 141770
0.04, 141456
0.04, 139467
0.05, 139340
0.05, 138388
0.05, 136634
0.05, 134829
0.05, 133043
0.05, 131250
0.05, 130934
0.05, 127549
0.06, 125285
0.06, 123163
0.06, 122938
0.06, 122643
0.06, 120977
0.06, 119984
0.06, 119081
0.06, 110928
0.07, 110839
0.07, 109759
0.07, 107490
0.07, 104442
0.07, 102923
0.08, 102834
0.08, 102367
0.08, 100912
0.08, 99408
0.08, 98736
0.09, 98052
0.09, 97366
0.09, 96978
0.09, 96676
0.09, 94841
0.10, 94630
0.10, 93747
0.10, 91714
0.10, 91349
0.11, 91095
0.11, 89078
0.11, 88623
0.11, 88465
0.11, 86603
0.12, 86438
0.12, 82539
0.12, 81883
0.12, 81762
0.13, 81476
0.13, 81006
0.13, 80757
0.14, 80723
0.14, 80098
0.14, 79788
0.14, 78272
0.15, 77963
0.15, 77685
0.15, 77557
0.16, 76149
0.16, 75152
0.16, 73445
0.17, 73395
0.17, 73124
0.17, 72562
0.17, 71098
0.17, 70970
0.17, 70025
0.18, 68931
0.19, 68100
0.19, 67830
0.19, 67271
0.20, 67205
0.21, 66568
0.21, 66382
0.21, 65345
0.21, 64919
0.22, 64785
0.22, 64102
0.23, 63075
0.26, 62604
0.29, 61776
0.39, 61740
0.45, 61729
0.49, 61687
0.51, 61520
0.52, 60332
0.60, 59633
0.65, 58901
0.66, 57711
0.76, 57610
1.28, 57365
2.94, 57271
3.37, 57168
