0.01, 218840
0.01, 218758
0.01, 212615
0.01, 209132
0.01, 203331
0.02, 196078
0.02, 195301
0.02, 192879
0.02, 186222
0.02, 185296
0.03, 182546
0.03, 180439
0.03, 170877
0.03, 170068
0.03, 169774
0.03, 166986
0.03, 165164
0.04, 161837
0.04, 158097
0.04, 152393
0.04, 151905
0.04, 151830
0.04, 146781
0.04, 146223
0.04, 145851
0.05, 140403
0.05, 137664
0.05, 137288
0.05, 136959
0.05, 134053
0.05, 134045
0.05, 123343
0.06, 122861
0.06, 121822
0.06, 121353
0.06, 118423
0.06, 117458
0.06, 116169
0.07, 115548
0.07, 114786
0.07, 112849
0.07, 111787
0.07, 111517
0.07, 109546
0.07, 109508
0.08, 105659
0.08, 104555
0.08, 104248
0.08, 103034
0.08, 100281
0.08, 97223
0.08, 96401
0.09, 95895
0.09, 95752
0.09, 94487
0.09, 94190
0.09, 93565
0.09, 93539
0.09, 92891
0.10, 92660
0.10, 91873
0.10, 90693
0.10, 90114
0.10, 89667
0.10, 89240
0.10, 88473
0.11, 87902
0.11, 87469
0.11, 86564
0.11, 85709
0.11, 84188
0.11, 84017
0.11, 81773
0.11, 81057
0.12, 80559
0.12, 80243
0.12, 79480
0.12, 79417
0.12, 79149
0.12, 77827
0.12, 77358
0.12, 77287
0.13, 77249
0.13, 75651
0.13, 75010
0.13, 74977
0.13, 74788
0.14, 73609
0.14, 72917
0.14, 72724
0.14, 72489
0.15, 72303
0.15, 72288
0.15, 71788
0.15, 70689
0.15, 70675
0.15, 69977
0.16, 69347
0.16, 67490
0.18, 67305
0.18, 67134
0.19, 66076
0.21, 65291
0.22, 64979
0.25, 64952
0.25, 64175
0.25, 63872
0.25, 63609
0.28, 63489
0.29, 63439
0.30, 63010
0.31, 62790
0.32, 62566
0.33, 62178
0.34, 62149
0.36, 62082
0.40, 61761
0.40, 60066
0.44, 59745
0.47, 59619
0.63, 59418
0.63, 58968
0.65, 58802
0.79, 58791
1.25, 58395
1.45, 58262
1.51, 58210
1.56, 58185
1.74, 57767
1.82, 57426
2.22, 56757
3.19, 56380
