0.01, 213538
0.01, 210604
0.01, 206142
0.01, 204972
0.01, 197863
0.02, 191481
0.02, 190416
0.02, 189632
0.02, 178300
0.03, 177560
0.03, 170719
0.03, 169409
0.03, 167568
0.03, 163221
0.04, 162273
0.04, 162266
0.04, 161831
0.04, 159633
0.04, 158832
0.04, 154866
0.04, 154348
0.05, 151118
0.05, 149740
0.05, 147119
0.05, 146834
0.05, 144208
0.05, 140855
0.06, 140210
0.06, 136134
0.06, 135753
0.06, 132647
0.06, 132107
0.07, 131882
0.07, 128680
0.07, 125393
0.07, 123963
0.07, 121882
0.07, 115527
0.08, 114295
0.08, 113935
0.08, 111163
0.08, 110227
0.08, 110107
0.08, 110052
0.09, 109750
0.09, 108920
0.09, 107358
0.09, 105145
0.10, 103379
0.10, 101710
0.10, 101570
0.10, 101422
0.10, 100798
0.10, 100760
0.10, 97770
0.11, 97003
0.11, 95782
0.11, 95203
0.11, 95099
0.11, 94144
0.11, 94143
0.12, 93501
0.12, 91825
0.12, 91591
0.13, 91489
0.13, 90024
0.13, 88685
0.13, 88505
0.13, 87399
0.14, 87276
0.14, 86716
0.14, 86702
0.14, 85581
0.14, 84766
0.15, 84541
0.15, 83551
0.15, 82785
0.15, 81776
0.15, 81524
0.16, 77442
0.16, 76755
0.16, 76325
0.16, 75033
0.16, 74771
0.16, 74274
0.17, 72978
0.17, 72489
0.17, 71888
0.17, 71832
0.18, 71701
0.18, 71322
0.18, 70664
0.19, 70198
0.19, 69354
0.20, 68939
0.21, 68188
0.21, 67971
0.22, 67894
0.23, 67885
0.23, 67268
0.24, 65943
0.24, 65585
0.25, 65301
0.27, 64843
0.28, 64331
0.29, 63537
0.29, 63215
0.30, 62561
0.31, 62537
0.32, 61947
0.32, 61461
0.33, 61376
0.33, 61252
0.34, 60780
0.34, 60737
0.35, 60722
0.36, 60101
0.38, 59874
0.39, 59775
0.43, 59254
0.51, 58667
0.53, 58361
0.60, 58327
0.66, 58173
0.72, 57547
0.82, 57539
0.84, 56573
1.03, 56521
1.14, 56358
1.17, 56025
1.25, 55942
2.37, 55723
