0.01, 221552
0.01, 221074
0.01, 220651
0.01, 220453
0.01, 219074
0.01, 215865
0.01, 214605
0.01, 214422
0.01, 213302
0.01, 207482
0.02, 204614
0.02, 202586
0.02, 196860
0.02, 195472
0.02, 191075
0.02, 186926
0.03, 186720
0.03, 186195
0.03, 180723
0.03, 180692
0.03, 175788
0.04, 175786
0.04, 174379
0.04, 169863
0.04, 159151
0.04, 158693
0.04, 155672
0.04, 152915
0.04, 149624
0.05, 147017
0.05, 145970
0.05, 144127
0.05, 138875
0.05, 137619
0.05, 136267
0.05, 129714
0.05, 128542
0.06, 128474
0.06, 127816
0.06, 125871
0.06, 125434
0.06, 120971
0.06, 119910
0.06, 117609
0.07, 115722
0.07, 114233
0.07, 114002
0.07, 112570
0.07, 112567
0.07, 112421
0.08, 110438
0.08, 110427
0.08, 109575
0.08, 105539
0.08, 104495
0.09, 103802
0.09, 103646
0.09, 103420
0.09, 102962
0.09, 102859
0.10, 102148
0.10, 99800
0.10, 99557
0.10, 99187
0.10, 98599
0.10, 97113
0.11, 96446
0.11, 92955
0.11, 91479
0.11, 90511
0.11, 89387
0.11, 86326
0.11, 85617
0.12, 84069
0.12, 83432
0.12, 81820
0.12, 81798
0.12, 81223
0.12, 79638
0.13, 78945
0.13, 78398
0.13, 76585
0.14, 76555
0.14, 74898
0.15, 74758
0.15, 74328
0.16, 73710
0.16, 73315
0.16, 72723
0.17, 71153
0.17, 70020
0.17, 69955
0.17, 68534
0.18, 68163
0.18, 68080
0.18, 67491
0.18, 65580
0.19, 65242
0.20, 64073
0.21, 63742
0.25, 63345
0.25, 63128
0.26, 62993
0.27, 62758
0.28, 61565
0.29, 61468
0.32, 61429
0.33, 60586
0.44, 60403
0.45, 59279
0.61, 58636
0.83, 58585
1.18, 58413
1.42, 58233
1.73, 58163
1.76, 58162
1.79, 57337
1.88, 57296
2.13, 57277
2.82, 57242
3.65, 57230
3.83, 57176
3.84, 57130
3.97, 57014
4.44, 56976
