0.01, 211126
0.01, 211118
0.01, 205379
0.01, 204951
0.01, 203158
0.01, 199668
0.01, 197929
0.01, 195423
0.01, 194425
0.01, 192808
0.02, 192362
0.02, 190641
0.02, 188480
0.02, 182046
0.03, 181552
0.03, 178584
0.03, 177039
0.03, 172604
0.03, 171522
0.03, 168625
0.04, 167678
0.04, 163769
0.04, 160707
0.04, 154876
0.04, 154812
0.04, 153737
0.05, 152063
0.05, 149623
0.05, 147142
0.05, 146909
0.05, 144928
0.06, 143854
0.06, 143232
0.06, 141574
0.06, 141308
0.06, 140265
0.06, 138795
0.07, 137363
0.07, 136064
0.07, 128794
0.07, 126430
0.07, 125398
0.08, 124593
0.08, 124337
0.08, 123567
0.08, 123057
0.08, 121790
0.08, 118464
0.08, 116235
0.09, 115936
0.09, 113775
0.09, 111573
0.09, 111201
0.09, 109517
0.10, 105560
0.10, 104746
0.10, 104227
0.10, 104211
0.10, 102421
0.11, 100251
0.11, 99899
0.11, 98417
0.11, 93960
0.11, 92806
0.11, 91976
0.12, 91634
0.12, 91268
0.12, 89721
0.12, 87314
0.12, 86734
0.12, 85280
0.12, 85135
0.12, 84048
0.13, 83788
0.13, 83205
0.13, 82392
0.13, 81667
0.13, 81664
0.13, 80778
0.13, 80184
0.13, 77958
0.13, 76096
0.14, 75169
0.14, 75127
0.14, 75059
0.14, 74870
0.14, 73786
0.14, 73189
0.15, 71572
0.15, 71237
0.15, 71207
0.15, 70336
0.16, 68927
0.16, 68348
0.16, 67661
0.17, 66537
0.18, 66293
0.18, 65702
0.19, 65382
0.19, 64561
0.20, 63852
0.20, 63194
0.22, 62312
0.26, 62289
0.28, 62236
0.30, 61668
0.31, 61625
0.32, 61050
0.34, 60814
0.68, 60363
0.69, 59668
0.82, 59199
0.95, 59156
0.97, 58806
0.98, 58311
1.00, 58226
1.39, 58032
1.48, 57813
1.82, 57482
2.14, 57318
2.22, 56651
2.35, 56397
2.35, 55997
2.53, 55820
2.93, 55696
3.05, 55660
