0.02, 211668
0.02, 209145
0.02, 204399
0.02, 201323
0.02, 193765
0.02, 192710
0.02, 192444
0.02, 189103
0.03, 185161
0.03, 185128
0.03, 182573
0.03, 176510
0.03, 169936
0.03, 167413
0.03, 166837
0.03, 153349
0.03, 153034
0.05, 150491
0.05, 149413
0.05, 149017
0.05, 148684
0.05, 147239
0.05, 138424
0.05, 137942
0.05, 134958
0.06, 134014
0.06, 131039
0.06, 128850
0.06, 128041
0.06, 125774
0.06, 125605
0.06, 123836
0.06, 121562
0.08, 121553
0.08, 120069
0.08, 117525
0.08, 115324
0.08, 113420
0.08, 111624
0.08, 111036
0.08, 110973
0.09, 107079
0.09, 106418
0.09, 105899
0.09, 104376
0.09, 102714
0.09, 100971
0.09, 99381
0.09, 99005
0.11, 97459
0.11, 96320
0.11, 95962
0.11, 95465
0.11, 94875
0.11, 93074
0.11, 92558
0.11, 91165
0.13, 91049
0.13, 89740
0.13, 87472
0.13, 86978
0.13, 86630
0.13, 86271
0.14, 85975
0.14, 85598
0.14, 84953
0.14, 84530
0.14, 83931
0.14, 83737
0.14, 82440
0.14, 82268
0.14, 82085
0.14, 81407
0.14, 80949
0.16, 80487
0.16, 80219
0.16, 79619
0.16, 79614
0.16, 78729
0.16, 76093
0.16, 74877
0.16, 74567
0.17, 74218
0.17, 73974
0.17, 72954
0.19, 68697
0.19, 68186
0.19, 67346
0.20, 65856
0.20, 65782
0.22, 65442
0.22, 64779
0.23, 64099
0.23, 64050
0.27, 63881
0.27, 63510
0.27, 63355
0.27, 62794
0.28, 62715
0.28, 62657
0.28, 62255
0.30, 62128
0.34, 61977
0.34, 61364
0.36, 60994
0.37, 60772
0.37, 60273
0.47, 60212
0.48, 59753
0.52, 59658
0.61, 59433
0.69, 59210
0.85, 58071
1.00, 57215
1.15, 56519
1.25, 56361
1.41, 56087
1.66, 55731
