0.01, 218502
0.01, 213813
0.01, 210449
0.01, 204086
0.01, 204007
0.01, 203721
0.01, 203702
0.02, 199096
0.02, 188395
0.03, 184436
0.03, 184134
0.03, 181894
0.03, 180114
0.03, 179454
0.03, 177322
0.03, 175699
0.03, 173410
0.03, 169741
0.03, 169080
0.04, 164473
0.04, 163445
0.04, 162153
0.04, 161283
0.05, 157838
0.05, 157220
0.05, 145318
0.05, 143621
0.05, 141351
0.05, 139557
0.06, 137676
0.06, 137563
0.06, 137198
0.06, 136813
0.06, 134543
0.06, 134542
0.06, 127063
0.07, 126435
0.07, 121801
0.07, 121284
0.07, 121013
0.07, 120964
0.07, 120524
0.07, 120368
0.07, 119761
0.08, 118859
0.08, 116393
0.08, 113683
0.08, 110844
0.08, 110676
0.08, 109677
0.08, 108301
0.08, 104970
0.09, 101040
0.09, 99422
0.09, 98888
0.09, 98157
0.09, 97719
0.09, 97472
0.10, 96728
0.10, 96349
0.10, 96114
0.10, 94565
0.11, 92977
0.11, 92885
0.11, 91900
0.11, 91236
0.11, 90492
0.12, 90381
0.12, 89492
0.12, 88222
0.12, 85159
0.12, 83567
0.13, 81287
0.13, 81190
0.13, 80779
0.13, 79770
0.13, 78381
0.13, 76105
0.13, 75994
0.14, 75650
0.14, 75490
0.14, 74570
0.14, 73712
0.14, 73106
0.14, 73038
0.14, 72414
0.15, 70707
0.15, 69968
0.16, 68624
0.16, 68341
0.16, 68178
0.16, 68037
0.16, 68027
0.17, 67607
0.17, 66762
0.17, 66642
0.17, 66121
0.18, 64547
0.18, 64138
0.18, 63268
0.20, 62196
0.21, 62105
0.23, 60904
0.25, 60853
0.26, 60238
0.27, 60145
0.28, 59322
0.28, 59162
0.29, 58679
0.30, 58243
0.32, 57576
0.33, 57538
0.36, 57491
0.37, 57253
0.42, 57183
0.48, 57067
0.49, 56747
0.63, 56554
0.69, 56383
0.94, 56186
1.17, 56061
