0.01, 214659
0.01, 213801
0.01, 213416
0.01, 213188
0.01, 207305
0.01, 205154
0.01, 203034
0.01, 200968
0.01, 197187
0.01, 193373
0.02, 190669
0.02, 190219
0.02, 189209
0.02, 189168
0.02, 187226
0.02, 186054
0.02, 185167
0.03, 181992
0.03, 181938
0.03, 179907
0.03, 179157
0.03, 177919
0.04, 177884
0.04, 176845
0.04, 172485
0.04, 170719
0.05, 169056
0.05, 168800
0.05, 166384
0.05, 162769
0.05, 160240
0.05, 159940
0.05, 159085
0.06, 156590
0.06, 154694
0.06, 153854
0.06, 149638
0.06, 144398
0.06, 144321
0.06, 143042
0.07, 142751
0.07, 141730
0.07, 138514
0.07, 138274
0.07, 137417
0.08, 136065
0.08, 134596
0.08, 131923
0.08, 131276
0.08, 128263
0.09, 127386
0.09, 127385
0.09, 125488
0.09, 124458
0.09, 120453
0.10, 120123
0.10, 119918
0.10, 119090
0.10, 116344
0.10, 116218
0.11, 115156
0.11, 113802
0.11, 112403
0.11, 109913
0.11, 108497
0.12, 107259
0.12, 105560
0.12, 104117
0.12, 103036
0.12, 100603
0.12, 97847
0.12, 95727
0.13, 94547
0.13, 93093
0.13, 92880
0.13, 91901
0.13, 91308
0.13, 91047
0.13, 90772
0.14, 90064
0.14, 88095
0.14, 87998
0.14, 87713
0.14, 87506
0.14, 87078
0.15, 85674
0.15, 85391
0.15, 85109
0.15, 83893
0.15, 83707
0.15, 83062
0.15, 83059
0.15, 82920
0.15, 82453
0.16, 81650
0.16, 81267
0.16, 79629
0.16, 78064
0.16, 78022
0.16, 77730
0.16, 77495
0.17, 77280
0.17, 74842
0.17, 74023
0.17, 73687
0.18, 72386
0.18, 72259
0.19, 71161
0.19, 71081
0.20, 70596
0.20, 70038
0.20, 69785
0.21, 69225
0.21, 68271
0.21, 67209
0.22, 66472
0.22, 65549
0.23, 65507
0.23, 64697
0.25, 64352
0.31, 64209
0.32, 63776
0.38, 63170
0.40, 63036
0.41, 62740
0.43, 61913
0.46, 61879
0.49, 60963
0.55, 60733
0.55, 60397
0.56, 60108
0.61, 59974
0.64, 59758
0.72, 59067
0.79, 58909
0.96, 58885
0.98, 58733
1.01, 58232
1.13, 57594
1.50, 57271
1.63, 56704
