0.01, 214964
0.01, 214422
0.01, 212700
0.01, 210565
0.01, 210440
0.01, 209689
0.01, 208210
0.01, 206508
0.01, 199364
0.02, 197361
0.02, 191223
0.02, 188239
0.02, 184998
0.02, 184748
0.02, 184195
0.03, 183755
0.03, 174634
0.03, 173982
0.03, 172580
0.03, 171725
0.03, 167499
0.03, 166640
0.04, 165829
0.04, 163431
0.04, 159972
0.04, 158080
0.04, 155712
0.04, 155475
0.05, 151833
0.05, 149594
0.05, 146183
0.05, 142618
0.05, 142229
0.05, 140754
0.05, 140061
0.05, 138508
0.05, 137827
0.06, 133806
0.06, 133771
0.06, 132487
0.06, 131815
0.06, 126762
0.06, 126463
0.06, 125416
0.07, 118520
0.07, 118264
0.07, 118195
0.07, 116665
0.07, 115219
0.07, 111367
0.07, 110899
0.08, 109725
0.08, 107482
0.08, 107084
0.08, 105122
0.08, 103134
0.08, 101350
0.08, 98858
0.08, 97041
0.09, 96584
0.09, 95853
0.09, 95040
0.09, 93806
0.09, 91558
0.10, 91293
0.10, 91179
0.10, 90156
0.10, 88812
0.11, 88391
0.11, 87569
0.11, 86101
0.11, 85391
0.11, 83733
0.11, 83488
0.12, 82220
0.12, 81600
0.12, 80211
0.12, 79332
0.12, 78016
0.13, 77738
0.13, 77026
0.13, 76945
0.13, 76216
0.13, 75406
0.14, 74376
0.15, 73558
0.16, 73507
0.16, 73346
0.16, 73316
0.16, 71308
0.17, 70715
0.17, 70386
0.18, 70327
0.20, 70260
0.23, 70254
0.24, 69891
0.24, 69598
0.24, 69423
0.24, 68583
0.24, 67931
0.25, 67771
0.25, 66577
0.25, 65707
0.25, 65204
0.27, 64400
0.28, 63472
0.29, 63200
0.31, 62962
0.31, 62806
0.33, 62387
0.34, 61222
0.37, 61065
0.40, 60732
0.40, 60607
0.41, 60415
0.41, 60349
0.44, 60163
0.46, 60116
0.48, 59354
0.49, 58837
0.51, 58454
0.55, 58383
0.57, 58349
0.76, 58077
0.76, 57962
0.90, 57552
0.97, 57467
1.09, 57252
1.30, 57014
