0.00, 211621
0.01, 209611
0.01, 206380
0.01, 206196
0.01, 205526
0.01, 203798
0.01, 201420
0.02, 201137
0.02, 200389
0.02, 199836
0.02, 199337
0.02, 198986
0.02, 198531
0.02, 198471
0.02, 188561
0.03, 184782
0.03, 181443
0.03, 180919
0.03, 177910
0.03, 177105
0.04, 175513
0.04, 175015
0.04, 174597
0.04, 172312
0.04, 168734
0.05, 164588
0.05, 163449
0.05, 157089
0.05, 155673
0.05, 155188
0.05, 154859
0.05, 147449
0.05, 147337
0.06, 146961
0.06, 145290
0.06, 144594
0.06, 144023
0.06, 142181
0.06, 135776
0.07, 134403
0.07, 134213
0.07, 133662
0.07, 133050
0.07, 130686
0.07, 125129
0.07, 124020
0.08, 123883
0.08, 119756
0.08, 119307
0.08, 119210
0.08, 114988
0.08, 114228
0.08, 113863
0.09, 111763
0.09, 110630
0.09, 110589
0.09, 110153
0.09, 110095
0.09, 106698
0.10, 106042
0.10, 105452
0.10, 101943
0.10, 99587
0.10, 97832
0.10, 93841
0.11, 93306
0.11, 92536
0.11, 92396
0.11, 91805
0.11, 91138
0.12, 91130
0.12, 90072
0.12, 89956
0.12, 89903
0.12, 89612
0.13, 89507
0.13, 88503
0.13, 85318
0.13, 84884
0.13, 84804
0.14, 83639
0.14, 82759
0.14, 80426
0.14, 80379
0.14, 79844
0.14, 77547
0.14, 75189
0.15, 74706
0.16, 73648
0.16, 72881
0.16, 72235
0.16, 71717
0.17, 71090
0.17, 71045
0.17, 69855
0.18, 69853
0.18, 69538
0.18, 69056
0.18, 68294
0.18, 67292
0.19, 66439
0.19, 65349
0.19, 65256
0.20, 65214
0.20, 64253
0.22, 63917
0.23, 63266
0.24, 63236
0.25, 62966
0.25, 62817
0.26, 62708
0.28, 62586
0.29, 62502
0.30, 62279
0.34, 62245
0.35, 61786
0.37, 61650
0.43, 61597
0.44, 61086
0.47, 60986
0.50, 60811
0.51, 60493
0.56, 59930
0.56, 59545
0.59, 59141
0.88, 58986
0.89, 58960
0.93, 58909
0.97, 58731
0.97, 58479
1.03, 58262
1.07, 58015
1.44, 57937
1.64, 57599
1.68, 57453
1.88, 57362
1.90, 57281
2.17, 57277
2.23, 56649
5.55, 56293
