0.01, 213375
0.01, 213179
0.01, 209447
0.01, 203103
0.01, 199928
0.01, 199752
0.01, 195664
0.02, 195395
0.02, 193846
0.02, 193446
0.02, 190310
0.02, 185642
0.02, 185627
0.03, 183323
0.03, 182130
0.03, 177776
0.03, 175504
0.03, 170412
0.03, 164308
0.04, 160066
0.04, 159184
0.04, 158932
0.04, 158094
0.04, 157389
0.04, 154870
0.04, 154378
0.04, 151871
0.04, 150464
0.05, 147776
0.05, 147529
0.05, 143214
0.05, 135399
0.05, 134965
0.06, 134363
0.06, 128425
0.06, 126234
0.06, 124689
0.06, 124539
0.06, 123619
0.07, 123250
0.07, 120079
0.07, 118862
0.07, 118675
0.07, 116771
0.07, 115510
0.08, 111035
0.08, 110113
0.08, 109858
0.08, 107895
0.08, 106909
0.08, 105696
0.08, 105052
0.09, 104162
0.09, 104134
0.09, 101860
0.09, 101802
0.09, 101197
0.09, 100474
0.09, 100420
0.09, 99821
0.09, 98140
0.10, 97794
0.10, 96729
0.10, 96200
0.10, 94948
0.11, 94514
0.11, 93987
0.11, 93861
0.11, 91762
0.12, 91157
0.12, 91085
0.12, 90788
0.12, 90687
0.12, 89885
0.12, 88019
0.12, 87418
0.13, 87181
0.13, 86808
0.13, 86092
0.13, 85665
0.13, 85581
0.13, 82164
0.13, 80412
0.13, 79799
0.14, 78074
0.14, 77989
0.14, 77958
0.14, 77635
0.14, 77625
0.15, 77068
0.15, 77011
0.15, 76612
0.15, 75398
0.15, 74936
0.15, 74350
0.16, 73251
0.16, 72381
0.16, 72262
0.16, 71852
0.17, 71843
0.17, 71174
0.17, 69523
0.17, 69413
0.18, 69233
0.18, 68857
0.18, 68843
0.18, 68759
0.19, 67965
0.20, 67778
0.21, 66002
0.21, 65259
0.22, 64890
0.24, 64799
0.26, 64734
0.26, 63565
0.27, 63469
0.28, 63414
0.28, 63276
0.29, 63074
0.30, 62763
0.36, 62698
0.37, 62327
0.38, 62057
0.38, 61834
0.42, 61723
0.43, 60541
0.49, 60151
0.54, 60108
0.63, 59832
0.68, 59573
0.74, 58814
0.78, 58643
0.81, 58385
0.88, 58351
0.94, 58268
0.95, 58227
1.01, 57161
2.21, 56941
