0.01, 227769
0.01, 212203
0.01, 212194
0.01, 201780
0.01, 200276
0.01, 199958
0.01, 191065
0.01, 183109
0.02, 181488
0.02, 179967
0.03, 177608
0.03, 177181
0.03, 175516
0.03, 172916
0.03, 169283
0.03, 167250
0.04, 166329
0.04, 165242
0.04, 164220
0.04, 163970
0.04, 160421
0.04, 155118
0.05, 153439
0.05, 152818
0.05, 150615
0.05, 150328
0.05, 148859
0.05, 148569
0.05, 148335
0.05, 146661
0.05, 143926
0.06, 143117
0.06, 138172
0.06, 138127
0.06, 136617
0.06, 136551
0.06, 134585
0.07, 134580
0.07, 133835
0.07, 132122
0.07, 128463
0.07, 124856
0.07, 121334
0.07, 119785
0.08, 119426
0.08, 119154
0.08, 118748
0.08, 117400
0.08, 116004
0.09, 115863
0.09, 114785
0.09, 113757
0.09, 111154
0.09, 109718
0.09, 107988
0.10, 103744
0.10, 102324
0.10, 101986
0.10, 101692
0.10, 101583
0.11, 100175
0.11, 99590
0.11, 99331
0.11, 98955
0.11, 98868
0.12, 96487
0.12, 94987
0.12, 94917
0.12, 93802
0.12, 93689
0.12, 93505
0.12, 92525
0.13, 91577
0.13, 91533
0.13, 86022
0.13, 84979
0.14, 84206
0.14, 84196
0.14, 84044
0.14, 83493
0.14, 83356
0.14, 82509
0.14, 81822
0.14, 81291
0.15, 79983
0.15, 79366
0.15, 78113
0.15, 77906
0.15, 76653
0.16, 76566
0.16, 76560
0.16, 75899
0.16, 73811
0.16, 73432
0.16, 72540
0.17, 70692
0.17, 70524
0.17, 70065
0.18, 69882
0.18, 69612
0.19, 69213
0.20, 68878
0.20, 68771
0.20, 68523
0.21, 67830
0.21, 67790
0.21, 67548
0.23, 67396
0.23, 65966
0.24, 65271
0.25, 65194
0.25, 64892
0.26, 64880
0.26, 64220
0.26, 63916
0.27, 63351
0.27, 63270
0.29, 63197
0.29, 62982
0.30, 62900
0.30, 62316
0.31, 62002
0.31, 61706
0.32, 61194
0.32, 61009
0.33, 60746
0.34, 60694
0.35, 60663
0.41, 60298
0.41, 59997
0.41, 59885
0.43, 59042
0.45, 58857
0.45, 58125
0.46, 58034
0.46, 57153
0.49, 56851
0.97, 56760
