0.01, 199489
0.01, 198255
0.01, 196553
0.01, 189506
0.01, 189504
0.01, 182030
0.02, 179512
0.02, 174574
0.02, 161746
0.03, 158745
0.03, 157016
0.03, 154948
0.03, 154248
0.04, 154143
0.04, 148585
0.04, 146136
0.04, 144536
0.05, 140777
0.05, 139699
0.05, 137509
0.05, 136919
0.05, 136138
0.06, 135853
0.06, 129576
0.06, 127549
0.06, 126097
0.06, 123084
0.06, 122173
0.07, 122149
0.07, 119446
0.07, 117757
0.07, 117176
0.07, 112380
0.07, 109097
0.07, 100222
0.08, 98434
0.08, 96201
0.08, 94329
0.08, 94278
0.08, 90880
0.09, 90165
0.09, 89325
0.09, 85618
0.09, 84422
0.09, 83102
0.10, 82467
0.10, 82188
0.10, 81680
0.10, 81002
0.11, 79997
0.11, 78921
0.11, 78369
0.12, 78340
0.12, 77730
0.12, 77364
0.12, 76618
0.13, 76036
0.13, 75837
0.13, 75207
0.14, 74934
0.14, 74797
0.14, 73877
0.15, 73412
0.15, 73047
0.15, 72961
0.15, 72369
0.15, 72033
0.16, 71382
0.16, 71256
0.16, 69796
0.17, 69593
0.17, 69169
0.17, 68280
0.17, 68139
0.17, 67520
0.19, 67393
0.19, 67344
0.22, 66868
0.22, 66718
0.23, 66617
0.24, 66479
0.25, 66161
0.28, 65886
0.30, 65718
0.30, 65169
0.32, 64721
0.33, 64669
0.33, 64436
0.34, 64303
0.37, 62745
0.41, 62647
0.46, 62460
0.47, 62456
0.47, 62234
0.48, 62054
0.51, 61814
0.52, 61286
0.55, 61031
0.57, 60920
0.60, 60347
0.61, 60122
0.67, 60096
0.68, 60085
0.77, 59900
0.77, 59664
0.79, 59557
0.81, 59554
1.00, 59476
1.01, 59412
1.06, 58889
1.11, 58441
1.18, 57712
1.30, 57675
1.43, 57484
1.46, 56712
1.49, 56680
1.53, 56325
1.62, 55958
1.68, 55823
2.09, 55702
2.10, 55509
3.21, 55494
5.51, 55473
7.93, 55110
