0.01, 222604
0.01, 222410
0.01, 222109
0.01, 215704
0.01, 214843
0.01, 211240
0.01, 210454
0.02, 208803
0.02, 208688
0.02, 208604
0.02, 202746
0.02, 200933
0.02, 196177
0.02, 196080
0.02, 193521
0.02, 189031
0.03, 188498
0.03, 185668
0.03, 185315
0.03, 181084
0.03, 180490
0.04, 179597
0.04, 178601
0.04, 174329
0.04, 173789
0.04, 172336
0.04, 166620
0.04, 164704
0.04, 163467
0.04, 163340
0.04, 162022
0.05, 160749
0.05, 160548
0.05, 158419
0.05, 154534
0.05, 154197
0.05, 144633
0.05, 144379
0.06, 142962
0.06, 140988
0.06, 133477
0.06, 132998
0.06, 130781
0.06, 129603
0.07, 125734
0.07, 119384
0.07, 118713
0.07, 116981
0.07, 116799
0.07, 111184
0.07, 111166
0.08, 110043
0.08, 108102
0.08, 106808
0.08, 106742
0.08, 104528
0.08, 99877
0.09, 97695
0.09, 95854
0.09, 95793
0.09, 94116
0.09, 93547
0.10, 91514
0.10, 89050
0.10, 88405
0.10, 88150
0.10, 86986
0.11, 85865
0.11, 84275
0.11, 82718
0.12, 82559
0.12, 80560
0.12, 79385
0.12, 78097
0.13, 77696
0.13, 75433
0.14, 74746
0.14, 73626
0.15, 73546
0.15, 72027
0.15, 70463
0.15, 69261
0.15, 69038
0.16, 68452
0.17, 67894
0.18, 65917
0.18, 64660
0.18, 64560
0.21, 64014
0.21, 63909
0.23, 63781
0.24, 63688
0.25, 63096
0.29, 63046
0.32, 63038
0.32, 62316
0.36, 61810
0.37, 61373
0.38, 61107
0.39, 60286
0.45, 60142
0.46, 59590
0.51, 59523
0.56, 59135
0.63, 58865
0.73, 58768
0.73, 58731
0.85, 58228
0.91, 58150
0.95, 58099
1.01, 57439
1.13, 57421
1.46, 57380
1.60, 57000
1.90, 56965
4.16, 56941
4.23, 56628
