0.01, 213683
0.01, 213183
0.01, 208572
0.01, 203368
0.01, 201096
0.01, 201055
0.01, 194462
0.01, 191058
0.01, 190642
0.01, 184961
0.02, 180609
0.02, 179941
0.02, 176785
0.02, 176515
0.03, 173937
0.03, 172812
0.03, 170877
0.03, 167489
0.03, 167415
0.03, 165330
0.04, 159747
0.04, 157572
0.04, 157193
0.04, 157060
0.04, 154363
0.04, 152404
0.04, 151790
0.05, 151134
0.05, 150979
0.05, 148285
0.05, 145581
0.05, 144674
0.06, 140464
0.06, 137534
0.06, 136701
0.06, 135539
0.06, 135084
0.06, 132546
0.06, 131317
0.06, 129390
0.06, 126674
0.07, 126574
0.07, 123432
0.07, 122547
0.07, 121492
0.08, 116830
0.08, 116154
0.08, 115595
0.08, 114829
0.08, 114221
0.08, 112663
0.08, 109894
0.09, 108434
0.09, 106556
0.09, 105202
0.09, 104817
0.09, 102838
0.09, 102398
0.10, 101586
0.10, 100900
0.10, 100771
0.10, 100585
0.10, 98884
0.10, 97921
0.11, 96060
0.11, 95192
0.11, 93773
0.11, 92072
0.11, 91608
0.12, 88628
0.12, 86026
0.12, 84590
0.12, 84335
0.12, 83465
0.12, 81899
0.13, 81416
0.13, 81115
0.13, 80770
0.13, 80668
0.13, 80428
0.13, 80329
0.13, 80232
0.14, 79514
0.14, 79421
0.14, 78574
0.14, 77781
0.14, 77184
0.14, 76852
0.15, 76306
0.15, 76251
0.15, 74792
0.15, 73806
0.15, 73517
0.15, 72481
0.16, 72072
0.16, 71825
0.16, 71509
0.17, 71323
0.17, 70726
0.17, 69550
0.18, 69105
0.18, 69096
0.19, 68657
0.19, 68580
0.19, 68311
0.19, 68298
0.20, 66975
0.20, 66795
0.21, 66312
0.22, 66290
0.22, 65740
0.23, 65163
0.23, 64670
0.25, 64207
0.25, 64198
0.25, 63550
0.26, 63061
0.27, 62745
0.27, 62715
0.27, 62433
0.29, 62096
0.29, 61965
0.30, 61177
0.32, 60955
0.33, 60725
0.35, 60540
0.41, 60503
0.42, 60337
0.44, 60249
0.44, 59751
0.47, 59339
0.48, 58850
0.53, 58250
0.74, 57764
0.86, 56879
1.16, 56829
1.29, 56777
1.79, 56756
2.04, 56463
