0.00, 3542159
0.02, 3528018
0.02, 3448529
0.02, 3269049
0.02, 2728909
0.03, 2701627
0.03, 2686808
0.03, 2615574
0.03, 2590803
0.03, 2547505
0.05, 2517953
0.05, 2506339
0.05, 2505809
0.06, 2490740
0.06, 2362854
0.06, 2360678
0.06, 2346109
0.06, 2336906
0.06, 2300149
0.08, 2217824
0.08, 2204590
0.08, 2154161
0.08, 2126349
0.08, 2124618
0.08, 2112973
0.11, 2083838
0.13, 2036664
0.13, 2028836
0.14, 2026551
0.14, 2025162
0.14, 1952645
0.16, 1936302
0.17, 1931754
0.17, 1907435
0.17, 1901999
0.19, 1901482
0.20, 1875419
0.20, 1856395
0.22, 1855081
0.23, 1850612
0.25, 1844074
0.27, 1843375
0.27, 1831405
0.27, 1819444
0.27, 1816852
0.27, 1814244
0.28, 1807056
0.28, 1756409
0.28, 1755101
0.30, 1745185
0.30, 1740012
0.30, 1736523
0.31, 1718463
0.31, 1707817
0.31, 1700669
0.33, 1700027
0.33, 1697317
0.33, 1693214
0.36, 1649960
0.36, 1642043
0.38, 1641577
0.38, 1564869
0.39, 1563658
0.41, 1514779
0.44, 1507591
0.44, 1507276
0.45, 1501858
0.47, 1501290
0.53, 1497843
0.55, 1496106
0.59, 1487936
0.61, 1485636
0.63, 1484507
0.66, 1482710
0.67, 1482555
0.86, 1478381
1.00, 1477813
1.12, 1468888
1.16, 1465611
1.20, 1462345
1.22, 1461288
1.23, 1456918
1.25, 1456161
1.34, 1455624
1.39, 1453605
1.39, 1436747
1.41, 1434445
1.41, 1428859
1.44, 1422662
1.44, 1420362
1.45, 1418875
1.58, 1415759
1.61, 1415585
1.66, 1404549
1.81, 1401831
