0.02, 3572219
0.02, 3552906
0.02, 3513505
0.02, 3452654
0.02, 3082806
0.03, 2943411
0.03, 2902103
0.03, 2871583
0.05, 2867765
0.05, 2860289
0.06, 2817401
0.06, 2768795
0.06, 2753142
0.06, 2712447
0.06, 2453116
0.06, 2419185
0.08, 2349716
0.08, 2196373
0.08, 2192040
0.08, 2188512
0.08, 2180681
0.08, 2180265
0.08, 2045368
0.08, 2025182
0.08, 2003981
0.08, 1988404
0.09, 1984603
0.09, 1952476
0.09, 1944160
0.09, 1865583
0.09, 1853162
0.11, 1848792
0.13, 1825813
0.13, 1798260
0.16, 1796230
0.19, 1795085
0.19, 1794021
0.20, 1785961
0.20, 1774414
0.22, 1758891
0.23, 1755910
0.23, 1738219
0.23, 1737419
0.23, 1733395
0.25, 1588744
0.25, 1577850
0.27, 1574001
0.30, 1567729
0.31, 1566048
0.31, 1555021
0.41, 1554769
0.42, 1554313
0.44, 1538330
0.45, 1524609
0.45, 1524195
0.52, 1520103
0.75, 1517786
0.89, 1498820
0.92, 1489990
0.95, 1456387
0.98, 1447305
1.02, 1443647
1.02, 1442879
1.14, 1435195
1.19, 1432012
1.98, 1430696
2.02, 1427860
2.11, 1415087
2.19, 1414519
2.44, 1409057
2.48, 1407851
2.58, 1406649
2.61, 1405095
2.80, 1401831
