0.00, 3709961
0.02, 3651731
0.02, 3605855
0.02, 3573118
0.02, 3491088
0.03, 3112656
0.03, 2995157
0.03, 2989082
0.03, 2934133
0.03, 2902281
0.03, 2898176
0.03, 2898150
0.03, 2728061
0.03, 2485421
0.05, 2480254
0.05, 2435706
0.08, 2429539
0.08, 2429095
0.08, 2371331
0.09, 2365650
0.09, 2317721
0.09, 2307869
0.13, 2299926
0.14, 2297411
0.14, 2294905
0.14, 2292841
0.14, 2270737
0.16, 2266787
0.16, 2261777
0.16, 2170807
0.16, 2048039
0.16, 2038120
0.17, 2037174
0.17, 2011658
0.17, 1988663
0.17, 1988333
0.17, 1982279
0.19, 1977188
0.20, 1973094
0.20, 1954134
0.23, 1950870
0.23, 1908378
0.23, 1904112
0.25, 1885475
0.27, 1838729
0.27, 1825651
0.27, 1791725
0.28, 1790204
0.28, 1789466
0.30, 1781916
0.30, 1730862
0.31, 1728251
0.34, 1715583
0.38, 1713225
0.39, 1701420
0.41, 1694087
0.41, 1692421
0.41, 1686127
0.41, 1677694
0.41, 1617132
0.42, 1594449
0.42, 1593703
0.44, 1534800
0.48, 1521741
0.48, 1521236
0.52, 1504932
0.53, 1487088
0.59, 1485142
0.63, 1482712
0.63, 1480693
0.67, 1479022
0.67, 1478363
0.72, 1468675
0.78, 1466970
0.86, 1463509
0.88, 1462941
0.91, 1411561
1.41, 1411078
1.52, 1409401
49.43, 1407449
49.46, 1405923
49.46, 1401831
