0.00, 3529152
0.02, 3141228
0.02, 3127584
0.03, 3113023
0.03, 2666409
0.03, 2630282
0.03, 2628914
0.03, 2627952
0.03, 2615717
0.05, 2464553
0.08, 2411587
0.08, 2390877
0.08, 2176482
0.09, 2172408
0.09, 2163067
0.09, 2137646
0.09, 2092423
0.09, 2091808
0.11, 2088208
0.11, 2040591
0.11, 2019254
0.11, 2008770
0.11, 1968143
0.11, 1967046
0.14, 1923937
0.16, 1922239
0.16, 1890893
0.19, 1880436
0.19, 1872561
0.19, 1841370
0.22, 1835700
0.22, 1829066
0.23, 1814625
0.23, 1811214
0.23, 1796768
0.27, 1792986
0.30, 1739773
0.33, 1734109
0.34, 1727588
0.36, 1722418
0.41, 1718257
0.41, 1714655
0.42, 1708461
0.45, 1706510
0.45, 1666059
0.47, 1661303
0.47, 1655683
0.47, 1645484
0.47, 1634666
0.48, 1579574
0.48, 1568763
0.48, 1562261
0.48, 1548745
0.48, 1526145
0.52, 1515840
0.53, 1512667
0.55, 1479064
0.56, 1477729
0.59, 1470914
0.63, 1468285
0.63, 1463609
0.63, 1455336
0.69, 1452552
0.80, 1451497
0.81, 1446647
0.83, 1443714
0.83, 1442697
0.84, 1440651
0.86, 1437395
0.86, 1436736
0.94, 1434875
0.94, 1432856
1.02, 1432843
1.06, 1416860
1.09, 1415155
1.28, 1415068
1.39, 1410452
1.47, 1409884
1.64, 1409401
34.68, 1404820
34.70, 1401831
