0.00, 3770991
0.02, 3183958
0.02, 3173249
0.02, 3171021
0.03, 3152119
0.03, 3118461
0.03, 2987755
0.03, 2722683
0.03, 2586561
0.03, 2574458
0.05, 2556181
0.05, 2403502
0.05, 2390526
0.05, 2360200
0.06, 2351221
0.06, 2321117
0.06, 2308470
0.06, 2299042
0.08, 2222966
0.08, 2182592
0.09, 2157012
0.09, 2150977
0.11, 2109185
0.11, 2088022
0.11, 2080912
0.13, 2075746
0.13, 2048058
0.14, 2039594
0.14, 2021570
0.16, 2016938
0.16, 2012685
0.16, 2004732
0.16, 1999232
0.16, 1995089
0.16, 1994809
0.19, 1989899
0.19, 1979611
0.19, 1977247
0.20, 1968909
0.20, 1968488
0.20, 1954139
0.20, 1919788
0.22, 1917298
0.22, 1913982
0.22, 1913978
0.22, 1907302
0.27, 1794097
0.27, 1782430
0.27, 1778558
0.28, 1772224
0.28, 1759705
0.28, 1749990
0.28, 1737308
0.30, 1719307
0.30, 1706911
0.30, 1677238
0.30, 1671861
0.33, 1671734
0.33, 1665087
0.34, 1656833
0.39, 1616740
0.41, 1613673
0.44, 1606858
0.45, 1605134
0.48, 1592511
0.50, 1567094
0.53, 1565819
0.53, 1548988
0.63, 1547865
0.66, 1540622
0.69, 1524639
0.69, 1509787
0.70, 1502430
0.70, 1502409
0.72, 1499145
0.75, 1496401
0.77, 1483551
0.78, 1482345
0.81, 1466381
0.84, 1463624
0.89, 1460360
1.00, 1454192
1.14, 1451763
1.67, 1417870
1.69, 1413928
1.72, 1411628
18.06, 1411109
18.07, 1411071
18.39, 1408210
18.42, 1402307
18.53, 1400857
18.53, 1395981
