0.02, 3611643
0.02, 3574987
0.02, 3347245
0.02, 3337756
0.02, 3279472
0.02, 3262000
0.02, 3244443
0.02, 3173237
0.03, 3079148
0.03, 2962043
0.03, 2945462
0.03, 2944294
0.03, 2941294
0.03, 2817708
0.05, 2740953
0.05, 2629298
0.05, 2606404
0.05, 2491843
0.05, 2466948
0.05, 2425582
0.05, 2359262
0.08, 2352182
0.08, 2345176
0.08, 2172142
0.09, 2050335
0.09, 2027374
0.11, 1924879
0.11, 1919453
0.13, 1910266
0.14, 1892352
0.19, 1804297
0.19, 1798729
0.19, 1795197
0.19, 1769240
0.19, 1724743
0.19, 1712907
0.22, 1650792
0.22, 1649384
0.25, 1645373
0.25, 1633924
0.25, 1621776
0.27, 1619490
0.27, 1614052
0.27, 1533259
0.27, 1529189
0.27, 1518444
0.27, 1511060
0.28, 1509788
0.30, 1507769
0.30, 1501215
0.33, 1496009
0.33, 1494245
0.36, 1490615
0.52, 1458572
0.53, 1450625
0.64, 1448325
0.73, 1440444
0.73, 1436018
0.73, 1434142
0.77, 1429186
0.78, 1420975
0.80, 1416596
0.83, 1412504
1.03, 1412286
2.03, 1411732
2.14, 1410418
2.16, 1409850
2.17, 1408587
2.23, 1402875
2.23, 1401425
2.27, 1400857
2.36, 1400046
3.80, 1395981
