0.00, 3251396
0.02, 3246643
0.03, 3114340
0.03, 2939512
0.03, 2815856
0.03, 2701801
0.03, 2667275
0.03, 2597710
0.05, 2569662
0.05, 2467243
0.08, 2386422
0.08, 2382433
0.08, 2201378
0.08, 2190905
0.08, 2124548
0.08, 2047799
0.08, 2037587
0.09, 2030663
0.11, 2029109
0.13, 2013140
0.13, 1917901
0.13, 1892874
0.13, 1884873
0.14, 1855078
0.14, 1848536
0.16, 1841348
0.16, 1820359
0.17, 1809355
0.17, 1765094
0.17, 1729428
0.19, 1714679
0.20, 1706248
0.22, 1704547
0.23, 1703576
0.27, 1686607
0.28, 1683789
0.30, 1680161
0.30, 1678202
0.33, 1663515
0.34, 1655858
0.34, 1648531
0.34, 1646231
0.36, 1642139
0.38, 1637060
0.39, 1635535
0.41, 1634371
0.42, 1632777
0.42, 1623234
0.42, 1617021
0.44, 1603564
0.44, 1588138
0.52, 1586277
0.52, 1584487
0.56, 1579396
0.59, 1474713
0.63, 1473989
0.63, 1462429
0.67, 1458379
0.72, 1457608
0.78, 1456687
0.78, 1454552
0.78, 1453983
0.81, 1452061
0.83, 1446327
0.83, 1442029
0.88, 1434830
0.88, 1431564
0.97, 1421485
1.02, 1421405
1.64, 1420620
1.67, 1413974
1.67, 1413437
1.69, 1404001
3.27, 1403443
3.41, 1401993
3.42, 1397117
3.53, 1395981
