0.00, 3414708
0.02, 3375136
0.02, 3266885
0.02, 3110198
0.02, 3101349
0.02, 3064357
0.02, 2996378
0.02, 2946407
0.03, 2810737
0.03, 2799561
0.03, 2515863
0.03, 2469213
0.03, 2430986
0.05, 2242823
0.05, 2232694
0.05, 2231574
0.05, 2221248
0.05, 2205413
0.05, 2088642
0.08, 2050319
0.09, 2025860
0.09, 2021480
0.09, 2008625
0.09, 2006959
0.09, 2005012
0.11, 1975349
0.11, 1840161
0.14, 1806601
0.14, 1804024
0.14, 1783239
0.14, 1763508
0.16, 1761694
0.17, 1752008
0.17, 1748321
0.19, 1638504
0.19, 1622736
0.20, 1617106
0.23, 1606182
0.23, 1594636
0.23, 1593310
0.23, 1586376
0.27, 1586349
0.28, 1576886
0.30, 1572854
0.33, 1570554
0.36, 1570319
0.39, 1564127
0.41, 1557703
0.41, 1553653
0.53, 1549561
0.64, 1470564
0.64, 1463884
0.70, 1456576
0.72, 1455362
0.91, 1454156
0.91, 1450892
0.92, 1433048
2.09, 1420785
2.09, 1415909
2.97, 1415719
2.97, 1413062
3.03, 1413009
3.05, 1408972
3.05, 1400619
3.06, 1395981
