0.02, 3662595
0.02, 3548336
0.02, 3077058
0.03, 3048635
0.03, 3047087
0.03, 2958342
0.06, 2898947
0.08, 2743468
0.08, 2618976
0.08, 2411408
0.11, 2347046
0.11, 2346936
0.11, 2346620
0.11, 2286899
0.11, 2284127
0.11, 2283317
0.11, 2241256
0.14, 2193822
0.16, 2182616
0.17, 2174353
0.20, 2166963
0.22, 2150928
0.23, 2133120
0.25, 2127054
0.25, 2120088
0.25, 2091920
0.28, 1916603
0.28, 1911655
0.28, 1902066
0.28, 1900585
0.30, 1879861
0.30, 1873582
0.31, 1871739
0.31, 1868166
0.31, 1855755
0.31, 1844821
0.31, 1827205
0.33, 1813364
0.33, 1797766
0.36, 1793537
0.38, 1710949
0.39, 1708719
0.39, 1703301
0.39, 1702715
0.41, 1696704
0.41, 1694086
0.41, 1685434
0.41, 1681728
0.42, 1635587
0.42, 1625796
0.42, 1623970
0.42, 1618987
0.42, 1613367
0.44, 1612734
0.44, 1603468
0.44, 1602332
0.44, 1598541
0.44, 1593971
0.45, 1590680
0.45, 1589151
0.45, 1588527
0.45, 1570132
0.55, 1566383
0.55, 1560072
0.58, 1550387
0.58, 1546213
0.62, 1542121
0.66, 1538161
0.69, 1537593
1.37, 1537183
1.52, 1535085
1.67, 1530345
1.92, 1530110
3.00, 1525492
11.08, 1522412
11.50, 1501922
11.50, 1497161
11.50, 1492839
11.53, 1446135
11.76, 1446125
11.79, 1437487
11.98, 1436585
12.03, 1435698
12.04, 1430484
12.08, 1429388
12.20, 1428764
12.43, 1428479
12.47, 1423494
12.47, 1419402
12.90, 1418899
17.34, 1414782
18.25, 1408464
18.34, 1400517
18.73, 1400046
18.86, 1395981
