0.01, 30860
0.01, 30474
0.01, 29041
0.01, 28635
0.01, 27804
0.01, 27746
0.01, 26745
0.02, 26588
0.03, 26262
0.03, 25807
0.03, 25583
0.03, 24904
0.03, 24744
0.03, 24531
0.03, 24343
0.03, 24245
0.04, 22967
0.04, 22804
0.04, 21795
0.04, 21573
0.04, 21350
0.04, 21156
0.04, 21080
0.04, 20703
0.04, 20694
0.05, 20195
0.05, 19609
0.05, 19546
0.05, 19532
0.05, 19517
0.05, 18878
0.05, 18668
0.05, 18485
0.06, 18243
0.06, 18030
0.06, 17989
0.06, 17924
0.06, 17813
0.07, 17770
0.07, 17705
0.07, 17634
0.07, 17509
0.07, 17436
0.08, 17344
0.08, 17173
0.08, 16586
0.08, 16392
0.08, 16372
0.08, 16080
0.08, 16013
0.09, 15704
0.09, 15693
0.09, 15596
0.09, 15425
0.09, 15309
0.10, 15295
0.10, 15150
0.10, 15091
0.10, 14792
0.10, 14360
0.10, 13859
0.10, 13806
0.11, 13782
0.11, 13707
0.11, 13662
0.11, 13551
0.11, 13475
0.11, 13460
0.11, 13456
0.12, 13297
0.12, 13180
0.12, 13040
0.12, 13026
0.12, 13015
0.13, 12942
0.13, 12886
0.13, 12679
0.13, 12280
0.13, 12207
0.13, 12172
0.14, 12069
0.14, 11960
0.14, 11858
0.14, 11731
0.14, 11708
0.14, 11688
0.14, 11655
0.14, 11542
0.14, 11524
0.15, 11467
0.15, 11412
0.15, 11348
0.15, 11315
0.15, 10979
0.15, 10938
0.15, 10930
0.15, 10727
0.15, 10323
0.16, 10128
0.16, 10102
0.16, 10098
0.17, 9926
0.18, 9702
0.18, 9666
0.22, 9599
0.22, 9575
0.24, 9510
0.24, 9468
0.25, 9314
0.26, 9313
0.27, 9303
0.27, 9297
0.29, 9285
0.29, 9256
0.30, 9097
0.36, 9049
0.38, 8857
0.43, 8768
0.52, 8742
0.61, 8709
0.62, 8694
0.67, 8689
0.76, 8687
0.80, 8681
0.86, 8657
0.87, 8626
0.89, 8535
1.35, 8531
1.39, 8288
1.72, 8278
3.99, 8275
