0.01, 30087
0.01, 28542
0.01, 28278
0.01, 27624
0.01, 27607
0.01, 27307
0.02, 27139
0.02, 26914
0.03, 26890
0.03, 26481
0.03, 26415
0.03, 25521
0.03, 25502
0.03, 24882
0.03, 24738
0.03, 24610
0.04, 23987
0.04, 23901
0.04, 23420
0.04, 22089
0.04, 22002
0.04, 21832
0.04, 21452
0.05, 20901
0.05, 20739
0.05, 20734
0.05, 20681
0.05, 20302
0.05, 19709
0.05, 19610
0.05, 19558
0.06, 19316
0.06, 19149
0.06, 19106
0.06, 19020
0.06, 18334
0.06, 18039
0.06, 17363
0.07, 17360
0.07, 16959
0.07, 16834
0.07, 16596
0.08, 16401
0.08, 16269
0.08, 16119
0.08, 15822
0.08, 15377
0.09, 15116
0.09, 14389
0.09, 14307
0.09, 14031
0.09, 13764
0.10, 13692
0.10, 13282
0.10, 13210
0.10, 13118
0.10, 13105
0.10, 13102
0.11, 13029
0.11, 12901
0.11, 12584
0.11, 12582
0.11, 12557
0.12, 12556
0.12, 12439
0.12, 12362
0.13, 12178
0.13, 12159
0.13, 12080
0.13, 12058
0.13, 11911
0.14, 11894
0.14, 11880
0.14, 11823
0.14, 11725
0.14, 11711
0.14, 11627
0.14, 11595
0.14, 11424
0.15, 11385
0.15, 11279
0.15, 11214
0.15, 11068
0.15, 10978
0.15, 10914
0.16, 10904
0.16, 10711
0.16, 10518
0.16, 10502
0.16, 10438
0.16, 10265
0.17, 10229
0.17, 10214
0.17, 10191
0.17, 10188
0.17, 10110
0.18, 10066
0.18, 9956
0.19, 9826
0.19, 9758
0.19, 9753
0.20, 9547
0.20, 9474
0.22, 9433
0.24, 9257
0.24, 9223
0.24, 9154
0.25, 9125
0.25, 9075
0.25, 9047
0.25, 9033
0.27, 9023
0.27, 9009
0.28, 8891
0.28, 8872
0.28, 8862
0.29, 8508
0.29, 8506
0.30, 8479
0.32, 8406
0.33, 8356
0.33, 8333
0.33, 8329
0.50, 8324
0.54, 8290
0.64, 8289
0.66, 8285
0.68, 8260
0.74, 8213
0.80, 8196
0.91, 8069
1.46, 8065
2.31, 8042
