0.01, 31820
0.01, 31810
0.01, 31296
0.01, 31081
0.01, 31046
0.01, 30708
0.01, 30541
0.01, 30369
0.01, 29661
0.01, 29612
0.01, 29315
0.01, 28734
0.01, 28225
0.02, 27184
0.02, 26626
0.02, 26624
0.02, 26381
0.02, 25745
0.02, 25684
0.03, 25607
0.03, 25268
0.03, 25211
0.03, 24559
0.03, 24444
0.03, 24420
0.03, 24079
0.04, 24058
0.04, 23376
0.04, 23325
0.04, 23095
0.04, 22597
0.04, 22059
0.04, 21857
0.04, 21602
0.05, 21466
0.05, 21213
0.05, 20614
0.05, 19136
0.05, 18455
0.05, 18290
0.05, 18150
0.06, 18055
0.06, 17963
0.06, 17811
0.06, 17215
0.06, 17005
0.06, 16962
0.07, 16929
0.07, 16754
0.07, 16398
0.07, 16218
0.07, 16209
0.07, 15681
0.08, 15476
0.08, 15013
0.08, 14991
0.08, 14831
0.09, 14771
0.09, 14757
0.09, 14703
0.09, 14455
0.09, 14389
0.10, 14388
0.10, 14203
0.10, 13990
0.10, 13960
0.10, 13690
0.11, 13465
0.11, 13248
0.11, 12995
0.11, 12954
0.11, 12830
0.12, 12604
0.12, 12464
0.12, 12449
0.12, 12441
0.12, 12179
0.12, 12165
0.12, 12013
0.13, 11842
0.13, 11757
0.13, 11692
0.14, 11675
0.14, 11633
0.14, 11480
0.14, 11366
0.15, 11071
0.15, 11015
0.15, 10980
0.15, 10979
0.15, 10978
0.16, 10875
0.16, 10721
0.16, 10638
0.17, 10547
0.17, 10469
0.17, 10465
0.17, 10363
0.18, 10242
0.18, 10154
0.18, 10103
0.18, 10053
0.19, 10030
0.19, 9992
0.19, 9990
0.19, 9877
0.20, 9818
0.21, 9790
0.22, 9467
0.22, 9383
0.22, 9037
0.23, 9019
0.23, 8915
0.27, 8884
0.27, 8807
0.28, 8746
0.30, 8616
0.34, 8609
0.38, 8603
0.39, 8405
0.39, 8268
0.54, 8188
0.58, 8161
