0.01, 30100
0.01, 29975
0.01, 29703
0.01, 29117
0.01, 27962
0.01, 27751
0.01, 26760
0.02, 26171
0.02, 26165
0.02, 25730
0.03, 24585
0.03, 24501
0.03, 24433
0.03, 24249
0.03, 23977
0.04, 23434
0.04, 23395
0.04, 22899
0.04, 22894
0.04, 22664
0.04, 22386
0.05, 22284
0.05, 20841
0.05, 20552
0.05, 20421
0.05, 20019
0.06, 19832
0.06, 19686
0.06, 19458
0.06, 19100
0.06, 18965
0.06, 18403
0.06, 18278
0.06, 17354
0.07, 17263
0.07, 16990
0.07, 16445
0.07, 16036
0.07, 15590
0.08, 15542
0.08, 15521
0.08, 15449
0.08, 15072
0.08, 15047
0.09, 14998
0.09, 14842
0.09, 14841
0.09, 14780
0.10, 14616
0.10, 14524
0.10, 14330
0.10, 14307
0.10, 14042
0.11, 13872
0.11, 13629
0.11, 13450
0.11, 13258
0.11, 13168
0.11, 13113
0.12, 12730
0.12, 12700
0.12, 12109
0.12, 12064
0.13, 11964
0.13, 11849
0.13, 11783
0.13, 11751
0.14, 11653
0.14, 11650
0.14, 11633
0.15, 11509
0.15, 11425
0.15, 11137
0.15, 11121
0.16, 11060
0.16, 10944
0.16, 10888
0.17, 10861
0.17, 10848
0.17, 10836
0.17, 10829
0.18, 10819
0.18, 10682
0.18, 10645
0.18, 10642
0.19, 10631
0.19, 10568
0.19, 10564
0.19, 10528
0.19, 10487
0.20, 10405
0.21, 10388
0.21, 10210
0.22, 10143
0.22, 9908
0.23, 9898
0.23, 9753
0.26, 9717
0.26, 9687
0.31, 9582
0.33, 9581
0.35, 9558
0.36, 9541
0.37, 9534
0.37, 9475
0.38, 9471
0.38, 9454
0.40, 9449
0.43, 9111
0.44, 9105
0.47, 9095
0.48, 9085
0.48, 9078
0.50, 9025
0.51, 8968
0.60, 8764
0.70, 8489
0.72, 8479
0.73, 8472
0.74, 8396
0.77, 8392
0.78, 8376
0.80, 8373
0.82, 8358
1.02, 8351
1.34, 8198
1.55, 8192
1.62, 8188
1.74, 8156
2.43, 8154
2.65, 8140
2.73, 8128
