0.01, 26652
0.02, 26490
0.03, 25388
0.03, 25305
0.03, 24812
0.04, 24801
0.04, 24579
0.04, 24499
0.04, 23640
0.04, 23539
0.04, 23398
0.04, 23181
0.04, 22861
0.05, 22341
0.05, 21257
0.05, 21214
0.05, 20764
0.05, 20553
0.06, 20393
0.06, 20035
0.06, 19881
0.06, 19378
0.06, 19303
0.06, 19097
0.06, 19017
0.06, 17434
0.07, 17205
0.07, 17149
0.07, 17109
0.07, 17056
0.07, 16751
0.08, 16742
0.08, 16605
0.08, 16067
0.08, 15533
0.08, 15481
0.08, 15413
0.09, 15358
0.09, 15323
0.09, 15235
0.09, 14802
0.09, 14800
0.10, 14346
0.10, 14282
0.10, 14275
0.10, 14250
0.10, 14225
0.10, 14207
0.11, 14087
0.11, 14059
0.11, 14023
0.11, 13861
0.11, 13801
0.11, 13652
0.12, 13588
0.12, 13545
0.12, 13519
0.12, 13508
0.12, 13442
0.12, 13408
0.13, 13279
0.13, 13257
0.13, 13073
0.14, 12743
0.14, 12595
0.14, 12498
0.14, 12049
0.15, 12013
0.15, 11977
0.15, 11963
0.15, 11946
0.15, 11694
0.15, 11687
0.15, 11647
0.15, 11583
0.16, 11552
0.16, 11508
0.16, 11489
0.16, 11400
0.16, 11351
0.16, 11288
0.16, 11118
0.16, 11115
0.17, 10785
0.17, 10784
0.17, 10783
0.17, 10674
0.17, 10572
0.17, 10534
0.18, 10514
0.18, 10502
0.18, 10455
0.18, 10411
0.18, 10260
0.18, 10243
0.19, 10175
0.20, 10137
0.20, 10046
0.20, 9989
0.21, 9975
0.22, 9969
0.22, 9855
0.23, 9807
0.23, 9774
0.23, 9737
0.24, 9713
0.25, 9661
0.25, 9543
0.27, 9522
0.27, 9441
0.28, 9371
0.29, 9323
0.30, 9297
0.30, 9163
0.32, 8998
0.44, 8775
0.48, 8774
0.49, 8748
0.54, 8734
0.58, 8687
0.63, 8408
0.80, 8387
0.89, 8381
0.95, 8286
1.10, 8276
1.16, 8269
1.66, 8264
1.66, 8261
1.76, 8251
1.84, 8207
1.95, 8198
2.03, 8148
2.22, 8129
2.25, 8119
3.30, 8102
3.88, 8092
