0.01, 27715
0.02, 26784
0.02, 26566
0.02, 26311
0.02, 26117
0.02, 25972
0.03, 25230
0.03, 24244
0.03, 23104
0.04, 22609
0.04, 21958
0.04, 21496
0.04, 21300
0.04, 21059
0.04, 20407
0.04, 20258
0.05, 20248
0.05, 20035
0.05, 19672
0.05, 19642
0.05, 19380
0.05, 19291
0.06, 19047
0.06, 18889
0.06, 18845
0.06, 18796
0.06, 18666
0.07, 18488
0.07, 18256
0.07, 17882
0.07, 17877
0.07, 17853
0.07, 17766
0.08, 17635
0.08, 17352
0.08, 17295
0.08, 16905
0.08, 16855
0.09, 16636
0.09, 16608
0.09, 16363
0.09, 16335
0.10, 16323
0.10, 15990
0.10, 15637
0.10, 15600
0.10, 15579
0.11, 15190
0.11, 15051
0.11, 14867
0.11, 14812
0.11, 14731
0.11, 14425
0.12, 14231
0.12, 14007
0.12, 13727
0.12, 13344
0.13, 13310
0.13, 13299
0.13, 13224
0.13, 12914
0.13, 12740
0.14, 12656
0.14, 12571
0.14, 12530
0.14, 12284
0.15, 11965
0.15, 11954
0.15, 11924
0.15, 11690
0.16, 11684
0.16, 11583
0.16, 11480
0.16, 11466
0.17, 11410
0.17, 11382
0.17, 11343
0.17, 11132
0.19, 11065
0.19, 11025
0.19, 10866
0.19, 10843
0.19, 10498
0.19, 10178
0.20, 10039
0.21, 10024
0.22, 9922
0.23, 9836
0.24, 9800
0.26, 9760
0.28, 9476
0.29, 9406
0.30, 9300
0.30, 9247
0.34, 9147
0.44, 9139
0.46, 9125
0.48, 9040
0.49, 9006
0.55, 8691
0.64, 8633
0.81, 8626
0.83, 8612
1.22, 8551
1.48, 8479
1.54, 8363
1.60, 8355
1.70, 8350
1.99, 8336
2.35, 8333
2.80, 8205
3.63, 8185
3.83, 8173
