0.01, 29936
0.02, 28490
0.02, 27910
0.02, 27677
0.02, 27668
0.02, 26895
0.02, 25399
0.03, 25267
0.03, 25160
0.03, 25150
0.04, 24589
0.04, 24451
0.04, 24421
0.05, 24417
0.05, 24155
0.05, 23606
0.05, 23250
0.05, 23058
0.05, 23001
0.05, 22685
0.05, 22548
0.06, 22409
0.06, 21909
0.06, 21870
0.06, 21864
0.06, 21736
0.06, 21566
0.06, 21211
0.06, 21013
0.07, 20736
0.07, 20473
0.07, 19692
0.07, 19617
0.07, 19486
0.07, 19333
0.08, 19331
0.08, 19119
0.08, 19045
0.08, 18885
0.08, 18873
0.08, 18280
0.09, 18049
0.09, 17563
0.09, 17476
0.09, 17338
0.09, 17162
0.10, 17043
0.10, 16821
0.10, 16622
0.10, 16467
0.10, 16251
0.10, 15945
0.11, 15926
0.11, 15820
0.11, 15178
0.11, 14970
0.11, 14945
0.11, 14637
0.12, 14494
0.12, 14493
0.12, 14134
0.12, 14119
0.12, 13956
0.12, 13917
0.12, 13718
0.13, 13356
0.13, 13085
0.13, 12815
0.13, 12771
0.13, 12687
0.13, 12626
0.14, 12615
0.14, 12597
0.14, 12474
0.14, 12413
0.14, 12263
0.14, 12208
0.14, 12195
0.14, 12153
0.15, 12113
0.15, 11999
0.15, 11714
0.15, 11686
0.15, 11574
0.15, 11485
0.15, 11465
0.16, 11396
0.16, 11338
0.16, 11328
0.16, 11285
0.16, 11268
0.16, 11261
0.16, 11171
0.17, 11120
0.17, 10994
0.17, 10932
0.17, 10893
0.17, 10818
0.17, 10692
0.18, 10673
0.18, 10665
0.18, 10588
0.19, 10534
0.19, 10495
0.19, 10364
0.19, 10300
0.20, 10284
0.20, 10221
0.20, 10185
0.21, 10060
0.21, 10055
0.21, 9764
0.22, 9647
0.22, 9532
0.22, 9515
0.23, 9462
0.23, 9374
0.23, 9359
0.23, 9347
0.23, 9330
0.24, 9315
0.25, 9124
0.25, 9051
0.25, 9046
0.26, 8967
0.26, 8857
0.29, 8846
0.31, 8832
0.32, 8812
0.33, 8804
0.33, 8782
0.34, 8746
0.34, 8685
0.41, 8632
0.43, 8630
0.49, 8615
0.51, 8590
0.54, 8586
0.55, 8568
0.59, 8497
0.60, 8268
0.66, 8258
0.86, 8218
0.87, 8189
1.97, 8184
2.11, 8172
2.24, 8164
2.25, 8154
