0.01, 27377
0.01, 26483
0.02, 26126
0.03, 26018
0.03, 25660
0.03, 25142
0.03, 24924
0.03, 24904
0.03, 23567
0.04, 23144
0.04, 22697
0.04, 21784
0.04, 21524
0.04, 21506
0.04, 21291
0.04, 21114
0.04, 21104
0.05, 20877
0.05, 20868
0.05, 20516
0.05, 20348
0.05, 19978
0.05, 19973
0.05, 19624
0.06, 19545
0.06, 19277
0.06, 18751
0.06, 18690
0.06, 18670
0.06, 18641
0.06, 18564
0.07, 18440
0.07, 18360
0.07, 18328
0.07, 17932
0.07, 17700
0.08, 17524
0.08, 17489
0.08, 17318
0.08, 17230
0.08, 17086
0.08, 16853
0.09, 16746
0.09, 16453
0.09, 16048
0.09, 15885
0.09, 15449
0.10, 15392
0.10, 15391
0.10, 15252
0.10, 15058
0.11, 15055
0.11, 14789
0.11, 14777
0.11, 14636
0.11, 14556
0.11, 14210
0.12, 14209
0.12, 14184
0.12, 14047
0.12, 14019
0.12, 13959
0.12, 13860
0.12, 13538
0.13, 13437
0.13, 13268
0.13, 13164
0.13, 13023
0.13, 12623
0.13, 12460
0.14, 12366
0.15, 12165
0.16, 12138
0.16, 12063
0.16, 12007
0.16, 11637
0.17, 11583
0.18, 11543
0.18, 11507
0.18, 11480
0.18, 11330
0.19, 11190
0.19, 11021
0.19, 10962
0.19, 10835
0.20, 10700
0.20, 10665
0.20, 10533
0.20, 10454
0.21, 10284
0.21, 10268
0.21, 10213
0.22, 10196
0.22, 10143
0.23, 10136
0.23, 10049
0.24, 9878
0.25, 9800
0.28, 9742
0.29, 9734
0.30, 9702
0.30, 9554
0.31, 9432
0.31, 9408
0.31, 9364
0.32, 9338
0.35, 9302
0.35, 9299
0.37, 9293
0.39, 9289
0.41, 9283
0.56, 9241
0.57, 9236
0.61, 9214
0.62, 9163
0.63, 9148
0.80, 9093
0.86, 9088
0.98, 9045
1.03, 9030
1.11, 9004
1.20, 8994
1.28, 8982
1.31, 8968
1.33, 8937
1.36, 8828
1.50, 8725
1.54, 8565
1.55, 8436
2.50, 8427
2.57, 8416
