0.01, 28241
0.01, 27312
0.02, 27284
0.02, 27133
0.02, 26370
0.02, 26093
0.02, 26031
0.02, 25636
0.02, 24842
0.03, 24611
0.03, 24508
0.03, 24332
0.03, 23951
0.03, 23563
0.03, 23526
0.04, 23293
0.04, 23054
0.04, 23053
0.04, 22891
0.04, 22534
0.04, 22344
0.04, 22142
0.04, 22000
0.04, 21566
0.05, 21272
0.05, 20613
0.05, 20494
0.05, 20344
0.05, 20315
0.05, 20150
0.05, 19960
0.05, 19925
0.06, 19197
0.06, 19134
0.06, 18796
0.06, 18143
0.06, 17859
0.07, 17761
0.07, 17711
0.07, 17631
0.07, 17612
0.08, 17466
0.08, 17261
0.08, 16829
0.08, 16828
0.08, 16722
0.09, 15794
0.09, 15656
0.09, 15318
0.09, 15302
0.09, 15186
0.10, 15165
0.10, 14871
0.10, 14758
0.10, 14699
0.10, 14487
0.11, 14323
0.11, 14315
0.11, 14263
0.11, 14147
0.11, 13737
0.12, 13185
0.12, 13131
0.12, 13099
0.12, 12842
0.12, 12822
0.13, 12586
0.13, 12501
0.13, 12375
0.13, 12293
0.14, 12250
0.14, 12233
0.14, 11781
0.14, 11753
0.14, 11748
0.14, 11595
0.14, 11582
0.14, 11526
0.14, 11383
0.15, 11338
0.15, 11301
0.15, 11267
0.15, 11240
0.15, 11105
0.16, 11051
0.16, 11024
0.16, 11012
0.16, 10928
0.16, 10830
0.16, 10600
0.16, 10420
0.17, 10289
0.17, 10226
0.17, 10148
0.17, 10137
0.17, 10106
0.17, 10098
0.17, 10071
0.18, 10016
0.18, 10012
0.19, 9968
0.19, 9926
0.19, 9830
0.19, 9783
0.20, 9767
0.20, 9717
0.20, 9621
0.20, 9576
0.20, 9575
0.21, 9540
0.23, 9481
0.24, 9446
0.24, 9402
0.25, 9308
0.25, 9291
0.25, 9271
0.27, 9152
0.27, 9138
0.27, 9116
0.29, 9104
0.30, 9095
0.30, 9078
0.31, 9033
0.35, 8995
0.35, 8913
0.36, 8867
0.41, 8839
0.42, 8809
0.43, 8738
0.43, 8597
0.46, 8551
0.49, 8537
0.50, 8471
0.53, 8379
0.62, 8352
0.76, 8283
0.86, 8195
2.26, 8163
3.36, 7920
