0.01, 29705
0.01, 29588
0.01, 29473
0.01, 29324
0.01, 29289
0.02, 28853
0.02, 28495
0.02, 28072
0.02, 27975
0.02, 27877
0.02, 27763
0.02, 27725
0.02, 27658
0.03, 26981
0.03, 26186
0.03, 25702
0.03, 25628
0.03, 25446
0.03, 25400
0.03, 25284
0.04, 23687
0.04, 23336
0.04, 22738
0.04, 22377
0.04, 21861
0.04, 21813
0.04, 21731
0.04, 21724
0.04, 21572
0.04, 21009
0.05, 20391
0.05, 20026
0.05, 19646
0.05, 19512
0.05, 19377
0.05, 19353
0.06, 18672
0.06, 18032
0.06, 17779
0.06, 17657
0.06, 17412
0.06, 17187
0.06, 17070
0.07, 16807
0.07, 16694
0.07, 16619
0.07, 16250
0.07, 16148
0.07, 15893
0.08, 15560
0.08, 15374
0.08, 15187
0.08, 14996
0.08, 14913
0.08, 14862
0.08, 14836
0.08, 14734
0.08, 14201
0.09, 13747
0.09, 13683
0.09, 13581
0.09, 13578
0.09, 13254
0.09, 12965
0.09, 12961
0.10, 12894
0.10, 12859
0.10, 12732
0.10, 12700
0.10, 12490
0.10, 12371
0.11, 12296
0.11, 12279
0.11, 12080
0.11, 11920
0.12, 11918
0.12, 11602
0.12, 11547
0.12, 11349
0.13, 11008
0.13, 10976
0.13, 10846
0.13, 10756
0.14, 10706
0.14, 10701
0.14, 10648
0.14, 10458
0.14, 10393
0.14, 10236
0.15, 10159
0.16, 10151
0.16, 10148
0.17, 10095
0.17, 10059
0.17, 9970
0.18, 9966
0.18, 9890
0.19, 9813
0.19, 9807
0.19, 9799
0.20, 9655
0.21, 9594
0.21, 9592
0.21, 9515
0.24, 9508
0.24, 9506
0.25, 9474
0.29, 9399
0.29, 9391
0.30, 9294
0.31, 9292
0.32, 9254
0.34, 9239
0.36, 9200
0.36, 9065
0.39, 9053
0.46, 8995
0.49, 8925
0.90, 8892
1.57, 8864
1.94, 8848
1.98, 8816
2.11, 8792
2.16, 8785
2.34, 8761
2.34, 8753
2.34, 8731
2.40, 8704
2.44, 8695
3.09, 8688
