0.01, 27267
0.02, 26767
0.02, 26518
0.02, 25371
0.02, 25215
0.02, 24484
0.02, 23858
0.03, 23759
0.03, 23757
0.03, 23732
0.03, 23315
0.03, 23115
0.04, 22806
0.04, 22556
0.04, 22094
0.04, 22026
0.04, 21826
0.04, 20832
0.05, 20665
0.05, 20626
0.05, 20074
0.05, 19711
0.05, 19672
0.05, 19253
0.05, 19136
0.05, 18711
0.05, 18445
0.06, 17878
0.06, 17845
0.06, 17697
0.06, 17647
0.06, 17289
0.06, 17117
0.07, 16768
0.07, 16706
0.07, 16191
0.07, 15661
0.07, 15548
0.07, 15272
0.07, 15033
0.08, 14468
0.08, 14415
0.08, 14381
0.08, 14340
0.08, 14297
0.08, 14285
0.09, 13491
0.09, 13341
0.09, 12564
0.09, 12276
0.09, 12002
0.09, 11903
0.10, 11867
0.10, 11864
0.10, 11800
0.11, 11417
0.11, 11359
0.11, 11298
0.11, 11292
0.11, 11219
0.12, 11011
0.12, 10911
0.12, 10893
0.13, 10799
0.13, 10748
0.13, 10639
0.14, 10592
0.14, 10579
0.14, 10551
0.14, 10545
0.14, 10528
0.15, 10504
0.15, 10298
0.15, 10204
0.15, 10161
0.15, 10154
0.15, 10046
0.15, 10026
0.17, 10018
0.18, 9960
0.19, 9958
0.20, 9835
0.23, 9745
0.26, 9660
0.34, 9569
0.35, 9562
0.36, 9553
0.36, 9539
0.37, 9530
0.37, 9513
0.38, 9505
0.42, 9471
0.47, 9418
0.51, 9404
0.56, 9398
0.57, 9262
0.58, 9220
0.59, 9190
0.70, 9098
0.74, 9073
0.76, 9005
0.77, 8868
0.81, 8860
0.82, 8850
0.99, 8827
1.03, 8767
1.17, 8733
1.36, 8686
2.76, 8685
