0.01, 30954
0.01, 30562
0.01, 29795
0.01, 29463
0.01, 29214
0.01, 29104
0.01, 29054
0.01, 28862
0.01, 28694
0.02, 28361
0.02, 27888
0.02, 26783
0.02, 26099
0.03, 26020
0.03, 26006
0.03, 25876
0.03, 25747
0.04, 25270
0.04, 25005
0.04, 24100
0.04, 23891
0.04, 23740
0.04, 23516
0.05, 22497
0.05, 21482
0.05, 20963
0.05, 20555
0.05, 20413
0.05, 20262
0.06, 20139
0.06, 19859
0.06, 19385
0.06, 19147
0.06, 19140
0.06, 19000
0.07, 18966
0.07, 18878
0.07, 18836
0.07, 18621
0.07, 18033
0.07, 17939
0.08, 17791
0.08, 17189
0.08, 16873
0.08, 16612
0.08, 16337
0.09, 16324
0.09, 16287
0.09, 16285
0.09, 16237
0.09, 16073
0.09, 15860
0.09, 15828
0.09, 15483
0.09, 15387
0.10, 15252
0.10, 15177
0.10, 15125
0.10, 15005
0.10, 14937
0.10, 14857
0.10, 14742
0.10, 14492
0.11, 14432
0.11, 14271
0.11, 14170
0.11, 14091
0.11, 14028
0.12, 13913
0.12, 13684
0.12, 13459
0.12, 13394
0.12, 13245
0.12, 13210
0.12, 12971
0.13, 12858
0.13, 12784
0.13, 12685
0.13, 12681
0.13, 12507
0.13, 12458
0.13, 12384
0.14, 12271
0.14, 12236
0.14, 12207
0.14, 12169
0.14, 12072
0.14, 12027
0.15, 11847
0.15, 11616
0.15, 11390
0.15, 11267
0.15, 11140
0.15, 11044
0.15, 10741
0.16, 10575
0.16, 10498
0.17, 10486
0.17, 10450
0.18, 10299
0.18, 10119
0.18, 10067
0.19, 9997
0.19, 9887
0.19, 9834
0.20, 9773
0.20, 9763
0.21, 9735
0.21, 9711
0.22, 9640
0.22, 9554
0.22, 9474
0.24, 9389
0.24, 9373
0.24, 9298
0.25, 9296
0.25, 9291
0.26, 9286
0.26, 9255
0.26, 9231
0.27, 9183
0.28, 9178
0.28, 9118
0.28, 9041
0.29, 8993
0.32, 8852
0.34, 8687
0.39, 8658
0.46, 8613
0.59, 8546
0.64, 8269
1.20, 8253
1.49, 8252
1.88, 8230
