0.01, 31761
0.01, 31590
0.01, 31481
0.01, 31399
0.01, 31264
0.01, 31191
0.01, 29835
0.01, 28648
0.01, 28579
0.01, 28568
0.02, 28554
0.02, 28498
0.02, 28198
0.02, 28036
0.02, 27881
0.02, 27794
0.02, 26845
0.02, 26221
0.03, 25995
0.03, 25667
0.03, 25549
0.03, 25242
0.03, 24269
0.04, 24215
0.04, 23225
0.04, 23201
0.04, 23139
0.04, 23081
0.05, 22591
0.05, 21008
0.05, 20747
0.05, 20272
0.05, 20212
0.05, 20209
0.06, 20166
0.06, 19791
0.06, 19668
0.06, 19161
0.06, 19114
0.06, 18828
0.07, 18583
0.07, 18513
0.07, 18407
0.07, 17785
0.07, 17747
0.07, 17526
0.07, 17391
0.08, 17249
0.08, 17120
0.08, 17107
0.08, 16588
0.08, 16464
0.08, 16421
0.08, 16365
0.09, 15321
0.09, 15113
0.09, 14867
0.09, 14805
0.09, 14803
0.10, 14716
0.10, 14463
0.10, 14311
0.10, 14308
0.10, 14081
0.10, 13901
0.10, 13668
0.11, 13594
0.11, 13523
0.11, 13521
0.11, 13459
0.11, 13219
0.11, 13196
0.12, 12705
0.12, 12684
0.12, 12563
0.12, 12544
0.12, 12467
0.12, 12405
0.12, 11939
0.13, 11772
0.13, 11305
0.13, 11277
0.14, 11182
0.14, 11180
0.14, 11104
0.14, 11069
0.15, 11045
0.16, 11032
0.17, 10998
0.18, 10958
0.18, 10951
0.19, 10815
0.19, 10771
0.22, 10760
0.24, 10726
0.24, 10659
0.24, 10624
0.25, 10308
0.25, 9922
0.27, 9732
0.28, 9674
0.28, 9673
0.28, 9670
0.31, 9668
0.32, 9575
0.32, 9512
0.33, 9493
0.33, 9336
0.36, 9136
0.38, 9102
0.38, 9041
0.39, 8961
0.40, 8944
0.41, 8920
0.44, 8870
0.45, 8842
0.47, 8725
0.49, 8705
0.50, 8692
0.50, 8603
0.52, 8448
0.59, 8446
0.60, 8439
0.72, 8249
1.16, 8222
1.49, 8145
1.52, 8137
1.93, 8086
