0.01, 30051
0.01, 29914
0.01, 29369
0.01, 29316
0.01, 28727
0.01, 28449
0.01, 28406
0.01, 28397
0.01, 28083
0.02, 26739
0.02, 26702
0.02, 26236
0.02, 25668
0.02, 25356
0.02, 25316
0.03, 24855
0.03, 24671
0.03, 24647
0.03, 24154
0.03, 23838
0.03, 23379
0.04, 22842
0.04, 22416
0.04, 22229
0.04, 21913
0.04, 21442
0.04, 21265
0.04, 21117
0.05, 20707
0.05, 20500
0.05, 20334
0.05, 20268
0.05, 20242
0.05, 19604
0.05, 19045
0.06, 19014
0.06, 18783
0.06, 18704
0.06, 18387
0.06, 18311
0.06, 18053
0.07, 17877
0.07, 17650
0.07, 17469
0.07, 17384
0.07, 16923
0.07, 16644
0.08, 16615
0.08, 16496
0.08, 16334
0.08, 16267
0.08, 16249
0.08, 15856
0.09, 15621
0.09, 15550
0.09, 15531
0.09, 15385
0.09, 15202
0.10, 15012
0.10, 15000
0.10, 14468
0.10, 14375
0.10, 14338
0.11, 14196
0.11, 14152
0.11, 14102
0.11, 13998
0.11, 13725
0.12, 13682
0.12, 13628
0.12, 13504
0.12, 12834
0.13, 12719
0.13, 12641
0.13, 12602
0.13, 12553
0.13, 12483
0.14, 12434
0.14, 12250
0.14, 12038
0.14, 11846
0.15, 11769
0.15, 11768
0.15, 11537
0.15, 11488
0.15, 11487
0.15, 11461
0.16, 11318
0.16, 10975
0.16, 10971
0.16, 10749
0.17, 10686
0.17, 10683
0.17, 10654
0.17, 10480
0.18, 10274
0.18, 10145
0.18, 10093
0.19, 9907
0.20, 9818
0.20, 9704
0.21, 9640
0.21, 8921
0.22, 8920
0.22, 8909
0.23, 8899
0.23, 8845
0.25, 8786
0.29, 8780
0.33, 8771
0.33, 8728
0.34, 8641
0.39, 8640
0.71, 8585
0.72, 8537
0.74, 8475
0.94, 8298
1.00, 8270
1.00, 8260
1.16, 8241
1.20, 8226
