0.01, 29594
0.01, 29527
0.01, 28574
0.01, 27519
0.01, 27410
0.01, 26544
0.01, 26086
0.01, 25941
0.01, 24297
0.02, 24160
0.02, 23877
0.02, 23656
0.03, 23368
0.03, 23086
0.03, 22520
0.03, 22493
0.04, 22408
0.04, 22256
0.04, 21777
0.04, 21405
0.04, 21356
0.04, 20770
0.04, 20768
0.05, 20745
0.05, 20547
0.05, 20506
0.05, 20174
0.05, 20051
0.05, 20021
0.05, 19537
0.05, 19335
0.06, 18688
0.06, 18359
0.06, 18136
0.06, 17894
0.06, 17761
0.07, 17656
0.07, 17234
0.07, 17131
0.07, 16752
0.07, 16706
0.07, 16679
0.07, 16430
0.08, 15842
0.08, 15592
0.08, 15431
0.08, 15335
0.08, 15234
0.08, 15163
0.09, 14914
0.09, 14906
0.09, 14549
0.09, 14399
0.09, 14398
0.10, 14339
0.10, 14334
0.10, 14332
0.10, 14224
0.10, 14092
0.11, 14002
0.11, 13979
0.11, 13622
0.11, 13568
0.11, 13412
0.12, 13165
0.12, 13160
0.12, 13134
0.12, 13104
0.12, 13035
0.12, 12932
0.13, 12881
0.13, 12875
0.13, 12733
0.13, 12661
0.13, 12599
0.14, 12530
0.14, 12114
0.14, 11966
0.14, 11851
0.14, 11769
0.14, 11701
0.15, 11438
0.15, 11428
0.15, 11342
0.15, 11257
0.16, 11196
0.16, 11113
0.17, 11111
0.17, 10944
0.17, 10911
0.17, 10761
0.17, 10706
0.18, 10661
0.18, 10647
0.19, 10521
0.19, 10507
0.19, 10185
0.20, 10176
0.21, 10145
0.22, 10072
0.22, 10055
0.23, 10036
0.23, 10022
0.24, 9929
0.24, 9843
0.24, 9835
0.25, 9765
0.25, 9646
0.32, 9626
0.33, 9578
0.35, 9524
0.37, 9308
0.42, 9296
0.47, 9276
0.49, 9263
0.50, 9194
0.54, 9038
0.59, 8904
0.70, 8889
0.74, 8887
0.74, 8875
0.75, 8860
0.79, 8806
0.92, 8798
0.94, 8779
0.95, 8766
1.00, 8750
1.00, 8691
1.05, 8677
1.11, 8634
1.13, 8613
1.23, 8606
1.81, 8594
