0.01, 26736
0.01, 26311
0.02, 26224
0.02, 25907
0.03, 25258
0.03, 24135
0.03, 23872
0.03, 23531
0.03, 23386
0.04, 23278
0.04, 22972
0.04, 22365
0.04, 22279
0.04, 21732
0.05, 21311
0.05, 21039
0.05, 19880
0.05, 19824
0.05, 19813
0.05, 19659
0.06, 19324
0.06, 19311
0.06, 19243
0.06, 18688
0.06, 18650
0.06, 18559
0.06, 18321
0.07, 17324
0.07, 17211
0.07, 17156
0.07, 16768
0.07, 16761
0.08, 16274
0.08, 16251
0.08, 15759
0.08, 15340
0.08, 15314
0.09, 15302
0.09, 15266
0.09, 15249
0.09, 14933
0.09, 14859
0.10, 14672
0.10, 14648
0.10, 14447
0.10, 14395
0.10, 14119
0.11, 13948
0.11, 13882
0.11, 13651
0.11, 13594
0.11, 13131
0.12, 13032
0.12, 13010
0.12, 12960
0.12, 12894
0.13, 12778
0.13, 12772
0.13, 12704
0.13, 12199
0.13, 12079
0.13, 11970
0.14, 11862
0.14, 11841
0.14, 11793
0.14, 11777
0.14, 11623
0.15, 11176
0.15, 11108
0.15, 10901
0.15, 10547
0.15, 10503
0.15, 10461
0.16, 10315
0.16, 10274
0.16, 10272
0.16, 10248
0.17, 10220
0.17, 10006
0.17, 9964
0.18, 9962
0.18, 9949
0.18, 9842
0.18, 9760
0.18, 9732
0.19, 9559
0.19, 9451
0.20, 9370
0.21, 9234
0.23, 9228
0.23, 9202
0.24, 9123
0.25, 9040
0.27, 9005
0.27, 9001
0.28, 8969
0.29, 8904
0.30, 8864
0.32, 8837
0.32, 8835
0.32, 8826
0.34, 8783
0.34, 8691
0.36, 8689
0.39, 8663
0.40, 8588
0.46, 8577
0.47, 8558
0.49, 8547
0.50, 8544
0.58, 8507
0.67, 8456
0.95, 8420
0.97, 8405
1.30, 8391
1.70, 8330
1.87, 8254
2.31, 8202
2.77, 8196
3.34, 8176
