0.01, 29327
0.03, 29202
0.03, 28927
0.03, 28638
0.03, 28292
0.03, 28233
0.03, 28040
0.03, 27880
0.03, 27296
0.03, 27043
0.03, 26080
0.04, 26077
0.04, 25003
0.04, 24811
0.05, 24704
0.05, 24470
0.05, 23710
0.05, 22648
0.05, 21908
0.05, 21636
0.06, 21294
0.06, 20459
0.06, 19955
0.06, 19524
0.06, 19079
0.06, 19064
0.06, 18828
0.07, 18790
0.07, 18660
0.07, 18198
0.07, 17825
0.07, 17723
0.08, 17669
0.08, 17598
0.08, 17594
0.08, 17104
0.08, 16819
0.08, 16665
0.08, 16503
0.08, 16437
0.09, 16392
0.09, 16325
0.09, 16192
0.09, 16046
0.09, 15666
0.11, 15494
0.11, 15310
0.11, 15110
0.11, 15076
0.11, 14941
0.11, 14929
0.12, 14599
0.12, 14371
0.12, 14140
0.12, 14123
0.12, 14122
0.12, 14072
0.13, 14010
0.13, 13786
0.13, 13515
0.13, 13428
0.13, 13420
0.13, 13191
0.13, 13057
0.13, 12951
0.14, 12934
0.14, 12564
0.14, 12426
0.14, 12079
0.14, 12061
0.14, 12039
0.14, 11999
0.14, 11935
0.14, 11804
0.15, 11760
0.15, 11474
0.15, 11459
0.15, 11445
0.15, 11414
0.15, 11203
0.15, 11164
0.16, 11145
0.16, 11119
0.16, 11076
0.16, 10741
0.16, 10651
0.17, 10599
0.18, 10516
0.19, 10512
0.20, 10115
0.23, 10008
0.25, 9972
0.25, 9920
0.27, 9916
0.28, 9892
0.29, 9850
0.30, 9595
0.30, 9572
0.31, 9328
0.32, 9292
0.32, 9240
0.34, 9194
0.34, 8994
0.35, 8993
0.38, 8966
0.43, 8900
0.48, 8814
0.50, 8805
0.51, 8794
0.60, 8771
0.65, 8643
0.68, 8631
0.70, 8621
0.76, 8606
0.81, 8581
0.86, 8576
0.87, 8562
0.99, 8553
1.07, 8541
1.16, 8494
1.22, 8482
1.36, 8428
1.37, 8304
1.38, 8257
1.44, 8256
1.52, 8252
1.52, 8242
1.52, 8222
1.58, 8194
1.65, 8185
1.81, 8151
1.83, 8120
2.38, 8062
3.37, 8047
5.02, 8045
6.28, 8037
6.38, 8031
