0.01, 29773
0.01, 29645
0.01, 26695
0.01, 26569
0.01, 26047
0.01, 25436
0.02, 25262
0.02, 25178
0.02, 25033
0.02, 24802
0.03, 24576
0.03, 24198
0.03, 23536
0.03, 23329
0.03, 22915
0.04, 22845
0.04, 22757
0.04, 21323
0.04, 21244
0.04, 20826
0.04, 20774
0.04, 20566
0.04, 19950
0.04, 19546
0.05, 19037
0.05, 18861
0.05, 18542
0.05, 18495
0.05, 18120
0.05, 18035
0.05, 17941
0.05, 17464
0.05, 17070
0.06, 16927
0.06, 16217
0.06, 15129
0.06, 15057
0.06, 14857
0.06, 14808
0.07, 14613
0.07, 14221
0.07, 13967
0.07, 13832
0.08, 13658
0.08, 13597
0.08, 13579
0.08, 13406
0.08, 13379
0.08, 13318
0.09, 13277
0.09, 13102
0.09, 12983
0.09, 12914
0.09, 12690
0.10, 12563
0.10, 12466
0.10, 12420
0.10, 12329
0.10, 12166
0.11, 12154
0.11, 12107
0.11, 12060
0.11, 11999
0.11, 11703
0.11, 11545
0.12, 11269
0.12, 11264
0.12, 11187
0.12, 11131
0.13, 11120
0.13, 11073
0.13, 11038
0.13, 11020
0.14, 10990
0.14, 10929
0.14, 10758
0.15, 10470
0.15, 10406
0.15, 10396
0.16, 10310
0.16, 10264
0.16, 10236
0.17, 10223
0.17, 10209
0.17, 10184
0.18, 10165
0.18, 10143
0.18, 10101
0.19, 10007
0.19, 9961
0.21, 9904
0.22, 9797
0.23, 9777
0.24, 9692
0.29, 9563
0.30, 9537
0.30, 9529
0.30, 9505
0.30, 9501
0.30, 9497
0.31, 9470
0.32, 9463
0.32, 9367
0.38, 9339
0.40, 9291
0.42, 9281
0.42, 9107
0.45, 9057
0.45, 9050
0.45, 9026
0.47, 9007
0.49, 8922
0.53, 8913
0.57, 8911
0.58, 8895
0.58, 8805
0.60, 8612
0.61, 8592
0.62, 8424
0.63, 8175
2.48, 8122
