0.01, 28381
0.01, 28196
0.01, 27718
0.01, 27578
0.01, 27463
0.01, 27160
0.01, 26774
0.02, 26606
0.02, 26346
0.03, 26254
0.03, 25857
0.03, 24774
0.03, 24508
0.03, 24379
0.04, 24060
0.04, 23975
0.04, 23315
0.04, 22682
0.04, 22444
0.05, 22229
0.05, 21959
0.05, 21912
0.05, 21651
0.05, 21290
0.05, 21144
0.05, 21118
0.06, 20982
0.06, 20322
0.06, 19816
0.06, 19448
0.06, 19016
0.06, 18903
0.06, 18527
0.07, 18407
0.07, 18345
0.07, 17966
0.07, 17927
0.07, 17826
0.07, 17753
0.08, 17632
0.08, 17095
0.08, 16793
0.08, 16483
0.08, 16410
0.08, 16179
0.09, 16091
0.09, 15834
0.09, 15458
0.09, 15260
0.09, 14641
0.09, 14490
0.09, 14415
0.10, 14331
0.10, 13953
0.10, 13683
0.10, 13133
0.10, 13071
0.11, 12978
0.11, 12909
0.11, 12872
0.11, 12619
0.11, 12522
0.12, 12362
0.12, 12164
0.12, 12046
0.12, 12022
0.12, 11894
0.12, 11788
0.12, 11778
0.13, 11685
0.13, 11684
0.13, 11372
0.13, 11322
0.14, 11321
0.14, 11306
0.14, 11208
0.15, 11118
0.15, 11113
0.15, 11072
0.15, 10685
0.15, 10684
0.16, 10630
0.16, 10613
0.16, 10608
0.16, 10578
0.16, 10573
0.16, 10514
0.17, 10513
0.17, 10419
0.17, 10298
0.18, 10139
0.18, 10109
0.18, 10077
0.19, 10002
0.19, 9925
0.20, 9856
0.20, 9305
0.23, 9288
0.29, 9183
0.32, 9159
0.33, 9155
0.35, 9146
0.35, 9034
0.35, 9031
0.38, 8941
0.44, 8865
0.50, 8848
0.52, 8771
0.57, 8762
0.60, 8744
0.69, 8711
0.70, 8656
0.72, 8640
0.74, 8637
0.79, 8620
0.82, 8604
0.83, 8593
0.90, 8524
1.01, 8506
1.10, 8449
1.36, 8441
