0.01, 27437
0.01, 26513
0.01, 25851
0.02, 25696
0.02, 25100
0.02, 24565
0.02, 24112
0.02, 23884
0.02, 23616
0.02, 23485
0.03, 23458
0.03, 23440
0.03, 22923
0.03, 22264
0.03, 22202
0.03, 22177
0.04, 21812
0.04, 20872
0.04, 20723
0.04, 20321
0.04, 20302
0.04, 19664
0.04, 19588
0.05, 19453
0.05, 18604
0.05, 17462
0.05, 17430
0.05, 17341
0.05, 17150
0.05, 17045
0.06, 16986
0.06, 16899
0.06, 16831
0.06, 16343
0.06, 16243
0.07, 16175
0.07, 16068
0.07, 16063
0.07, 15798
0.07, 15685
0.07, 15656
0.08, 15641
0.08, 15452
0.08, 15433
0.08, 15251
0.09, 14550
0.09, 14292
0.09, 14024
0.09, 13958
0.09, 13854
0.10, 13729
0.10, 13649
0.10, 13592
0.10, 13338
0.11, 13299
0.11, 13072
0.11, 12749
0.11, 12631
0.11, 12074
0.12, 11902
0.12, 11891
0.12, 11889
0.13, 11802
0.13, 11686
0.14, 11557
0.14, 11551
0.15, 11431
0.15, 11421
0.15, 11390
0.15, 11330
0.15, 11287
0.16, 11270
0.16, 11242
0.17, 11096
0.17, 11057
0.18, 10963
0.18, 10918
0.18, 10898
0.18, 10876
0.18, 10665
0.19, 10660
0.19, 10577
0.19, 10519
0.20, 10350
0.20, 10305
0.20, 10244
0.20, 10170
0.21, 10072
0.21, 10057
0.22, 9951
0.22, 9888
0.23, 9854
0.24, 9763
0.24, 9709
0.24, 9567
0.25, 9540
0.27, 9511
0.28, 9500
0.28, 9451
0.30, 9412
0.30, 9404
0.31, 9376
0.31, 9243
0.31, 9135
0.32, 9124
0.33, 8771
0.34, 8532
0.35, 8515
0.36, 8500
0.36, 8498
0.39, 8474
0.41, 8456
0.45, 8430
