0.01, 27686
0.01, 26582
0.01, 26077
0.01, 25880
0.02, 25322
0.02, 25288
0.02, 24982
0.03, 24589
0.03, 24540
0.03, 24124
0.03, 23309
0.04, 22139
0.04, 21949
0.04, 21723
0.04, 21411
0.04, 21210
0.04, 20737
0.04, 20728
0.04, 20705
0.04, 20344
0.05, 19430
0.05, 18627
0.05, 17830
0.05, 17408
0.05, 17113
0.05, 17091
0.06, 17070
0.06, 17046
0.06, 17023
0.06, 16968
0.06, 16675
0.06, 16151
0.06, 15797
0.07, 15079
0.07, 14878
0.07, 14783
0.07, 14616
0.07, 14610
0.07, 14423
0.07, 14279
0.08, 14106
0.08, 14077
0.08, 13714
0.08, 13443
0.08, 13276
0.09, 13255
0.09, 13217
0.09, 13212
0.09, 13059
0.09, 12669
0.09, 12577
0.10, 12571
0.10, 12555
0.10, 12371
0.10, 12023
0.10, 11914
0.11, 11876
0.11, 11628
0.11, 11380
0.11, 11115
0.12, 10975
0.13, 10877
0.14, 10858
0.15, 10815
0.15, 10773
0.17, 10731
0.17, 10622
0.17, 10595
0.17, 10520
0.18, 10404
0.18, 10349
0.18, 10263
0.18, 10217
0.18, 10127
0.19, 10099
0.19, 10067
0.20, 9945
0.20, 9932
0.22, 9913
0.22, 9841
0.22, 9799
0.24, 9749
0.24, 9699
0.26, 9653
0.26, 9652
0.26, 9587
0.29, 9380
0.29, 9172
0.30, 9123
0.33, 9061
0.67, 9057
0.84, 8990
0.86, 8989
0.88, 8871
0.89, 8792
0.90, 8756
1.80, 8752
2.01, 8650
2.57, 8386
2.95, 8376
3.47, 8375
3.87, 8370
