0.01, 28804
0.01, 28720
0.01, 28609
0.01, 27639
0.01, 27003
0.01, 25940
0.02, 25732
0.02, 25043
0.02, 24931
0.02, 24459
0.03, 24088
0.03, 23821
0.03, 22631
0.03, 22622
0.03, 22601
0.03, 22023
0.04, 21902
0.04, 21772
0.04, 21527
0.04, 21364
0.04, 21170
0.04, 20730
0.05, 20361
0.05, 19827
0.05, 19035
0.05, 18916
0.05, 18796
0.05, 18058
0.05, 17840
0.06, 17738
0.06, 17721
0.06, 17393
0.06, 17305
0.06, 17171
0.07, 16431
0.07, 16364
0.07, 16345
0.07, 15753
0.07, 15400
0.07, 15221
0.08, 15214
0.08, 14679
0.08, 14422
0.08, 14387
0.08, 14177
0.08, 13987
0.08, 13767
0.09, 13718
0.09, 13616
0.09, 13551
0.09, 13431
0.09, 13430
0.10, 13214
0.10, 13096
0.10, 13003
0.10, 12826
0.10, 12627
0.11, 12420
0.11, 12373
0.11, 12030
0.11, 11865
0.12, 11697
0.12, 11644
0.12, 11478
0.12, 11470
0.12, 11401
0.13, 11363
0.13, 11327
0.13, 11260
0.13, 10999
0.14, 10923
0.14, 10849
0.15, 10727
0.15, 10709
0.16, 10573
0.16, 10551
0.16, 10543
0.16, 10353
0.17, 10172
0.18, 10158
0.18, 10003
0.19, 9904
0.20, 9846
0.20, 9836
0.24, 9765
0.24, 9640
0.25, 9607
0.26, 9499
0.26, 9472
0.28, 9456
0.28, 9429
0.29, 9407
0.29, 9311
0.33, 9310
0.34, 9280
0.35, 9253
0.35, 9226
0.36, 9213
0.37, 9150
0.41, 9020
0.41, 8919
0.41, 8910
0.43, 8785
0.50, 8610
0.59, 8583
0.84, 8481
1.35, 8471
1.71, 8470
1.84, 8465
