0.01, 29031
0.01, 28954
0.01, 26958
0.01, 25590
0.02, 25031
0.02, 24808
0.02, 24692
0.03, 24078
0.03, 23917
0.03, 23868
0.03, 23637
0.03, 23010
0.03, 22399
0.03, 22170
0.03, 21888
0.04, 21715
0.04, 21626
0.04, 21360
0.04, 21246
0.04, 20982
0.05, 19462
0.05, 19277
0.05, 18485
0.05, 18303
0.05, 18290
0.06, 18284
0.06, 18138
0.06, 17993
0.06, 17921
0.06, 17807
0.06, 17703
0.07, 17680
0.07, 16549
0.07, 16517
0.07, 16156
0.07, 15030
0.07, 14987
0.08, 14976
0.08, 14867
0.08, 14813
0.08, 14627
0.08, 14445
0.09, 14355
0.09, 14118
0.09, 13803
0.09, 13773
0.09, 13454
0.10, 13319
0.10, 13089
0.10, 12868
0.10, 12134
0.10, 11792
0.11, 11734
0.11, 11619
0.11, 11228
0.12, 11137
0.12, 11034
0.13, 11025
0.13, 10896
0.13, 10741
0.14, 10631
0.14, 10629
0.15, 10580
0.16, 10534
0.16, 10495
0.16, 10326
0.17, 10238
0.18, 10231
0.18, 10211
0.18, 10107
0.19, 10015
0.19, 9918
0.19, 9916
0.20, 9877
0.20, 9840
0.21, 9817
0.22, 9781
0.24, 9778
0.25, 9702
0.26, 9638
0.26, 9465
0.26, 9461
0.27, 9396
0.27, 9177
0.27, 9111
0.30, 9104
0.31, 9013
0.33, 9011
0.37, 9002
0.41, 8975
0.51, 8862
0.53, 8842
0.58, 8706
0.60, 8702
0.66, 8671
0.67, 8653
0.69, 8603
0.74, 8574
0.95, 8567
1.17, 8532
1.41, 8525
