0.01, 28747
0.01, 27522
0.01, 26717
0.01, 26713
0.02, 26620
0.02, 26462
0.02, 26046
0.02, 25838
0.02, 25121
0.02, 25080
0.02, 25035
0.02, 25025
0.02, 24935
0.03, 24276
0.03, 24274
0.03, 24050
0.03, 22886
0.03, 22678
0.03, 22109
0.03, 22085
0.04, 21927
0.04, 21816
0.04, 20774
0.04, 20756
0.04, 20714
0.04, 20678
0.04, 20536
0.04, 20021
0.04, 19786
0.05, 19753
0.05, 18641
0.05, 18637
0.05, 18524
0.05, 18305
0.05, 17971
0.05, 17754
0.05, 16946
0.06, 16203
0.06, 16155
0.06, 16000
0.06, 15998
0.06, 15982
0.06, 15895
0.06, 15659
0.07, 15263
0.07, 14967
0.07, 14936
0.07, 14808
0.07, 14333
0.07, 14325
0.08, 14286
0.08, 14256
0.08, 14187
0.08, 14095
0.08, 13583
0.08, 13523
0.09, 13330
0.09, 12967
0.09, 12823
0.09, 12821
0.09, 12804
0.09, 12708
0.09, 12702
0.09, 12619
0.10, 12284
0.10, 12278
0.10, 12237
0.11, 12027
0.11, 12017
0.11, 11723
0.11, 11682
0.12, 11666
0.12, 11585
0.12, 11511
0.13, 11314
0.13, 11088
0.13, 10946
0.13, 10851
0.13, 10808
0.14, 10714
0.14, 10410
0.14, 10232
0.14, 9697
0.15, 9578
0.15, 9216
0.18, 9199
0.20, 9157
0.21, 9145
0.25, 9125
0.27, 9005
0.29, 8986
0.30, 8966
0.36, 8915
0.37, 8896
0.37, 8884
0.39, 8759
0.42, 8621
0.43, 8570
0.44, 8565
0.46, 8476
0.51, 8469
0.51, 8468
0.55, 8447
0.56, 8419
0.66, 8409
0.79, 8398
0.93, 8280
1.06, 8271
1.11, 8270
1.13, 8260
1.39, 8248
1.42, 8219
1.51, 8214
1.62, 8162
1.99, 8161
2.08, 8141
3.18, 8137
3.19, 8135
