0.01, 30061
0.01, 29368
0.01, 29020
0.01, 28984
0.01, 28367
0.01, 28007
0.01, 26667
0.01, 26259
0.02, 26233
0.02, 25957
0.02, 25407
0.03, 25189
0.03, 25133
0.03, 24485
0.03, 24445
0.03, 24072
0.03, 23983
0.03, 23255
0.03, 23239
0.04, 23037
0.04, 22624
0.04, 22107
0.04, 21687
0.04, 21332
0.04, 21325
0.05, 21299
0.05, 21254
0.05, 21115
0.05, 20919
0.05, 20832
0.05, 20817
0.05, 20593
0.06, 20041
0.06, 19907
0.06, 19811
0.06, 19591
0.06, 19527
0.06, 19496
0.07, 19178
0.07, 18831
0.07, 18777
0.07, 18440
0.07, 18276
0.07, 18143
0.08, 17539
0.09, 17183
0.09, 16518
0.09, 16398
0.09, 16052
0.09, 15343
0.10, 14953
0.10, 14866
0.10, 14552
0.10, 14461
0.10, 14373
0.10, 14254
0.11, 14166
0.11, 14039
0.11, 14015
0.11, 13901
0.11, 13429
0.12, 13381
0.12, 13346
0.12, 13240
0.12, 12946
0.12, 12646
0.13, 12593
0.13, 12250
0.13, 12203
0.13, 12024
0.13, 12022
0.13, 11948
0.13, 11946
0.13, 11945
0.13, 11738
0.13, 11709
0.14, 11677
0.14, 11557
0.14, 11059
0.14, 11012
0.14, 10968
0.14, 10816
0.15, 10752
0.15, 10735
0.15, 10716
0.15, 10650
0.15, 10539
0.16, 10469
0.16, 10427
0.17, 10382
0.17, 10282
0.18, 10211
0.20, 10208
0.20, 10104
0.20, 9888
0.20, 9860
0.22, 9772
0.23, 9638
0.24, 9571
0.25, 9528
0.25, 9494
0.26, 9424
0.27, 9338
0.28, 9322
0.29, 9262
0.29, 9252
0.30, 9207
0.32, 9153
0.32, 9125
0.33, 9028
0.43, 8914
0.53, 8744
0.58, 8723
0.58, 8696
0.58, 8649
0.78, 8418
1.26, 8303
1.51, 8142
2.61, 8099
2.85, 8097
2.93, 8085
2.95, 8045
