0.01, 29413
0.01, 28557
0.01, 28343
0.01, 27719
0.01, 27309
0.01, 27293
0.01, 26851
0.01, 26167
0.02, 25599
0.02, 24996
0.02, 24382
0.03, 24039
0.03, 23614
0.03, 23426
0.03, 22635
0.03, 22628
0.04, 22440
0.04, 22342
0.04, 22248
0.04, 22104
0.04, 21862
0.04, 21103
0.04, 21031
0.05, 20915
0.05, 20863
0.05, 20685
0.05, 20495
0.05, 20355
0.05, 19986
0.05, 19727
0.06, 19677
0.06, 19350
0.06, 19291
0.06, 18725
0.06, 18507
0.07, 17855
0.07, 17340
0.07, 16807
0.07, 16299
0.07, 16243
0.07, 16113
0.08, 16057
0.08, 15940
0.08, 15923
0.08, 15733
0.08, 15703
0.09, 15605
0.09, 15552
0.09, 15453
0.09, 15167
0.09, 14959
0.10, 14668
0.10, 14639
0.10, 14462
0.10, 14430
0.10, 14301
0.11, 13728
0.11, 13273
0.11, 12826
0.11, 12812
0.11, 12745
0.12, 12656
0.12, 12464
0.12, 12211
0.12, 12140
0.12, 12112
0.13, 12004
0.13, 11943
0.13, 11920
0.13, 11734
0.14, 11733
0.14, 11723
0.14, 11602
0.15, 11477
0.15, 11155
0.15, 11011
0.15, 10992
0.16, 10974
0.16, 10927
0.16, 10923
0.16, 10884
0.17, 10875
0.17, 10813
0.17, 10618
0.17, 10584
0.18, 10527
0.18, 10455
0.19, 10443
0.19, 10328
0.20, 10293
0.20, 10263
0.21, 10238
0.22, 10147
0.24, 10118
0.25, 10065
0.26, 10060
0.27, 10022
0.27, 9990
0.28, 9955
0.28, 9949
0.28, 9917
0.29, 9875
0.31, 9862
0.32, 9760
0.34, 9751
0.35, 9683
0.36, 9647
0.41, 9628
0.41, 9590
0.43, 9534
0.44, 9367
0.46, 9346
0.48, 9306
0.49, 9205
0.55, 9190
0.61, 9185
0.62, 9092
0.67, 9064
0.73, 8984
0.76, 8978
0.77, 8973
0.79, 8797
0.89, 8771
1.00, 8761
1.12, 8755
1.16, 8728
1.81, 8657
1.86, 8372
1.88, 8359
1.93, 8151
1.93, 8097
1.94, 8089
1.95, 8011
1.95, 7897
