0.01, 29504
0.01, 29489
0.01, 29250
0.01, 28939
0.01, 28921
0.01, 27913
0.02, 27788
0.02, 27396
0.02, 27095
0.02, 25764
0.02, 25522
0.03, 25388
0.03, 25012
0.03, 24636
0.03, 24330
0.04, 24139
0.04, 23863
0.04, 23650
0.04, 23113
0.04, 23053
0.04, 22625
0.04, 22495
0.04, 22214
0.05, 21920
0.05, 21758
0.05, 21513
0.05, 21267
0.05, 20910
0.05, 20657
0.05, 20353
0.05, 20137
0.06, 19893
0.06, 19712
0.06, 19517
0.06, 19478
0.06, 19293
0.06, 19263
0.07, 18953
0.07, 18369
0.07, 18212
0.07, 18154
0.07, 18113
0.07, 17781
0.08, 17614
0.08, 17607
0.08, 17457
0.08, 17321
0.08, 17185
0.08, 17095
0.08, 17039
0.09, 16773
0.09, 16740
0.09, 16586
0.09, 16520
0.09, 16382
0.09, 16167
0.09, 16121
0.10, 16074
0.10, 16046
0.10, 15964
0.10, 15954
0.10, 15721
0.10, 15545
0.10, 15123
0.11, 15044
0.11, 14729
0.11, 14478
0.11, 14400
0.12, 14250
0.12, 13989
0.12, 13900
0.12, 13578
0.12, 13293
0.12, 13109
0.12, 13048
0.13, 12959
0.13, 12888
0.13, 12886
0.13, 12811
0.13, 12693
0.14, 12448
0.14, 12142
0.14, 11988
0.14, 11960
0.14, 11951
0.14, 11781
0.14, 11760
0.14, 11635
0.15, 11566
0.15, 11492
0.15, 11430
0.15, 11314
0.15, 11295
0.16, 11292
0.16, 11169
0.16, 11129
0.16, 10956
0.16, 10864
0.17, 10793
0.17, 10736
0.17, 10717
0.17, 10716
0.17, 10468
0.18, 10422
0.18, 10404
0.18, 10375
0.18, 10336
0.18, 10322
0.19, 10225
0.20, 10130
0.20, 10022
0.21, 9916
0.23, 9819
0.23, 9817
0.24, 9797
0.27, 9789
0.28, 9511
0.28, 9389
0.29, 9367
0.33, 9356
0.33, 9322
0.35, 9315
0.36, 9312
0.40, 9304
0.42, 9303
0.43, 9250
0.44, 9248
0.45, 9234
0.50, 9158
0.50, 8848
0.51, 8781
0.52, 8780
0.53, 8709
0.54, 8651
0.56, 8646
0.57, 8632
0.59, 8618
0.61, 8596
0.76, 8519
0.82, 8499
0.83, 8483
0.87, 8465
0.96, 8464
1.02, 8448
1.05, 8439
1.13, 8420
1.13, 8405
1.66, 8392
1.79, 8380
