0.01, 31885
0.01, 31611
0.01, 31425
0.01, 31406
0.01, 30864
0.01, 30582
0.01, 30151
0.01, 30090
0.01, 30037
0.02, 29582
0.02, 29009
0.02, 28445
0.02, 27680
0.02, 27375
0.02, 27329
0.02, 25996
0.02, 25861
0.02, 25792
0.02, 25685
0.03, 25520
0.03, 25459
0.03, 24897
0.03, 24443
0.04, 24399
0.04, 24312
0.04, 24282
0.04, 24192
0.04, 23773
0.04, 23759
0.04, 23164
0.04, 23080
0.05, 22376
0.05, 22323
0.05, 22006
0.05, 21822
0.05, 21157
0.05, 21068
0.05, 20726
0.05, 20474
0.06, 20388
0.06, 19743
0.06, 19646
0.06, 19216
0.06, 18563
0.06, 18557
0.06, 18486
0.07, 18102
0.07, 17756
0.07, 17389
0.07, 17257
0.07, 16842
0.07, 16799
0.08, 16775
0.08, 16694
0.08, 16523
0.08, 16420
0.08, 16419
0.08, 16185
0.08, 15704
0.08, 15629
0.09, 15301
0.09, 15039
0.09, 15010
0.09, 14769
0.09, 14745
0.10, 14512
0.10, 14382
0.10, 14182
0.10, 14150
0.10, 14024
0.10, 13971
0.11, 13786
0.11, 13719
0.11, 13568
0.11, 13539
0.11, 13536
0.12, 13531
0.12, 12962
0.12, 12924
0.12, 12624
0.12, 12613
0.12, 12543
0.12, 12495
0.13, 12411
0.13, 12240
0.13, 11891
0.13, 11758
0.13, 11308
0.14, 11249
0.14, 11079
0.14, 10976
0.14, 10720
0.14, 10669
0.15, 10659
0.15, 10638
0.15, 10628
0.15, 10620
0.15, 10612
0.16, 10556
0.16, 10186
0.16, 10168
0.17, 10149
0.17, 10116
0.17, 10114
0.17, 10058
0.18, 9898
0.19, 9885
0.20, 9847
0.23, 9833
0.23, 9726
0.23, 9693
0.27, 9678
0.27, 9604
0.29, 9590
0.31, 9580
0.32, 9575
0.32, 9519
0.37, 9393
0.38, 9360
0.46, 9324
0.48, 9219
0.59, 9217
0.65, 9190
0.67, 9122
0.69, 8931
0.72, 8905
0.75, 8885
0.89, 8804
0.90, 8752
1.01, 8729
1.12, 8709
1.15, 8702
1.21, 8687
1.95, 8674
1.96, 8568
2.02, 8551
2.09, 8520
2.17, 8444
2.20, 8430
