0.01, 29552
0.01, 29496
0.01, 29326
0.01, 28648
0.01, 26913
0.01, 26388
0.01, 25965
0.01, 25309
0.01, 24795
0.01, 24484
0.01, 23510
0.02, 23472
0.02, 23290
0.03, 23171
0.03, 22842
0.03, 22673
0.03, 22643
0.04, 22515
0.04, 22465
0.04, 21748
0.04, 21727
0.05, 21569
0.05, 20791
0.05, 20456
0.05, 20262
0.05, 19985
0.05, 19625
0.06, 19526
0.06, 19241
0.06, 19205
0.06, 19062
0.06, 18903
0.06, 18766
0.06, 18585
0.06, 18039
0.07, 17959
0.07, 17268
0.07, 17177
0.07, 16800
0.07, 16612
0.07, 16308
0.07, 15981
0.07, 15886
0.08, 15832
0.08, 15691
0.08, 15486
0.08, 15318
0.08, 15141
0.08, 14892
0.09, 14876
0.09, 14676
0.09, 14675
0.09, 14639
0.09, 14210
0.10, 14207
0.10, 14028
0.10, 14016
0.10, 13920
0.10, 13880
0.10, 13728
0.11, 13531
0.11, 13421
0.11, 13325
0.11, 13314
0.12, 13281
0.12, 12933
0.12, 12915
0.12, 12865
0.12, 12666
0.13, 12595
0.13, 12455
0.13, 12221
0.13, 12122
0.13, 11984
0.13, 11911
0.13, 11811
0.13, 11782
0.13, 11704
0.14, 11509
0.14, 11160
0.14, 11146
0.14, 11128
0.14, 10976
0.14, 10968
0.14, 10922
0.15, 10741
0.15, 10668
0.15, 10651
0.15, 10585
0.15, 10429
0.15, 10238
0.16, 10207
0.16, 10174
0.17, 10150
0.17, 10142
0.17, 10124
0.18, 10110
0.18, 10057
0.19, 10039
0.19, 10014
0.20, 9892
0.22, 9879
0.23, 9822
0.24, 9817
0.24, 9783
0.25, 9775
0.26, 9735
0.26, 9699
0.27, 9657
0.27, 9646
0.27, 9634
0.28, 9534
0.28, 9532
0.29, 9480
0.30, 9455
0.33, 9384
0.33, 9376
0.36, 9229
0.38, 9199
0.38, 9183
0.39, 9169
0.41, 9008
0.41, 8982
0.53, 8963
0.55, 8823
0.56, 8734
0.69, 8693
0.74, 8685
1.16, 8624
1.33, 8574
1.57, 8402
1.94, 8385
2.20, 8309
