0.01, 30050
0.01, 27860
0.01, 27422
0.01, 26620
0.01, 26529
0.01, 25676
0.01, 25358
0.01, 25249
0.02, 25225
0.02, 25064
0.03, 24881
0.03, 24870
0.03, 24467
0.03, 24445
0.03, 23787
0.03, 23456
0.04, 23353
0.04, 23219
0.04, 23133
0.04, 22296
0.04, 22077
0.04, 21756
0.04, 21705
0.05, 21704
0.05, 21643
0.05, 20773
0.05, 20736
0.05, 20674
0.05, 20642
0.06, 20570
0.06, 20407
0.06, 19519
0.06, 19474
0.06, 19215
0.06, 19109
0.07, 18912
0.07, 18778
0.07, 18717
0.07, 18362
0.07, 18356
0.08, 17886
0.08, 17858
0.08, 17500
0.08, 17401
0.08, 17201
0.08, 16624
0.09, 16465
0.09, 16373
0.09, 16256
0.09, 16082
0.09, 15981
0.09, 15663
0.09, 15658
0.10, 15537
0.10, 15497
0.10, 15229
0.10, 15223
0.10, 14814
0.10, 14736
0.10, 14693
0.10, 14362
0.11, 14250
0.11, 13930
0.11, 13693
0.11, 12783
0.11, 12712
0.11, 12626
0.11, 12586
0.12, 12579
0.12, 12373
0.12, 12362
0.12, 12043
0.12, 11956
0.12, 11916
0.13, 11828
0.13, 11799
0.13, 11724
0.13, 11532
0.13, 11158
0.13, 10963
0.13, 10886
0.13, 10798
0.14, 10632
0.14, 10601
0.14, 10583
0.14, 10576
0.14, 10495
0.15, 10462
0.15, 10432
0.15, 10428
0.16, 10340
0.16, 10273
0.17, 10262
0.17, 10206
0.17, 10184
0.18, 10043
0.18, 10034
0.18, 9881
0.18, 9871
0.19, 9788
0.20, 9783
0.20, 9632
0.20, 9596
0.21, 9540
0.21, 9503
0.22, 9460
0.22, 9368
0.24, 9335
0.24, 9305
0.25, 9279
0.27, 9007
0.31, 8956
0.32, 8952
0.32, 8910
0.33, 8909
0.35, 8895
0.41, 8826
0.47, 8803
0.57, 8496
0.59, 8493
0.59, 8492
0.60, 8477
0.85, 8340
0.91, 8269
1.13, 8141
