0.01, 31425
0.01, 31170
0.01, 31162
0.01, 30214
0.01, 28620
0.01, 28329
0.02, 28109
0.02, 27874
0.02, 27511
0.02, 27332
0.02, 26288
0.02, 25865
0.02, 25775
0.03, 25460
0.03, 24909
0.03, 24626
0.03, 24485
0.04, 24182
0.04, 24060
0.04, 23231
0.04, 22999
0.04, 22877
0.04, 22844
0.04, 22368
0.05, 21947
0.05, 21707
0.05, 21699
0.05, 21439
0.05, 20962
0.05, 20668
0.06, 20656
0.06, 20208
0.06, 20190
0.06, 20136
0.06, 20109
0.06, 20038
0.07, 19932
0.07, 19350
0.07, 19329
0.07, 19108
0.07, 18914
0.07, 18819
0.08, 18789
0.08, 18766
0.08, 18569
0.08, 18493
0.08, 18177
0.08, 18060
0.09, 18058
0.09, 17868
0.09, 17491
0.09, 17323
0.09, 17201
0.09, 17194
0.10, 17171
0.10, 16701
0.10, 16688
0.10, 16611
0.10, 16570
0.10, 16212
0.11, 15228
0.11, 15163
0.11, 14985
0.11, 14829
0.11, 14272
0.11, 14068
0.12, 14047
0.12, 14026
0.12, 13684
0.12, 13504
0.13, 13472
0.13, 13257
0.13, 13167
0.14, 13100
0.14, 12958
0.14, 12940
0.14, 12679
0.15, 12653
0.15, 12650
0.15, 12496
0.15, 12484
0.15, 12266
0.15, 12165
0.15, 12128
0.16, 11838
0.16, 11764
0.16, 11699
0.17, 11644
0.17, 11598
0.17, 11559
0.18, 11401
0.19, 11367
0.19, 11365
0.19, 11358
0.19, 11280
0.19, 11228
0.20, 11224
0.20, 11167
0.20, 11114
0.20, 11050
0.21, 10780
0.21, 10663
0.21, 10605
0.22, 10515
0.22, 10353
0.22, 10314
0.23, 10305
0.23, 10041
0.24, 9933
0.26, 9734
0.28, 9731
0.29, 9646
0.30, 9425
0.30, 9292
0.30, 9210
0.31, 9173
0.33, 9043
0.51, 8998
0.54, 8779
0.72, 8755
0.88, 8749
0.89, 8746
0.99, 8688
0.99, 8670
1.04, 8664
1.09, 8638
1.15, 8533
1.17, 8482
1.54, 8480
1.75, 8462
2.21, 8451
