0.01, 25507
0.01, 24796
0.01, 24681
0.02, 24027
0.02, 23938
0.02, 23869
0.03, 23525
0.03, 22578
0.03, 22533
0.03, 22280
0.03, 22151
0.03, 21732
0.03, 21325
0.04, 21271
0.04, 21117
0.04, 20941
0.04, 20876
0.04, 20770
0.04, 20728
0.04, 20354
0.04, 20317
0.04, 20062
0.05, 19915
0.05, 19475
0.05, 19430
0.05, 19366
0.05, 18391
0.05, 18244
0.05, 17995
0.05, 17887
0.06, 17528
0.06, 17474
0.06, 17183
0.06, 16790
0.06, 16675
0.07, 16137
0.07, 16085
0.07, 15990
0.07, 15984
0.07, 15829
0.08, 15803
0.08, 15777
0.08, 15529
0.08, 15430
0.08, 15398
0.09, 15307
0.09, 15297
0.09, 15230
0.09, 15098
0.09, 15036
0.09, 14751
0.10, 14510
0.10, 14485
0.10, 14458
0.10, 13976
0.10, 13715
0.10, 13402
0.10, 13379
0.10, 13339
0.11, 13317
0.11, 13155
0.11, 13050
0.11, 13013
0.12, 13012
0.12, 12681
0.12, 12644
0.12, 12555
0.13, 12543
0.13, 12397
0.13, 12367
0.13, 12282
0.13, 12207
0.14, 12050
0.14, 11995
0.14, 11792
0.14, 11547
0.14, 11200
0.14, 11164
0.15, 11112
0.15, 11069
0.15, 10476
0.15, 10447
0.15, 10423
0.16, 10412
0.16, 10345
0.16, 10328
0.16, 10271
0.16, 10223
0.17, 10077
0.17, 9968
0.17, 9901
0.17, 9891
0.18, 9872
0.18, 9776
0.18, 9775
0.19, 9761
0.19, 9712
0.19, 9647
0.20, 9366
0.20, 9361
0.22, 9332
0.29, 9263
0.30, 9182
0.31, 9134
0.41, 9106
0.42, 9049
0.45, 8959
0.45, 8953
0.47, 8917
0.50, 8916
0.59, 8901
0.60, 8861
0.63, 8832
0.65, 8822
0.65, 8804
0.68, 8771
0.71, 8747
0.82, 8728
0.85, 8713
0.88, 8705
1.12, 8674
1.71, 8642
