0.02, 28620
0.02, 27853
0.02, 27376
0.02, 27164
0.02, 26134
0.02, 26105
0.03, 25856
0.03, 25832
0.03, 24565
0.03, 24443
0.03, 24321
0.03, 24150
0.03, 24017
0.05, 23913
0.05, 23724
0.05, 23722
0.05, 23648
0.05, 23496
0.05, 23217
0.05, 22563
0.05, 22458
0.05, 22438
0.05, 21140
0.05, 21026
0.06, 20979
0.06, 20955
0.06, 20926
0.06, 20565
0.06, 20130
0.06, 19876
0.06, 19823
0.06, 19725
0.08, 19342
0.08, 19229
0.08, 18990
0.08, 17945
0.08, 17890
0.08, 17357
0.08, 17172
0.08, 17170
0.09, 17023
0.09, 16964
0.09, 16944
0.09, 16758
0.09, 16693
0.09, 16231
0.09, 16152
0.09, 16097
0.09, 15919
0.09, 15690
0.11, 15557
0.11, 15442
0.11, 15244
0.11, 15008
0.11, 15002
0.11, 14836
0.11, 14695
0.11, 14664
0.11, 14511
0.11, 14313
0.11, 14231
0.13, 14176
0.13, 14162
0.13, 14052
0.13, 14023
0.13, 13948
0.13, 13740
0.13, 13729
0.13, 13670
0.13, 13669
0.13, 13447
0.13, 13256
0.13, 13219
0.14, 13213
0.14, 13170
0.14, 13156
0.14, 12968
0.14, 12654
0.14, 12631
0.14, 12609
0.14, 12555
0.16, 12467
0.16, 12042
0.16, 11969
0.16, 11702
0.16, 11601
0.16, 11577
0.16, 11559
0.16, 11277
0.16, 11180
0.16, 11076
0.17, 11000
0.17, 10971
0.17, 10862
0.17, 10842
0.17, 10768
0.17, 10764
0.17, 10717
0.17, 10245
0.17, 10233
0.17, 10207
0.17, 10147
0.19, 10141
0.19, 10131
0.19, 10011
0.19, 9874
0.19, 9831
0.20, 9781
0.20, 9777
0.20, 9770
0.25, 9738
0.27, 9732
0.28, 9600
0.30, 9588
0.36, 9551
0.36, 9427
0.36, 9387
0.38, 9351
0.39, 9315
0.45, 9290
0.45, 9284
0.53, 9269
0.56, 9207
0.61, 9196
0.63, 9193
0.64, 8806
0.72, 8767
0.77, 8752
0.80, 8749
1.13, 8651
1.56, 8582
2.55, 8538
3.11, 8531
