0.01, 30011
0.01, 29778
0.01, 29244
0.01, 28481
0.01, 28329
0.02, 28181
0.02, 26181
0.02, 25850
0.02, 25622
0.03, 25263
0.03, 25093
0.03, 24794
0.03, 24699
0.03, 24371
0.04, 24207
0.04, 24080
0.04, 23934
0.04, 23850
0.04, 23043
0.04, 22450
0.04, 21593
0.05, 21393
0.05, 21083
0.05, 20825
0.05, 20350
0.05, 20099
0.05, 19857
0.05, 19132
0.06, 18840
0.06, 18513
0.06, 17970
0.06, 17878
0.06, 17834
0.06, 17505
0.07, 17498
0.07, 17253
0.07, 16741
0.07, 16576
0.07, 16553
0.07, 16340
0.08, 16107
0.08, 16003
0.08, 15902
0.08, 15749
0.08, 15609
0.09, 15510
0.09, 15381
0.09, 15275
0.09, 14885
0.09, 14335
0.10, 14283
0.10, 14199
0.10, 14147
0.10, 14133
0.10, 13824
0.11, 13740
0.11, 13676
0.11, 13666
0.11, 13614
0.11, 13571
0.11, 13459
0.12, 13449
0.12, 13372
0.12, 13291
0.12, 13234
0.12, 13105
0.13, 13065
0.13, 12870
0.13, 12776
0.13, 12743
0.13, 12742
0.14, 12626
0.14, 12587
0.14, 12586
0.14, 12562
0.14, 12341
0.15, 12233
0.15, 12176
0.15, 12070
0.15, 12048
0.15, 12026
0.16, 11758
0.16, 11731
0.16, 11655
0.16, 11623
0.16, 11599
0.17, 11448
0.17, 11418
0.17, 11405
0.17, 11289
0.17, 10887
0.17, 10863
0.17, 10808
0.18, 10651
0.18, 10640
0.18, 10600
0.19, 10365
0.19, 10350
0.20, 10169
0.21, 10087
0.21, 10011
0.22, 9998
0.22, 9992
0.23, 9990
0.24, 9884
0.24, 9644
0.27, 9493
0.28, 9473
0.28, 9469
0.28, 9447
0.29, 9388
0.30, 9372
0.33, 9369
0.33, 9290
0.34, 9227
0.35, 9148
0.36, 9144
0.40, 9042
0.42, 8993
0.49, 8940
0.50, 8919
0.53, 8886
0.54, 8838
0.55, 8785
0.73, 8777
0.76, 8740
0.80, 8658
0.84, 8460
