0.01, 31533
0.01, 29613
0.01, 29391
0.01, 29240
0.02, 29122
0.02, 28953
0.02, 28156
0.02, 27814
0.02, 27591
0.02, 27345
0.02, 26539
0.03, 26532
0.03, 26396
0.03, 26193
0.04, 25424
0.04, 25345
0.04, 25128
0.04, 23039
0.05, 21931
0.05, 21818
0.05, 21762
0.05, 21216
0.05, 20497
0.06, 20483
0.06, 20447
0.06, 20418
0.06, 20314
0.06, 19968
0.06, 19851
0.07, 19562
0.07, 19455
0.07, 18680
0.07, 18287
0.07, 17980
0.08, 17881
0.08, 17223
0.08, 17196
0.08, 17029
0.08, 17014
0.09, 16915
0.09, 15399
0.09, 15151
0.09, 14704
0.09, 14091
0.10, 14062
0.10, 14034
0.10, 13794
0.10, 13402
0.10, 13314
0.11, 13283
0.11, 13210
0.11, 13200
0.11, 13027
0.11, 13000
0.11, 12869
0.12, 12598
0.12, 12565
0.12, 12298
0.12, 12185
0.13, 12160
0.13, 12023
0.13, 11871
0.13, 11550
0.13, 11426
0.14, 11388
0.14, 11308
0.14, 11296
0.14, 11268
0.14, 11227
0.15, 11121
0.15, 10933
0.16, 10926
0.16, 10874
0.16, 10534
0.16, 10439
0.17, 10096
0.17, 10037
0.19, 10022
0.20, 10021
0.20, 9948
0.20, 9841
0.21, 9817
0.21, 9794
0.21, 9791
0.22, 9789
0.23, 9771
0.23, 9689
0.23, 9447
0.23, 9371
0.24, 9343
0.24, 9304
0.24, 9255
0.25, 9208
0.25, 9064
0.25, 9034
0.28, 9017
0.28, 8979
0.29, 8951
0.30, 8875
0.31, 8862
0.33, 8787
0.37, 8785
0.48, 8712
0.49, 8684
0.49, 8662
0.54, 8651
0.55, 8640
0.56, 8627
0.71, 8623
0.72, 8581
0.73, 8539
0.78, 8478
0.89, 8453
1.91, 8419
1.96, 8405
3.29, 8396
