0.01, 31388
0.01, 29626
0.01, 27867
0.01, 27588
0.01, 27398
0.01, 27335
0.01, 27057
0.01, 26635
0.02, 25603
0.02, 24260
0.02, 23822
0.03, 23821
0.03, 23664
0.03, 23567
0.03, 23407
0.03, 23193
0.03, 23018
0.03, 21273
0.04, 21161
0.04, 20882
0.04, 19705
0.04, 19634
0.04, 19558
0.04, 19499
0.04, 19381
0.05, 18827
0.05, 18568
0.05, 18530
0.05, 18204
0.05, 18149
0.05, 18090
0.05, 18036
0.06, 17786
0.06, 17482
0.06, 17015
0.06, 16978
0.06, 16413
0.06, 16268
0.06, 16117
0.07, 15327
0.07, 15289
0.07, 15210
0.07, 15139
0.07, 15007
0.07, 14757
0.08, 13851
0.08, 13754
0.08, 13688
0.08, 13681
0.09, 13489
0.09, 13343
0.09, 13226
0.09, 13107
0.09, 13035
0.09, 13013
0.10, 12858
0.10, 12611
0.10, 12501
0.10, 12500
0.10, 12483
0.10, 12451
0.11, 12312
0.11, 12262
0.11, 12099
0.12, 12089
0.12, 12010
0.12, 11794
0.12, 11709
0.12, 11673
0.12, 11593
0.13, 11468
0.13, 11449
0.13, 11399
0.13, 11213
0.13, 11198
0.13, 11140
0.13, 10939
0.14, 10780
0.14, 10732
0.14, 10705
0.14, 10553
0.14, 10459
0.15, 10304
0.15, 10200
0.15, 9977
0.16, 9875
0.17, 9452
0.18, 9430
0.18, 9380
0.19, 9353
0.20, 9262
0.21, 9218
0.21, 9204
0.24, 9160
0.25, 9152
0.27, 9126
0.30, 9049
0.31, 9021
0.33, 9007
0.44, 8973
0.47, 8965
0.49, 8963
0.52, 8915
0.53, 8860
0.57, 8840
0.63, 8821
0.66, 8761
0.67, 8717
0.72, 8700
0.94, 8610
1.29, 8511
1.69, 8482
