0.01, 27069
0.01, 26748
0.01, 26481
0.01, 26019
0.01, 25808
0.02, 25717
0.02, 25485
0.02, 25226
0.02, 24800
0.02, 23916
0.02, 23717
0.03, 23548
0.03, 23383
0.03, 23245
0.03, 22619
0.03, 22110
0.04, 21726
0.04, 21581
0.04, 21399
0.04, 20917
0.04, 20598
0.04, 20546
0.05, 20144
0.05, 20086
0.05, 19860
0.05, 19644
0.05, 19573
0.05, 19080
0.06, 19020
0.06, 18543
0.06, 18436
0.06, 18406
0.06, 18072
0.07, 18005
0.07, 17994
0.07, 17422
0.07, 17286
0.07, 17265
0.08, 17262
0.08, 17191
0.08, 16659
0.08, 16531
0.08, 16402
0.09, 16352
0.09, 16032
0.09, 15955
0.09, 15500
0.09, 15312
0.10, 15033
0.10, 14970
0.10, 14885
0.10, 14742
0.11, 14534
0.11, 14473
0.11, 14196
0.11, 14111
0.11, 13889
0.12, 13744
0.12, 13638
0.12, 13539
0.12, 13372
0.12, 13227
0.13, 13202
0.13, 12957
0.13, 12823
0.14, 12572
0.14, 12564
0.14, 12436
0.14, 12320
0.14, 12159
0.15, 12145
0.15, 11640
0.15, 11554
0.15, 11294
0.16, 11236
0.16, 11195
0.16, 11189
0.16, 11142
0.17, 10977
0.17, 10913
0.17, 10851
0.17, 10802
0.17, 10789
0.17, 10563
0.18, 10457
0.18, 10277
0.18, 10266
0.18, 10261
0.18, 10085
0.19, 10041
0.19, 9961
0.19, 9957
0.20, 9938
0.20, 9918
0.20, 9852
0.20, 9647
0.20, 9578
0.21, 9497
0.22, 9476
0.23, 9467
0.23, 9439
0.27, 9078
0.28, 9069
0.29, 9066
0.31, 9049
0.34, 8826
0.35, 8794
0.35, 8780
0.36, 8591
0.36, 8469
0.37, 8412
0.40, 8387
0.53, 8333
0.54, 8326
0.58, 8288
0.92, 8260
1.09, 8228
1.22, 8199
1.74, 8182
