0.00, 28100
0.02, 27771
0.02, 27559
0.02, 27549
0.02, 26709
0.02, 26535
0.02, 26398
0.02, 26338
0.02, 25953
0.03, 25829
0.03, 25718
0.03, 25320
0.03, 24844
0.03, 24739
0.03, 24647
0.03, 24640
0.03, 24639
0.03, 24606
0.03, 24555
0.03, 24348
0.03, 24343
0.05, 23997
0.05, 23945
0.05, 23668
0.05, 23654
0.05, 23489
0.05, 23401
0.05, 22533
0.05, 22363
0.05, 22311
0.05, 21904
0.05, 21737
0.05, 21466
0.05, 21349
0.05, 21266
0.06, 21214
0.06, 21191
0.06, 21088
0.06, 20871
0.06, 20331
0.06, 20263
0.06, 19922
0.06, 19900
0.06, 18792
0.06, 18510
0.08, 18347
0.08, 18113
0.08, 17869
0.08, 17769
0.08, 17674
0.08, 17453
0.08, 17263
0.08, 17080
0.09, 16952
0.09, 16407
0.09, 16275
0.09, 16219
0.09, 16119
0.09, 16040
0.09, 15283
0.09, 15245
0.09, 15237
0.09, 15183
0.09, 14895
0.09, 14737
0.11, 14733
0.11, 14709
0.11, 14707
0.11, 14432
0.11, 14288
0.11, 14194
0.11, 14044
0.11, 14027
0.13, 13895
0.13, 13809
0.13, 13359
0.13, 13223
0.13, 13107
0.13, 13060
0.13, 12954
0.13, 12819
0.13, 12794
0.13, 12763
0.13, 12692
0.13, 12592
0.13, 12587
0.13, 12564
0.13, 12561
0.14, 12507
0.14, 12324
0.14, 12206
0.14, 12148
0.14, 12126
0.14, 11822
0.14, 11773
0.14, 11564
0.14, 11513
0.14, 11087
0.14, 11056
0.16, 11055
0.16, 10974
0.16, 10866
0.16, 10828
0.16, 10662
0.16, 10435
0.16, 10171
0.16, 9913
0.16, 9843
0.16, 9669
0.16, 9398
0.16, 9337
0.17, 8949
0.17, 8945
0.17, 8944
0.19, 8887
0.20, 8631
0.20, 8611
0.20, 8587
0.22, 8496
0.23, 8494
0.25, 8469
0.25, 8456
0.25, 8416
0.27, 8411
0.28, 8375
0.29, 8276
0.32, 8269
0.32, 8220
0.32, 8192
0.38, 8165
0.38, 8064
0.44, 8043
0.46, 8011
0.47, 8002
0.55, 7988
0.58, 7973
