0.01, 31635
0.01, 31450
0.01, 31145
0.01, 30448
0.01, 30251
0.01, 30116
0.01, 29951
0.02, 29517
0.02, 27724
0.02, 27585
0.02, 26847
0.02, 26845
0.02, 26417
0.02, 26327
0.02, 26212
0.02, 26177
0.03, 25759
0.03, 25576
0.03, 25523
0.03, 24758
0.03, 24328
0.03, 24217
0.04, 24136
0.04, 24107
0.04, 23995
0.04, 23963
0.04, 23437
0.04, 22748
0.04, 22268
0.04, 21487
0.05, 21255
0.05, 21173
0.05, 21145
0.05, 20884
0.05, 20826
0.05, 20725
0.05, 20529
0.05, 20176
0.06, 19467
0.06, 19394
0.06, 19356
0.06, 19248
0.06, 18864
0.06, 18409
0.06, 18207
0.07, 17968
0.07, 17308
0.07, 17178
0.07, 16596
0.07, 16591
0.07, 16432
0.07, 16347
0.08, 16277
0.08, 16228
0.08, 16155
0.08, 16060
0.08, 15757
0.08, 15612
0.09, 15438
0.09, 14921
0.09, 14849
0.09, 14844
0.09, 14639
0.09, 14501
0.10, 14494
0.10, 14365
0.10, 14161
0.10, 14143
0.10, 13959
0.11, 13928
0.11, 13923
0.11, 13812
0.11, 13771
0.11, 13563
0.11, 13540
0.12, 13474
0.12, 13390
0.12, 13274
0.12, 13220
0.12, 13064
0.12, 13034
0.13, 12827
0.13, 12685
0.13, 12357
0.13, 11922
0.13, 11892
0.13, 11732
0.14, 11613
0.14, 11530
0.14, 11499
0.14, 11368
0.14, 11330
0.15, 11201
0.15, 11157
0.15, 11131
0.15, 11090
0.15, 11033
0.15, 10861
0.15, 10414
0.16, 10361
0.16, 10286
0.16, 10146
0.16, 10028
0.17, 10017
0.17, 9996
0.18, 9852
0.18, 9820
0.18, 9766
0.20, 9750
0.20, 9707
0.21, 9699
0.23, 9649
0.23, 9578
0.24, 9506
0.24, 9461
0.24, 9409
0.26, 9399
0.26, 9398
0.27, 9276
0.30, 9252
0.31, 9193
0.39, 8957
0.41, 8836
0.45, 8688
0.53, 8674
0.58, 8659
0.59, 8466
0.60, 8465
0.70, 8457
0.72, 8214
0.83, 8143
0.96, 8142
