0.01, 28982
0.01, 28981
0.01, 28871
0.01, 28853
0.01, 28713
0.01, 28458
0.01, 28438
0.02, 28043
0.02, 27681
0.02, 27629
0.02, 27377
0.02, 27137
0.02, 26504
0.03, 25455
0.03, 25415
0.03, 25215
0.03, 23360
0.03, 22961
0.03, 22745
0.04, 21969
0.04, 21648
0.04, 21597
0.04, 21158
0.04, 20810
0.04, 20501
0.04, 20343
0.04, 19956
0.05, 19092
0.05, 18664
0.05, 18599
0.05, 18337
0.05, 18255
0.05, 17782
0.05, 17729
0.06, 17569
0.06, 17372
0.06, 17196
0.06, 17157
0.06, 16847
0.07, 16765
0.07, 16635
0.07, 16286
0.07, 16221
0.07, 15642
0.08, 15070
0.08, 15010
0.08, 14825
0.08, 14786
0.09, 14440
0.09, 13634
0.09, 13617
0.09, 13587
0.09, 13529
0.09, 13379
0.09, 13224
0.10, 13117
0.10, 13107
0.10, 13014
0.10, 13008
0.10, 12989
0.10, 12861
0.11, 12747
0.11, 12566
0.11, 12478
0.11, 12472
0.12, 11917
0.12, 11682
0.12, 11666
0.12, 11645
0.13, 11634
0.13, 11509
0.13, 11459
0.13, 11446
0.13, 11259
0.13, 11129
0.13, 11080
0.14, 10755
0.14, 10527
0.14, 10509
0.14, 10502
0.14, 10454
0.14, 10446
0.15, 10405
0.15, 10351
0.15, 10241
0.16, 10224
0.16, 10104
0.16, 9956
0.17, 9877
0.17, 9848
0.18, 9842
0.18, 9781
0.18, 9739
0.19, 9706
0.19, 9705
0.20, 9694
0.21, 9532
0.21, 9380
0.22, 9314
0.26, 9057
0.29, 8939
0.31, 8912
0.34, 8867
0.36, 8866
0.38, 8797
0.40, 8726
0.40, 8716
0.41, 8470
0.44, 8466
0.44, 8449
0.46, 8448
0.47, 8416
0.62, 8396
0.71, 8369
0.93, 8349
1.03, 8280
1.55, 8276
1.60, 8275
1.84, 8233
2.16, 8194
2.76, 8188
2.88, 8171
3.74, 8140
