0.01, 28323
0.01, 27837
0.02, 26272
0.02, 25733
0.02, 25719
0.02, 25268
0.02, 25185
0.03, 25060
0.03, 23841
0.03, 23582
0.03, 22905
0.04, 22173
0.04, 21845
0.04, 21805
0.04, 21501
0.04, 21184
0.04, 21027
0.04, 20877
0.04, 20837
0.04, 20169
0.04, 20055
0.05, 20012
0.05, 19845
0.05, 19787
0.05, 19597
0.05, 19548
0.05, 19075
0.05, 18990
0.06, 18926
0.06, 18822
0.06, 18443
0.06, 17919
0.06, 17727
0.06, 16840
0.07, 16790
0.07, 16668
0.07, 16653
0.07, 16528
0.07, 16499
0.07, 15984
0.07, 15939
0.07, 15895
0.08, 15622
0.08, 15480
0.08, 15207
0.08, 15001
0.08, 14982
0.08, 14506
0.09, 14296
0.09, 14215
0.09, 13687
0.09, 13603
0.09, 13584
0.09, 13574
0.10, 13538
0.10, 13402
0.10, 13346
0.10, 13032
0.10, 12904
0.11, 12849
0.11, 12573
0.11, 12534
0.11, 12525
0.11, 12477
0.11, 12309
0.11, 12122
0.12, 11821
0.12, 11820
0.12, 11689
0.12, 11658
0.12, 11395
0.12, 11375
0.12, 11320
0.12, 10990
0.13, 10778
0.13, 10744
0.13, 10670
0.13, 10533
0.13, 10489
0.13, 10418
0.13, 10376
0.13, 10357
0.14, 10128
0.14, 10064
0.14, 10034
0.15, 9983
0.15, 9907
0.16, 9828
0.16, 9696
0.17, 9672
0.17, 9653
0.18, 9545
0.19, 9527
0.19, 9464
0.20, 9386
0.22, 9306
0.23, 9280
0.23, 9269
0.23, 9232
0.24, 9151
0.24, 9131
0.24, 9077
0.26, 9054
0.29, 9023
0.30, 9002
0.35, 8984
0.37, 8852
0.41, 8806
0.47, 8770
0.49, 8705
0.65, 8698
0.67, 8696
0.72, 8691
0.73, 8680
0.76, 8677
0.79, 8621
0.84, 8613
1.10, 8570
1.16, 8552
1.51, 8504
1.90, 8482
2.03, 8439
2.05, 8430
2.09, 8420
