0.01, 30060
0.01, 29749
0.01, 29007
0.01, 28727
0.01, 27915
0.01, 27015
0.01, 26742
0.01, 26300
0.01, 26076
0.02, 25585
0.02, 24273
0.02, 24152
0.02, 24071
0.03, 24017
0.03, 23730
0.04, 22754
0.04, 22633
0.04, 22298
0.04, 21409
0.04, 21227
0.05, 21205
0.05, 21169
0.05, 20978
0.05, 20074
0.05, 19769
0.05, 19700
0.05, 19465
0.05, 19410
0.05, 19274
0.06, 18881
0.06, 18819
0.06, 18476
0.06, 18386
0.06, 18140
0.06, 17969
0.06, 17860
0.07, 17794
0.07, 17619
0.07, 17514
0.07, 17241
0.07, 17024
0.08, 17001
0.08, 16915
0.08, 16803
0.08, 16767
0.08, 16724
0.08, 16696
0.09, 16643
0.09, 16582
0.09, 16573
0.09, 16512
0.09, 15908
0.10, 15298
0.10, 15264
0.10, 15021
0.10, 15006
0.10, 14865
0.10, 14747
0.10, 14459
0.10, 14398
0.11, 14333
0.11, 14323
0.11, 13875
0.11, 13770
0.11, 13695
0.11, 13622
0.11, 13564
0.12, 13453
0.12, 13290
0.12, 13226
0.12, 13106
0.12, 13072
0.12, 12908
0.12, 12828
0.13, 12613
0.13, 12261
0.13, 12004
0.13, 11999
0.13, 11858
0.13, 11752
0.13, 11688
0.13, 11683
0.14, 11611
0.14, 11554
0.14, 11534
0.14, 11450
0.14, 11438
0.15, 11373
0.15, 11291
0.15, 11133
0.15, 11059
0.15, 10651
0.15, 10623
0.16, 10571
0.16, 10446
0.16, 10304
0.16, 10278
0.16, 10238
0.16, 10161
0.17, 10134
0.17, 9855
0.18, 9707
0.18, 9604
0.19, 9505
0.19, 9371
0.22, 9032
0.22, 9026
0.23, 8975
0.24, 8955
0.28, 8941
0.31, 8880
0.31, 8837
0.31, 8835
0.34, 8816
0.38, 8804
0.39, 8770
0.41, 8716
0.46, 8685
0.67, 8637
0.80, 8630
0.82, 8620
1.11, 8601
2.60, 8586
