0.01, 27506
0.01, 26954
0.02, 26835
0.02, 26777
0.02, 26446
0.03, 26351
0.03, 25260
0.03, 25247
0.03, 25194
0.03, 24812
0.03, 24427
0.03, 23807
0.03, 23710
0.03, 23351
0.04, 23217
0.04, 22627
0.04, 22561
0.04, 22024
0.04, 21565
0.04, 21479
0.04, 21322
0.05, 20655
0.05, 20111
0.05, 20102
0.05, 19759
0.05, 19360
0.05, 19289
0.06, 19015
0.06, 18305
0.06, 18253
0.06, 17732
0.06, 17236
0.06, 17199
0.07, 16991
0.07, 16876
0.07, 16715
0.07, 16616
0.07, 15568
0.07, 15556
0.08, 15414
0.08, 15265
0.08, 15031
0.08, 15000
0.08, 14888
0.09, 14553
0.09, 14418
0.09, 14316
0.09, 14175
0.09, 13999
0.09, 13993
0.09, 13768
0.10, 13108
0.10, 12924
0.10, 12791
0.10, 12736
0.10, 12540
0.11, 12219
0.11, 12210
0.11, 12058
0.11, 11934
0.12, 11933
0.12, 11439
0.12, 11337
0.12, 11186
0.12, 11182
0.12, 10839
0.13, 10682
0.13, 10674
0.13, 10599
0.14, 10495
0.14, 10334
0.14, 10218
0.15, 10161
0.15, 10040
0.15, 9895
0.16, 9762
0.16, 9722
0.17, 9559
0.17, 9505
0.17, 9406
0.20, 9354
0.20, 9326
0.21, 9272
0.22, 9259
0.26, 9255
0.26, 9231
0.27, 8983
0.28, 8971
0.29, 8897
0.30, 8878
0.31, 8849
0.32, 8741
0.32, 8680
0.41, 8608
0.47, 8552
0.49, 8525
0.93, 8512
1.00, 8510
1.42, 8498
1.99, 8471
2.46, 8444
2.51, 8437
