0.01, 25113
0.02, 24823
0.02, 24755
0.02, 24053
0.02, 23680
0.02, 23642
0.03, 23575
0.03, 23105
0.03, 22701
0.03, 22658
0.03, 22221
0.03, 22110
0.04, 21980
0.04, 21908
0.04, 21599
0.04, 21221
0.04, 21049
0.04, 20999
0.04, 20368
0.05, 20318
0.05, 19491
0.05, 19443
0.05, 19041
0.05, 18918
0.05, 18526
0.05, 18495
0.06, 18439
0.06, 18314
0.06, 18278
0.06, 17925
0.06, 17885
0.07, 17505
0.07, 17366
0.07, 17237
0.07, 17137
0.07, 16832
0.08, 16830
0.08, 16566
0.08, 16481
0.08, 16337
0.08, 16222
0.08, 16111
0.08, 15737
0.09, 15652
0.09, 15599
0.09, 15404
0.09, 15362
0.09, 14911
0.10, 14812
0.10, 14532
0.10, 14520
0.10, 14406
0.10, 14006
0.10, 13916
0.10, 13712
0.11, 13509
0.11, 13442
0.11, 12920
0.11, 12917
0.12, 12667
0.12, 12459
0.12, 12417
0.12, 12105
0.12, 11981
0.12, 11966
0.13, 11833
0.13, 11826
0.13, 11751
0.13, 11579
0.13, 11557
0.14, 11536
0.14, 11500
0.14, 11415
0.14, 11317
0.15, 10905
0.15, 10883
0.15, 10870
0.15, 10654
0.15, 10639
0.16, 10445
0.16, 10281
0.16, 10280
0.17, 10199
0.18, 10099
0.18, 10049
0.19, 10015
0.19, 10010
0.20, 9985
0.20, 9973
0.21, 9965
0.21, 9861
0.23, 9835
0.25, 9782
0.26, 9759
0.26, 9755
0.28, 9727
0.31, 9565
0.33, 9555
0.34, 9324
0.35, 9267
0.38, 9111
0.40, 8909
0.49, 8884
0.54, 8831
0.55, 8825
0.62, 8817
0.62, 8789
0.63, 8778
0.64, 8628
0.66, 8623
0.69, 8535
0.78, 8484
0.81, 8456
0.86, 8361
0.88, 8339
1.03, 8331
1.32, 8315
1.34, 8286
1.43, 8283
3.10, 8267
