0.02, 26861
0.02, 26692
0.02, 26618
0.02, 25748
0.02, 25188
0.02, 24978
0.02, 24742
0.02, 24607
0.03, 24531
0.03, 24173
0.03, 24112
0.03, 23540
0.03, 23355
0.03, 23210
0.05, 23135
0.05, 22925
0.05, 22395
0.05, 21703
0.05, 20961
0.05, 20516
0.05, 19744
0.05, 19673
0.05, 19546
0.05, 19423
0.05, 19170
0.05, 18952
0.05, 18646
0.05, 18611
0.06, 18432
0.06, 18281
0.06, 17953
0.06, 17715
0.06, 17704
0.06, 17647
0.06, 17547
0.06, 16529
0.06, 16460
0.06, 16360
0.08, 16080
0.08, 15587
0.08, 15578
0.08, 15054
0.08, 14644
0.08, 14143
0.08, 13985
0.08, 13952
0.08, 13760
0.09, 13716
0.09, 13696
0.09, 13621
0.09, 13427
0.09, 13272
0.09, 13249
0.09, 13147
0.09, 13063
0.09, 12933
0.09, 12740
0.11, 12719
0.11, 12499
0.11, 12463
0.11, 12346
0.11, 12296
0.11, 12278
0.11, 12204
0.13, 12151
0.13, 12104
0.13, 11971
0.13, 11895
0.14, 11784
0.14, 11588
0.14, 11570
0.14, 11544
0.14, 11476
0.14, 11466
0.14, 11278
0.16, 11158
0.16, 10941
0.16, 10925
0.16, 10828
0.16, 10064
0.16, 10025
0.16, 10011
0.17, 9911
0.17, 9871
0.17, 9846
0.17, 9803
0.17, 9772
0.17, 9652
0.19, 9616
0.19, 9513
0.22, 9502
0.22, 9493
0.22, 9445
0.24, 9308
0.25, 9304
0.27, 9273
0.27, 9157
0.28, 9152
0.30, 9141
0.30, 9140
0.34, 9113
0.34, 9060
0.39, 8982
0.47, 8910
0.47, 8888
0.48, 8720
0.61, 8691
0.66, 8672
0.69, 8657
0.70, 8645
0.83, 8631
0.84, 8622
0.92, 8619
0.98, 8605
0.98, 8595
0.98, 8594
1.00, 8591
1.03, 8572
1.03, 8561
1.34, 8558
2.06, 8554
2.20, 8538
