0.01, 30991
0.01, 30684
0.01, 30256
0.01, 30206
0.01, 30191
0.01, 29449
0.01, 29180
0.01, 28613
0.01, 28205
0.01, 27669
0.01, 27606
0.02, 27522
0.02, 27509
0.02, 26890
0.02, 26384
0.02, 25694
0.02, 25439
0.02, 24458
0.03, 23859
0.03, 23233
0.03, 22889
0.03, 22715
0.03, 22706
0.03, 22530
0.03, 22330
0.04, 22186
0.04, 21893
0.04, 21756
0.04, 21223
0.04, 20966
0.04, 20878
0.04, 20540
0.04, 20533
0.05, 20369
0.05, 19793
0.05, 19206
0.05, 18900
0.05, 18787
0.05, 18708
0.05, 18192
0.05, 18150
0.06, 17773
0.06, 17725
0.06, 17191
0.06, 17029
0.06, 16920
0.06, 16901
0.07, 16728
0.07, 15929
0.07, 15904
0.07, 15875
0.07, 15683
0.07, 15651
0.08, 15646
0.08, 15484
0.08, 15432
0.08, 15299
0.08, 15056
0.08, 14718
0.09, 14391
0.09, 14157
0.09, 13945
0.09, 13581
0.09, 13504
0.10, 13397
0.10, 13371
0.10, 13324
0.10, 13217
0.10, 13147
0.10, 13013
0.10, 12981
0.10, 12889
0.11, 12526
0.11, 12465
0.11, 12268
0.11, 12083
0.11, 11897
0.11, 11871
0.12, 11707
0.12, 11414
0.12, 11322
0.12, 11313
0.12, 11145
0.13, 11015
0.13, 10996
0.13, 10910
0.14, 10740
0.14, 10330
0.15, 10286
0.15, 10245
0.16, 9965
0.16, 9847
0.16, 9829
0.16, 9820
0.17, 9801
0.17, 9606
0.17, 9446
0.19, 9433
0.20, 9394
0.22, 9304
0.25, 9282
0.25, 9250
0.25, 9242
0.27, 9208
0.27, 9199
0.28, 9155
0.29, 9114
0.29, 9101
0.33, 9088
0.37, 9069
0.42, 8985
0.45, 8984
0.51, 8963
0.53, 8948
0.56, 8856
0.58, 8813
0.59, 8524
0.60, 8518
0.67, 8513
0.69, 8500
0.75, 8492
0.78, 8476
0.79, 8452
0.82, 8441
0.83, 8404
0.83, 8373
0.91, 8328
0.93, 8309
1.21, 8304
1.47, 8297
1.57, 8292
1.93, 8249
1.98, 8105
2.70, 8088
