0.01, 26869
0.01, 26771
0.02, 26621
0.02, 26350
0.02, 25262
0.02, 25145
0.02, 24323
0.03, 23799
0.03, 23500
0.03, 23343
0.03, 23284
0.03, 23071
0.03, 22941
0.03, 22852
0.03, 22447
0.04, 22418
0.04, 22319
0.04, 22269
0.04, 21928
0.04, 21509
0.04, 21430
0.04, 21131
0.04, 20120
0.04, 19930
0.04, 19752
0.05, 19694
0.05, 19488
0.05, 19465
0.05, 19108
0.05, 18703
0.05, 18501
0.06, 18047
0.06, 17916
0.06, 17869
0.06, 17673
0.06, 17583
0.06, 17581
0.06, 17002
0.07, 16843
0.07, 16661
0.07, 16314
0.07, 16136
0.07, 16030
0.07, 16025
0.08, 15921
0.08, 15759
0.08, 15427
0.08, 15269
0.08, 14833
0.08, 14604
0.08, 14357
0.09, 13946
0.09, 13942
0.09, 13647
0.09, 13555
0.09, 13408
0.10, 13369
0.10, 13344
0.10, 13288
0.10, 13283
0.10, 13210
0.11, 13189
0.11, 13132
0.11, 12981
0.11, 12847
0.11, 12832
0.11, 12371
0.12, 12352
0.12, 12246
0.12, 11979
0.12, 11914
0.12, 11774
0.13, 11758
0.13, 11725
0.13, 11644
0.13, 11628
0.13, 11027
0.14, 10838
0.14, 10795
0.14, 10765
0.14, 10614
0.15, 10528
0.15, 10405
0.15, 10396
0.15, 10359
0.15, 10330
0.16, 10260
0.16, 10236
0.16, 10140
0.16, 10050
0.17, 9913
0.18, 9703
0.19, 9649
0.19, 9633
0.19, 9625
0.24, 9622
0.24, 9567
0.25, 9554
0.26, 9553
0.26, 9531
0.26, 9523
0.28, 9454
0.29, 9422
0.30, 9407
0.34, 9376
0.35, 9350
0.35, 9297
0.37, 9255
0.45, 9199
0.52, 9121
0.72, 9100
0.73, 9087
0.73, 9044
0.74, 9043
0.76, 9011
0.78, 8948
0.91, 8910
0.94, 8908
1.14, 8852
1.17, 8842
1.24, 8823
1.86, 8776
2.27, 8761
