0.01, 30093
0.01, 29889
0.01, 29799
0.01, 29600
0.01, 29422
0.01, 28665
0.01, 28081
0.01, 27474
0.02, 27257
0.02, 26942
0.02, 26516
0.03, 26468
0.03, 25604
0.03, 25451
0.03, 25203
0.03, 24458
0.03, 24228
0.03, 22794
0.03, 22424
0.04, 22287
0.04, 22102
0.04, 20844
0.04, 20344
0.04, 19833
0.04, 19743
0.04, 18558
0.04, 18518
0.05, 17494
0.05, 17456
0.05, 17214
0.05, 16963
0.05, 16915
0.05, 16309
0.05, 15883
0.06, 15774
0.06, 15478
0.06, 15317
0.06, 15111
0.06, 14723
0.06, 14698
0.06, 14690
0.07, 14610
0.07, 14556
0.07, 14264
0.07, 14042
0.07, 13830
0.08, 13821
0.08, 13529
0.08, 13392
0.08, 13290
0.08, 13189
0.09, 12523
0.09, 12266
0.09, 12177
0.09, 12018
0.09, 11887
0.10, 11872
0.10, 11737
0.10, 11639
0.11, 11620
0.11, 11409
0.11, 11356
0.11, 11327
0.12, 11287
0.12, 11134
0.12, 11062
0.12, 10979
0.12, 10962
0.13, 10944
0.13, 10824
0.13, 10811
0.13, 10787
0.13, 10766
0.13, 10651
0.14, 10375
0.14, 10368
0.14, 10355
0.14, 9966
0.14, 9931
0.14, 9904
0.15, 9837
0.15, 9705
0.15, 9701
0.15, 9655
0.16, 9623
0.16, 9539
0.16, 9501
0.16, 9412
0.17, 9339
0.17, 9323
0.19, 9255
0.19, 9213
0.21, 9177
0.22, 9136
0.23, 9064
0.26, 9043
0.27, 9003
0.28, 8760
0.28, 8746
0.34, 8744
0.39, 8733
0.44, 8722
0.46, 8595
0.49, 8588
0.50, 8546
0.60, 8521
0.65, 8475
0.71, 8458
0.76, 8436
0.90, 8427
1.12, 8426
1.26, 8414
4.85, 8399
