0.01, 29483
0.01, 29035
0.01, 28704
0.01, 28558
0.01, 28539
0.01, 27919
0.01, 27872
0.02, 27781
0.02, 27409
0.02, 27182
0.02, 26626
0.02, 26210
0.03, 26018
0.03, 25914
0.03, 25628
0.03, 25399
0.03, 25299
0.04, 24752
0.04, 24288
0.04, 23591
0.04, 22822
0.04, 22654
0.04, 22585
0.04, 22406
0.04, 22136
0.05, 21257
0.05, 20927
0.05, 20799
0.05, 20745
0.05, 20283
0.05, 19908
0.05, 19465
0.05, 19118
0.06, 18924
0.06, 18405
0.06, 18351
0.06, 18212
0.06, 18103
0.06, 17985
0.07, 17877
0.07, 17423
0.07, 17401
0.07, 16858
0.07, 16807
0.07, 16648
0.08, 16292
0.08, 16237
0.08, 16137
0.08, 16057
0.08, 15942
0.09, 15937
0.09, 15487
0.09, 15417
0.09, 15394
0.09, 15320
0.10, 15140
0.10, 15022
0.10, 14840
0.10, 14738
0.10, 14594
0.10, 14458
0.11, 14443
0.11, 14255
0.11, 13958
0.11, 13882
0.11, 13881
0.12, 13733
0.12, 13674
0.12, 13613
0.12, 13551
0.12, 13535
0.12, 13419
0.13, 13052
0.13, 13048
0.13, 13008
0.13, 12733
0.13, 12715
0.13, 12677
0.13, 12270
0.13, 12108
0.14, 11854
0.14, 11731
0.14, 11691
0.14, 11643
0.14, 11631
0.14, 11515
0.14, 11496
0.15, 11363
0.15, 11178
0.15, 10976
0.16, 10967
0.16, 10955
0.16, 10788
0.16, 10776
0.17, 10705
0.17, 10617
0.17, 10228
0.17, 10216
0.17, 10065
0.18, 10047
0.19, 9974
0.19, 9712
0.20, 9494
0.20, 9455
0.21, 9361
0.22, 9207
0.25, 9153
0.27, 8816
0.35, 8772
0.38, 8727
0.42, 8718
0.44, 8705
0.46, 8683
0.47, 8552
0.49, 8502
0.64, 8469
0.68, 8438
0.98, 8380
1.01, 8373
1.06, 8308
1.56, 8304
1.58, 8299
2.32, 8293
