0.01, 30603
0.01, 29597
0.01, 28891
0.01, 28821
0.01, 28398
0.02, 28200
0.02, 28090
0.02, 27970
0.02, 27802
0.02, 27197
0.02, 27033
0.02, 25999
0.02, 25658
0.03, 24959
0.03, 24936
0.03, 24549
0.03, 24477
0.04, 24197
0.04, 23873
0.04, 22949
0.04, 22700
0.04, 22158
0.04, 21843
0.04, 21684
0.05, 20358
0.05, 20276
0.05, 19575
0.05, 19137
0.05, 18691
0.05, 18571
0.05, 18494
0.06, 18325
0.06, 18006
0.06, 17848
0.06, 17833
0.06, 17207
0.06, 17000
0.07, 16887
0.07, 16840
0.07, 16684
0.07, 16440
0.07, 16413
0.07, 16323
0.08, 16155
0.08, 16047
0.08, 15837
0.08, 15779
0.08, 15618
0.09, 15334
0.09, 15305
0.09, 15237
0.09, 14984
0.09, 14428
0.09, 14424
0.10, 14217
0.10, 14177
0.10, 14168
0.10, 13482
0.10, 13462
0.11, 13432
0.11, 13020
0.11, 12439
0.11, 12419
0.12, 12102
0.12, 11905
0.12, 11804
0.12, 11512
0.13, 11433
0.13, 11222
0.13, 11177
0.13, 11161
0.13, 11137
0.13, 11030
0.13, 10806
0.14, 10805
0.14, 10653
0.14, 10629
0.14, 10560
0.14, 10523
0.14, 10511
0.14, 10502
0.15, 10497
0.15, 10309
0.15, 10278
0.15, 10238
0.15, 9957
0.15, 9876
0.16, 9869
0.16, 9846
0.16, 9771
0.17, 9753
0.18, 9691
0.19, 9648
0.20, 9639
0.20, 9622
0.20, 9561
0.23, 9543
0.24, 9300
0.24, 9286
0.25, 9281
0.26, 9233
0.26, 9191
0.26, 8994
0.27, 8883
0.28, 8780
0.34, 8753
0.40, 8676
0.41, 8508
0.55, 8492
0.78, 8476
0.78, 8466
0.85, 8374
0.93, 8357
0.95, 8328
1.28, 8308
1.33, 8303
