2.24, 805727
5.14, 805221
8.32, 802366
12.23, 796271
14.11, 795209
15.92, 794992
19.28, 794702
25.88, 791753
28.61, 790842
35.15, 790293
36.92, 790210
38.20, 789991
39.77, 789864
41.08, 788910
42.48, 788440
44.69, 788433
46.01, 787258
50.77, 786988
54.98, 786234
64.46, 785822
70.11, 785301
72.01, 781000
72.80, 779146
74.74, 778687
76.75, 778104
78.05, 777589
79.49, 777505
80.38, 777394
81.89, 776181
82.56, 774816
83.93, 774454
87.22, 774195
90.10, 774154
91.25, 771360
91.76, 764253
92.18, 763749
92.80, 762258
93.49, 762204
94.15, 761567
103.58, 760552
105.87, 760523
106.73, 759951
107.48, 759299
109.27, 759202
113.31, 758995
114.50, 757953
116.77, 757709
