2.16, 807347
4.05, 806798
5.88, 804878
8.09, 804393
9.75, 803762
11.63, 803604
14.31, 803405
16.12, 800445
17.95, 799479
21.63, 799235
24.21, 795048
30.37, 793901
32.89, 793596
36.16, 792858
37.82, 792457
39.79, 792035
41.22, 791937
42.41, 790847
44.91, 790746
49.52, 786654
53.39, 785973
54.96, 784053
64.14, 783467
69.13, 782246
70.03, 781950
71.46, 781228
73.33, 780607
76.48, 776551
80.35, 775945
83.26, 775499
85.18, 774403
86.20, 774246
87.95, 773714
91.21, 773245
91.81, 771546
96.26, 769906
97.48, 767797
99.21, 767123
99.60, 761095
101.67, 760873
105.95, 760430
108.64, 760001
110.27, 759587
112.07, 759491
114.85, 759335
115.08, 759175
115.97, 758989
116.77, 758619
