2.38, 808180
4.67, 803566
6.34, 803285
8.22, 800111
10.28, 799232
12.95, 796880
19.38, 795441
21.84, 795194
23.29, 794250
24.65, 793552
26.26, 793425
27.96, 793060
30.26, 792862
33.49, 792571
35.15, 792408
38.52, 791921
41.66, 789457
43.17, 788987
44.38, 788749
47.70, 787758
50.90, 786127
52.72, 782718
56.01, 781771
60.03, 780826
62.43, 780669
63.71, 779329
64.79, 779160
65.92, 778196
69.30, 778139
72.82, 776650
75.21, 776580
75.88, 774122
76.66, 773924
80.00, 773530
80.83, 770063
81.62, 769717
82.89, 769395
84.06, 769167
85.72, 768439
86.67, 768357
88.21, 767793
89.84, 766557
92.36, 766427
94.40, 766247
107.49, 766202
110.18, 765452
110.91, 764744
116.88, 764701
117.30, 764633
117.85, 763910
118.07, 755793
118.47, 755442
119.66, 754005
