2.46, 808066
4.44, 807746
6.19, 806390
10.59, 805652
12.34, 805416
14.85, 805223
17.45, 804992
20.13, 804739
21.62, 804340
23.29, 803715
25.47, 803382
27.23, 803080
29.37, 802395
31.24, 802182
32.71, 801157
34.65, 801006
36.91, 799841
39.79, 799093
41.58, 798332
46.99, 793984
48.30, 793660
49.71, 793548
50.96, 790408
53.39, 790102
55.92, 789369
57.38, 789182
59.69, 788867
62.55, 788675
63.46, 787808
66.32, 787337
67.30, 785843
68.61, 785817
70.36, 785560
74.26, 785033
75.03, 784791
78.13, 784745
80.99, 784450
81.72, 784260
82.56, 783621
83.24, 782459
84.34, 782090
85.38, 780786
86.75, 776501
88.02, 776427
91.92, 775937
94.26, 775194
96.02, 774201
96.74, 773398
98.03, 773037
100.11, 772769
103.02, 772536
107.51, 767909
110.28, 766576
111.01, 766357
113.00, 765610
114.74, 762388
115.94, 762332
116.07, 762044
118.40, 760759
