2.38, 808218
5.95, 803669
9.72, 801258
11.76, 801028
13.51, 800367
15.44, 800283
17.17, 799790
18.96, 790614
21.58, 789934
23.26, 789803
25.88, 788497
30.74, 787053
33.71, 786557
35.04, 781506
36.60, 777518
37.96, 775652
40.26, 775573
41.55, 775101
44.86, 774135
47.01, 773360
51.17, 773152
53.54, 771465
65.65, 770452
69.17, 770411
71.25, 770278
73.51, 768290
77.52, 766938
78.87, 766474
80.79, 765981
82.98, 764269
90.92, 763752
92.60, 760585
93.43, 760555
94.84, 759525
99.11, 759446
99.57, 759317
109.26, 759077
110.29, 758567
116.74, 757430
116.92, 756128
