0.00, 189532
0.02, 183509
0.02, 182368
0.02, 181204
0.02, 159556
0.02, 152696
0.03, 150067
0.03, 145246
0.05, 144984
0.05, 141026
0.05, 140830
0.06, 140224
0.06, 136791
0.06, 136264
0.06, 136054
0.08, 135069
0.08, 134423
0.08, 133436
0.08, 133345
0.08, 132912
0.09, 132635
0.09, 130474
0.09, 127079
0.09, 121624
0.09, 121474
0.11, 121039
0.11, 120628
0.13, 119294
0.13, 115858
0.13, 115224
0.13, 114427
0.13, 114103
0.14, 113915
0.14, 113123
0.14, 111084
0.14, 111076
0.16, 110845
0.16, 109724
0.16, 104122
0.17, 104081
0.17, 102800
0.17, 102757
0.17, 102714
0.19, 102693
0.20, 101829
0.20, 100435
0.22, 100258
0.24, 100070
0.24, 98952
0.24, 98808
0.28, 96539
0.28, 95056
0.28, 94685
0.30, 94631
0.30, 94285
0.31, 93960
0.31, 92903
0.31, 91862
0.31, 91484
0.33, 90657
0.33, 89828
0.34, 89775
0.34, 89731
0.34, 89549
0.34, 88721
0.36, 88154
0.39, 87410
0.41, 86953
0.41, 86856
0.42, 84952
0.45, 84581
0.45, 84313
0.47, 83624
0.47, 80890
0.47, 80887
0.47, 79534
0.49, 78992
0.50, 77700
0.50, 77606
0.52, 76527
0.53, 76408
0.53, 76254
0.53, 75546
0.55, 74952
0.56, 74685
0.56, 74491
0.56, 74489
0.56, 74356
0.69, 74193
0.69, 73238
0.69, 72552
0.74, 72409
0.83, 72185
0.83, 71617
0.84, 70990
0.84, 70901
0.88, 70896
0.94, 69975
1.05, 69495
1.08, 69232
1.20, 69081
1.25, 69079
1.38, 68780
1.42, 68756
1.42, 68712
1.58, 68593
1.58, 67057
1.61, 67002
1.61, 66761
1.63, 66529
1.75, 65667
1.78, 65653
1.81, 65272
1.94, 65259
2.02, 65147
2.03, 64651
2.23, 64337
2.25, 64127
2.31, 63455
2.53, 63449
2.59, 63321
2.61, 63143
2.80, 62653
2.80, 62644
2.81, 62364
3.43, 62182
3.48, 61590
3.54, 61425
3.75, 61369
3.76, 61097
3.85, 61078
3.96, 60788
3.96, 60712
4.17, 60341
4.78, 60153
5.01, 59888
5.24, 59770
5.32, 59285
8.68, 59161
8.69, 59068
8.96, 58378
10.18, 58315
10.38, 58275
10.39, 58075
10.58, 57847
13.82, 57780
14.34, 57614
22.93, 57594
23.27, 57488
23.33, 57109
23.71, 56838
24.52, 56584
26.76, 56513
26.86, 56174
27.88, 56110
45.96, 55841
48.07, 55507
48.59, 55489
48.60, 55069
61.21, 54767
68.55, 54730
105.34, 54614
