0.00, 197753
0.02, 193114
0.02, 179151
0.02, 174224
0.03, 172975
0.03, 171091
0.03, 170470
0.03, 165523
0.05, 164500
0.05, 162344
0.05, 161438
0.05, 156189
0.06, 153701
0.06, 149111
0.06, 147447
0.06, 147284
0.06, 143571
0.06, 141251
0.06, 140974
0.08, 138702
0.08, 138188
0.09, 137790
0.09, 132310
0.09, 131580
0.11, 129481
0.11, 129423
0.13, 129251
0.13, 126986
0.13, 126794
0.13, 123596
0.13, 122720
0.13, 120370
0.14, 120326
0.14, 118657
0.14, 116994
0.14, 115468
0.14, 114823
0.16, 114607
0.16, 114265
0.16, 113762
0.16, 112569
0.17, 111805
0.17, 111556
0.17, 111003
0.17, 110625
0.17, 110513
0.19, 110051
0.20, 109730
0.20, 108568
0.20, 107150
0.20, 106112
0.20, 105746
0.20, 105209
0.22, 104669
0.22, 103448
0.23, 100799
0.23, 99714
0.27, 97739
0.27, 96907
0.28, 95914
0.30, 94445
0.42, 93964
0.53, 93394
0.55, 93278
0.56, 93121
0.58, 92909
0.58, 91584
0.58, 90574
0.59, 90509
0.61, 89805
0.63, 89300
0.64, 88710
0.64, 88671
0.64, 87897
0.64, 86715
0.67, 86165
0.69, 84483
0.69, 83811
0.69, 80208
0.70, 78741
0.72, 78675
0.72, 78550
0.72, 78417
0.75, 78041
0.75, 77032
0.75, 76827
0.83, 74976
0.83, 74889
0.84, 73943
0.84, 72919
0.84, 71725
0.95, 71521
1.00, 70588
1.02, 69885
1.03, 69446
1.08, 69361
1.11, 69150
1.13, 69144
1.13, 68435
1.14, 68282
1.14, 67425
1.17, 67292
1.20, 67059
1.30, 66745
1.33, 65458
1.44, 65143
1.59, 64527
1.59, 64522
2.45, 64372
2.53, 63806
2.53, 63760
2.64, 63739
2.70, 63398
6.61, 62981
6.62, 61821
6.78, 61362
6.95, 61344
7.05, 60948
7.92, 60436
8.05, 60139
10.64, 60115
10.75, 59973
10.97, 59810
58.61, 59631
76.18, 59248
76.73, 59219
77.29, 58684
77.34, 58636
82.96, 58631
84.79, 58528
85.65, 58380
85.69, 58297
85.77, 57899
87.05, 57669
87.51, 57461
106.81, 57364
111.76, 56490
112.05, 56359
112.15, 56295
