0.00, 162103
0.02, 158151
0.03, 156917
0.05, 155100
0.05, 152376
0.06, 150778
0.06, 149996
0.06, 149480
0.06, 148742
0.08, 143428
0.09, 141017
0.09, 136928
0.09, 136151
0.11, 133465
0.11, 131336
0.13, 131102
0.13, 130783
0.13, 129634
0.13, 127360
0.13, 126781
0.13, 125930
0.16, 125659
0.16, 125425
0.17, 124881
0.17, 124801
0.17, 123662
0.17, 122933
0.19, 121460
0.19, 120419
0.19, 119765
0.19, 119524
0.19, 118956
0.19, 118102
0.19, 113883
0.20, 111965
0.22, 111319
0.24, 104150
0.25, 101402
0.27, 100524
0.27, 99970
0.30, 98412
0.31, 97964
0.38, 97030
0.38, 96654
0.39, 95653
0.39, 95111
0.41, 94566
0.41, 94350
0.42, 93521
0.42, 92211
0.44, 90959
0.44, 89005
0.45, 88270
0.45, 87910
0.45, 86554
0.47, 86528
0.47, 86139
0.47, 84405
0.47, 83910
0.47, 83785
0.49, 83726
0.53, 83248
0.55, 83177
0.58, 83164
0.58, 81858
0.66, 81565
0.66, 81344
0.67, 81002
0.77, 79493
0.78, 78859
0.81, 77400
0.81, 76857
0.81, 76768
0.83, 75167
0.89, 75161
0.91, 75131
0.92, 75127
0.97, 74143
0.99, 73828
1.05, 73432
1.06, 72794
1.09, 71727
1.13, 71594
1.14, 71239
1.36, 69474
1.39, 69361
1.45, 69180
1.56, 68635
1.56, 67677
1.58, 66921
1.66, 66541
1.67, 66428
1.70, 66331
1.77, 65723
1.81, 65639
1.84, 65212
1.84, 64560
1.89, 64341
1.91, 64264
1.92, 63260
1.98, 63207
2.09, 62844
2.25, 62572
2.30, 61846
2.52, 61811
2.69, 61181
2.91, 60161
3.07, 60027
3.61, 59711
4.03, 59629
4.09, 59339
4.15, 59236
5.15, 58984
5.29, 58843
7.01, 58679
7.81, 58589
7.89, 58252
7.90, 57816
8.10, 57520
8.40, 57414
8.46, 57345
8.49, 57090
8.53, 57048
8.56, 56838
9.37, 56788
9.51, 56319
9.54, 55981
9.56, 55903
9.57, 55663
10.56, 54853
11.90, 54806
13.46, 54691
13.51, 53437
