0.02, 183801
0.02, 178510
0.03, 175314
0.03, 174261
0.03, 170310
0.03, 169111
0.03, 165448
0.03, 163139
0.03, 160904
0.03, 159534
0.03, 154633
0.05, 150504
0.05, 150355
0.05, 146322
0.08, 145482
0.08, 143535
0.09, 139419
0.09, 139305
0.09, 136875
0.09, 135451
0.11, 135079
0.11, 132477
0.11, 132341
0.13, 130847
0.13, 127329
0.14, 126799
0.16, 125193
0.16, 124852
0.17, 124179
0.19, 121772
0.22, 121254
0.22, 120282
0.23, 120041
0.27, 117183
0.27, 115776
0.27, 114434
0.27, 112483
0.27, 111300
0.28, 110358
0.28, 109983
0.28, 109425
0.30, 107964
0.30, 107553
0.30, 107283
0.30, 107243
0.30, 107036
0.31, 106286
0.31, 104702
0.31, 104560
0.33, 103963
0.33, 103696
0.36, 103358
0.38, 101219
0.38, 100240
0.38, 99521
0.38, 99268
0.39, 98581
0.41, 97999
0.41, 97620
0.41, 97602
0.42, 97242
0.45, 97073
0.45, 97040
0.45, 95304
0.47, 95075
0.47, 94843
0.50, 94611
0.52, 89773
0.52, 88797
0.53, 88388
0.53, 88089
0.55, 85508
0.56, 85427
0.58, 84981
0.58, 84896
0.58, 83962
0.59, 83887
0.63, 83878
0.64, 82301
0.64, 82248
0.66, 82123
0.69, 81719
0.70, 81185
0.72, 80070
0.75, 79720
0.78, 78935
0.84, 77393
0.97, 77299
1.03, 77293
1.05, 76640
1.06, 76513
1.06, 76494
1.08, 76418
1.10, 75728
1.15, 75432
1.16, 74623
1.18, 74344
1.22, 74011
1.24, 74001
1.25, 73972
1.27, 73367
1.27, 73254
1.58, 72596
1.60, 71695
1.69, 69494
1.89, 69463
2.24, 68030
2.34, 67887
2.40, 67816
2.60, 66345
2.65, 66257
2.66, 65130
2.85, 64840
2.98, 64534
3.01, 63998
3.15, 63795
3.18, 63590
3.20, 63389
3.20, 62770
3.20, 62466
3.23, 62380
3.24, 62303
3.54, 61878
3.56, 61319
3.56, 61030
3.57, 60819
3.68, 60574
3.71, 60507
4.77, 60252
5.75, 60136
7.31, 60029
7.32, 59818
8.23, 59691
8.28, 59574
8.30, 59484
8.39, 58162
8.94, 58153
23.61, 57850
23.95, 57071
24.06, 57013
28.79, 56906
28.82, 56800
37.98, 56774
46.47, 56415
57.88, 56004
59.19, 55965
59.28, 55881
59.69, 55668
62.73, 55651
79.42, 55531
79.52, 55271
79.53, 55174
79.89, 54836
79.96, 54722
80.30, 54471
84.57, 54312
84.70, 54250
89.23, 54236
90.78, 54221
90.84, 54147
90.84, 53939
90.87, 53555
90.89, 53389
91.11, 52895
92.63, 52860
