0.02, 189717
0.02, 186210
0.02, 185150
0.02, 182575
0.03, 182509
0.03, 181048
0.03, 180221
0.03, 176328
0.03, 175627
0.03, 170884
0.03, 167415
0.05, 166993
0.05, 161129
0.05, 159749
0.06, 159489
0.06, 158631
0.06, 158463
0.06, 157422
0.06, 156411
0.08, 154548
0.08, 154066
0.08, 154025
0.09, 153682
0.09, 147701
0.09, 144178
0.11, 143465
0.11, 139910
0.11, 133861
0.13, 131055
0.16, 129822
0.17, 129090
0.19, 127193
0.19, 126685
0.19, 126168
0.19, 124903
0.19, 124712
0.19, 123959
0.20, 123535
0.20, 122558
0.20, 121707
0.20, 121136
0.22, 118723
0.22, 118633
0.22, 117904
0.22, 117596
0.22, 114879
0.22, 113235
0.23, 113003
0.23, 110717
0.23, 108741
0.23, 103526
0.25, 102772
0.27, 100606
0.28, 99067
0.30, 93603
0.30, 93593
0.30, 92457
0.33, 92341
0.33, 91684
0.36, 90967
0.39, 89715
0.45, 88898
0.45, 88212
0.47, 86754
0.48, 86246
0.52, 86050
0.53, 86011
0.53, 85721
0.53, 84948
0.53, 82927
0.55, 81277
0.55, 81006
0.55, 80157
0.56, 78464
0.63, 78418
0.64, 78268
0.64, 77905
0.64, 76317
0.66, 75109
0.69, 74677
0.69, 74161
0.70, 73552
0.70, 72910
0.72, 72723
0.73, 72641
0.73, 72586
0.75, 71978
0.81, 71593
0.81, 71545
0.91, 69617
0.91, 69308
0.92, 68858
1.02, 68549
1.02, 68359
1.09, 67979
1.28, 67182
1.36, 66801
1.36, 66524
1.37, 66234
1.42, 66195
1.98, 66177
2.03, 65999
2.08, 65731
3.12, 65348
3.39, 64052
3.47, 63657
3.51, 63090
3.84, 62505
5.30, 62475
5.66, 62022
5.81, 61961
6.06, 61681
6.78, 61381
6.80, 61359
7.22, 61038
7.30, 60971
7.31, 60685
7.36, 60651
7.64, 60384
7.66, 59726
8.34, 59662
9.80, 59572
9.88, 59564
10.27, 59438
10.37, 58609
10.69, 58544
10.91, 57705
11.19, 57403
11.19, 57363
11.31, 57282
11.69, 57140
11.77, 56528
14.37, 56445
14.40, 56302
15.84, 56013
16.97, 55949
18.25, 55585
18.37, 55498
18.39, 55477
19.12, 55440
23.48, 55425
26.60, 55399
32.31, 55200
32.40, 55105
33.28, 54952
