0.02, 182486
0.02, 182078
0.03, 179908
0.03, 173570
0.03, 171128
0.03, 169047
0.05, 168032
0.05, 165392
0.05, 162932
0.05, 162414
0.05, 161899
0.06, 161008
0.06, 159455
0.06, 153959
0.06, 147545
0.06, 146288
0.08, 144979
0.09, 144603
0.11, 141472
0.11, 135590
0.11, 134226
0.13, 130156
0.13, 129225
0.13, 128945
0.13, 126993
0.13, 125755
0.14, 117836
0.14, 117341
0.16, 115302
0.16, 114876
0.17, 113305
0.17, 112793
0.17, 110591
0.17, 108874
0.17, 108410
0.19, 108019
0.19, 107639
0.20, 106433
0.20, 104879
0.22, 101917
0.23, 100805
0.23, 100496
0.23, 97807
0.27, 96979
0.28, 93017
0.28, 92099
0.28, 90033
0.31, 88554
0.33, 88313
0.33, 88130
0.33, 88101
0.36, 87965
0.36, 86840
0.36, 86391
0.36, 85031
0.38, 84750
0.38, 83992
0.39, 83862
0.39, 82805
0.41, 82165
0.52, 81521
0.59, 81321
0.59, 81233
0.66, 80879
0.66, 80791
0.70, 80348
0.70, 80203
0.72, 79559
0.73, 78006
0.77, 77793
0.78, 76921
0.83, 74991
0.86, 74069
0.86, 73799
0.91, 73339
0.93, 73312
1.07, 73096
1.16, 72876
1.16, 71443
1.24, 71160
1.56, 70939
1.62, 70023
1.77, 69567
1.93, 68820
1.98, 67792
1.98, 67384
1.99, 66683
2.24, 66299
2.52, 66271
2.66, 66208
2.74, 66121
3.15, 65893
3.64, 65802
3.68, 65617
3.68, 65395
3.70, 65004
3.82, 64490
3.84, 64472
3.84, 64450
4.06, 64217
4.11, 64169
4.28, 64000
4.38, 62931
4.47, 62876
4.50, 62752
4.53, 62322
4.63, 62069
5.75, 60816
6.93, 60772
7.21, 60761
7.25, 60754
7.43, 60322
7.43, 60148
7.44, 60021
7.58, 59926
7.75, 59117
7.80, 58784
7.88, 58489
8.66, 58454
10.77, 58210
10.80, 57619
11.17, 57571
12.97, 57524
13.08, 57494
13.11, 57163
13.46, 56540
15.28, 55961
15.35, 55885
15.72, 55865
16.18, 55762
16.40, 55609
16.91, 55453
17.39, 55407
18.75, 55313
19.77, 55278
59.91, 55013
