0.02, 204234
0.02, 195677
0.02, 194009
0.02, 190349
0.03, 183076
0.03, 183060
0.03, 181258
0.03, 180441
0.03, 176835
0.03, 159030
0.03, 157604
0.03, 155496
0.05, 153785
0.05, 153111
0.06, 145266
0.06, 143813
0.06, 143087
0.08, 138456
0.08, 138238
0.09, 135479
0.11, 130525
0.11, 128221
0.13, 127919
0.13, 122983
0.13, 122920
0.14, 121810
0.14, 120740
0.17, 119965
0.17, 119886
0.17, 118542
0.19, 117870
0.19, 114880
0.19, 114810
0.19, 113127
0.20, 112559
0.20, 111896
0.20, 111095
0.20, 110333
0.23, 109343
0.23, 108814
0.28, 108327
0.30, 106467
0.30, 104827
0.30, 101150
0.31, 99860
0.31, 99402
0.34, 98585
0.36, 97313
0.39, 97017
0.41, 96803
0.44, 94399
0.45, 93719
0.52, 93628
0.53, 93470
0.56, 93464
0.59, 92171
0.59, 91953
0.59, 91898
0.61, 91582
0.63, 91333
0.63, 90290
0.64, 89593
0.69, 88223
0.69, 88195
0.69, 87162
0.70, 86380
0.70, 85295
0.72, 84950
0.73, 80219
0.80, 79391
0.84, 78591
0.84, 77824
0.88, 77225
0.89, 77172
0.91, 77054
0.95, 76707
1.06, 76470
1.08, 76176
1.09, 75711
1.13, 75087
1.22, 73697
1.39, 72755
1.45, 72661
1.47, 71702
1.48, 71614
1.50, 68622
1.52, 68046
1.56, 67478
1.58, 67298
1.58, 67284
1.70, 67230
1.70, 66891
1.81, 66864
1.84, 66849
1.86, 66626
1.95, 66083
2.06, 66050
2.14, 65430
2.17, 65419
2.20, 65053
2.20, 64754
2.47, 64451
2.66, 64190
3.05, 64048
3.61, 63073
3.81, 62692
3.83, 62312
3.86, 62152
3.87, 61166
3.89, 60336
3.91, 60304
3.94, 60063
6.47, 60058
6.77, 59442
8.51, 59040
8.66, 58910
8.69, 58414
8.86, 58297
8.88, 58089
8.88, 57765
9.19, 57628
12.99, 57488
13.12, 57468
13.68, 56960
19.15, 56932
19.18, 56608
19.21, 56196
20.31, 56181
30.63, 56159
30.71, 56140
34.22, 56129
34.73, 56082
34.94, 56007
35.01, 55885
35.34, 55255
39.54, 55191
43.05, 54752
54.77, 54492
112.46, 54478
