0.02, 190632
0.02, 186366
0.02, 186117
0.02, 179768
0.03, 178793
0.03, 178161
0.03, 177708
0.03, 169698
0.03, 169080
0.03, 168316
0.05, 164757
0.05, 161116
0.05, 159089
0.05, 153967
0.05, 151934
0.05, 149464
0.05, 144740
0.05, 142295
0.06, 139835
0.06, 132096
0.06, 131444
0.06, 131366
0.06, 130363
0.08, 128639
0.08, 121000
0.08, 120275
0.08, 117910
0.08, 117841
0.08, 117536
0.09, 117265
0.09, 117026
0.09, 116375
0.11, 116315
0.11, 115561
0.13, 115510
0.13, 115397
0.13, 113734
0.16, 113057
0.16, 111521
0.19, 109470
0.19, 109346
0.20, 107752
0.22, 106765
0.22, 106668
0.23, 106024
0.23, 104945
0.23, 103980
0.23, 102549
0.25, 101837
0.25, 100094
0.27, 100041
0.28, 99421
0.28, 99034
0.30, 97076
0.30, 96586
0.31, 95771
0.33, 95269
0.34, 95223
0.39, 93739
0.41, 93373
0.41, 93150
0.41, 92635
0.42, 91945
0.42, 91424
0.47, 91400
0.47, 91144
0.48, 90684
0.53, 90537
0.55, 90500
0.55, 87149
0.55, 86230
0.59, 85560
0.59, 85058
0.64, 84230
0.69, 84169
0.70, 83912
0.77, 83845
0.83, 83784
0.89, 83647
0.91, 82938
0.94, 82371
0.95, 82159
0.95, 81829
0.97, 81308
0.97, 80769
0.97, 80690
1.00, 80546
1.02, 79969
1.05, 79289
1.11, 79229
1.12, 78310
1.12, 77956
1.12, 77529
1.19, 76813
1.20, 76131
1.23, 75930
1.23, 75801
1.30, 74658
1.36, 74580
1.37, 74297
1.37, 74186
1.39, 73702
1.39, 73430
1.41, 73115
1.41, 72519
1.41, 71642
1.45, 70873
1.59, 70422
1.66, 70170
1.69, 70151
1.72, 70042
1.75, 69667
1.77, 69609
1.78, 68321
1.83, 67541
1.84, 66983
1.84, 66871
1.89, 66762
2.09, 66641
2.17, 66617
2.19, 66455
2.19, 64871
2.23, 64682
2.25, 64639
2.27, 64288
2.28, 64062
2.30, 62889
2.67, 62713
2.78, 62134
2.84, 62131
2.92, 61988
3.00, 61957
3.00, 61847
3.02, 61540
3.06, 61337
3.09, 61306
3.11, 61048
3.19, 60379
3.41, 60366
3.44, 60318
3.48, 59979
3.52, 59906
3.80, 59584
4.22, 58737
4.62, 58025
4.76, 57935
4.76, 57268
4.80, 56771
5.11, 56251
5.37, 55910
5.50, 55471
6.78, 55446
8.32, 55418
8.53, 55274
8.64, 54985
10.42, 54881
12.57, 54763
12.98, 54354
13.06, 54339
13.88, 54214
13.91, 53878
26.61, 53683
26.64, 53622
26.68, 53488
93.52, 53470
93.59, 52948
