0.00, 197987
0.02, 181621
0.02, 180496
0.03, 178582
0.03, 167751
0.03, 167503
0.03, 165288
0.03, 161384
0.03, 153867
0.03, 149132
0.03, 145717
0.05, 145356
0.05, 144560
0.05, 142810
0.06, 141415
0.06, 138389
0.06, 135672
0.06, 134598
0.06, 133205
0.08, 132584
0.09, 131655
0.09, 131610
0.09, 127409
0.09, 126544
0.11, 126491
0.11, 125947
0.13, 125829
0.13, 124312
0.13, 122767
0.14, 122467
0.16, 121296
0.16, 120816
0.17, 117532
0.17, 113049
0.19, 110975
0.19, 110017
0.20, 109237
0.20, 108359
0.20, 107971
0.20, 106489
0.24, 106272
0.24, 105260
0.24, 103782
0.25, 101545
0.25, 101396
0.28, 101193
0.28, 100636
0.28, 99180
0.30, 98823
0.30, 94613
0.30, 93345
0.30, 90655
0.31, 90143
0.33, 90041
0.33, 89458
0.34, 87647
0.36, 87514
0.38, 87339
0.38, 87240
0.38, 85113
0.39, 84497
0.39, 83837
0.41, 83054
0.41, 82801
0.45, 82425
0.47, 81853
0.49, 81816
0.55, 80231
0.55, 79601
0.55, 78743
0.75, 77553
0.75, 76842
0.77, 75404
0.78, 74999
0.80, 74817
0.80, 74429
0.80, 74212
0.91, 73959
0.94, 73933
0.94, 73442
1.05, 73368
1.11, 70991
1.13, 70547
1.13, 70407
1.19, 70261
1.31, 69948
1.34, 69793
1.38, 69785
1.38, 68243
1.41, 67674
1.41, 67433
1.42, 67430
1.42, 66555
1.45, 65646
1.50, 65642
1.53, 65491
1.55, 65342
1.55, 65075
1.59, 65002
1.75, 64844
1.77, 64310
1.78, 63854
1.78, 63705
1.80, 62885
1.86, 62843
2.00, 62761
2.13, 62531
2.22, 62207
2.25, 62194
2.56, 62041
2.56, 62039
2.59, 61604
2.72, 61130
2.77, 61053
3.23, 60865
3.28, 60228
3.81, 59938
4.11, 59856
4.17, 58827
4.22, 58794
4.42, 58415
4.70, 58392
4.77, 58376
4.97, 58269
4.98, 58082
6.80, 57926
6.97, 57838
9.25, 57807
10.09, 57437
12.72, 57135
14.87, 57127
14.92, 56700
14.93, 56426
14.98, 56316
15.26, 56274
15.56, 56237
19.87, 56222
19.89, 56148
19.90, 55608
20.73, 55532
26.82, 55268
86.22, 55246
95.12, 54916
95.41, 54809
