0.00, 195475
0.02, 189727
0.02, 187793
0.02, 183896
0.02, 167360
0.03, 159986
0.03, 157078
0.03, 155638
0.05, 154435
0.05, 147947
0.05, 145629
0.05, 142018
0.05, 141891
0.05, 139039
0.05, 139009
0.06, 138656
0.06, 138566
0.06, 137433
0.06, 136465
0.08, 134947
0.08, 130722
0.09, 129917
0.11, 129475
0.13, 129349
0.14, 129309
0.14, 127484
0.14, 127285
0.14, 126750
0.16, 125972
0.16, 124974
0.17, 123644
0.19, 123552
0.19, 122894
0.19, 122330
0.19, 121887
0.19, 120566
0.19, 116032
0.20, 112880
0.20, 112841
0.23, 110854
0.27, 110841
0.27, 110258
0.30, 109555
0.31, 109245
0.33, 109170
0.33, 108715
0.36, 107287
0.36, 106123
0.38, 105854
0.38, 105121
0.38, 104612
0.39, 101566
0.41, 101236
0.42, 100767
0.42, 98947
0.44, 98096
0.45, 96035
0.45, 95907
0.47, 95730
0.48, 94252
0.48, 93851
0.50, 93779
0.52, 93341
0.52, 93303
0.53, 92686
0.53, 92622
0.56, 92114
0.58, 92113
0.59, 91958
0.59, 91599
0.80, 90891
0.82, 90696
0.83, 90310
0.85, 88731
0.94, 88102
0.94, 87594
0.96, 87300
0.99, 86789
1.07, 83085
1.14, 81153
1.14, 80964
1.18, 80689
1.24, 79482
1.27, 79163
1.28, 78998
1.30, 78972
1.30, 78496
1.33, 77338
1.43, 77203
1.63, 77000
1.75, 76680
1.78, 76628
1.82, 76136
2.14, 75676
2.53, 75314
2.82, 75188
2.82, 74288
2.87, 74148
2.87, 73849
2.95, 73843
3.09, 72766
3.17, 71630
3.33, 71436
3.34, 70845
3.34, 70733
3.36, 70445
3.37, 69792
3.40, 67588
3.51, 67462
3.53, 67341
3.55, 66748
3.58, 65723
3.59, 65536
3.72, 65401
4.05, 64652
4.81, 63911
5.45, 63587
6.03, 63346
7.75, 62977
7.80, 62877
8.09, 62298
8.58, 62289
8.70, 62199
9.52, 62135
9.57, 61843
9.57, 61338
9.62, 60596
10.05, 60451
10.13, 60433
10.23, 59729
10.73, 59669
10.96, 59313
11.68, 59232
12.67, 58940
13.67, 58885
14.60, 58499
15.25, 58198
15.55, 58186
15.68, 58041
15.79, 57944
16.16, 57893
16.18, 57591
16.32, 57470
16.35, 57361
16.37, 57328
16.85, 57240
18.59, 56869
18.73, 56041
19.64, 55518
20.23, 55452
20.87, 55346
20.89, 54820
21.03, 54656
21.69, 54594
40.91, 54580
48.85, 54461
50.52, 54228
50.52, 54182
114.88, 53885
