0.02, 179962
0.02, 177549
0.02, 173004
0.03, 166384
0.03, 164336
0.03, 161700
0.05, 159464
0.05, 158547
0.05, 157454
0.05, 157145
0.05, 152870
0.08, 152061
0.08, 150390
0.08, 149707
0.08, 147342
0.09, 147265
0.09, 137308
0.09, 136192
0.09, 134528
0.09, 133080
0.11, 127928
0.11, 125496
0.11, 125005
0.11, 122368
0.11, 121495
0.16, 118734
0.16, 113361
0.16, 112847
0.16, 111696
0.17, 111218
0.19, 111022
0.20, 109767
0.20, 109397
0.20, 108182
0.22, 107741
0.22, 107503
0.22, 105583
0.22, 103302
0.25, 103000
0.27, 102820
0.27, 101970
0.28, 98886
0.28, 98283
0.30, 97530
0.31, 97041
0.31, 97018
0.33, 94591
0.33, 94058
0.33, 93880
0.38, 92767
0.38, 91906
0.41, 91769
0.41, 91760
0.42, 90862
0.42, 90462
0.44, 90388
0.45, 90071
0.48, 89524
0.52, 88861
0.52, 88800
0.52, 88752
0.53, 88689
0.58, 88292
0.61, 88268
0.63, 87927
0.64, 87380
0.64, 87346
0.64, 87192
0.66, 85339
0.66, 83844
0.70, 83114
0.77, 82622
0.83, 81531
0.84, 80355
0.88, 79634
0.92, 79159
0.92, 79096
0.95, 78995
0.95, 78788
0.97, 78383
1.03, 77936
1.05, 77750
1.05, 76796
1.08, 75697
1.16, 75638
1.25, 75320
1.25, 74687
1.25, 74168
1.30, 73371
1.36, 73103
1.42, 72506
1.42, 72502
1.45, 72385
1.47, 72006
1.50, 71897
1.53, 71006
1.55, 70976
1.58, 70562
1.63, 70535
1.64, 70397
1.66, 70116
1.72, 69982
1.86, 69552
2.04, 69139
2.36, 69104
2.37, 69034
2.37, 68530
2.39, 67996
2.39, 67859
2.54, 67352
2.69, 67095
2.70, 66626
2.98, 66581
3.03, 66470
3.04, 66464
3.06, 66117
3.09, 65157
3.17, 64979
3.19, 64931
3.76, 64499
4.06, 64068
4.17, 64019
5.23, 63751
5.39, 63749
6.43, 62192
6.58, 62127
6.98, 61832
7.51, 61389
8.09, 61150
8.25, 61037
10.54, 60627
10.56, 60381
18.20, 60239
18.90, 59974
19.03, 59605
21.21, 59260
21.23, 58712
21.23, 58710
24.51, 58126
25.18, 57523
25.21, 57213
25.23, 56403
25.29, 56248
28.15, 56176
31.02, 56148
31.08, 56137
31.44, 56073
37.79, 56064
37.81, 55958
37.81, 55691
37.83, 55664
38.00, 55557
38.15, 55501
38.33, 55133
38.53, 54747
39.40, 54294
48.85, 54252
49.01, 54215
62.94, 54081
