0.02, 191351
0.02, 188764
0.02, 183061
0.03, 181139
0.03, 178669
0.03, 173258
0.03, 168987
0.03, 168291
0.03, 160982
0.03, 159365
0.05, 159143
0.05, 154459
0.05, 153916
0.05, 141315
0.06, 140282
0.08, 139718
0.08, 139520
0.08, 138738
0.11, 137677
0.13, 136827
0.13, 135507
0.13, 134042
0.14, 133475
0.14, 132501
0.14, 132230
0.16, 132052
0.17, 131389
0.17, 130545
0.17, 130200
0.17, 130001
0.17, 129610
0.17, 125925
0.17, 125353
0.17, 124909
0.19, 119548
0.19, 118656
0.20, 118596
0.20, 118575
0.22, 118389
0.22, 117775
0.22, 115993
0.24, 115586
0.25, 113653
0.25, 113269
0.27, 113211
0.27, 112305
0.27, 111719
0.28, 110690
0.28, 110525
0.28, 110306
0.28, 109831
0.28, 109742
0.30, 109712
0.30, 109169
0.34, 108807
0.34, 107937
0.38, 107252
0.41, 106958
0.42, 105826
0.42, 104618
0.45, 104263
0.47, 103531
0.48, 101834
0.48, 101477
0.48, 99333
0.48, 97408
0.48, 96393
0.50, 96249
0.50, 94768
0.50, 92505
0.50, 92425
0.58, 92366
0.58, 92171
0.61, 91763
0.63, 91083
0.63, 90640
0.64, 90414
0.67, 89675
0.67, 85666
0.67, 85037
0.67, 83183
0.69, 82259
0.70, 81825
0.72, 80843
0.72, 80569
0.72, 79926
0.78, 79859
0.83, 79221
0.84, 78888
0.84, 78526
0.88, 78468
1.02, 77264
1.05, 77144
1.16, 76914
1.16, 76896
1.16, 76362
1.22, 76117
1.23, 75560
1.23, 75286
1.25, 74376
1.27, 73848
1.30, 73828
1.33, 73751
1.36, 73720
1.41, 73247
1.42, 72953
1.44, 72853
1.45, 70692
1.63, 70592
1.66, 70546
1.66, 70471
1.74, 70099
1.87, 69478
1.91, 69204
2.03, 68602
2.03, 68551
2.05, 68367
2.05, 68059
2.05, 68043
2.12, 67788
2.14, 66510
2.47, 65618
2.53, 65563
2.64, 65542
2.72, 65063
2.84, 65031
2.92, 64964
2.92, 64470
3.03, 64441
3.17, 63911
3.36, 63391
3.37, 63309
3.39, 63276
3.59, 63133
3.66, 63095
3.67, 62982
3.67, 62733
3.86, 62468
3.86, 60771
3.89, 60402
4.05, 59156
4.72, 58898
4.72, 58863
6.53, 58859
7.22, 58430
7.54, 58383
10.23, 57756
11.68, 57210
11.72, 56236
18.35, 56070
18.35, 55509
18.56, 54656
18.57, 54641
18.59, 54555
18.62, 54224
49.23, 54195
