0.02, 190975
0.02, 182253
0.03, 173587
0.03, 172592
0.03, 170953
0.03, 170780
0.03, 169692
0.05, 169192
0.05, 168779
0.05, 168207
0.05, 165460
0.06, 156739
0.06, 155212
0.06, 152327
0.08, 151981
0.08, 150599
0.08, 147321
0.08, 143145
0.08, 142434
0.08, 140402
0.09, 139630
0.09, 139418
0.09, 138241
0.13, 136728
0.13, 130862
0.13, 129854
0.13, 129482
0.13, 128395
0.14, 127967
0.14, 127886
0.14, 123945
0.14, 123860
0.14, 122940
0.16, 122031
0.16, 120100
0.16, 119693
0.17, 119081
0.19, 119032
0.20, 117948
0.20, 111725
0.20, 110782
0.20, 110121
0.20, 107641
0.22, 107120
0.28, 106191
0.30, 106091
0.30, 105899
0.30, 104728
0.30, 103484
0.31, 103480
0.31, 102256
0.33, 101893
0.34, 101150
0.36, 100908
0.36, 100448
0.38, 99995
0.38, 99873
0.39, 99652
0.39, 98428
0.39, 98422
0.39, 98177
0.44, 98078
0.45, 97866
0.45, 96901
0.45, 96294
0.45, 94775
0.52, 94659
0.53, 93814
0.53, 93694
0.56, 93517
0.56, 92584
0.58, 92301
0.58, 91678
0.59, 91438
0.59, 91248
0.61, 90979
0.67, 90557
0.69, 88891
0.70, 87347
0.73, 87193
0.75, 86544
0.75, 86377
0.77, 86187
0.78, 86024
0.78, 85183
0.80, 84075
0.80, 83402
0.83, 82874
0.83, 82558
0.83, 80388
0.86, 78601
0.88, 77858
0.92, 77641
1.00, 76751
1.08, 76018
1.11, 75789
1.11, 74753
1.14, 74744
1.23, 74400
1.28, 72425
1.35, 72044
1.35, 71597
1.36, 71102
1.43, 70309
1.49, 69712
1.52, 69644
1.60, 69513
1.73, 69070
1.73, 69064
1.82, 69060
1.91, 68980
1.95, 68495
1.99, 68429
2.31, 68090
2.53, 67865
2.99, 67408
3.01, 66632
3.03, 66559
3.04, 66305
3.07, 65259
3.17, 65191
3.17, 65044
3.17, 64821
3.23, 64611
3.38, 63795
3.57, 63662
3.65, 62874
4.42, 62419
4.56, 62147
4.59, 61658
4.61, 61473
4.64, 61453
4.67, 61186
5.32, 60889
6.31, 60671
6.33, 60634
7.52, 60601
10.43, 60555
10.46, 59938
10.74, 59176
13.45, 59068
13.59, 59050
13.93, 59022
16.23, 58820
17.04, 58727
17.24, 57932
17.39, 57715
17.79, 57577
18.45, 57527
18.86, 57403
18.86, 57333
18.98, 56997
19.09, 56860
19.91, 56678
21.60, 56466
23.35, 56125
24.37, 55982
24.56, 55942
24.56, 55795
25.50, 55661
25.51, 55525
25.58, 55372
25.69, 55300
25.70, 55261
26.25, 55243
26.36, 55232
28.57, 54978
28.58, 54814
35.14, 54746
36.69, 54590
36.72, 54578
39.51, 54016
97.51, 54007
97.51, 53943
