0.00, 180614
0.02, 179840
0.02, 175076
0.02, 172109
0.02, 172028
0.02, 170237
0.02, 168689
0.02, 167459
0.03, 164529
0.03, 162457
0.03, 152479
0.03, 150597
0.03, 150329
0.03, 149492
0.05, 148192
0.05, 145997
0.05, 145734
0.06, 144788
0.08, 143020
0.08, 141594
0.08, 137466
0.08, 136495
0.08, 132892
0.11, 131252
0.11, 131060
0.11, 130653
0.11, 129945
0.13, 129881
0.13, 127093
0.13, 126953
0.14, 125536
0.16, 124489
0.16, 124339
0.16, 123360
0.16, 123250
0.17, 121892
0.19, 121839
0.19, 121749
0.19, 121430
0.20, 120577
0.20, 120508
0.20, 120321
0.22, 118460
0.22, 116116
0.25, 114391
0.25, 113662
0.28, 113583
0.28, 113077
0.28, 112848
0.30, 112134
0.30, 112092
0.31, 108530
0.31, 108086
0.34, 107177
0.36, 106073
0.38, 105717
0.39, 105204
0.39, 104668
0.41, 104335
0.41, 103809
0.41, 103135
0.41, 102630
0.42, 102542
0.42, 100839
0.44, 100513
0.44, 100045
0.44, 99911
0.45, 99313
0.45, 99150
0.45, 98472
0.45, 98360
0.48, 97537
0.50, 96546
0.52, 94946
0.53, 94729
0.53, 93678
0.55, 93666
0.55, 92777
0.55, 92104
0.56, 91986
0.61, 91985
0.61, 91937
0.63, 90936
0.63, 90563
0.64, 90200
0.64, 89835
0.66, 88613
0.67, 88559
0.69, 88451
0.69, 83111
0.69, 81932
0.75, 81816
0.81, 81752
0.83, 81472
0.84, 80983
0.84, 80591
0.84, 80510
0.88, 80000
0.89, 78826
0.91, 78680
0.92, 77526
0.92, 77365
0.92, 76358
0.94, 75892
0.98, 75205
0.98, 74600
0.98, 74455
1.02, 74187
1.02, 73935
1.08, 73873
1.11, 73868
1.14, 73338
1.16, 73180
1.19, 72704
1.20, 72555
1.22, 72369
1.31, 71615
1.34, 71219
1.39, 71045
1.42, 70995
1.47, 70791
1.48, 70149
1.52, 69192
1.52, 67961
1.58, 67864
1.59, 67193
1.66, 66400
1.66, 66332
1.69, 65739
1.70, 65665
1.98, 65604
2.03, 65397
2.34, 64799
2.52, 63999
2.69, 63669
2.70, 63560
2.77, 62770
2.77, 62722
2.83, 62501
3.03, 62380
3.11, 61751
3.39, 60997
3.75, 60722
3.75, 60158
3.77, 59766
3.80, 59556
3.94, 59409
3.95, 59406
4.70, 58978
4.72, 58901
4.86, 58611
5.19, 58457
5.75, 58435
5.78, 58362
5.78, 58085
5.80, 57070
5.81, 56483
6.89, 56202
7.11, 55912
8.64, 55446
8.70, 55270
9.51, 55255
10.04, 55224
12.51, 55152
15.79, 54934
15.83, 54828
15.89, 54376
16.31, 54348
26.64, 54013
34.84, 54002
37.29, 53938
