0.02, 187125
0.02, 186449
0.03, 185811
0.03, 185434
0.03, 177803
0.03, 176946
0.03, 173203
0.03, 172499
0.05, 171172
0.05, 168951
0.05, 168836
0.05, 166024
0.05, 165205
0.05, 164835
0.06, 160894
0.06, 156547
0.06, 149956
0.08, 149419
0.08, 148112
0.08, 146757
0.08, 142117
0.09, 141757
0.09, 140193
0.11, 138409
0.11, 132325
0.11, 129733
0.13, 127755
0.13, 126204
0.13, 125965
0.13, 125648
0.13, 125416
0.16, 125189
0.16, 124601
0.16, 124258
0.16, 124161
0.16, 124096
0.16, 123776
0.17, 123712
0.17, 123413
0.17, 123064
0.17, 122265
0.19, 122184
0.19, 120479
0.19, 114093
0.20, 113854
0.20, 112550
0.20, 112174
0.20, 110183
0.20, 109213
0.22, 109084
0.23, 108097
0.23, 106784
0.23, 105713
0.25, 105651
0.25, 105163
0.27, 103843
0.27, 102213
0.27, 101498
0.30, 101488
0.31, 101460
0.31, 100746
0.34, 97603
0.34, 96283
0.34, 95884
0.36, 94902
0.36, 94467
0.38, 94446
0.38, 93371
0.38, 93042
0.39, 92459
0.39, 91414
0.41, 90796
0.42, 89915
0.47, 88529
0.55, 88049
0.58, 87982
0.59, 87790
0.59, 87427
0.64, 85919
0.67, 85158
0.67, 84772
0.69, 83927
0.70, 83489
0.72, 83205
0.72, 80254
0.73, 80094
0.73, 78635
0.75, 78361
0.75, 77547
0.77, 76837
0.77, 76835
0.78, 76770
0.78, 76471
0.81, 76228
0.88, 76006
0.91, 75246
0.94, 75163
0.95, 75117
0.98, 74752
1.00, 74702
1.03, 74276
1.05, 74083
1.06, 73811
1.06, 73576
1.09, 73513
1.09, 71961
1.11, 70454
1.13, 70388
1.36, 70337
1.38, 70328
1.39, 70183
1.41, 70027
1.42, 69935
1.69, 69123
1.75, 68877
1.80, 68317
1.80, 67913
1.80, 67882
2.00, 67482
2.03, 67264
2.05, 67135
2.11, 66051
2.14, 65598
2.23, 64705
2.27, 64118
2.55, 63784
2.56, 63738
2.67, 63505
2.69, 63225
3.50, 63201
3.95, 63090
4.28, 61526
4.33, 61372
4.72, 61316
5.20, 61153
5.25, 60444
5.33, 60246
5.34, 59288
5.34, 59262
5.36, 58493
5.36, 58380
5.67, 57078
6.09, 56829
6.12, 56809
6.34, 56465
6.40, 56233
6.87, 56222
8.38, 55941
8.71, 55875
10.27, 55825
23.33, 55508
27.85, 55470
27.88, 55270
