0.00, 187605
0.02, 173331
0.02, 170320
0.02, 168573
0.02, 164026
0.02, 163534
0.02, 160296
0.03, 152680
0.03, 149315
0.03, 147805
0.03, 146131
0.05, 142837
0.05, 137576
0.06, 132655
0.06, 132571
0.06, 129737
0.06, 128317
0.06, 127075
0.08, 123082
0.09, 122366
0.09, 122358
0.12, 121329
0.16, 119714
0.16, 119678
0.16, 117649
0.16, 117155
0.17, 116970
0.17, 114190
0.19, 113763
0.20, 113289
0.20, 113202
0.22, 110653
0.23, 110546
0.23, 109751
0.23, 108636
0.23, 108213
0.25, 107851
0.27, 107294
0.28, 105927
0.28, 105459
0.31, 103957
0.31, 103153
0.33, 100862
0.33, 100811
0.34, 99842
0.37, 99307
0.48, 98567
0.50, 98422
0.52, 97783
0.52, 96731
0.52, 93716
0.53, 91972
0.56, 91728
0.58, 90357
0.59, 89836
0.62, 89266
0.62, 88336
0.62, 87652
0.64, 86855
0.66, 86373
0.66, 86331
0.66, 86285
0.67, 85759
0.67, 85001
0.67, 84500
0.67, 83070
0.67, 82967
0.69, 82324
0.70, 82063
0.70, 81357
0.72, 80550
0.75, 80106
0.75, 79584
0.77, 78410
0.77, 78190
0.81, 77047
0.84, 76587
0.86, 76094
0.97, 75440
0.98, 75277
1.00, 75060
1.05, 74652
1.05, 74604
1.06, 74144
1.08, 73383
1.25, 72835
1.25, 72741
1.27, 72610
1.44, 71997
1.48, 71831
1.56, 69851
1.56, 69263
1.56, 69137
1.59, 68890
1.59, 68551
1.61, 68502
1.64, 68358
1.72, 67405
1.73, 66427
1.77, 65545
1.77, 65484
1.97, 64731
2.03, 64640
2.03, 64475
2.03, 64329
2.06, 63826
2.06, 62973
2.12, 62917
2.39, 62553
2.72, 61980
2.78, 61776
2.78, 61557
3.47, 60989
3.53, 60702
3.86, 60495
3.89, 60404
3.91, 59251
4.31, 59092
5.05, 58616
5.06, 58283
5.08, 57976
5.42, 57961
6.14, 57894
6.14, 57879
6.23, 57625
6.51, 57287
6.51, 57191
6.61, 57151
6.65, 57110
10.98, 56604
12.56, 56586
12.93, 56064
19.81, 56049
20.98, 55716
20.99, 55594
21.06, 55553
21.26, 55024
21.88, 54614
22.46, 54564
26.88, 54285
28.62, 54085
