0.01, 190202
0.02, 187831
0.02, 182091
0.02, 178476
0.03, 175083
0.04, 172131
0.04, 165074
0.04, 161811
0.05, 155409
0.05, 153798
0.05, 153795
0.06, 153669
0.06, 153021
0.07, 152822
0.08, 152487
0.09, 148603
0.09, 147605
0.10, 140276
0.11, 139047
0.11, 136759
0.11, 135803
0.11, 135651
0.11, 135043
0.12, 132969
0.13, 132750
0.15, 129742
0.16, 129050
0.20, 127751
0.20, 127443
0.23, 117627
0.24, 117468
0.24, 116706
0.24, 116450
0.24, 116345
0.25, 115252
0.25, 110598
0.25, 110434
0.25, 108992
0.28, 108756
0.29, 108430
0.29, 108311
0.29, 106887
0.30, 106871
0.30, 106254
0.32, 106148
0.33, 105380
0.34, 104793
0.35, 104505
0.36, 102725
0.36, 101863
0.37, 101838
0.38, 101167
0.39, 100669
0.39, 98804
0.40, 98696
0.40, 98687
0.41, 94493
0.41, 94285
0.42, 94161
0.42, 93082
0.43, 92846
0.43, 92182
0.44, 91086
0.44, 88628
0.47, 88248
0.48, 87673
0.48, 87319
0.49, 86483
0.51, 86384
0.53, 86008
0.53, 85930
0.55, 85685
0.55, 84533
0.56, 83940
0.58, 83288
0.59, 82631
0.60, 82494
0.61, 82213
0.63, 81494
0.64, 81186
0.64, 79640
0.65, 79040
0.67, 78835
0.68, 77776
0.78, 77719
0.78, 77196
0.79, 75078
0.79, 74459
0.82, 74315
0.83, 73705
0.87, 73447
1.02, 72890
1.08, 72144
1.11, 71681
1.13, 70648
1.17, 70617
1.18, 69132
1.20, 69046
1.22, 69011
1.31, 68450
1.50, 68153
1.60, 67556
1.62, 66657
1.64, 66600
1.95, 65496
2.00, 65408
2.04, 65252
2.09, 65075
2.20, 63782
2.83, 63542
2.86, 63451
3.01, 63400
3.11, 63307
3.17, 63000
3.20, 62842
3.27, 62743
3.32, 62668
3.33, 62664
3.47, 61991
3.49, 61537
3.63, 61377
4.79, 61122
4.97, 60783
4.99, 60334
4.99, 60117
6.81, 60068
6.97, 59646
7.80, 59163
7.81, 58987
8.28, 58897
10.89, 58842
11.09, 58419
12.01, 58248
15.05, 58241
15.74, 57251
16.00, 56940
23.12, 56741
26.04, 56578
26.64, 56337
26.68, 56103
26.69, 55985
26.73, 54907
28.46, 54706
36.76, 54315
36.82, 53754
97.67, 53739
97.91, 53553
97.94, 53360
100.39, 53299
102.49, 53165
