0.02, 196831
0.03, 195960
0.03, 185308
0.03, 181582
0.03, 178948
0.03, 177248
0.03, 175337
0.05, 174885
0.05, 174337
0.05, 174137
0.05, 169351
0.05, 169062
0.05, 168550
0.05, 167520
0.06, 166409
0.06, 156036
0.06, 154986
0.06, 153368
0.06, 150205
0.06, 149851
0.06, 149364
0.08, 149133
0.08, 149033
0.08, 147841
0.09, 146776
0.09, 146681
0.09, 146092
0.09, 145993
0.11, 144803
0.11, 140371
0.11, 139702
0.11, 138987
0.11, 138618
0.11, 132741
0.13, 130036
0.13, 128820
0.14, 127112
0.14, 126923
0.14, 124373
0.14, 123405
0.14, 119304
0.16, 119240
0.16, 118762
0.16, 117351
0.16, 116637
0.17, 116573
0.17, 116516
0.17, 114459
0.17, 114104
0.17, 113548
0.19, 113495
0.20, 113116
0.20, 110701
0.22, 109535
0.22, 105555
0.22, 104070
0.22, 103163
0.23, 102117
0.23, 101257
0.30, 99927
0.31, 99923
0.33, 99503
0.36, 96588
0.36, 95690
0.41, 94929
0.41, 94872
0.42, 94865
0.42, 94279
0.44, 93917
0.44, 93906
0.46, 93841
0.46, 93498
0.49, 92577
0.49, 92119
0.51, 89854
0.52, 89617
0.54, 89495
0.54, 89243
0.60, 88090
0.60, 87595
0.60, 86118
0.63, 84973
0.73, 84530
0.76, 83939
0.76, 83679
0.79, 83327
0.79, 82770
0.79, 82594
0.82, 82470
0.84, 82466
0.84, 82294
0.85, 81821
0.85, 80059
0.87, 78974
0.88, 78787
0.88, 78648
0.90, 78476
0.90, 77281
0.93, 77249
0.93, 77101
0.94, 77090
0.94, 76754
0.96, 76371
1.02, 76241
1.04, 75636
1.10, 74937
1.12, 74827
1.12, 72687
1.13, 72574
1.13, 72514
1.15, 72430
1.15, 72322
1.16, 72248
1.19, 69848
1.24, 69814
1.24, 69774
1.24, 69321
1.40, 68891
1.40, 68698
1.41, 68677
1.46, 68604
1.51, 67976
1.51, 67965
1.57, 67914
1.57, 67730
1.57, 67588
1.94, 67158
1.98, 66834
2.29, 66814
2.46, 66525
2.48, 66323
2.49, 65094
2.57, 64571
2.58, 64450
2.62, 64171
2.69, 63270
2.73, 62783
2.77, 62493
3.08, 61006
3.08, 60948
3.10, 60926
3.15, 60461
3.18, 60262
3.18, 59838
3.18, 59148
3.32, 59092
3.80, 58989
3.88, 58939
4.30, 58738
4.35, 58639
4.98, 58568
5.21, 57909
5.29, 57767
5.39, 57211
5.43, 57191
5.49, 56833
9.05, 56750
9.75, 56695
10.19, 56416
12.38, 56329
12.40, 56047
13.77, 55975
15.35, 55947
15.65, 55936
16.71, 55554
17.41, 55433
18.14, 55369
18.26, 55356
24.00, 55203
24.77, 55131
24.90, 55074
27.99, 54784
28.02, 54722
31.29, 54384
72.51, 54347
111.82, 54283
