0.00, 191293
0.02, 182616
0.02, 181991
0.03, 181471
0.03, 178576
0.03, 177143
0.03, 161042
0.03, 159421
0.03, 158878
0.05, 150740
0.05, 150176
0.06, 148559
0.06, 148078
0.06, 143530
0.06, 141201
0.08, 138323
0.08, 136816
0.08, 136729
0.08, 136474
0.09, 133402
0.11, 131776
0.11, 129486
0.13, 126891
0.13, 126197
0.14, 124976
0.14, 121363
0.14, 120543
0.16, 116165
0.16, 115186
0.16, 113026
0.17, 113020
0.19, 112125
0.19, 111041
0.20, 109404
0.22, 108533
0.22, 107604
0.22, 105649
0.22, 104699
0.22, 101481
0.23, 100905
0.23, 99866
0.25, 99586
0.25, 99441
0.27, 98466
0.31, 98139
0.31, 98003
0.31, 97312
0.31, 94625
0.33, 93779
0.36, 92318
0.38, 91148
0.41, 90304
0.41, 90099
0.44, 90049
0.44, 89661
0.44, 89498
0.45, 88422
0.47, 86926
0.48, 86445
0.48, 86257
0.48, 85820
0.48, 85289
0.50, 84767
0.50, 84248
0.50, 81519
0.52, 80924
0.55, 80449
0.55, 79922
0.56, 79825
0.56, 79707
0.56, 79303
0.58, 78542
0.59, 77414
0.61, 76756
0.61, 76707
0.62, 75219
0.66, 73876
0.67, 73655
0.75, 73534
0.78, 72515
0.78, 72205
0.81, 71960
0.95, 71688
1.00, 71354
1.11, 71323
1.14, 70808
1.22, 70793
1.42, 70733
1.42, 70672
1.52, 70449
1.78, 70397
1.91, 70107
2.08, 69013
2.16, 68404
2.16, 68209
2.23, 68002
2.42, 67886
2.66, 67551
2.67, 66575
2.70, 66421
2.72, 66175
2.75, 65866
2.80, 65676
2.83, 64880
2.84, 64826
3.31, 64473
3.37, 64447
3.41, 64229
3.44, 63378
3.69, 63127
3.72, 63092
4.16, 62769
4.17, 62621
4.19, 61841
4.22, 61547
4.23, 60966
4.25, 60120
4.28, 60021
4.53, 59771
4.56, 59670
5.25, 59053
5.39, 58911
5.39, 58615
5.80, 58527
5.81, 58438
6.08, 58403
6.30, 57796
6.31, 57752
7.20, 57327
7.26, 57215
10.34, 57007
10.42, 56965
10.42, 56685
10.42, 56676
10.97, 56625
11.28, 56058
11.51, 55774
12.26, 55695
12.86, 55433
12.92, 55369
13.26, 54930
13.29, 54879
84.04, 54771
84.12, 54195
