0.02, 182125
0.03, 173162
0.03, 171721
0.03, 164248
0.05, 161056
0.05, 159796
0.05, 159427
0.05, 158286
0.06, 153459
0.08, 152642
0.08, 152328
0.08, 146119
0.09, 145556
0.09, 145232
0.09, 137874
0.11, 136012
0.11, 133004
0.11, 132027
0.13, 130818
0.13, 128779
0.14, 125878
0.16, 125698
0.16, 125450
0.17, 125339
0.17, 125133
0.17, 124868
0.17, 124355
0.17, 123868
0.19, 118350
0.19, 118198
0.20, 117752
0.20, 117695
0.20, 117323
0.22, 116987
0.24, 113405
0.24, 113070
0.24, 112088
0.25, 111362
0.25, 109640
0.25, 109474
0.27, 108396
0.27, 105356
0.27, 105165
0.28, 104820
0.28, 104784
0.31, 104424
0.31, 104388
0.34, 103727
0.34, 103490
0.34, 102382
0.34, 102264
0.36, 101920
0.36, 101062
0.38, 100786
0.42, 98347
0.42, 97713
0.48, 97650
0.48, 97456
0.52, 97028
0.55, 95395
0.55, 95245
0.56, 95195
0.58, 94786
0.63, 94624
0.63, 94486
0.69, 93695
0.69, 89624
0.69, 88938
0.80, 88674
0.81, 87916
0.81, 86855
0.83, 86294
0.83, 85746
0.84, 85744
0.88, 85303
0.97, 84538
1.00, 84536
1.02, 84153
1.06, 84099
1.11, 83997
1.17, 83364
1.25, 82063
1.27, 81164
1.28, 76154
1.30, 76088
1.50, 75988
1.55, 75619
1.89, 75576
1.91, 75176
2.00, 74862
2.00, 74832
2.09, 74546
2.13, 74038
2.17, 73746
2.17, 73678
2.23, 73458
2.27, 73349
2.44, 72992
2.55, 72976
2.58, 72763
2.70, 72611
2.70, 72160
2.70, 71982
2.72, 71549
2.89, 71463
2.92, 69883
2.95, 69165
3.28, 68953
3.58, 68833
3.70, 68820
3.77, 67558
3.84, 66929
3.98, 66592
4.27, 66260
4.41, 66005
4.42, 65553
4.69, 65303
4.97, 65284
5.05, 65187
5.20, 65144
5.36, 65080
5.44, 65050
5.45, 64856
5.55, 63644
5.59, 63442
5.61, 63394
5.64, 63135
5.76, 62558
6.91, 62415
7.17, 61462
7.30, 61401
7.36, 61367
7.39, 61274
8.05, 61227
8.11, 60616
8.14, 59657
8.31, 59632
8.67, 59626
8.88, 59449
9.06, 59085
9.06, 58854
9.11, 58108
9.17, 57660
10.75, 57498
11.28, 57325
11.69, 57267
11.77, 56607
11.83, 56349
12.08, 56314
12.70, 56162
17.39, 56085
17.56, 55941
17.59, 54531
61.35, 54484
