0.02, 189160
0.02, 188646
0.02, 183109
0.03, 167480
0.03, 164338
0.03, 163803
0.05, 162965
0.05, 159490
0.05, 159458
0.05, 157138
0.06, 155151
0.06, 153930
0.06, 143090
0.09, 137356
0.09, 135644
0.09, 134042
0.09, 133838
0.09, 131892
0.11, 130798
0.11, 128064
0.11, 124689
0.11, 124458
0.13, 123405
0.13, 123315
0.14, 123060
0.14, 117043
0.16, 116797
0.16, 115766
0.16, 115675
0.17, 115446
0.17, 114841
0.17, 114070
0.17, 113731
0.19, 110773
0.20, 107168
0.20, 106970
0.20, 104820
0.20, 104288
0.20, 103797
0.24, 103336
0.25, 102863
0.25, 102606
0.25, 102078
0.25, 101320
0.27, 100229
0.27, 99947
0.28, 98996
0.28, 98241
0.28, 98021
0.28, 96208
0.28, 95388
0.30, 95161
0.33, 93607
0.34, 93415
0.34, 92521
0.34, 91246
0.39, 90114
0.42, 89526
0.44, 89521
0.45, 88084
0.45, 87918
0.49, 87753
0.52, 87632
0.53, 86624
0.53, 86341
0.55, 86265
0.56, 85919
0.58, 85473
0.59, 85153
0.72, 85080
0.72, 83098
0.74, 82654
0.77, 82551
0.80, 81459
0.80, 81160
0.80, 81088
0.81, 80927
0.91, 80411
0.94, 80403
0.94, 80258
0.95, 78962
0.97, 78839
1.00, 78662
1.00, 78606
1.03, 78198
1.03, 77368
1.11, 76805
1.16, 76616
1.17, 76519
1.19, 76427
1.45, 76417
1.45, 76409
1.47, 76055
1.48, 75963
1.50, 75332
1.53, 75083
1.56, 75045
1.56, 74419
1.58, 74126
1.59, 74018
1.66, 73741
2.17, 73706
2.19, 73678
2.19, 72947
2.28, 71925
2.36, 71744
2.55, 71698
2.80, 70205
2.84, 70169
2.89, 69791
2.89, 69531
2.94, 69180
2.98, 68727
3.56, 66695
3.58, 65399
3.64, 65395
3.95, 65144
4.16, 64832
4.49, 64597
4.57, 64394
4.82, 63620
5.54, 63510
5.82, 63254
6.57, 63194
6.72, 63177
7.43, 62979
8.36, 62418
8.36, 62154
8.39, 62138
8.92, 61963
9.05, 61754
9.08, 61602
9.13, 61567
9.14, 61335
9.16, 60703
10.52, 60657
10.67, 60447
11.02, 60370
11.40, 60282
11.50, 59728
13.42, 59521
13.50, 59321
42.58, 58530
42.80, 58517
42.92, 58406
44.63, 58380
45.58, 57796
48.53, 57744
53.01, 57636
90.01, 57022
92.76, 56927
103.52, 56833
103.58, 56257
103.63, 56120
