0.02, 188991
0.02, 184493
0.02, 179851
0.02, 175361
0.03, 172314
0.03, 171504
0.03, 168144
0.03, 162102
0.05, 161525
0.05, 157232
0.05, 156582
0.05, 155800
0.06, 155346
0.06, 155078
0.06, 153475
0.06, 148801
0.06, 147423
0.06, 146308
0.08, 145738
0.08, 145291
0.08, 144105
0.08, 142999
0.09, 142022
0.09, 141518
0.09, 141154
0.09, 140713
0.09, 139955
0.09, 139506
0.09, 138199
0.09, 128210
0.09, 128118
0.11, 126787
0.11, 125447
0.13, 125213
0.13, 122172
0.13, 121578
0.13, 121208
0.14, 120258
0.16, 120123
0.17, 117968
0.19, 116679
0.19, 115698
0.19, 115461
0.20, 109804
0.20, 108432
0.20, 107934
0.20, 107320
0.20, 105957
0.20, 105834
0.27, 104340
0.27, 104121
0.27, 103924
0.27, 103882
0.27, 103691
0.31, 103272
0.31, 103235
0.31, 102228
0.31, 100748
0.33, 100252
0.33, 100108
0.34, 98611
0.34, 93178
0.34, 90973
0.39, 89375
0.44, 87473
0.44, 86140
0.49, 84587
0.52, 83863
0.53, 83173
0.53, 83055
0.55, 82892
0.56, 82266
0.56, 81530
0.59, 81098
0.59, 80628
0.66, 80398
0.67, 79534
0.67, 79082
0.70, 78813
0.75, 78557
0.78, 78490
0.78, 78245
0.80, 77689
0.81, 77393
0.84, 77069
0.88, 76487
0.89, 75973
1.00, 75504
1.10, 74995
1.11, 74581
1.13, 74240
1.17, 73197
1.24, 72787
1.25, 72267
1.25, 71482
1.33, 71194
1.35, 70814
1.45, 70067
1.47, 69716
1.56, 69706
1.58, 69647
1.60, 69397
1.61, 68855
1.70, 68776
1.72, 68498
1.75, 68459
1.75, 68077
1.81, 68005
1.83, 67375
1.97, 67150
2.22, 67144
2.34, 67008
2.36, 66808
2.42, 66055
2.64, 65422
2.66, 65327
2.78, 65300
2.86, 65048
2.88, 64350
2.89, 63987
2.91, 63961
3.07, 63752
3.30, 63576
3.33, 63384
3.47, 63141
3.50, 62841
3.50, 62510
3.97, 62374
3.99, 62317
4.03, 61911
4.13, 61085
4.28, 61022
4.30, 60915
4.35, 60809
4.39, 60699
4.44, 60169
4.53, 60024
4.55, 59626
5.49, 59576
5.49, 59491
5.49, 59276
5.54, 59274
5.68, 59086
5.69, 58583
7.75, 58063
8.77, 57889
8.77, 57452
8.88, 57222
8.94, 57000
8.94, 56652
9.16, 56448
10.80, 56441
11.10, 56332
11.13, 56299
11.17, 55819
11.24, 55652
11.41, 55288
13.78, 55007
13.93, 54841
14.16, 53537
17.26, 53449
17.31, 53285
26.79, 52865
