0.00, 182524
0.02, 180388
0.02, 169406
0.02, 166691
0.02, 163720
0.03, 161234
0.03, 160969
0.03, 160653
0.05, 159183
0.05, 159137
0.05, 156767
0.05, 152650
0.05, 152413
0.05, 150450
0.06, 149257
0.06, 146629
0.06, 144593
0.06, 142917
0.08, 142615
0.08, 142059
0.09, 141522
0.09, 141097
0.09, 140930
0.09, 140090
0.11, 139221
0.11, 137271
0.11, 136957
0.13, 135621
0.13, 134174
0.13, 133850
0.14, 132632
0.14, 132540
0.14, 131139
0.16, 130649
0.16, 129009
0.17, 126505
0.17, 125416
0.17, 125263
0.17, 124239
0.19, 124066
0.19, 122323
0.19, 119520
0.20, 118511
0.20, 117391
0.20, 116885
0.20, 114529
0.22, 113654
0.24, 111855
0.24, 110498
0.25, 110297
0.25, 110050
0.25, 109622
0.27, 107018
0.27, 106383
0.28, 106134
0.30, 104785
0.31, 104591
0.33, 104454
0.38, 104411
0.38, 104289
0.47, 103492
0.49, 103340
0.49, 101556
0.49, 101346
0.50, 100321
0.50, 99030
0.50, 98564
0.50, 98180
0.52, 97924
0.52, 97361
0.52, 96730
0.52, 94793
0.55, 94434
0.61, 94313
0.66, 93910
0.67, 92406
0.70, 92215
0.70, 92079
0.72, 91100
0.72, 91073
0.74, 91020
0.77, 90637
0.80, 89212
0.80, 88339
0.81, 88107
0.81, 87891
0.81, 87541
0.86, 87486
0.88, 86658
0.89, 86206
0.89, 85301
0.99, 85009
1.03, 83570
1.05, 83414
1.05, 83055
1.06, 82747
1.06, 81237
1.06, 81118
1.08, 80806
1.08, 78411
1.11, 78370
1.14, 77636
1.14, 76430
1.16, 75820
1.19, 75730
1.20, 75513
1.31, 74588
1.41, 73922
1.41, 73210
1.42, 72143
1.58, 72051
1.58, 71296
1.59, 71008
1.59, 70556
1.64, 69732
1.67, 69298
1.81, 68684
2.02, 68613
2.03, 68592
2.27, 67827
2.69, 67766
2.73, 67622
2.78, 67614
2.78, 67161
2.81, 67074
2.81, 67005
2.84, 66534
2.84, 66443
3.09, 66007
3.16, 65667
3.19, 65426
3.20, 65134
3.41, 64973
3.55, 64897
3.59, 64876
3.69, 64875
3.69, 64783
3.78, 64713
4.00, 64646
4.11, 64174
4.22, 64161
4.39, 64058
4.41, 63993
4.42, 63956
4.44, 63915
4.45, 63714
4.47, 62657
4.61, 62529
4.61, 62338
4.64, 62213
4.66, 62056
5.02, 61566
5.98, 60638
6.03, 59777
6.03, 59689
6.06, 59505
6.45, 59488
7.00, 59178
7.05, 58843
7.28, 58439
7.31, 57751
9.01, 57472
15.94, 57191
15.99, 56991
27.99, 56903
33.79, 56723
34.05, 55708
