0.02, 186809
0.02, 178779
0.02, 174279
0.02, 174093
0.03, 170569
0.03, 161219
0.03, 158600
0.03, 155378
0.05, 154199
0.06, 153967
0.06, 151339
0.06, 148710
0.06, 147036
0.08, 142438
0.09, 140540
0.09, 140213
0.09, 140002
0.09, 137139
0.11, 135562
0.11, 130273
0.11, 129483
0.11, 128472
0.13, 126317
0.13, 124835
0.14, 124762
0.14, 123112
0.16, 122031
0.16, 121115
0.17, 120762
0.17, 117689
0.17, 116285
0.17, 114343
0.19, 113754
0.20, 113656
0.20, 113513
0.20, 113391
0.22, 111395
0.22, 108706
0.24, 108582
0.25, 107954
0.27, 106270
0.28, 106015
0.30, 104197
0.30, 104151
0.30, 102434
0.31, 101851
0.31, 101413
0.31, 99900
0.31, 96466
0.33, 95769
0.36, 95458
0.38, 95272
0.38, 95265
0.38, 93553
0.38, 93346
0.39, 93029
0.39, 92968
0.39, 92144
0.39, 90902
0.41, 90887
0.42, 85815
0.42, 84930
0.45, 84669
0.45, 84122
0.45, 83952
0.47, 83723
0.49, 83364
0.50, 81113
0.52, 79841
0.53, 79781
0.58, 79232
0.61, 79012
0.64, 78993
0.67, 78489
0.70, 77905
0.78, 77863
0.81, 77862
0.81, 77520
0.81, 76388
0.84, 76386
0.84, 76255
0.86, 76176
0.88, 75946
0.89, 75399
0.92, 75086
0.95, 74356
0.97, 74340
0.99, 74075
0.99, 73993
1.00, 73833
1.02, 72942
1.11, 72669
1.13, 72414
1.14, 71867
1.16, 71831
1.16, 71046
1.16, 70298
1.17, 69942
1.17, 69733
1.19, 69714
1.19, 68782
1.22, 68688
1.24, 68550
1.25, 68081
1.36, 68020
1.48, 67723
1.63, 67629
1.66, 67543
1.66, 67243
1.67, 65888
1.67, 65852
1.83, 65606
1.88, 65583
1.95, 64871
1.97, 64350
1.98, 64159
1.98, 64034
2.03, 63979
2.13, 63928
2.14, 63667
2.14, 63546
2.17, 63178
2.25, 63147
2.44, 62620
2.50, 62395
2.70, 62182
3.11, 61941
3.28, 61787
3.28, 61351
3.34, 60607
3.38, 60152
3.39, 59038
3.52, 58535
3.53, 58461
3.66, 57894
3.73, 57801
3.73, 57335
3.73, 57312
3.80, 57278
4.20, 56673
4.89, 56063
5.81, 55956
6.00, 55814
6.69, 55627
8.80, 55596
9.28, 55554
10.73, 55517
15.83, 55445
21.90, 55357
22.67, 55329
29.82, 55078
29.84, 54298
31.59, 54134
31.59, 54072
45.21, 54061
51.23, 53997
53.32, 53983
