0.00, 195034
0.02, 188254
0.02, 183552
0.02, 177870
0.03, 177756
0.03, 175823
0.03, 167701
0.03, 166099
0.03, 163167
0.03, 152518
0.05, 146794
0.05, 145605
0.05, 145488
0.05, 143724
0.05, 142705
0.06, 142502
0.08, 142411
0.08, 141909
0.09, 141253
0.09, 141142
0.09, 139642
0.11, 133381
0.11, 127564
0.11, 127071
0.13, 126038
0.13, 123655
0.13, 122899
0.14, 117190
0.14, 115563
0.14, 113580
0.16, 111224
0.16, 107282
0.17, 107232
0.17, 106547
0.17, 106308
0.17, 105443
0.22, 104804
0.24, 104510
0.24, 104481
0.24, 102560
0.25, 102516
0.27, 101294
0.27, 100448
0.27, 100348
0.28, 100054
0.28, 98899
0.30, 98602
0.31, 98028
0.34, 97883
0.36, 97225
0.36, 97206
0.36, 96393
0.38, 96299
0.38, 95778
0.39, 94833
0.41, 94744
0.41, 94696
0.41, 94461
0.41, 93845
0.42, 92874
0.50, 92863
0.52, 91267
0.52, 91091
0.55, 89619
0.56, 89093
0.56, 89024
0.58, 88501
0.59, 87367
0.59, 87244
0.61, 86955
0.61, 82042
0.63, 80550
0.63, 80262
0.64, 80024
0.67, 79574
0.67, 78479
0.67, 78458
0.69, 78280
0.69, 78176
0.70, 76273
0.70, 76099
0.72, 75993
0.72, 75940
0.72, 75199
0.72, 75043
0.78, 75027
0.86, 74765
0.88, 74528
0.91, 73969
0.91, 73309
0.94, 72939
0.98, 72397
1.00, 72000
1.08, 71328
1.11, 69734
1.14, 69634
1.17, 69372
1.19, 68943
1.31, 68759
1.33, 67975
1.33, 67641
1.34, 67523
1.73, 66849
1.80, 66811
2.05, 66744
2.05, 66678
2.28, 66658
2.30, 66403
2.34, 66130
2.58, 66095
2.61, 65630
2.86, 65185
2.88, 65097
2.98, 64869
3.34, 64756
3.36, 64610
3.37, 64243
3.52, 64203
3.53, 64079
3.75, 62469
3.83, 62214
3.94, 62048
3.98, 61439
4.02, 61281
4.03, 61233
4.19, 61112
5.62, 60699
7.69, 59833
7.70, 59743
8.67, 59635
8.69, 59616
8.75, 59352
9.31, 59267
9.36, 58948
9.48, 58800
9.86, 58791
26.15, 58776
26.16, 58311
26.18, 58211
26.21, 58202
26.26, 57512
26.29, 57059
26.51, 56949
26.52, 56723
26.60, 56117
32.04, 55782
51.85, 55751
52.62, 55679
57.97, 55640
58.18, 55622
58.18, 55611
58.19, 55507
76.56, 55456
76.63, 55368
76.63, 55089
