0.02, 197874
0.02, 188669
0.03, 172699
0.03, 172030
0.03, 171430
0.03, 171316
0.05, 168297
0.05, 161810
0.05, 160848
0.06, 160834
0.06, 157561
0.06, 157450
0.06, 155805
0.06, 151164
0.08, 149240
0.11, 149016
0.11, 146402
0.13, 145730
0.13, 143133
0.13, 140212
0.14, 137973
0.14, 133217
0.16, 132310
0.16, 132203
0.17, 132120
0.17, 128844
0.19, 127271
0.20, 126535
0.20, 126455
0.22, 125551
0.22, 123813
0.22, 119518
0.23, 119157
0.23, 119116
0.23, 115964
0.23, 114754
0.25, 112485
0.25, 112207
0.25, 112159
0.25, 110850
0.27, 109927
0.28, 109826
0.30, 108129
0.30, 107967
0.31, 104921
0.31, 104547
0.31, 104216
0.31, 103924
0.33, 102823
0.33, 101711
0.34, 100791
0.34, 100183
0.39, 99926
0.39, 99132
0.41, 97636
0.41, 97514
0.41, 96728
0.42, 96645
0.42, 96525
0.45, 96348
0.48, 95432
0.48, 95429
0.50, 95014
0.52, 93426
0.52, 91515
0.55, 91511
0.56, 90682
0.56, 89770
0.58, 89094
0.58, 88866
0.58, 88813
0.58, 88597
0.58, 87514
0.63, 86755
0.64, 86276
0.64, 84236
0.67, 83979
0.69, 83770
0.69, 82579
0.69, 82344
0.69, 82046
0.72, 81903
0.72, 80356
0.75, 79937
0.78, 79856
0.78, 79193
0.83, 78831
0.95, 78631
0.95, 76398
1.05, 76268
1.06, 75192
1.09, 75151
1.22, 74709
1.23, 73655
1.25, 72383
1.27, 72118
1.27, 71897
1.28, 71866
1.30, 70411
1.44, 70064
1.78, 69876
2.00, 69510
2.02, 68637
2.02, 68545
2.09, 68364
2.22, 68111
2.22, 67896
2.28, 67396
2.33, 67303
2.33, 66825
2.34, 66740
2.42, 66482
2.52, 66366
2.52, 66353
2.53, 66076
2.55, 66018
2.62, 65936
2.75, 65268
2.78, 64842
2.81, 64587
2.81, 64397
2.83, 62596
2.86, 62572
3.02, 62153
3.03, 61857
3.06, 61694
3.56, 61537
4.73, 61499
5.94, 61294
6.23, 61078
6.26, 60754
11.06, 60416
11.09, 60404
13.51, 60384
14.20, 60379
17.64, 60318
17.65, 59850
17.90, 59802
19.96, 59737
20.00, 59711
63.42, 59654
63.47, 57992
63.56, 57878
64.20, 57772
65.39, 57699
67.32, 56572
77.49, 56318
86.63, 56059
86.70, 55723
86.75, 55155
93.25, 54805
113.28, 54671
