0.02, 194136
0.02, 189515
0.02, 181696
0.03, 176302
0.03, 172501
0.03, 169821
0.03, 169700
0.03, 169200
0.05, 167188
0.05, 164141
0.05, 163999
0.05, 161861
0.05, 161202
0.06, 155596
0.06, 155393
0.06, 154733
0.06, 148549
0.08, 147643
0.08, 144948
0.08, 143822
0.09, 141225
0.09, 137368
0.11, 137349
0.11, 136494
0.14, 135933
0.14, 133692
0.16, 132697
0.16, 130532
0.16, 128484
0.16, 126784
0.16, 126189
0.16, 125849
0.17, 123229
0.17, 122815
0.17, 122470
0.20, 121131
0.22, 116067
0.22, 115537
0.23, 115216
0.23, 114591
0.23, 107921
0.23, 106027
0.25, 105912
0.25, 104140
0.25, 103214
0.25, 102828
0.27, 101167
0.28, 100925
0.28, 100601
0.30, 100152
0.30, 97843
0.30, 97382
0.30, 96011
0.33, 95253
0.33, 94870
0.34, 94025
0.34, 93645
0.37, 93019
0.41, 92238
0.44, 90729
0.45, 90070
0.48, 89987
0.50, 89685
0.52, 89429
0.55, 89370
0.61, 87939
0.64, 87768
0.69, 87606
0.75, 86865
0.75, 86329
0.78, 85082
0.80, 84290
0.81, 84129
0.81, 84109
0.89, 83737
0.89, 81084
0.89, 80598
0.91, 80586
1.08, 79991
1.12, 77857
1.16, 77183
1.22, 77054
1.25, 76023
1.25, 75292
1.27, 74962
1.30, 74220
1.30, 73699
1.30, 73111
1.31, 72556
1.33, 72400
1.33, 72372
1.36, 71636
1.36, 70913
1.41, 70620
1.44, 70094
1.50, 69808
1.56, 69337
1.61, 69149
1.69, 68358
1.75, 68172
1.80, 67642
1.81, 67590
1.83, 67196
2.02, 66610
2.03, 65925
2.19, 64845
2.27, 64724
2.37, 64615
2.48, 64234
2.52, 64205
2.78, 63819
2.87, 63494
2.89, 62753
2.91, 61989
2.94, 61218
3.00, 61097
3.30, 60995
3.53, 59851
3.66, 59283
4.03, 58782
4.30, 58571
4.36, 58493
4.47, 58152
4.47, 57797
4.61, 57443
4.87, 57179
6.26, 56938
8.74, 56901
9.38, 56744
9.86, 56559
10.06, 56037
22.01, 55873
30.27, 55370
30.41, 55188
30.57, 54427
43.89, 54379
43.98, 53914
44.56, 53832
