0.02, 183986
0.02, 175175
0.02, 173007
0.02, 169857
0.02, 168772
0.03, 167731
0.03, 162503
0.03, 152029
0.05, 149483
0.05, 141339
0.05, 137581
0.05, 136714
0.05, 135664
0.06, 132773
0.06, 132767
0.06, 130268
0.06, 126988
0.06, 126336
0.08, 125702
0.08, 124614
0.09, 123355
0.09, 122800
0.09, 122117
0.09, 121665
0.09, 120403
0.11, 120364
0.11, 118067
0.11, 117131
0.13, 113373
0.13, 112974
0.14, 112887
0.14, 112531
0.14, 112230
0.16, 110398
0.16, 109864
0.16, 109229
0.17, 108653
0.17, 107459
0.17, 106133
0.19, 103634
0.19, 102104
0.20, 101695
0.20, 101319
0.20, 100930
0.22, 100644
0.24, 100469
0.24, 99737
0.25, 99735
0.27, 99710
0.27, 99194
0.28, 99089
0.30, 98866
0.30, 98773
0.30, 98548
0.31, 97143
0.31, 96523
0.31, 96061
0.31, 95982
0.33, 95643
0.33, 95333
0.34, 92837
0.36, 92416
0.39, 89397
0.39, 89209
0.39, 89131
0.41, 88454
0.41, 88444
0.42, 87824
0.44, 87655
0.44, 87537
0.44, 86704
0.45, 85966
0.45, 84593
0.45, 84311
0.48, 84025
0.48, 81433
0.50, 81409
0.56, 80536
0.58, 80252
0.63, 79169
0.67, 79080
0.67, 78862
0.77, 78688
0.88, 78639
0.95, 78636
0.97, 77871
0.97, 77804
1.02, 77792
1.02, 77615
1.10, 77353
1.10, 75878
1.13, 75064
1.14, 74447
1.14, 71959
1.14, 71203
1.18, 71047
1.19, 70323
1.19, 70308
1.21, 70058
1.36, 69667
1.50, 69037
1.50, 68371
1.52, 67863
1.66, 67246
1.68, 66709
1.68, 66629
1.69, 66408
1.77, 65940
1.78, 65786
1.83, 65493
1.88, 64729
2.10, 64548
2.13, 64408
2.13, 64198
2.19, 64054
2.21, 63840
2.21, 63673
2.24, 63654
2.30, 63590
2.34, 63217
2.77, 63052
2.77, 61636
2.80, 61220
2.88, 60368
2.99, 59532
3.09, 59497
3.13, 59456
3.15, 59329
3.20, 58794
3.26, 58552
3.93, 58278
4.88, 58275
5.16, 57883
5.50, 57698
6.54, 57679
6.59, 57643
6.69, 57422
7.20, 57129
7.81, 56458
8.52, 56300
12.55, 55986
13.21, 55145
15.14, 54736
15.31, 54715
15.74, 54712
16.37, 54701
17.33, 54534
65.03, 53835
