0.02, 192010
0.02, 181610
0.02, 169925
0.03, 163529
0.03, 156033
0.03, 153701
0.03, 152883
0.03, 152497
0.05, 148539
0.05, 147558
0.05, 145315
0.05, 144769
0.05, 144136
0.05, 143145
0.05, 138239
0.06, 133023
0.06, 132501
0.06, 128976
0.08, 128051
0.08, 125952
0.08, 123067
0.09, 120977
0.09, 117293
0.09, 117268
0.09, 116955
0.09, 115601
0.11, 115201
0.11, 112898
0.13, 112698
0.13, 112509
0.14, 107560
0.16, 107501
0.16, 106882
0.16, 106537
0.19, 103949
0.20, 100132
0.30, 99264
0.36, 98677
0.39, 97846
0.41, 96645
0.42, 96348
0.42, 95142
0.42, 94194
0.44, 91110
0.44, 90840
0.47, 90812
0.47, 90579
0.47, 90325
0.47, 89989
0.48, 88185
0.52, 87562
0.55, 87345
0.58, 86947
0.58, 85814
0.63, 85466
0.63, 84627
0.72, 84613
0.84, 84515
0.88, 82532
0.91, 82101
0.92, 81780
0.92, 81699
0.94, 81636
0.95, 80212
0.95, 79905
0.95, 79799
0.97, 78846
1.03, 77094
1.20, 76325
1.34, 76245
1.34, 76008
1.36, 75969
1.50, 75302
1.52, 75073
1.52, 73525
1.59, 73142
1.73, 73019
1.84, 72351
1.84, 71850
1.88, 71293
1.89, 71003
2.13, 70830
2.13, 70734
2.14, 69262
2.14, 69258
2.16, 68624
2.33, 68482
2.34, 68275
2.34, 67966
2.36, 67541
2.38, 67483
2.42, 67236
2.45, 66660
2.47, 66605
2.47, 66555
2.50, 66337
2.58, 66130
2.67, 66067
2.72, 65949
2.73, 64852
2.75, 63741
2.77, 63464
2.80, 63396
2.84, 63095
2.87, 62897
3.33, 62718
3.33, 62634
3.64, 62523
3.66, 62151
3.75, 61644
3.77, 61449
3.78, 60842
3.80, 60331
3.80, 60075
3.81, 59854
3.83, 59638
3.83, 59521
3.92, 59454
4.27, 59316
4.58, 59117
4.69, 59036
4.80, 58748
5.91, 58708
5.91, 58679
5.97, 58563
6.09, 58359
6.12, 58195
6.25, 57991
6.48, 57292
6.58, 57167
6.59, 56771
6.94, 56118
7.56, 56092
7.62, 55962
7.87, 55937
7.87, 55669
8.62, 55444
8.75, 55092
8.97, 54940
9.64, 54740
41.50, 54336
41.84, 54301
