0.02, 193451
0.02, 192376
0.02, 183852
0.02, 179574
0.03, 173768
0.03, 170632
0.03, 169546
0.03, 164986
0.03, 162496
0.05, 161664
0.05, 161013
0.05, 158942
0.05, 156281
0.05, 152800
0.06, 151699
0.06, 149079
0.06, 146569
0.06, 145984
0.08, 144128
0.08, 143148
0.08, 142708
0.09, 142278
0.09, 141716
0.11, 140751
0.11, 138849
0.11, 137322
0.14, 136881
0.14, 135920
0.14, 134525
0.14, 134218
0.16, 132102
0.16, 130763
0.16, 128767
0.16, 127977
0.17, 126964
0.19, 126473
0.19, 126062
0.20, 124505
0.22, 123373
0.22, 119812
0.22, 117233
0.22, 116988
0.22, 115155
0.22, 112595
0.22, 111638
0.24, 111597
0.24, 111440
0.24, 110939
0.27, 108835
0.27, 108219
0.27, 107882
0.28, 106411
0.28, 106206
0.28, 105842
0.28, 105684
0.31, 105294
0.31, 105228
0.33, 104549
0.33, 104520
0.33, 102992
0.34, 101480
0.34, 100833
0.34, 100763
0.36, 98667
0.38, 98567
0.39, 97529
0.39, 96391
0.41, 96348
0.41, 96279
0.42, 96162
0.44, 96023
0.44, 95775
0.49, 95094
0.49, 94685
0.49, 94107
0.49, 93752
0.50, 93235
0.50, 93202
0.53, 93058
0.55, 92301
0.55, 92289
0.56, 92000
0.58, 91996
0.61, 90538
0.63, 89884
0.63, 89199
0.66, 88703
0.66, 88486
0.67, 88148
0.67, 87680
0.69, 87026
0.70, 86715
0.74, 84533
0.74, 84161
0.74, 82900
0.75, 82680
0.77, 81753
0.95, 81244
0.95, 79115
0.97, 76450
0.99, 76038
1.00, 75622
1.02, 75584
1.03, 75293
1.03, 75139
1.14, 75129
1.14, 75045
1.14, 74727
1.16, 74664
1.22, 73444
1.33, 73083
1.42, 72770
1.53, 72444
1.58, 72070
1.59, 71798
1.67, 71457
1.77, 70336
1.92, 70047
1.97, 69966
2.02, 68952
2.36, 68885
2.36, 68804
2.39, 68368
2.45, 68320
2.89, 68065
2.91, 67956
3.00, 67777
3.02, 67408
3.36, 66952
3.38, 66285
3.38, 65652
3.45, 65432
3.45, 65389
3.58, 65186
3.94, 64729
4.08, 64683
4.45, 64453
4.50, 64418
4.78, 64012
4.78, 63870
5.42, 63627
5.67, 63355
7.16, 62953
7.16, 62765
8.36, 62712
8.42, 62548
8.45, 62528
9.26, 61857
9.28, 61814
9.31, 61691
9.34, 61100
10.81, 60733
11.00, 60664
11.69, 60468
11.79, 59885
11.81, 59544
12.06, 59502
12.34, 59320
12.42, 58670
14.36, 58668
14.37, 58528
15.43, 58169
15.45, 57982
16.37, 57963
16.48, 57815
18.43, 57810
20.11, 57654
20.14, 57626
21.68, 57462
28.64, 57111
