0.00, 189409
0.02, 187472
0.02, 184425
0.02, 182583
0.02, 182201
0.02, 176397
0.02, 164853
0.03, 156135
0.03, 156094
0.03, 152893
0.03, 152580
0.03, 148512
0.03, 146880
0.03, 144671
0.05, 138920
0.06, 136306
0.06, 135873
0.09, 134863
0.09, 132313
0.11, 129613
0.13, 129580
0.13, 128565
0.13, 124775
0.13, 123594
0.14, 122980
0.14, 122305
0.14, 122179
0.14, 122034
0.14, 121580
0.16, 119183
0.16, 116378
0.16, 116368
0.16, 115655
0.16, 113792
0.17, 112187
0.17, 109746
0.17, 107881
0.17, 106201
0.19, 105817
0.20, 104335
0.20, 103867
0.22, 103866
0.22, 103799
0.22, 103741
0.22, 102169
0.24, 101382
0.25, 100393
0.25, 99973
0.25, 99829
0.25, 97867
0.27, 94691
0.30, 94196
0.31, 92310
0.33, 92253
0.34, 91392
0.36, 91265
0.36, 90471
0.38, 89436
0.38, 88806
0.38, 88664
0.38, 88506
0.41, 86458
0.41, 83923
0.42, 83690
0.45, 83574
0.47, 83518
0.49, 83398
0.49, 83365
0.50, 82953
0.52, 82817
0.52, 82630
0.53, 82090
0.56, 81755
0.56, 81517
0.56, 81181
0.58, 79614
0.59, 78686
0.61, 78563
0.61, 78488
0.64, 77436
0.67, 77327
0.70, 76898
0.75, 76741
0.78, 76700
0.80, 76015
0.81, 75573
0.89, 75115
0.91, 74121
0.94, 74016
0.97, 73870
0.98, 73498
1.03, 73043
1.03, 72697
1.09, 72538
1.09, 71117
1.14, 70510
1.17, 70484
1.17, 70231
1.19, 69213
1.19, 69195
1.31, 68879
1.36, 68642
1.58, 67864
1.58, 67326
1.59, 67262
1.62, 66427
1.72, 66315
1.79, 65992
2.21, 65679
2.33, 65229
2.99, 64324
3.07, 63826
5.03, 63822
5.06, 63785
6.52, 63766
7.75, 62026
8.91, 61958
9.84, 61546
10.27, 61543
10.28, 61522
10.52, 61474
11.09, 61214
11.51, 61174
11.54, 60521
11.60, 60094
11.64, 59920
14.88, 59508
15.60, 59482
20.05, 58801
20.07, 58399
20.07, 58133
20.10, 56970
20.50, 56894
20.98, 56717
21.45, 56278
24.20, 56269
24.43, 56257
33.35, 56200
