0.12, 808235
0.80, 808057
1.26, 807183
2.73, 806759
3.28, 806029
4.97, 805761
5.20, 805625
5.74, 804393
5.94, 804298
5.95, 804092
6.24, 803114
6.25, 802670
6.38, 802663
6.50, 802638
6.54, 802085
6.76, 801603
7.18, 801372
7.37, 800843
8.27, 800792
8.52, 800724
8.54, 800190
8.65, 800133
9.26, 795924
9.44, 794551
9.87, 793858
11.36, 792365
12.24, 791695
13.37, 791585
13.40, 791187
13.76, 790030
14.50, 789765
14.87, 789671
16.06, 789653
16.08, 787661
16.50, 786311
16.84, 785506
18.49, 785302
19.32, 784298
19.73, 784234
23.39, 780244
25.34, 779913
25.57, 778829
25.94, 778764
26.03, 778763
26.05, 778657
26.28, 778563
27.52, 777185
30.05, 776688
30.16, 775919
30.21, 775453
31.32, 771153
32.93, 771129
33.71, 770626
33.84, 769505
34.10, 768964
34.61, 768625
35.15, 768464
36.03, 766337
38.47, 765707
38.48, 765131
38.80, 764670
39.08, 764639
40.28, 762559
40.40, 758137
42.26, 756221
43.28, 755686
43.67, 755036
44.26, 755021
44.87, 752921
44.99, 752804
44.99, 752436
47.97, 749742
48.64, 749627
48.82, 748593
49.87, 746756
50.38, 746681
50.54, 746320
51.16, 745303
51.86, 744845
52.35, 744643
54.22, 744616
56.14, 744471
57.74, 743329
59.94, 741824
60.33, 741771
60.57, 741691
65.33, 741669
66.07, 741264
66.24, 740393
66.37, 740047
69.23, 739627
69.31, 739314
70.95, 735944
72.36, 735100
73.92, 734838
75.47, 734736
77.25, 734497
77.83, 733544
78.42, 733310
79.51, 731739
80.79, 731573
85.24, 730915
88.09, 730371
96.35, 728200
102.35, 727928
108.97, 727866
111.44, 724533
117.45, 723935
