0.12, 808235
3.52, 807102
3.55, 805793
3.78, 804600
4.05, 802494
4.33, 801669
5.25, 798662
5.64, 798109
6.53, 798005
6.89, 796292
7.09, 795548
7.57, 793478
8.99, 792980
9.10, 792865
9.33, 792617
9.75, 791270
10.69, 791064
10.87, 790696
11.31, 786678
11.96, 785349
13.66, 784740
13.95, 784688
16.79, 782937
18.24, 781933
21.02, 780771
21.66, 779439
23.26, 779434
24.35, 779406
25.00, 778098
25.18, 775939
25.52, 775713
25.69, 775560
27.51, 775000
28.02, 774482
28.29, 773832
29.56, 771947
31.11, 770690
31.34, 770188
32.58, 769552
33.53, 769549
33.87, 769102
38.73, 768712
39.58, 767423
39.61, 767323
40.86, 759948
41.89, 759921
42.17, 759862
43.77, 756873
45.55, 756077
45.97, 755742
46.35, 754879
46.62, 754290
47.56, 753871
48.30, 753812
48.31, 753173
48.50, 753099
50.52, 752225
51.86, 752208
53.89, 752136
54.12, 751849
54.17, 751156
56.51, 748833
57.43, 748001
58.21, 747997
60.79, 747941
62.35, 747905
62.68, 747854
64.25, 747672
68.35, 747233
68.67, 746361
70.28, 742970
70.89, 742417
74.37, 741976
76.05, 741479
78.91, 741450
81.53, 741255
82.10, 741225
83.65, 740688
87.17, 739121
87.36, 738488
87.58, 738066
89.53, 737505
90.81, 736264
97.71, 735728
100.98, 734961
104.70, 734744
107.78, 734727
108.63, 734672
112.13, 734340
118.70, 733601
