0.01, 9682172
0.01, 9591754
0.02, 9318388
0.02, 9189483
0.02, 9181836
0.03, 9130572
0.03, 9123147
0.03, 9093893
0.03, 9086702
0.03, 8989113
0.04, 8933028
0.05, 8913802
0.05, 8877190
0.06, 8873584
0.06, 8827768
0.06, 8819567
0.06, 8716780
0.06, 8654036
0.15, 8642709
0.15, 8586079
0.20, 8579289
0.24, 8579172
0.24, 8527450
0.24, 8373051
0.25, 8287028
0.25, 8205222
0.25, 8200981
0.25, 8164351
0.25, 8153527
0.25, 8058512
0.98, 7997939
1.69, 7987956
1.91, 7950191
2.65, 7944339
3.44, 7883097
4.19, 7841475
4.93, 7817220
5.67, 7771366
6.41, 7692092
7.14, 7593508
7.90, 7508654
7.90, 7507548
8.66, 7471532
9.33, 7208718
9.33, 7197859
10.04, 7161737
10.04, 7011092
10.69, 6965465
10.69, 6929960
10.69, 6906515
11.34, 6884946
11.98, 6855525
12.63, 6781199
13.28, 6762173
13.91, 6535638
14.56, 6514977
15.17, 6363379
15.79, 6215129
16.40, 6172216
16.40, 6151196
16.40, 6089941
17.01, 6075811
17.61, 6052026
18.21, 5945394
18.82, 5846799
18.82, 5796530
19.43, 5781458
20.02, 5749177
20.62, 5741785
21.23, 5739392
21.81, 5650313
22.40, 5642546
22.97, 5619928
23.57, 5536244
24.14, 5498737
24.71, 5460001
24.71, 5454914
25.27, 5443416
25.84, 5408613
26.39, 5393509
26.96, 5392333
27.65, 5323360
28.37, 5299130
29.02, 5294847
29.63, 5289810
30.24, 5128066
30.84, 5093937
31.42, 5055474
31.99, 4972720
32.54, 4887330
33.09, 4881789
33.65, 4844206
34.23, 4769697
34.79, 4723988
34.79, 4538245
35.34, 4537263
35.87, 4384416
36.43, 4360073
36.96, 4262751
37.47, 4233070
37.98, 4211243
38.48, 4201405
39.02, 4190387
39.56, 4102639
40.07, 4073897
40.07, 4059985
40.58, 4052385
41.11, 4001956
41.61, 3954624
42.14, 3928222
42.64, 3851763
43.16, 3846762
43.65, 3785924
44.14, 3767795
44.64, 3750272
45.11, 3749882
45.59, 3749727
46.07, 3745341
46.54, 3728475
47.00, 3710104
47.47, 3668199
47.96, 3652162
48.45, 3596443
48.45, 3558285
48.91, 3553538
49.41, 3523818
49.86, 3514844
50.30, 3503677
50.74, 3459036
51.18, 3449752
51.61, 3446814
52.06, 3439153
52.49, 3406828
52.92, 3398778
53.34, 3382991
53.76, 3341793
54.17, 3328337
54.58, 3317284
54.97, 3268044
55.39, 3196008
55.81, 3184630
55.81, 3151489
56.22, 3146449
56.62, 3120402
57.02, 3081831
57.41, 3067330
57.82, 3061438
57.82, 3045203
58.20, 3034233
58.58, 3019495
58.97, 2997636
59.34, 2971476
59.73, 2956320
60.11, 2929674
60.49, 2928746
60.86, 2897523
61.23, 2881704
61.60, 2881423
62.00, 2870788
62.36, 2868413
62.72, 2858807
63.09, 2847080
63.45, 2828794
63.80, 2779351
64.16, 2773558
64.52, 2732647
64.88, 2725358
65.24, 2678493
65.58, 2652829
65.92, 2651891
66.26, 2646848
66.59, 2645641
66.91, 2595555
67.25, 2582449
67.58, 2580425
67.91, 2573188
68.23, 2541799
68.23, 2534523
68.55, 2525275
68.87, 2522938
69.20, 2514390
69.52, 2513379
69.84, 2511509
70.16, 2509726
70.47, 2506657
70.78, 2465916
71.09, 2464858
71.40, 2443230
71.71, 2434117
72.01, 2413770
72.32, 2384735
72.62, 2384569
72.93, 2381961
73.23, 2380484
73.52, 2377302
73.81, 2374108
74.10, 2360124
74.39, 2358757
74.68, 2302477
74.97, 2299982
75.25, 2298713
75.54, 2296669
75.83, 2296367
76.14, 2286236
76.46, 2263713
76.74, 2239721
77.02, 2239332
77.29, 2235664
77.57, 2233407
77.83, 2228545
78.11, 2219930
78.38, 2198906
78.65, 2195159
78.93, 2180924
79.20, 2179294
79.47, 2176800
79.73, 2156789
79.99, 2154385
80.26, 2143845
80.52, 2140768
80.77, 2139358
81.02, 2115477
81.26, 2110665
81.51, 2106344
81.75, 2101959
82.00, 2098450
82.28, 2045091
82.53, 2045068
82.77, 2034932
83.00, 2034429
83.24, 2030833
83.51, 2014823
83.77, 2011572
84.00, 2011064
84.23, 2009293
84.46, 1933850
84.69, 1928613
84.91, 1921947
85.16, 1904248
85.38, 1904198
85.60, 1895361
85.82, 1887652
86.04, 1882555
86.26, 1882024
86.49, 1881205
86.71, 1878041
86.94, 1876492
87.17, 1873306
87.41, 1855743
87.67, 1854624
87.89, 1849343
88.14, 1847060
88.36, 1841310
88.56, 1832290
88.82, 1820237
89.03, 1817911
89.27, 1816151
89.48, 1810462
89.69, 1804827
89.93, 1802377
90.12, 1797852
90.33, 1797491
90.53, 1795968
90.76, 1795786
90.96, 1795579
91.15, 1795168
91.40, 1759471
91.61, 1754516
91.79, 1753869
91.98, 1752309
92.17, 1748727
92.38, 1748364
92.57, 1747129
92.77, 1743292
92.96, 1742928
93.15, 1734741
93.39, 1733336
93.61, 1726756
93.82, 1726224
94.00, 1711385
94.19, 1709215
94.36, 1694281
94.56, 1690734
94.75, 1672284
95.01, 1668087
95.20, 1665090
95.41, 1657918
95.62, 1657569
95.83, 1650079
96.03, 1649390
96.19, 1648986
96.37, 1627030
96.60, 1626482
96.77, 1626087
96.92, 1616194
97.11, 1598083
97.28, 1593583
97.43, 1589130
97.60, 1588376
97.82, 1587146
98.04, 1586350
98.22, 1584758
98.55, 1583614
98.71, 1583210
98.85, 1582877
99.02, 1579548
99.16, 1579056
99.31, 1576884
99.47, 1575506
99.62, 1573340
99.77, 1572881
99.91, 1570799
100.07, 1569516
100.22, 1568189
100.36, 1564245
100.50, 1559136
100.65, 1558931
100.79, 1553638
100.97, 1551919
101.13, 1551151
101.29, 1548778
101.44, 1548597
101.62, 1546421
101.79, 1543881
101.93, 1525940
102.09, 1518742
102.27, 1518423
102.59, 1518079
102.82, 1517569
102.97, 1514803
103.18, 1508742
103.49, 1503926
103.63, 1501009
103.86, 1500233
104.04, 1490690
104.19, 1489243
104.38, 1489145
104.56, 1488761
104.69, 1486344
104.89, 1486029
105.10, 1485560
105.30, 1484774
105.59, 1482258
105.74, 1473581
106.36, 1473439
106.52, 1472385
106.70, 1471509
106.83, 1471413
106.98, 1470393
107.24, 1468062
107.42, 1463630
107.53, 1461448
107.69, 1460921
107.81, 1443416
107.99, 1411102
108.38, 1410019
108.65, 1398621
108.78, 1398571
108.94, 1384911
109.05, 1381665
109.40, 1370357
109.48, 1369773
110.42, 1365034
110.66, 1363613
112.12, 1359908
113.02, 1359243
113.29, 1358823
113.60, 1355532
118.23, 1337670
119.56, 1332668
