0.01, 11102802
0.01, 11086704
0.01, 11041270
0.01, 10957287
0.01, 10888139
0.02, 10679459
0.02, 10588023
0.02, 10451374
0.02, 10440110
0.02, 10332250
0.02, 10272263
0.02, 10047436
0.02, 10046097
0.02, 9788592
0.02, 9782807
0.02, 9499901
0.02, 9383819
0.02, 9358332
0.02, 9333713
0.02, 9320549
0.03, 9272872
0.03, 9114352
0.03, 9028885
0.03, 9020242
0.03, 8883273
0.03, 8853987
0.03, 8850320
0.03, 8837243
0.04, 8798894
0.04, 8721799
0.19, 8692036
0.29, 8671780
0.29, 8661490
0.29, 8586163
0.29, 8494082
0.29, 8427537
0.69, 8355976
0.69, 8336395
0.78, 8335076
1.09, 8303117
1.10, 8258976
1.10, 8124916
1.81, 8106834
1.81, 8075603
1.87, 7969766
2.57, 7885691
3.29, 7884550
3.98, 7740524
3.98, 7670234
3.98, 7666812
4.68, 7627957
5.36, 7621773
5.36, 7256217
6.03, 7249036
6.70, 7107353
7.37, 7098735
8.05, 7054852
8.71, 7048776
9.40, 7034274
10.12, 6986520
10.80, 6972114
10.80, 6960816
11.42, 6901824
12.00, 6828871
12.00, 6819125
12.59, 6714905
13.17, 6651091
13.75, 6643345
14.33, 6567979
14.90, 6490525
15.47, 6413761
16.04, 6381005
16.60, 6368114
17.16, 6361773
17.72, 6332757
18.27, 6209458
18.27, 6142407
18.84, 6092477
19.39, 5930226
19.94, 5917796
20.47, 5847871
21.01, 5835340
21.55, 5808218
22.08, 5738505
22.61, 5726045
22.62, 5710673
23.15, 5690366
23.68, 5682036
24.20, 5645833
24.72, 5622454
24.72, 5614216
25.25, 5613442
25.76, 5606808
26.27, 5506316
26.79, 5491066
27.32, 5484374
27.84, 5479366
28.34, 5455301
28.87, 5454802
29.37, 5398050
29.86, 5397920
30.36, 5280820
30.85, 5280020
31.39, 5275941
31.88, 5268638
32.37, 5198527
32.88, 5180589
33.37, 5149457
33.84, 5114032
34.33, 5013262
34.82, 5012800
35.33, 5010198
35.96, 4931924
36.43, 4925733
36.91, 4924221
37.37, 4895842
37.84, 4885937
38.29, 4883518
38.73, 4882717
39.18, 4862291
39.62, 4845227
40.08, 4829434
40.52, 4821240
40.95, 4796588
41.39, 4768923
41.84, 4761183
42.31, 4718152
42.76, 4684660
43.19, 4682350
43.61, 4681437
44.05, 4582371
44.49, 4505304
44.93, 4336406
45.38, 4323763
45.38, 4318291
45.38, 4309365
45.83, 4308770
46.29, 4307347
46.72, 4307011
47.19, 4306698
47.60, 4298433
48.04, 4237160
48.48, 4221133
48.90, 4214893
49.32, 4185363
49.74, 4182963
50.14, 4179118
50.53, 4140857
50.96, 4118232
51.35, 3974061
51.35, 3963715
51.76, 3933545
52.15, 3906416
52.53, 3850733
52.91, 3821894
53.29, 3795035
53.67, 3781578
54.04, 3766661
54.40, 3765332
54.78, 3747146
55.15, 3682576
55.52, 3680300
55.90, 3680190
56.28, 3672428
56.68, 3637895
57.05, 3637011
57.40, 3609409
57.75, 3585529
58.11, 3558987
58.47, 3551834
58.81, 3514149
59.15, 3511104
59.49, 3468384
59.84, 3445136
60.18, 3432323
60.52, 3430528
60.86, 3429746
61.19, 3429740
61.52, 3420840
61.85, 3403669
62.18, 3400398
62.51, 3390370
62.84, 3381658
63.17, 3379392
63.49, 3368317
63.49, 3361911
63.81, 3317772
64.13, 3284694
64.43, 3274146
64.74, 3244907
65.05, 3242508
65.40, 3240223
65.72, 3232317
66.03, 3114480
66.36, 3085230
66.67, 3076752
66.99, 3076247
67.32, 3071720
67.62, 3070713
67.92, 3057438
68.21, 3052958
68.51, 3047826
68.80, 3044482
69.09, 3041840
69.39, 3029088
69.72, 2947299
70.02, 2916162
70.30, 2911101
70.59, 2896377
70.86, 2837792
71.13, 2835957
71.44, 2834559
71.74, 2828481
72.03, 2827300
72.30, 2821038
72.57, 2818159
72.84, 2805702
73.11, 2803628
73.38, 2800380
73.65, 2785779
73.92, 2744790
74.17, 2736793
74.43, 2657807
74.69, 2653011
74.94, 2618603
75.19, 2617936
75.45, 2613775
75.70, 2612888
75.95, 2609978
76.20, 2535435
76.46, 2534189
76.70, 2531278
76.98, 2526386
77.25, 2522152
77.51, 2507766
77.81, 2504500
78.07, 2451600
78.32, 2442485
78.56, 2441131
78.80, 2438592
79.03, 2435850
79.26, 2434278
79.50, 2399233
79.74, 2384619
79.97, 2374898
80.20, 2369123
80.43, 2357792
80.67, 2354020
80.90, 2341499
81.12, 2320345
81.36, 2318796
81.58, 2316690
81.80, 2313946
82.02, 2313883
82.25, 2313750
82.47, 2312734
82.68, 2312156
82.90, 2306853
83.11, 2301641
83.33, 2300682
83.55, 2293058
83.77, 2290434
83.98, 2286465
84.20, 2281269
84.40, 2276518
84.62, 2270825
84.85, 2245546
85.05, 2237324
85.26, 2236487
85.48, 2193852
85.68, 2190855
85.90, 2184714
86.10, 2181462
86.31, 2169791
86.52, 2144739
86.71, 2124860
86.91, 2124689
87.11, 2114406
87.31, 2016087
87.50, 2015727
87.70, 1962570
87.90, 1962096
88.12, 1957419
88.33, 1953285
88.52, 1951803
88.70, 1950237
88.90, 1950161
89.11, 1939960
89.30, 1933536
89.49, 1932955
89.67, 1928571
89.85, 1928087
90.04, 1925469
90.23, 1916862
90.41, 1874485
90.59, 1872019
90.80, 1831612
90.97, 1830859
91.15, 1830025
91.33, 1829068
91.52, 1827056
91.71, 1822462
91.89, 1797518
92.06, 1796269
92.24, 1794143
92.42, 1780414
92.60, 1777315
92.78, 1774607
93.03, 1759292
93.22, 1726079
93.41, 1725260
93.59, 1724803
93.78, 1722904
93.99, 1721385
94.15, 1715118
94.33, 1713566
94.51, 1706530
94.73, 1702580
94.89, 1701687
95.07, 1700598
95.29, 1698620
95.45, 1698334
95.61, 1688400
95.75, 1673324
95.90, 1663031
96.06, 1660168
96.22, 1639166
96.39, 1621325
96.56, 1617366
96.71, 1615148
96.87, 1614424
97.08, 1606950
97.23, 1606897
97.39, 1606201
97.60, 1605210
97.73, 1604256
97.88, 1601571
98.05, 1600995
98.22, 1598822
98.36, 1596308
98.53, 1595251
98.77, 1590844
98.92, 1588122
99.05, 1586913
99.25, 1575610
99.46, 1575474
99.64, 1570707
99.78, 1560589
99.91, 1557644
100.06, 1540456
100.18, 1540445
100.35, 1539483
100.49, 1539470
100.61, 1538587
100.77, 1538108
100.96, 1537016
101.11, 1530468
101.24, 1530194
101.36, 1529706
101.56, 1528961
101.77, 1527551
101.90, 1524942
102.04, 1524033
102.24, 1511671
102.62, 1503358
102.75, 1495391
103.03, 1493782
103.15, 1484625
103.38, 1470335
103.79, 1465972
103.97, 1455825
104.31, 1454901
104.75, 1450112
105.15, 1449593
105.32, 1449550
105.68, 1448234
105.86, 1447911
106.80, 1436550
107.09, 1428280
107.77, 1417492
108.09, 1412033
108.49, 1408002
109.26, 1407919
109.94, 1402271
110.56, 1401849
110.96, 1401682
111.29, 1372034
111.43, 1372004
112.07, 1362736
112.25, 1355090
113.02, 1355029
114.84, 1346957
115.31, 1346855
115.78, 1346218
115.96, 1345475
116.02, 1344275
116.59, 1343557
116.72, 1343496
117.08, 1342563
117.18, 1341754
117.58, 1341117
118.67, 1338584
