0.01, 9679105
0.01, 9463044
0.02, 9052965
0.02, 9045933
0.02, 8983454
0.02, 8973090
0.02, 8942511
0.02, 8904621
0.03, 8883699
0.05, 8820223
0.05, 8727563
0.05, 8717587
0.08, 8688105
0.08, 8643598
0.08, 8557325
0.17, 8373683
0.20, 8347236
0.20, 8299661
0.21, 8246623
0.21, 8134495
0.21, 8054657
0.90, 7975692
1.57, 7971437
1.57, 7958136
1.57, 7830210
2.27, 7824960
2.98, 7812772
3.67, 7789673
3.67, 7656773
4.37, 7645632
4.37, 7639082
4.37, 7620754
4.37, 7519227
4.37, 7515803
4.37, 7464524
4.37, 7220530
5.05, 6985819
5.71, 6943523
6.36, 6924745
7.03, 6851596
7.70, 6756181
8.36, 6721572
8.36, 6684347
8.36, 6496062
9.03, 6436375
9.67, 6431647
10.31, 6411481
10.94, 6404908
11.56, 6353852
11.56, 6322956
12.18, 6217529
12.80, 6216920
12.80, 6200487
13.41, 6200385
14.02, 6143817
14.02, 6131133
14.63, 6089598
15.25, 6080498
15.85, 5978190
16.45, 5956568
17.04, 5939731
17.63, 5926371
18.21, 5858422
18.80, 5824090
19.38, 5794707
19.38, 5736941
19.95, 5719772
20.50, 5589491
21.02, 5575018
21.54, 5310242
22.05, 5299546
22.55, 5276147
23.06, 5263803
23.56, 5232359
24.06, 5224720
24.56, 5207417
25.06, 5163442
25.56, 5112116
26.06, 5092131
26.55, 5052156
27.04, 5050939
27.52, 4987284
28.01, 4941863
28.49, 4909152
28.99, 4865999
29.52, 4853709
30.07, 4852321
30.07, 4795186
30.55, 4783608
31.04, 4771468
31.51, 4757880
31.99, 4731307
32.46, 4714445
32.93, 4713505
33.40, 4705177
33.87, 4680421
33.87, 4650832
34.34, 4555476
34.82, 4531893
35.30, 4425118
35.76, 4405094
36.21, 4382346
36.70, 4335769
37.16, 4319074
37.61, 4318410
38.06, 4261129
38.50, 4259939
38.50, 4231414
38.94, 4229802
39.38, 4212812
39.81, 4186329
40.25, 4166059
40.68, 4163190
41.11, 4156200
41.52, 4144797
41.94, 4128661
42.35, 4053602
42.77, 4035110
43.18, 4032252
43.58, 4030794
43.99, 3968546
44.39, 3955556
44.81, 3945671
45.21, 3937807
45.61, 3918770
46.00, 3914345
46.40, 3878552
46.79, 3874579
47.19, 3868150
47.58, 3863443
47.98, 3838167
48.37, 3798750
48.79, 3796680
49.28, 3791626
49.80, 3762249
50.31, 3599069
50.75, 3590624
50.75, 3567376
51.17, 3487108
51.58, 3476634
51.99, 3462526
52.41, 3445134
52.82, 3416912
53.22, 3404934
53.60, 3395211
53.99, 3383349
54.39, 3350152
54.79, 3344853
55.18, 3321126
55.57, 3309399
55.94, 3300286
56.32, 3293914
56.70, 3289997
57.06, 3281122
57.43, 3280605
57.81, 3235535
58.17, 3229530
58.54, 3227413
58.91, 3226554
59.28, 3226063
59.66, 3222001
60.02, 3217733
60.37, 3156761
60.72, 3146597
61.05, 3101958
61.41, 3097681
61.75, 3054361
62.09, 3039204
62.43, 3034104
62.76, 2970599
63.10, 2936796
63.46, 2900567
63.78, 2877800
64.11, 2876967
64.42, 2815661
64.78, 2806768
65.11, 2799707
65.44, 2782476
65.75, 2775963
66.07, 2775324
66.39, 2755493
66.70, 2716720
67.02, 2696338
67.32, 2648667
67.64, 2645197
67.94, 2635619
68.26, 2629468
68.57, 2624287
68.87, 2599214
69.18, 2590977
69.49, 2571686
69.80, 2570096
70.13, 2564385
70.42, 2533381
70.72, 2522369
71.03, 2452280
71.36, 2381274
71.65, 2380657
71.92, 2374620
72.20, 2372730
72.47, 2371246
72.74, 2361044
73.01, 2361011
73.28, 2354331
73.54, 2352819
73.82, 2351898
74.08, 2341944
74.35, 2301184
74.61, 2300457
74.88, 2274031
75.16, 2265875
75.43, 2254285
75.69, 2252173
75.95, 2251827
76.23, 2171687
76.52, 2146110
76.80, 2132166
77.12, 2128961
77.38, 2123448
77.62, 2122541
77.88, 2121060
78.12, 2092681
78.36, 2088176
78.60, 2082496
78.83, 2078517
79.13, 2072631
79.37, 2062758
79.61, 2037118
79.86, 2037072
80.09, 2003439
80.31, 2003219
80.54, 2001871
80.80, 2000055
81.02, 1995610
81.25, 1994984
81.49, 1993648
81.74, 1947217
81.97, 1933777
82.21, 1932661
82.48, 1932597
82.71, 1929694
82.92, 1927796
83.15, 1887881
83.36, 1847481
83.57, 1847405
83.78, 1832130
84.00, 1795589
84.23, 1768020
84.44, 1756795
84.65, 1756164
84.85, 1709175
85.05, 1706340
85.25, 1698998
85.44, 1690749
85.64, 1636071
85.84, 1629186
86.05, 1626000
86.26, 1623216
86.47, 1619663
86.68, 1616511
86.87, 1615216
87.06, 1615167
87.25, 1615097
87.44, 1615049
87.63, 1601182
87.83, 1599584
88.02, 1597682
88.21, 1592057
88.42, 1585541
88.60, 1585410
88.78, 1579639
88.98, 1578679
89.22, 1578606
89.39, 1578194
89.59, 1564289
89.78, 1561835
89.98, 1561170
90.18, 1540030
90.39, 1537267
90.61, 1524652
90.82, 1516364
90.99, 1516163
91.19, 1515905
91.37, 1515580
91.56, 1513769
91.73, 1513731
91.92, 1510905
92.09, 1503844
92.29, 1502350
92.47, 1500254
92.63, 1493714
92.82, 1493334
93.08, 1492911
93.26, 1492745
93.52, 1490334
93.70, 1490238
93.87, 1471359
94.06, 1471250
94.23, 1470901
94.45, 1470407
94.60, 1465205
94.84, 1464245
95.02, 1461813
95.17, 1461163
95.42, 1459364
95.68, 1456700
96.00, 1454597
96.16, 1453954
96.51, 1448931
96.98, 1447946
97.55, 1434995
98.11, 1434071
98.40, 1429170
98.66, 1428720
98.92, 1426814
99.33, 1426271
99.51, 1426043
99.65, 1419701
100.12, 1418125
100.91, 1415980
101.11, 1415361
101.44, 1408349
102.07, 1401789
102.35, 1392621
102.99, 1391442
103.15, 1365827
103.60, 1365705
104.08, 1361508
104.25, 1352424
104.87, 1352254
105.13, 1348291
105.27, 1347719
105.38, 1342671
105.62, 1337168
106.49, 1327521
107.68, 1325751
108.27, 1315638
108.58, 1315390
108.94, 1315217
111.30, 1312888
111.90, 1312708
112.77, 1310664
113.41, 1309737
114.66, 1308448
116.57, 1307348
