0.01, 9447161
0.01, 9409746
0.01, 9387136
0.04, 9358699
0.04, 9266354
0.04, 9262610
0.05, 9197162
0.05, 9182812
0.05, 9140119
0.05, 9134259
0.05, 9110130
0.05, 9066666
0.05, 8875985
0.06, 8874801
0.06, 8840397
0.06, 8714737
0.06, 8677615
0.07, 8599383
0.07, 8416803
0.23, 8257354
0.23, 8211318
1.00, 8181704
1.00, 8139058
1.01, 7952401
1.61, 7939399
2.31, 7910696
2.99, 7859017
3.70, 7709908
4.41, 7700531
5.13, 7583822
5.85, 7335902
6.55, 7229308
7.25, 7206365
7.25, 7199410
7.95, 6851531
7.95, 6594863
8.63, 6566638
9.31, 6558201
10.00, 6552838
10.00, 6342264
10.66, 6275588
10.66, 6273377
11.31, 6225595
11.96, 6146712
12.64, 6094058
13.27, 6080288
13.93, 6070963
13.93, 6050482
14.62, 6048321
15.24, 5887051
15.24, 5785817
15.92, 5772514
15.92, 5695908
16.55, 5396414
17.18, 5350253
17.83, 5285701
18.43, 5248270
19.04, 5142277
19.64, 5034832
20.31, 4991457
20.92, 4970638
21.52, 4902228
22.12, 4891128
22.70, 4890437
23.27, 4855987
23.87, 4797070
24.43, 4641914
25.00, 4638625
25.56, 4608373
26.10, 4431464
26.66, 4416537
27.20, 4381687
27.75, 4370148
28.29, 4284821
28.86, 4251994
29.40, 4225580
29.94, 4217078
30.47, 4136905
31.01, 4135382
31.55, 4058027
32.07, 4051090
32.60, 4033757
33.14, 4023681
33.65, 4012473
34.16, 4004514
34.66, 4000883
35.16, 3979980
35.66, 3970102
36.17, 3964620
36.66, 3913506
37.17, 3891523
37.68, 3869906
38.14, 3843409
38.63, 3835042
39.08, 3834238
39.55, 3830048
40.02, 3819174
40.46, 3740405
40.90, 3720518
41.34, 3707030
41.78, 3705727
42.21, 3657575
42.67, 3644226
43.10, 3618751
43.52, 3580361
43.93, 3573733
44.35, 3573146
44.80, 3545009
45.23, 3451701
45.65, 3449855
46.05, 3446351
46.45, 3366489
46.84, 3354703
47.24, 3293217
47.64, 3261563
48.03, 3245599
48.42, 3238486
48.81, 3233262
49.20, 3231924
49.58, 3209432
49.96, 3208863
50.35, 3194215
50.73, 3190372
51.11, 3175043
51.48, 3151066
51.88, 3140105
52.25, 3131109
52.62, 3090765
52.98, 3088674
53.35, 3084486
53.72, 3082791
54.08, 3042624
54.43, 3010434
54.79, 2995244
55.15, 2988734
55.51, 2950912
55.86, 2949645
56.27, 2936674
56.63, 2913781
56.97, 2903893
57.31, 2884285
57.66, 2874956
58.00, 2873471
58.36, 2864881
58.74, 2859181
59.07, 2856371
59.41, 2842432
59.75, 2824922
60.09, 2816604
60.42, 2755413
60.74, 2753404
61.07, 2718046
61.41, 2716835
61.73, 2694258
62.05, 2677250
62.36, 2676538
62.67, 2655099
63.00, 2633178
63.31, 2628231
63.63, 2627909
63.94, 2621371
64.24, 2610284
64.56, 2608716
64.86, 2601116
65.15, 2596894
65.44, 2589851
65.73, 2589153
66.03, 2582977
66.32, 2530673
66.61, 2517867
66.90, 2513135
67.18, 2502482
67.47, 2469745
67.76, 2463241
68.05, 2461525
68.33, 2431677
68.62, 2396847
68.92, 2396809
69.19, 2395815
69.47, 2343291
69.75, 2341447
70.05, 2328339
70.32, 2327889
70.60, 2326280
70.87, 2307932
71.14, 2304720
71.40, 2293500
71.66, 2289074
71.93, 2269738
72.19, 2260058
72.45, 2255450
72.72, 2238800
72.99, 2234404
73.24, 2231492
73.54, 2230643
73.80, 2203891
74.05, 2198280
74.31, 2189206
74.57, 2125804
74.82, 2105795
75.07, 2105443
75.32, 2104856
75.58, 2101968
75.84, 2100972
76.08, 2096655
76.32, 2093619
76.56, 2090889
76.80, 2089859
77.04, 2054292
77.28, 2051516
77.52, 2051275
77.76, 2042452
78.03, 2041219
78.26, 2037800
78.52, 2021011
78.77, 2015898
79.00, 2006287
79.23, 1984798
79.46, 1971836
79.70, 1958579
79.95, 1958317
80.20, 1956040
80.42, 1956021
80.66, 1885824
80.89, 1881764
81.13, 1880182
81.40, 1877133
81.63, 1871509
81.85, 1869515
82.07, 1867785
82.29, 1864703
82.52, 1858314
82.73, 1856186
82.94, 1855772
83.16, 1845134
83.36, 1837600
83.59, 1833096
83.81, 1830786
84.02, 1800931
84.23, 1800156
84.44, 1795764
84.65, 1748458
84.85, 1747565
85.06, 1745673
85.26, 1745390
85.51, 1741734
85.71, 1741570
85.91, 1737236
86.10, 1736418
86.29, 1733239
86.51, 1720071
86.70, 1696795
86.90, 1692076
87.09, 1690219
87.29, 1689059
87.53, 1681361
87.73, 1650751
87.92, 1648007
88.10, 1648000
88.30, 1644523
88.49, 1644062
88.76, 1643072
88.94, 1642617
89.12, 1638832
89.29, 1627029
89.50, 1623860
89.69, 1618628
89.87, 1613723
90.05, 1612706
90.36, 1612328
90.55, 1605354
90.73, 1584334
90.94, 1584227
91.16, 1582361
91.37, 1568407
91.61, 1563725
91.85, 1559158
92.03, 1543370
92.19, 1534710
92.42, 1534221
92.63, 1531011
92.80, 1529741
93.09, 1522875
93.27, 1521602
93.48, 1520825
93.74, 1516045
93.89, 1508975
94.13, 1508906
94.34, 1507881
94.96, 1507868
95.22, 1499834
95.41, 1495396
95.58, 1495142
95.74, 1494842
96.20, 1493479
96.51, 1490401
96.87, 1490058
97.20, 1480377
97.72, 1470849
98.14, 1458916
98.45, 1451645
98.61, 1451032
98.82, 1445619
99.03, 1444184
99.44, 1442311
99.94, 1440698
100.29, 1438724
100.53, 1429447
100.91, 1422877
101.30, 1421797
101.70, 1420640
101.98, 1408036
102.19, 1407126
102.63, 1399497
103.04, 1399487
103.87, 1391124
104.93, 1390233
105.28, 1383890
105.41, 1380999
106.12, 1375935
106.22, 1375311
106.32, 1367782
106.72, 1367652
107.03, 1367031
107.94, 1361439
108.25, 1355153
109.23, 1354683
113.84, 1350423
114.56, 1350325
115.48, 1350122
117.67, 1349691
