0.01, 9851556
0.02, 9690240
0.02, 9582218
0.02, 9560503
0.02, 9525123
0.02, 9399599
0.02, 9372862
0.02, 9228705
0.02, 9200016
0.04, 9175952
0.05, 9144872
0.05, 9126638
0.05, 9088679
0.05, 9069797
0.05, 9020864
0.05, 8949030
0.05, 8918114
0.05, 8875238
0.05, 8864983
0.06, 8627927
0.09, 8596989
0.09, 8533457
0.13, 8413218
0.51, 8406402
0.51, 8362225
0.51, 8264783
0.51, 8218689
0.51, 8144628
1.19, 8116476
1.90, 8050268
2.58, 8035822
3.26, 8008547
3.94, 7829143
3.94, 7826131
3.94, 7758599
3.94, 7604659
4.61, 7574229
5.30, 7372669
5.90, 7344954
6.50, 7192672
7.09, 7045741
7.73, 7001381
7.73, 6956978
8.33, 6914367
8.91, 6884314
9.48, 6844264
10.07, 6804277
10.64, 6783653
11.24, 6579131
11.81, 6430282
11.81, 6405858
11.81, 6393690
12.41, 6369662
12.97, 6334878
13.53, 6233264
14.09, 6211095
14.67, 6121857
15.23, 5838188
15.79, 5769666
16.33, 5657610
16.89, 5509454
17.44, 5497577
17.98, 5487121
18.53, 5483501
18.53, 5444860
19.07, 5387012
19.61, 5385819
20.13, 5237579
20.67, 5143727
21.23, 5060485
21.76, 5043076
22.28, 4983365
22.79, 4967916
23.29, 4952042
23.81, 4950205
24.33, 4918301
24.85, 4903907
25.36, 4895024
25.86, 4895022
26.39, 4872655
26.89, 4867265
27.40, 4834676
27.92, 4753614
27.92, 4696589
28.42, 4660001
28.91, 4658230
29.41, 4658073
29.89, 4614885
30.43, 4609271
30.91, 4604469
31.42, 4604106
31.90, 4591973
31.90, 4571016
32.39, 4564083
32.91, 4521753
33.38, 4496626
33.86, 4462471
34.33, 4350161
34.80, 4317533
35.25, 4179907
35.71, 4174709
36.16, 4102064
36.62, 4093203
37.09, 3989388
37.52, 3986112
37.96, 3977395
38.40, 3957759
38.84, 3934629
39.27, 3925249
39.27, 3922907
39.70, 3850252
40.13, 3827655
40.56, 3819639
40.99, 3787556
41.41, 3778184
41.82, 3767673
42.24, 3727686
42.65, 3679418
43.06, 3677012
43.47, 3668109
43.87, 3656838
44.27, 3651763
44.66, 3619632
45.06, 3612324
45.47, 3610530
45.88, 3603340
46.27, 3591735
46.67, 3574343
47.08, 3529716
47.47, 3487303
47.85, 3482886
48.23, 3374704
48.61, 3367471
49.00, 3338259
49.38, 3249926
49.77, 3248593
50.15, 3246933
50.54, 3177252
50.92, 3041496
51.30, 3035979
51.68, 3034274
52.04, 3008356
52.41, 2983799
52.80, 2979275
53.17, 2948633
53.53, 2942046
53.89, 2914541
54.28, 2911253
54.64, 2908884
55.00, 2905984
55.35, 2876152
55.70, 2850844
56.05, 2849366
56.40, 2847109
56.74, 2846346
57.08, 2845014
57.41, 2819065
57.77, 2816229
58.15, 2777476
58.51, 2747490
58.85, 2743916
59.19, 2739932
59.52, 2738842
59.86, 2725402
60.22, 2724097
60.57, 2719449
60.90, 2714143
61.23, 2714085
61.56, 2711333
61.89, 2705029
62.21, 2702016
62.53, 2700441
62.84, 2691439
63.17, 2689297
63.48, 2688733
63.79, 2687001
64.10, 2677423
64.40, 2673667
64.70, 2666661
64.99, 2640631
65.29, 2630634
65.58, 2623245
65.87, 2606976
66.17, 2592909
66.47, 2583785
66.76, 2579526
67.06, 2530323
67.35, 2524632
67.64, 2499188
67.94, 2496951
68.21, 2488808
68.49, 2484963
68.76, 2474177
69.04, 2462894
69.31, 2461432
69.58, 2438240
69.86, 2361899
70.13, 2361648
70.42, 2351828
70.70, 2345101
70.97, 2310956
71.24, 2303625
71.51, 2301861
71.79, 2301080
72.06, 2290709
72.33, 2280219
72.59, 2278501
72.85, 2277461
73.13, 2275825
73.39, 2273221
73.66, 2273204
73.92, 2253209
74.19, 2226301
74.49, 2215816
74.75, 2211105
75.01, 2208328
75.27, 2204453
75.52, 2201566
75.77, 2195250
76.01, 2187810
76.29, 2182423
76.53, 2153482
76.79, 2148582
77.05, 2145618
77.29, 2110208
77.56, 2109350
77.81, 2075597
78.04, 2062024
78.29, 2061923
78.55, 2047262
78.81, 2024401
79.04, 2022375
79.29, 2019744
79.54, 2016974
79.77, 2013368
80.00, 2010921
80.23, 2004858
80.46, 2003048
80.70, 2002468
80.92, 2001590
81.14, 1995351
81.36, 1978110
81.58, 1977861
81.81, 1972591
82.03, 1962820
82.26, 1956783
82.47, 1942797
82.68, 1938840
82.89, 1931215
83.09, 1919035
83.30, 1910484
83.50, 1888576
83.73, 1886431
83.95, 1884547
84.18, 1838163
84.39, 1837204
84.60, 1827292
84.82, 1823580
85.02, 1787898
85.23, 1782076
85.42, 1780387
85.64, 1743250
85.86, 1741647
86.08, 1728205
86.28, 1708009
86.53, 1704341
86.74, 1699948
86.94, 1676261
87.15, 1671125
87.35, 1663011
87.53, 1662901
87.73, 1646514
87.91, 1635558
88.09, 1635357
88.27, 1634872
88.46, 1624048
88.65, 1623593
88.86, 1622146
89.05, 1616171
89.23, 1598026
89.41, 1585929
89.59, 1584465
89.78, 1580087
89.95, 1577594
90.16, 1573563
90.37, 1570852
90.54, 1569134
90.72, 1567182
90.89, 1563760
91.08, 1558162
91.29, 1558108
91.46, 1540439
91.65, 1537658
91.84, 1536311
92.04, 1531604
92.23, 1530207
92.46, 1527348
92.64, 1524168
92.84, 1518686
93.01, 1517842
93.22, 1517627
93.39, 1515827
93.59, 1510394
93.75, 1501934
93.93, 1499274
94.20, 1498324
94.43, 1488892
94.64, 1487338
94.88, 1478830
95.05, 1478527
95.32, 1478190
95.53, 1468981
95.76, 1461635
96.05, 1458754
96.19, 1457306
96.49, 1450747
96.92, 1431486
97.06, 1431324
97.25, 1430684
97.41, 1424055
97.76, 1423984
97.92, 1420404
98.07, 1420106
98.28, 1416571
98.43, 1415030
98.64, 1380470
98.97, 1378241
99.49, 1376712
99.65, 1376174
99.78, 1373639
99.93, 1364757
100.45, 1355987
100.61, 1355445
101.13, 1353607
101.48, 1351406
101.64, 1344745
102.00, 1341475
102.37, 1340726
103.04, 1329755
104.05, 1328145
104.18, 1319847
104.75, 1315193
105.22, 1314773
105.70, 1314566
106.04, 1298039
106.32, 1297758
107.52, 1297033
109.89, 1296882
114.14, 1295277
114.23, 1284961
115.35, 1284012
115.54, 1281213
117.60, 1280606
117.79, 1275747
119.19, 1274887
