0.01, 10139408
0.01, 9886831
0.01, 9808688
0.01, 9753995
0.01, 9742122
0.01, 9383909
0.02, 9380094
0.02, 9361653
0.02, 9357779
0.02, 9207313
0.02, 9067621
0.03, 9053682
0.03, 8963353
0.06, 8769294
0.08, 8622376
0.08, 8527156
0.22, 8393884
0.25, 8351120
0.43, 8259915
0.43, 8219163
0.43, 8196386
0.87, 8164692
1.56, 8149584
1.56, 7996572
1.56, 7845667
2.24, 7744632
2.24, 7734895
2.93, 7666095
3.60, 7605569
4.27, 7602768
4.95, 7467634
5.63, 7437374
6.33, 7436295
7.01, 7320370
7.01, 7170274
7.01, 7082540
7.66, 7036344
8.30, 7024026
8.94, 6903134
8.94, 6890271
8.94, 6845075
9.59, 6779731
10.24, 6763721
10.25, 6707687
10.89, 6676864
11.54, 6614810
12.21, 6611828
12.83, 6602721
13.47, 6568397
14.10, 6556667
14.72, 6524966
15.35, 6490380
15.97, 6484229
16.57, 6430020
17.16, 6416835
17.77, 6410118
18.37, 6371934
18.97, 6356794
19.56, 6332295
20.16, 6318550
20.75, 6230533
21.33, 6141873
21.91, 6139299
22.50, 6111188
23.08, 6053758
23.66, 5948325
23.66, 5777095
24.25, 5764863
24.82, 5762849
25.38, 5731306
25.99, 5722781
26.56, 5669547
26.56, 5650638
27.12, 5617017
27.67, 5595832
28.26, 5589511
28.82, 5576716
29.35, 5554172
29.89, 5485832
30.43, 5463537
30.95, 5389633
31.46, 5371621
31.97, 5368986
32.51, 5368695
33.03, 5304759
33.55, 5300827
34.06, 5278951
34.55, 5277801
34.55, 5155429
35.06, 5142712
35.56, 5129173
36.06, 5119328
36.57, 5110240
37.07, 5090010
37.55, 5086895
38.03, 5080795
38.51, 5079552
39.00, 5034164
39.47, 4983687
39.95, 4941020
40.43, 4935396
40.90, 4914777
41.37, 4911992
41.84, 4906144
42.31, 4894140
42.31, 4889283
42.76, 4879181
43.21, 4868266
43.69, 4763038
43.69, 4734548
44.14, 4734072
44.60, 4582309
45.06, 4541791
45.53, 4484951
45.98, 4479237
46.43, 4440749
46.43, 4369047
46.94, 4354737
47.39, 4302354
47.83, 4224839
48.28, 4209900
48.76, 4174472
49.18, 4114815
49.62, 4101870
50.08, 4019253
50.52, 3993774
50.96, 3965867
51.39, 3953485
51.80, 3952620
52.20, 3911585
52.60, 3797829
53.00, 3727957
53.41, 3716673
53.81, 3638999
54.20, 3631531
54.58, 3593619
54.96, 3545162
55.37, 3531862
55.75, 3480643
56.14, 3480332
56.52, 3479726
56.91, 3446085
57.28, 3414390
57.66, 3355913
58.03, 3334742
58.40, 3234719
58.79, 3214095
59.15, 3212546
59.51, 3198638
59.87, 3168669
60.23, 3136021
60.58, 3132037
60.93, 3112766
61.29, 3097183
61.64, 3095720
61.99, 3071996
62.33, 3061185
62.68, 3061072
63.04, 3026756
63.39, 3011203
63.73, 3006670
64.07, 3000129
64.40, 2914939
64.73, 2893610
65.05, 2890863
65.38, 2859814
65.70, 2857678
66.02, 2846339
66.33, 2819532
66.65, 2813958
66.97, 2809899
67.28, 2783482
67.59, 2779655
67.90, 2762985
68.20, 2726044
68.51, 2722021
68.82, 2721881
69.12, 2654890
69.42, 2653952
69.72, 2652880
70.02, 2650304
70.32, 2633186
70.61, 2628928
70.90, 2627004
71.19, 2621556
71.49, 2600021
71.77, 2594270
72.06, 2558681
72.35, 2558383
72.63, 2557037
72.92, 2542661
73.20, 2538574
73.48, 2535805
73.76, 2526712
74.03, 2523574
74.31, 2497308
74.58, 2484769
74.85, 2484045
75.12, 2482552
75.39, 2448120
75.66, 2448027
75.93, 2400927
76.19, 2398804
76.45, 2379205
76.71, 2377424
76.97, 2339383
77.23, 2336906
77.49, 2308036
77.74, 2300521
77.99, 2284987
78.24, 2263054
78.50, 2243165
78.75, 2241155
79.00, 2233349
79.24, 2230968
79.49, 2227583
79.73, 2214783
79.98, 2212469
80.22, 2151206
80.46, 2139838
80.69, 2138317
80.93, 2137367
81.17, 2096243
81.40, 2091987
81.64, 2080411
81.87, 2080028
82.10, 2078354
82.33, 2077067
82.56, 2060003
82.79, 2056689
83.02, 2054811
83.24, 2049953
83.47, 2027228
83.69, 2021131
83.91, 2018518
84.13, 2016961
84.35, 2015816
84.56, 2015206
84.78, 2007139
84.99, 1999012
85.21, 1994181
85.42, 1982431
85.63, 1978223
85.84, 1931660
86.06, 1931368
86.27, 1925117
86.48, 1916817
86.68, 1915089
86.89, 1911460
87.09, 1908298
87.29, 1907546
87.50, 1898918
87.69, 1894544
87.91, 1894291
88.10, 1881706
88.30, 1880529
88.50, 1880309
88.69, 1868031
88.88, 1838686
89.08, 1831983
89.29, 1822807
89.48, 1817823
89.68, 1816377
89.87, 1813565
90.07, 1799942
90.26, 1797820
90.46, 1794837
90.65, 1793372
90.83, 1790427
91.01, 1786077
91.19, 1764073
91.36, 1762575
91.55, 1750819
91.73, 1749413
91.91, 1745909
92.09, 1745150
92.26, 1735378
92.44, 1728946
92.61, 1725087
92.79, 1723447
92.96, 1711663
93.13, 1707696
93.30, 1707108
93.48, 1704814
93.65, 1702183
93.82, 1697921
93.99, 1693675
94.18, 1691515
94.34, 1685102
94.54, 1685009
94.74, 1682447
94.91, 1672874
95.17, 1672753
95.33, 1657208
95.49, 1655636
95.65, 1653105
95.82, 1651679
95.99, 1651651
96.14, 1651026
96.29, 1650108
96.46, 1636810
96.68, 1630773
96.84, 1629556
97.01, 1629076
97.22, 1623092
97.36, 1621312
97.54, 1618287
97.72, 1597136
97.87, 1582651
98.05, 1580887
98.20, 1580068
98.35, 1571451
98.61, 1569776
98.77, 1569099
98.97, 1568503
99.17, 1551926
99.34, 1551400
99.54, 1550994
99.68, 1527848
100.25, 1527651
100.46, 1514735
100.59, 1512657
100.84, 1488058
101.08, 1473222
101.22, 1470449
101.37, 1468485
101.53, 1468432
101.75, 1467531
102.00, 1465530
102.22, 1463593
102.48, 1463339
102.90, 1455952
103.10, 1450431
103.22, 1443846
104.13, 1433842
104.33, 1432742
104.46, 1432501
104.69, 1427769
105.39, 1427658
105.96, 1427472
106.18, 1426932
106.30, 1426834
106.74, 1426616
107.45, 1425787
108.24, 1409073
108.51, 1408951
108.68, 1387056
109.08, 1375306
109.45, 1375236
110.14, 1371450
110.60, 1362430
113.92, 1355695
115.45, 1355178
115.64, 1350983
116.31, 1350250
117.11, 1349822
117.78, 1349430
117.84, 1349418
