0.00, 4348330
0.01, 4270264
0.01, 4266990
0.01, 4180875
0.01, 3872736
0.01, 3853798
0.01, 3829385
0.01, 3778538
0.01, 3751641
0.01, 3667105
0.02, 3666808
0.02, 3661467
0.02, 3633150
0.02, 3554945
0.02, 3549799
0.02, 3545176
0.02, 3363715
0.02, 3189979
0.02, 3150194
0.03, 2907669
0.03, 2810551
0.13, 2732315
0.13, 2625992
0.13, 2507381
0.42, 2405829
0.70, 2405419
0.70, 2392484
0.98, 2212250
1.04, 2199420
1.31, 2181675
1.59, 2081173
1.86, 2079817
2.13, 2052946
2.40, 1899131
2.67, 1873344
2.94, 1861262
3.22, 1859786
3.48, 1851298
3.75, 1829980
4.02, 1823183
4.29, 1794784
4.55, 1794767
4.82, 1760408
5.08, 1740959
5.35, 1722853
5.61, 1719727
5.88, 1717035
6.15, 1711202
6.41, 1708586
6.68, 1707164
6.94, 1699500
7.21, 1693843
7.47, 1674726
7.73, 1674243
7.99, 1672003
8.25, 1671475
8.51, 1643251
8.77, 1641535
9.03, 1591222
9.28, 1579000
9.54, 1549734
9.79, 1547728
10.05, 1542543
10.30, 1539553
10.56, 1532423
10.82, 1529222
11.07, 1522001
11.32, 1477571
11.58, 1475614
11.83, 1460773
12.08, 1431588
12.33, 1431053
12.64, 1423189
