0.01, 4566331
0.01, 4533230
0.01, 4376684
0.01, 4364159
0.01, 4330631
0.01, 4131323
0.01, 3916538
0.01, 3740516
0.01, 3715568
0.01, 3680875
0.01, 3667556
0.01, 3508312
0.02, 3500245
0.02, 3490829
0.02, 3325028
0.02, 3303549
0.02, 3243738
0.03, 3131451
0.04, 3070363
0.04, 2995571
0.04, 2934395
0.05, 2876134
0.06, 2632800
0.06, 2547512
0.09, 2520328
0.30, 2226020
0.58, 2201850
0.86, 2187476
1.14, 2154916
1.41, 2107853
1.68, 2085648
1.95, 2082754
2.23, 2063744
2.50, 2055941
2.77, 1795231
3.04, 1779271
3.31, 1758737
3.58, 1739738
3.85, 1710083
4.12, 1705529
4.39, 1692238
4.65, 1689130
4.92, 1681567
5.18, 1667616
5.44, 1664896
5.70, 1645293
5.96, 1633282
6.23, 1627424
6.50, 1607907
6.76, 1606788
7.02, 1596504
7.28, 1595513
7.54, 1585110
7.80, 1578173
8.06, 1487936
8.32, 1486622
8.57, 1482258
8.83, 1473798
9.09, 1472596
9.40, 1470735
