0.01, 4320649
0.01, 4193761
0.01, 3935182
0.01, 3932691
0.01, 3840412
0.01, 3815947
0.01, 3741703
0.01, 3727254
0.01, 3311722
0.02, 3282959
0.03, 3239025
0.03, 3215011
0.03, 3186870
0.03, 2840061
0.05, 2838910
0.05, 2750543
0.07, 2729654
0.13, 2661669
0.17, 2484876
0.28, 2466615
0.56, 2420044
0.65, 2417440
0.99, 2324558
1.25, 2218834
1.52, 2209480
1.52, 2099353
1.79, 2061364
1.79, 2061114
2.06, 2059452
2.33, 2028887
2.60, 1984425
2.86, 1964845
3.13, 1914795
3.39, 1901438
3.66, 1897043
3.92, 1895574
4.18, 1890490
4.44, 1878065
4.71, 1873027
4.97, 1852947
5.24, 1850508
5.50, 1831518
5.77, 1819189
6.03, 1805618
6.30, 1798652
6.56, 1796648
6.82, 1777511
7.09, 1745762
7.35, 1739382
7.61, 1739083
7.87, 1676990
8.13, 1674102
8.39, 1662284
8.65, 1591082
8.92, 1586818
9.18, 1583153
9.44, 1576618
9.69, 1571876
9.95, 1568615
10.21, 1568182
10.49, 1557308
10.75, 1543568
11.00, 1531979
11.26, 1529479
11.52, 1526055
11.78, 1510985
12.06, 1454329
12.31, 1452468
