0.00, 4284662
0.01, 4272251
0.01, 4173514
0.01, 4098129
0.01, 3745271
0.01, 3677002
0.01, 3538002
0.01, 3418844
0.01, 3368765
0.02, 3228420
0.02, 3086349
0.02, 2943997
0.03, 2890196
0.04, 2883871
0.05, 2659967
0.07, 2534312
0.18, 2530393
0.18, 2492447
0.46, 2460889
0.46, 2405666
0.77, 2356374
0.77, 2332953
1.06, 2243402
1.34, 2240503
1.62, 2231738
1.90, 2219026
2.18, 2213746
2.46, 2142068
2.74, 2138882
3.02, 2138378
3.29, 2135337
3.57, 2089020
3.85, 2070954
4.13, 2061867
4.41, 2057197
4.68, 2052258
4.95, 2029305
5.23, 2028779
5.50, 2017801
5.77, 2016723
6.05, 2009246
6.32, 1948646
6.60, 1920788
6.60, 1910178
6.87, 1897701
7.15, 1882540
7.43, 1869601
7.71, 1867858
7.98, 1844578
8.26, 1814861
8.55, 1801165
8.82, 1800530
9.09, 1734209
9.37, 1634402
9.64, 1634306
9.91, 1616292
10.18, 1605852
10.44, 1604387
10.71, 1603665
10.98, 1602927
11.24, 1595509
11.51, 1589574
11.77, 1578503
12.03, 1573562
12.29, 1565910
12.55, 1559019
12.81, 1554582
13.06, 1542674
13.31, 1539462
13.57, 1534966
13.84, 1533589
14.09, 1498477
14.34, 1491927
14.61, 1490137
14.87, 1486579
15.12, 1484959
