0.01, 3718252
0.01, 3696300
0.01, 3640414
0.01, 3606596
0.02, 3535736
0.02, 3525491
0.02, 3491117
0.02, 3225036
0.02, 3118126
0.04, 3105021
0.04, 3082678
0.05, 3041993
0.05, 2922774
0.05, 2818295
0.06, 2813361
0.07, 2763077
0.09, 2615847
0.13, 2582989
0.41, 2531373
0.52, 2431290
0.82, 2401435
1.10, 2253569
1.37, 2230137
1.65, 2204080
1.92, 2174185
2.19, 2082345
2.47, 2033431
2.74, 2024718
3.02, 2020797
3.29, 2019409
3.55, 1970738
3.82, 1890914
4.08, 1880019
4.35, 1877713
4.61, 1867460
4.88, 1841581
5.14, 1822009
5.41, 1800866
5.67, 1786501
5.94, 1762985
6.20, 1761716
6.46, 1737648
6.72, 1734606
6.98, 1726326
7.24, 1721011
7.50, 1720618
7.76, 1713549
8.01, 1711311
8.27, 1711021
8.53, 1698825
8.78, 1692336
9.04, 1668796
9.30, 1647976
9.55, 1633942
9.81, 1628842
10.06, 1602352
10.31, 1570664
10.56, 1541390
10.82, 1526621
11.07, 1524348
11.32, 1521823
11.57, 1518955
11.85, 1510253
12.12, 1464699
