0.01, 4348317
0.01, 4320241
0.01, 4290873
0.01, 4264034
0.01, 3969174
0.01, 3854054
0.01, 3828651
0.01, 3777444
0.01, 3762587
0.01, 3372650
0.02, 3244123
0.02, 3213686
0.02, 3193535
0.02, 3125660
0.03, 3122094
0.04, 2896261
0.04, 2856308
0.04, 2729735
0.09, 2728234
0.10, 2646895
0.16, 2605610
0.16, 2593465
0.16, 2566387
0.29, 2523629
0.29, 2464145
0.38, 2454313
0.65, 2390538
0.97, 2342330
0.97, 2334914
1.24, 2279522
1.51, 2174133
1.51, 2163231
1.77, 2132719
2.04, 2105001
2.31, 2100564
2.58, 2045394
2.58, 2044728
2.84, 2044139
3.11, 2039582
3.38, 2026246
3.65, 1962588
3.91, 1954978
4.17, 1952184
4.44, 1938606
4.70, 1919666
4.97, 1917415
5.24, 1914080
5.50, 1885607
5.77, 1881545
6.03, 1785782
6.30, 1780782
6.56, 1747585
6.82, 1722314
7.08, 1708261
7.34, 1701974
7.60, 1694002
7.86, 1688288
8.12, 1684957
8.38, 1684116
8.64, 1673311
8.90, 1654221
9.16, 1654094
9.41, 1615949
9.67, 1581721
9.93, 1581714
10.18, 1572573
10.44, 1566037
10.70, 1565056
10.95, 1555278
11.21, 1543050
11.46, 1526177
11.71, 1524448
11.96, 1520255
12.21, 1519189
12.46, 1490103
12.71, 1490020
12.96, 1487170
13.21, 1485564
13.46, 1474846
13.78, 1469944
