0.01, 548811
0.01, 541864
0.01, 540393
0.01, 538966
0.01, 528538
0.01, 517826
0.01, 509147
0.02, 506313
0.02, 504609
0.02, 504197
0.03, 495955
0.03, 491642
0.03, 490830
0.03, 485603
0.03, 483371
0.03, 479408
0.03, 478604
0.03, 476560
0.05, 472667
0.05, 470642
0.06, 468954
0.06, 453982
0.08, 453914
0.10, 445792
0.18, 445308
0.22, 444641
0.32, 441726
0.32, 438835
0.44, 438467
0.44, 430950
1.01, 429119
1.56, 423448
1.56, 421596
1.56, 411808
2.11, 411120
2.65, 408174
3.20, 405106
3.74, 404859
4.28, 397261
4.81, 384632
5.33, 383113
5.86, 381276
6.38, 369710
6.90, 367459
7.42, 341339
7.94, 339056
8.45, 337642
8.96, 333740
9.48, 331682
9.99, 330417
10.49, 330396
10.99, 329409
11.50, 315146
12.00, 314343
12.49, 312345
12.98, 301337
13.48, 290882
13.97, 290433
14.46, 287418
14.94, 285291
15.42, 284818
15.90, 283281
16.38, 282868
16.85, 281019
17.33, 275927
17.81, 272649
18.29, 271220
18.75, 270718
19.25, 264976
19.69, 264699
20.11, 262021
20.53, 261814
20.96, 259918
21.39, 259791
21.81, 259140
22.23, 255146
22.65, 253486
23.06, 252813
23.46, 251894
23.88, 251049
24.28, 248675
24.69, 248102
25.09, 246437
25.50, 244203
25.91, 237555
26.32, 237110
26.72, 232306
27.12, 231142
27.52, 230647
27.94, 230409
28.33, 224589
28.72, 224105
29.11, 221759
29.50, 220300
29.88, 218120
30.30, 215679
30.68, 214874
31.06, 209708
31.44, 208636
31.83, 208483
32.20, 205724
32.59, 205541
32.97, 202255
33.34, 201647
33.71, 201584
34.08, 199239
34.44, 197141
34.81, 197115
35.18, 195988
35.55, 192922
35.90, 190583
36.26, 187140
36.61, 187138
36.96, 185941
37.32, 184903
37.67, 184902
38.02, 182777
38.36, 182530
38.73, 181828
39.08, 181260
39.44, 180809
39.82, 180575
40.19, 176877
40.58, 174182
40.94, 173284
41.32, 172535
41.66, 172224
41.99, 171216
42.33, 168837
42.67, 168505
42.99, 167774
43.32, 166868
43.65, 166552
43.97, 166014
44.30, 165943
44.62, 165866
44.94, 164859
45.27, 164381
45.59, 162376
45.91, 161986
46.23, 159824
46.55, 159222
46.87, 159082
47.19, 157906
47.52, 157739
47.86, 156373
48.18, 156121
48.49, 155402
48.81, 154259
49.12, 153069
49.44, 152362
49.78, 150393
50.08, 148406
50.40, 148237
50.72, 147578
51.02, 147501
51.32, 146792
51.64, 145854
51.99, 144901
52.29, 144166
52.59, 143952
52.89, 141964
53.19, 140722
53.48, 140406
53.78, 137949
54.08, 137666
54.38, 137247
54.67, 136628
54.99, 136532
55.31, 136347
55.61, 134276
55.91, 133582
56.19, 133277
56.49, 132892
56.77, 132513
57.05, 132227
57.39, 131988
57.71, 131984
57.98, 131486
58.26, 130309
58.53, 128792
58.82, 127850
59.09, 127474
59.37, 127464
59.65, 127161
59.95, 126839
60.23, 126077
60.49, 125672
60.78, 125251
61.11, 124502
61.38, 123073
61.66, 121796
61.93, 121677
62.20, 120747
62.49, 119924
62.76, 118007
63.04, 117773
63.44, 117203
64.10, 117159
64.41, 117108
64.69, 116483
65.12, 116063
65.75, 115981
66.09, 114689
66.35, 113372
67.03, 112861
67.43, 112764
67.77, 112762
68.03, 111536
68.29, 111506
68.53, 110437
68.80, 110336
69.40, 109126
69.84, 108489
70.18, 108431
70.53, 108296
72.07, 108258
74.64, 108109
75.27, 108033
75.52, 107615
75.76, 107595
76.43, 107515
77.04, 107366
