0.02, 562910
0.02, 561588
0.02, 560697
0.02, 553188
0.02, 540993
0.02, 535530
0.02, 532089
0.02, 528486
0.02, 525453
0.02, 522790
0.02, 510534
0.02, 492857
0.03, 492265
0.03, 489925
0.03, 487438
0.05, 478795
0.05, 476928
0.05, 475347
0.06, 473525
0.06, 465668
0.06, 461340
0.19, 455504
0.19, 450705
0.33, 448656
0.33, 447995
0.34, 447294
0.34, 446063
0.47, 439882
0.50, 438825
0.50, 436681
0.58, 436520
0.69, 432064
1.20, 423396
1.72, 419694
2.22, 413139
2.70, 406647
2.72, 404393
3.20, 404247
3.70, 399910
4.20, 398216
4.69, 397299
5.17, 396993
5.67, 392218
5.67, 389227
6.17, 387719
6.17, 385621
6.64, 371828
7.12, 369944
7.12, 368461
7.61, 365425
8.08, 365135
8.56, 358385
9.03, 357752
9.51, 352105
9.51, 344703
9.51, 342808
9.98, 340712
10.45, 339891
10.92, 339729
10.92, 336591
10.92, 331468
11.38, 328433
11.85, 327271
12.30, 324156
12.77, 321681
12.77, 320747
13.22, 319764
13.68, 308497
13.68, 305518
13.68, 302918
14.13, 302023
14.59, 296114
15.02, 294926
15.48, 294179
15.93, 293911
16.37, 291712
16.82, 290219
17.26, 286590
17.69, 285867
18.12, 284376
18.55, 284269
19.01, 283564
19.44, 280667
19.88, 280407
20.30, 278744
20.74, 278665
21.16, 277287
21.60, 274749
22.02, 272217
22.44, 271268
22.87, 267958
23.27, 267670
23.69, 263162
24.12, 262522
24.52, 262054
24.94, 261892
25.35, 260482
25.76, 256783
26.18, 250377
26.58, 250256
26.99, 247300
27.41, 246669
27.79, 245461
28.16, 244983
28.52, 241715
28.90, 239217
29.25, 238285
29.63, 231421
29.99, 228507
30.35, 228060
30.71, 225036
31.07, 223549
31.43, 223271
31.77, 222089
32.13, 221981
32.49, 219042
32.83, 218102
33.18, 217438
33.54, 213955
33.89, 213458
34.23, 210427
34.57, 206677
34.92, 205541
35.25, 204324
35.59, 202849
35.93, 202526
36.26, 199682
36.61, 198667
36.95, 197074
37.28, 194304
37.62, 193659
37.95, 193112
38.28, 192042
38.61, 192038
38.93, 190074
39.26, 189730
39.59, 189539
39.90, 189470
40.23, 185126
40.54, 185012
40.87, 184419
41.19, 180583
41.50, 180412
41.81, 180043
42.14, 178262
42.45, 177042
42.75, 175482
43.06, 174998
43.38, 173903
43.69, 173870
43.99, 173336
44.30, 172398
44.59, 172290
44.91, 171235
45.20, 170417
45.52, 170380
45.81, 170175
46.11, 169543
46.41, 168671
46.71, 168583
47.01, 164643
47.29, 164614
47.59, 163445
47.88, 163282
48.18, 162195
48.48, 159675
48.77, 159091
49.05, 156026
49.36, 155961
49.64, 154070
49.92, 153952
50.22, 153536
50.50, 150759
50.78, 150579
51.06, 150529
51.34, 148542
51.63, 147803
51.91, 147711
52.19, 146242
52.47, 145981
52.73, 145594
53.02, 145481
53.28, 145343
53.56, 144761
53.83, 143802
54.09, 142384
54.39, 141938
54.69, 141688
54.95, 141589
55.23, 140976
55.51, 139547
55.78, 138434
56.06, 138380
56.31, 136806
56.59, 136141
56.87, 136121
57.14, 133553
57.40, 133287
57.67, 133082
57.95, 132371
58.22, 131350
58.50, 131250
58.76, 130409
59.01, 128955
59.30, 128635
59.55, 128199
59.81, 127586
60.08, 125998
60.36, 125779
60.61, 125422
60.92, 125383
61.17, 124887
61.50, 124417
61.76, 123227
62.03, 123143
62.34, 122223
62.64, 122196
62.97, 121782
63.29, 120275
63.56, 119481
63.86, 119037
64.23, 118797
64.54, 118559
65.03, 118164
65.30, 118100
65.52, 117184
65.77, 117142
66.09, 117082
66.55, 116267
66.82, 115949
67.57, 115465
68.38, 115311
68.82, 115251
69.26, 114192
69.69, 112620
69.98, 112578
70.73, 112123
71.08, 111379
71.99, 111250
72.29, 111241
73.33, 111183
75.31, 111071
75.83, 110600
76.12, 110137
77.25, 110095
78.14, 109763
78.41, 109574
79.33, 109274
80.31, 108911
