0.01, 555599
0.01, 555589
0.01, 552069
0.01, 551104
0.01, 550007
0.01, 548862
0.01, 540222
0.02, 539737
0.02, 535076
0.02, 534835
0.02, 532537
0.02, 530682
0.02, 530298
0.02, 520167
0.02, 518242
0.02, 517639
0.02, 515529
0.02, 508171
0.02, 500110
0.03, 487830
0.03, 485152
0.03, 484094
0.03, 481903
0.05, 472924
0.09, 471535
0.10, 459393
0.12, 455754
0.14, 444241
0.14, 442040
0.30, 437382
0.30, 426983
0.56, 426585
0.56, 426447
1.14, 424901
1.69, 411653
2.23, 401110
2.78, 400236
3.32, 399646
3.32, 396823
3.32, 388117
3.32, 387127
3.92, 383976
4.46, 378097
5.00, 373271
5.00, 371799
5.58, 371004
6.12, 370840
6.67, 370616
7.20, 369459
7.20, 365974
7.72, 361581
8.25, 360706
8.77, 360643
9.30, 359665
9.83, 356777
10.37, 354365
10.92, 351287
11.43, 348116
11.94, 345043
12.46, 343915
12.98, 331912
13.48, 328090
13.49, 325180
13.99, 310526
14.49, 309022
15.02, 300065
15.51, 298999
16.00, 295891
16.48, 294922
16.96, 294180
17.48, 292221
17.98, 292074
17.98, 291968
18.47, 290232
18.95, 289495
19.42, 288887
19.92, 287013
20.43, 285818
20.90, 285294
21.39, 285175
21.87, 276517
21.87, 275267
22.33, 272461
22.79, 271734
23.24, 268980
23.71, 264222
24.17, 264148
24.62, 261020
25.07, 259784
25.52, 256085
25.97, 255164
26.41, 254424
26.85, 251603
26.85, 251325
27.29, 249524
27.74, 248623
28.17, 246446
28.60, 245141
29.04, 244248
29.46, 243283
29.88, 241483
30.31, 240903
30.73, 240807
31.16, 240287
31.61, 237800
32.04, 237465
32.46, 236758
32.86, 235259
33.27, 233885
33.27, 231742
33.67, 228096
34.08, 227599
34.48, 226964
34.87, 226495
35.26, 224695
35.66, 223536
36.04, 223076
36.43, 221969
36.82, 220163
37.20, 218868
37.58, 217916
37.96, 215578
38.34, 215187
38.72, 214817
39.10, 213014
39.48, 209801
39.85, 208791
40.22, 205862
40.59, 204393
40.99, 203088
41.38, 202909
41.80, 200203
42.17, 198712
42.57, 197576
42.93, 197104
43.30, 196352
43.65, 194648
44.01, 192279
44.37, 190811
44.72, 187812
45.08, 185267
45.43, 182950
45.78, 182513
46.15, 182291
46.50, 177495
46.89, 177428
47.26, 177408
47.61, 176811
47.95, 175211
48.30, 171477
48.64, 170247
48.99, 169760
49.33, 168963
49.67, 166705
50.01, 166053
50.35, 165136
50.69, 164900
51.03, 164695
51.36, 163850
51.68, 163535
52.01, 163443
52.33, 163067
52.65, 162625
52.97, 162560
53.29, 162405
53.61, 161971
53.92, 161401
54.25, 161076
54.57, 159575
54.88, 158152
55.19, 155070
55.51, 153189
55.82, 152670
56.13, 151382
56.44, 151368
56.75, 150950
57.06, 150626
57.36, 150109
57.66, 149978
57.96, 149578
58.26, 149260
58.57, 146290
58.86, 145817
59.16, 144913
59.45, 144680
59.74, 144665
60.05, 142945
60.34, 142803
60.62, 142783
60.91, 142376
61.20, 142077
61.49, 141504
61.77, 140326
62.05, 139332
62.33, 138954
62.61, 138431
62.89, 138018
63.17, 137071
63.44, 136990
63.71, 134244
63.99, 133376
64.27, 133291
64.61, 133079
64.90, 132449
65.20, 131541
65.47, 131001
65.74, 130634
66.00, 130246
66.28, 128924
66.55, 128438
66.83, 128093
67.12, 127370
67.38, 126686
67.64, 126013
67.92, 125388
68.19, 123699
68.45, 123222
68.70, 122771
68.95, 120961
69.25, 120882
69.50, 120817
69.76, 120286
70.04, 119934
70.35, 119505
70.65, 119394
70.94, 118985
71.25, 118483
71.51, 116733
71.78, 116594
72.21, 116322
72.47, 116207
72.85, 116053
73.17, 115804
73.41, 115346
73.65, 115250
73.88, 114443
74.15, 114363
74.41, 114167
74.66, 113396
74.89, 113158
75.20, 113129
75.45, 112916
75.67, 112855
75.96, 112316
76.35, 112166
76.77, 111996
77.29, 111292
77.50, 111274
77.86, 110935
78.48, 109298
78.71, 108585
79.04, 108558
79.43, 108019
79.90, 107977
80.10, 107914
80.51, 107900
81.50, 107028
83.42, 106948
