0.01, 28214
0.01, 28057
0.01, 27545
0.01, 27459
0.01, 26278
0.01, 26216
0.01, 26045
0.01, 25958
0.02, 25899
0.02, 25450
0.02, 25361
0.02, 24243
0.06, 24068
0.06, 23982
0.07, 23582
0.14, 23280
0.14, 21666
0.55, 21364
0.97, 21295
1.39, 20589
1.80, 20537
2.21, 20429
2.60, 19600
3.00, 19364
3.40, 19241
3.79, 19032
4.17, 18714
4.56, 18506
4.56, 18194
4.94, 17827
5.32, 17770
5.70, 17200
6.08, 17082
6.47, 16609
6.84, 16590
7.22, 16201
7.60, 16001
7.97, 15727
8.36, 15670
8.73, 15665
9.10, 15438
9.47, 15369
9.84, 15168
10.21, 14877
10.59, 14524
10.95, 14451
11.32, 14187
11.67, 13624
12.03, 13593
12.39, 13501
12.75, 13347
13.10, 13079
13.46, 13013
13.80, 12937
14.16, 12922
14.51, 12832
14.86, 12776
15.22, 12389
15.58, 12310
15.93, 12300
16.29, 12224
16.63, 12029
16.98, 11686
17.33, 11615
17.66, 11605
18.01, 11569
18.36, 11562
18.69, 11442
19.03, 11335
19.36, 11331
19.69, 11149
20.04, 11133
20.36, 11079
20.70, 10979
21.04, 10957
21.37, 10812
21.71, 10811
22.04, 10771
22.37, 10747
22.70, 10591
23.01, 10574
23.35, 10536
23.67, 10511
23.99, 10486
24.31, 10381
24.62, 10362
24.95, 10315
25.27, 10305
25.62, 10231
25.94, 10151
26.26, 10080
26.61, 10077
26.93, 10060
27.24, 10025
27.55, 10014
27.85, 10006
28.16, 9970
28.47, 9672
28.78, 9662
29.09, 9634
29.39, 9526
29.69, 9368
30.01, 9344
30.33, 9334
30.67, 9168
31.01, 8981
31.34, 8962
31.64, 8900
31.95, 8899
32.26, 8887
32.55, 8837
32.85, 8678
33.16, 8676
33.46, 8671
33.74, 8670
34.03, 8652
34.34, 8571
34.63, 8563
34.94, 8521
35.24, 8474
35.54, 8469
35.89, 8151
36.26, 8125
36.60, 8116
36.89, 8109
