0.01, 30652
0.01, 30528
0.01, 29646
0.01, 29540
0.01, 28949
0.01, 28773
0.02, 27634
0.03, 26884
0.03, 26068
0.03, 25642
0.03, 25256
0.04, 25189
0.04, 25184
0.04, 25007
0.04, 24975
0.04, 24968
0.05, 24941
0.05, 24409
0.05, 24308
0.08, 24280
0.09, 24039
0.10, 23773
0.10, 22906
0.16, 22403
0.21, 22033
0.32, 21973
0.67, 21881
0.67, 21592
1.09, 21261
1.50, 20690
1.50, 19338
1.50, 18218
1.91, 17941
2.30, 17878
2.69, 17842
3.11, 17661
3.50, 17641
3.89, 17623
4.28, 17481
4.67, 17473
5.05, 16753
5.44, 16731
5.82, 16193
6.20, 16100
6.20, 16079
6.59, 15790
6.99, 15417
7.37, 15359
7.77, 15132
8.14, 15026
8.51, 14847
8.89, 14730
9.27, 14704
9.65, 14533
10.04, 14512
10.41, 14492
10.80, 14296
11.16, 14284
11.53, 14120
11.90, 13997
12.25, 13955
12.62, 13652
12.97, 13336
13.33, 13313
13.69, 13308
14.06, 13263
14.42, 13174
14.78, 13050
15.14, 13033
15.50, 12844
15.85, 12702
16.21, 12515
16.57, 12455
16.92, 12389
17.26, 12349
17.61, 12015
17.95, 11850
18.30, 11825
18.64, 11764
18.98, 11461
19.31, 11391
19.64, 11185
19.98, 11161
20.32, 11151
20.65, 11099
20.99, 11029
21.33, 11006
21.67, 10928
22.00, 10898
22.33, 10745
22.66, 10693
23.00, 10673
23.32, 10444
23.66, 10427
23.99, 10303
24.33, 10293
24.67, 10049
24.67, 10027
25.01, 9943
25.33, 9841
25.65, 9787
25.97, 9613
26.29, 9523
26.60, 9470
26.94, 9399
27.29, 9298
27.59, 9229
27.92, 9196
28.24, 9108
28.55, 9040
28.87, 8986
29.19, 8978
29.55, 8953
29.86, 8888
30.18, 8881
30.49, 8829
30.79, 8766
31.10, 8628
31.42, 8562
31.73, 8561
32.04, 8484
32.35, 8459
32.65, 8421
32.95, 8407
33.37, 8390
33.69, 8389
33.98, 8372
34.28, 8356
34.57, 8346
34.90, 8339
35.25, 8337
35.56, 8334
35.95, 8325
