0.02, 30443
0.02, 28827
0.02, 28778
0.02, 28204
0.02, 27961
0.02, 27199
0.02, 26456
0.02, 26405
0.02, 26177
0.02, 25613
0.02, 24967
0.02, 23966
0.03, 22781
0.03, 22493
0.28, 22433
0.67, 22220
1.05, 22050
1.27, 21756
1.27, 21315
1.27, 21282
1.63, 21056
1.63, 20738
1.63, 20422
1.63, 20018
2.00, 19995
2.36, 19897
2.73, 19728
2.73, 19680
3.10, 18966
3.10, 18916
3.46, 18913
3.82, 18446
3.82, 18317
4.20, 18019
4.55, 17909
4.55, 17553
4.91, 17353
5.27, 16707
5.63, 16422
5.99, 16230
6.35, 16057
6.69, 15785
7.05, 15493
7.41, 15144
7.76, 15113
7.76, 15067
8.11, 15049
8.47, 14973
8.81, 14832
9.15, 14623
9.50, 14579
9.86, 14519
10.20, 14473
10.54, 14266
10.89, 14232
11.23, 14182
11.56, 14049
11.90, 13937
12.25, 13681
12.57, 13576
12.92, 13547
13.26, 12919
13.59, 12689
13.92, 12468
14.25, 12308
14.57, 12259
14.90, 12249
15.23, 12064
15.56, 11923
15.89, 11822
16.21, 11809
16.54, 11759
16.87, 11653
17.19, 11471
17.50, 11349
17.83, 11235
18.16, 11196
18.47, 11075
18.78, 10950
19.09, 10685
19.42, 10534
19.74, 10419
20.08, 10251
20.38, 10104
20.69, 10102
21.00, 10086
21.31, 10051
21.63, 10035
21.92, 10032
22.23, 9970
22.53, 9954
22.84, 9849
23.14, 9807
23.44, 9753
23.73, 9745
24.03, 9727
24.34, 9644
24.64, 9633
24.94, 9526
25.23, 9519
25.53, 9456
25.81, 9435
26.11, 9401
26.41, 9387
26.70, 9309
27.00, 9293
27.29, 9273
27.59, 9226
27.90, 8983
28.21, 8942
28.51, 8940
28.79, 8925
29.12, 8919
29.42, 8847
29.71, 8837
29.99, 8792
30.28, 8773
30.57, 8697
30.87, 8595
31.20, 8359
31.51, 8310
31.88, 8290
