0.01, 27067
0.01, 26893
0.01, 25924
0.02, 25709
0.02, 25496
0.02, 24914
0.02, 24618
0.04, 24396
0.04, 24212
0.05, 23922
0.05, 23740
0.05, 23605
0.05, 23151
0.09, 23010
0.10, 22432
0.53, 22423
0.53, 22205
0.54, 22151
0.54, 22107
0.81, 22092
0.81, 21712
0.81, 21604
1.19, 21465
1.58, 20873
1.98, 20674
2.36, 20516
2.81, 20317
3.19, 20022
3.19, 19982
3.61, 19494
4.00, 19308
4.41, 18278
4.41, 18134
4.84, 18087
4.84, 17419
5.23, 17324
5.62, 17088
5.62, 17078
6.01, 16668
6.01, 16575
6.41, 16445
6.79, 16404
7.17, 16381
7.17, 16128
7.55, 16027
7.93, 15972
8.31, 15854
8.69, 15811
9.06, 15619
9.44, 15402
9.44, 15315
9.83, 15148
10.20, 14857
10.57, 14724
10.94, 14627
11.30, 14600
11.66, 14416
12.03, 14347
12.41, 14209
12.79, 14180
13.15, 14022
13.51, 13792
13.87, 13438
14.24, 13124
14.60, 13018
14.95, 12997
15.30, 12815
15.64, 12695
15.99, 12406
16.34, 12344
16.68, 12336
17.02, 12281
17.37, 12215
17.71, 12111
18.06, 12089
18.39, 11977
18.74, 11963
19.09, 11948
19.43, 11880
19.78, 11693
20.11, 11605
20.45, 11559
20.80, 11542
21.14, 11501
21.47, 11474
21.81, 11456
22.13, 11434
22.47, 11399
22.81, 11133
23.14, 11028
23.48, 10803
23.81, 10696
24.15, 10694
24.47, 10587
24.80, 10585
25.11, 10561
25.44, 10535
25.76, 10515
26.09, 10391
26.42, 10282
26.73, 10238
27.05, 10012
27.36, 9947
27.69, 9849
28.00, 9749
28.33, 9678
28.64, 9456
28.96, 9388
29.30, 9345
29.62, 9237
29.93, 9216
30.23, 9204
30.56, 9121
30.86, 9081
31.16, 8922
31.72, 8900
32.22, 8801
32.62, 8729
32.99, 8486
33.35, 8484
33.84, 8463
34.20, 8446
35.32, 8395
