0.01, 28994
0.02, 28529
0.02, 28437
0.02, 28379
0.02, 27211
0.02, 27151
0.02, 26509
0.02, 26354
0.02, 24779
0.03, 24750
0.03, 23914
0.03, 23478
0.03, 23334
0.03, 23260
0.04, 23245
0.04, 23028
0.04, 22766
0.04, 22134
0.04, 21567
0.05, 21560
0.05, 21436
0.05, 20990
0.05, 20435
0.05, 19917
0.05, 19626
0.05, 19286
0.06, 19281
0.06, 18658
0.06, 18085
0.06, 17935
0.06, 17900
0.07, 17675
0.07, 17551
0.07, 17498
0.07, 16972
0.07, 16934
0.07, 16856
0.08, 16787
0.08, 16269
0.08, 16038
0.08, 15956
0.08, 15943
0.08, 15882
0.09, 15728
0.09, 15611
0.09, 15601
0.09, 15516
0.09, 15463
0.09, 15444
0.10, 15435
0.10, 15297
0.10, 14808
0.10, 14664
0.10, 14542
0.11, 14459
0.11, 14445
0.11, 14409
0.11, 14375
0.11, 14208
0.12, 14169
0.12, 14010
0.12, 13766
0.12, 13708
0.12, 13666
0.13, 13662
0.13, 13526
0.13, 13476
0.13, 12937
0.13, 12913
0.13, 12817
0.13, 12730
0.14, 12598
0.14, 12588
0.14, 12546
0.14, 12407
0.14, 12387
0.14, 12309
0.15, 12261
0.15, 12216
0.15, 12215
0.15, 12202
0.15, 12118
0.15, 11985
0.15, 11954
0.15, 11825
0.16, 11761
0.16, 11750
0.16, 11688
0.16, 11685
0.16, 11582
0.16, 11450
0.17, 11424
0.17, 11368
0.17, 11342
0.17, 11284
0.17, 11172
0.18, 11152
0.18, 11119
0.19, 11008
0.19, 10715
0.20, 10666
0.20, 10663
0.21, 10536
0.22, 10532
0.23, 10382
0.27, 10365
0.27, 10347
0.28, 10319
0.28, 10286
0.29, 10242
0.29, 10159
0.31, 10119
0.34, 10105
0.34, 10104
0.35, 10008
0.36, 9928
0.36, 9799
0.41, 9787
0.42, 9652
0.43, 9605
0.43, 9590
0.45, 9302
0.46, 9262
0.47, 9259
0.49, 9227
0.49, 9223
0.51, 9222
0.55, 9142
0.56, 9061
0.57, 9058
0.58, 9023
0.60, 8965
0.61, 8955
0.65, 8868
0.78, 8804
0.84, 8735
0.99, 8704
1.01, 8693
1.03, 8664
1.05, 8657
1.16, 8655
1.24, 8648
1.25, 8640
1.25, 8638
1.31, 8594
1.63, 8567
1.63, 8564
1.80, 8446
1.95, 8445
2.59, 8444
