0.01, 31719
0.01, 28562
0.01, 28369
0.02, 27918
0.02, 27693
0.02, 27614
0.02, 27591
0.02, 27118
0.02, 26996
0.02, 26702
0.02, 25934
0.02, 24252
0.03, 24217
0.03, 23904
0.03, 23727
0.03, 23627
0.03, 23390
0.03, 22973
0.03, 22362
0.03, 21486
0.03, 21380
0.04, 21331
0.04, 21108
0.04, 21011
0.04, 20585
0.04, 20244
0.04, 20143
0.04, 20080
0.04, 19855
0.05, 19853
0.05, 18934
0.05, 18933
0.05, 18692
0.05, 18390
0.05, 18161
0.06, 18145
0.06, 18108
0.06, 18053
0.06, 17946
0.06, 17882
0.07, 17786
0.07, 17734
0.07, 17727
0.07, 17642
0.07, 16925
0.08, 16848
0.08, 16162
0.08, 15987
0.08, 15834
0.08, 15560
0.08, 15245
0.08, 15213
0.08, 15077
0.08, 14837
0.09, 14566
0.09, 13933
0.09, 13273
0.09, 13198
0.09, 13176
0.09, 13070
0.09, 12973
0.09, 12970
0.10, 12837
0.10, 12768
0.10, 12566
0.10, 12293
0.10, 12273
0.10, 12237
0.11, 12165
0.11, 11915
0.11, 11268
0.11, 11200
0.11, 11198
0.12, 11077
0.12, 11016
0.12, 10877
0.12, 10838
0.12, 10497
0.12, 10376
0.13, 10294
0.13, 10271
0.14, 10270
0.14, 10261
0.14, 10221
0.14, 10193
0.15, 10168
0.15, 10138
0.16, 10096
0.16, 10074
0.16, 9911
0.16, 9843
0.17, 9832
0.17, 9829
0.18, 9790
0.20, 9598
0.20, 9563
0.21, 9418
0.22, 9379
0.24, 9242
0.26, 9165
0.26, 9139
0.29, 9137
0.30, 9095
0.31, 9094
0.34, 9090
0.39, 9005
0.39, 8991
0.40, 8955
0.40, 8915
0.42, 8904
0.42, 8612
0.53, 8610
0.54, 8450
0.56, 8435
0.57, 8433
0.60, 8432
0.84, 8391
0.99, 8340
1.04, 8339
1.12, 8325
1.17, 8301
1.19, 8296
1.42, 8295
1.46, 8243
1.80, 8240
