0.01, 30854
0.01, 30162
0.01, 29861
0.01, 29506
0.01, 29370
0.01, 29344
0.01, 28794
0.01, 28637
0.01, 28624
0.02, 28501
0.02, 27895
0.02, 27577
0.02, 27282
0.02, 26226
0.02, 25951
0.02, 25460
0.02, 25258
0.03, 25195
0.03, 24718
0.03, 24347
0.04, 24336
0.04, 23978
0.04, 23936
0.04, 23808
0.04, 23628
0.05, 23480
0.05, 23446
0.05, 23434
0.05, 23279
0.05, 23147
0.05, 22898
0.05, 22897
0.05, 22859
0.06, 22350
0.06, 22149
0.06, 22006
0.06, 21814
0.06, 20663
0.06, 20654
0.07, 20568
0.07, 20403
0.07, 20161
0.07, 20033
0.07, 19867
0.07, 19402
0.07, 19353
0.08, 19300
0.08, 19210
0.08, 19184
0.08, 19153
0.08, 18573
0.08, 18259
0.08, 17926
0.08, 17912
0.08, 17502
0.09, 17450
0.09, 16527
0.09, 16504
0.09, 16120
0.09, 15791
0.09, 15741
0.09, 15577
0.09, 15131
0.10, 15039
0.10, 14808
0.10, 14802
0.10, 14534
0.10, 14309
0.10, 14225
0.11, 14210
0.11, 14159
0.11, 13935
0.11, 13929
0.11, 13444
0.11, 13341
0.11, 13254
0.12, 13083
0.12, 13051
0.12, 12693
0.12, 12634
0.12, 12397
0.13, 12356
0.13, 12345
0.13, 12303
0.13, 12131
0.15, 12095
0.15, 12058
0.16, 11984
0.16, 11684
0.17, 11642
0.17, 11523
0.17, 11154
0.17, 10883
0.18, 10832
0.18, 10556
0.18, 10526
0.19, 10439
0.19, 9977
0.19, 9943
0.21, 9898
0.21, 9888
0.22, 9870
0.23, 9633
0.24, 9599
0.24, 9444
0.24, 9348
0.25, 9309
0.26, 9286
0.26, 9082
0.35, 9012
0.39, 8963
0.40, 8909
0.41, 8872
0.50, 8811
0.62, 8708
0.66, 8689
0.66, 8674
0.91, 8665
1.13, 8562
1.25, 8545
1.47, 8525
1.50, 8477
1.60, 8413
1.75, 8095
