0.01, 31145
0.01, 31142
0.01, 30813
0.01, 30731
0.01, 30509
0.01, 30369
0.01, 30155
0.01, 29745
0.01, 29686
0.01, 28341
0.02, 28286
0.02, 27327
0.02, 26881
0.02, 26792
0.02, 26636
0.02, 26567
0.02, 25816
0.02, 25761
0.02, 25431
0.02, 24484
0.02, 24473
0.02, 23444
0.03, 22352
0.03, 21729
0.03, 21351
0.03, 21194
0.03, 21179
0.03, 20916
0.04, 20436
0.04, 20428
0.04, 20337
0.04, 20283
0.05, 20226
0.05, 20055
0.05, 19900
0.05, 18943
0.05, 18837
0.05, 18511
0.06, 18455
0.06, 18027
0.06, 17580
0.06, 17385
0.06, 17377
0.06, 17069
0.06, 17008
0.07, 16771
0.07, 16706
0.07, 16188
0.07, 16151
0.07, 15747
0.07, 15695
0.08, 15682
0.08, 15577
0.08, 15540
0.08, 15510
0.08, 15349
0.08, 15348
0.09, 15241
0.09, 15119
0.09, 14979
0.09, 14912
0.10, 14634
0.10, 14602
0.10, 14462
0.10, 14319
0.10, 14203
0.11, 13795
0.11, 13601
0.11, 13569
0.11, 13562
0.12, 13478
0.12, 13391
0.12, 13351
0.12, 13191
0.12, 13145
0.12, 12793
0.13, 12780
0.13, 12723
0.13, 12660
0.13, 12537
0.13, 12513
0.13, 12491
0.14, 12266
0.14, 12216
0.14, 11878
0.14, 11851
0.14, 11741
0.15, 11653
0.15, 11537
0.15, 11448
0.15, 11309
0.15, 11251
0.15, 11219
0.15, 10848
0.16, 10780
0.16, 10767
0.16, 10710
0.16, 10587
0.16, 10416
0.16, 10384
0.16, 10319
0.17, 10275
0.17, 10254
0.18, 10103
0.18, 10091
0.18, 10074
0.18, 10051
0.19, 9926
0.19, 9869
0.19, 9864
0.20, 9815
0.20, 9641
0.20, 9591
0.21, 9587
0.21, 9470
0.21, 9462
0.22, 9418
0.25, 9338
0.25, 9329
0.27, 9325
0.29, 9319
0.30, 9292
0.31, 9221
0.31, 9167
0.32, 9066
0.37, 9047
0.39, 8995
0.40, 8978
0.42, 8955
0.48, 8940
0.54, 8937
0.55, 8913
0.65, 8785
0.69, 8625
0.70, 8616
0.73, 8614
0.73, 8611
0.76, 8590
0.79, 8573
1.08, 8503
1.08, 8456
1.21, 8379
1.28, 8334
1.55, 8332
1.59, 8303
1.70, 8226
