0.01, 28778
0.01, 27996
0.01, 27392
0.01, 27349
0.02, 26663
0.02, 26302
0.02, 26095
0.02, 25716
0.02, 25509
0.02, 25065
0.03, 24546
0.03, 24525
0.03, 24469
0.03, 24010
0.03, 23719
0.03, 23242
0.03, 21805
0.04, 20914
0.04, 20629
0.04, 20579
0.04, 20378
0.04, 19900
0.04, 18900
0.04, 18415
0.04, 17589
0.04, 17557
0.05, 17463
0.05, 17035
0.05, 16649
0.05, 16419
0.05, 16406
0.06, 16257
0.06, 16236
0.06, 16198
0.06, 16086
0.06, 15869
0.06, 15500
0.07, 15349
0.07, 15274
0.07, 15262
0.07, 15246
0.07, 15235
0.07, 15159
0.08, 15121
0.08, 14932
0.08, 14689
0.08, 14677
0.08, 14619
0.08, 14611
0.09, 14417
0.09, 14328
0.09, 14127
0.09, 13914
0.09, 13908
0.09, 13699
0.10, 13592
0.10, 13088
0.10, 13055
0.10, 12981
0.10, 12901
0.10, 12822
0.10, 12808
0.11, 12787
0.11, 12740
0.11, 12730
0.11, 12512
0.12, 12408
0.12, 12398
0.12, 11672
0.12, 11193
0.13, 11095
0.13, 10856
0.14, 10823
0.14, 10812
0.14, 10779
0.14, 10749
0.14, 10742
0.14, 10706
0.15, 10655
0.15, 10622
0.15, 10588
0.16, 10549
0.17, 10375
0.17, 10350
0.17, 10188
0.18, 10183
0.18, 10180
0.18, 9969
0.18, 9855
0.19, 9731
0.19, 9681
0.20, 9676
0.21, 9663
0.23, 9631
0.24, 9625
0.24, 9366
0.26, 9281
0.26, 9257
0.30, 9234
0.30, 9202
0.32, 9128
0.38, 9121
0.45, 9114
0.46, 9041
0.47, 8929
0.58, 8898
0.66, 8883
0.76, 8841
0.82, 8839
0.87, 8758
1.65, 8749
