0.01, 27986
0.01, 26775
0.02, 26213
0.02, 25998
0.02, 25717
0.03, 25470
0.03, 25396
0.03, 25342
0.03, 25267
0.03, 24918
0.03, 24632
0.03, 24574
0.04, 23914
0.04, 23718
0.04, 23701
0.04, 23569
0.04, 23432
0.04, 22941
0.05, 22572
0.05, 22531
0.05, 22511
0.05, 22270
0.05, 22101
0.05, 22001
0.05, 21759
0.06, 21744
0.06, 21437
0.06, 21115
0.06, 20661
0.06, 20611
0.06, 20078
0.06, 20044
0.06, 19993
0.06, 19404
0.07, 19394
0.07, 19340
0.07, 19320
0.07, 19228
0.07, 18605
0.07, 18570
0.07, 18447
0.08, 17848
0.08, 17835
0.08, 17487
0.08, 17210
0.08, 17130
0.08, 16980
0.09, 16866
0.09, 16841
0.09, 16798
0.09, 16629
0.09, 16420
0.09, 16299
0.10, 16074
0.10, 15830
0.10, 15703
0.10, 15657
0.10, 15652
0.10, 15343
0.11, 15316
0.11, 15065
0.11, 14869
0.11, 14749
0.11, 14723
0.12, 14548
0.12, 14284
0.12, 14259
0.12, 14090
0.12, 14055
0.12, 14026
0.13, 14011
0.13, 13904
0.13, 13891
0.13, 13726
0.14, 13655
0.14, 13528
0.14, 13312
0.14, 13280
0.14, 13105
0.15, 12892
0.15, 12842
0.15, 12828
0.15, 12601
0.16, 12561
0.16, 12411
0.16, 12390
0.16, 12319
0.17, 12314
0.17, 12278
0.17, 12198
0.17, 12162
0.17, 11913
0.17, 11912
0.17, 11874
0.17, 11843
0.17, 11834
0.18, 11746
0.18, 11707
0.18, 11705
0.18, 11652
0.18, 11459
0.18, 11305
0.19, 11298
0.19, 11201
0.19, 11085
0.19, 11027
0.19, 11003
0.19, 10969
0.19, 10796
0.20, 10637
0.20, 10620
0.21, 10486
0.21, 10465
0.21, 10403
0.21, 10223
0.21, 10144
0.21, 10083
0.22, 9962
0.23, 9932
0.23, 9925
0.24, 9884
0.25, 9827
0.26, 9817
0.26, 9816
0.26, 9619
0.26, 9578
0.27, 9554
0.28, 9502
0.30, 9492
0.30, 9396
0.32, 9328
0.34, 9230
0.37, 9217
0.39, 9191
0.39, 9165
0.40, 9093
0.62, 9056
0.69, 8984
0.73, 8897
0.77, 8838
0.82, 8739
0.88, 8728
0.96, 8671
1.12, 8663
1.29, 8627
1.35, 8570
1.63, 8555
2.05, 8530
2.41, 8485
2.49, 8418
