0.01, 28410
0.01, 27854
0.01, 27850
0.01, 27643
0.01, 26948
0.02, 26777
0.02, 26361
0.02, 26090
0.03, 25986
0.03, 25827
0.03, 25386
0.03, 25134
0.03, 25110
0.03, 24476
0.03, 24338
0.04, 24297
0.04, 23696
0.04, 23438
0.04, 22216
0.04, 22123
0.04, 22048
0.04, 21318
0.04, 21149
0.05, 20944
0.05, 20829
0.05, 20574
0.05, 20356
0.05, 20057
0.05, 19485
0.05, 19397
0.05, 19361
0.05, 19075
0.06, 18953
0.06, 18919
0.06, 18737
0.06, 18731
0.06, 18685
0.07, 18533
0.07, 17921
0.07, 17135
0.07, 16846
0.07, 16592
0.08, 16550
0.08, 16354
0.08, 16334
0.08, 16249
0.08, 16080
0.08, 15917
0.09, 15756
0.09, 15739
0.09, 15714
0.09, 15673
0.09, 15567
0.09, 15174
0.09, 14990
0.09, 14916
0.10, 14689
0.10, 14328
0.10, 14153
0.10, 14098
0.10, 14050
0.10, 14046
0.10, 14022
0.11, 14001
0.11, 13976
0.11, 13925
0.11, 13863
0.11, 13824
0.12, 13797
0.12, 13583
0.12, 13573
0.12, 13556
0.13, 13337
0.13, 13284
0.13, 13233
0.13, 13186
0.13, 13136
0.14, 13084
0.14, 13023
0.14, 13017
0.14, 12922
0.14, 12814
0.14, 12747
0.15, 12613
0.15, 12077
0.15, 12014
0.15, 11933
0.15, 11852
0.15, 11799
0.16, 11591
0.16, 11566
0.16, 11530
0.16, 11497
0.16, 11217
0.16, 11096
0.16, 11079
0.17, 11043
0.17, 10940
0.17, 10864
0.17, 10855
0.17, 10853
0.18, 10814
0.18, 10806
0.18, 10764
0.19, 10635
0.19, 10627
0.19, 10437
0.19, 10361
0.20, 10232
0.22, 10225
0.22, 10111
0.24, 10085
0.24, 10082
0.25, 10035
0.26, 10018
0.27, 9984
0.27, 9968
0.27, 9702
0.28, 9679
0.28, 9644
0.28, 9636
0.31, 9635
0.31, 9601
0.31, 9592
0.32, 9480
0.32, 9445
0.33, 9441
0.34, 9430
0.37, 9415
0.39, 9374
0.40, 9305
0.42, 9294
0.44, 9233
0.45, 9229
0.48, 9194
0.51, 9055
0.52, 9021
0.55, 9008
0.58, 8999
0.68, 8991
0.76, 8977
0.80, 8960
0.81, 8952
0.84, 8934
0.85, 8903
0.88, 8858
0.89, 8829
1.13, 8827
1.13, 8790
