0.01, 30646
0.01, 29965
0.01, 29601
0.01, 28792
0.01, 28629
0.01, 28104
0.01, 28064
0.01, 27877
0.01, 27496
0.02, 27296
0.02, 27261
0.02, 27230
0.02, 27212
0.02, 27123
0.03, 26722
0.03, 26648
0.03, 26597
0.03, 26398
0.03, 26259
0.03, 26257
0.03, 26182
0.03, 25920
0.03, 25747
0.03, 25711
0.03, 25347
0.03, 24961
0.03, 24922
0.03, 24066
0.04, 23541
0.04, 23356
0.04, 23159
0.04, 23150
0.04, 23144
0.04, 22956
0.04, 22069
0.04, 22066
0.04, 22014
0.05, 21118
0.05, 20897
0.05, 20738
0.05, 20488
0.05, 20324
0.05, 20285
0.05, 20282
0.05, 20097
0.05, 19840
0.06, 19741
0.06, 19675
0.06, 19601
0.06, 19353
0.06, 19115
0.06, 18584
0.06, 18308
0.07, 17755
0.07, 17346
0.07, 16976
0.07, 16887
0.07, 16645
0.07, 16329
0.07, 16211
0.08, 16182
0.08, 16088
0.08, 16013
0.08, 16010
0.08, 15896
0.09, 15852
0.09, 15429
0.09, 14595
0.09, 14533
0.09, 14369
0.09, 14284
0.09, 14047
0.09, 14025
0.10, 13521
0.10, 13344
0.10, 13290
0.10, 12839
0.10, 12816
0.10, 12561
0.10, 12371
0.11, 12110
0.11, 11963
0.11, 11798
0.11, 11654
0.11, 11608
0.11, 11367
0.12, 11344
0.12, 11327
0.12, 11222
0.12, 11133
0.12, 11013
0.12, 10938
0.12, 10919
0.13, 10918
0.13, 10883
0.13, 10535
0.13, 10508
0.13, 10442
0.13, 10362
0.13, 10254
0.14, 10219
0.14, 10150
0.14, 10118
0.14, 10082
0.14, 10039
0.14, 9975
0.15, 9910
0.15, 9870
0.15, 9777
0.15, 9755
0.16, 9745
0.16, 9688
0.17, 9672
0.17, 9668
0.17, 9566
0.17, 9498
0.17, 9459
0.18, 9448
0.20, 9242
0.21, 9225
0.22, 9141
0.23, 9054
0.23, 9018
0.24, 8977
0.29, 8902
0.33, 8882
0.33, 8872
0.34, 8862
0.36, 8856
0.37, 8790
0.41, 8781
0.41, 8728
0.50, 8557
0.64, 8536
0.65, 8524
1.12, 8507
1.15, 8492
