0.01, 29200
0.01, 28674
0.01, 28563
0.01, 28243
0.01, 26667
0.02, 25572
0.02, 25390
0.02, 25382
0.03, 25199
0.03, 24711
0.03, 24469
0.03, 24097
0.04, 24091
0.04, 23720
0.04, 22652
0.04, 22484
0.04, 22090
0.04, 21679
0.05, 21672
0.05, 21602
0.05, 21474
0.05, 21199
0.05, 21083
0.05, 20926
0.06, 20370
0.06, 19664
0.06, 19575
0.06, 19281
0.06, 18815
0.06, 18606
0.07, 18499
0.07, 18163
0.07, 17912
0.07, 17875
0.08, 17560
0.08, 17556
0.08, 17251
0.08, 16802
0.08, 16698
0.08, 16669
0.08, 16485
0.09, 16397
0.09, 16230
0.09, 16134
0.09, 16078
0.10, 15914
0.10, 15759
0.10, 15559
0.10, 15472
0.10, 15448
0.10, 15365
0.11, 15326
0.11, 15185
0.11, 15119
0.11, 15005
0.11, 14938
0.12, 14465
0.12, 14035
0.12, 13964
0.12, 13892
0.12, 13784
0.12, 13730
0.13, 13671
0.13, 13595
0.13, 13564
0.13, 13349
0.13, 13297
0.13, 12995
0.14, 12759
0.14, 12540
0.14, 12449
0.14, 12391
0.14, 12277
0.14, 12091
0.15, 12011
0.15, 11996
0.15, 11741
0.15, 11626
0.15, 11577
0.15, 11572
0.16, 11203
0.16, 11186
0.16, 10980
0.16, 10955
0.16, 10810
0.16, 10770
0.16, 10739
0.17, 10734
0.17, 10632
0.17, 10554
0.17, 10537
0.17, 10519
0.17, 10489
0.17, 10284
0.17, 10281
0.18, 10020
0.18, 9966
0.18, 9932
0.19, 9876
0.19, 9865
0.19, 9712
0.20, 9691
0.20, 9672
0.21, 9552
0.21, 9476
0.21, 9424
0.22, 9285
0.22, 9239
0.23, 9195
0.40, 9188
0.42, 9134
0.45, 9121
0.46, 9097
0.46, 8996
0.48, 8737
0.49, 8565
0.64, 8517
0.71, 8481
0.73, 8405
1.01, 8389
1.98, 8366
2.03, 8332
2.21, 8303
2.85, 8296
3.02, 8242
3.06, 8227
