0.01, 29852
0.01, 29177
0.01, 29034
0.01, 28446
0.01, 28387
0.01, 28041
0.01, 27669
0.01, 26910
0.02, 26894
0.02, 26776
0.02, 26505
0.02, 26432
0.02, 26309
0.02, 25212
0.02, 25081
0.03, 24912
0.03, 24609
0.03, 24504
0.04, 24328
0.04, 23981
0.04, 23145
0.04, 22984
0.04, 22606
0.04, 22549
0.04, 22445
0.04, 22086
0.04, 21798
0.04, 21524
0.05, 21184
0.05, 20564
0.05, 19778
0.05, 19623
0.05, 19534
0.05, 19184
0.05, 18584
0.05, 18521
0.06, 18387
0.06, 18297
0.06, 18121
0.06, 18098
0.06, 17664
0.06, 17332
0.06, 16769
0.07, 16534
0.07, 16467
0.07, 16452
0.07, 16384
0.07, 16125
0.07, 15916
0.08, 15892
0.08, 15739
0.08, 15715
0.08, 14990
0.08, 14945
0.09, 14827
0.09, 14717
0.09, 14631
0.09, 14393
0.09, 14345
0.09, 14257
0.09, 14041
0.10, 14020
0.10, 13870
0.10, 13724
0.10, 13608
0.10, 13581
0.11, 13375
0.11, 13203
0.11, 13082
0.11, 12973
0.11, 12902
0.11, 12685
0.11, 12329
0.12, 12301
0.12, 11932
0.12, 11800
0.12, 11536
0.13, 11338
0.13, 11237
0.13, 11055
0.13, 10666
0.14, 10659
0.14, 10521
0.14, 10474
0.14, 10435
0.15, 10384
0.15, 10323
0.15, 10295
0.16, 10255
0.16, 10175
0.16, 10161
0.16, 10058
0.17, 9828
0.17, 9791
0.17, 9735
0.18, 9705
0.18, 9702
0.19, 9665
0.19, 9625
0.20, 9612
0.22, 9602
0.22, 9565
0.22, 9531
0.23, 9467
0.23, 9429
0.23, 9426
0.25, 9374
0.27, 9281
0.27, 9275
0.27, 9148
0.28, 9134
0.29, 9115
0.31, 8997
0.34, 8953
0.37, 8900
0.42, 8881
0.48, 8786
0.49, 8765
0.51, 8700
0.53, 8555
0.58, 8549
0.67, 8484
0.69, 8479
0.78, 8464
0.81, 8426
0.81, 8398
0.91, 8370
