0.01, 29632
0.01, 29569
0.01, 29331
0.01, 29219
0.01, 29009
0.01, 28744
0.01, 28676
0.01, 28627
0.01, 28058
0.02, 27658
0.02, 27536
0.02, 27401
0.02, 27386
0.02, 27238
0.02, 26463
0.02, 26226
0.02, 25791
0.02, 25218
0.02, 25172
0.03, 25156
0.03, 23963
0.03, 23744
0.03, 23619
0.03, 23589
0.03, 23475
0.03, 22512
0.03, 22497
0.03, 22121
0.04, 21954
0.04, 21803
0.04, 21696
0.04, 21571
0.04, 21553
0.04, 21197
0.05, 21004
0.05, 20835
0.05, 20800
0.05, 20672
0.05, 20661
0.06, 20437
0.06, 20334
0.06, 20160
0.06, 20006
0.06, 19998
0.06, 19210
0.07, 18945
0.07, 18122
0.07, 18029
0.07, 17967
0.07, 17935
0.08, 17585
0.08, 17090
0.08, 17026
0.08, 17007
0.08, 16734
0.08, 16380
0.08, 16210
0.09, 15978
0.09, 15956
0.09, 15880
0.09, 15707
0.09, 15678
0.09, 15540
0.10, 15490
0.10, 15039
0.10, 14731
0.10, 14724
0.11, 14460
0.11, 13922
0.11, 13887
0.11, 13756
0.11, 13744
0.11, 13620
0.11, 13318
0.12, 13066
0.12, 12861
0.12, 12646
0.12, 12625
0.12, 12575
0.13, 12572
0.13, 12441
0.13, 12363
0.14, 12238
0.14, 12164
0.14, 11912
0.14, 11680
0.14, 11657
0.15, 11589
0.15, 11500
0.15, 11476
0.15, 11473
0.15, 11422
0.15, 11404
0.15, 11318
0.15, 11243
0.15, 11185
0.16, 11132
0.16, 11085
0.16, 11057
0.16, 11045
0.16, 10960
0.17, 10835
0.17, 10830
0.17, 10783
0.17, 10704
0.18, 10689
0.18, 10604
0.18, 10569
0.18, 10507
0.18, 10500
0.18, 10423
0.19, 10338
0.19, 10206
0.19, 9968
0.20, 9955
0.20, 9931
0.20, 9922
0.20, 9733
0.21, 9669
0.21, 9655
0.22, 9609
0.24, 9564
0.25, 9549
0.25, 9447
0.25, 9446
0.27, 9420
0.27, 9226
0.27, 9216
0.31, 9186
0.32, 9115
0.33, 9078
0.33, 8999
0.40, 8761
0.49, 8754
0.50, 8743
0.59, 8742
0.60, 8662
0.63, 8657
0.63, 8637
0.65, 8593
0.66, 8588
0.66, 8576
0.66, 8572
0.87, 8569
0.94, 8551
0.95, 8547
0.98, 8542
0.98, 8484
1.03, 8443
1.43, 8428
1.48, 8419
1.63, 8408
1.89, 8405
2.13, 8347
3.14, 8341
