0.01, 27785
0.01, 27363
0.01, 27194
0.01, 27133
0.01, 26944
0.01, 26890
0.02, 26685
0.02, 26618
0.02, 25905
0.02, 25403
0.02, 24562
0.03, 24077
0.03, 23809
0.03, 23533
0.03, 23415
0.03, 23284
0.03, 23219
0.03, 23157
0.04, 22908
0.04, 22655
0.04, 22631
0.04, 22524
0.04, 22209
0.04, 21947
0.04, 21467
0.04, 21407
0.04, 21056
0.05, 20574
0.05, 20278
0.05, 20021
0.05, 19429
0.05, 19277
0.05, 19189
0.05, 19092
0.05, 19018
0.05, 18923
0.05, 18875
0.06, 18683
0.06, 18310
0.06, 18163
0.06, 17857
0.06, 16948
0.06, 16720
0.07, 15985
0.07, 15976
0.07, 15917
0.07, 15880
0.07, 15605
0.08, 15545
0.08, 15145
0.08, 14672
0.08, 13930
0.08, 13637
0.08, 13628
0.09, 13443
0.09, 13159
0.09, 13138
0.09, 13004
0.09, 12275
0.10, 12236
0.10, 12216
0.10, 12212
0.10, 11859
0.10, 11853
0.11, 11493
0.11, 11443
0.11, 11391
0.11, 11202
0.11, 10982
0.12, 10754
0.12, 10483
0.12, 10421
0.12, 10419
0.13, 10172
0.13, 10148
0.13, 10083
0.13, 9831
0.14, 9703
0.14, 9666
0.14, 9622
0.14, 9405
0.15, 9385
0.15, 9357
0.15, 9332
0.16, 9216
0.17, 9202
0.18, 9193
0.18, 9166
0.20, 9073
0.21, 8995
0.22, 8983
0.27, 8972
0.28, 8966
0.31, 8942
0.33, 8875
0.33, 8867
0.38, 8856
0.41, 8706
0.60, 8676
0.63, 8671
1.50, 8638
2.49, 8614
2.64, 8526
2.65, 8399
