0.01, 27919
0.01, 27264
0.01, 27194
0.01, 25924
0.01, 25369
0.01, 24446
0.01, 23959
0.01, 23940
0.01, 23811
0.02, 23668
0.02, 23424
0.03, 23265
0.03, 22416
0.03, 22028
0.03, 21877
0.03, 21745
0.04, 21312
0.04, 20642
0.04, 20111
0.04, 19611
0.04, 19539
0.04, 19306
0.05, 19275
0.05, 19239
0.05, 19166
0.05, 18808
0.05, 18797
0.05, 18574
0.05, 18540
0.05, 18269
0.05, 17967
0.06, 17602
0.06, 17577
0.06, 17255
0.06, 17235
0.06, 17203
0.06, 17028
0.07, 16733
0.07, 16730
0.07, 16727
0.07, 16394
0.08, 15945
0.08, 15794
0.08, 15135
0.08, 15003
0.08, 14798
0.09, 14718
0.09, 14593
0.09, 14325
0.09, 13667
0.09, 13173
0.10, 13033
0.10, 12869
0.10, 12861
0.10, 12756
0.11, 12713
0.11, 12645
0.11, 12641
0.11, 12447
0.12, 12425
0.12, 12151
0.12, 12121
0.13, 12117
0.13, 12021
0.13, 12002
0.13, 11903
0.14, 11445
0.15, 11391
0.15, 11353
0.15, 11252
0.15, 10855
0.15, 10768
0.16, 10756
0.16, 10599
0.16, 10584
0.16, 10562
0.17, 10523
0.18, 10417
0.18, 10362
0.19, 10311
0.19, 10267
0.20, 10245
0.20, 10224
0.21, 10210
0.22, 10194
0.22, 9983
0.23, 9874
0.24, 9868
0.26, 9863
0.27, 9835
0.27, 9779
0.28, 9776
0.28, 9731
0.29, 9589
0.29, 9519
0.30, 9465
0.31, 9386
0.32, 9380
0.32, 9261
0.32, 9200
0.33, 9173
0.33, 9149
0.33, 9061
0.33, 8940
0.34, 8928
0.37, 8862
0.44, 8816
0.50, 8782
0.56, 8766
0.64, 8750
0.66, 8738
0.91, 8720
1.06, 8704
1.30, 8536
1.38, 8488
1.40, 8203
1.43, 8181
