0.01, 29176
0.01, 27590
0.01, 27568
0.01, 27558
0.01, 27527
0.02, 26606
0.02, 26472
0.03, 26461
0.03, 26125
0.03, 25315
0.03, 24665
0.03, 24605
0.04, 24545
0.04, 24102
0.04, 24049
0.04, 23934
0.04, 23150
0.04, 23109
0.05, 23023
0.05, 22908
0.05, 22867
0.05, 22712
0.05, 22508
0.06, 20709
0.06, 20068
0.06, 19778
0.06, 19657
0.06, 19589
0.06, 19236
0.06, 18608
0.06, 18284
0.07, 18206
0.07, 17332
0.07, 17016
0.07, 16776
0.07, 16138
0.07, 15955
0.08, 15649
0.08, 15607
0.08, 14976
0.08, 14606
0.08, 14559
0.09, 14319
0.09, 13765
0.09, 13726
0.09, 12699
0.09, 12623
0.10, 12279
0.10, 12264
0.10, 12201
0.10, 11644
0.10, 11639
0.11, 11629
0.11, 11568
0.11, 11507
0.11, 11050
0.11, 10918
0.12, 10912
0.12, 10830
0.12, 10738
0.12, 10734
0.13, 10680
0.13, 10543
0.13, 10480
0.14, 10379
0.14, 10327
0.14, 10292
0.14, 10246
0.14, 10244
0.14, 10220
0.14, 10078
0.15, 10034
0.15, 9827
0.15, 9788
0.15, 9674
0.15, 9599
0.15, 9529
0.15, 9360
0.16, 9293
0.17, 9290
0.18, 9188
0.19, 9020
0.20, 8983
0.21, 8981
0.22, 8912
0.22, 8825
0.25, 8819
0.27, 8736
0.27, 8692
0.39, 8669
0.42, 8643
0.51, 8642
0.53, 8634
0.63, 8465
0.66, 8463
0.78, 8456
0.96, 8445
1.05, 8439
1.51, 8386
1.56, 8341
1.57, 8330
1.58, 8257
1.60, 8247
1.65, 8224
1.67, 8142
1.68, 8108
1.70, 8029
1.99, 8017
2.38, 8009
2.40, 7976
2.40, 7972
2.84, 7919
