0.01, 29407
0.01, 28873
0.01, 28564
0.01, 28524
0.01, 28179
0.02, 27916
0.02, 27900
0.02, 27466
0.02, 27194
0.02, 26869
0.02, 26629
0.02, 26003
0.02, 25111
0.03, 24882
0.03, 24255
0.03, 23374
0.03, 22892
0.04, 22753
0.04, 22358
0.04, 22321
0.04, 22121
0.04, 21375
0.04, 21366
0.04, 21212
0.04, 20887
0.05, 20764
0.05, 20578
0.05, 19812
0.05, 19303
0.05, 19185
0.05, 19158
0.05, 19041
0.06, 18868
0.06, 18533
0.06, 18400
0.06, 18110
0.06, 17980
0.06, 17944
0.06, 17649
0.06, 17575
0.06, 17073
0.07, 16985
0.07, 16945
0.07, 16222
0.07, 16184
0.08, 15864
0.08, 15735
0.08, 15597
0.08, 15141
0.08, 15102
0.08, 15033
0.09, 14889
0.09, 14825
0.09, 14305
0.09, 14232
0.09, 14172
0.09, 14170
0.10, 13873
0.10, 13872
0.10, 13754
0.10, 13705
0.10, 13592
0.11, 13555
0.11, 13473
0.11, 13198
0.11, 13048
0.11, 12879
0.12, 12765
0.12, 12699
0.12, 12546
0.12, 11878
0.13, 11728
0.13, 11705
0.13, 11651
0.13, 11512
0.13, 11389
0.13, 11159
0.13, 11143
0.14, 11137
0.14, 11048
0.14, 11047
0.14, 11033
0.15, 11010
0.15, 11008
0.15, 11004
0.15, 11001
0.15, 10919
0.16, 10868
0.16, 10695
0.16, 10365
0.16, 10356
0.16, 10348
0.17, 10317
0.17, 10299
0.17, 10252
0.17, 10115
0.17, 9926
0.18, 9843
0.18, 9806
0.18, 9662
0.19, 9588
0.21, 9578
0.23, 9547
0.24, 9537
0.25, 9529
0.25, 9427
0.28, 9353
0.29, 9351
0.29, 9323
0.33, 9297
0.37, 9292
0.38, 9270
0.38, 9242
0.38, 9139
0.47, 9075
1.39, 9072
1.40, 9041
1.53, 9033
1.78, 9023
2.47, 9018
3.08, 8882
3.13, 8866
