0.01, 30245
0.01, 29672
0.01, 28980
0.01, 27800
0.01, 27378
0.01, 26847
0.01, 26764
0.01, 26469
0.02, 25942
0.02, 25852
0.02, 25673
0.03, 24580
0.03, 24350
0.03, 24286
0.03, 24107
0.03, 24086
0.03, 23951
0.03, 23572
0.04, 23209
0.04, 22799
0.04, 22704
0.04, 22628
0.04, 22152
0.05, 21322
0.05, 20818
0.05, 20607
0.05, 20325
0.05, 20017
0.05, 19974
0.06, 19901
0.06, 18933
0.06, 18059
0.06, 17841
0.06, 17738
0.06, 17554
0.07, 17024
0.07, 16927
0.07, 16862
0.07, 16507
0.07, 16393
0.07, 16360
0.08, 16337
0.08, 16041
0.08, 16038
0.08, 15819
0.08, 15789
0.09, 14770
0.09, 14081
0.09, 13978
0.09, 13867
0.09, 13774
0.09, 13276
0.09, 13046
0.10, 12952
0.10, 12944
0.10, 12862
0.10, 12817
0.10, 12763
0.11, 12692
0.11, 12676
0.11, 12414
0.11, 12168
0.11, 12102
0.12, 11857
0.12, 11726
0.12, 11623
0.12, 11381
0.13, 11376
0.13, 11331
0.13, 11284
0.13, 11194
0.14, 11091
0.14, 11027
0.14, 10985
0.14, 10807
0.14, 10615
0.14, 10479
0.15, 10393
0.15, 10253
0.15, 10204
0.15, 10106
0.15, 10100
0.16, 10099
0.16, 9944
0.16, 9826
0.17, 9814
0.17, 9492
0.18, 9432
0.19, 9383
0.19, 9364
0.19, 9296
0.21, 9254
0.23, 9207
0.24, 9184
0.25, 9159
0.25, 9107
0.27, 9022
0.28, 8985
0.29, 8966
0.38, 8924
0.47, 8859
0.49, 8783
0.54, 8717
0.67, 8683
0.79, 8660
0.80, 8586
0.85, 8478
0.95, 8437
0.96, 8390
0.98, 8385
1.16, 8346
1.27, 8302
