0.01, 28298
0.01, 28244
0.01, 27997
0.01, 27831
0.01, 27460
0.01, 27283
0.01, 27234
0.02, 26505
0.02, 26468
0.02, 25949
0.02, 25037
0.02, 24806
0.03, 24600
0.03, 23927
0.03, 23607
0.03, 23373
0.03, 22897
0.03, 22749
0.03, 22432
0.04, 21035
0.04, 20808
0.04, 19691
0.04, 19660
0.04, 18925
0.04, 18732
0.05, 18351
0.05, 18328
0.05, 18201
0.05, 18157
0.05, 18010
0.06, 17599
0.06, 17569
0.06, 17555
0.06, 16858
0.06, 16846
0.06, 16619
0.06, 16494
0.06, 16487
0.07, 16240
0.07, 16197
0.07, 15974
0.07, 15927
0.07, 15608
0.07, 15570
0.08, 15552
0.08, 15360
0.08, 15220
0.08, 15132
0.09, 14952
0.09, 14740
0.09, 14616
0.09, 14274
0.09, 13825
0.10, 13594
0.10, 13445
0.10, 13245
0.10, 13206
0.10, 13161
0.11, 13043
0.11, 13032
0.11, 12957
0.11, 12904
0.11, 12779
0.11, 12617
0.12, 12279
0.12, 12235
0.12, 12161
0.12, 12120
0.12, 12055
0.12, 11934
0.13, 11889
0.13, 11804
0.13, 11698
0.14, 11605
0.14, 11474
0.14, 11375
0.15, 11340
0.15, 11318
0.15, 11309
0.16, 11208
0.16, 11188
0.16, 11167
0.16, 11088
0.16, 11062
0.16, 10874
0.17, 10630
0.17, 10560
0.17, 10458
0.17, 10457
0.17, 10453
0.17, 9921
0.18, 9899
0.18, 9778
0.18, 9714
0.18, 9646
0.18, 9571
0.19, 9558
0.19, 9342
0.21, 9290
0.26, 9214
0.33, 9199
0.34, 9173
0.34, 9172
0.35, 9100
0.38, 9066
0.38, 9035
0.40, 8852
0.42, 8844
0.44, 8810
0.52, 8769
0.54, 8765
0.57, 8763
0.57, 8721
0.60, 8664
0.69, 8647
0.87, 8617
1.02, 8487
1.15, 8481
1.17, 8472
1.18, 8465
1.20, 8435
1.20, 8433
1.23, 8412
1.36, 8349
1.76, 8332
1.88, 8307
2.30, 8290
2.41, 8280
2.67, 8229
