0.01, 30046
0.01, 29553
0.01, 29399
0.01, 29075
0.01, 28895
0.01, 28609
0.01, 28341
0.02, 27220
0.02, 26117
0.02, 25544
0.02, 25428
0.03, 24966
0.03, 24085
0.03, 23969
0.03, 23872
0.03, 23750
0.04, 23488
0.04, 23440
0.04, 23396
0.04, 23338
0.04, 23204
0.04, 22949
0.04, 21167
0.04, 20973
0.05, 20673
0.05, 19845
0.05, 19787
0.05, 19069
0.05, 18617
0.05, 18340
0.05, 18246
0.06, 18239
0.06, 17829
0.06, 17726
0.06, 17634
0.06, 17108
0.06, 16883
0.07, 16833
0.07, 16697
0.07, 16049
0.07, 15886
0.07, 15871
0.08, 15395
0.08, 15202
0.08, 15186
0.08, 15001
0.08, 14778
0.08, 14612
0.09, 14511
0.09, 14255
0.09, 14068
0.09, 14060
0.09, 13902
0.10, 13781
0.10, 13614
0.10, 13347
0.10, 13211
0.10, 12865
0.11, 12685
0.11, 12363
0.11, 12312
0.11, 12237
0.12, 12149
0.12, 12031
0.12, 12022
0.12, 11879
0.12, 11859
0.13, 11701
0.13, 11568
0.13, 11551
0.13, 11520
0.14, 11518
0.14, 11232
0.14, 10938
0.14, 10312
0.15, 10087
0.15, 9982
0.15, 9857
0.15, 9581
0.17, 9508
0.17, 9328
0.18, 9208
0.19, 9197
0.19, 9187
0.19, 9183
0.20, 9167
0.20, 9098
0.21, 9080
0.21, 9016
0.22, 8982
0.27, 8981
0.29, 8974
0.31, 8965
0.32, 8962
0.33, 8846
0.35, 8804
0.36, 8796
0.41, 8748
0.47, 8709
0.62, 8696
0.77, 8693
0.81, 8675
1.37, 8674
1.38, 8647
