0.01, 30173
0.01, 28841
0.01, 27709
0.01, 27603
0.01, 27329
0.01, 27020
0.02, 26870
0.02, 26855
0.02, 26758
0.02, 26610
0.02, 26566
0.02, 26111
0.02, 25793
0.03, 25651
0.03, 25525
0.03, 24673
0.03, 24322
0.03, 23890
0.03, 23765
0.04, 23659
0.04, 23627
0.04, 22772
0.04, 22382
0.04, 22277
0.04, 22112
0.04, 21832
0.05, 21016
0.05, 21000
0.05, 20855
0.05, 20693
0.05, 20590
0.05, 20550
0.05, 19537
0.06, 19097
0.06, 18392
0.06, 18268
0.06, 17692
0.06, 17499
0.07, 17380
0.07, 17219
0.07, 17180
0.07, 17171
0.07, 16966
0.07, 16886
0.08, 16877
0.08, 16873
0.08, 16741
0.08, 16544
0.08, 16128
0.09, 16052
0.09, 16014
0.09, 16010
0.09, 16004
0.10, 15984
0.10, 15789
0.10, 15692
0.10, 15415
0.10, 14991
0.10, 14764
0.11, 14555
0.11, 14219
0.11, 14181
0.11, 14107
0.11, 13895
0.11, 13727
0.11, 13627
0.12, 13239
0.12, 13116
0.12, 13059
0.12, 13016
0.12, 12985
0.13, 12429
0.13, 12419
0.13, 12324
0.13, 12298
0.14, 12125
0.14, 11716
0.14, 11609
0.15, 11569
0.15, 11492
0.15, 11135
0.15, 10994
0.16, 10908
0.16, 10805
0.16, 10735
0.16, 10639
0.16, 10601
0.17, 10557
0.17, 10483
0.17, 10400
0.17, 10396
0.17, 10385
0.17, 10368
0.17, 10358
0.17, 10357
0.17, 10347
0.18, 10341
0.18, 10118
0.19, 10006
0.20, 9989
0.20, 9983
0.21, 9972
0.22, 9854
0.23, 9814
0.24, 9769
0.25, 9622
0.26, 9587
0.26, 9563
0.27, 9540
0.28, 9537
0.31, 9525
0.32, 9499
0.33, 9455
0.33, 9294
0.33, 9288
0.34, 9255
0.34, 9243
0.35, 9234
0.35, 9212
0.36, 9109
0.41, 8932
0.46, 8829
0.47, 8827
0.57, 8820
0.70, 8800
0.78, 8767
0.79, 8751
0.79, 8645
0.79, 8624
0.86, 8582
1.10, 8554
1.13, 8524
1.53, 8514
1.60, 8499
1.63, 8482
1.70, 8425
1.72, 8406
1.81, 8391
1.85, 8321
2.00, 8264
2.02, 8261
2.23, 8233
