0.01, 29381
0.01, 28737
0.01, 28514
0.01, 27833
0.01, 27672
0.02, 26837
0.02, 25857
0.02, 25246
0.02, 25127
0.02, 24482
0.03, 24193
0.03, 24119
0.03, 22908
0.03, 22787
0.03, 22403
0.03, 22092
0.04, 22083
0.04, 21987
0.04, 21677
0.04, 21493
0.04, 21176
0.05, 21060
0.05, 20963
0.05, 20569
0.05, 19788
0.05, 19582
0.06, 19420
0.06, 19033
0.06, 18879
0.06, 18690
0.06, 18166
0.06, 18076
0.06, 17905
0.07, 17887
0.07, 17879
0.07, 17832
0.07, 17760
0.07, 17524
0.07, 17384
0.08, 17362
0.08, 17336
0.08, 17239
0.08, 17089
0.08, 16974
0.09, 16616
0.09, 16287
0.09, 16149
0.09, 15883
0.09, 15724
0.10, 15131
0.10, 15018
0.10, 14793
0.10, 14771
0.11, 14684
0.11, 14285
0.11, 14185
0.11, 14135
0.11, 14067
0.12, 13883
0.12, 13871
0.12, 13316
0.12, 13088
0.12, 12990
0.13, 12736
0.13, 12720
0.13, 12255
0.13, 12210
0.13, 12096
0.14, 12017
0.14, 12012
0.14, 11857
0.14, 11843
0.15, 11825
0.15, 11809
0.16, 11733
0.16, 11642
0.16, 11598
0.16, 11587
0.16, 11580
0.16, 11529
0.17, 11376
0.17, 11347
0.17, 11197
0.17, 11192
0.18, 10874
0.18, 10840
0.18, 10735
0.18, 10656
0.19, 10286
0.19, 10260
0.19, 10073
0.19, 9881
0.19, 9728
0.20, 9642
0.20, 9327
0.21, 9323
0.22, 9322
0.22, 9320
0.23, 9253
0.23, 9210
0.23, 9186
0.24, 9076
0.26, 9069
0.27, 9005
0.27, 8870
0.29, 8709
0.29, 8604
0.31, 8559
0.32, 8532
0.46, 8496
0.81, 8493
1.00, 8465
1.18, 8438
1.22, 8437
1.45, 8366
1.49, 8333
1.49, 8326
1.64, 8311
1.64, 8302
3.23, 8291
3.34, 8262
