0.01, 31503
0.01, 30987
0.01, 30883
0.01, 30559
0.01, 30067
0.01, 29253
0.01, 29208
0.01, 28039
0.01, 27690
0.02, 26577
0.02, 26274
0.02, 26255
0.02, 25840
0.03, 25720
0.03, 25369
0.03, 25350
0.03, 24925
0.03, 24708
0.03, 24326
0.04, 23963
0.04, 22496
0.04, 22022
0.04, 21781
0.05, 21445
0.05, 21030
0.05, 20486
0.05, 20378
0.05, 20361
0.05, 20248
0.06, 19962
0.06, 19922
0.06, 19737
0.06, 19563
0.06, 19546
0.06, 19163
0.06, 19051
0.06, 19020
0.07, 19003
0.07, 18773
0.07, 18604
0.07, 18319
0.07, 18061
0.07, 17914
0.07, 17653
0.08, 17434
0.08, 17228
0.08, 16924
0.08, 16899
0.08, 16346
0.08, 15707
0.08, 15607
0.09, 15583
0.09, 15522
0.09, 15466
0.09, 14937
0.09, 14879
0.09, 14377
0.10, 14204
0.10, 14011
0.10, 13997
0.10, 13955
0.11, 13628
0.11, 13237
0.11, 13154
0.11, 12515
0.11, 12201
0.11, 12144
0.12, 12124
0.12, 12089
0.12, 12066
0.12, 12060
0.12, 12053
0.12, 12031
0.13, 11920
0.13, 11784
0.13, 11706
0.14, 11625
0.14, 11613
0.14, 11566
0.15, 11549
0.15, 11396
0.15, 11391
0.15, 11387
0.15, 11350
0.15, 11078
0.16, 11045
0.16, 11044
0.16, 10889
0.16, 10751
0.17, 10734
0.17, 10684
0.18, 10659
0.18, 10648
0.19, 10601
0.19, 10588
0.19, 10485
0.19, 10459
0.20, 10439
0.20, 10338
0.21, 10333
0.22, 10329
0.24, 10320
0.25, 10298
0.25, 10225
0.25, 10215
0.28, 10077
0.28, 10033
0.29, 10010
0.29, 9923
0.30, 9638
0.30, 9518
0.30, 9415
0.31, 9275
0.31, 9234
0.32, 9057
0.32, 9046
0.33, 9023
0.34, 9020
0.37, 8978
0.38, 8903
0.39, 8844
0.47, 8813
0.51, 8797
0.53, 8788
0.62, 8775
0.70, 8746
0.70, 8728
0.80, 8677
0.95, 8671
0.96, 8498
1.00, 8431
1.16, 8406
1.36, 8384
