0.01, 29580
0.01, 29474
0.01, 29247
0.01, 28850
0.01, 28322
0.01, 27857
0.01, 27792
0.01, 26454
0.01, 25141
0.02, 25041
0.02, 25037
0.03, 24801
0.03, 23982
0.03, 23917
0.03, 23494
0.04, 23237
0.04, 22713
0.04, 22199
0.04, 22008
0.04, 21756
0.04, 21520
0.04, 21069
0.05, 21032
0.05, 20929
0.05, 20576
0.05, 20519
0.05, 20289
0.05, 20146
0.05, 20126
0.05, 19917
0.05, 19503
0.06, 18148
0.06, 18078
0.06, 18043
0.06, 17796
0.06, 17790
0.06, 17698
0.07, 17694
0.07, 17570
0.07, 17410
0.07, 17320
0.07, 17184
0.07, 17181
0.08, 16477
0.08, 16255
0.08, 16202
0.08, 16041
0.08, 15982
0.08, 15868
0.09, 15833
0.09, 15685
0.09, 15543
0.09, 15255
0.09, 15129
0.09, 14495
0.09, 14450
0.10, 13764
0.10, 13729
0.10, 13643
0.10, 13415
0.10, 13378
0.10, 13216
0.11, 13162
0.11, 12942
0.11, 12934
0.11, 12855
0.11, 12713
0.12, 12528
0.12, 12456
0.12, 12446
0.12, 12327
0.12, 12007
0.12, 11910
0.13, 11880
0.13, 11865
0.13, 11827
0.14, 11646
0.14, 11429
0.14, 11358
0.14, 11333
0.15, 11319
0.15, 11295
0.15, 10974
0.15, 10902
0.15, 10824
0.16, 10784
0.16, 10783
0.16, 10762
0.17, 10756
0.17, 10753
0.17, 10664
0.18, 10392
0.18, 10301
0.18, 10299
0.19, 10296
0.20, 10292
0.20, 10247
0.20, 10119
0.20, 10095
0.20, 10090
0.22, 10071
0.23, 10039
0.23, 9961
0.23, 9516
0.23, 9388
0.23, 9377
0.24, 9347
0.25, 9316
0.25, 9297
0.28, 9291
0.29, 9272
0.30, 9270
0.32, 9221
0.35, 9202
0.38, 9043
0.38, 8994
0.44, 8987
0.49, 8983
0.50, 8835
0.53, 8795
0.54, 8769
0.56, 8767
0.69, 8621
0.83, 8473
0.93, 8457
0.96, 8456
1.10, 8438
