0.01, 28731
0.01, 28247
0.01, 28184
0.01, 28066
0.01, 27355
0.02, 26683
0.02, 26303
0.02, 25980
0.03, 25689
0.03, 25175
0.03, 24952
0.03, 23936
0.04, 22836
0.04, 22513
0.04, 22486
0.04, 21596
0.04, 21556
0.04, 21512
0.05, 21330
0.05, 21125
0.05, 20926
0.05, 20688
0.05, 20432
0.05, 19934
0.06, 19926
0.06, 19918
0.06, 19548
0.06, 19481
0.06, 18595
0.06, 18548
0.07, 18445
0.07, 18419
0.07, 18187
0.07, 18042
0.07, 17585
0.07, 17263
0.08, 17156
0.08, 16881
0.08, 16809
0.08, 16620
0.08, 16501
0.08, 16338
0.09, 16240
0.09, 15894
0.09, 15821
0.09, 15434
0.09, 15235
0.10, 15200
0.10, 14910
0.10, 14863
0.10, 14695
0.10, 14679
0.11, 14552
0.11, 14537
0.11, 14479
0.11, 14441
0.11, 14314
0.11, 14067
0.11, 13861
0.12, 13796
0.12, 13547
0.12, 13477
0.12, 13473
0.12, 13453
0.13, 13277
0.13, 13129
0.13, 13128
0.14, 12854
0.14, 12515
0.14, 12339
0.14, 12238
0.14, 12234
0.14, 12121
0.14, 12026
0.14, 11747
0.14, 11718
0.15, 11641
0.15, 11453
0.15, 11452
0.15, 11283
0.16, 11208
0.16, 11202
0.16, 11189
0.17, 10651
0.17, 10615
0.17, 10593
0.17, 10547
0.17, 10436
0.18, 10416
0.18, 10393
0.19, 10308
0.22, 10288
0.23, 10261
0.25, 10225
0.26, 10220
0.27, 10167
0.27, 10116
0.27, 9938
0.27, 9835
0.28, 9804
0.28, 9584
0.29, 9582
0.30, 9565
0.31, 9551
0.32, 9281
0.32, 9266
0.34, 9251
0.34, 9123
0.34, 9074
0.35, 9021
0.36, 9011
0.38, 8996
0.39, 8958
0.42, 8878
0.42, 8865
0.44, 8826
0.46, 8670
0.47, 8655
0.49, 8571
0.55, 8549
0.59, 8444
0.66, 8371
0.73, 8359
0.75, 8303
1.22, 8269
1.28, 8266
1.46, 8257
1.56, 8105
1.65, 8104
1.65, 8087
1.82, 8055
1.99, 7979
