0.01, 31328
0.01, 31254
0.01, 31178
0.01, 30844
0.01, 29810
0.01, 29356
0.01, 29000
0.01, 28817
0.01, 28579
0.02, 28503
0.02, 28148
0.02, 28045
0.02, 27664
0.02, 27652
0.02, 26423
0.02, 25485
0.02, 24648
0.02, 24452
0.02, 24359
0.03, 23625
0.03, 23110
0.03, 22734
0.03, 22641
0.04, 22515
0.04, 22360
0.04, 21901
0.04, 21796
0.04, 21232
0.04, 20802
0.04, 20504
0.04, 20006
0.04, 19870
0.04, 19609
0.05, 19608
0.05, 19479
0.05, 19275
0.05, 19024
0.05, 18974
0.05, 18464
0.05, 18277
0.05, 18272
0.06, 18270
0.06, 18104
0.06, 17874
0.06, 17590
0.06, 17013
0.06, 16670
0.06, 16538
0.06, 16525
0.07, 15515
0.07, 15405
0.07, 15262
0.07, 15145
0.07, 15035
0.07, 14996
0.07, 14967
0.08, 14860
0.08, 14779
0.08, 14655
0.08, 14652
0.08, 14003
0.08, 13970
0.08, 13867
0.09, 13811
0.09, 13737
0.09, 13707
0.09, 13539
0.09, 13253
0.09, 13223
0.09, 12765
0.10, 12319
0.10, 12184
0.11, 11953
0.11, 11847
0.11, 11772
0.11, 11202
0.12, 11164
0.12, 11044
0.12, 10911
0.12, 10899
0.12, 10812
0.13, 10732
0.13, 10731
0.13, 10702
0.13, 10646
0.13, 10491
0.13, 10428
0.14, 10399
0.14, 10148
0.14, 10021
0.14, 9967
0.17, 9915
0.20, 9863
0.21, 9835
0.22, 9744
0.22, 9662
0.23, 9646
0.23, 9602
0.24, 9541
0.24, 9523
0.24, 9481
0.25, 9360
0.25, 9296
0.27, 9242
0.28, 9146
0.28, 9126
0.28, 9082
0.31, 9079
0.33, 9064
0.34, 8915
0.34, 8896
0.37, 8892
0.38, 8879
0.41, 8852
0.42, 8804
0.43, 8802
0.45, 8778
0.48, 8727
0.49, 8706
0.53, 8704
0.57, 8674
0.59, 8608
0.60, 8529
0.63, 8513
0.80, 8456
0.81, 8449
0.93, 8164
0.96, 8085
