0.01, 30288
0.01, 30059
0.01, 30050
0.01, 29061
0.02, 28877
0.02, 28764
0.02, 28160
0.02, 26723
0.02, 26719
0.02, 26702
0.02, 26658
0.02, 26316
0.03, 26198
0.03, 25650
0.03, 25410
0.03, 25142
0.03, 24846
0.04, 24534
0.04, 24508
0.04, 23124
0.04, 22946
0.04, 22729
0.04, 22343
0.05, 22276
0.05, 22099
0.05, 21446
0.05, 20981
0.05, 20812
0.05, 20719
0.05, 20608
0.05, 19754
0.06, 18760
0.06, 18280
0.06, 18192
0.06, 17991
0.06, 17876
0.07, 17778
0.07, 17015
0.07, 16728
0.07, 16685
0.07, 16214
0.07, 16109
0.08, 15999
0.08, 15944
0.08, 15114
0.08, 14965
0.08, 14433
0.09, 14311
0.09, 14095
0.09, 13414
0.09, 13143
0.10, 12856
0.10, 12776
0.10, 12751
0.10, 12456
0.10, 12254
0.11, 12209
0.11, 12204
0.11, 11865
0.11, 11824
0.11, 11812
0.11, 11777
0.12, 11739
0.12, 11632
0.12, 11620
0.13, 11607
0.13, 11600
0.13, 11584
0.13, 11018
0.13, 10902
0.14, 10877
0.14, 10869
0.14, 10845
0.14, 10816
0.15, 10752
0.15, 10682
0.15, 10545
0.15, 10521
0.15, 10278
0.16, 9760
0.17, 9619
0.17, 9476
0.17, 9467
0.17, 9434
0.19, 9355
0.19, 9226
0.20, 9190
0.20, 9187
0.20, 9147
0.21, 9118
0.21, 9112
0.21, 9064
0.22, 9053
0.22, 9044
0.22, 9043
0.24, 9002
0.25, 8963
0.27, 8843
0.28, 8839
0.34, 8798
0.44, 8771
0.48, 8764
0.60, 8729
0.85, 8723
1.32, 8719
1.33, 8716
1.37, 8701
1.62, 8573
