0.01, 27634
0.01, 26296
0.01, 26141
0.01, 25114
0.02, 25083
0.02, 25078
0.02, 24869
0.02, 24660
0.03, 24594
0.03, 24287
0.03, 24285
0.03, 24160
0.03, 23377
0.03, 23289
0.03, 22764
0.03, 22379
0.04, 22016
0.04, 21995
0.04, 21571
0.04, 20344
0.04, 20224
0.04, 20094
0.04, 19121
0.05, 19001
0.05, 18662
0.05, 18634
0.05, 18547
0.05, 18284
0.06, 18272
0.06, 18213
0.06, 17961
0.06, 17831
0.06, 17610
0.06, 17433
0.07, 17330
0.07, 16785
0.07, 16766
0.07, 16628
0.07, 16622
0.07, 16479
0.08, 16272
0.08, 15565
0.08, 15506
0.08, 15502
0.08, 15353
0.09, 15323
0.09, 15282
0.09, 15197
0.09, 15058
0.09, 15049
0.10, 14949
0.10, 14946
0.10, 14576
0.10, 14507
0.10, 14407
0.10, 14232
0.11, 14221
0.11, 13986
0.11, 13896
0.11, 13536
0.11, 13304
0.12, 13186
0.12, 13183
0.12, 13105
0.12, 13052
0.12, 12802
0.12, 12718
0.13, 12639
0.13, 12411
0.13, 12331
0.13, 12144
0.13, 11817
0.14, 11811
0.14, 11722
0.14, 11613
0.14, 11580
0.14, 11539
0.14, 11370
0.15, 11301
0.15, 11171
0.15, 11158
0.15, 10973
0.15, 10902
0.15, 10900
0.15, 10838
0.16, 10784
0.16, 10731
0.16, 10646
0.16, 10638
0.16, 10543
0.16, 10451
0.17, 10431
0.17, 10313
0.18, 10278
0.19, 10273
0.20, 10228
0.20, 10151
0.21, 10104
0.21, 10084
0.22, 10058
0.23, 9996
0.23, 9892
0.28, 9781
0.31, 9777
0.33, 9685
0.34, 9661
0.36, 9655
0.38, 9592
0.40, 9584
0.42, 9561
0.43, 9499
0.43, 9449
0.44, 9378
0.44, 9357
0.44, 9331
0.45, 9320
0.50, 9300
0.52, 9263
0.57, 9251
0.61, 9235
0.62, 9229
0.67, 9214
0.70, 9200
0.70, 9189
0.71, 9158
0.80, 9156
0.85, 8930
0.85, 8901
0.97, 8818
1.02, 8507
1.02, 8495
1.12, 8490
1.33, 8360
1.51, 8356
1.98, 8350
2.08, 8343
2.18, 8333
2.40, 8256
