0.01, 29011
0.01, 28370
0.01, 27751
0.01, 27574
0.01, 27271
0.01, 26913
0.02, 25928
0.02, 25884
0.02, 25862
0.02, 25285
0.02, 24812
0.02, 24560
0.03, 24291
0.03, 23818
0.03, 23440
0.04, 22826
0.04, 22355
0.04, 22246
0.04, 22207
0.04, 21976
0.04, 21921
0.04, 21446
0.05, 21345
0.05, 21005
0.05, 20933
0.05, 20917
0.05, 20861
0.05, 20830
0.05, 19782
0.05, 19749
0.05, 19730
0.06, 19527
0.06, 19440
0.06, 19416
0.06, 19024
0.06, 18986
0.06, 18883
0.06, 18754
0.07, 18742
0.07, 18533
0.07, 18470
0.07, 18240
0.07, 17681
0.07, 17320
0.07, 17299
0.07, 17296
0.08, 16871
0.08, 16536
0.08, 16523
0.08, 16291
0.08, 15702
0.09, 15522
0.09, 15155
0.09, 15105
0.09, 14970
0.09, 14903
0.09, 14883
0.10, 14632
0.10, 14565
0.10, 14496
0.10, 14485
0.10, 14305
0.11, 14037
0.11, 13954
0.11, 13896
0.11, 13798
0.11, 13777
0.12, 13738
0.12, 13702
0.12, 13559
0.12, 13520
0.12, 13081
0.13, 13016
0.13, 13007
0.13, 12876
0.13, 12821
0.13, 12787
0.13, 12769
0.13, 12409
0.13, 12352
0.13, 11796
0.14, 11602
0.14, 11376
0.14, 11371
0.14, 11340
0.14, 11160
0.14, 11046
0.14, 11031
0.14, 11021
0.15, 10708
0.15, 10611
0.15, 10521
0.15, 10461
0.15, 10448
0.15, 10276
0.16, 10004
0.16, 9941
0.16, 9930
0.16, 9702
0.16, 9585
0.17, 9474
0.19, 9419
0.21, 9358
0.25, 9326
0.25, 9165
0.27, 9107
0.30, 9106
0.31, 9097
0.37, 9020
0.38, 9007
0.45, 8999
0.58, 8992
0.61, 8985
0.76, 8960
1.00, 8953
1.41, 8903
1.50, 8872
1.65, 8793
1.65, 8779
1.72, 8752
