0.01, 29537
0.03, 29324
0.03, 29310
0.03, 28781
0.03, 28127
0.03, 28061
0.03, 27715
0.03, 25905
0.04, 25442
0.04, 25095
0.04, 25012
0.04, 24942
0.04, 24883
0.04, 24494
0.05, 23721
0.05, 23479
0.05, 23408
0.05, 23082
0.06, 22571
0.06, 22451
0.06, 22214
0.06, 21240
0.06, 21205
0.06, 20641
0.06, 20546
0.06, 20534
0.06, 20399
0.07, 19846
0.07, 19616
0.07, 19356
0.07, 18999
0.07, 18824
0.07, 18246
0.07, 18066
0.08, 17866
0.08, 17820
0.08, 17222
0.08, 17084
0.08, 16855
0.09, 16584
0.09, 16001
0.09, 15972
0.09, 15810
0.10, 15781
0.10, 15780
0.10, 15652
0.10, 15558
0.10, 15259
0.11, 15187
0.11, 14637
0.11, 14507
0.11, 14378
0.11, 14295
0.12, 14217
0.12, 14188
0.12, 13924
0.12, 13724
0.12, 13588
0.12, 13461
0.12, 13459
0.13, 13371
0.13, 13286
0.13, 13158
0.13, 13137
0.13, 13119
0.13, 13094
0.13, 12913
0.14, 12881
0.14, 12761
0.14, 12647
0.14, 12604
0.14, 12324
0.15, 12272
0.15, 12056
0.15, 12046
0.15, 11969
0.16, 11880
0.16, 11643
0.16, 11597
0.16, 11206
0.16, 11115
0.17, 11097
0.17, 10904
0.17, 10542
0.18, 10209
0.18, 10074
0.18, 9998
0.18, 9926
0.19, 9925
0.19, 9471
0.19, 9421
0.21, 9270
0.23, 9195
0.25, 9190
0.27, 9173
0.28, 9149
0.30, 9124
0.36, 9121
0.37, 9091
0.38, 8871
0.40, 8813
0.42, 8806
0.43, 8689
0.49, 8513
1.24, 8477
1.39, 8406
1.52, 8387
1.72, 8372
