0.01, 28910
0.01, 27143
0.01, 26577
0.01, 26377
0.02, 25930
0.02, 25841
0.02, 25744
0.03, 24847
0.03, 23733
0.03, 23409
0.03, 23255
0.03, 22635
0.04, 22591
0.04, 21667
0.04, 20880
0.04, 20645
0.05, 20485
0.05, 20378
0.05, 20355
0.05, 20244
0.05, 20046
0.05, 19923
0.05, 19809
0.06, 19769
0.06, 19701
0.06, 19537
0.06, 19433
0.06, 19390
0.06, 19265
0.07, 19208
0.07, 18856
0.07, 18628
0.07, 18478
0.08, 18098
0.08, 17612
0.08, 17609
0.08, 17522
0.08, 17208
0.09, 16932
0.09, 16927
0.09, 16897
0.09, 16821
0.10, 16321
0.10, 16221
0.10, 16007
0.10, 15972
0.10, 15848
0.11, 15639
0.11, 15565
0.11, 15534
0.11, 15483
0.11, 15481
0.11, 15468
0.11, 15354
0.12, 15139
0.12, 14078
0.12, 13951
0.12, 13656
0.12, 13589
0.12, 13521
0.12, 12976
0.12, 12951
0.13, 12870
0.13, 12691
0.13, 12535
0.13, 12497
0.13, 12448
0.13, 12402
0.14, 12205
0.14, 12195
0.14, 12005
0.14, 11828
0.14, 11556
0.15, 11529
0.15, 11474
0.15, 11324
0.15, 11253
0.16, 11158
0.16, 11156
0.16, 11112
0.16, 10878
0.16, 10857
0.16, 10793
0.16, 10719
0.16, 10687
0.17, 10599
0.17, 10526
0.17, 10510
0.17, 10426
0.17, 10410
0.17, 10223
0.17, 10078
0.18, 10062
0.18, 10049
0.18, 10035
0.18, 9924
0.18, 9712
0.19, 9570
0.20, 9459
0.20, 9391
0.22, 9378
0.22, 9301
0.23, 9239
0.23, 9160
0.23, 9133
0.24, 9119
0.24, 9062
0.36, 9000
0.37, 8986
0.38, 8985
0.46, 8958
0.54, 8735
0.58, 8703
0.64, 8685
0.73, 8670
0.88, 8650
1.01, 8648
1.08, 8642
1.30, 8614
1.31, 8562
1.42, 8503
1.46, 8475
1.93, 8474
1.95, 8471
2.04, 8416
2.07, 8399
2.21, 8379
2.28, 8348
2.55, 8320
