0.01, 30515
0.01, 30069
0.01, 29424
0.01, 29396
0.01, 28148
0.01, 27222
0.01, 25738
0.01, 24848
0.01, 24027
0.02, 24024
0.02, 23926
0.03, 23754
0.03, 22165
0.03, 22085
0.03, 22011
0.03, 21546
0.03, 21521
0.04, 21397
0.04, 21254
0.04, 20685
0.04, 20437
0.04, 19087
0.04, 19010
0.04, 18401
0.05, 18330
0.05, 17726
0.05, 17641
0.05, 16924
0.05, 16848
0.05, 16778
0.05, 16600
0.06, 16199
0.06, 16122
0.06, 15859
0.06, 15779
0.06, 15600
0.06, 15316
0.07, 15274
0.07, 15244
0.07, 13898
0.07, 13814
0.07, 13315
0.07, 13134
0.08, 13032
0.08, 12913
0.08, 12631
0.08, 12514
0.08, 12297
0.09, 12284
0.09, 12215
0.09, 12195
0.09, 12192
0.09, 12173
0.09, 12148
0.09, 11871
0.10, 11836
0.10, 11795
0.10, 11791
0.10, 11749
0.10, 11661
0.10, 11596
0.11, 11171
0.11, 11001
0.11, 10771
0.11, 10671
0.11, 10629
0.11, 10571
0.12, 10512
0.12, 10168
0.12, 10154
0.12, 9951
0.12, 9898
0.12, 9897
0.13, 9863
0.13, 9633
0.13, 9595
0.14, 9519
0.14, 9473
0.15, 9291
0.15, 9103
0.26, 9095
0.26, 9091
0.27, 9085
0.27, 9072
0.28, 9033
0.33, 9030
0.35, 9029
0.37, 8885
0.38, 8864
0.40, 8808
0.45, 8795
0.63, 8777
0.69, 8773
0.71, 8734
0.75, 8670
0.79, 8615
0.92, 8565
1.05, 8258
1.86, 8249
2.46, 8248
