0.01, 58951
0.06, 58843
0.12, 58818
0.12, 58434
0.29, 57667
0.50, 57393
0.50, 57299
0.61, 57246
0.62, 56727
0.65, 56509
0.65, 56478
0.65, 56453
0.65, 56422
0.66, 56235
0.66, 56204
0.67, 55857
0.67, 55826
0.68, 55735
0.68, 55704
0.76, 55665
0.76, 55634
0.80, 55615
0.85, 55573
0.85, 55561
0.86, 55183
0.88, 55061
0.97, 54954
3.78, 54496
3.78, 54389
3.79, 54375
6.70, 54353
6.70, 54246
6.70, 54232
13.80, 53988
13.80, 53881
13.81, 53845
13.81, 53738
13.81, 53724
14.06, 53719
26.50, 53656
26.50, 53549
26.50, 53535
26.72, 53530
112.10, 53497
112.10, 53390
112.10, 53376
112.27, 53371
113.62, 53308
113.62, 53201
113.62, 53187
113.77, 53182
201.22, 53110
201.24, 53096
244.73, 53061
244.75, 53047
1227.46, 52979
1227.49, 52965
2397.40, 52834
2399.86, 52643
