4.36, 807755
6.21, 806830
8.63, 806137
10.77, 806090
12.81, 804317
15.37, 804079
17.44, 803766
19.35, 803591
21.87, 803528
23.71, 798171
25.76, 798002
28.69, 795222
30.80, 794853
32.96, 794079
34.91, 794073
36.59, 794060
39.98, 793873
41.63, 793842
46.62, 793171
48.67, 793107
50.97, 792846
53.01, 792617
55.12, 789201
56.71, 786811
58.25, 786195
60.80, 786154
65.39, 785931
67.85, 783354
70.27, 780638
72.36, 778567
74.18, 778358
76.14, 777102
78.96, 775717
83.23, 775551
84.81, 775522
86.69, 775006
88.30, 774168
90.03, 774078
91.73, 773943
93.33, 772549
94.98, 772457
98.14, 771623
100.15, 771539
103.22, 771024
105.84, 770563
107.53, 769841
109.40, 769351
112.29, 769199
114.03, 768670
115.90, 768452
117.75, 768435
119.27, 767467
122.74, 766568
128.07, 764468
131.06, 763835
133.37, 763423
135.63, 761731
153.76, 761211
155.34, 760054
156.82, 759663
162.32, 758127
163.90, 756393
165.62, 756226
172.03, 755437
176.29, 753701
181.97, 753192
192.57, 752838
203.42, 752776
212.42, 752663
215.13, 752445
220.03, 752274
223.22, 752075
225.77, 750170
242.37, 749436
245.43, 748769
246.61, 747827
247.79, 747764
250.94, 747698
252.76, 747564
255.65, 747168
264.93, 746613
287.03, 746339
294.04, 746270
297.73, 746186
302.17, 746091
307.88, 745909
313.32, 745724
315.49, 744042
319.48, 743760
325.41, 743738
328.29, 742627
340.28, 742253
343.00, 738884
347.77, 738589
353.91, 738533
364.43, 736756
365.15, 736490
368.33, 736301
375.48, 736203
380.11, 735692
396.54, 734881
410.94, 734794
415.05, 734619
417.62, 734457
430.76, 733715
431.74, 731147
432.70, 730755
433.89, 729951
445.47, 729306
451.20, 729189
463.62, 728885
472.47, 728747
482.37, 721578
501.06, 718719
515.91, 718527
558.30, 716644
563.71, 716490
566.47, 715423
576.65, 715347
584.03, 715140
