0.02, 6832231
0.04, 6799620
0.06, 6724280
0.06, 6673647
0.07, 6664949
0.07, 6634030
0.08, 6588983
0.09, 6508354
0.09, 6473190
0.10, 6394807
0.11, 6300910
0.12, 6293566
0.12, 6274985
0.13, 6269537
0.15, 6236316
0.15, 6196163
0.16, 6192381
0.17, 6152174
0.18, 6139664
0.18, 6128578
0.19, 6061808
0.20, 6041865
0.21, 5995778
0.23, 5940902
0.24, 5936159
0.25, 5922524
0.26, 5892406
0.27, 5859690
0.28, 5853134
0.28, 5852716
0.29, 5852180
0.30, 5815609
0.30, 5803450
0.31, 5758292
0.31, 5609661
0.32, 5576015
0.32, 5573757
0.33, 5571118
0.33, 5563725
0.34, 5555172
0.34, 5535537
0.35, 5499700
0.35, 5486164
0.37, 5448757
0.37, 5365604
0.38, 5339204
0.38, 5336713
0.39, 5310912
0.39, 5240401
0.41, 5235772
0.41, 5225613
0.42, 5211559
0.43, 5199555
0.43, 5196775
0.44, 5158804
0.45, 5142013
0.47, 5114369
0.50, 5112384
0.51, 5055815
0.55, 5039858
0.55, 5036145
0.56, 5016739
0.58, 5009520
0.58, 4989974
0.59, 4971336
0.61, 4966056
0.61, 4949077
0.62, 4905443
0.62, 4889894
0.63, 4882223
0.63, 4872507
0.64, 4858819
0.64, 4852308
0.65, 4849804
0.66, 4845412
0.67, 4843730
0.67, 4836426
0.68, 4798265
0.69, 4796424
0.70, 4783891
0.72, 4763487
0.73, 4760966
0.74, 4759044
0.75, 4757288
0.76, 4744246
0.76, 4741075
0.77, 4738273
0.78, 4684899
0.79, 4683996
0.80, 4651054
0.81, 4633423
0.82, 4614811
0.84, 4587846
0.85, 4571212
0.87, 4543832
0.87, 4542852
0.90, 4531481
0.90, 4484285
0.91, 4478915
0.93, 4433469
0.94, 4395896
0.95, 4392002
0.96, 4388371
0.96, 4381024
0.97, 4363859
0.97, 4347054
0.98, 4346691
0.98, 4337347
0.99, 4327700
1.01, 4322204
1.02, 4279328
1.02, 4272952
1.03, 4270429
1.03, 4229838
1.04, 4225133
1.06, 4200092
1.07, 4197920
1.08, 4190995
1.08, 4176152
1.09, 4161926
1.12, 4154073
1.13, 4152570
1.16, 4129873
1.17, 4119836
1.18, 4106948
1.18, 4100458
1.19, 4082848
1.20, 4047597
1.23, 4043371
1.24, 4002176
1.25, 4000458
1.26, 3984190
1.26, 3980671
1.27, 3974579
1.33, 3969007
1.35, 3967181
1.35, 3950558
1.36, 3947665
1.36, 3927649
1.37, 3916690
1.39, 3902006
1.40, 3896364
1.41, 3879167
1.41, 3872776
1.42, 3863652
1.43, 3848209
1.43, 3845572
1.44, 3845520
1.44, 3841229
1.46, 3841091
1.46, 3819875
1.48, 3792864
1.48, 3791451
1.51, 3780525
1.52, 3765378
1.52, 3760188
1.53, 3752631
1.53, 3747883
1.55, 3719642
1.56, 3715255
1.60, 3714852
1.61, 3711574
1.62, 3709176
1.63, 3670677
1.65, 3666499
1.67, 3655257
1.68, 3652484
1.74, 3645177
1.74, 3643959
1.75, 3629981
1.77, 3623716
1.80, 3620421
1.81, 3619525
1.82, 3589259
1.83, 3582567
1.84, 3483900
1.87, 3463296
1.88, 3456819
1.89, 3452282
1.91, 3433136
2.01, 3423131
2.02, 3418644
2.06, 3379068
2.07, 3359705
2.10, 3358976
2.11, 3355880
2.15, 3343774
2.21, 3326397
2.24, 3319245
2.29, 3314968
2.33, 3306062
2.35, 3300012
2.38, 3286679
2.40, 3282427
2.41, 3282036
2.43, 3274342
2.50, 3270686
2.51, 3245218
2.51, 3232989
2.54, 3231237
2.56, 3224685
2.56, 3216036
2.62, 3200915
2.64, 3189743
2.68, 3189562
2.68, 3185948
2.72, 3183568
2.74, 3178444
2.78, 3171914
2.79, 3156380
2.79, 3155731
2.82, 3150223
2.92, 3134489
2.94, 3114900
2.95, 3108075
2.96, 3105140
2.99, 3095681
3.01, 3073649
3.06, 3073576
3.07, 3073020
3.11, 3066221
3.14, 3065317
3.15, 3063729
3.19, 3057622
3.21, 3057539
3.21, 3053591
3.25, 3035068
3.27, 3034880
3.29, 3031152
3.32, 3029751
3.34, 3015245
3.36, 3013761
3.37, 3013256
3.38, 3012204
3.43, 3011843
3.44, 3009132
3.46, 3007149
3.47, 3000950
3.48, 2994939
3.52, 2985676
3.53, 2981581
3.55, 2979507
3.56, 2977860
3.57, 2977506
3.61, 2975526
3.66, 2968065
3.70, 2938171
3.75, 2930203
3.78, 2928028
3.79, 2925068
3.80, 2923584
3.81, 2922779
3.83, 2917734
3.84, 2914359
3.85, 2914347
3.88, 2910186
3.89, 2907243
3.90, 2904777
3.91, 2903214
3.94, 2902175
3.95, 2894468
4.09, 2834214
4.11, 2826562
4.14, 2796491
4.21, 2794631
4.24, 2741159
4.29, 2732664
4.30, 2721594
4.31, 2720077
4.33, 2711508
4.35, 2707124
4.45, 2706141
4.46, 2702470
4.47, 2681798
4.49, 2677958
4.50, 2676467
4.52, 2674886
4.54, 2670788
4.57, 2663698
4.59, 2650786
4.60, 2639892
4.61, 2623163
4.66, 2621286
4.67, 2619939
4.71, 2619846
4.72, 2619106
4.74, 2617840
4.76, 2615043
4.85, 2613794
4.87, 2595765
4.88, 2594924
4.89, 2591904
4.97, 2587356
4.99, 2584218
5.00, 2584168
5.03, 2582864
5.08, 2561094
5.13, 2543428
5.21, 2540384
5.26, 2535149
5.27, 2528479
5.28, 2526936
5.32, 2526067
5.35, 2524567
5.37, 2517832
5.41, 2504472
5.46, 2500461
5.48, 2488460
5.54, 2485087
5.59, 2479894
5.60, 2476474
5.61, 2472429
5.63, 2472356
5.63, 2467432
5.65, 2461393
5.77, 2460415
5.78, 2459067
5.84, 2441990
5.85, 2441397
5.92, 2441034
5.95, 2440543
6.08, 2423836
6.09, 2422014
6.12, 2415150
6.21, 2413007
6.23, 2409189
6.29, 2382681
6.30, 2358908
6.30, 2354689
6.31, 2351325
6.32, 2349260
6.35, 2346251
6.35, 2345494
6.36, 2344831
6.40, 2341337
6.46, 2339227
6.53, 2335139
6.57, 2323941
6.58, 2322139
6.64, 2311964
6.68, 2307168
6.78, 2291775
6.87, 2285742
6.89, 2285624
6.91, 2263512
6.92, 2254759
7.00, 2250490
7.15, 2240043
7.18, 2239013
7.31, 2237721
7.37, 2237166
7.39, 2228381
7.43, 2225968
7.45, 2220059
7.48, 2220055
7.55, 2208168
7.65, 2199116
7.72, 2183840
7.76, 2181760
7.84, 2179964
7.97, 2161841
8.04, 2151509
8.10, 2150491
8.16, 2150279
8.17, 2137931
8.19, 2123290
8.39, 2111943
8.47, 2105018
8.50, 2091793
8.51, 2085815
8.52, 2074201
8.58, 2068055
8.62, 2062521
8.65, 2061923
8.67, 2054024
8.76, 2053223
8.81, 2042292
8.84, 2034981
8.94, 2033182
9.04, 2025474
9.10, 2019216
9.13, 2012431
9.13, 2011249
9.16, 2010248
9.18, 2009043
9.23, 2007932
9.25, 2006790
9.27, 2004631
9.39, 1994635
9.46, 1994410
9.52, 1990985
9.62, 1989435
9.70, 1978499
9.79, 1978493
9.81, 1971526
9.89, 1949702
9.98, 1945953
10.03, 1945692
10.04, 1945279
10.21, 1943748
10.23, 1943219
10.27, 1940138
10.28, 1934850
10.29, 1929635
10.33, 1927765
10.56, 1925624
10.71, 1921968
10.81, 1919847
10.82, 1915368
10.82, 1912520
10.90, 1907516
10.93, 1903463
10.94, 1900499
11.06, 1871393
11.07, 1860493
11.16, 1858505
11.19, 1857150
11.43, 1856734
11.57, 1855652
11.77, 1848950
11.81, 1847011
11.82, 1844803
11.85, 1844604
11.91, 1842893
11.93, 1833563
11.95, 1829022
12.00, 1828016
12.21, 1826519
12.53, 1824518
12.62, 1822915
12.70, 1822798
12.85, 1820842
13.06, 1817936
13.16, 1816020
13.21, 1813627
13.36, 1811129
13.42, 1810841
13.48, 1764212
13.62, 1762612
13.64, 1757491
13.97, 1756753
14.03, 1754582
14.04, 1754269
14.05, 1744549
14.16, 1743409
14.28, 1739526
14.31, 1739124
14.44, 1738558
14.48, 1727665
14.52, 1722356
14.57, 1721280
14.71, 1720854
14.84, 1717249
14.86, 1707929
14.96, 1701922
14.96, 1699269
15.22, 1683716
15.41, 1667508
15.49, 1667153
15.57, 1666018
15.58, 1664600
15.71, 1641916
15.72, 1636047
15.76, 1633502
15.78, 1624086
15.83, 1620843
15.91, 1615200
15.93, 1614824
16.07, 1612700
16.24, 1612450
16.28, 1611329
16.29, 1609908
16.31, 1596051
16.34, 1594019
16.48, 1593948
16.54, 1584801
16.62, 1584717
16.69, 1584050
16.72, 1575826
16.88, 1574444
16.94, 1573807
17.05, 1572647
17.18, 1572259
17.25, 1572257
17.34, 1570472
17.35, 1561031
17.53, 1555400
17.57, 1553899
17.61, 1545324
17.66, 1544962
17.68, 1544133
17.70, 1527248
17.73, 1516116
17.85, 1511951
17.94, 1511414
18.00, 1501550
18.10, 1500975
18.33, 1497148
18.47, 1493586
18.51, 1492408
18.66, 1488872
18.73, 1486686
18.81, 1482293
18.86, 1467898
18.87, 1464776
18.90, 1460728
18.91, 1460053
19.20, 1459086
19.36, 1456978
19.70, 1456777
19.77, 1456416
19.82, 1455655
19.85, 1448610
19.95, 1446755
20.07, 1440244
20.18, 1437733
20.37, 1436317
20.39, 1433970
20.50, 1431895
20.56, 1431572
20.63, 1429799
20.83, 1429261
21.11, 1428134
21.26, 1427163
21.28, 1427069
21.53, 1426315
21.61, 1423705
21.85, 1423568
21.87, 1419692
21.90, 1414983
22.39, 1414504
22.95, 1412577
22.99, 1409460
23.00, 1407585
23.35, 1405772
23.41, 1405349
23.55, 1405067
23.57, 1404846
23.72, 1404812
23.75, 1393008
23.82, 1387361
23.83, 1386673
23.97, 1386098
23.98, 1385005
24.05, 1380820
24.37, 1379307
24.58, 1378980
24.79, 1378570
25.10, 1375200
25.43, 1373686
25.85, 1371476
26.10, 1371031
26.12, 1369278
26.35, 1367406
26.50, 1367404
26.97, 1365509
27.28, 1364274
27.58, 1364222
27.61, 1362318
27.64, 1361076
27.65, 1359841
28.02, 1347269
28.06, 1336625
28.78, 1335252
28.80, 1334327
28.89, 1334136
29.25, 1333523
29.28, 1330859
29.53, 1329927
30.24, 1329636
30.33, 1329367
30.55, 1327741
30.95, 1327437
30.99, 1326463
31.15, 1322494
31.22, 1322234
31.31, 1320002
31.58, 1310484
31.63, 1309488
31.82, 1308050
31.98, 1307058
32.12, 1306963
32.32, 1306717
32.56, 1303716
32.61, 1301257
32.68, 1301060
32.83, 1300504
32.92, 1295908
33.03, 1294088
33.28, 1293765
33.46, 1290937
33.56, 1278895
34.28, 1276673
35.58, 1275291
35.63, 1273706
35.74, 1273604
35.75, 1273373
36.06, 1273092
36.18, 1272431
36.50, 1271671
36.80, 1267960
36.86, 1267388
36.99, 1267043
37.22, 1264836
37.44, 1263852
37.61, 1262366
37.61, 1257079
37.70, 1255272
37.73, 1254448
37.80, 1254190
38.18, 1253962
38.83, 1252929
38.88, 1252566
39.02, 1247542
39.25, 1247215
39.28, 1241029
40.06, 1234908
40.22, 1232614
40.41, 1232311
40.48, 1231734
40.84, 1231427
41.98, 1230992
42.16, 1224200
42.73, 1223748
43.06, 1222499
43.45, 1221586
43.75, 1217748
43.95, 1216185
44.37, 1216120
44.57, 1216016
44.60, 1215118
45.04, 1209332
45.15, 1209038
45.60, 1208620
45.72, 1208617
46.16, 1206889
46.28, 1205752
46.82, 1205559
46.84, 1205399
47.05, 1205021
47.16, 1203562
47.29, 1202011
47.45, 1200794
47.47, 1196783
47.57, 1196273
47.65, 1196123
47.93, 1192921
48.54, 1192545
48.80, 1165291
48.87, 1163576
49.61, 1162830
49.68, 1158595
50.24, 1157879
50.24, 1156470
50.46, 1154451
50.72, 1152206
51.05, 1151770
51.18, 1151665
52.06, 1149760
52.90, 1149639
53.99, 1144312
54.38, 1139245
54.46, 1139019
54.57, 1138354
55.27, 1132745
55.98, 1120406
57.01, 1120368
57.45, 1116938
57.52, 1116080
57.61, 1114817
57.65, 1114257
57.70, 1112808
57.75, 1111007
57.94, 1108927
58.17, 1108922
58.67, 1090994
58.72, 1089770
59.24, 1089607
59.28, 1089524
59.63, 1089444
59.66, 1089101
59.76, 1084890
60.02, 1081167
60.22, 1079346
61.08, 1074340
61.14, 1073233
61.51, 1072373
61.60, 1069673
61.89, 1069037
61.93, 1068484
63.12, 1068049
63.36, 1067961
63.41, 1067951
64.05, 1064240
64.26, 1062603
64.43, 1061351
65.47, 1060482
65.54, 1057895
66.40, 1056526
67.17, 1055457
68.72, 1053314
70.93, 1050907
71.75, 1049671
73.93, 1047296
74.08, 1044584
74.94, 1042970
75.65, 1042857
77.49, 1042031
78.56, 1041484
79.54, 1040708
80.87, 1039339
81.01, 1027575
81.59, 1025991
82.34, 1024014
82.76, 1023009
83.06, 1006946
83.31, 996649
83.55, 994547
83.71, 994249
87.06, 989781
87.26, 979100
89.87, 975623
91.78, 974887
92.76, 974564
94.71, 974376
95.22, 973744
96.04, 973728
96.30, 973385
96.31, 969031
98.92, 955972
99.10, 955312
99.13, 953770
99.42, 951074
99.54, 948988
100.45, 948808
100.62, 947441
101.07, 945055
101.70, 944162
103.87, 942059
105.61, 939328
106.13, 938279
106.50, 937260
107.51, 934235
108.17, 934188
110.78, 932530
110.82, 930911
110.99, 929886
111.49, 929641
111.97, 928529
112.39, 924876
112.76, 924609
113.15, 923047
113.64, 923041
113.71, 922022
114.09, 921208
115.64, 917946
115.71, 917463
116.76, 916662
116.77, 916603
116.82, 916129
116.95, 914229
117.15, 913764
117.95, 911229
118.82, 908831
119.25, 907811
120.68, 907536
121.12, 906881
121.47, 902457
122.60, 901970
122.68, 901703
122.73, 901472
123.28, 901435
127.22, 900679
127.88, 899835
128.80, 898959
129.68, 898929
130.29, 898625
130.52, 898014
131.65, 893768
132.01, 893670
132.66, 893561
134.13, 892958
134.83, 892318
137.70, 892215
139.59, 891387
140.29, 891292
140.48, 890173
140.67, 888347
143.14, 887342
143.99, 887331
144.65, 886734
145.35, 886503
146.42, 886248
147.39, 884884
147.79, 884639
147.90, 884176
148.83, 883503
148.85, 882764
151.79, 881954
153.80, 881491
154.82, 880299
155.10, 877193
155.51, 876662
155.62, 870914
155.82, 870745
157.21, 868742
157.26, 867909
158.95, 863744
159.13, 863616
160.15, 862351
161.46, 859589
162.33, 857761
163.91, 857200
166.13, 854309
168.76, 852083
170.80, 851574
170.87, 848394
171.36, 848081
171.69, 842500
173.06, 841905
175.53, 841410
177.37, 839105
181.19, 838271
181.97, 838252
182.10, 834460
182.11, 832827
182.29, 832312
184.04, 832111
190.33, 831605
190.85, 830922
191.46, 830903
192.86, 829416
195.69, 828878
196.30, 828873
201.08, 828224
201.90, 828202
201.95, 827452
202.27, 827284
203.91, 826955
204.88, 826666
205.48, 825085
205.62, 824969
206.99, 823771
207.19, 822184
208.06, 818073
215.62, 817296
220.53, 817015
221.80, 816963
221.88, 816379
222.13, 816039
223.77, 815861
223.98, 815724
225.97, 813423
226.12, 812866
226.67, 806981
226.70, 805618
227.32, 802760
228.03, 802625
232.12, 802599
238.71, 801716
242.27, 800317
243.54, 799055
244.12, 799035
245.48, 796851
245.90, 795390
246.79, 794459
247.07, 794183
247.44, 793786
247.57, 792173
247.78, 792159
248.52, 789035
249.13, 788827
250.65, 788730
261.92, 788582
264.92, 784682
265.99, 784303
268.97, 781818
269.64, 781396
275.42, 780777
283.80, 780195
284.12, 778175
285.65, 777640
286.91, 777249
291.58, 777175
296.29, 776870
298.89, 776531
302.27, 776188
302.33, 776074
305.10, 776044
306.87, 775061
311.45, 774926
321.45, 774884
322.33, 774424
326.80, 771457
328.41, 771007
328.93, 770443
330.16, 770415
330.60, 770304
338.48, 768800
338.64, 767571
341.71, 765226
341.97, 763963
353.18, 763954
357.22, 763205
358.98, 763191
363.70, 762842
371.46, 762013
373.87, 761521
376.44, 761373
380.28, 761044
382.62, 761032
383.50, 760515
389.36, 759564
390.93, 759516
395.92, 759083
409.11, 758882
409.41, 756645
419.95, 756385
422.07, 747271
430.68, 747132
451.69, 746374
452.59, 745886
453.95, 745812
471.54, 745083
478.86, 744862
479.66, 744555
480.85, 744027
491.66, 743774
497.80, 743571
507.21, 743191
509.95, 743177
529.86, 743173
543.68, 742980
566.70, 741162
575.84, 741158
595.19, 740599
