0.00, 26248
0.02, 26209
0.02, 25024
0.02, 24651
0.03, 24374
0.03, 24300
0.03, 23966
0.03, 23293
0.03, 23114
0.03, 22985
0.03, 22823
0.03, 22539
0.05, 22418
0.05, 22296
0.05, 21488
0.05, 21458
0.05, 20985
0.05, 20383
0.05, 20049
0.06, 19906
0.06, 19667
0.06, 19200
0.06, 18985
0.08, 18803
0.08, 18365
0.09, 18340
0.11, 18335
0.13, 18316
0.13, 18003
0.14, 17555
0.14, 16944
0.16, 16815
0.16, 16770
0.17, 16628
0.17, 16587
0.19, 16521
0.21, 16410
0.23, 16395
0.23, 16314
0.24, 16164
0.24, 15995
0.24, 15938
0.25, 15831
0.25, 15815
0.25, 15532
0.25, 15460
0.25, 15309
0.25, 15291
0.25, 15267
0.25, 14745
0.27, 14674
0.28, 14667
0.28, 14366
0.28, 14349
0.30, 14345
0.32, 14306
0.32, 14133
0.33, 14124
0.33, 14113
0.33, 14058
0.35, 14056
0.35, 13873
0.35, 13629
0.35, 13557
0.36, 13380
0.39, 13277
0.39, 13014
0.41, 12945
0.47, 12906
0.47, 12886
0.47, 12823
0.55, 12576
0.55, 12507
0.60, 12281
0.61, 12275
0.63, 12253
0.64, 12167
0.66, 12164
0.66, 12022
0.67, 11902
0.67, 11887
0.71, 11832
0.72, 11655
0.78, 11635
0.80, 11593
0.83, 11577
0.83, 11570
0.85, 11324
0.85, 11224
0.86, 11061
0.86, 11052
0.86, 11044
0.86, 11039
0.88, 10848
1.05, 10837
1.07, 10788
1.10, 10733
1.14, 10521
1.23, 10358
1.25, 10351
1.25, 10080
1.64, 9891
1.66, 9879
1.66, 9877
1.66, 9821
1.75, 9818
1.80, 9809
2.35, 9790
2.65, 9767
2.71, 9764
2.71, 9746
2.93, 9702
3.22, 9549
3.47, 9545
3.52, 9529
3.53, 9508
3.60, 9479
3.66, 9446
3.74, 9445
3.78, 9403
3.83, 9392
3.88, 9356
4.00, 9166
4.30, 9164
4.53, 9122
4.73, 9115
5.22, 9111
5.58, 8947
5.69, 8942
6.30, 8898
6.44, 8871
7.14, 8821
8.18, 8791
8.23, 8771
8.26, 8679
8.37, 8666
8.65, 8595
9.25, 8529
9.28, 8379
19.31, 8378
19.34, 8375
20.61, 8351
20.65, 8336
26.96, 8335
27.11, 8287
27.53, 8285
65.41, 8148
65.42, 8025
