0.00, 27413
0.00, 27180
0.02, 26009
0.02, 25962
0.02, 24747
0.02, 24712
0.02, 24695
0.02, 24416
0.02, 23755
0.03, 23555
0.03, 23444
0.03, 22861
0.03, 22708
0.03, 22082
0.03, 21051
0.06, 20978
0.08, 20122
0.08, 20121
0.08, 20120
0.08, 19813
0.09, 19708
0.09, 19199
0.09, 19066
0.09, 18865
0.11, 18804
0.13, 18690
0.14, 18459
0.14, 18375
0.14, 18244
0.16, 18170
0.17, 18016
0.17, 17893
0.19, 17826
0.19, 17795
0.19, 17692
0.19, 17671
0.19, 17402
0.19, 16991
0.20, 16969
0.22, 16873
0.22, 16855
0.23, 16716
0.23, 16699
0.23, 16622
0.25, 16479
0.25, 16450
0.25, 16397
0.25, 16085
0.27, 16070
0.27, 16048
0.28, 15924
0.30, 15878
0.30, 15866
0.30, 15793
0.30, 15653
0.33, 15590
0.34, 15243
0.34, 14917
0.36, 14818
0.36, 14591
0.38, 14536
0.39, 14528
0.39, 14415
0.39, 14194
0.41, 13961
0.42, 13928
0.44, 13602
0.44, 13527
0.45, 13156
0.47, 13155
0.47, 13119
0.48, 13100
0.50, 13085
0.52, 12983
0.55, 12974
0.56, 12961
0.56, 12957
0.59, 12753
0.59, 12743
0.61, 12728
0.61, 12563
0.63, 12448
0.64, 12352
0.69, 12259
0.69, 12218
0.71, 11988
0.74, 11884
0.76, 11687
0.76, 11686
0.78, 11649
0.82, 11581
1.18, 11568
1.30, 11549
1.35, 11512
1.39, 11360
1.41, 11328
1.46, 11312
1.72, 11270
2.16, 11217
2.49, 11168
2.49, 10911
2.55, 10559
2.56, 10523
2.65, 10496
2.75, 10427
2.85, 10405
2.93, 10263
2.94, 10124
3.11, 10115
3.43, 10109
3.44, 10071
3.58, 9883
3.70, 9803
3.74, 9751
3.78, 9746
3.82, 9635
3.93, 9574
3.93, 9565
4.12, 9516
4.35, 9492
5.36, 9455
5.50, 9368
5.56, 9272
5.68, 9268
5.69, 8842
5.69, 8776
5.73, 8770
5.93, 8747
5.96, 8670
5.99, 8406
7.01, 8354
10.50, 8330
11.58, 8292
12.14, 8286
12.15, 8268
12.85, 8247
12.95, 8236
12.99, 8217
13.44, 8198
13.84, 8194
15.11, 8159
16.28, 8070
16.66, 8047
45.26, 8019
47.05, 7986
47.23, 7971
47.30, 7944
51.21, 7931
51.49, 7902
