0.02, 26631
0.03, 26320
0.03, 25779
0.03, 23503
0.04, 23470
0.04, 22563
0.04, 22092
0.04, 21786
0.04, 21350
0.04, 21286
0.04, 20839
0.04, 20578
0.04, 20326
0.04, 20071
0.06, 18834
0.06, 18538
0.11, 18506
0.11, 18225
0.11, 18066
0.14, 18028
0.15, 17969
0.15, 17863
0.15, 17570
0.17, 17219
0.17, 16628
0.17, 16427
0.17, 16256
0.18, 16229
0.18, 16174
0.18, 15627
0.23, 15543
0.25, 15470
0.26, 15379
0.26, 15267
0.28, 15006
0.31, 14695
0.32, 14475
0.34, 14446
0.41, 14298
0.41, 14280
0.42, 14131
0.44, 13986
0.45, 13912
0.49, 13846
0.52, 13790
0.52, 13762
0.53, 13292
0.54, 13141
0.58, 13138
0.59, 13013
0.59, 12885
0.63, 12782
0.64, 12422
0.64, 12270
0.67, 12155
0.67, 12147
0.69, 12121
0.69, 12118
0.69, 11955
0.72, 11884
0.72, 11267
0.72, 11143
0.73, 11141
0.73, 11027
0.75, 10945
0.77, 10918
0.77, 10915
0.77, 10857
0.80, 10723
0.80, 10717
0.80, 10710
0.81, 10269
0.83, 10144
0.84, 10044
0.88, 9954
0.89, 9919
0.92, 9878
0.92, 9817
0.94, 9807
0.94, 9802
0.98, 9669
1.03, 9624
1.22, 9601
1.23, 9474
1.28, 9442
1.30, 9317
1.31, 9316
1.31, 9221
1.58, 9178
1.65, 9102
1.65, 9089
1.93, 9082
2.32, 9054
2.36, 9052
2.40, 9043
2.72, 9029
3.24, 8925
3.27, 8887
3.33, 8885
3.40, 8858
4.15, 8854
5.16, 8593
13.72, 8588
14.56, 8581
15.38, 8574
15.41, 8563
34.69, 8533
34.70, 8405
34.72, 8398
75.09, 8378
75.15, 8373
75.46, 8368
