0.00, 25224
0.02, 25184
0.02, 24336
0.02, 23788
0.02, 23472
0.02, 21439
0.03, 21090
0.03, 20480
0.03, 20386
0.03, 20088
0.03, 19699
0.05, 19309
0.05, 19269
0.05, 19022
0.06, 18998
0.06, 18971
0.06, 18949
0.06, 18862
0.06, 18858
0.08, 18404
0.08, 18340
0.08, 18328
0.08, 18073
0.08, 18064
0.09, 18041
0.09, 17567
0.09, 17476
0.11, 17242
0.11, 17113
0.11, 16630
0.13, 16481
0.13, 15856
0.13, 15795
0.13, 15639
0.13, 15635
0.13, 15543
0.13, 15342
0.14, 14991
0.16, 14913
0.16, 14875
0.17, 14478
0.19, 14475
0.19, 14367
0.19, 14296
0.20, 14282
0.20, 14236
0.20, 14147
0.20, 14139
0.20, 14066
0.28, 13868
0.28, 13811
0.30, 13777
0.30, 13644
0.31, 13291
0.31, 13289
0.31, 13076
0.34, 13048
0.34, 13008
0.38, 12573
0.38, 12545
0.38, 12405
0.41, 12382
0.41, 12380
0.41, 12291
0.42, 12277
0.44, 12269
0.45, 12258
0.45, 12243
0.45, 12075
0.49, 12074
0.49, 11985
0.50, 11728
0.56, 11595
0.61, 11580
0.63, 11554
0.66, 11456
0.67, 11453
0.69, 11430
0.70, 11329
0.70, 11224
0.72, 11190
0.75, 10893
0.77, 10847
0.77, 10841
0.83, 10621
1.00, 10589
1.00, 10549
1.00, 10530
1.03, 10494
1.05, 10468
1.06, 10386
1.08, 10302
1.24, 10285
1.45, 10255
1.48, 10204
2.07, 10142
2.07, 10131
2.08, 10121
2.10, 10095
2.11, 10085
2.15, 10004
2.32, 9964
2.35, 9889
2.38, 9800
2.52, 9788
2.54, 9774
2.83, 9742
2.83, 9664
2.85, 9399
3.01, 9396
3.32, 9384
3.32, 9379
3.98, 9320
4.12, 9265
4.17, 9246
4.80, 9245
6.63, 9146
6.77, 9131
6.82, 9073
6.82, 9070
6.98, 9005
8.08, 8906
9.80, 8859
10.45, 8789
11.56, 8746
11.73, 8737
15.22, 8716
15.23, 8692
19.28, 8643
21.30, 8625
23.58, 8573
29.08, 8543
29.14, 8516
31.67, 8496
32.87, 8434
35.17, 8428
47.96, 8379
48.50, 8374
