0.00, 26682
0.02, 26417
0.02, 25197
0.02, 24944
0.02, 24662
0.02, 23673
0.02, 23665
0.03, 23444
0.03, 21614
0.03, 21603
0.05, 21481
0.05, 21456
0.05, 21291
0.05, 20844
0.05, 20745
0.06, 20723
0.06, 20716
0.06, 20520
0.08, 19944
0.08, 19848
0.08, 19770
0.09, 19442
0.09, 18530
0.13, 17907
0.13, 17641
0.14, 17635
0.14, 17548
0.14, 17536
0.16, 17475
0.16, 17323
0.17, 17143
0.17, 17024
0.19, 16939
0.20, 16862
0.20, 16470
0.22, 16419
0.22, 16327
0.22, 16229
0.23, 16135
0.25, 16010
0.27, 16001
0.27, 15811
0.31, 15319
0.32, 15078
0.33, 15049
0.33, 15027
0.34, 15026
0.35, 14854
0.38, 14728
0.40, 14720
0.43, 14509
0.44, 14493
0.46, 14459
0.48, 14443
0.49, 14137
0.49, 14035
0.49, 13933
0.51, 13926
0.51, 13774
0.52, 13720
0.52, 13637
0.54, 13447
0.54, 13244
0.55, 12935
0.57, 12902
0.58, 12866
0.58, 12865
0.60, 12796
0.62, 12754
0.63, 12746
0.68, 12724
0.73, 12527
0.80, 12503
0.87, 12490
0.88, 12485
0.88, 12433
0.90, 12419
0.98, 12410
0.98, 12370
1.05, 12295
1.05, 12224
1.10, 12216
1.12, 12032
1.12, 12023
1.12, 11925
1.13, 11670
1.16, 11652
1.24, 11556
1.26, 11440
1.27, 11412
1.27, 10469
1.27, 10418
1.46, 10412
1.55, 10386
1.55, 10355
1.57, 10323
1.65, 10310
1.65, 10176
1.65, 10029
1.69, 9961
1.69, 9860
1.76, 9833
1.77, 9827
1.82, 9778
1.82, 9777
1.82, 9742
1.83, 9694
2.05, 9682
2.19, 9555
2.24, 9483
2.33, 9470
2.48, 9419
2.51, 9162
2.66, 8947
3.36, 8881
3.42, 8870
3.50, 8821
3.87, 8797
4.14, 8687
4.20, 8658
4.50, 8533
5.24, 8470
5.74, 8460
5.90, 8399
5.99, 8394
8.02, 8274
16.53, 8120
16.56, 7997
51.97, 7978
52.07, 7962
61.94, 7953
62.50, 7943
62.64, 7936
