0.00, 27170
0.02, 26050
0.02, 24283
0.02, 24164
0.02, 23973
0.02, 23968
0.03, 23832
0.03, 22579
0.03, 21649
0.05, 21471
0.05, 21330
0.06, 21160
0.06, 20833
0.06, 19811
0.06, 19590
0.08, 19545
0.09, 19508
0.09, 19452
0.09, 19434
0.09, 19401
0.09, 18454
0.11, 18268
0.11, 17999
0.11, 17845
0.13, 17828
0.13, 17819
0.13, 17739
0.13, 17476
0.13, 17108
0.13, 17067
0.13, 17011
0.14, 16960
0.14, 16465
0.14, 16347
0.14, 16278
0.14, 16235
0.16, 16213
0.16, 16053
0.17, 15886
0.17, 15663
0.17, 15152
0.17, 15122
0.19, 15082
0.19, 14977
0.22, 14973
0.22, 14938
0.24, 14846
0.27, 14728
0.30, 14711
0.34, 14682
0.37, 14653
0.37, 14651
0.40, 14633
0.40, 14471
0.41, 14389
0.41, 14356
0.41, 14314
0.43, 14283
0.43, 14278
0.43, 14263
0.44, 14188
0.44, 14065
0.46, 13929
0.46, 13798
0.52, 13797
0.52, 13660
0.57, 13647
0.57, 13624
0.58, 13377
0.62, 13252
0.65, 13120
0.66, 13057
0.66, 13031
0.69, 13015
0.69, 12954
0.71, 12947
0.82, 12851
0.83, 12806
0.83, 12796
0.85, 12784
0.88, 12631
0.91, 12573
0.94, 12569
0.94, 12565
1.01, 12471
1.02, 12391
1.04, 12339
1.05, 12252
1.12, 12235
1.13, 12019
1.26, 11971
1.27, 11970
1.27, 11889
1.33, 11833
1.35, 11818
1.35, 11717
1.35, 11703
1.36, 11694
1.44, 11689
1.46, 11669
1.49, 11601
1.50, 11595
1.55, 11458
1.58, 11430
1.64, 11424
1.66, 11372
1.69, 11253
1.77, 11248
1.85, 11047
1.92, 11005
1.94, 10961
2.00, 10595
2.03, 10527
2.17, 10468
2.21, 10466
2.22, 10181
2.27, 10031
2.32, 9642
2.38, 9457
3.26, 9450
3.31, 9391
3.42, 9387
4.05, 9357
4.11, 9277
4.11, 9270
4.17, 9216
4.17, 9105
4.54, 9085
5.07, 8824
5.10, 8787
5.55, 8779
6.13, 8687
6.24, 8610
6.25, 8549
7.77, 8532
12.80, 8449
12.93, 8412
12.95, 8380
13.15, 8371
13.62, 8328
17.63, 8252
24.17, 8234
24.19, 8230
24.58, 8207
99.03, 8202
