0.00, 25355
0.02, 24880
0.02, 24626
0.03, 24604
0.03, 24510
0.03, 24095
0.03, 24037
0.03, 23292
0.03, 23026
0.03, 22885
0.05, 21919
0.05, 21738
0.05, 21293
0.06, 21122
0.06, 21064
0.06, 20897
0.08, 20306
0.08, 20227
0.09, 20207
0.09, 19659
0.09, 19065
0.09, 19008
0.09, 18328
0.11, 18286
0.11, 17607
0.13, 16944
0.13, 16650
0.14, 16458
0.14, 16401
0.16, 15786
0.16, 15751
0.17, 15712
0.18, 15228
0.20, 14857
0.20, 14671
0.20, 14579
0.20, 14357
0.20, 14340
0.21, 14296
0.21, 14193
0.22, 14135
0.23, 14054
0.23, 13958
0.25, 13928
0.27, 13773
0.27, 13477
0.27, 13421
0.28, 13300
0.28, 13252
0.38, 13199
0.39, 13095
0.47, 12987
0.48, 12981
0.48, 12968
0.50, 12958
0.50, 12828
0.52, 12813
0.52, 12536
0.52, 12247
0.52, 12230
0.55, 12188
0.58, 12136
0.59, 12085
0.63, 12074
0.64, 11773
0.67, 11746
0.67, 11598
0.69, 11562
0.76, 11412
0.76, 11376
0.77, 11080
0.80, 11028
0.99, 11023
1.00, 10876
1.03, 10861
1.05, 10809
1.12, 10781
1.32, 10633
1.41, 10539
1.44, 10537
1.46, 10514
1.49, 10465
1.51, 10326
1.51, 10296
1.54, 10118
1.62, 10106
1.63, 10048
1.63, 9932
1.66, 9758
1.66, 9647
1.81, 9636
1.89, 9604
1.91, 9481
1.94, 9448
1.98, 9383
1.99, 9366
2.03, 9318
2.22, 9296
2.37, 9253
2.54, 9223
2.55, 9036
2.56, 9028
2.58, 9024
2.59, 9019
2.63, 9015
2.65, 8960
3.03, 8932
3.03, 8922
3.03, 8877
3.08, 8876
3.19, 8864
3.22, 8852
3.22, 8833
4.71, 8810
5.74, 8807
5.88, 8734
6.25, 8727
7.33, 8691
11.81, 8689
14.88, 8667
16.23, 8664
17.91, 8661
17.97, 8652
18.01, 8647
21.10, 8637
21.14, 8626
22.69, 8621
32.83, 8617
33.86, 8604
33.91, 8592
44.10, 8591
46.44, 8582
46.50, 8580
51.01, 8575
51.17, 8556
51.25, 8551
52.74, 8550
