0.01, 24551
0.02, 24361
0.02, 23386
0.03, 23252
0.03, 23192
0.03, 23101
0.04, 22858
0.04, 22711
0.04, 22644
0.05, 22326
0.05, 22116
0.06, 21822
0.06, 21761
0.07, 21049
0.08, 20732
0.09, 20524
0.10, 20394
0.11, 20368
0.12, 20327
0.12, 20034
0.12, 19931
0.13, 19748
0.14, 19681
0.14, 19295
0.14, 19209
0.14, 18855
0.16, 18822
0.17, 18815
0.18, 18274
0.18, 18240
0.18, 18140
0.18, 18081
0.19, 18073
0.20, 17764
0.21, 17642
0.22, 17570
0.22, 17317
0.23, 17195
0.26, 17121
0.27, 17057
0.31, 17051
0.31, 16943
0.32, 16930
0.32, 16926
0.33, 16915
0.35, 16641
0.35, 16342
0.36, 16138
0.36, 16036
0.38, 15958
0.39, 15911
0.39, 15910
0.40, 15836
0.41, 15581
0.43, 15546
0.43, 15445
0.43, 15425
0.44, 15374
0.44, 14691
0.44, 14677
0.45, 14578
0.45, 14540
0.48, 14377
0.48, 14355
0.48, 14159
0.53, 14046
0.53, 13955
0.54, 13908
0.57, 13737
0.58, 13686
0.60, 13672
0.62, 13664
0.66, 13565
0.70, 13546
0.70, 13496
0.71, 13118
0.73, 12861
0.73, 12662
0.75, 12642
0.77, 12471
0.78, 12424
0.84, 12342
0.84, 12268
0.90, 12067
0.90, 11607
0.91, 11585
0.92, 11583
0.92, 11551
0.94, 11509
0.96, 11489
0.98, 11454
0.98, 11399
1.00, 11395
1.03, 11385
1.06, 11372
1.09, 11267
1.10, 11241
1.10, 11230
1.10, 11166
1.12, 11155
1.13, 11111
1.19, 11109
1.21, 11107
1.21, 10821
1.22, 10512
1.27, 10496
1.34, 10479
1.53, 10404
1.70, 10338
1.71, 10162
1.73, 10161
1.77, 10140
1.81, 10029
1.85, 10005
2.14, 9951
2.16, 9943
2.17, 9890
2.17, 9830
2.30, 9705
2.35, 9639
2.88, 9535
2.88, 9387
3.02, 9344
3.12, 9030
3.34, 9029
3.42, 8988
3.43, 8986
3.52, 8968
3.55, 8962
3.62, 8950
3.63, 8940
3.69, 8933
3.74, 8932
3.84, 8907
4.44, 8867
4.55, 8851
5.40, 8766
5.52, 8758
5.76, 8714
6.25, 8624
7.08, 8597
12.87, 8592
28.45, 8509
28.87, 8496
31.64, 8409
33.72, 8402
33.76, 8389
34.47, 8385
34.76, 8380
34.76, 8316
34.81, 8313
35.51, 8279
39.47, 8212
39.57, 8136
39.80, 8120
40.07, 8116
47.65, 8100
58.34, 8053
58.39, 8020
58.48, 7943
74.52, 7916
