0.00, 27103
0.02, 26394
0.02, 26328
0.02, 24922
0.02, 24136
0.02, 23845
0.03, 23515
0.03, 23258
0.03, 22933
0.03, 22684
0.03, 22619
0.05, 22503
0.05, 22336
0.05, 22191
0.05, 22171
0.05, 21938
0.05, 21659
0.05, 20914
0.06, 20393
0.06, 19807
0.08, 19375
0.08, 19084
0.08, 19016
0.09, 18807
0.09, 18356
0.11, 17986
0.11, 17929
0.14, 17897
0.14, 17742
0.14, 17739
0.14, 17080
0.16, 17072
0.16, 17058
0.17, 16852
0.19, 16514
0.19, 16323
0.19, 16237
0.20, 16200
0.20, 16174
0.20, 16069
0.20, 16048
0.20, 15922
0.22, 15754
0.22, 15699
0.23, 15561
0.25, 14618
0.25, 14496
0.25, 14396
0.25, 14154
0.27, 14121
0.28, 14097
0.28, 14024
0.30, 13730
0.30, 13632
0.30, 13631
0.31, 13514
0.33, 13139
0.33, 13080
0.33, 13079
0.33, 13027
0.36, 13024
0.38, 13021
0.38, 13018
0.39, 13003
0.39, 12799
0.41, 12717
0.41, 12553
0.44, 12547
0.48, 12369
0.56, 12222
0.56, 12037
0.62, 12005
0.62, 11903
0.63, 11812
0.65, 11808
0.65, 11745
0.65, 11684
0.67, 11584
0.70, 11564
0.70, 11542
0.71, 11505
0.71, 11359
0.71, 11347
0.74, 11273
0.79, 11196
0.79, 10996
0.81, 10965
0.82, 10913
0.82, 10889
0.84, 10870
0.87, 10810
0.90, 10733
0.92, 10704
1.02, 10643
1.15, 10582
1.17, 10495
1.20, 10472
1.26, 10463
1.27, 10413
1.35, 10412
1.53, 10360
1.64, 10292
1.65, 10205
1.65, 10098
2.01, 10041
2.24, 9980
2.27, 9878
2.53, 9708
2.56, 9705
2.62, 9704
2.76, 9675
2.84, 9672
3.06, 9660
3.37, 9655
5.35, 9586
5.58, 9320
5.84, 9259
5.90, 9187
5.95, 9111
6.07, 9092
6.10, 9013
6.14, 8982
6.17, 8893
6.22, 8743
7.11, 8664
8.97, 8594
9.59, 8581
10.34, 8420
11.00, 8419
12.37, 8401
12.40, 8384
12.42, 8378
12.55, 8355
13.30, 8321
13.36, 8234
14.68, 8186
17.90, 8135
43.72, 8131
43.86, 8116
43.92, 8101
91.85, 8096
91.85, 8084
