0.01, 24312
0.02, 23025
0.02, 22720
0.03, 22517
0.03, 22398
0.03, 21577
0.03, 21052
0.04, 20926
0.04, 19971
0.05, 19957
0.05, 19432
0.11, 19296
0.11, 19278
0.11, 19120
0.13, 18948
0.13, 18867
0.13, 18809
0.13, 18707
0.14, 18423
0.14, 17555
0.14, 17227
0.14, 16976
0.15, 16284
0.15, 16240
0.15, 16131
0.15, 15514
0.16, 15510
0.17, 15506
0.18, 15486
0.18, 15048
0.19, 15020
0.20, 14393
0.21, 14385
0.21, 14366
0.23, 14056
0.25, 13969
0.27, 13489
0.29, 13480
0.37, 13236
0.37, 13203
0.41, 13029
0.42, 13021
0.43, 12907
0.45, 12833
0.47, 12831
0.48, 12794
0.48, 12690
0.49, 12261
0.49, 12038
0.49, 11867
0.53, 11812
0.55, 11716
0.63, 11711
0.66, 11535
0.75, 11429
0.77, 11116
0.87, 11010
0.89, 10959
0.90, 10871
0.95, 10869
1.03, 10828
1.05, 10625
1.09, 10587
1.18, 10532
1.19, 10508
1.19, 10494
1.20, 10487
1.22, 10403
1.24, 10385
1.24, 10377
1.26, 10257
1.26, 10156
1.27, 10144
1.31, 10125
1.32, 9907
1.39, 9886
1.42, 9877
1.42, 9872
1.44, 9871
1.48, 9783
1.48, 9754
1.55, 9731
1.56, 9720
1.59, 9710
1.73, 9604
1.78, 9603
1.82, 9552
1.95, 9528
1.97, 9378
2.00, 9290
2.12, 9269
2.26, 9191
2.28, 9190
2.29, 9167
2.53, 9157
2.56, 9081
2.62, 9070
3.41, 9067
3.41, 9056
3.55, 9052
3.57, 9047
3.62, 8972
3.71, 8946
3.72, 8923
3.73, 8904
4.05, 8896
4.12, 8852
4.49, 8792
4.55, 8715
4.59, 8663
4.60, 8518
4.76, 8379
4.95, 8376
5.24, 8371
5.45, 8362
5.49, 8347
5.62, 8300
9.16, 8287
9.19, 8270
9.41, 8234
16.31, 8148
17.66, 8138
17.92, 8057
22.49, 8050
23.47, 8038
23.80, 8026
23.81, 8007
25.55, 7995
26.63, 7994
26.69, 7979
29.61, 7962
39.88, 7937
44.10, 7936
