0.01, 25901
0.02, 24859
0.02, 24291
0.02, 23743
0.03, 22857
0.03, 22778
0.04, 22531
0.04, 22320
0.04, 21336
0.04, 21273
0.05, 21021
0.06, 20865
0.06, 20587
0.07, 20512
0.07, 20019
0.08, 20005
0.08, 19955
0.08, 19942
0.08, 19791
0.08, 18833
0.08, 18377
0.09, 18030
0.09, 17616
0.09, 17374
0.09, 17319
0.10, 17217
0.15, 16897
0.16, 16500
0.18, 16127
0.18, 15963
0.19, 15803
0.20, 15707
0.20, 15367
0.21, 15319
0.22, 15291
0.22, 15271
0.24, 15028
0.27, 14959
0.30, 14580
0.34, 14506
0.37, 14487
0.38, 14299
0.38, 14265
0.43, 14235
0.43, 14232
0.46, 13976
0.47, 13932
0.48, 13826
0.49, 13760
0.49, 13646
0.49, 13551
0.51, 13459
0.52, 13308
0.52, 13272
0.53, 13264
0.53, 13238
0.55, 13234
0.55, 13138
0.56, 13118
0.57, 13084
0.57, 13030
0.57, 13023
0.60, 12887
0.64, 12821
0.65, 12765
0.66, 12687
0.68, 12684
0.68, 12510
0.77, 12138
0.78, 12132
0.79, 11901
0.79, 11886
0.80, 11612
0.86, 11505
0.87, 11111
0.87, 11034
0.91, 10928
0.91, 10902
0.93, 10884
0.94, 10859
1.01, 10856
1.06, 10855
1.07, 10839
1.09, 10603
1.12, 10584
1.16, 10582
1.16, 10564
1.16, 10502
1.65, 10392
1.91, 10300
1.91, 10217
1.91, 10179
1.92, 10156
1.93, 10101
2.09, 9971
2.11, 9906
2.45, 9905
2.50, 9873
2.56, 9717
2.95, 9674
3.79, 9455
4.11, 9433
4.76, 9408
4.89, 9383
5.45, 9374
5.80, 9296
6.49, 9251
6.52, 9133
6.56, 9116
13.31, 9109
26.53, 9008
28.01, 9002
28.26, 8932
32.67, 8805
32.72, 8682
43.02, 8681
45.86, 8675
73.82, 8670
