0.00, 25355
0.02, 25284
0.02, 25142
0.02, 23013
0.03, 21933
0.03, 21554
0.03, 21373
0.03, 21098
0.03, 20751
0.05, 20467
0.05, 19999
0.05, 19930
0.06, 19729
0.06, 19271
0.06, 19144
0.06, 18553
0.08, 18269
0.08, 18214
0.09, 17919
0.09, 17828
0.09, 17681
0.11, 17344
0.14, 17318
0.16, 17105
0.17, 16997
0.17, 16546
0.17, 16516
0.19, 16274
0.19, 16253
0.19, 15859
0.23, 15828
0.25, 15823
0.25, 15803
0.27, 15728
0.27, 15698
0.27, 15424
0.28, 15158
0.30, 15138
0.31, 14385
0.33, 14384
0.34, 13748
0.34, 13728
0.36, 13719
0.36, 13630
0.36, 13587
0.37, 13418
0.39, 13331
0.39, 13184
0.39, 13067
0.42, 12808
0.44, 12759
0.44, 12463
0.44, 12376
0.44, 12298
0.44, 12238
0.44, 12218
0.45, 11739
0.56, 11733
0.58, 11732
0.59, 11662
0.61, 11505
0.61, 11504
0.69, 11474
0.69, 11332
0.75, 11327
0.76, 11303
0.79, 11292
0.79, 11226
0.84, 11008
0.92, 11007
0.93, 11006
1.04, 10986
1.11, 10922
1.11, 10919
1.14, 10887
1.18, 10883
1.20, 10880
1.22, 10865
1.28, 10864
1.28, 10839
1.28, 10829
1.29, 10800
1.34, 10797
1.36, 10758
1.40, 10694
1.40, 10677
1.47, 10552
1.48, 10389
1.54, 10134
1.57, 10123
1.60, 10084
1.68, 10035
1.70, 9945
1.70, 9944
1.71, 9939
1.71, 9935
1.75, 9870
1.76, 9846
1.79, 9845
1.79, 9836
1.81, 9791
1.82, 9761
1.82, 9752
1.82, 9623
1.84, 9613
1.85, 9551
2.34, 9511
2.58, 9180
3.09, 9174
3.28, 9141
3.37, 9127
3.51, 9117
3.55, 9055
3.94, 9051
4.84, 9042
5.19, 9007
5.23, 9001
5.23, 8858
5.26, 8850
5.29, 8837
5.45, 8720
5.50, 8452
5.52, 8292
5.55, 8274
5.58, 8257
5.66, 8199
5.96, 8194
8.14, 8175
8.33, 8138
8.33, 8126
8.36, 8113
8.53, 8079
9.55, 8029
10.07, 8028
10.08, 7980
10.89, 7948
10.90, 7897
10.90, 7858
16.38, 7839
19.32, 7751
20.22, 7746
