0.00, 25597
0.02, 25325
0.02, 24214
0.02, 24190
0.02, 23962
0.02, 23485
0.02, 23246
0.02, 22939
0.02, 22143
0.05, 21666
0.06, 21659
0.06, 21504
0.08, 21266
0.08, 21206
0.08, 21148
0.08, 20742
0.08, 20266
0.09, 19486
0.09, 19365
0.09, 19237
0.11, 19232
0.11, 19081
0.13, 18853
0.13, 18824
0.13, 18379
0.14, 18062
0.16, 17995
0.16, 17968
0.17, 17951
0.17, 17933
0.17, 17748
0.17, 17335
0.17, 17298
0.19, 17148
0.20, 17017
0.20, 16843
0.20, 16785
0.20, 16282
0.20, 16020
0.22, 15687
0.24, 15680
0.24, 15135
0.24, 15049
0.24, 15022
0.25, 14814
0.25, 14806
0.25, 14229
0.28, 13905
0.30, 13765
0.30, 13588
0.30, 13468
0.30, 13330
0.31, 13207
0.38, 13180
0.38, 13159
0.38, 13116
0.38, 13034
0.41, 12992
0.41, 12839
0.41, 12304
0.41, 12275
0.41, 12091
0.46, 12026
0.49, 11985
0.52, 11754
0.55, 11691
0.57, 11685
0.58, 11656
0.58, 11640
0.58, 11527
0.58, 11517
0.61, 11498
0.61, 11496
0.61, 11329
0.63, 11271
0.63, 11214
0.65, 10732
0.65, 10729
0.68, 10356
0.71, 10221
0.72, 10200
0.72, 10139
0.76, 10100
0.76, 10052
0.79, 10050
0.85, 10049
0.93, 10032
0.97, 9889
1.01, 9857
1.11, 9836
1.13, 9812
1.24, 9810
1.35, 9788
1.36, 9723
1.55, 9600
1.61, 9585
1.64, 9579
1.64, 9565
1.66, 9441
1.96, 9364
1.99, 9339
2.06, 9334
2.35, 9282
2.48, 9227
3.99, 9226
4.00, 9222
4.03, 9155
4.11, 9148
4.21, 9014
4.22, 8995
4.27, 8919
4.85, 8835
4.88, 8830
4.90, 8824
5.49, 8805
7.07, 8719
7.22, 8695
7.22, 8612
7.24, 8375
8.18, 8367
8.22, 8366
8.24, 8347
8.30, 8271
8.98, 8254
9.95, 8248
10.24, 8222
10.26, 8182
10.49, 8160
11.18, 8092
15.08, 8077
