0.01, 26772
0.02, 26077
0.02, 25823
0.02, 25133
0.03, 24827
0.03, 24487
0.03, 23759
0.03, 23634
0.03, 22588
0.03, 22175
0.04, 22074
0.04, 21882
0.04, 21584
0.06, 20825
0.06, 20658
0.08, 19494
0.09, 19164
0.09, 18777
0.11, 18727
0.11, 18672
0.11, 18641
0.11, 18606
0.11, 18532
0.12, 18321
0.12, 18218
0.14, 18194
0.14, 18049
0.15, 17935
0.15, 17735
0.15, 17555
0.15, 17290
0.17, 17261
0.20, 16860
0.20, 16835
0.20, 16709
0.20, 16237
0.20, 15980
0.22, 15878
0.25, 15755
0.25, 15521
0.25, 15509
0.26, 15425
0.28, 15392
0.28, 15306
0.29, 15294
0.31, 15255
0.31, 15184
0.34, 14825
0.34, 14815
0.34, 14647
0.36, 14611
0.36, 14576
0.36, 14275
0.36, 14253
0.37, 14027
0.37, 14004
0.40, 13804
0.42, 13713
0.42, 13654
0.42, 13503
0.43, 13325
0.43, 13156
0.47, 13078
0.47, 13061
0.48, 13051
0.48, 12967
0.51, 12507
0.53, 12408
0.59, 12359
0.61, 12342
0.62, 12341
0.62, 12270
0.65, 12263
0.67, 12194
0.73, 12135
0.78, 12081
0.81, 11992
0.90, 11857
0.90, 11509
0.92, 11508
1.01, 11484
1.06, 11280
1.25, 11223
1.28, 11108
1.32, 10809
1.37, 10783
1.39, 10499
1.43, 10424
1.43, 10375
1.45, 10353
1.45, 10126
1.47, 10010
1.47, 9993
1.51, 9957
1.51, 9945
1.53, 9897
1.53, 9783
1.62, 9778
1.64, 9714
1.64, 9669
1.65, 9665
1.75, 9516
1.78, 9497
1.89, 9464
1.90, 9406
2.02, 9392
2.23, 9368
2.24, 9284
2.29, 9243
2.29, 9126
2.35, 9088
2.46, 9077
2.83, 9064
2.87, 8875
2.87, 8763
7.74, 8710
7.86, 8613
7.89, 8607
7.91, 8588
7.92, 8584
8.33, 8552
9.96, 8476
10.85, 8435
15.36, 8382
15.47, 8358
15.72, 8311
15.74, 8270
15.88, 8223
15.96, 8196
16.04, 8175
75.46, 8150
75.51, 8149
81.75, 8142
