0.01, 27111
0.01, 24426
0.01, 24154
0.03, 24091
0.03, 23923
0.03, 23169
0.03, 22865
0.03, 22855
0.04, 22805
0.04, 22772
0.04, 22456
0.04, 21914
0.04, 21847
0.04, 21653
0.06, 21631
0.07, 21114
0.09, 20878
0.09, 20688
0.09, 20141
0.09, 20127
0.11, 20022
0.11, 19934
0.11, 19905
0.11, 19672
0.11, 19584
0.11, 19494
0.12, 19377
0.12, 19057
0.14, 18986
0.15, 18906
0.15, 18899
0.15, 18689
0.15, 18495
0.17, 18205
0.18, 18171
0.18, 18122
0.18, 18119
0.18, 18007
0.21, 17936
0.22, 17802
0.23, 17524
0.23, 17523
0.23, 17471
0.23, 17439
0.23, 17431
0.23, 16987
0.25, 16976
0.25, 16975
0.25, 16962
0.25, 16338
0.25, 16273
0.25, 16224
0.26, 15984
0.26, 15566
0.26, 15486
0.28, 15301
0.28, 15224
0.30, 15217
0.31, 15104
0.33, 14974
0.33, 14830
0.33, 14558
0.34, 14414
0.39, 14223
0.41, 14002
0.47, 13807
0.48, 13004
0.52, 12952
0.56, 12905
0.56, 12876
0.57, 12603
0.57, 12560
0.59, 12532
0.59, 12525
0.59, 12512
0.60, 12485
0.60, 12348
0.60, 12338
0.62, 12327
0.64, 12175
0.65, 12090
0.65, 12047
0.65, 11872
0.68, 11791
0.72, 11787
0.72, 11681
0.76, 11523
0.78, 11381
0.85, 11327
0.87, 11317
0.88, 11302
0.96, 10928
0.98, 10893
1.01, 10828
1.05, 10512
1.08, 10504
1.09, 10495
1.15, 10438
1.15, 10015
1.20, 9986
1.25, 9977
1.44, 9924
1.47, 9879
1.49, 9844
1.51, 9543
1.59, 9518
1.69, 9511
1.76, 9474
1.76, 9446
1.80, 9426
1.80, 9417
1.81, 9393
2.06, 9391
2.17, 9371
2.37, 9344
2.37, 9194
2.44, 9094
2.80, 8921
3.67, 8916
3.71, 8899
4.01, 8894
4.03, 8890
4.23, 8835
4.26, 8775
4.66, 8761
4.68, 8701
4.88, 8653
5.00, 8600
5.72, 8595
6.04, 8574
6.19, 8536
6.24, 8472
6.84, 8363
7.87, 8348
15.06, 8337
15.08, 8305
15.13, 8293
15.25, 8280
16.05, 8260
20.69, 8114
23.22, 8096
24.78, 8076
28.38, 8064
28.53, 8060
28.59, 8056
28.65, 8042
28.69, 8037
28.86, 8031
28.97, 8026
29.44, 8019
33.10, 7971
