0.02, 26653
0.02, 26377
0.03, 25951
0.03, 25006
0.03, 24403
0.03, 24376
0.03, 23790
0.03, 23294
0.03, 22446
0.03, 22183
0.05, 21769
0.05, 21691
0.05, 21523
0.05, 21315
0.05, 21221
0.05, 20422
0.05, 20398
0.06, 20333
0.06, 20272
0.06, 20215
0.06, 20071
0.06, 19835
0.06, 19519
0.08, 19443
0.08, 19429
0.08, 19235
0.09, 19130
0.11, 19017
0.11, 18671
0.11, 18185
0.11, 18160
0.11, 18091
0.11, 17784
0.11, 17767
0.13, 17759
0.13, 17752
0.14, 17343
0.16, 17339
0.16, 17309
0.17, 17267
0.17, 17224
0.18, 17213
0.19, 16934
0.20, 16875
0.20, 16478
0.21, 16217
0.24, 16165
0.24, 15853
0.26, 15837
0.26, 15829
0.26, 15519
0.28, 15491
0.28, 15007
0.28, 14693
0.28, 14654
0.29, 14608
0.29, 14437
0.31, 14366
0.32, 14306
0.32, 14269
0.32, 13729
0.34, 13727
0.34, 13661
0.34, 13622
0.34, 13619
0.35, 13580
0.35, 13405
0.37, 12751
0.37, 12690
0.38, 12292
0.42, 12181
0.43, 11882
0.43, 11822
0.46, 11814
0.46, 11805
0.46, 11499
0.46, 11457
0.48, 11395
0.48, 11351
0.48, 11316
0.48, 11261
0.48, 11251
0.50, 11175
0.50, 11110
0.51, 10925
0.52, 10665
0.58, 10583
0.78, 10399
0.86, 10332
0.86, 10280
0.96, 10125
0.96, 10096
0.96, 10093
1.05, 10069
1.05, 10004
1.07, 9960
1.11, 9958
1.20, 9939
1.21, 9938
1.24, 9918
1.24, 9916
1.26, 9881
1.32, 9816
1.33, 9753
1.33, 9524
1.34, 9442
1.66, 9416
1.71, 9339
2.01, 9325
2.18, 9303
2.23, 9213
2.68, 9188
2.71, 9158
2.78, 9128
2.87, 9053
2.89, 9028
3.01, 9022
3.14, 9005
3.17, 8990
3.18, 8988
3.22, 8921
3.76, 8860
4.05, 8847
4.22, 8802
4.36, 8762
4.92, 8752
5.86, 8729
6.07, 8636
6.22, 8633
6.26, 8570
6.33, 8563
6.37, 8511
6.88, 8504
6.90, 8490
7.62, 8442
10.72, 8310
24.87, 8234
31.77, 8042
40.83, 8021
41.07, 7997
43.25, 7978
43.49, 7953
43.79, 7946
44.72, 7907
79.81, 7864
98.28, 7863
