0.02, 24260
0.03, 24255
0.03, 23851
0.03, 23156
0.05, 22228
0.05, 22057
0.05, 21976
0.05, 21856
0.06, 21855
0.06, 20899
0.08, 20257
0.08, 19741
0.08, 19722
0.09, 19360
0.09, 19197
0.09, 19194
0.09, 19163
0.11, 19094
0.13, 18781
0.13, 18613
0.13, 18534
0.13, 18259
0.14, 17809
0.16, 17749
0.17, 17471
0.17, 17071
0.17, 16941
0.19, 16251
0.19, 15942
0.24, 15798
0.24, 15538
0.24, 15430
0.24, 15259
0.25, 15157
0.25, 15049
0.25, 14986
0.25, 14778
0.27, 14776
0.27, 14741
0.27, 14716
0.30, 14668
0.30, 14649
0.31, 14602
0.31, 14577
0.38, 14575
0.39, 14555
0.39, 14448
0.41, 14407
0.41, 14388
0.41, 14343
0.44, 14304
0.44, 13942
0.45, 13889
0.45, 13876
0.47, 13283
0.52, 13173
0.53, 13056
0.55, 13027
0.56, 12907
0.56, 12870
0.58, 12663
0.58, 12554
0.59, 12473
0.61, 12234
0.61, 12164
0.62, 12108
0.62, 12088
0.65, 12085
0.67, 12080
0.82, 11758
0.84, 11729
0.87, 11726
0.92, 11670
0.95, 11663
0.95, 11559
0.98, 11231
1.00, 10735
1.00, 10474
1.11, 10427
1.11, 10357
1.43, 10332
1.43, 10311
1.45, 10143
1.45, 10120
1.47, 10100
1.50, 10076
1.51, 9962
1.54, 9703
1.60, 9690
1.72, 9595
1.76, 9585
1.76, 9497
1.79, 9477
1.79, 9467
1.82, 9456
1.84, 9452
1.87, 9440
1.90, 9415
2.22, 9396
2.43, 9385
2.43, 9373
2.50, 9349
2.66, 9324
2.75, 9319
2.86, 9052
2.98, 9050
3.00, 8997
3.00, 8992
3.16, 8949
3.25, 8885
3.25, 8879
3.27, 8789
3.33, 8774
3.34, 8750
4.09, 8686
4.09, 8657
4.11, 8613
4.13, 8606
4.19, 8596
4.20, 8572
5.32, 8358
5.59, 8291
5.74, 8230
14.81, 8220
14.85, 8200
14.90, 8189
14.91, 8185
15.26, 8171
15.34, 8147
15.37, 8104
15.71, 8047
15.96, 8040
