0.01, 25598
0.02, 25587
0.02, 25533
0.02, 25489
0.02, 25473
0.03, 25113
0.03, 25004
0.03, 24884
0.03, 24602
0.04, 24293
0.04, 24253
0.04, 24204
0.04, 23265
0.05, 22206
0.05, 21797
0.05, 21646
0.05, 21620
0.06, 21577
0.06, 21492
0.06, 21090
0.07, 20892
0.07, 20881
0.08, 20594
0.08, 20357
0.08, 20205
0.09, 20133
0.09, 19580
0.09, 19542
0.09, 19362
0.10, 19356
0.11, 19353
0.11, 19039
0.13, 18908
0.14, 18612
0.16, 17867
0.19, 17833
0.20, 17460
0.22, 16843
0.24, 16827
0.26, 16648
0.26, 16532
0.28, 16456
0.28, 16442
0.28, 16431
0.29, 16391
0.29, 16302
0.30, 16292
0.30, 16162
0.30, 16127
0.30, 16066
0.31, 16059
0.33, 16029
0.34, 15918
0.35, 15631
0.35, 15608
0.37, 15573
0.37, 15463
0.38, 15428
0.45, 15404
0.46, 14937
0.47, 14917
0.48, 14729
0.48, 14632
0.49, 14557
0.50, 14514
0.52, 14495
0.52, 14435
0.52, 14222
0.53, 14220
0.53, 13864
0.54, 13827
0.54, 13751
0.54, 13743
0.56, 13626
0.57, 13519
0.63, 13514
0.64, 13449
0.65, 13192
0.66, 13123
0.68, 13027
0.69, 12808
0.69, 12776
0.70, 12392
0.70, 12194
0.71, 12187
0.71, 12034
0.71, 12028
0.71, 11875
0.74, 11810
0.75, 11803
0.77, 11659
0.78, 11649
0.83, 11571
0.84, 11422
0.87, 11245
0.89, 11196
0.91, 11023
1.03, 10846
1.03, 10839
1.04, 10795
1.04, 10554
1.05, 10512
1.07, 10408
1.07, 10396
1.11, 10061
1.11, 10010
1.14, 9997
1.17, 9962
1.27, 9917
1.29, 9885
1.33, 9742
1.91, 9732
2.06, 9698
2.14, 9696
2.86, 9691
2.92, 9685
3.26, 9643
3.35, 9636
3.41, 9563
3.42, 9491
3.63, 9490
3.68, 9356
3.75, 9349
3.82, 9343
3.83, 9332
4.02, 9330
4.63, 9324
4.92, 9297
5.20, 9277
5.37, 9245
5.72, 9237
5.85, 9219
5.94, 9208
5.97, 9197
6.29, 9133
6.39, 9113
6.45, 9109
6.98, 9043
7.01, 9040
7.19, 9035
7.23, 9030
7.62, 8850
7.65, 8758
7.98, 8636
8.31, 8575
8.82, 8560
9.89, 8555
79.02, 8407
79.77, 8261
80.09, 8138
