0.02, 26881
0.02, 26233
0.02, 25749
0.03, 24514
0.03, 23739
0.03, 23648
0.03, 23215
0.03, 23119
0.03, 23013
0.03, 22361
0.05, 22132
0.05, 21546
0.05, 21508
0.05, 21260
0.05, 20333
0.05, 19935
0.06, 19695
0.06, 19496
0.09, 19323
0.09, 19239
0.09, 19068
0.11, 18715
0.11, 17985
0.11, 17850
0.11, 17830
0.12, 17461
0.12, 16942
0.14, 16844
0.16, 16801
0.16, 16720
0.16, 16632
0.16, 16201
0.16, 16147
0.18, 15565
0.19, 15521
0.19, 15323
0.19, 15317
0.19, 15181
0.19, 14953
0.19, 14905
0.21, 14783
0.22, 14775
0.25, 14727
0.25, 14652
0.27, 14578
0.27, 14555
0.27, 14537
0.27, 14279
0.27, 14268
0.27, 14248
0.28, 14198
0.28, 13524
0.30, 13410
0.32, 13159
0.32, 13018
0.32, 12958
0.38, 12748
0.41, 12693
0.41, 12564
0.43, 12496
0.43, 12483
0.49, 12391
0.51, 12315
0.51, 12308
0.51, 12285
0.52, 11837
0.52, 11763
0.52, 11682
0.55, 11596
0.57, 11584
0.72, 11543
0.81, 11537
0.89, 11520
0.91, 11444
0.92, 11437
0.94, 11340
0.94, 11277
0.96, 11167
0.96, 11036
0.96, 11019
0.97, 10922
0.97, 10822
1.04, 10812
1.08, 10769
1.08, 10760
1.08, 10759
1.13, 10757
1.15, 10756
1.15, 10695
1.15, 10626
1.15, 10600
1.15, 10362
1.26, 10346
1.26, 10280
1.38, 10257
1.40, 10229
1.41, 10227
1.46, 9862
1.49, 9853
1.51, 9837
1.52, 9762
1.54, 9759
1.55, 9757
1.57, 9752
1.60, 9714
1.63, 9413
1.81, 9394
2.03, 9275
2.03, 9226
2.03, 9208
2.04, 9159
2.13, 9143
2.17, 9060
2.20, 9026
2.21, 9025
2.21, 8883
2.30, 8881
2.33, 8872
2.34, 8814
2.34, 8799
2.55, 8773
2.62, 8751
2.63, 8710
2.65, 8644
2.86, 8624
3.11, 8582
3.28, 8572
3.30, 8571
3.74, 8412
4.23, 8397
4.51, 8375
4.54, 8371
5.72, 8324
8.55, 8276
8.55, 8270
9.77, 8257
9.79, 8237
15.15, 8143
15.71, 8126
30.34, 8118
35.34, 8075
40.32, 8054
40.33, 8030
47.69, 8007
