0.01, 27299
0.02, 26873
0.02, 26099
0.02, 25921
0.02, 25425
0.02, 24227
0.02, 23459
0.02, 23313
0.02, 23202
0.04, 23018
0.04, 22479
0.04, 22454
0.04, 22002
0.04, 21933
0.04, 21894
0.04, 21888
0.05, 21550
0.05, 21308
0.05, 21051
0.05, 21049
0.07, 20892
0.08, 20733
0.08, 19727
0.09, 19673
0.09, 19653
0.11, 19564
0.11, 19210
0.12, 18363
0.12, 18236
0.12, 18149
0.12, 18090
0.12, 18079
0.12, 17996
0.14, 17974
0.14, 17677
0.14, 17673
0.15, 17655
0.15, 17610
0.15, 17249
0.17, 16996
0.17, 16696
0.18, 16587
0.18, 16508
0.18, 16501
0.18, 16476
0.18, 16398
0.20, 16369
0.20, 16209
0.20, 16094
0.20, 16081
0.21, 15660
0.21, 15654
0.21, 15642
0.21, 15521
0.23, 14964
0.23, 14927
0.25, 14885
0.29, 14880
0.29, 14876
0.31, 14875
0.31, 14840
0.32, 14816
0.32, 14691
0.32, 14609
0.34, 14528
0.36, 14445
0.36, 14344
0.37, 14337
0.37, 14331
0.37, 14294
0.40, 14187
0.40, 14162
0.40, 14143
0.40, 13997
0.42, 13863
0.42, 13792
0.43, 13785
0.43, 13771
0.45, 13681
0.45, 13428
0.46, 13415
0.50, 13367
0.50, 13272
0.51, 13254
0.54, 13244
0.59, 13154
0.62, 13081
0.64, 13035
0.67, 13027
0.68, 12935
0.68, 12873
0.70, 12870
0.70, 12851
0.75, 12613
0.76, 12466
0.76, 12432
0.76, 12336
0.81, 12311
0.87, 12282
0.89, 11892
0.89, 11875
0.89, 11854
0.92, 11849
0.92, 11768
0.93, 11732
0.93, 11730
0.95, 11683
0.95, 11635
1.22, 11580
1.28, 11569
1.33, 11425
1.41, 11212
1.42, 11168
1.47, 11087
1.50, 11079
1.55, 10826
1.58, 10768
1.60, 10726
1.63, 10705
1.66, 10694
1.66, 10689
1.69, 10664
1.71, 10632
1.91, 10510
1.98, 10456
2.04, 10413
2.04, 10198
2.12, 10190
2.12, 10172
2.15, 10167
2.26, 9982
2.27, 9973
2.29, 9863
2.34, 9828
2.34, 9524
2.35, 9364
2.37, 9341
3.21, 9313
3.47, 9311
3.49, 9262
3.80, 9255
3.85, 9231
4.16, 9214
4.23, 9033
5.45, 9014
16.94, 8994
16.97, 8979
19.27, 8909
19.27, 8843
19.49, 8798
21.17, 8780
23.49, 8779
23.63, 8540
25.80, 8464
29.04, 8415
56.25, 8409
56.36, 8399
56.37, 8273
56.43, 8267
56.82, 8229
57.37, 8225
59.73, 8221
72.25, 8220
