0.02, 26262
0.02, 26114
0.02, 25280
0.02, 25089
0.02, 24995
0.03, 24287
0.03, 23443
0.03, 22674
0.03, 22582
0.03, 22081
0.05, 21779
0.05, 21551
0.05, 21088
0.06, 20732
0.06, 19814
0.08, 19758
0.08, 19749
0.09, 19710
0.11, 19660
0.11, 19338
0.11, 19254
0.13, 19162
0.13, 18900
0.13, 18483
0.14, 17839
0.14, 17718
0.14, 17227
0.16, 17046
0.16, 17020
0.16, 16875
0.16, 16643
0.17, 16638
0.17, 16485
0.17, 16417
0.19, 16340
0.19, 16205
0.19, 16026
0.23, 15423
0.23, 15300
0.25, 15297
0.25, 15266
0.27, 14921
0.28, 14345
0.28, 14239
0.32, 14221
0.35, 14097
0.37, 13820
0.38, 13767
0.38, 13551
0.38, 13428
0.40, 13404
0.40, 13351
0.41, 13272
0.43, 13256
0.43, 13254
0.43, 13248
0.44, 13144
0.44, 13138
0.47, 13069
0.49, 13004
0.51, 12951
0.52, 12763
0.55, 12584
0.58, 12311
0.60, 12126
0.63, 12066
0.66, 11782
0.68, 11712
0.68, 11681
0.72, 11675
0.76, 11628
0.77, 11599
0.77, 11595
0.79, 11593
0.82, 11546
1.02, 11511
1.04, 11488
1.09, 11473
1.12, 11411
1.27, 11283
1.41, 11249
1.45, 11240
1.50, 11190
1.50, 11166
1.53, 11156
1.60, 11144
1.60, 11095
1.61, 11049
1.66, 10920
1.84, 10889
1.84, 10875
1.91, 10827
1.95, 10219
1.95, 9824
1.99, 9770
2.06, 9751
2.08, 9680
2.11, 9600
2.22, 9555
2.34, 9494
2.37, 9417
2.37, 9406
2.38, 9374
2.43, 9314
2.47, 9306
2.52, 9299
2.79, 9252
3.15, 9241
3.49, 9225
4.41, 9190
4.45, 9143
7.00, 9141
9.28, 9130
9.55, 9097
9.60, 8993
14.48, 8914
15.01, 8901
15.07, 8890
15.28, 8883
15.28, 8880
18.43, 8853
19.43, 8814
20.32, 8803
24.67, 8607
24.95, 8602
25.29, 8570
44.10, 8482
44.57, 8318
58.54, 8242
