0.00, 24870
0.02, 24042
0.02, 23796
0.02, 23725
0.03, 23345
0.03, 22813
0.03, 22643
0.03, 22422
0.05, 22253
0.05, 21594
0.06, 21431
0.06, 21150
0.08, 21119
0.08, 20064
0.08, 19928
0.09, 19891
0.09, 19651
0.09, 19625
0.11, 19613
0.11, 19208
0.11, 19003
0.11, 18978
0.13, 17979
0.14, 17949
0.14, 17874
0.14, 17838
0.14, 17639
0.14, 17638
0.16, 17632
0.16, 17502
0.16, 17332
0.16, 17160
0.17, 16595
0.17, 16575
0.19, 16273
0.19, 15897
0.19, 15657
0.19, 15610
0.19, 14906
0.20, 14840
0.20, 14815
0.22, 14791
0.22, 14784
0.22, 14778
0.24, 14633
0.24, 14569
0.24, 14329
0.25, 14256
0.36, 14255
0.36, 14153
0.39, 14100
0.39, 13736
0.39, 13618
0.41, 13606
0.42, 13537
0.44, 13523
0.46, 13465
0.46, 13440
0.46, 13263
0.47, 13129
0.49, 12979
0.49, 12946
0.49, 12748
0.50, 12678
0.50, 12497
0.52, 12490
0.52, 12429
0.53, 12355
0.53, 12228
0.56, 12220
0.56, 12187
0.64, 12172
0.66, 12161
0.69, 12023
0.70, 12011
0.75, 11997
0.77, 11851
0.87, 11785
0.93, 11756
0.99, 11727
1.01, 11703
1.08, 11659
1.12, 11640
1.15, 11579
1.16, 11537
1.18, 11515
1.26, 11164
1.26, 11020
1.28, 10968
1.31, 10875
1.36, 10855
1.36, 10580
1.41, 10575
1.41, 10343
1.42, 10225
1.52, 10119
1.58, 9966
1.94, 9887
2.94, 9841
3.31, 9839
3.44, 9805
3.57, 9725
3.69, 9714
3.77, 9691
4.05, 9646
4.07, 9550
4.39, 9530
4.47, 9510
4.67, 9496
4.87, 9404
4.89, 9328
4.98, 9113
5.00, 9109
5.08, 9067
5.08, 9026
5.12, 8999
5.88, 8996
5.94, 8882
6.02, 8847
6.24, 8778
6.30, 8713
6.35, 8697
6.39, 8683
7.66, 8680
8.28, 8648
8.60, 8590
8.74, 8527
9.35, 8526
9.59, 8517
9.69, 8494
10.34, 8474
10.36, 8464
10.40, 8421
10.88, 8313
12.46, 8263
17.17, 8262
19.01, 8256
19.15, 8245
37.33, 8206
59.66, 8197
60.09, 8146
61.77, 8110
