0.02, 26593
0.02, 26569
0.02, 26356
0.02, 25990
0.03, 24962
0.03, 24584
0.03, 23843
0.03, 23170
0.03, 22745
0.05, 22048
0.05, 21465
0.05, 21357
0.05, 21125
0.05, 20950
0.05, 20746
0.06, 20511
0.06, 20018
0.06, 19885
0.06, 19805
0.06, 19410
0.06, 19161
0.08, 19075
0.10, 18731
0.10, 18466
0.11, 18267
0.11, 17917
0.11, 17856
0.11, 17672
0.12, 17467
0.12, 17427
0.13, 17008
0.13, 16703
0.13, 16680
0.13, 16295
0.15, 16041
0.17, 15513
0.18, 15296
0.23, 14994
0.23, 14651
0.23, 14411
0.23, 14392
0.24, 14247
0.26, 13958
0.27, 13873
0.27, 13869
0.27, 13813
0.29, 13726
0.29, 13714
0.29, 13609
0.32, 13429
0.34, 13424
0.35, 13212
0.37, 13144
0.37, 12772
0.37, 12651
0.38, 12588
0.40, 12439
0.40, 12425
0.40, 12382
0.42, 12297
0.43, 12137
0.45, 12135
0.48, 12045
0.52, 11698
0.59, 11591
0.59, 11433
0.62, 11421
0.62, 11253
0.63, 11220
0.63, 11128
0.88, 11118
0.93, 11101
0.95, 10970
0.96, 10959
0.98, 10728
0.98, 10654
0.98, 10566
0.99, 10526
0.99, 10440
1.04, 10340
1.04, 10331
1.19, 10281
1.32, 10197
1.33, 10105
1.34, 9976
1.37, 9677
1.40, 9663
1.57, 9648
1.87, 9504
1.88, 9422
2.01, 9392
2.01, 9356
2.13, 9354
2.15, 9338
2.20, 9317
2.20, 9304
2.23, 9225
2.31, 9188
2.37, 9158
2.39, 9121
2.42, 9090
3.64, 9080
3.79, 8975
3.79, 8952
3.92, 8853
4.64, 8809
4.67, 8765
5.52, 8753
5.52, 8737
5.66, 8692
5.85, 8628
6.37, 8570
6.48, 8531
7.47, 8514
7.47, 8388
7.61, 8384
8.19, 8319
17.18, 8270
19.63, 8250
19.66, 8127
19.79, 8124
99.52, 8123
