0.00, 2587007
0.02, 2574168
0.03, 2559872
0.03, 2463873
0.03, 2393687
0.03, 2382418
0.03, 2377277
0.03, 2317047
0.03, 2312407
0.05, 2251460
0.05, 2221853
0.05, 2158066
0.05, 2041747
0.05, 2017631
0.05, 1995572
0.06, 1983738
0.06, 1964187
0.06, 1851389
0.08, 1774148
0.09, 1747765
0.09, 1670108
0.11, 1657629
0.13, 1616363
0.13, 1616093
0.13, 1577949
0.13, 1572944
0.14, 1555330
0.16, 1542136
0.16, 1522064
0.17, 1506041
0.19, 1472105
0.19, 1457899
0.20, 1447163
0.20, 1432042
0.20, 1428251
0.20, 1421444
0.22, 1401149
0.22, 1376700
0.24, 1360158
0.25, 1358611
0.25, 1339389
0.25, 1321718
0.25, 1298991
0.25, 1297613
0.27, 1291771
0.27, 1283333
0.28, 1265137
0.30, 1240813
0.30, 1236181
0.30, 1223419
0.31, 1221641
0.33, 1202952
0.33, 1182038
0.36, 1180684
0.44, 1136747
0.45, 1136264
0.47, 1111614
0.49, 1095389
0.53, 1086793
0.56, 1063087
0.58, 1054482
0.59, 1052883
0.59, 1052657
0.61, 1044730
0.61, 1039752
0.64, 1038302
0.66, 1033727
0.70, 1030487
0.70, 1029209
0.72, 1029188
0.72, 1025021
0.74, 1024811
0.83, 1023279
0.86, 1022287
0.86, 1011386
0.88, 1011245
0.91, 1000865
0.92, 996156
0.94, 994394
1.13, 989819
1.17, 978547
1.19, 977447
1.27, 976396
1.33, 967818
1.33, 952216
1.34, 943693
1.45, 941506
1.52, 941293
3.06, 940128
6.00, 939943
8.05, 935794
64.99, 924144
