0.02, 2473108
0.02, 2360237
0.03, 2331576
0.03, 2150045
0.05, 2101027
0.05, 2097735
0.05, 2070502
0.05, 2041970
0.05, 2003100
0.06, 2001068
0.06, 1918658
0.06, 1853070
0.08, 1840262
0.08, 1830024
0.08, 1731374
0.08, 1717609
0.09, 1714115
0.09, 1691504
0.09, 1687871
0.09, 1675603
0.11, 1639873
0.11, 1584817
0.11, 1569856
0.11, 1561483
0.13, 1545022
0.14, 1539978
0.14, 1530481
0.14, 1481351
0.14, 1479741
0.14, 1460602
0.20, 1440405
0.20, 1405155
0.20, 1380135
0.23, 1376760
0.23, 1350519
0.25, 1348486
0.28, 1341024
0.30, 1282117
0.30, 1265892
0.31, 1260635
0.31, 1249939
0.33, 1226048
0.34, 1213671
0.34, 1212445
0.34, 1200928
0.34, 1194436
0.38, 1183391
0.42, 1168455
0.42, 1165136
0.47, 1162892
0.47, 1150880
0.48, 1096984
0.48, 1095359
0.55, 1092405
0.55, 1077670
0.61, 1072412
0.66, 1069513
0.66, 1023218
0.95, 1019272
0.97, 1008182
1.03, 1005828
1.06, 1003932
1.14, 992612
1.23, 981775
1.25, 975517
1.27, 963259
1.34, 960746
1.56, 960529
1.56, 943113
1.56, 941691
1.70, 941645
1.73, 941636
1.97, 938513
2.17, 928672
3.42, 926981
3.64, 926280
3.94, 922487
4.95, 920630
6.17, 920052
7.70, 912462
7.83, 909633
