0.00, 2616964
0.02, 2585178
0.03, 2576064
0.05, 2534726
0.05, 2290480
0.06, 2281995
0.08, 2237335
0.08, 2208722
0.08, 2190529
0.08, 2118698
0.08, 2087825
0.08, 2064238
0.08, 1994418
0.09, 1969512
0.09, 1931076
0.09, 1906273
0.11, 1844545
0.11, 1812484
0.14, 1805144
0.14, 1793197
0.14, 1770861
0.14, 1755419
0.16, 1753311
0.17, 1750867
0.20, 1742765
0.20, 1741520
0.20, 1737463
0.20, 1717275
0.20, 1714788
0.24, 1689755
0.24, 1675467
0.24, 1651300
0.25, 1631758
0.25, 1585748
0.27, 1566050
0.28, 1564931
0.30, 1548798
0.31, 1488963
0.33, 1478586
0.38, 1471836
0.38, 1466706
0.39, 1466386
0.41, 1455672
0.41, 1443965
0.41, 1431118
0.45, 1428476
0.45, 1383582
0.47, 1364407
0.52, 1347562
0.55, 1310507
0.55, 1290033
0.55, 1289569
0.56, 1280227
0.58, 1267497
0.58, 1262906
0.58, 1259335
0.61, 1210678
0.66, 1168283
0.75, 1133845
0.77, 1111280
0.80, 1099634
0.83, 1099112
0.86, 1091148
0.86, 1080990
0.91, 1065971
0.94, 1064207
1.06, 1058824
1.08, 1053563
1.13, 1032402
1.14, 1021543
1.14, 1011543
1.23, 1008011
1.23, 1002181
1.23, 1000536
1.55, 997273
1.61, 996693
1.69, 996252
1.73, 989198
1.81, 988129
1.81, 987134
1.84, 975946
1.97, 974619
2.36, 966665
2.38, 964182
2.48, 961137
2.55, 959375
2.75, 952001
2.89, 950693
3.03, 950547
4.23, 948850
5.14, 943585
5.20, 939528
5.37, 939176
5.42, 937917
5.56, 937069
5.56, 929248
5.69, 927775
5.75, 927253
5.87, 924861
