0.02, 2611544
0.02, 2545160
0.03, 2341938
0.03, 2280087
0.03, 2277046
0.05, 2179946
0.05, 2149112
0.05, 2082748
0.05, 2069003
0.05, 2053545
0.06, 2030693
0.06, 2013686
0.06, 1985912
0.06, 1980092
0.06, 1928439
0.06, 1890837
0.06, 1878850
0.09, 1875256
0.09, 1866086
0.09, 1834914
0.09, 1794006
0.11, 1736121
0.11, 1699878
0.13, 1690915
0.13, 1683135
0.13, 1680559
0.14, 1677340
0.14, 1668427
0.14, 1645438
0.17, 1610584
0.17, 1599255
0.17, 1586380
0.17, 1567040
0.17, 1562062
0.19, 1548926
0.19, 1544978
0.20, 1482441
0.20, 1469991
0.20, 1457412
0.20, 1424050
0.22, 1395943
0.22, 1361630
0.22, 1361167
0.25, 1340092
0.25, 1327379
0.27, 1325682
0.27, 1323115
0.27, 1313039
0.28, 1312277
0.31, 1301898
0.31, 1280606
0.34, 1271271
0.38, 1267094
0.45, 1264423
0.45, 1256239
0.47, 1248817
0.47, 1248240
0.48, 1231933
0.48, 1231317
0.53, 1228299
0.53, 1218295
0.55, 1213456
0.55, 1204310
0.56, 1199091
0.56, 1194735
0.56, 1191294
0.58, 1165964
0.58, 1161800
0.58, 1151182
0.59, 1140334
0.63, 1123154
0.63, 1114382
0.64, 1113978
0.66, 1093196
0.69, 1052021
0.75, 1046295
0.84, 1040604
1.05, 1037866
1.09, 1035808
1.13, 1026212
1.66, 1010831
1.91, 1007826
2.25, 1003636
2.36, 994337
2.61, 991942
2.72, 990941
2.89, 990800
3.00, 990285
3.03, 988523
3.34, 984942
3.37, 980867
3.52, 972126
3.75, 971425
3.91, 971215
4.08, 969628
4.08, 963264
4.50, 958514
4.81, 951121
6.75, 950794
6.83, 943601
58.47, 935479
58.72, 924668
