0.00, 27805
0.02, 26111
0.02, 25644
0.03, 25643
0.03, 24758
0.03, 24449
0.03, 21564
0.03, 20211
0.03, 19774
0.06, 19045
0.06, 18918
0.08, 18798
0.08, 18746
0.08, 18682
0.09, 18670
0.09, 18359
0.11, 18339
0.11, 17833
0.11, 17585
0.11, 17503
0.11, 17263
0.11, 17015
0.13, 16444
0.13, 16340
0.13, 16220
0.14, 15831
0.14, 15826
0.16, 15748
0.16, 15721
0.16, 15680
0.17, 15443
0.19, 15218
0.20, 15005
0.22, 14541
0.22, 14523
0.28, 14388
0.28, 14350
0.30, 14288
0.31, 14036
0.31, 13856
0.33, 13730
0.33, 13671
0.38, 13638
0.38, 13563
0.39, 13515
0.41, 13378
0.41, 13376
0.47, 13344
0.48, 13129
0.49, 13120
0.49, 12696
0.51, 12668
0.54, 12663
0.55, 12474
0.57, 12449
0.58, 12288
0.58, 12029
0.60, 12007
0.62, 11811
0.65, 11696
0.65, 11676
0.66, 11606
0.66, 11603
0.80, 11563
0.80, 11531
0.80, 11441
0.88, 11425
0.93, 11351
0.94, 11272
0.96, 11222
0.98, 11219
1.01, 10816
1.01, 10660
1.01, 10383
1.01, 10354
1.04, 10302
1.07, 10120
1.07, 10063
1.08, 10009
1.12, 9936
1.13, 9896
1.23, 9893
1.30, 9838
1.38, 9786
1.41, 9696
2.13, 9677
2.13, 9615
2.15, 9611
2.18, 9553
2.38, 9525
2.38, 9521
2.45, 9512
2.47, 9502
2.50, 9451
2.51, 9423
2.61, 9412
3.31, 9157
3.39, 9149
3.43, 9124
3.90, 9044
4.53, 9031
4.64, 9025
4.64, 8963
4.67, 8894
4.75, 8872
4.84, 8827
4.92, 8778
7.47, 8681
8.39, 8674
8.62, 8628
12.57, 8623
12.90, 8528
13.37, 8469
13.37, 8423
13.37, 8347
13.38, 8231
13.46, 8039
95.43, 8036
95.58, 8027
110.50, 7959
112.24, 7957
112.24, 7923
112.38, 7866
114.23, 7861
