0.00, 26769
0.02, 26525
0.02, 25083
0.02, 24301
0.02, 24088
0.02, 23284
0.02, 23239
0.03, 23154
0.03, 23138
0.03, 22686
0.03, 22275
0.03, 22210
0.03, 21914
0.03, 21729
0.03, 21552
0.05, 21285
0.05, 21266
0.06, 21160
0.06, 21070
0.06, 20936
0.08, 20301
0.08, 19577
0.08, 19474
0.08, 19415
0.09, 18495
0.09, 18491
0.11, 17876
0.11, 17629
0.11, 17612
0.13, 16823
0.14, 16607
0.14, 16437
0.16, 15991
0.16, 15858
0.17, 15844
0.17, 15515
0.17, 15302
0.19, 14886
0.20, 14601
0.20, 14503
0.20, 14485
0.20, 14466
0.20, 14465
0.22, 14430
0.22, 14218
0.22, 13927
0.23, 13915
0.23, 13908
0.25, 13799
0.25, 13769
0.25, 13634
0.25, 13561
0.25, 13313
0.25, 13222
0.27, 13216
0.27, 13077
0.27, 12739
0.27, 12467
0.30, 12461
0.30, 12333
0.31, 12267
0.36, 12182
0.39, 12180
0.39, 12156
0.42, 12067
0.42, 12027
0.44, 11990
0.44, 11974
0.45, 11927
0.47, 11914
0.47, 11906
0.47, 11636
0.50, 11611
0.51, 11534
0.51, 11501
0.54, 11418
0.55, 11402
0.55, 11383
0.57, 11369
0.57, 11363
0.57, 11321
0.57, 11190
0.71, 11164
0.72, 11077
0.79, 10908
0.80, 10646
0.83, 10637
0.83, 10553
0.86, 10483
0.91, 10416
0.96, 10340
0.97, 10118
0.97, 9812
1.04, 9476
1.64, 9462
1.75, 9444
1.81, 9232
2.19, 9207
2.40, 9202
2.53, 9197
2.96, 8938
3.41, 8896
4.09, 8873
4.33, 8862
7.30, 8808
7.48, 8785
9.38, 8753
9.38, 8677
20.58, 8658
20.64, 8649
20.69, 8589
21.08, 8580
21.14, 8548
21.30, 8540
24.96, 8492
25.07, 8482
25.10, 8473
41.85, 8469
44.30, 8452
44.38, 8451
44.42, 8427
44.44, 8414
92.47, 8409
