0.00, 26682
0.02, 25767
0.02, 25457
0.02, 24252
0.03, 23979
0.03, 23884
0.03, 23143
0.03, 22570
0.03, 22518
0.03, 22291
0.03, 21978
0.06, 21820
0.06, 21727
0.06, 21520
0.08, 21283
0.08, 21112
0.08, 20886
0.08, 20457
0.08, 19995
0.09, 19869
0.09, 19845
0.09, 19658
0.09, 19081
0.11, 18688
0.13, 18649
0.13, 18563
0.14, 18398
0.16, 18364
0.17, 18142
0.17, 18093
0.17, 17979
0.20, 17974
0.22, 17897
0.22, 17806
0.23, 17749
0.23, 17333
0.23, 17297
0.23, 17188
0.23, 16935
0.25, 16599
0.25, 16531
0.27, 16087
0.27, 15936
0.27, 15749
0.28, 15641
0.28, 15464
0.28, 14862
0.30, 14850
0.31, 14760
0.33, 14756
0.37, 14676
0.38, 14661
0.38, 14506
0.38, 14471
0.40, 14338
0.40, 14326
0.41, 14148
0.41, 13905
0.43, 13875
0.43, 13844
0.44, 13784
0.51, 13057
0.54, 13005
0.60, 12997
0.62, 12942
0.63, 12886
0.63, 12769
0.65, 12749
0.67, 12728
0.67, 12689
0.67, 12684
0.67, 12680
0.68, 12388
0.68, 12265
0.68, 11916
0.71, 11561
0.74, 11400
0.78, 11244
0.81, 11194
0.84, 11184
0.85, 11131
0.90, 10929
1.23, 10884
1.24, 10866
1.34, 10740
1.39, 10681
1.40, 10645
1.45, 10594
1.47, 10532
1.48, 10255
1.67, 10219
1.70, 10105
2.00, 10083
2.17, 10062
2.22, 10038
2.45, 9970
2.51, 9945
2.51, 9938
2.57, 9732
2.57, 9692
2.68, 9685
2.68, 9463
2.71, 9457
2.90, 9390
3.01, 9281
3.02, 9207
3.02, 9097
3.09, 9007
3.13, 8828
3.20, 8825
3.23, 8801
3.37, 8793
3.58, 8493
3.78, 8486
3.80, 8465
4.54, 8445
5.08, 8411
6.61, 8406
7.39, 8403
7.59, 8327
8.73, 8260
8.74, 8221
9.23, 8208
23.18, 8199
33.73, 8198
97.34, 8189
