0.01, 27066
0.02, 26271
0.02, 24986
0.02, 24828
0.02, 24231
0.03, 24047
0.03, 23909
0.03, 23368
0.03, 22647
0.04, 21816
0.04, 21270
0.04, 20532
0.05, 20458
0.06, 20453
0.08, 20451
0.08, 19887
0.08, 19599
0.08, 19562
0.08, 19392
0.09, 19103
0.09, 19010
0.09, 18832
0.09, 18787
0.10, 18643
0.11, 18624
0.12, 18441
0.12, 18331
0.13, 18143
0.13, 18027
0.13, 18023
0.13, 17887
0.14, 17882
0.16, 17495
0.17, 17431
0.17, 17416
0.18, 17331
0.18, 17283
0.18, 17252
0.18, 17180
0.19, 17172
0.19, 17060
0.19, 16911
0.19, 16885
0.20, 16833
0.20, 16800
0.21, 16446
0.21, 16252
0.21, 16130
0.21, 16097
0.21, 16042
0.21, 15884
0.22, 15605
0.23, 15426
0.23, 15258
0.23, 15169
0.23, 14676
0.24, 14543
0.24, 14152
0.25, 14139
0.26, 14092
0.28, 14083
0.29, 14065
0.30, 13955
0.30, 13852
0.31, 13313
0.32, 13285
0.33, 13250
0.36, 13046
0.40, 12979
0.41, 12912
0.45, 12907
0.45, 12896
0.46, 12880
0.46, 12873
0.46, 12864
0.46, 12816
0.47, 12790
0.49, 12701
0.50, 12697
0.51, 12620
0.51, 12539
0.52, 12399
0.56, 12353
0.56, 12276
0.56, 12254
0.61, 12094
0.62, 12081
0.66, 12059
0.69, 11924
0.77, 11612
0.93, 11586
0.97, 11483
1.20, 11443
1.22, 11347
1.39, 11325
1.42, 11261
1.47, 11253
1.60, 11195
1.69, 11186
1.70, 11179
1.80, 11080
1.81, 11037
1.89, 10954
1.90, 10788
1.95, 10783
1.95, 10600
1.96, 10477
2.10, 10387
2.14, 10365
2.20, 10229
2.54, 10220
2.87, 10209
2.93, 10160
2.96, 10116
3.20, 10095
3.60, 10012
3.80, 10006
4.53, 9996
4.58, 9976
4.62, 9963
5.19, 9906
5.54, 9883
5.59, 9743
5.59, 9641
5.89, 9632
6.18, 9514
6.88, 9504
7.66, 9485
8.37, 9438
9.20, 9181
9.51, 9175
10.06, 9160
12.34, 9143
12.36, 9090
12.38, 9066
22.46, 9047
27.30, 9038
27.51, 9034
27.51, 9021
39.66, 8918
39.81, 8855
39.83, 8804
40.10, 8802
40.22, 8726
40.26, 8450
41.27, 8401
41.28, 8389
41.31, 8386
41.48, 8377
41.57, 8329
41.60, 8318
41.60, 8299
42.06, 8242
44.03, 8235
51.09, 8222
51.10, 8030
51.11, 7963
51.16, 7953
51.25, 7879
51.29, 7800
99.48, 7751
103.77, 7746
