0.01, 25079
0.01, 24470
0.01, 23246
0.01, 22943
0.03, 22669
0.03, 22383
0.03, 21197
0.03, 20694
0.03, 20477
0.03, 18726
0.04, 18692
0.04, 18420
0.04, 18139
0.04, 18137
0.04, 18044
0.06, 17943
0.06, 17767
0.07, 17754
0.08, 17650
0.09, 17591
0.10, 17524
0.11, 17514
0.13, 17171
0.13, 16936
0.13, 16874
0.13, 16461
0.13, 16272
0.14, 15994
0.14, 15974
0.16, 15950
0.16, 15929
0.16, 15916
0.17, 15585
0.17, 15550
0.17, 15460
0.17, 15307
0.17, 15230
0.19, 15076
0.19, 15058
0.19, 15044
0.19, 15022
0.19, 14876
0.19, 14783
0.21, 14696
0.21, 14690
0.22, 14679
0.24, 14636
0.24, 14622
0.24, 14574
0.25, 14293
0.25, 14186
0.27, 13587
0.30, 13563
0.32, 13431
0.33, 13411
0.38, 13334
0.38, 13330
0.38, 13176
0.42, 13138
0.44, 13111
0.44, 12955
0.46, 12861
0.46, 12674
0.47, 12623
0.49, 12595
0.50, 12544
0.52, 12423
0.57, 12328
0.71, 12193
0.74, 12115
0.77, 11917
0.80, 11857
0.82, 11787
0.92, 11721
1.07, 11670
1.13, 11658
1.18, 11605
1.32, 11493
1.32, 11422
1.32, 11406
1.65, 11261
1.71, 11167
1.72, 11038
1.74, 10815
1.74, 10693
1.74, 10557
1.77, 10513
1.80, 10411
1.80, 10404
1.85, 10394
1.86, 10382
1.86, 10374
1.86, 10372
2.01, 10222
2.15, 10210
2.36, 10054
2.36, 9999
2.37, 9915
2.51, 9906
2.51, 9862
2.51, 9812
2.53, 9616
2.62, 9599
2.65, 9485
2.65, 9465
2.72, 9386
2.75, 9165
2.76, 9007
2.84, 8851
3.22, 8777
3.22, 8715
3.23, 8663
3.25, 8426
3.40, 8331
3.62, 8282
3.79, 8248
3.87, 8240
4.87, 8147
5.25, 8140
5.63, 8114
5.77, 8062
6.77, 8045
6.77, 8037
8.95, 7993
9.60, 7991
9.62, 7977
32.48, 7972
32.48, 7966
33.01, 7960
40.36, 7768
