0.00, 25111
0.02, 24894
0.02, 24705
0.03, 24403
0.03, 24091
0.03, 24066
0.03, 23613
0.03, 23412
0.03, 22356
0.03, 22090
0.03, 21666
0.05, 21629
0.05, 21380
0.06, 20423
0.06, 20322
0.06, 19923
0.08, 19907
0.08, 19613
0.09, 19580
0.09, 19405
0.09, 19271
0.09, 19250
0.11, 19040
0.11, 18754
0.11, 18455
0.13, 18328
0.13, 18267
0.13, 18140
0.13, 18121
0.14, 17882
0.16, 17834
0.16, 17829
0.16, 17780
0.16, 17758
0.17, 17753
0.17, 17663
0.17, 17580
0.20, 17454
0.20, 17131
0.22, 17084
0.22, 17015
0.22, 16951
0.23, 16819
0.25, 16719
0.25, 16506
0.25, 16292
0.25, 16290
0.27, 16276
0.28, 16262
0.28, 16174
0.30, 16130
0.30, 15512
0.30, 15390
0.31, 15238
0.33, 15220
0.33, 15078
0.33, 14850
0.50, 14834
0.50, 14595
0.50, 14594
0.52, 14585
0.52, 14518
0.53, 14454
0.55, 14370
0.56, 13856
0.56, 13782
0.58, 13450
0.58, 13381
0.61, 13289
0.64, 13224
0.64, 13213
0.66, 13015
0.66, 12992
0.66, 12755
0.69, 12717
0.72, 12684
0.72, 12624
0.77, 12591
0.78, 12552
0.80, 12532
1.02, 12514
1.09, 12512
1.10, 12449
1.12, 12356
1.12, 12313
1.12, 12207
1.16, 12165
1.21, 12022
1.24, 12019
1.26, 11984
1.27, 11858
1.35, 11797
1.37, 11748
1.37, 11724
1.40, 11691
1.40, 11538
1.51, 11454
1.52, 11411
1.68, 11217
1.73, 11025
1.73, 10944
1.80, 10901
1.84, 10875
1.86, 10771
1.92, 10611
1.98, 10468
2.00, 10320
2.03, 10228
2.04, 10145
2.07, 10127
2.07, 9997
2.14, 9947
2.16, 9891
2.17, 9816
2.17, 9806
2.17, 9791
2.24, 9779
2.33, 9755
2.42, 9737
2.50, 9697
2.56, 9690
2.64, 9605
2.64, 9477
2.67, 9236
2.67, 9203
2.70, 9184
2.72, 9169
2.74, 9157
2.74, 9066
2.83, 9059
2.90, 8901
2.96, 8900
4.11, 8898
4.28, 8799
4.28, 8688
4.41, 8682
4.41, 8664
4.42, 8641
4.44, 8528
4.45, 8527
4.45, 8508
4.56, 8489
5.13, 8488
5.15, 8462
5.38, 8448
5.97, 8425
7.34, 8413
7.34, 8401
7.40, 8382
18.58, 8353
22.25, 8347
22.27, 8320
26.05, 8248
28.25, 8191
28.29, 8170
28.43, 8166
28.45, 8153
44.55, 8133
44.58, 8128
