0.00, 26729
0.02, 25370
0.02, 24795
0.03, 24656
0.03, 23620
0.03, 23596
0.03, 23055
0.03, 22594
0.05, 21688
0.05, 21523
0.05, 21498
0.06, 21278
0.06, 21201
0.06, 21107
0.06, 21084
0.08, 21032
0.08, 20972
0.08, 20633
0.08, 20303
0.08, 19883
0.08, 19648
0.08, 19576
0.08, 19475
0.09, 19443
0.09, 19390
0.09, 19332
0.09, 19250
0.09, 19185
0.09, 19172
0.11, 18628
0.11, 18311
0.11, 18206
0.11, 17838
0.11, 17830
0.11, 17765
0.12, 17674
0.12, 17547
0.12, 17437
0.14, 17219
0.14, 17095
0.14, 17033
0.14, 16581
0.16, 16447
0.17, 16222
0.19, 16021
0.19, 15963
0.19, 15873
0.19, 15847
0.19, 15826
0.20, 15601
0.22, 15381
0.22, 15322
0.22, 15319
0.22, 15076
0.23, 14976
0.25, 14973
0.27, 14934
0.27, 14702
0.28, 14609
0.30, 14430
0.30, 14365
0.30, 14320
0.30, 14149
0.33, 13793
0.44, 13523
0.47, 13395
0.50, 13326
0.50, 13207
0.52, 13137
0.53, 13125
0.53, 12607
0.58, 12606
0.61, 12399
0.62, 12346
0.70, 12329
0.70, 12132
0.72, 12106
0.73, 12047
0.73, 12041
0.75, 11810
0.77, 11766
0.77, 11312
0.78, 11300
0.81, 11238
0.83, 11194
0.84, 11031
0.84, 11030
0.85, 11023
0.87, 10949
0.88, 10874
0.90, 10863
0.96, 10850
1.12, 10818
1.13, 10772
1.34, 10671
1.35, 10625
1.37, 10616
1.37, 10593
1.40, 10578
1.51, 10575
1.70, 10439
1.79, 10382
1.86, 10327
1.89, 10299
1.92, 10230
1.92, 10229
2.00, 10207
2.00, 10188
2.08, 10175
2.09, 10064
2.22, 10003
2.40, 9960
2.58, 9952
2.72, 9892
2.72, 9674
2.75, 9414
2.89, 9402
3.73, 9384
3.81, 9382
3.84, 9381
4.06, 9329
4.25, 9233
4.75, 9221
4.85, 9204
4.89, 9071
4.89, 8847
4.92, 8844
4.94, 8841
4.95, 8822
5.06, 8761
5.09, 8759
5.47, 8676
5.48, 8665
6.15, 8643
6.49, 8582
8.30, 8559
9.55, 8178
11.02, 8172
19.65, 7980
