0.02, 25541
0.02, 23941
0.03, 23299
0.03, 22365
0.03, 21780
0.03, 21426
0.05, 21396
0.05, 21333
0.05, 21166
0.05, 20587
0.06, 20450
0.06, 20401
0.06, 20042
0.09, 20002
0.09, 19837
0.11, 19717
0.11, 19193
0.13, 19074
0.16, 18361
0.17, 18333
0.17, 18251
0.17, 18195
0.19, 18044
0.19, 17729
0.20, 17616
0.22, 17547
0.22, 17435
0.27, 16601
0.27, 16363
0.27, 15990
0.29, 15880
0.29, 15871
0.30, 15563
0.30, 15265
0.30, 15119
0.32, 15060
0.32, 14993
0.34, 14898
0.34, 14626
0.35, 14392
0.35, 14342
0.35, 14126
0.37, 14041
0.40, 13862
0.40, 13780
0.40, 13594
0.46, 13525
0.46, 13517
0.49, 13395
0.49, 13380
0.49, 13135
0.51, 12688
0.54, 12467
0.54, 12282
0.62, 12269
0.62, 12259
0.64, 11563
0.65, 11471
0.68, 11410
0.72, 11404
0.74, 11335
1.24, 11322
1.27, 11270
1.33, 11234
1.36, 11215
1.38, 11053
1.42, 10969
1.44, 10882
1.49, 10878
1.52, 10842
1.62, 10841
1.63, 10810
1.63, 10752
1.74, 10739
1.76, 10719
1.76, 10694
1.82, 10689
1.90, 10626
1.96, 10620
2.10, 10450
2.15, 10400
2.19, 10215
2.21, 9963
2.32, 9887
2.80, 9444
3.43, 9397
4.07, 9392
4.08, 9385
4.08, 9376
5.16, 9370
6.85, 9237
9.87, 9034
9.87, 8963
10.52, 8922
10.55, 8863
10.65, 8855
10.67, 8710
10.68, 8703
10.68, 8680
10.73, 8663
10.80, 8446
10.92, 8422
11.03, 8343
11.05, 8330
11.10, 8234
11.17, 8202
11.19, 8193
11.21, 8170
11.21, 8154
11.39, 8125
11.65, 8117
11.68, 8106
12.18, 8066
14.58, 8049
14.70, 8032
15.61, 8027
15.72, 8022
15.74, 7976
15.78, 7937
15.78, 7851
15.99, 7826
47.91, 7821
