0.00, 26918
0.02, 26913
0.02, 25807
0.02, 25787
0.02, 24475
0.02, 24358
0.02, 24146
0.03, 23935
0.03, 23741
0.03, 23306
0.03, 23232
0.03, 22870
0.03, 22752
0.03, 22606
0.05, 22444
0.05, 21778
0.05, 21738
0.05, 21304
0.06, 20973
0.06, 20807
0.06, 20775
0.08, 20692
0.08, 20596
0.08, 20082
0.09, 20026
0.09, 19740
0.09, 19639
0.09, 19342
0.11, 19242
0.11, 19217
0.11, 19136
0.11, 18444
0.11, 18404
0.11, 18280
0.11, 18228
0.13, 18140
0.13, 18133
0.13, 17897
0.13, 17829
0.14, 17280
0.14, 17035
0.14, 16651
0.14, 16259
0.17, 16141
0.17, 15818
0.19, 15689
0.19, 15675
0.19, 15565
0.19, 15513
0.19, 14875
0.19, 14845
0.19, 14647
0.19, 14588
0.20, 14289
0.20, 14188
0.20, 14133
0.20, 13827
0.22, 13791
0.22, 13700
0.22, 13582
0.22, 13473
0.22, 13405
0.22, 13316
0.27, 13243
0.27, 13223
0.28, 13199
0.28, 13172
0.28, 13135
0.30, 13089
0.33, 13031
0.38, 12764
0.38, 12530
0.44, 12494
0.44, 12440
0.44, 12431
0.44, 12397
0.45, 12378
0.45, 12322
0.45, 12313
0.47, 12304
0.47, 12175
0.50, 11949
0.53, 11930
0.53, 11877
0.55, 11776
0.56, 11585
0.61, 11419
0.61, 11259
0.63, 11223
0.63, 11210
0.73, 11209
0.75, 11094
0.87, 11030
0.98, 11014
1.01, 10954
1.04, 10463
1.21, 10395
1.35, 10360
1.53, 10350
1.58, 10324
1.65, 10309
1.65, 10267
1.68, 10126
1.69, 10107
1.86, 10104
2.02, 10071
2.28, 10067
2.32, 9957
2.33, 9672
2.33, 9597
2.44, 9571
2.64, 9469
2.75, 9460
2.94, 9431
3.16, 9413
3.35, 9412
3.35, 9406
4.27, 9393
4.28, 9267
4.28, 9188
4.78, 9159
5.63, 9149
5.71, 9128
5.93, 9104
5.99, 8914
6.41, 8894
6.88, 8886
7.43, 8882
7.44, 8876
7.86, 8871
9.52, 8870
9.69, 8846
10.00, 8836
10.02, 8833
10.04, 8824
10.70, 8817
13.38, 8794
23.12, 8712
23.41, 8555
25.06, 8554
27.45, 8463
30.76, 8393
30.80, 8353
30.81, 8342
44.76, 8224
44.87, 8209
56.20, 8205
89.81, 8192
