0.01, 25188
0.02, 25126
0.02, 24976
0.02, 24893
0.03, 23239
0.03, 21713
0.04, 21614
0.04, 21438
0.04, 21309
0.04, 21135
0.04, 20744
0.05, 20191
0.05, 19983
0.05, 19213
0.05, 19165
0.05, 18644
0.06, 18621
0.07, 18371
0.08, 18369
0.09, 18046
0.09, 17992
0.10, 17913
0.10, 17681
0.11, 17680
0.11, 17597
0.12, 17444
0.12, 17244
0.12, 17161
0.12, 17067
0.12, 16777
0.12, 16659
0.13, 16614
0.13, 16588
0.13, 16525
0.14, 16457
0.15, 16267
0.15, 16256
0.16, 15936
0.16, 15532
0.16, 15483
0.17, 15311
0.17, 14957
0.20, 14679
0.23, 14601
0.23, 14524
0.23, 14507
0.24, 14412
0.25, 14237
0.26, 14217
0.26, 14186
0.26, 14112
0.26, 13879
0.26, 13853
0.31, 13796
0.34, 13435
0.34, 13434
0.35, 13309
0.38, 13236
0.39, 12950
0.43, 12800
0.44, 12762
0.46, 12726
0.46, 12545
0.46, 12490
0.47, 12437
0.49, 12386
0.49, 12384
0.50, 12285
0.52, 12270
0.52, 12139
0.52, 12106
0.56, 12072
0.56, 12007
0.60, 11944
0.62, 11928
0.67, 11901
0.68, 11893
0.70, 11882
0.73, 11846
0.74, 11840
0.76, 11785
0.76, 11703
0.78, 11572
0.79, 11534
0.81, 11508
0.87, 11405
0.88, 11133
0.90, 11105
0.92, 11038
0.93, 10970
0.96, 10958
0.96, 10951
0.97, 10948
0.97, 10688
0.97, 10639
0.99, 10617
1.00, 10584
1.00, 10583
1.21, 10433
1.23, 10308
1.23, 10235
1.26, 10233
1.27, 10191
1.50, 10024
1.50, 9982
1.50, 9932
1.54, 9913
1.57, 9909
1.59, 9894
1.59, 9866
1.62, 9799
1.62, 9664
1.64, 9617
1.65, 9607
1.85, 9205
1.98, 9157
2.10, 9154
2.23, 9080
2.24, 8952
2.32, 8930
2.32, 8804
2.32, 8674
2.43, 8560
3.12, 8538
3.46, 8515
3.76, 8480
4.82, 8466
4.85, 8457
4.98, 8433
4.98, 8432
4.99, 8423
7.09, 8418
7.40, 8357
14.47, 8343
14.55, 8328
48.23, 8327
118.96, 8322
