0.00, 27361
0.02, 26983
0.02, 26811
0.02, 26776
0.02, 25744
0.02, 25365
0.02, 25017
0.02, 24756
0.03, 24745
0.03, 24324
0.03, 23814
0.03, 23200
0.05, 23041
0.05, 22877
0.05, 22506
0.05, 22264
0.05, 22145
0.06, 21844
0.06, 21618
0.06, 21477
0.06, 21468
0.08, 20690
0.08, 20641
0.08, 20343
0.08, 19471
0.09, 19399
0.09, 18760
0.13, 18738
0.13, 18698
0.14, 18441
0.14, 18043
0.14, 17579
0.14, 16618
0.16, 16572
0.16, 16365
0.16, 16171
0.17, 16080
0.19, 16061
0.19, 15929
0.19, 15138
0.20, 15050
0.20, 15040
0.22, 14758
0.22, 14489
0.23, 14483
0.24, 14396
0.24, 14225
0.24, 14183
0.25, 14112
0.26, 14088
0.26, 14045
0.26, 14018
0.27, 13969
0.27, 13912
0.29, 13781
0.30, 13771
0.30, 13646
0.30, 13473
0.32, 13466
0.33, 13429
0.35, 13334
0.37, 13265
0.38, 13159
0.38, 12992
0.40, 12810
0.41, 12674
0.41, 12612
0.44, 12585
0.44, 12581
0.44, 12560
0.46, 12534
0.46, 12467
0.46, 12446
0.47, 12339
0.47, 12319
0.47, 12306
0.47, 12175
0.49, 12153
0.51, 12151
0.51, 12082
0.52, 12040
0.52, 11976
0.54, 11947
0.54, 11681
0.55, 11664
0.57, 11625
0.57, 11583
0.57, 11368
0.62, 11317
0.65, 11308
0.66, 11270
0.66, 11000
0.68, 10983
0.71, 10819
0.72, 10773
0.74, 10754
0.74, 10734
0.76, 10697
0.79, 10613
0.80, 10584
0.80, 10532
0.80, 10485
0.87, 10320
0.87, 10285
0.88, 10228
0.93, 10225
0.94, 10220
0.96, 10180
0.97, 10174
0.97, 10098
1.04, 10062
1.15, 10016
1.15, 9964
1.18, 9946
1.21, 9925
1.25, 9878
1.27, 9825
1.30, 9760
1.31, 9691
1.56, 9683
2.08, 9663
2.11, 9601
2.63, 9451
2.69, 9242
2.71, 9231
2.79, 9230
2.79, 9220
2.94, 8950
3.04, 8943
3.50, 8942
3.69, 8844
3.75, 8708
3.75, 8687
3.77, 8432
3.97, 8431
4.24, 8347
4.24, 8345
4.27, 8291
4.49, 8256
4.55, 8245
4.62, 8240
4.83, 8229
12.26, 8219
12.27, 8180
