0.00, 26536
0.02, 25651
0.02, 25167
0.02, 24630
0.02, 24589
0.03, 23652
0.03, 23187
0.03, 22887
0.03, 22820
0.03, 22544
0.03, 22395
0.03, 22003
0.05, 21995
0.05, 21831
0.05, 21683
0.06, 21649
0.06, 21232
0.06, 20242
0.06, 20197
0.06, 19830
0.06, 19779
0.06, 19547
0.08, 19446
0.08, 19006
0.09, 18773
0.09, 18726
0.09, 18717
0.11, 18707
0.11, 18575
0.11, 18472
0.11, 18360
0.12, 18084
0.12, 17687
0.12, 17600
0.14, 17481
0.14, 17466
0.16, 17394
0.16, 16970
0.17, 16894
0.17, 16751
0.19, 16555
0.20, 16531
0.20, 16521
0.20, 16485
0.22, 16348
0.25, 16242
0.25, 16078
0.25, 15750
0.27, 15730
0.27, 15683
0.27, 15578
0.27, 15525
0.27, 14638
0.28, 14321
0.28, 14179
0.30, 14053
0.30, 13974
0.30, 13918
0.31, 13903
0.31, 13722
0.33, 13654
0.34, 13637
0.36, 13613
0.37, 13403
0.37, 13291
0.37, 13242
0.39, 12858
0.39, 12516
0.45, 12421
0.45, 12102
0.45, 12086
0.52, 12034
0.52, 11997
0.56, 11950
0.56, 11840
0.56, 11799
0.58, 11415
0.58, 11371
0.61, 11079
0.62, 11054
0.62, 11022
0.62, 10999
0.62, 10991
0.64, 10965
0.72, 10924
0.77, 10914
0.78, 10746
0.80, 10733
0.82, 10681
0.82, 10676
0.82, 10622
0.82, 10570
0.82, 10528
0.82, 10474
0.82, 10355
0.83, 10349
0.85, 10343
0.87, 10286
0.87, 10255
0.88, 10249
0.90, 10207
0.94, 10182
0.97, 10070
1.19, 10065
1.40, 10038
1.47, 9925
1.49, 9920
1.61, 9913
1.66, 9861
1.66, 9800
1.68, 9661
1.71, 9638
1.74, 9588
1.77, 9573
2.29, 9496
2.64, 9495
2.67, 9468
2.75, 9463
2.94, 9429
3.39, 9192
3.39, 9173
3.53, 8835
3.85, 8829
3.86, 8649
4.05, 8603
4.13, 8542
4.16, 8492
4.18, 8431
4.18, 8386
4.21, 8375
4.57, 8374
4.63, 8331
6.40, 8310
6.79, 8286
8.84, 8272
9.35, 8255
9.38, 8179
9.59, 8176
15.12, 8075
16.15, 8074
18.89, 7981
19.30, 7974
19.69, 7782
