0.00, 25774
0.02, 25020
0.02, 24842
0.02, 24493
0.02, 23479
0.03, 23439
0.03, 23394
0.03, 23340
0.05, 22776
0.05, 22540
0.05, 21710
0.05, 21451
0.06, 21110
0.06, 20410
0.06, 20277
0.08, 19398
0.08, 19376
0.08, 19176
0.08, 18706
0.08, 18684
0.09, 18645
0.11, 18576
0.11, 18269
0.13, 18096
0.13, 18093
0.13, 17672
0.14, 17319
0.14, 16996
0.14, 16870
0.14, 16840
0.16, 16785
0.17, 16767
0.17, 16764
0.17, 16731
0.19, 16437
0.19, 16194
0.19, 16093
0.19, 15987
0.19, 15848
0.19, 15791
0.19, 15566
0.19, 15388
0.20, 15210
0.20, 15187
0.20, 15072
0.20, 15054
0.22, 14917
0.22, 14120
0.22, 14019
0.22, 13708
0.23, 13707
0.25, 13504
0.25, 13386
0.25, 13364
0.25, 13332
0.25, 13310
0.25, 13227
0.30, 13205
0.33, 12962
0.33, 12823
0.33, 12799
0.34, 12720
0.34, 12712
0.34, 12662
0.34, 12507
0.36, 12435
0.38, 12120
0.41, 11984
0.45, 11937
0.48, 11929
0.48, 11912
0.50, 11700
0.50, 11689
0.50, 11686
0.55, 11658
0.55, 11638
0.56, 11622
0.56, 11415
0.58, 11342
0.59, 11244
0.63, 11233
0.66, 11050
0.67, 10963
0.67, 10944
0.69, 10887
0.69, 10837
0.85, 10834
0.85, 10768
0.94, 10750
0.96, 10748
0.97, 10746
0.97, 10553
1.21, 10527
1.23, 10487
1.35, 10424
1.35, 10375
1.35, 10307
1.52, 10012
1.60, 9989
1.71, 9886
1.84, 9862
2.12, 9853
2.17, 9819
2.20, 9811
2.32, 9745
3.02, 9646
3.10, 9453
3.13, 9448
3.13, 9407
3.16, 9363
3.20, 9328
3.22, 9134
3.28, 8984
3.33, 8976
3.77, 8969
3.80, 8968
3.82, 8953
3.88, 8920
3.90, 8878
4.05, 8809
4.40, 8749
4.71, 8744
4.96, 8734
5.03, 8693
5.29, 8647
5.42, 8630
7.14, 8562
7.67, 8486
8.07, 8292
8.81, 8231
8.99, 8203
9.03, 8163
14.52, 8131
