0.02, 25459
0.02, 25217
0.02, 24838
0.02, 24789
0.03, 24685
0.03, 24507
0.03, 24072
0.03, 24045
0.03, 23701
0.03, 22614
0.05, 22560
0.05, 21994
0.05, 21543
0.05, 21499
0.05, 20392
0.06, 19837
0.06, 19779
0.06, 19714
0.06, 19264
0.06, 18919
0.08, 18695
0.09, 18515
0.09, 18325
0.09, 18071
0.11, 18013
0.11, 17459
0.11, 17178
0.11, 17038
0.11, 16811
0.19, 16322
0.19, 16169
0.20, 15816
0.23, 15710
0.23, 15592
0.25, 15500
0.25, 15478
0.27, 15437
0.27, 15328
0.27, 15322
0.30, 15315
0.30, 15250
0.30, 15114
0.30, 14967
0.31, 14655
0.31, 14568
0.31, 14165
0.33, 14152
0.33, 14065
0.34, 13675
0.34, 13591
0.41, 13544
0.41, 13353
0.42, 13251
0.42, 13036
0.44, 13028
0.44, 13006
0.45, 12452
0.45, 12214
0.45, 11982
0.45, 11957
0.47, 11778
0.48, 11770
0.50, 11448
0.52, 11234
0.53, 11205
0.59, 11025
0.62, 11016
0.64, 10948
0.66, 10880
0.67, 10825
0.75, 10759
0.75, 10654
0.88, 10610
0.88, 10582
0.88, 10565
0.89, 10312
0.93, 10211
0.94, 10189
0.94, 10181
0.97, 10167
0.97, 10164
0.97, 10132
0.99, 10124
0.99, 10111
1.02, 10030
1.07, 10028
1.10, 10027
1.10, 9992
1.22, 9969
1.24, 9965
1.33, 9914
1.35, 9901
1.36, 9776
1.44, 9651
1.46, 9647
1.46, 9566
1.46, 9559
1.49, 9554
1.49, 9550
1.50, 9527
1.55, 9461
1.57, 9358
1.64, 9332
1.69, 9281
1.71, 9224
1.77, 9215
1.88, 9200
1.91, 9184
1.91, 9152
1.91, 9021
2.14, 8997
2.55, 8971
2.56, 8965
2.62, 8914
2.62, 8895
2.67, 8879
2.69, 8843
2.72, 8755
2.85, 8750
3.14, 8702
3.14, 8687
3.25, 8685
3.92, 8674
5.05, 8641
5.41, 8621
5.44, 8581
5.52, 8526
5.59, 8500
5.63, 8494
5.76, 8474
5.84, 8407
6.27, 8279
7.69, 8255
8.16, 8206
9.00, 8202
10.08, 8186
10.30, 8179
10.56, 8088
10.67, 8066
11.28, 8061
14.71, 8015
17.59, 8010
18.52, 8001
