0.01, 27005
0.02, 26426
0.02, 25934
0.02, 25843
0.02, 25778
0.02, 25216
0.02, 24997
0.02, 24555
0.02, 23320
0.02, 23114
0.02, 21739
0.02, 20675
0.02, 20484
0.04, 19938
0.04, 19911
0.04, 19674
0.06, 19334
0.06, 19233
0.07, 19097
0.07, 19006
0.07, 18578
0.09, 18550
0.09, 18266
0.09, 18245
0.09, 18168
0.09, 18077
0.09, 17978
0.10, 17971
0.12, 17829
0.12, 17817
0.12, 17666
0.13, 17582
0.13, 17494
0.16, 17489
0.16, 17483
0.16, 17455
0.16, 17434
0.18, 17381
0.18, 17365
0.18, 16275
0.20, 16083
0.23, 15983
0.23, 15920
0.23, 14954
0.24, 14953
0.26, 14804
0.26, 14741
0.27, 14698
0.29, 14645
0.29, 14619
0.32, 14476
0.32, 14437
0.32, 14288
0.38, 14068
0.38, 14053
0.38, 13796
0.38, 13790
0.41, 13762
0.41, 13305
0.41, 13211
0.43, 13203
0.43, 13143
0.43, 13132
0.46, 12988
0.46, 12982
0.48, 12973
0.51, 12911
0.51, 12818
0.54, 12798
0.60, 12743
0.70, 12507
0.70, 12261
0.70, 12189
0.73, 12050
0.76, 12029
0.84, 12026
0.85, 11747
0.87, 11511
0.87, 11311
0.87, 11294
0.90, 11249
0.91, 10985
0.91, 10942
0.91, 10932
0.98, 10831
0.99, 10778
0.99, 10762
0.99, 10632
1.10, 10576
1.39, 10573
1.41, 10558
1.41, 10348
1.41, 10326
1.44, 10278
1.49, 10188
1.52, 10161
1.55, 10134
1.58, 10106
1.63, 10021
1.81, 9944
1.86, 9868
2.29, 9855
2.46, 9676
2.51, 9616
2.52, 9550
2.54, 9328
2.97, 9251
3.10, 9187
4.30, 9153
4.40, 9152
4.60, 8954
4.65, 8953
4.68, 8923
4.69, 8901
4.72, 8871
4.74, 8861
4.77, 8855
4.77, 8847
4.87, 8833
4.89, 8791
4.90, 8778
5.01, 8720
5.03, 8700
5.04, 8670
5.13, 8643
5.20, 8641
5.51, 8592
5.51, 8563
5.60, 8560
5.65, 8496
5.70, 8495
5.73, 8485
6.63, 8334
6.87, 8276
8.19, 8224
8.37, 8201
8.79, 8182
15.02, 8179
15.22, 8162
20.33, 8153
20.95, 8143
57.13, 8136
60.01, 8121
60.04, 8075
60.05, 8036
60.09, 7950
64.63, 7885
