0.00, 26285
0.02, 26064
0.02, 25765
0.02, 25234
0.02, 24291
0.02, 23733
0.02, 23430
0.02, 23421
0.03, 23344
0.03, 23136
0.03, 21964
0.03, 21645
0.03, 21110
0.05, 20959
0.05, 20683
0.05, 20666
0.05, 20134
0.06, 20072
0.06, 20000
0.06, 19721
0.08, 19623
0.08, 19613
0.08, 19172
0.09, 18993
0.09, 18624
0.11, 18527
0.11, 18360
0.11, 18027
0.15, 17907
0.16, 17720
0.17, 17681
0.18, 17529
0.18, 17153
0.19, 16579
0.19, 16550
0.19, 16138
0.21, 16132
0.21, 15870
0.21, 15800
0.22, 15714
0.22, 15533
0.22, 15495
0.24, 15420
0.24, 15392
0.24, 15381
0.25, 15376
0.27, 15366
0.28, 15229
0.28, 15179
0.30, 15112
0.33, 15068
0.33, 14988
0.38, 14349
0.39, 14340
0.41, 14302
0.41, 14143
0.42, 13815
0.44, 13611
0.49, 13304
0.49, 13271
0.60, 13243
0.63, 12938
0.69, 12888
0.75, 12831
0.83, 12768
0.88, 12760
0.89, 12755
0.99, 12655
1.00, 12653
1.03, 12623
1.06, 12620
1.11, 12254
1.13, 12066
1.16, 12029
1.34, 12026
1.35, 11993
1.37, 11845
1.37, 11839
1.53, 11646
1.54, 11473
1.56, 11461
1.57, 11457
1.57, 11273
1.60, 11268
1.76, 11245
1.78, 11210
1.90, 11182
1.92, 11168
1.93, 11108
1.93, 11071
1.93, 11045
1.99, 11007
2.01, 10965
2.01, 10916
2.22, 10804
2.28, 10713
2.28, 10662
2.30, 10648
2.39, 10617
2.46, 10593
2.46, 10588
2.52, 10508
2.53, 10443
2.58, 10435
2.60, 10423
2.60, 10294
2.61, 10046
2.66, 10033
3.08, 9965
3.08, 9955
3.11, 9911
3.13, 9886
3.19, 9852
3.19, 9814
3.29, 9808
3.30, 9800
3.46, 9791
3.66, 9732
3.74, 9660
3.77, 9658
3.82, 9583
3.83, 9389
3.96, 9352
4.53, 9341
4.65, 9288
4.72, 9151
5.01, 9148
5.43, 9123
7.32, 9112
7.40, 9093
7.57, 8993
7.57, 8976
7.64, 8962
7.64, 8954
7.64, 8943
8.20, 8903
8.20, 8902
8.21, 8899
8.40, 8882
8.70, 8880
9.36, 8855
9.37, 8792
9.39, 8784
9.48, 8734
9.53, 8656
9.64, 8651
9.75, 8572
12.04, 8567
19.39, 8544
21.20, 8540
22.06, 8536
22.15, 8505
22.75, 8504
22.83, 8471
23.08, 8323
42.62, 8320
50.61, 8314
69.68, 8232
70.14, 8216
70.49, 8203
70.60, 8178
70.83, 8010
