0.01, 25636
0.02, 24965
0.03, 24346
0.03, 23669
0.03, 23465
0.04, 23135
0.04, 22976
0.04, 22377
0.05, 22315
0.05, 22293
0.05, 22253
0.06, 21056
0.07, 20730
0.07, 19900
0.08, 19453
0.09, 19270
0.10, 19084
0.10, 18947
0.13, 18908
0.13, 18903
0.14, 18488
0.14, 18050
0.14, 17839
0.15, 17821
0.15, 16866
0.15, 16861
0.17, 16691
0.18, 16636
0.18, 16557
0.18, 16494
0.19, 16381
0.19, 16366
0.19, 16229
0.20, 15286
0.20, 15285
0.21, 15245
0.24, 15002
0.25, 14590
0.25, 14373
0.26, 14305
0.26, 14176
0.27, 14017
0.27, 13835
0.28, 13804
0.28, 13660
0.28, 13622
0.29, 13600
0.32, 13438
0.34, 13347
0.36, 13101
0.38, 12877
0.44, 12844
0.50, 12648
0.50, 12569
0.52, 12517
0.53, 12468
0.54, 12435
0.55, 12148
0.59, 12008
0.59, 11693
0.59, 11633
0.60, 11613
0.60, 11535
0.62, 11443
0.68, 11269
0.69, 11171
0.70, 11027
0.71, 10945
0.71, 10907
0.73, 10877
0.75, 10830
0.85, 10761
1.40, 10657
1.41, 10556
1.41, 10273
1.44, 9930
1.46, 9864
1.54, 9829
1.55, 9801
1.59, 9769
1.59, 9677
1.60, 9664
1.61, 9574
1.61, 9391
1.72, 9301
1.78, 9184
1.97, 9183
2.03, 9180
2.18, 9149
2.26, 9051
2.75, 8986
2.85, 8923
2.97, 8775
3.00, 8752
3.00, 8751
3.25, 8737
3.60, 8707
3.97, 8701
5.93, 8695
6.71, 8681
7.67, 8662
8.05, 8661
8.12, 8658
10.54, 8657
13.04, 8641
13.26, 8601
13.88, 8592
16.50, 8591
16.55, 8567
16.94, 8549
21.02, 8544
32.15, 8529
32.47, 8524
