0.00, 27571
0.02, 27034
0.02, 26516
0.02, 25130
0.02, 25005
0.02, 24576
0.03, 24101
0.03, 24087
0.03, 23778
0.03, 23635
0.03, 23353
0.03, 22007
0.03, 21851
0.05, 21814
0.05, 21801
0.05, 21378
0.05, 21156
0.05, 21134
0.06, 20888
0.06, 20610
0.06, 20542
0.08, 20496
0.08, 20116
0.09, 20026
0.09, 19859
0.09, 19857
0.11, 19616
0.11, 19587
0.11, 19230
0.13, 19053
0.13, 19022
0.14, 18527
0.14, 18143
0.14, 18056
0.16, 17948
0.17, 17865
0.17, 17742
0.17, 17656
0.17, 17630
0.17, 17628
0.17, 17573
0.19, 17416
0.19, 17373
0.19, 17185
0.19, 17157
0.19, 17097
0.20, 16786
0.20, 16618
0.24, 16571
0.24, 16445
0.25, 16284
0.25, 16247
0.27, 15599
0.27, 15536
0.27, 15487
0.28, 15471
0.28, 15458
0.28, 14838
0.30, 14603
0.31, 14360
0.31, 14352
0.33, 14342
0.33, 14075
0.38, 13686
0.39, 13424
0.39, 13164
0.41, 12971
0.41, 12659
0.41, 12605
0.41, 12603
0.41, 12556
0.44, 12410
0.45, 12346
0.45, 12330
0.47, 12117
0.47, 12006
0.47, 11957
0.50, 11930
0.50, 11916
0.50, 11897
0.53, 11763
0.56, 11715
0.58, 11710
0.59, 11573
0.61, 11554
0.61, 11545
0.63, 11390
0.79, 11369
0.79, 11353
0.84, 11329
0.84, 11310
0.85, 11182
0.85, 11181
1.03, 11109
1.11, 10849
1.12, 10813
1.13, 10801
1.13, 10508
1.17, 10434
1.21, 10388
1.21, 10364
1.23, 10354
1.23, 10244
1.26, 10207
1.26, 10131
1.28, 10116
1.28, 10079
1.28, 10042
1.31, 10011
1.34, 9996
1.35, 9989
1.38, 9874
1.38, 9819
1.40, 9757
1.45, 9735
1.63, 9628
1.72, 9579
1.74, 9505
1.75, 9479
1.78, 9448
1.80, 9444
1.82, 9351
1.89, 9251
1.94, 9126
1.97, 9074
2.07, 9022
2.46, 8980
2.47, 8971
2.49, 8899
2.56, 8895
3.14, 8892
4.24, 8863
5.85, 8860
5.93, 8841
5.96, 8782
6.07, 8628
6.07, 8619
6.19, 8569
7.10, 8562
7.52, 8523
20.38, 8472
20.41, 8429
25.75, 8414
29.58, 8222
58.09, 8221
72.51, 8218
72.70, 8209
72.70, 8200
72.71, 8199
81.74, 8192
105.52, 8177
105.59, 8146
106.62, 8120
106.70, 8110
111.84, 8103
