0.02, 26646
0.02, 26049
0.02, 25520
0.02, 24955
0.03, 24239
0.03, 22143
0.05, 21820
0.05, 21420
0.05, 21371
0.05, 21205
0.06, 20775
0.08, 20373
0.08, 19898
0.08, 19349
0.08, 19249
0.08, 18981
0.09, 18967
0.09, 18926
0.09, 18380
0.09, 17730
0.09, 17616
0.09, 17468
0.11, 17440
0.13, 16499
0.13, 16281
0.14, 16278
0.14, 16138
0.14, 15889
0.16, 15885
0.17, 15540
0.17, 15440
0.19, 15140
0.20, 15088
0.22, 15083
0.25, 14947
0.28, 14585
0.28, 14395
0.31, 14211
0.31, 14146
0.33, 14135
0.33, 14004
0.36, 14003
0.36, 13829
0.41, 13699
0.41, 13679
0.42, 13623
0.44, 13534
0.44, 13277
0.45, 13092
0.48, 13085
0.48, 12965
0.48, 12936
0.50, 12926
0.52, 12915
0.63, 12889
0.63, 12619
0.64, 12530
0.66, 12434
0.72, 12339
0.74, 12335
0.81, 12250
0.83, 12179
0.83, 12176
0.83, 11843
0.86, 11757
0.91, 11737
0.92, 11624
0.92, 11617
0.92, 11527
0.97, 11421
0.98, 11289
1.00, 11277
1.03, 11168
1.03, 11002
1.05, 10977
1.06, 10951
1.12, 10911
1.19, 10893
1.25, 10871
1.26, 10848
1.26, 10722
1.34, 10512
1.36, 10428
1.37, 10156
1.45, 10108
1.47, 10022
1.47, 9923
1.48, 9672
1.50, 9597
1.51, 9440
1.53, 9129
1.66, 8980
1.94, 8970
1.94, 8961
2.24, 8870
2.25, 8806
2.25, 8777
2.38, 8775
2.53, 8683
2.92, 8622
3.05, 8617
3.96, 8603
3.96, 8504
3.97, 8500
4.36, 8487
4.46, 8469
4.46, 8417
4.46, 8395
4.49, 8360
5.55, 8313
6.03, 8306
16.47, 8248
16.49, 8241
27.70, 8210
29.24, 8117
29.27, 8110
29.85, 8041
31.16, 8023
31.26, 8018
31.29, 7986
