0.02, 24861
0.02, 24760
0.03, 24431
0.03, 24119
0.03, 23761
0.03, 23719
0.05, 23713
0.05, 23452
0.05, 23024
0.05, 23015
0.05, 22399
0.06, 22136
0.06, 22003
0.06, 21272
0.06, 20504
0.06, 19481
0.09, 19473
0.09, 19243
0.11, 18820
0.12, 18708
0.12, 18667
0.12, 18268
0.12, 18266
0.12, 18120
0.12, 18086
0.14, 18052
0.14, 17658
0.14, 17293
0.16, 17244
0.16, 17212
0.16, 16788
0.16, 16771
0.17, 16759
0.17, 16749
0.17, 16127
0.17, 16115
0.17, 15986
0.17, 15836
0.17, 15678
0.19, 15663
0.20, 15657
0.21, 15620
0.21, 15532
0.21, 15510
0.22, 15428
0.23, 15387
0.23, 15176
0.24, 15061
0.24, 14804
0.27, 14801
0.27, 14662
0.27, 14506
0.27, 14470
0.27, 14386
0.27, 14264
0.28, 14149
0.28, 13909
0.30, 13792
0.30, 13670
0.30, 13660
0.30, 13547
0.33, 13500
0.33, 13451
0.35, 13399
0.35, 13263
0.35, 13212
0.35, 12977
0.36, 12964
0.38, 12850
0.38, 12793
0.39, 12550
0.42, 12501
0.42, 12341
0.46, 12237
0.47, 12231
0.47, 12211
0.47, 12210
0.49, 11862
0.52, 11711
0.53, 11704
0.60, 11693
0.75, 11671
0.75, 11657
0.75, 11646
0.75, 11487
0.77, 11211
0.78, 11171
0.78, 11113
0.83, 11071
0.88, 11016
1.00, 10998
1.00, 10909
1.00, 10844
1.14, 10827
1.16, 10791
1.23, 10715
1.34, 10585
1.47, 10554
1.50, 10428
1.53, 10342
1.53, 10341
1.53, 10308
1.59, 10215
1.64, 10163
1.75, 10154
1.81, 10082
2.04, 10073
2.07, 10056
2.09, 10045
2.12, 9913
2.15, 9890
2.20, 9884
2.21, 9866
2.22, 9840
2.22, 9705
2.24, 9657
2.24, 9655
2.42, 9637
2.67, 9602
2.75, 9588
3.26, 9486
3.26, 9477
3.36, 9449
3.39, 9430
4.50, 9288
4.50, 9261
4.55, 9238
4.59, 9233
4.89, 9167
5.09, 9115
5.09, 8940
6.12, 8888
6.58, 8792
6.88, 8731
6.89, 8696
7.53, 8581
7.54, 8320
7.56, 8289
7.56, 8164
7.58, 8061
8.49, 8031
9.39, 8017
51.98, 7931
52.56, 7902
52.82, 7895
52.84, 7887
52.85, 7886
70.67, 7877
71.64, 7871
71.74, 7865
110.16, 7856
110.42, 7854
110.53, 7839
