0.02, 26193
0.02, 24921
0.02, 24485
0.03, 23697
0.04, 22608
0.04, 22531
0.04, 21497
0.05, 21067
0.05, 20616
0.05, 20445
0.05, 20401
0.07, 20221
0.07, 20107
0.07, 19804
0.07, 19779
0.08, 19435
0.10, 19211
0.10, 19198
0.10, 19012
0.10, 18726
0.11, 18101
0.11, 18026
0.11, 18007
0.13, 17767
0.13, 17515
0.16, 17149
0.16, 16867
0.17, 16309
0.17, 16032
0.17, 16026
0.19, 15879
0.19, 15703
0.19, 15420
0.19, 15125
0.19, 15082
0.21, 14865
0.24, 14574
0.24, 14175
0.26, 14085
0.26, 13957
0.26, 13824
0.28, 13764
0.28, 13681
0.29, 13668
0.29, 13590
0.31, 13540
0.31, 13527
0.32, 13525
0.37, 13469
0.37, 13464
0.38, 13454
0.38, 12986
0.44, 12979
0.44, 12812
0.44, 12607
0.51, 12597
0.52, 12424
0.54, 12397
0.55, 12260
0.58, 12134
0.58, 12122
0.60, 12070
0.61, 12058
0.61, 12037
0.63, 12007
0.63, 11976
0.63, 11957
0.65, 11930
0.65, 11725
0.65, 11675
0.69, 11500
0.71, 11427
0.72, 11351
0.74, 11288
0.76, 11211
0.79, 11205
0.87, 11094
0.87, 11046
0.88, 11031
0.90, 11000
0.91, 10955
0.91, 10915
0.91, 10864
0.97, 10863
1.01, 10777
1.20, 10769
1.22, 10694
1.22, 10658
1.26, 10602
1.28, 10588
1.28, 10540
1.31, 10493
1.43, 10141
1.57, 10058
1.73, 10000
1.84, 9821
1.86, 9816
1.87, 9659
1.97, 9548
1.98, 9415
2.05, 9395
2.14, 9021
2.22, 8994
2.33, 8977
2.33, 8953
2.84, 8928
3.20, 8926
3.34, 8824
3.55, 8808
3.55, 8804
3.56, 8736
3.56, 8723
3.58, 8717
3.58, 8647
3.58, 8592
3.58, 8566
3.61, 8558
3.64, 8549
3.73, 8546
3.77, 8458
3.83, 8245
3.83, 8236
3.87, 8234
3.91, 8156
3.92, 8118
3.92, 8113
4.10, 8017
5.38, 8013
5.50, 8012
5.52, 7984
29.97, 7968
30.85, 7964
31.11, 7955
33.55, 7936
41.16, 7902
41.24, 7885
48.06, 7798
