0.00, 25207
0.02, 23920
0.03, 23082
0.03, 22665
0.03, 22337
0.03, 22211
0.03, 22176
0.05, 22125
0.05, 22045
0.05, 21546
0.06, 21458
0.08, 21222
0.08, 21184
0.08, 21163
0.09, 21118
0.09, 21089
0.09, 20982
0.11, 20956
0.11, 20524
0.11, 20492
0.11, 20358
0.11, 20339
0.13, 20319
0.13, 20078
0.13, 19927
0.14, 19885
0.14, 19185
0.14, 18904
0.14, 18881
0.16, 18663
0.16, 18465
0.16, 18322
0.16, 18297
0.16, 18276
0.17, 17592
0.17, 17261
0.19, 17231
0.19, 17095
0.20, 16915
0.20, 16862
0.22, 16218
0.22, 16142
0.23, 16046
0.23, 15909
0.25, 15852
0.25, 15728
0.25, 15238
0.25, 14545
0.33, 14534
0.33, 14511
0.38, 14496
0.41, 14383
0.41, 14116
0.44, 13808
0.44, 13696
0.45, 13487
0.50, 13211
0.50, 13162
0.52, 13156
0.53, 13111
0.53, 13075
0.57, 13072
0.58, 13046
0.59, 13041
0.61, 13023
0.61, 12927
0.64, 12879
0.70, 12748
0.72, 12733
0.75, 12718
0.77, 12681
0.77, 12670
0.79, 12651
0.80, 12507
0.83, 12445
0.85, 12024
0.89, 11902
0.92, 11859
1.28, 11858
1.30, 11779
1.32, 11773
1.33, 11710
1.60, 11670
1.67, 11662
1.71, 11547
1.72, 11171
1.72, 11112
1.78, 11093
1.85, 10926
1.91, 10873
1.91, 10816
1.93, 10786
1.94, 10721
2.01, 10685
2.10, 10558
2.35, 10391
2.49, 10374
2.49, 10133
2.49, 10128
2.53, 10037
2.55, 10029
2.56, 10001
2.58, 9982
2.61, 9885
2.63, 9881
2.63, 9876
2.63, 9719
2.77, 9545
2.85, 9493
2.89, 9467
2.96, 9264
2.96, 9263
2.97, 9167
2.97, 9036
2.97, 8868
2.99, 8785
3.10, 8765
3.19, 8710
3.25, 8660
3.28, 8604
3.28, 8574
3.30, 8485
3.50, 8387
3.83, 8321
3.93, 8310
5.88, 8303
7.04, 8290
7.11, 8269
7.11, 8264
11.95, 8188
16.10, 8141
16.60, 8108
17.19, 8031
19.58, 8030
48.36, 8006
48.44, 8005
48.51, 7985
50.23, 7963
50.36, 7914
