0.00, 26452
0.02, 26003
0.02, 25948
0.02, 25832
0.02, 25647
0.02, 25356
0.02, 24929
0.03, 24683
0.03, 24175
0.03, 23697
0.05, 23543
0.05, 23280
0.05, 22883
0.05, 22502
0.05, 22418
0.05, 22065
0.05, 21576
0.06, 21356
0.06, 21315
0.06, 21050
0.06, 20344
0.09, 20317
0.09, 20295
0.09, 20136
0.11, 20126
0.13, 20003
0.13, 19957
0.13, 19662
0.14, 19271
0.14, 19134
0.14, 19008
0.14, 18590
0.16, 18365
0.16, 18323
0.17, 18242
0.19, 18100
0.19, 17825
0.20, 17746
0.20, 17483
0.20, 17327
0.22, 17288
0.22, 17191
0.23, 17187
0.25, 17148
0.27, 17040
0.27, 17031
0.27, 16916
0.28, 16842
0.30, 16820
0.30, 16811
0.31, 16623
0.32, 16388
0.32, 15814
0.36, 15808
0.36, 15792
0.37, 15747
0.37, 15246
0.40, 15210
0.40, 15203
0.40, 15117
0.41, 15066
0.41, 15050
0.41, 14935
0.43, 14822
0.44, 14720
0.44, 14547
0.46, 14534
0.46, 14172
0.46, 13829
0.47, 13793
0.54, 13486
0.54, 13480
0.54, 13477
0.54, 13456
0.55, 13265
0.58, 13240
0.58, 13134
0.66, 13059
0.68, 12647
0.68, 12592
0.69, 12562
0.71, 12559
0.72, 12541
0.72, 12537
0.79, 12509
0.82, 12501
0.90, 12241
0.91, 12139
0.91, 12047
0.93, 11998
0.93, 11976
0.96, 11940
0.99, 11915
1.01, 11864
1.02, 11841
1.04, 11795
1.05, 11778
1.07, 11754
1.07, 11738
1.08, 11616
1.08, 11505
1.08, 11437
1.10, 11428
1.11, 11389
1.13, 11369
1.16, 11317
1.16, 11289
1.19, 11170
1.19, 10840
1.21, 10790
1.21, 10751
1.22, 10633
1.22, 10602
1.22, 10557
1.24, 10512
1.26, 10501
1.29, 10476
1.38, 10348
1.38, 10263
1.40, 10226
1.49, 10191
1.99, 10171
2.38, 10095
2.39, 9904
2.43, 9902
2.44, 9852
2.64, 9745
2.75, 9736
2.77, 9731
2.99, 9707
2.99, 9696
3.05, 9691
3.27, 9690
4.31, 9613
4.55, 9584
7.27, 9528
7.61, 9291
9.23, 9222
9.25, 9143
9.53, 9080
9.66, 8962
10.37, 8953
10.45, 8875
10.60, 8874
11.83, 8808
11.94, 8807
12.36, 8804
15.49, 8724
16.13, 8717
17.24, 8627
18.34, 8509
18.95, 8502
31.08, 8488
36.18, 8412
81.37, 8411
110.83, 8400
