0.00, 25214
0.02, 23972
0.02, 23547
0.03, 22820
0.03, 22381
0.03, 22237
0.03, 22235
0.03, 22169
0.03, 21721
0.03, 21409
0.03, 21275
0.05, 21228
0.05, 20480
0.05, 20063
0.05, 19167
0.06, 18796
0.06, 18757
0.08, 18624
0.08, 18613
0.08, 18599
0.09, 18480
0.11, 18368
0.11, 18343
0.11, 17993
0.11, 17786
0.11, 17621
0.11, 17589
0.14, 17539
0.14, 17534
0.14, 17511
0.16, 17416
0.16, 17162
0.16, 17129
0.16, 16522
0.16, 16233
0.17, 16154
0.17, 16016
0.17, 15808
0.19, 15733
0.19, 15664
0.19, 15619
0.19, 15481
0.22, 15410
0.22, 15256
0.22, 15091
0.27, 15079
0.28, 15059
0.28, 14993
0.28, 14985
0.28, 14948
0.30, 14690
0.30, 14334
0.30, 14309
0.30, 13938
0.31, 13779
0.33, 13419
0.33, 13368
0.36, 13333
0.38, 13300
0.38, 13127
0.44, 13095
0.44, 12840
0.47, 12837
0.55, 12835
0.55, 12458
0.56, 12337
0.58, 12049
0.59, 11897
0.64, 11892
0.67, 11768
0.67, 11547
0.67, 11462
0.70, 11439
0.70, 11179
0.70, 11152
0.72, 10642
0.78, 10619
0.78, 10442
0.78, 10221
0.80, 10158
0.81, 10082
0.88, 10081
0.89, 10061
0.91, 10051
1.04, 9987
1.07, 9923
1.13, 9920
1.49, 9851
1.55, 9692
1.70, 9610
1.70, 9587
1.74, 9547
1.82, 9485
1.82, 9337
1.84, 9318
1.91, 9296
2.27, 9261
2.28, 9252
2.30, 9077
2.35, 9055
2.36, 9040
2.58, 9012
2.64, 8999
2.71, 8846
2.78, 8798
3.19, 8769
3.44, 8748
3.63, 8715
4.21, 8703
4.21, 8685
4.26, 8680
4.27, 8543
4.32, 8430
4.35, 8402
4.37, 8358
4.74, 8356
5.03, 8340
6.14, 8334
6.71, 8312
6.74, 8265
7.65, 8259
7.94, 8258
9.74, 8235
10.68, 8224
11.07, 8205
11.85, 8075
13.46, 8058
28.68, 8007
31.80, 7990
31.81, 7968
