0.02, 25387
0.05, 25364
0.05, 24753
0.05, 24688
0.05, 24162
0.05, 23965
0.05, 23852
0.06, 23555
0.06, 23167
0.06, 22898
0.06, 22408
0.08, 22402
0.08, 22366
0.08, 21282
0.09, 21201
0.11, 21146
0.11, 20898
0.11, 20483
0.14, 20336
0.14, 20327
0.16, 20104
0.16, 20089
0.16, 19620
0.16, 19463
0.16, 19012
0.16, 18840
0.17, 18754
0.17, 18444
0.20, 18209
0.20, 17241
0.23, 17236
0.23, 17201
0.23, 17168
0.25, 17051
0.25, 16851
0.25, 16807
0.25, 16258
0.27, 16236
0.28, 16220
0.28, 16165
0.28, 15899
0.28, 15590
0.30, 15393
0.30, 15323
0.31, 14980
0.31, 14854
0.33, 14802
0.33, 14641
0.34, 14527
0.34, 14439
0.34, 14387
0.36, 14144
0.38, 13845
0.42, 13796
0.45, 13772
0.47, 13639
0.47, 13577
0.47, 13393
0.47, 13278
0.48, 13218
0.52, 13096
0.52, 13050
0.53, 12923
0.55, 12906
0.56, 12889
0.59, 12887
0.61, 12694
0.61, 12385
0.63, 12330
0.67, 12287
0.70, 12231
0.70, 12212
0.70, 12158
0.70, 12155
0.71, 11872
0.71, 11809
0.71, 11792
0.73, 11707
0.75, 11703
0.76, 11662
0.82, 11657
0.84, 11404
0.84, 11139
0.85, 11054
0.90, 10630
0.98, 10605
1.06, 10451
1.06, 10436
1.25, 10315
1.28, 10266
1.29, 10246
1.37, 10225
1.77, 10183
1.80, 9930
2.21, 9914
2.21, 9832
2.29, 9825
2.32, 9822
2.41, 9694
2.51, 9570
2.68, 9552
3.32, 9544
5.23, 9540
5.43, 9510
5.79, 9409
5.99, 9406
6.13, 9374
6.54, 9296
6.62, 9226
6.70, 9200
6.78, 9155
6.95, 9125
7.24, 9098
7.27, 9097
7.63, 9075
8.74, 9063
9.23, 9028
9.63, 9007
9.66, 8983
9.78, 8960
10.10, 8955
12.38, 8847
13.94, 8818
14.05, 8783
14.16, 8721
14.19, 8670
14.27, 8630
14.28, 8617
14.41, 8616
14.64, 8605
14.75, 8568
15.66, 8560
15.70, 8423
35.50, 8418
36.58, 8405
52.06, 8324
99.79, 8270
99.82, 8264
