0.00, 26567
0.00, 25849
0.02, 25072
0.02, 22820
0.02, 22681
0.03, 22420
0.03, 22053
0.03, 21572
0.05, 21206
0.05, 21184
0.05, 21118
0.06, 21102
0.06, 21008
0.06, 20875
0.06, 20727
0.08, 20692
0.08, 20673
0.08, 20665
0.09, 20178
0.09, 20083
0.09, 20043
0.09, 20013
0.11, 20003
0.11, 19921
0.15, 19900
0.15, 19792
0.16, 19092
0.16, 18938
0.18, 18719
0.18, 18557
0.18, 18375
0.18, 17421
0.18, 17247
0.18, 17172
0.19, 17044
0.21, 17010
0.22, 16980
0.24, 16828
0.24, 16648
0.24, 16428
0.24, 16394
0.26, 16270
0.26, 15779
0.27, 15770
0.27, 15736
0.27, 15558
0.27, 15310
0.29, 14574
0.29, 14427
0.30, 14252
0.32, 14251
0.32, 14074
0.40, 13788
0.40, 13775
0.40, 13586
0.41, 13486
0.44, 13423
0.46, 13347
0.46, 12878
0.55, 12854
0.59, 12827
0.60, 12754
0.61, 12728
0.63, 12710
0.66, 12487
0.68, 12478
0.68, 12464
0.69, 12380
0.70, 12349
0.71, 12308
0.72, 12226
0.73, 12186
0.74, 12066
0.78, 11995
0.79, 11802
0.84, 11693
0.84, 11635
0.85, 11385
0.87, 11379
0.91, 11332
0.91, 11302
0.94, 11260
0.96, 10886
0.97, 10809
1.00, 10802
1.04, 10760
1.04, 10753
1.07, 10706
1.07, 10691
1.08, 10653
1.18, 10625
1.43, 10603
1.53, 10450
1.72, 10442
2.07, 10402
2.13, 10307
2.15, 10283
2.15, 10094
2.21, 10063
2.23, 10041
2.24, 10021
2.32, 10013
2.45, 9943
2.54, 9799
2.69, 9698
2.73, 9665
3.31, 9651
3.66, 9634
3.66, 9445
3.74, 9425
4.09, 9310
4.18, 9295
4.20, 9229
4.20, 9218
5.12, 9203
5.14, 9171
5.15, 9077
5.25, 9076
5.54, 9030
6.51, 9026
6.80, 9013
7.16, 8990
7.47, 8948
7.52, 8942
7.90, 8925
18.17, 8901
20.25, 8877
20.75, 8864
21.03, 8834
21.05, 8807
21.72, 8598
21.75, 8579
22.63, 8503
34.14, 8478
34.16, 8445
41.17, 8392
41.85, 8339
42.75, 8338
44.72, 8315
64.53, 8314
64.75, 8251
64.89, 8246
88.93, 8233
