0.00, 25609
0.02, 25537
0.02, 24741
0.02, 24087
0.02, 23510
0.02, 23469
0.03, 23214
0.03, 23008
0.03, 22136
0.05, 21602
0.05, 21451
0.05, 20675
0.05, 20349
0.05, 20270
0.05, 20066
0.08, 19960
0.08, 19876
0.08, 19588
0.08, 19492
0.09, 19418
0.09, 19372
0.11, 19329
0.11, 19045
0.13, 19021
0.14, 18901
0.14, 18386
0.16, 18337
0.16, 18051
0.16, 17922
0.16, 17905
0.16, 17874
0.17, 17762
0.17, 17125
0.17, 16975
0.17, 16951
0.17, 16891
0.19, 16404
0.19, 16358
0.19, 16219
0.20, 16141
0.21, 16063
0.22, 15999
0.23, 15762
0.24, 15510
0.24, 15457
0.25, 15075
0.26, 15042
0.26, 15007
0.26, 15005
0.26, 14971
0.27, 14953
0.29, 14916
0.30, 14883
0.30, 14773
0.30, 14696
0.30, 14651
0.32, 14637
0.35, 14495
0.35, 14326
0.35, 14323
0.36, 14277
0.36, 14199
0.36, 13966
0.38, 13727
0.38, 13715
0.40, 13269
0.41, 13243
0.41, 13228
0.43, 13193
0.44, 13173
0.44, 12949
0.44, 12934
0.46, 12762
0.51, 12383
0.51, 12361
0.54, 12322
0.54, 12263
0.54, 12252
0.57, 12090
0.62, 12036
0.62, 11937
0.62, 11787
0.62, 11670
0.63, 11661
0.66, 11553
0.66, 11490
0.66, 11419
0.68, 11392
0.68, 11351
0.68, 11286
0.71, 11028
0.73, 10964
0.74, 10908
0.77, 10877
0.77, 10828
0.82, 10722
0.84, 10659
0.85, 10602
0.87, 10577
0.87, 10528
0.87, 10469
0.90, 10462
0.90, 10444
0.91, 10443
0.94, 10381
0.96, 10380
0.96, 10343
0.98, 10192
0.99, 10163
1.02, 10155
1.08, 10147
1.08, 10132
1.21, 10079
1.24, 9990
1.66, 9983
1.67, 9969
1.86, 9946
1.88, 9696
1.94, 9570
2.05, 9561
2.08, 9543
2.10, 9532
2.35, 9406
3.47, 9373
3.94, 9367
4.49, 9366
4.74, 9350
5.75, 9338
5.80, 9333
6.08, 9302
6.27, 9301
6.27, 9200
6.27, 9181
6.60, 9160
6.76, 9006
7.29, 9003
7.82, 8999
7.85, 8998
7.86, 8862
8.02, 8843
8.02, 8842
8.05, 8828
8.19, 8805
8.25, 8741
9.10, 8698
9.16, 8588
10.04, 8536
12.16, 8531
12.34, 8511
12.40, 8506
12.46, 8486
12.57, 8461
12.59, 8451
13.96, 8400
14.84, 8372
14.84, 8352
15.14, 8341
15.19, 8267
15.22, 8223
16.67, 8147
27.01, 8145
38.94, 8097
112.92, 8074
