0.00, 3002299
0.00, 2986163
0.00, 2949322
0.00, 2769100
0.00, 2744333
0.00, 2699506
0.00, 2626622
0.00, 2610180
0.02, 2608475
0.02, 2434288
0.02, 2337148
0.02, 2281725
0.02, 2203872
0.02, 2178636
0.08, 2134791
0.14, 2129067
0.16, 2114805
0.17, 2059092
0.17, 2034817
0.48, 2012363
0.48, 2000098
0.80, 1964816
1.09, 1956789
1.41, 1942379
1.69, 1912062
1.99, 1881718
1.99, 1841387
2.29, 1837191
2.57, 1790740
2.87, 1785935
3.16, 1766767
3.16, 1765988
3.46, 1761996
3.46, 1732908
3.74, 1645807
4.04, 1615158
4.33, 1570267
4.62, 1545789
4.91, 1498830
5.21, 1485176
5.49, 1426880
5.79, 1410254
6.07, 1380950
6.37, 1373723
6.65, 1356259
6.93, 1344874
7.21, 1342308
7.51, 1321936
7.79, 1309228
8.07, 1301990
8.35, 1298920
8.63, 1270726
8.91, 1231096
9.19, 1210477
9.47, 1200622
9.74, 1169118
10.02, 1162869
10.30, 1151264
10.58, 1144697
10.86, 1144609
11.13, 1137573
11.41, 1132589
11.68, 1084985
11.96, 1077894
12.22, 1069368
12.50, 1053658
12.77, 1035816
13.05, 1027269
13.32, 1018910
13.58, 1003062
13.85, 1001639
14.11, 983201
14.40, 975289
14.66, 954008
14.93, 945204
15.21, 944405
15.49, 943511
15.77, 942526
16.04, 940818
16.30, 940766
16.60, 938051
16.86, 937971
17.18, 937535
17.52, 936825
17.82, 933535
18.08, 932650
18.41, 932399
