0.02, 2952841
0.02, 2946366
0.02, 2943885
0.02, 2861939
0.02, 2837231
0.02, 2735053
0.02, 2723292
0.02, 2679763
0.02, 2658706
0.02, 2465734
0.02, 2463999
0.02, 2459043
0.02, 2427732
0.03, 2413921
0.03, 2386330
0.03, 2367905
0.03, 2355191
0.03, 2303423
0.05, 2292175
0.05, 2255427
0.05, 2232029
0.05, 2216595
0.08, 2127629
0.11, 2123283
0.11, 2023391
0.11, 1969546
0.44, 1933834
0.78, 1930940
1.08, 1902149
1.37, 1775433
1.67, 1746163
1.95, 1742473
2.25, 1737268
2.55, 1734986
2.84, 1706302
3.14, 1700454
3.42, 1666448
3.72, 1661787
4.01, 1627317
4.30, 1590120
4.59, 1552099
4.59, 1535696
4.89, 1491237
5.17, 1488228
5.47, 1487276
5.77, 1485885
6.04, 1453097
6.34, 1452592
6.62, 1413267
6.92, 1397081
7.20, 1358805
7.50, 1351307
7.78, 1326809
8.06, 1305157
8.34, 1277457
8.62, 1271756
8.92, 1270916
9.20, 1267966
9.48, 1251204
9.74, 1191587
10.03, 1190169
10.31, 1186931
10.59, 1163701
10.85, 1153602
11.14, 1141668
11.43, 1135141
11.70, 1127047
11.98, 1109292
12.26, 1097084
12.53, 1096996
12.81, 1089406
13.07, 1087734
13.35, 1082690
13.62, 1079992
13.88, 1049291
14.17, 1048570
14.43, 1038401
14.70, 1037479
14.96, 1029846
15.24, 1002859
15.51, 996032
15.77, 987178
16.04, 973550
16.31, 966557
16.62, 960783
16.89, 948797
17.52, 944572
