0.02, 2509555
0.02, 2490737
0.02, 2472671
0.03, 2467642
0.03, 2426647
0.03, 2392327
0.03, 2383073
0.03, 2329002
0.03, 2325099
0.03, 2316300
0.05, 2291895
0.05, 2272476
0.05, 2231536
0.06, 2203382
0.06, 2202934
0.06, 2157633
0.11, 2133661
0.17, 2127720
0.20, 2082444
0.22, 2026906
0.44, 1949032
0.77, 1864256
1.06, 1858139
1.06, 1844797
1.36, 1828361
1.66, 1780140
1.95, 1770086
2.25, 1727499
2.55, 1726844
2.83, 1699053
3.13, 1696747
3.41, 1615063
3.71, 1587320
4.01, 1548799
4.29, 1536882
4.58, 1534333
4.88, 1531200
5.16, 1521624
5.46, 1456448
5.74, 1449483
6.04, 1415312
6.32, 1410320
6.61, 1389194
6.90, 1378728
7.18, 1362683
7.46, 1362298
7.75, 1359295
8.04, 1337246
8.32, 1307589
8.60, 1290450
8.88, 1276722
9.16, 1276528
9.44, 1257491
9.74, 1254996
10.04, 1238545
10.32, 1222325
10.60, 1210055
10.91, 1189835
11.19, 1184822
11.49, 1173638
11.77, 1173503
12.04, 1162980
12.32, 1162718
12.59, 1156918
12.87, 1132407
13.13, 1129832
13.42, 1127895
13.68, 1115871
13.95, 1077836
14.23, 1061865
14.49, 1055814
14.77, 1054850
15.06, 1045400
15.32, 1038388
15.60, 1027049
15.87, 1024131
16.13, 1017414
16.40, 1009330
16.66, 1008336
16.93, 1003648
17.20, 994968
17.46, 987429
17.73, 985617
17.99, 971374
18.40, 964104
