0.02, 2549772
0.02, 2380899
0.03, 2355650
0.03, 2349963
0.03, 2328086
0.05, 2279903
0.05, 2209252
0.05, 2123967
0.09, 2073428
0.09, 2026892
0.38, 2000882
0.38, 1997482
0.38, 1988344
0.41, 1975077
0.74, 1921851
1.06, 1859786
1.06, 1856780
1.36, 1754571
1.38, 1752678
1.67, 1687766
1.97, 1675249
2.26, 1637382
2.56, 1599322
2.86, 1588372
3.15, 1574315
3.45, 1561926
3.73, 1545280
4.03, 1531999
4.33, 1517794
4.62, 1506979
4.92, 1494925
5.20, 1474266
5.50, 1446081
5.79, 1425773
6.07, 1406596
6.37, 1398993
6.67, 1395613
7.03, 1384064
7.42, 1371981
7.72, 1371581
8.01, 1354590
8.29, 1344491
8.57, 1338067
8.86, 1295971
9.14, 1288225
9.42, 1279090
9.70, 1236272
9.98, 1232828
10.26, 1199644
10.54, 1191731
10.82, 1174268
11.10, 1167141
11.37, 1155523
11.65, 1146762
11.93, 1145194
12.21, 1123043
12.48, 1108631
12.75, 1090669
13.03, 1081484
13.30, 1068764
13.57, 1056691
13.85, 1055448
14.11, 1051014
14.38, 1040878
14.64, 1014973
14.91, 993852
15.17, 991709
15.44, 982553
15.72, 982380
15.99, 981613
16.24, 977856
16.52, 973035
16.78, 971340
17.05, 962407
17.33, 959388
17.60, 958477
17.86, 955507
18.13, 954306
18.45, 953422
18.73, 942589
18.98, 937215
19.26, 936976
19.54, 936287
19.80, 929217
20.15, 928100
