0.02, 24503
0.02, 24387
0.02, 24327
0.03, 23133
0.03, 22890
0.03, 22526
0.05, 22340
0.05, 20881
0.05, 20596
0.05, 20353
0.05, 20144
0.06, 20007
0.06, 19662
0.06, 19265
0.08, 18906
0.11, 18062
0.11, 17847
0.11, 17510
0.11, 17269
0.13, 16940
0.13, 16682
0.13, 16673
0.13, 16630
0.14, 16492
0.14, 16417
0.16, 16397
0.16, 16115
0.16, 16070
0.16, 15971
0.16, 15858
0.17, 15842
0.17, 15665
0.19, 15588
0.19, 15141
0.20, 14803
0.20, 14699
0.22, 14698
0.22, 14453
0.25, 14015
0.27, 13897
0.28, 13856
0.30, 13610
0.30, 13539
0.30, 13510
0.31, 13506
0.33, 13485
0.34, 13469
0.34, 13404
0.36, 13293
0.37, 13168
0.39, 12844
0.41, 12304
0.42, 12202
0.45, 12120
0.45, 12041
0.48, 12021
0.56, 11920
0.59, 11880
0.62, 11754
0.65, 11701
0.70, 11685
0.70, 11655
0.75, 11602
0.79, 11389
0.81, 11313
0.84, 11221
0.86, 11190
0.90, 11063
0.90, 11001
0.98, 10996
1.03, 10932
1.07, 10921
1.17, 10796
1.18, 10721
1.23, 10430
1.25, 10388
1.26, 10387
1.31, 10336
1.43, 10252
1.57, 10209
1.59, 10028
1.73, 9911
1.81, 9893
1.92, 9881
2.05, 9880
2.36, 9879
2.39, 9849
3.62, 9649
3.92, 9642
3.94, 9619
4.09, 9479
4.12, 9451
4.12, 9450
4.19, 9375
4.45, 9325
4.48, 9297
4.48, 9222
5.53, 9127
6.09, 8976
6.09, 8881
6.11, 8808
6.36, 8805
6.90, 8783
6.90, 8766
8.51, 8696
8.76, 8679
8.79, 8614
8.82, 8555
8.88, 8500
16.84, 8493
16.95, 8397
17.01, 8268
17.09, 8265
18.27, 8264
19.35, 8241
39.48, 8151
46.15, 8104
46.28, 8028
