0.00, 27048
0.02, 26881
0.02, 26624
0.02, 26598
0.02, 26392
0.02, 26275
0.03, 25564
0.03, 25353
0.03, 24147
0.03, 22482
0.03, 21769
0.03, 20477
0.03, 20129
0.03, 19915
0.05, 19486
0.05, 18864
0.06, 18629
0.06, 18570
0.06, 18292
0.06, 18280
0.09, 18165
0.09, 18129
0.09, 18111
0.13, 17816
0.14, 17505
0.14, 17489
0.14, 16987
0.14, 16784
0.16, 15862
0.17, 15832
0.17, 15817
0.19, 15770
0.20, 15428
0.20, 15361
0.20, 15297
0.20, 15270
0.20, 15163
0.22, 15031
0.22, 14810
0.23, 14569
0.25, 14502
0.25, 14485
0.27, 14457
0.28, 14423
0.28, 14353
0.28, 14346
0.30, 14132
0.30, 14003
0.30, 13968
0.30, 13828
0.31, 13701
0.33, 13641
0.33, 13161
0.36, 13103
0.38, 13032
0.38, 12936
0.39, 12748
0.42, 12747
0.42, 12729
0.44, 12713
0.45, 12647
0.45, 12473
0.45, 12263
0.48, 12052
0.48, 12014
0.50, 12012
0.50, 11972
0.50, 11934
0.55, 11862
0.56, 11857
0.58, 11856
0.63, 11743
0.70, 11735
0.72, 11730
0.72, 11725
0.72, 11718
0.72, 11297
0.73, 11264
0.76, 11231
0.76, 11168
0.78, 11049
0.78, 10985
0.80, 10958
0.80, 10700
0.80, 10677
0.83, 10676
0.83, 10596
0.84, 10452
0.84, 10245
0.91, 10232
0.92, 10015
1.00, 9950
1.03, 9945
1.06, 9902
1.11, 9879
1.14, 9864
1.16, 9750
1.19, 9731
1.20, 9602
1.22, 9568
1.44, 9453
1.50, 9439
1.58, 9432
1.61, 9417
1.71, 9405
1.76, 9379
1.76, 9317
1.77, 9309
1.82, 9297
1.82, 9242
1.90, 9169
2.21, 9167
2.72, 9125
2.72, 9117
2.81, 9097
2.99, 8827
2.99, 8787
3.00, 8786
3.10, 8785
3.11, 8779
3.63, 8771
3.63, 8764
3.66, 8756
3.79, 8751
3.84, 8728
3.90, 8687
3.98, 8685
4.02, 8634
4.15, 8574
4.15, 8510
4.27, 8463
4.34, 8429
5.74, 8312
5.77, 8311
5.77, 8306
6.11, 8236
6.28, 8214
6.33, 8209
6.35, 8199
6.36, 7970
6.38, 7965
9.61, 7963
9.61, 7929
9.68, 7910
9.78, 7874
9.85, 7824
9.92, 7542
