0.00, 25091
0.00, 24258
0.02, 23961
0.02, 23062
0.02, 22876
0.02, 22593
0.02, 21657
0.03, 21442
0.03, 20737
0.05, 20495
0.05, 20239
0.05, 19948
0.06, 19877
0.06, 19274
0.08, 19222
0.08, 19206
0.09, 19027
0.09, 18856
0.09, 18492
0.09, 17490
0.11, 17230
0.11, 17175
0.11, 17092
0.11, 16842
0.13, 16836
0.14, 16733
0.16, 16669
0.16, 16615
0.16, 16591
0.16, 16555
0.17, 16402
0.19, 16145
0.20, 15618
0.22, 15495
0.24, 15209
0.24, 15180
0.25, 15047
0.25, 14969
0.25, 14921
0.27, 14809
0.27, 14621
0.28, 14121
0.30, 14039
0.31, 13962
0.31, 13861
0.33, 13841
0.33, 13644
0.33, 13416
0.34, 13283
0.34, 13199
0.36, 13174
0.38, 13144
0.39, 13051
0.40, 12959
0.41, 12877
0.42, 12852
0.44, 12697
0.48, 12614
0.51, 12610
0.51, 12469
0.52, 12371
0.52, 12356
0.54, 12277
0.55, 12262
0.57, 12250
0.68, 12157
0.68, 12056
0.71, 12040
0.72, 11954
0.74, 11940
0.79, 11891
0.82, 11723
0.90, 11643
0.91, 11531
0.99, 11502
1.05, 11459
1.08, 11448
1.10, 11409
1.27, 11380
1.27, 11274
1.32, 11234
1.32, 11121
1.55, 11037
1.73, 10978
1.80, 10759
1.91, 10737
2.54, 10515
2.61, 10395
2.68, 10358
2.72, 10290
2.79, 10287
2.83, 10242
3.85, 10228
3.91, 10194
4.60, 10109
4.63, 9907
4.71, 9896
4.72, 9885
4.83, 9809
6.93, 9804
7.24, 9787
7.27, 9785
7.41, 9729
7.42, 9726
7.71, 9711
7.71, 9704
7.73, 9703
8.06, 9698
8.21, 9679
8.60, 9656
8.70, 9643
8.74, 9591
8.76, 9545
8.79, 9536
8.81, 9532
8.82, 9496
8.85, 9453
8.92, 9438
8.99, 9432
9.03, 9335
9.10, 9302
9.17, 9291
9.74, 9279
10.12, 9209
10.16, 9207
10.32, 9186
11.04, 9110
11.04, 9109
11.05, 9096
11.71, 9061
11.82, 9030
11.91, 9006
13.09, 9005
13.96, 8999
15.31, 8998
16.90, 8984
17.11, 8839
17.18, 8837
17.25, 8799
17.36, 8752
17.36, 8751
17.38, 8725
17.41, 8642
17.64, 8634
17.66, 8611
17.77, 8493
18.30, 8459
18.35, 8440
18.36, 8373
18.42, 8294
18.85, 8218
19.03, 8217
50.93, 8213
63.45, 8134
