0.00, 25784
0.02, 25558
0.02, 25356
0.02, 25149
0.02, 24845
0.03, 24725
0.03, 24333
0.03, 24071
0.03, 22778
0.03, 22665
0.05, 22320
0.05, 22177
0.05, 21698
0.05, 21148
0.05, 21124
0.06, 21044
0.06, 20762
0.06, 20518
0.06, 20511
0.08, 19824
0.08, 19749
0.09, 19642
0.11, 19493
0.11, 19441
0.11, 19394
0.13, 19172
0.13, 19038
0.13, 18986
0.14, 18831
0.14, 18763
0.14, 18651
0.14, 18575
0.16, 18290
0.16, 18218
0.17, 18147
0.17, 17514
0.17, 17363
0.19, 16980
0.19, 16964
0.19, 16813
0.19, 16731
0.20, 16461
0.20, 16341
0.20, 16330
0.20, 16297
0.20, 16057
0.22, 15538
0.22, 15526
0.23, 15356
0.23, 15214
0.23, 15183
0.23, 14938
0.25, 14920
0.25, 14807
0.25, 14773
0.30, 14771
0.30, 14760
0.30, 14753
0.30, 14717
0.36, 14704
0.38, 14671
0.38, 14666
0.39, 14617
0.39, 14598
0.39, 14501
0.39, 14475
0.41, 14442
0.41, 14293
0.41, 14284
0.44, 14120
0.45, 14065
0.47, 13990
0.47, 13550
0.47, 13341
0.50, 13304
0.50, 13295
0.50, 13248
0.52, 13033
0.52, 12925
0.53, 12923
0.55, 12753
0.58, 12548
0.60, 12464
0.60, 12275
0.61, 12218
0.61, 12216
0.63, 12176
0.63, 12151
0.69, 12068
0.74, 12041
0.74, 12017
0.74, 11961
0.75, 11905
0.75, 11861
0.80, 11589
0.82, 11549
0.88, 11531
0.88, 11511
0.91, 11491
0.94, 11464
0.97, 11390
0.99, 11314
1.02, 11087
1.08, 11038
1.08, 11024
1.08, 11007
1.10, 10998
1.11, 10818
1.11, 10552
1.18, 10498
1.19, 10493
1.22, 10489
1.25, 10476
1.27, 10457
1.27, 10444
1.50, 10432
1.67, 10364
1.68, 10338
1.75, 10336
1.78, 10279
1.83, 10137
1.84, 10133
1.86, 10000
1.90, 9959
1.95, 9930
1.97, 9867
2.17, 9863
2.20, 9841
2.22, 9788
2.28, 9578
2.57, 9438
2.72, 9348
2.73, 9338
2.97, 9290
3.06, 9276
3.29, 9241
3.35, 9133
3.40, 9118
3.40, 9098
3.41, 9084
3.54, 8827
3.62, 8675
5.01, 8670
5.03, 8660
5.84, 8653
5.85, 8621
6.20, 8597
6.27, 8579
7.27, 8563
7.95, 8560
9.24, 8540
9.24, 8472
9.34, 8440
9.99, 8419
13.01, 8418
13.11, 8406
13.18, 8346
13.20, 8333
13.43, 8274
13.45, 8269
13.45, 8222
15.91, 8199
16.53, 8194
18.77, 8179
22.20, 8160
22.36, 8141
22.85, 7966
