0.01, 25557
0.02, 25146
0.02, 24850
0.02, 24846
0.03, 24715
0.03, 24463
0.03, 23336
0.04, 22915
0.04, 22906
0.04, 22164
0.04, 21629
0.04, 21428
0.04, 21061
0.05, 20538
0.06, 20433
0.07, 20382
0.07, 20339
0.07, 19862
0.09, 19829
0.09, 19455
0.10, 18844
0.11, 18628
0.11, 18297
0.12, 18253
0.12, 18205
0.12, 18131
0.13, 17964
0.13, 17671
0.13, 17661
0.13, 17354
0.14, 17350
0.16, 17142
0.18, 16893
0.19, 16565
0.20, 16463
0.20, 16265
0.20, 16089
0.21, 15872
0.22, 15745
0.23, 14924
0.24, 14730
0.24, 14423
0.25, 13602
0.25, 13573
0.26, 13530
0.27, 13431
0.27, 13405
0.29, 13239
0.29, 13075
0.30, 13053
0.32, 13049
0.32, 13036
0.32, 12976
0.33, 12496
0.35, 12466
0.36, 12423
0.41, 12412
0.41, 12360
0.42, 12292
0.46, 12189
0.48, 12157
0.48, 12010
0.48, 11864
0.49, 11778
0.50, 11629
0.53, 11607
0.54, 11556
0.54, 11301
0.56, 11275
0.59, 10972
0.59, 10927
0.61, 10718
0.64, 10650
0.71, 10525
0.77, 10397
0.89, 10322
0.97, 10269
1.11, 10160
1.13, 10023
1.13, 9822
1.13, 9803
1.19, 9727
1.25, 9710
1.26, 9634
1.44, 9605
1.47, 9526
1.55, 9485
1.55, 9482
1.58, 9472
1.61, 9463
1.62, 9462
1.64, 9413
1.67, 9402
1.67, 9307
1.68, 9296
1.84, 9234
2.14, 9197
2.35, 9106
2.48, 8953
2.48, 8943
2.52, 8800
2.62, 8699
3.76, 8674
3.77, 8663
3.80, 8636
3.84, 8599
3.88, 8594
4.17, 8561
4.17, 8469
4.46, 8408
4.85, 8307
5.18, 8298
5.93, 8289
6.00, 8275
6.08, 8274
6.09, 8224
6.36, 8119
7.02, 7994
7.56, 7986
13.82, 7957
13.89, 7954
14.44, 7953
14.64, 7947
46.45, 7926
46.81, 7919
47.24, 7897
47.28, 7868
47.64, 7849
47.68, 7838
47.68, 7837
47.71, 7827
48.17, 7803
49.84, 7798
