0.00, 25256
0.02, 24894
0.02, 24596
0.02, 24487
0.02, 23791
0.02, 23756
0.03, 23477
0.03, 22882
0.03, 22333
0.03, 21941
0.03, 20822
0.03, 20261
0.03, 19799
0.03, 19791
0.05, 19734
0.05, 19674
0.05, 19495
0.05, 19388
0.06, 19199
0.06, 18892
0.08, 17987
0.08, 17970
0.08, 17925
0.09, 17787
0.09, 17598
0.09, 17574
0.09, 17478
0.11, 17410
0.11, 17201
0.14, 17153
0.16, 17020
0.17, 17000
0.17, 16796
0.19, 16778
0.19, 16775
0.19, 16758
0.20, 16533
0.27, 16523
0.28, 16503
0.28, 16487
0.30, 16306
0.30, 16179
0.30, 16172
0.30, 16104
0.30, 15894
0.30, 15892
0.30, 15611
0.31, 15439
0.31, 14518
0.31, 14450
0.36, 14364
0.36, 14342
0.38, 13718
0.39, 13692
0.41, 13145
0.42, 13014
0.45, 12879
0.47, 12774
0.47, 12494
0.52, 12304
0.52, 12299
0.53, 12250
0.53, 12241
0.53, 12093
0.55, 12079
0.58, 12068
0.58, 12065
0.61, 12063
0.61, 12051
0.61, 11894
0.63, 11854
0.64, 11805
0.66, 11765
0.69, 11742
0.72, 11557
0.72, 11487
0.87, 11407
0.89, 11330
0.92, 11241
0.93, 10977
0.93, 10906
0.93, 10741
0.93, 10713
1.01, 10574
1.03, 10537
1.12, 10533
1.14, 10508
1.14, 10502
1.14, 10425
1.15, 10388
1.15, 10304
1.17, 10245
1.21, 10197
1.21, 10156
1.23, 10023
1.25, 10008
1.26, 9910
1.28, 9811
1.42, 9709
1.54, 9565
1.61, 9549
1.73, 9545
1.75, 9501
1.86, 9459
2.08, 9454
2.11, 9449
2.16, 9208
2.16, 9104
2.18, 8970
2.22, 8967
2.57, 8820
2.58, 8738
2.61, 8730
3.06, 8671
3.11, 8644
3.14, 8641
3.14, 8572
3.18, 8500
3.19, 8449
3.91, 8430
3.95, 8402
4.07, 8362
4.15, 8295
4.16, 8291
4.18, 8276
4.29, 8273
4.94, 8134
6.38, 8103
8.26, 8080
18.56, 8055
33.94, 8029
35.44, 8018
37.17, 8013
37.19, 7939
80.78, 7930
