0.00, 27186
0.02, 25447
0.02, 25431
0.02, 24238
0.02, 24144
0.02, 22754
0.03, 22694
0.03, 21827
0.03, 21804
0.03, 21718
0.03, 21650
0.05, 21641
0.06, 21510
0.06, 21095
0.08, 20250
0.09, 20243
0.09, 19704
0.11, 19515
0.11, 19109
0.11, 18659
0.11, 18288
0.11, 17445
0.11, 17353
0.11, 17196
0.13, 17052
0.13, 16968
0.13, 16678
0.13, 16568
0.13, 16376
0.14, 16201
0.14, 16155
0.16, 16015
0.16, 15721
0.18, 15688
0.20, 15536
0.22, 15107
0.22, 14967
0.24, 14925
0.26, 14843
0.27, 14674
0.35, 14560
0.43, 14531
0.44, 14529
0.44, 14489
0.44, 14459
0.47, 14454
0.48, 14288
0.48, 14246
0.49, 14146
0.49, 14083
0.52, 14077
0.52, 13820
0.54, 13663
0.55, 13472
0.58, 13202
0.62, 12968
0.63, 12863
0.66, 12650
0.66, 12644
0.66, 12626
0.68, 12457
0.68, 12101
0.68, 12035
0.68, 11750
0.73, 11414
0.77, 11405
0.77, 11078
0.79, 11062
0.80, 10905
0.85, 10904
0.90, 10886
0.91, 10871
0.99, 10835
1.01, 10804
1.02, 10796
1.04, 10781
1.15, 10722
1.17, 10707
1.22, 10705
1.24, 10670
1.29, 10660
1.30, 10645
1.30, 10603
1.30, 10602
1.35, 10560
1.36, 10539
1.38, 10482
1.42, 10463
1.53, 10442
1.55, 10255
1.61, 10224
1.95, 10217
2.11, 10196
2.11, 10195
2.13, 9933
2.16, 9914
2.18, 9894
2.35, 9876
2.39, 9860
2.41, 9830
2.42, 9814
2.42, 9728
2.60, 9727
2.67, 9675
2.69, 9654
2.72, 9608
2.72, 9475
2.91, 9445
2.92, 9438
3.07, 9431
4.29, 9384
4.37, 9325
4.52, 9320
4.79, 9244
4.99, 9233
5.24, 9198
5.38, 9184
5.71, 9146
5.85, 9109
5.93, 9103
5.93, 9028
5.98, 8963
7.11, 8901
10.63, 8861
10.64, 8794
10.94, 8768
11.06, 8753
12.96, 8744
13.11, 8685
13.69, 8681
13.71, 8673
13.72, 8662
13.74, 8658
13.76, 8645
13.79, 8631
13.83, 8621
13.96, 8620
14.85, 8607
14.89, 8589
14.92, 8579
14.93, 8495
14.96, 8493
15.90, 8488
18.18, 8480
65.34, 8469
65.38, 8419
68.07, 8412
107.39, 8388
107.77, 8277
108.28, 8249
