0.02, 25834
0.03, 24567
0.03, 24504
0.03, 24243
0.03, 23768
0.03, 23042
0.03, 22539
0.03, 22456
0.05, 22410
0.05, 22041
0.05, 21505
0.05, 21481
0.05, 20807
0.05, 20722
0.05, 20668
0.06, 20139
0.06, 19977
0.06, 19583
0.08, 19293
0.08, 19214
0.08, 18785
0.08, 18523
0.09, 18399
0.09, 18367
0.09, 18363
0.09, 18332
0.09, 18240
0.11, 18169
0.11, 18168
0.11, 18062
0.13, 17995
0.14, 17821
0.14, 17357
0.16, 16343
0.16, 16309
0.16, 16260
0.17, 16222
0.17, 15867
0.17, 15570
0.19, 15274
0.19, 15178
0.22, 14944
0.22, 14564
0.22, 14503
0.22, 14329
0.22, 14258
0.22, 13998
0.23, 13909
0.23, 13838
0.25, 13741
0.27, 13683
0.27, 13581
0.27, 13313
0.28, 12949
0.30, 12891
0.30, 12602
0.31, 12582
0.31, 12428
0.31, 12387
0.31, 12328
0.31, 12295
0.33, 12288
0.36, 12244
0.39, 12240
0.39, 12220
0.39, 12186
0.41, 12183
0.41, 12172
0.42, 12134
0.42, 12128
0.42, 12089
0.44, 12033
0.44, 11533
0.52, 11531
0.53, 11530
0.53, 11434
0.55, 11149
0.56, 11124
0.58, 10866
0.59, 10732
0.59, 10705
0.59, 10675
0.64, 10585
0.67, 10579
0.72, 10552
0.77, 10416
0.78, 10367
0.80, 10359
0.80, 10244
0.95, 10183
0.99, 10127
1.02, 10075
1.09, 10064
1.15, 10060
1.24, 10055
1.26, 9900
1.32, 9888
1.37, 9753
1.38, 9712
1.60, 9703
1.85, 9459
1.96, 9408
2.34, 9310
2.65, 9271
2.88, 9264
3.70, 9257
4.14, 9196
4.19, 9138
5.08, 9088
5.20, 9087
5.20, 8981
5.28, 8974
5.37, 8971
5.56, 8948
5.72, 8709
6.19, 8699
6.60, 8692
7.70, 8671
7.71, 8647
8.01, 8560
8.52, 8526
8.73, 8486
11.27, 8470
11.29, 8459
11.37, 8456
11.68, 8408
13.21, 8403
13.91, 8392
24.69, 8383
