0.02, 23872
0.03, 22787
0.03, 22296
0.05, 22186
0.05, 22067
0.05, 20698
0.06, 20696
0.06, 20552
0.06, 19835
0.09, 19745
0.09, 19423
0.11, 19212
0.11, 18835
0.11, 18275
0.13, 18027
0.13, 17814
0.16, 17670
0.16, 17591
0.16, 17489
0.17, 17366
0.17, 17356
0.17, 17326
0.17, 17020
0.17, 16854
0.19, 16674
0.19, 16662
0.24, 16626
0.24, 16605
0.24, 16597
0.24, 16577
0.27, 16502
0.27, 16436
0.28, 16269
0.30, 15922
0.30, 15899
0.30, 15751
0.30, 15677
0.33, 15557
0.34, 15550
0.36, 15475
0.38, 15326
0.38, 14884
0.38, 14820
0.38, 14625
0.39, 14591
0.39, 14488
0.41, 14466
0.41, 14145
0.41, 13876
0.42, 13666
0.44, 13041
0.45, 12678
0.47, 12658
0.47, 12514
0.48, 12452
0.50, 12439
0.50, 12405
0.50, 12400
0.52, 12096
0.52, 11929
0.53, 11821
0.53, 11791
0.55, 11772
0.55, 11771
0.55, 11686
0.58, 11581
0.63, 11554
0.63, 11358
0.67, 11332
0.74, 11316
0.77, 11311
0.77, 11252
0.93, 11134
0.93, 10784
0.94, 10451
0.94, 10360
0.94, 10301
0.96, 10253
0.96, 10125
0.97, 10032
1.00, 10027
1.04, 9973
1.13, 9913
1.13, 9903
1.13, 9883
1.14, 9863
1.14, 9770
1.18, 9753
1.19, 9733
1.22, 9512
1.22, 9505
1.35, 9356
1.46, 9312
1.55, 9292
1.63, 9190
2.82, 9065
3.02, 9046
3.37, 9020
3.45, 8980
3.48, 8942
3.48, 8921
3.54, 8857
4.03, 8852
4.23, 8776
4.97, 8746
5.07, 8739
6.35, 8721
7.02, 8439
15.22, 8434
15.22, 8418
17.43, 8402
44.81, 8387
44.92, 8281
44.97, 8277
48.27, 8272
