0.02, 26679
0.02, 26123
0.03, 25001
0.03, 24030
0.03, 23946
0.03, 23267
0.03, 23183
0.03, 22853
0.05, 22852
0.05, 22642
0.05, 22134
0.06, 21399
0.08, 21174
0.08, 21095
0.08, 20625
0.09, 20613
0.09, 20589
0.09, 20585
0.09, 20490
0.09, 20007
0.09, 19440
0.11, 19059
0.11, 18672
0.13, 18402
0.13, 17102
0.13, 17018
0.14, 16457
0.14, 16428
0.14, 16085
0.14, 16022
0.14, 14963
0.16, 14753
0.17, 14690
0.19, 14634
0.21, 14472
0.21, 14418
0.21, 14297
0.22, 14041
0.24, 13929
0.24, 13805
0.24, 13790
0.25, 13627
0.25, 13516
0.25, 13514
0.25, 13474
0.25, 13460
0.27, 13397
0.27, 13380
0.27, 13232
0.27, 13209
0.27, 13114
0.28, 12981
0.30, 12820
0.35, 12747
0.35, 12606
0.36, 12605
0.38, 12557
0.39, 12376
0.46, 12343
0.47, 12150
0.58, 12118
0.60, 12097
0.60, 12062
0.64, 12030
0.64, 11989
0.67, 11913
0.67, 11898
0.71, 11791
0.72, 11602
0.72, 11456
0.75, 11423
0.75, 11410
0.78, 11293
0.80, 11258
0.80, 11254
0.81, 10977
0.81, 10836
0.89, 10678
1.03, 10589
1.06, 10146
1.06, 10142
1.14, 10141
1.17, 10091
1.22, 10085
1.24, 10054
1.27, 9952
1.28, 9949
1.34, 9820
1.45, 9559
1.49, 9536
1.49, 9475
1.88, 9447
2.45, 9368
2.87, 9294
2.89, 9271
2.89, 9263
2.94, 9143
3.01, 9095
3.17, 9081
3.21, 9062
3.25, 8995
4.13, 8964
5.59, 8876
5.61, 8870
5.93, 8846
6.43, 8799
6.81, 8793
7.76, 8788
13.24, 8786
15.74, 8776
15.77, 8765
15.91, 8726
15.98, 8691
16.34, 8676
18.05, 8636
19.35, 8585
21.96, 8577
21.96, 8558
21.98, 8534
22.01, 8515
22.48, 8509
24.05, 8504
24.06, 8497
25.33, 8468
25.99, 8423
27.08, 8387
29.60, 8350
29.87, 8339
30.34, 8338
