0.02, 26486
0.03, 25948
0.03, 24811
0.04, 24702
0.04, 24520
0.04, 24519
0.04, 24214
0.04, 23986
0.04, 23515
0.04, 23345
0.05, 23307
0.05, 22459
0.05, 22092
0.05, 21644
0.05, 21246
0.07, 20677
0.07, 20371
0.07, 20350
0.07, 20205
0.07, 19985
0.08, 19822
0.08, 19489
0.08, 19426
0.08, 19355
0.10, 19211
0.10, 18551
0.11, 18448
0.11, 18434
0.13, 18392
0.13, 18288
0.13, 18266
0.13, 17994
0.13, 17950
0.15, 17918
0.15, 17398
0.16, 16622
0.16, 16452
0.16, 16089
0.18, 15977
0.18, 15834
0.18, 15831
0.18, 15643
0.19, 15632
0.19, 15531
0.19, 15367
0.19, 15288
0.19, 15148
0.22, 15063
0.25, 14961
0.25, 14831
0.27, 14686
0.27, 14481
0.29, 14366
0.29, 14263
0.31, 14155
0.31, 14110
0.31, 14009
0.34, 13906
0.34, 13903
0.34, 13709
0.37, 13375
0.37, 13367
0.41, 13294
0.43, 13184
0.47, 13181
0.47, 13132
0.48, 13013
0.48, 12850
0.50, 12279
0.50, 12121
0.50, 12097
0.51, 12050
0.53, 11785
0.53, 11778
0.53, 11633
0.57, 11546
0.58, 11536
0.58, 11534
0.58, 11298
0.60, 11284
0.60, 11237
0.61, 10994
0.63, 10927
0.64, 10873
0.64, 10781
0.64, 10777
0.64, 10754
0.75, 10739
0.75, 10735
0.75, 10707
0.75, 10700
0.80, 10520
0.82, 10299
0.93, 10257
0.97, 10024
1.00, 9845
1.03, 9760
1.07, 9744
1.14, 9731
1.21, 9647
1.23, 9618
1.25, 9550
1.64, 9539
1.81, 9508
1.85, 9458
1.93, 9431
1.97, 9412
2.02, 9255
2.03, 9251
2.06, 9246
2.07, 9221
2.09, 9209
2.10, 9192
2.10, 9179
2.13, 9174
2.28, 9166
2.32, 9165
2.90, 9150
3.28, 9128
3.32, 9096
3.33, 9076
3.41, 9051
3.89, 9048
4.16, 9028
4.19, 8983
5.07, 8978
5.11, 8921
5.14, 8902
6.21, 8899
6.21, 8816
6.46, 8773
6.51, 8734
6.56, 8723
6.65, 8707
6.72, 8703
6.74, 8655
6.79, 8609
6.79, 8566
6.89, 8488
6.90, 8487
6.92, 8483
6.92, 8413
7.01, 8355
7.11, 8315
7.13, 8294
7.14, 8269
7.21, 8258
7.22, 8252
7.36, 8250
7.49, 8244
7.54, 8220
7.61, 8194
7.70, 8191
7.84, 8190
16.13, 8181
19.10, 8176
30.80, 8161
31.95, 8157
33.22, 8156
34.28, 8053
34.29, 8050
34.58, 8049
34.66, 8026
