0.00, 25365
0.02, 25107
0.02, 25088
0.02, 25047
0.03, 24465
0.03, 23927
0.03, 23612
0.03, 23127
0.03, 22398
0.03, 21930
0.03, 21571
0.05, 20576
0.05, 19819
0.05, 19747
0.05, 19681
0.06, 19613
0.08, 19325
0.08, 18635
0.08, 18255
0.09, 18137
0.09, 18087
0.09, 18082
0.11, 18053
0.11, 17929
0.11, 17742
0.12, 17536
0.12, 17284
0.12, 17206
0.14, 16325
0.14, 16287
0.16, 16206
0.16, 16189
0.17, 16145
0.17, 16110
0.17, 15930
0.19, 15698
0.19, 15690
0.20, 15599
0.20, 15466
0.20, 15369
0.20, 15156
0.22, 14654
0.22, 14546
0.22, 14512
0.22, 13699
0.22, 13598
0.23, 13200
0.25, 13124
0.25, 13034
0.33, 12885
0.34, 12838
0.36, 12777
0.37, 12750
0.43, 12572
0.43, 12521
0.45, 12504
0.45, 12313
0.46, 12281
0.47, 12268
0.47, 12228
0.47, 12125
0.47, 11903
0.50, 11891
0.50, 11715
0.52, 11684
0.52, 11673
0.54, 11616
0.55, 11600
0.57, 11593
0.58, 11543
0.60, 11314
0.65, 11312
0.66, 11228
0.71, 11023
0.71, 10951
0.74, 10922
0.75, 10894
0.77, 10822
0.79, 10804
0.79, 10672
0.91, 10658
0.93, 10629
1.04, 10528
1.33, 10525
1.38, 10496
1.47, 10431
1.54, 10392
1.55, 10246
1.57, 10222
1.57, 10187
1.58, 10165
1.80, 10110
1.82, 10086
1.82, 10048
1.83, 10040
1.91, 10024
2.10, 9916
2.11, 9904
2.13, 9879
2.19, 9699
2.24, 9667
2.82, 9645
3.26, 9622
3.27, 9580
3.30, 9533
3.30, 9490
3.68, 9447
3.71, 9414
3.74, 9388
3.79, 9299
3.92, 9220
3.98, 9105
4.07, 9019
4.07, 9004
4.37, 8943
4.65, 8919
4.70, 8914
5.14, 8796
5.29, 8787
5.46, 8730
5.47, 8685
5.51, 8629
5.65, 8481
6.56, 8388
6.67, 8328
7.74, 8311
13.58, 8296
13.70, 8211
13.97, 8206
13.98, 8160
14.06, 8121
14.33, 8118
15.78, 8032
17.52, 7912
17.85, 7907
17.90, 7881
18.65, 7857
30.84, 7853
30.88, 7828
63.12, 7815
