0.00, 27294
0.02, 25856
0.02, 24362
0.02, 23891
0.03, 23851
0.03, 22809
0.04, 22512
0.04, 22402
0.04, 22358
0.05, 21773
0.05, 21020
0.05, 20992
0.06, 20972
0.06, 20523
0.06, 20230
0.06, 19868
0.07, 19850
0.07, 19770
0.08, 19179
0.08, 18385
0.10, 18125
0.10, 17940
0.10, 17915
0.11, 17657
0.11, 17385
0.11, 17317
0.11, 17222
0.13, 16934
0.13, 16904
0.13, 16836
0.15, 16829
0.15, 16761
0.15, 16713
0.17, 16412
0.17, 16401
0.20, 16245
0.20, 16114
0.20, 16011
0.21, 15963
0.24, 14884
0.24, 14817
0.26, 14269
0.27, 14129
0.29, 14080
0.29, 13863
0.32, 13828
0.32, 13799
0.32, 13640
0.34, 13495
0.34, 13361
0.35, 12988
0.42, 12948
0.43, 12799
0.43, 12633
0.45, 12553
0.45, 12503
0.46, 12415
0.46, 12327
0.46, 12223
0.46, 12203
0.54, 12188
0.54, 12129
0.56, 12040
0.57, 11938
0.57, 11901
0.63, 11508
0.63, 11461
0.65, 11358
0.67, 11343
0.68, 11297
0.71, 11267
0.85, 11256
0.87, 11225
0.88, 11200
0.96, 11028
0.98, 10855
1.01, 10398
1.03, 10119
1.04, 10107
1.06, 10090
1.11, 10082
1.17, 9968
1.56, 9950
1.57, 9933
1.76, 9544
1.91, 9461
1.94, 9321
2.05, 9231
2.26, 9197
2.46, 9169
2.59, 9030
2.59, 9022
2.59, 8996
2.60, 8983
2.76, 8835
3.27, 8729
3.48, 8695
3.59, 8673
3.90, 8614
3.99, 8604
4.56, 8587
4.58, 8554
4.60, 8530
5.20, 8523
5.35, 8506
5.90, 8495
6.29, 8485
6.33, 8466
6.53, 8451
6.53, 8446
6.61, 8441
8.57, 8408
8.71, 8403
10.38, 8350
10.43, 8326
11.50, 8281
11.51, 8276
16.90, 8260
19.89, 8184
30.31, 8181
30.34, 8133
30.48, 8059
34.09, 8019
34.14, 8006
34.15, 7998
34.15, 7941
38.09, 7918
66.87, 7914
