0.00, 26322
0.02, 25323
0.02, 25302
0.02, 25104
0.02, 24671
0.02, 23793
0.03, 22629
0.03, 22608
0.03, 22583
0.03, 22400
0.03, 22002
0.05, 21869
0.05, 21561
0.05, 21503
0.05, 21183
0.05, 20577
0.05, 20229
0.06, 19785
0.08, 19749
0.09, 19560
0.11, 19517
0.11, 18912
0.11, 18381
0.13, 18176
0.13, 17535
0.14, 17468
0.14, 17326
0.16, 16786
0.16, 16550
0.17, 16536
0.17, 16329
0.19, 16289
0.19, 16191
0.20, 16120
0.20, 15918
0.20, 14969
0.22, 14890
0.25, 14837
0.25, 14592
0.28, 14542
0.28, 14504
0.34, 14125
0.36, 14080
0.38, 14056
0.38, 13561
0.39, 13338
0.39, 13325
0.41, 13307
0.42, 13251
0.42, 13242
0.42, 13212
0.44, 13171
0.45, 13165
0.47, 13037
0.47, 12990
0.47, 12833
0.49, 12533
0.49, 12518
0.49, 12243
0.52, 12159
0.52, 11974
0.55, 11965
0.61, 11912
0.63, 11843
0.66, 11815
0.68, 11797
0.70, 11775
0.70, 11755
0.76, 11750
0.76, 11748
0.77, 11728
0.77, 11725
0.77, 11718
0.79, 11713
0.82, 11709
0.84, 11498
0.84, 11400
0.87, 11286
0.90, 11263
0.90, 11206
0.93, 11158
0.95, 11137
1.09, 11113
1.18, 11035
1.20, 10821
1.21, 10804
1.23, 10742
1.24, 10740
1.75, 10733
1.90, 10722
1.98, 10712
2.00, 10641
2.12, 10630
2.12, 10621
2.22, 10598
2.28, 10593
2.31, 10574
2.56, 10561
3.20, 10457
3.24, 10456
3.26, 10451
3.27, 10307
3.29, 10303
3.45, 10277
3.59, 10226
3.59, 10205
4.65, 10187
4.67, 10182
4.67, 10155
5.06, 10120
5.09, 10119
5.12, 10085
5.15, 10078
5.20, 10063
5.21, 9941
5.23, 9883
5.24, 9827
5.26, 9713
5.27, 9652
5.29, 9647
5.42, 9625
5.45, 9615
5.46, 9583
5.46, 9557
5.48, 9546
5.51, 9534
5.51, 9491
5.51, 9454
5.54, 9435
5.56, 9307
5.81, 9298
5.91, 9280
6.16, 9277
6.39, 9249
7.56, 9182
7.74, 9168
8.00, 9149
8.92, 8979
9.10, 8947
9.92, 8932
11.18, 8912
11.31, 8882
12.70, 8874
13.86, 8869
14.56, 8827
17.55, 8738
19.41, 8704
19.67, 8669
20.16, 8664
20.18, 8658
23.45, 8652
23.78, 8644
23.88, 8544
24.70, 8405
44.92, 8396
54.70, 8369
