0.01, 26388
0.02, 24786
0.02, 23969
0.02, 23523
0.03, 22957
0.03, 22631
0.04, 22509
0.04, 22018
0.04, 21676
0.04, 21440
0.05, 21402
0.05, 21327
0.06, 21174
0.06, 20645
0.06, 20605
0.07, 20526
0.08, 20335
0.08, 19983
0.09, 19835
0.09, 19802
0.10, 19011
0.11, 18933
0.11, 18470
0.11, 18242
0.11, 18233
0.11, 17755
0.12, 17613
0.14, 17411
0.15, 17201
0.15, 16602
0.16, 16488
0.16, 16434
0.16, 16145
0.16, 15812
0.16, 15442
0.17, 15406
0.18, 15322
0.21, 15174
0.24, 15052
0.25, 14979
0.27, 14724
0.28, 14250
0.28, 13990
0.29, 13981
0.30, 13819
0.36, 13612
0.40, 13443
0.43, 13425
0.44, 13328
0.44, 13157
0.44, 13156
0.47, 12916
0.49, 12846
0.50, 12772
0.53, 12660
0.57, 12624
0.57, 12545
0.58, 12505
0.59, 12388
0.61, 12375
0.62, 12368
0.62, 12327
0.62, 12302
0.63, 12027
0.64, 12010
0.64, 11914
0.67, 11893
0.72, 11735
0.73, 11396
0.79, 11177
0.82, 11163
0.83, 11133
0.84, 11107
0.85, 10848
0.97, 10825
1.05, 10748
1.11, 10737
1.12, 10703
1.12, 10693
1.12, 10540
1.16, 10506
1.16, 10475
1.18, 10369
1.21, 10280
1.22, 10270
1.23, 10171
1.25, 10105
1.27, 10086
1.28, 10066
1.33, 10033
1.34, 9931
1.34, 9903
1.35, 9856
1.51, 9727
1.56, 9352
1.57, 9324
1.61, 9311
1.64, 9218
1.78, 9215
1.85, 9199
1.99, 9157
2.07, 9089
2.09, 9045
2.11, 9021
2.22, 8995
2.27, 8903
2.41, 8850
3.06, 8835
3.07, 8807
3.59, 8793
3.85, 8774
4.48, 8773
4.56, 8754
4.65, 8753
4.67, 8647
4.68, 8646
5.24, 8570
5.39, 8547
9.25, 8508
9.28, 8463
9.41, 8460
9.41, 8421
9.45, 8335
12.87, 8309
12.88, 8289
13.31, 8187
13.32, 8168
17.02, 8162
17.74, 8105
21.74, 8085
24.36, 8036
24.92, 8031
42.06, 8023
42.32, 8004
