0.02, 25105
0.02, 24596
0.03, 23948
0.03, 23685
0.03, 22790
0.03, 22228
0.03, 21022
0.03, 20890
0.03, 20794
0.05, 20047
0.05, 19746
0.05, 19520
0.05, 18395
0.06, 17892
0.06, 17745
0.06, 17594
0.08, 17389
0.08, 17320
0.09, 17197
0.09, 17103
0.09, 16763
0.09, 16587
0.11, 16412
0.11, 16391
0.13, 16278
0.13, 16116
0.14, 16061
0.14, 15837
0.14, 15695
0.16, 15577
0.17, 15518
0.17, 15269
0.17, 15137
0.19, 15088
0.19, 14955
0.19, 14936
0.19, 14746
0.19, 14656
0.19, 14585
0.20, 14559
0.20, 14432
0.23, 14355
0.25, 14251
0.27, 14191
0.27, 14175
0.27, 13983
0.27, 13910
0.28, 13879
0.28, 13865
0.28, 13756
0.30, 13738
0.30, 13712
0.31, 13690
0.31, 13657
0.33, 13640
0.37, 13633
0.38, 13630
0.38, 13409
0.38, 13307
0.39, 13269
0.39, 13253
0.41, 13247
0.41, 13200
0.43, 13155
0.44, 13079
0.46, 13011
0.47, 12972
0.49, 12941
0.49, 12900
0.49, 12887
0.50, 12083
0.52, 12027
0.52, 11912
0.55, 11879
0.57, 11741
0.57, 11502
0.57, 11457
0.58, 11454
0.60, 11436
0.60, 11314
0.63, 11310
0.63, 11249
0.63, 11192
0.66, 11007
0.68, 10706
0.75, 10394
0.77, 10298
0.85, 10277
0.86, 10059
0.96, 9996
1.00, 9918
1.08, 9893
1.21, 9841
1.21, 9799
1.22, 9785
1.24, 9710
1.27, 9633
1.30, 9613
1.52, 9607
1.73, 9533
1.74, 9503
2.01, 9451
2.01, 9430
2.05, 9392
2.12, 9386
2.21, 9380
2.39, 9113
2.39, 9086
2.66, 9068
3.12, 9024
3.12, 9020
3.12, 8995
3.17, 8967
3.20, 8912
3.27, 8901
3.46, 8842
4.52, 8805
4.53, 8800
4.78, 8784
4.85, 8726
4.85, 8719
5.14, 8718
5.32, 8702
6.81, 8670
7.08, 8650
7.52, 8646
9.67, 8616
13.19, 8609
13.95, 8604
14.02, 8531
14.30, 8499
14.58, 8406
14.60, 8287
14.62, 8275
15.77, 8173
17.38, 8125
20.10, 8118
21.65, 8097
21.68, 8086
21.70, 8047
31.07, 7971
