0.00, 26774
0.02, 26237
0.02, 25136
0.03, 24830
0.03, 24484
0.03, 24025
0.03, 23861
0.05, 23599
0.05, 23592
0.05, 23190
0.05, 23180
0.06, 23070
0.06, 22341
0.06, 21651
0.06, 21357
0.06, 20412
0.08, 19644
0.09, 19570
0.09, 19075
0.09, 18547
0.11, 17683
0.11, 17516
0.13, 17263
0.13, 17190
0.13, 16943
0.14, 16808
0.14, 16666
0.14, 16649
0.14, 16551
0.14, 16413
0.17, 16131
0.17, 15727
0.17, 15433
0.20, 14929
0.20, 14848
0.24, 14770
0.25, 14760
0.26, 14668
0.28, 14304
0.28, 14092
0.29, 14052
0.35, 13904
0.35, 13686
0.37, 13654
0.39, 13423
0.39, 13357
0.39, 13325
0.40, 13078
0.40, 12886
0.48, 12703
0.58, 12591
0.61, 12572
0.61, 12568
0.62, 12436
0.64, 12379
0.64, 12348
0.64, 12334
0.64, 12286
0.65, 12257
0.67, 12100
0.76, 11818
0.76, 11809
0.79, 11701
0.81, 11696
0.83, 11528
0.83, 11502
0.84, 11434
0.89, 11224
0.89, 11199
0.94, 10713
1.00, 10685
1.00, 10678
1.06, 10615
1.09, 10321
1.19, 10290
1.19, 10257
1.20, 10240
1.26, 10038
1.26, 9973
1.28, 9971
1.33, 9960
1.36, 9925
1.37, 9885
1.71, 9841
1.71, 9840
1.74, 9838
1.76, 9815
1.83, 9778
2.27, 9752
2.53, 9746
2.73, 9617
2.75, 9569
2.94, 9450
3.30, 9348
3.36, 9341
3.47, 9301
3.52, 9267
3.55, 9170
3.56, 9150
3.66, 9136
3.72, 9120
3.74, 9068
3.78, 8998
4.03, 8987
4.03, 8889
5.52, 8842
5.64, 8836
6.72, 8831
10.90, 8821
11.40, 8812
11.44, 8803
11.46, 8802
13.91, 8795
15.30, 8782
21.27, 8667
21.49, 8590
21.49, 8537
22.23, 8528
