0.01, 27205
0.01, 26294
0.02, 24911
0.03, 24380
0.03, 23527
0.03, 23050
0.03, 22914
0.04, 22912
0.04, 22702
0.04, 22602
0.05, 22382
0.05, 22323
0.05, 22150
0.05, 22016
0.06, 21990
0.06, 21751
0.06, 21368
0.07, 21195
0.07, 20855
0.08, 20676
0.08, 20429
0.08, 19977
0.09, 19725
0.10, 19181
0.11, 19177
0.11, 19007
0.11, 19003
0.11, 18832
0.11, 18824
0.12, 18751
0.12, 18505
0.13, 18262
0.13, 17802
0.14, 17653
0.14, 17553
0.15, 17377
0.15, 16868
0.16, 16573
0.16, 16546
0.16, 16226
0.17, 16150
0.18, 16147
0.18, 15776
0.18, 15613
0.19, 15365
0.20, 15335
0.21, 15185
0.22, 15142
0.23, 14907
0.27, 14894
0.28, 14784
0.28, 14355
0.29, 14182
0.29, 14063
0.30, 13953
0.34, 13736
0.34, 13589
0.34, 13415
0.35, 13204
0.36, 13064
0.36, 13024
0.37, 12956
0.38, 12902
0.38, 12852
0.43, 12788
0.43, 12744
0.46, 12573
0.47, 12553
0.49, 12552
0.54, 12466
0.54, 12428
0.58, 12368
0.64, 12012
0.66, 12002
0.68, 11995
0.70, 11983
0.73, 11956
0.84, 11935
0.86, 11838
0.99, 11803
1.03, 11783
1.03, 11758
1.04, 11749
1.06, 11703
1.09, 11650
1.09, 11621
1.15, 11554
1.16, 11358
1.16, 11258
1.19, 11157
1.28, 10821
1.28, 10819
1.28, 10793
1.38, 10738
1.45, 10511
1.49, 10220
1.67, 10166
1.68, 10042
1.74, 9961
1.95, 9957
2.03, 9953
2.04, 9887
2.60, 9872
2.96, 9825
2.97, 9816
2.99, 9802
3.00, 9773
3.26, 9743
3.28, 9722
3.28, 9696
3.28, 9682
3.31, 9650
3.79, 9627
4.18, 9606
4.24, 9570
4.26, 9511
4.75, 9419
4.81, 9283
4.94, 9265
5.16, 9204
5.33, 9144
5.33, 9080
5.34, 9079
5.37, 9078
5.48, 9075
5.49, 9033
5.54, 8884
5.56, 8864
6.73, 8784
7.60, 8725
7.61, 8713
9.13, 8689
9.34, 8663
11.34, 8626
13.27, 8550
15.23, 8453
16.08, 8421
17.50, 8379
37.85, 8376
41.65, 8375
41.79, 8355
45.71, 8340
47.25, 8339
51.72, 8320
55.50, 8312
