0.02, 27298
0.02, 25689
0.03, 25664
0.03, 24982
0.03, 24019
0.03, 23681
0.03, 23386
0.03, 23211
0.03, 23151
0.05, 21915
0.05, 21437
0.05, 21323
0.05, 21249
0.05, 20942
0.05, 20660
0.05, 20156
0.06, 19454
0.08, 19383
0.09, 19021
0.09, 19015
0.09, 18758
0.11, 18476
0.11, 17805
0.11, 17236
0.13, 17235
0.13, 17015
0.14, 16795
0.14, 16601
0.14, 16297
0.14, 16016
0.16, 15950
0.16, 15931
0.16, 15892
0.17, 15415
0.19, 15411
0.19, 15357
0.20, 15193
0.20, 14869
0.20, 14594
0.20, 14302
0.23, 14196
0.23, 14125
0.27, 14110
0.27, 14070
0.28, 13833
0.30, 13771
0.30, 13730
0.33, 13599
0.33, 13572
0.33, 13457
0.38, 13382
0.38, 13352
0.39, 13334
0.41, 13320
0.41, 13196
0.41, 13125
0.42, 13119
0.42, 12966
0.44, 12960
0.44, 12904
0.44, 12595
0.48, 12326
0.50, 12315
0.52, 12310
0.52, 12164
0.53, 12060
0.55, 11865
0.58, 11821
0.58, 11813
0.59, 11700
0.59, 11533
0.59, 11487
0.63, 11479
0.63, 11464
0.66, 11448
0.83, 11393
0.85, 11088
0.88, 11077
0.94, 11069
0.97, 11065
0.97, 11051
0.97, 11035
1.13, 10995
1.15, 10903
1.21, 10872
1.24, 10643
1.26, 10609
1.27, 10581
1.35, 10571
1.35, 10531
1.54, 10449
1.54, 10403
1.63, 10372
1.65, 10257
1.65, 10079
1.82, 10059
1.98, 9822
2.01, 9803
2.24, 9800
2.24, 9792
2.40, 9773
2.45, 9738
2.51, 9607
3.19, 9603
3.38, 9590
3.73, 9578
4.45, 9569
4.68, 9543
5.32, 9516
5.33, 9496
5.50, 9484
6.88, 9476
8.13, 9433
8.16, 9375
8.55, 9343
9.01, 9281
16.24, 9198
18.60, 9147
18.93, 9029
19.02, 9017
19.05, 8982
19.05, 8947
19.07, 8695
19.07, 8645
19.52, 8643
19.52, 8565
19.98, 8236
20.01, 8234
20.10, 8182
20.28, 8133
21.03, 8119
23.98, 8101
24.06, 8025
25.17, 7975
30.15, 7970
50.76, 7961
51.54, 7910
