0.01, 26342
0.01, 26035
0.01, 23854
0.02, 22845
0.02, 22714
0.02, 22184
0.02, 21151
0.02, 20425
0.04, 20295
0.04, 20268
0.04, 20192
0.04, 20129
0.04, 19894
0.07, 19761
0.07, 19679
0.09, 19405
0.09, 19367
0.09, 19082
0.09, 18347
0.10, 17876
0.12, 17789
0.12, 17771
0.13, 17599
0.13, 17597
0.15, 17356
0.16, 17026
0.16, 16907
0.16, 16864
0.18, 16735
0.20, 16656
0.21, 16639
0.23, 16637
0.23, 16608
0.24, 16076
0.24, 15993
0.24, 15880
0.24, 15821
0.24, 15334
0.24, 15243
0.26, 15053
0.26, 14598
0.26, 14589
0.27, 14400
0.27, 14138
0.29, 13723
0.29, 13694
0.32, 13658
0.32, 13622
0.32, 13470
0.34, 13302
0.34, 13254
0.38, 13152
0.38, 13063
0.38, 12840
0.43, 12752
0.45, 12666
0.46, 12641
0.46, 12618
0.48, 12613
0.48, 12535
0.51, 12397
0.51, 12380
0.51, 12336
0.52, 12226
0.52, 12148
0.52, 12127
0.54, 12102
0.55, 12037
0.59, 11992
0.65, 11915
0.66, 11815
0.76, 11687
0.76, 11601
0.80, 11588
0.84, 11585
0.84, 11510
0.84, 11384
0.84, 11296
0.87, 11203
0.90, 11080
0.91, 10865
0.95, 10847
1.25, 10820
1.40, 10813
1.53, 10786
1.60, 10784
1.70, 10631
1.70, 10598
1.73, 10548
1.78, 10545
1.85, 10496
1.89, 10495
1.93, 10489
1.93, 10483
1.97, 10435
1.97, 10420
1.99, 10413
1.99, 10382
2.00, 10371
2.04, 10077
2.05, 10066
2.13, 10041
2.21, 10030
2.21, 9942
2.21, 9752
2.24, 9577
2.25, 9525
2.60, 9449
2.72, 9406
2.77, 9395
2.80, 9384
2.83, 9363
2.83, 9350
2.83, 9330
2.94, 9311
2.99, 9191
3.01, 9178
3.02, 9054
3.07, 9031
3.18, 9020
3.26, 9002
3.48, 8998
4.25, 8993
4.29, 8987
4.29, 8976
4.34, 8886
4.36, 8848
4.42, 8824
4.50, 8813
4.71, 8737
5.33, 8709
6.06, 8641
7.70, 8636
10.43, 8499
10.52, 8382
10.52, 8361
10.63, 8360
10.82, 8337
12.74, 8314
23.71, 8295
44.73, 8294
48.29, 8241
48.31, 8145
48.60, 8111
48.62, 8046
