0.02, 27332
0.02, 26821
0.03, 26711
0.03, 25208
0.03, 24892
0.03, 24803
0.05, 24769
0.05, 24074
0.05, 24045
0.05, 23799
0.05, 23457
0.05, 22959
0.05, 21558
0.06, 21470
0.06, 21000
0.06, 20834
0.08, 20801
0.08, 20732
0.08, 20228
0.08, 20044
0.09, 20022
0.09, 20010
0.09, 19932
0.11, 19689
0.11, 19649
0.13, 19325
0.13, 18990
0.13, 18859
0.14, 18354
0.16, 18185
0.16, 18085
0.17, 17498
0.17, 17080
0.17, 16684
0.17, 16666
0.19, 16628
0.19, 16612
0.19, 16440
0.19, 16234
0.20, 16007
0.20, 15681
0.20, 15417
0.22, 15178
0.23, 14989
0.23, 14983
0.23, 14375
0.27, 13802
0.30, 13714
0.31, 13499
0.34, 13479
0.36, 13464
0.38, 13453
0.39, 13404
0.41, 13316
0.41, 12734
0.41, 12731
0.41, 12729
0.42, 12678
0.44, 12547
0.45, 12367
0.50, 12149
0.54, 12006
0.63, 11960
0.64, 11939
0.64, 11896
0.66, 11880
0.67, 11800
0.67, 11796
0.69, 11639
0.69, 11636
0.74, 11611
0.74, 11510
0.74, 11490
0.78, 11474
0.84, 11394
0.86, 11346
0.92, 11073
0.92, 11072
0.92, 11058
0.95, 11035
0.95, 10914
1.00, 10817
1.02, 10789
1.09, 10737
1.11, 10716
1.11, 10671
1.11, 10372
1.13, 10307
1.14, 10238
1.16, 10158
1.24, 10137
1.28, 10120
1.30, 10083
1.31, 10007
1.31, 9985
1.31, 9815
1.33, 9807
1.34, 9800
1.36, 9799
1.36, 9783
1.39, 9731
1.41, 9566
1.41, 9565
1.44, 9540
1.56, 9467
1.70, 9466
2.77, 9320
3.32, 9270
3.35, 8985
3.35, 8984
3.62, 8748
3.98, 8742
4.01, 8727
4.03, 8696
4.08, 8676
4.09, 8656
4.09, 8649
4.12, 8607
4.14, 8559
4.34, 8529
4.55, 8523
6.83, 8497
7.13, 8454
7.16, 8452
9.05, 8446
9.08, 8431
9.14, 8375
11.33, 8343
11.36, 8332
12.32, 8324
12.54, 8297
12.57, 8285
12.57, 8280
12.57, 8231
12.58, 8194
12.58, 8139
13.72, 8063
14.22, 8058
14.71, 8057
14.78, 8034
14.89, 8001
15.33, 7986
15.36, 7935
17.21, 7886
17.23, 7818
65.41, 7769
68.09, 7764
