0.01, 26045
0.02, 24928
0.02, 23914
0.02, 23777
0.02, 23403
0.02, 23307
0.03, 22399
0.03, 22261
0.04, 22205
0.05, 22141
0.06, 20984
0.06, 19928
0.06, 19878
0.07, 19829
0.07, 19731
0.08, 19483
0.09, 19423
0.10, 19353
0.10, 19123
0.10, 19020
0.12, 18645
0.12, 17833
0.13, 17735
0.13, 17502
0.13, 17428
0.15, 17213
0.15, 17026
0.16, 16933
0.16, 16757
0.16, 16744
0.17, 16706
0.17, 16227
0.25, 16120
0.25, 16113
0.28, 15965
0.29, 15334
0.30, 15196
0.30, 15180
0.32, 15123
0.32, 15119
0.34, 15101
0.35, 15069
0.36, 13848
0.38, 13702
0.39, 13701
0.41, 13636
0.43, 13621
0.45, 13434
0.47, 13370
0.49, 13328
0.49, 13252
0.50, 13250
0.52, 13239
0.52, 12884
0.52, 12849
0.54, 12784
0.57, 12721
0.57, 12637
0.59, 12625
0.60, 12613
0.61, 12574
0.63, 12549
0.63, 12318
0.64, 12291
0.68, 12265
0.68, 12143
0.69, 12100
0.69, 12040
0.71, 12009
0.73, 11902
0.77, 11890
0.78, 11887
0.79, 11737
0.84, 11661
0.84, 11520
0.86, 11454
0.87, 11416
0.90, 11414
0.91, 11092
0.93, 11079
0.93, 11041
0.97, 10991
1.00, 10989
1.01, 10858
1.15, 10614
1.15, 10520
1.19, 10495
1.22, 10472
1.46, 10457
1.48, 10443
1.49, 10371
1.50, 10341
1.51, 10151
1.52, 10135
1.52, 10118
1.64, 10115
1.65, 10086
1.67, 9965
1.77, 9945
2.08, 9904
2.09, 9856
2.13, 9834
2.26, 9827
2.69, 9822
2.90, 9733
2.94, 9705
2.96, 9671
3.05, 9617
3.13, 9577
3.14, 9560
3.25, 9523
3.35, 9475
3.70, 9447
4.29, 9424
5.47, 9422
5.49, 9418
5.57, 9398
7.18, 9279
7.24, 9260
7.31, 9210
7.35, 9152
7.40, 9031
7.48, 8906
7.69, 8783
8.53, 8754
8.78, 8751
12.18, 8740
12.74, 8735
14.08, 8696
16.48, 8683
24.26, 8674
53.35, 8673
62.86, 8668
63.02, 8615
64.19, 8591
81.51, 8583
81.60, 8503
90.72, 8494
