0.02, 26470
0.02, 26357
0.02, 26279
0.03, 26139
0.03, 25108
0.03, 24835
0.03, 24782
0.03, 24687
0.03, 24170
0.03, 23923
0.05, 23751
0.05, 23675
0.05, 23671
0.05, 23302
0.05, 22934
0.06, 22920
0.06, 22538
0.06, 22465
0.08, 22223
0.08, 22206
0.08, 22185
0.08, 21818
0.09, 21494
0.09, 21327
0.09, 21266
0.10, 21232
0.10, 21089
0.10, 20743
0.10, 20706
0.11, 19680
0.13, 19455
0.13, 19415
0.13, 18717
0.13, 18474
0.13, 18467
0.13, 18452
0.13, 18414
0.13, 18375
0.13, 18185
0.13, 18126
0.14, 18106
0.14, 17997
0.14, 17866
0.16, 17845
0.16, 17815
0.16, 17504
0.16, 17457
0.16, 17408
0.16, 17309
0.18, 17240
0.19, 17213
0.19, 16945
0.19, 16817
0.19, 16746
0.21, 16725
0.21, 16527
0.21, 15843
0.21, 15683
0.22, 15660
0.22, 15649
0.24, 15615
0.24, 15372
0.25, 15362
0.25, 15290
0.25, 15157
0.27, 14978
0.27, 14788
0.27, 14787
0.29, 14765
0.29, 14726
0.29, 14652
0.29, 14629
0.30, 14555
0.32, 14445
0.32, 14439
0.32, 14404
0.33, 14390
0.35, 14237
0.35, 14197
0.36, 14062
0.36, 14011
0.49, 13920
0.54, 13796
0.54, 13596
0.60, 13593
0.61, 13293
0.63, 13046
0.66, 12873
0.69, 12700
0.69, 12689
0.69, 12621
0.69, 12516
0.72, 12148
0.80, 12145
0.80, 12137
0.82, 12098
0.82, 11981
0.83, 11955
0.83, 11943
0.85, 11928
0.85, 11869
0.88, 11853
0.91, 11672
0.93, 11579
0.94, 11546
0.97, 11494
0.98, 11478
1.02, 11257
1.07, 11170
1.08, 11163
1.16, 11156
1.19, 11154
1.21, 11030
1.30, 10987
1.44, 10960
1.44, 10939
1.44, 10625
1.87, 10620
1.91, 10598
1.96, 10596
1.96, 10555
1.99, 10509
2.08, 10200
2.13, 10053
2.15, 10044
2.15, 9996
2.19, 9980
2.23, 9950
2.35, 9941
2.58, 9925
2.66, 9891
2.67, 9855
2.98, 9829
3.22, 9810
3.54, 9801
3.57, 9791
4.08, 9724
4.40, 9723
4.67, 9669
4.68, 9521
4.73, 9520
5.01, 9462
6.04, 9442
6.05, 9432
6.07, 9413
6.07, 9408
6.15, 9403
6.37, 9384
6.71, 9378
6.73, 9364
6.84, 9127
6.90, 9122
10.52, 9114
10.60, 9017
12.50, 9005
12.59, 8928
12.69, 8867
19.88, 8863
20.30, 8820
20.49, 8647
20.51, 8636
20.52, 8541
20.66, 8440
20.68, 8392
20.68, 8388
20.70, 8316
20.71, 8291
20.73, 8277
20.82, 8209
21.04, 8153
22.80, 8142
22.85, 8017
22.85, 8009
22.85, 8006
23.04, 7993
23.08, 7985
23.26, 7914
23.26, 7903
23.28, 7838
25.19, 7817
25.24, 7797
25.30, 7796
25.32, 7774
37.04, 7769
