0.00, 26824
0.02, 25839
0.02, 25586
0.02, 25202
0.02, 24043
0.03, 23825
0.03, 23814
0.04, 23633
0.04, 23160
0.04, 22152
0.04, 22143
0.04, 21053
0.06, 20015
0.07, 19927
0.07, 19411
0.08, 19359
0.08, 19238
0.08, 19204
0.08, 19106
0.08, 18932
0.10, 18715
0.10, 18575
0.10, 18570
0.12, 18381
0.12, 17770
0.13, 17502
0.13, 16860
0.13, 16787
0.15, 16332
0.16, 16241
0.18, 16158
0.18, 16107
0.19, 16020
0.19, 15976
0.21, 15759
0.23, 15755
0.23, 15517
0.27, 15507
0.27, 15276
0.29, 15252
0.33, 15122
0.33, 15084
0.35, 14829
0.37, 14587
0.37, 14031
0.40, 13944
0.40, 13923
0.40, 13868
0.40, 13861
0.41, 13808
0.41, 13709
0.44, 13478
0.44, 13346
0.44, 13286
0.44, 13251
0.46, 13101
0.48, 13072
0.54, 12666
0.57, 12538
0.57, 12202
0.60, 12173
0.60, 12129
0.62, 12121
0.65, 12116
0.66, 12103
0.66, 11940
0.68, 11934
0.68, 11927
0.68, 11802
0.68, 11677
0.69, 11663
0.71, 11529
0.71, 11496
0.72, 11380
0.74, 11030
0.82, 10929
0.82, 10654
0.83, 10623
0.88, 10523
0.88, 10471
0.90, 10353
0.91, 10261
0.94, 10145
0.96, 10055
0.97, 10047
0.97, 10028
0.99, 10010
1.05, 9960
1.08, 9776
1.30, 9656
1.32, 9321
1.33, 9300
1.34, 9221
1.46, 8907
1.48, 8894
1.51, 8858
1.56, 8850
1.57, 8815
1.60, 8810
1.60, 8789
1.63, 8772
1.68, 8766
2.06, 8712
2.13, 8708
2.26, 8504
2.54, 8370
2.60, 8312
2.74, 8263
4.04, 8252
4.10, 8231
4.15, 8230
4.22, 8207
11.01, 8192
11.03, 8188
12.06, 8187
18.17, 8083
