0.02, 26677
0.02, 26373
0.03, 26052
0.03, 25638
0.03, 25076
0.03, 25010
0.03, 24789
0.03, 24380
0.05, 24024
0.05, 23460
0.05, 23367
0.05, 22640
0.05, 21201
0.05, 20861
0.05, 20087
0.06, 20038
0.06, 19886
0.08, 19755
0.11, 19374
0.11, 19337
0.13, 19252
0.13, 18917
0.14, 18881
0.17, 18683
0.17, 18645
0.17, 18456
0.17, 18313
0.17, 18278
0.18, 18194
0.20, 18085
0.20, 18074
0.20, 17983
0.20, 17668
0.20, 17516
0.20, 17431
0.20, 17141
0.21, 16496
0.21, 16175
0.21, 16034
0.21, 16020
0.21, 15740
0.21, 15691
0.23, 15629
0.23, 15565
0.23, 15466
0.24, 15301
0.24, 15265
0.26, 15191
0.26, 15118
0.27, 14316
0.27, 14166
0.29, 14151
0.29, 14077
0.31, 13701
0.31, 13679
0.32, 13604
0.34, 13546
0.34, 13442
0.34, 13255
0.35, 13192
0.38, 13069
0.38, 13018
0.43, 12975
0.45, 12785
0.45, 12717
0.46, 12644
0.46, 12616
0.46, 12266
0.48, 12265
0.49, 12242
0.49, 12177
0.51, 12102
0.54, 12074
0.54, 12011
0.54, 11981
0.54, 11974
0.57, 11959
0.60, 11900
0.60, 11753
0.60, 11744
0.62, 11719
0.62, 11713
0.63, 11582
0.63, 11505
0.63, 11484
0.68, 11379
0.76, 11337
0.77, 11204
0.79, 11191
0.82, 11188
0.84, 11158
0.85, 10951
0.87, 10944
0.93, 10936
1.07, 10892
1.09, 10884
1.09, 10701
1.34, 10628
1.36, 10606
1.40, 10517
1.40, 10428
1.47, 10381
1.61, 10378
1.62, 10372
1.62, 10188
1.62, 10016
1.64, 10011
1.64, 9817
1.76, 9775
1.81, 9703
2.18, 9668
2.29, 9663
2.32, 9624
2.53, 9612
2.65, 9562
2.73, 9543
2.74, 9382
2.76, 9330
3.19, 9313
3.67, 9017
4.96, 8902
5.03, 8896
5.07, 8890
5.34, 8889
5.46, 8867
5.48, 8771
5.56, 8758
5.66, 8757
7.39, 8748
22.17, 8746
22.19, 8737
22.31, 8719
22.45, 8706
22.45, 8659
22.47, 8654
24.46, 8631
24.82, 8520
31.89, 8468
33.54, 8461
33.61, 8431
34.25, 8322
35.73, 8302
64.71, 8248
70.79, 8242
