0.01, 27205
0.01, 26305
0.02, 25848
0.02, 24856
0.02, 23859
0.02, 23828
0.03, 23085
0.03, 22965
0.04, 22792
0.04, 22757
0.04, 22701
0.05, 22460
0.05, 21814
0.05, 21698
0.05, 21642
0.06, 21259
0.07, 20885
0.08, 20624
0.08, 20512
0.09, 20273
0.09, 20269
0.10, 20041
0.10, 18617
0.15, 18544
0.16, 18057
0.19, 17757
0.20, 17497
0.21, 17316
0.22, 17305
0.22, 17241
0.23, 17185
0.23, 17150
0.23, 16887
0.24, 16380
0.27, 16177
0.27, 16102
0.28, 16082
0.28, 15885
0.29, 15785
0.29, 15120
0.30, 15097
0.30, 14085
0.33, 13843
0.34, 13659
0.34, 13357
0.34, 13318
0.35, 13049
0.35, 12936
0.36, 12855
0.36, 12770
0.37, 12291
0.38, 12146
0.38, 12020
0.42, 11947
0.43, 11936
0.49, 11926
0.50, 11907
0.50, 11791
0.50, 11713
0.51, 11702
0.51, 11674
0.56, 11594
0.56, 11544
0.60, 11446
0.63, 11417
0.66, 11005
0.70, 10954
0.72, 10923
0.73, 10805
0.73, 10788
0.76, 10709
0.77, 10698
0.81, 10649
0.85, 10642
0.88, 10629
0.89, 10595
0.90, 10591
0.91, 10540
0.91, 10501
1.06, 10424
1.07, 10382
1.08, 10283
1.11, 10197
1.11, 10122
1.26, 9948
1.33, 9840
1.33, 9827
1.47, 9718
1.50, 9680
1.69, 9657
1.70, 9500
1.72, 9337
1.84, 9301
1.87, 9217
1.88, 9211
1.91, 9186
1.91, 9086
1.98, 9018
2.10, 9003
2.14, 9001
2.24, 8962
2.35, 8945
2.75, 8743
2.85, 8728
3.21, 8704
4.19, 8702
4.39, 8629
5.00, 8605
5.03, 8583
8.47, 8573
8.61, 8539
10.16, 8531
19.86, 8466
19.86, 8450
19.95, 8341
21.54, 8338
21.55, 8334
21.56, 8310
21.66, 8309
21.69, 8302
