0.00, 26009
0.02, 25895
0.02, 25812
0.02, 25519
0.02, 25201
0.03, 24441
0.03, 23982
0.03, 22678
0.03, 22619
0.03, 21157
0.03, 21071
0.03, 20508
0.03, 20412
0.05, 20377
0.05, 19698
0.05, 19628
0.05, 19256
0.06, 19201
0.08, 19098
0.08, 18826
0.08, 18423
0.09, 18073
0.11, 17720
0.11, 17513
0.11, 17507
0.11, 17370
0.13, 17327
0.13, 17015
0.13, 16617
0.13, 16308
0.15, 16216
0.15, 16189
0.16, 16118
0.16, 16067
0.16, 15913
0.18, 15742
0.18, 15609
0.19, 15481
0.19, 14793
0.19, 14763
0.19, 14744
0.21, 14295
0.21, 14287
0.22, 14233
0.22, 14228
0.22, 14185
0.24, 14129
0.24, 14013
0.25, 13903
0.25, 13891
0.27, 13881
0.27, 13811
0.27, 13789
0.27, 13615
0.28, 13503
0.28, 13424
0.30, 13416
0.30, 13396
0.32, 13135
0.46, 12899
0.49, 12860
0.49, 12848
0.51, 12820
0.51, 12717
0.51, 12703
0.52, 12667
0.54, 12599
0.56, 12584
0.56, 12567
0.56, 12516
0.59, 12498
0.63, 12459
0.65, 12416
0.68, 12405
0.70, 12230
0.70, 12184
0.71, 12170
0.71, 11863
0.73, 11842
0.77, 11809
1.00, 11775
1.01, 11762
1.04, 11733
1.06, 11604
1.08, 11534
1.09, 11520
1.12, 11211
1.17, 11186
1.23, 11109
1.26, 11048
1.26, 11042
1.26, 10426
1.28, 10230
1.28, 10227
1.31, 10218
1.34, 10204
1.36, 10203
1.41, 9910
1.46, 9782
1.57, 9751
1.61, 9750
1.63, 9749
1.66, 9734
1.69, 9733
2.01, 9627
2.02, 9614
2.11, 9593
2.29, 9570
2.96, 9479
2.96, 9188
3.18, 9170
3.18, 9122
3.33, 9085
3.38, 8935
3.51, 8905
3.60, 8851
3.65, 8773
4.07, 8763
4.09, 8663
4.12, 8648
4.15, 8642
4.45, 8637
4.61, 8625
4.79, 8605
4.84, 8594
4.96, 8530
5.25, 8376
5.28, 8253
11.51, 8249
11.52, 8231
11.54, 8227
12.67, 8217
13.72, 8204
41.46, 8203
