0.02, 27106
0.02, 26667
0.02, 24589
0.03, 24504
0.03, 24173
0.03, 24152
0.03, 23636
0.03, 23399
0.03, 23109
0.05, 22908
0.05, 22487
0.05, 21402
0.05, 21250
0.05, 20916
0.06, 20871
0.06, 20685
0.06, 20087
0.08, 19921
0.08, 19909
0.08, 19866
0.08, 19783
0.09, 19778
0.09, 19506
0.09, 19498
0.11, 19414
0.11, 19345
0.14, 19153
0.16, 18901
0.17, 18787
0.19, 18760
0.19, 18713
0.19, 18606
0.20, 17971
0.20, 17746
0.20, 17596
0.20, 17300
0.22, 16968
0.22, 16868
0.22, 16771
0.23, 16450
0.23, 16325
0.27, 16251
0.27, 16082
0.27, 15862
0.27, 15847
0.28, 15830
0.30, 15800
0.30, 15603
0.31, 15525
0.33, 15368
0.34, 15227
0.36, 15111
0.36, 15060
0.38, 14750
0.38, 14618
0.39, 14589
0.39, 14481
0.41, 14468
0.41, 14180
0.44, 14176
0.45, 14160
0.45, 14016
0.45, 13936
0.47, 13541
0.47, 13509
0.48, 13433
0.48, 13317
0.48, 13239
0.52, 13237
0.52, 13099
0.52, 13093
0.53, 13030
0.53, 12620
0.56, 12610
0.58, 12594
0.59, 12353
0.63, 12339
1.04, 12333
1.15, 12326
1.17, 12302
1.20, 12071
1.23, 11465
1.23, 11445
1.29, 11428
1.31, 11392
1.31, 11246
1.31, 11179
1.34, 11178
1.40, 11146
1.48, 10994
1.52, 10991
1.52, 10969
1.56, 10967
1.56, 10934
1.64, 10864
1.64, 10800
1.66, 10694
1.66, 10656
1.67, 10608
1.70, 10567
1.78, 10486
1.78, 10454
1.80, 10420
1.81, 10365
1.83, 10354
1.89, 10337
1.89, 10168
1.92, 10104
1.95, 10067
1.95, 10057
2.19, 9991
2.28, 9940
2.33, 9904
2.36, 9886
2.58, 9857
2.61, 9852
2.93, 9843
2.96, 9821
2.99, 9780
3.01, 9560
3.04, 9524
3.12, 9520
3.38, 9517
3.83, 9508
3.95, 9488
4.11, 9481
4.79, 9450
4.79, 9325
4.82, 9283
4.82, 9177
5.21, 9125
5.38, 9074
5.43, 9047
5.45, 9037
5.57, 8944
5.64, 8938
5.64, 8917
5.69, 8834
5.75, 8823
5.77, 8761
5.82, 8738
5.92, 8634
6.56, 8567
6.98, 8539
7.26, 8507
8.00, 8444
8.92, 8425
14.55, 8420
16.35, 8409
18.34, 8402
19.03, 8397
