0.02, 26092
0.02, 26077
0.03, 25805
0.03, 25704
0.03, 25454
0.03, 24882
0.03, 24433
0.05, 23524
0.05, 23031
0.05, 22872
0.05, 22534
0.05, 22187
0.06, 22040
0.06, 21807
0.06, 21801
0.06, 21596
0.06, 21513
0.08, 21273
0.08, 21032
0.08, 21015
0.08, 20325
0.08, 20017
0.09, 19822
0.09, 18939
0.09, 18911
0.11, 18843
0.11, 18540
0.11, 18344
0.11, 18309
0.13, 18177
0.13, 17986
0.14, 17947
0.14, 17822
0.22, 17559
0.24, 17083
0.25, 17034
0.25, 16890
0.25, 16872
0.27, 16797
0.28, 16608
0.28, 16470
0.33, 16375
0.34, 16155
0.36, 15985
0.38, 15432
0.38, 15418
0.39, 15352
0.39, 14943
0.39, 14871
0.41, 14865
0.42, 14734
0.42, 14692
0.44, 14523
0.49, 14517
0.49, 14381
0.52, 14358
0.53, 14333
0.53, 14225
0.53, 14211
0.55, 14205
0.55, 14191
0.55, 14167
0.56, 13987
0.66, 13921
0.66, 13908
0.66, 13860
0.68, 13847
0.68, 13783
0.71, 13695
0.71, 13688
0.71, 13644
0.72, 13541
0.72, 13538
0.72, 13247
0.72, 13166
0.72, 13159
0.74, 13110
0.74, 13098
0.74, 13013
0.75, 12960
0.77, 12706
0.83, 12464
0.85, 12460
0.85, 12422
0.86, 12401
0.88, 12220
0.88, 12176
0.89, 12054
0.91, 12015
0.91, 11832
0.97, 11819
0.99, 11788
1.02, 11723
1.02, 11713
1.07, 11679
1.08, 11637
1.10, 11523
1.10, 11264
1.11, 11201
1.16, 11128
1.21, 11038
1.35, 11014
1.36, 10895
1.36, 10788
1.36, 10767
1.47, 10734
1.52, 10720
1.54, 10642
1.60, 10551
1.70, 10542
1.74, 10529
1.76, 10433
1.78, 10311
1.92, 10282
1.95, 10243
1.96, 10189
1.98, 10185
1.99, 10118
2.09, 10109
2.10, 10101
2.21, 10100
2.42, 10081
2.49, 9957
2.51, 9950
2.56, 9770
2.56, 9682
2.56, 9657
2.75, 9640
2.86, 9538
2.89, 9442
3.07, 9419
3.39, 9283
3.80, 9258
3.81, 9247
3.84, 9230
4.03, 9184
4.03, 9181
4.19, 9167
4.23, 9128
4.27, 9073
4.33, 9066
4.47, 9023
4.66, 8644
4.67, 8643
4.76, 8634
4.77, 8561
4.96, 8558
5.20, 8557
5.32, 8447
5.37, 8416
5.41, 8404
6.23, 8403
6.28, 8390
6.42, 8310
7.08, 8267
8.19, 8261
8.55, 8255
8.64, 8232
8.75, 8215
8.78, 8209
27.54, 8017
49.70, 8000
49.73, 7974
53.51, 7969
53.59, 7902
58.53, 7832
61.59, 7825
