0.01, 521467
0.01, 508691
0.01, 507139
0.01, 504800
0.01, 502555
0.01, 502481
0.01, 502091
0.01, 499024
0.03, 496291
0.03, 482508
0.03, 475233
0.03, 474816
0.04, 469286
0.08, 463414
0.08, 449526
0.08, 445880
0.08, 443317
0.16, 442463
0.21, 435626
0.23, 435618
0.23, 434016
0.79, 427784
1.34, 413706
1.34, 412371
1.34, 407456
1.89, 405581
2.44, 403282
2.44, 401558
2.93, 391803
3.48, 384141
4.04, 380064
4.04, 373085
4.62, 371339
5.17, 369607
5.71, 368298
6.28, 367977
6.83, 363659
7.40, 353201
7.92, 351269
8.49, 348025
8.49, 341216
8.49, 338552
9.08, 332508
9.59, 325293
10.12, 324617
10.64, 317664
11.16, 316325
11.68, 313878
12.19, 310270
12.70, 305988
13.22, 305500
13.71, 303714
14.19, 303631
14.69, 299714
15.18, 293112
15.67, 288997
16.15, 283507
16.63, 281764
17.11, 279866
17.58, 277901
18.06, 277867
18.53, 271957
19.01, 271671
19.47, 266271
19.94, 265372
20.44, 261524
20.90, 260870
21.36, 260508
21.82, 258896
22.28, 258462
22.73, 256406
23.18, 255465
23.64, 250906
24.10, 249040
24.56, 247876
24.99, 245436
25.43, 237919
25.87, 236737
26.32, 235331
26.76, 233597
27.22, 226831
27.67, 226232
28.11, 224452
28.57, 223529
29.02, 223512
29.46, 222928
29.90, 222736
30.33, 222624
30.33, 217742
30.80, 217612
31.23, 216652
31.64, 204094
32.05, 201663
32.46, 199642
32.87, 199125
33.27, 197873
33.67, 196944
34.08, 195492
34.48, 193199
34.89, 191876
35.29, 190847
35.68, 190516
36.08, 190114
36.49, 187870
36.87, 187785
37.27, 186852
37.65, 184925
38.03, 184783
38.41, 180368
38.80, 178820
39.18, 178431
39.57, 178118
39.95, 176516
40.32, 175860
40.70, 175658
41.08, 175222
41.46, 174997
41.84, 172106
42.21, 170202
42.57, 167118
42.93, 166437
43.30, 166036
43.66, 165897
44.03, 164822
44.38, 164189
44.74, 162975
45.10, 162396
45.46, 160845
45.81, 160812
46.16, 160777
46.51, 160484
46.86, 160224
47.20, 159179
47.56, 157615
47.89, 157233
48.26, 154492
48.60, 154265
48.94, 152740
49.27, 152384
49.59, 150758
49.94, 150420
50.26, 150049
50.60, 149586
50.93, 149230
51.26, 149152
51.59, 146537
51.91, 145967
52.23, 145580
52.58, 144674
52.90, 144411
53.22, 143851
53.55, 139567
53.89, 138949
54.21, 137182
54.53, 136971
54.85, 136643
55.16, 136242
55.47, 136030
55.82, 135595
56.13, 135059
56.45, 134771
56.76, 134637
57.07, 134561
57.07, 134152
57.37, 133755
57.69, 133194
58.03, 132593
58.33, 132171
58.65, 131326
58.96, 131055
59.27, 130974
59.58, 128438
59.87, 127763
60.19, 125827
60.49, 125483
60.81, 125397
61.11, 124919
61.38, 124888
61.66, 121437
62.00, 121178
62.31, 117430
62.64, 116416
62.98, 116352
63.26, 115561
63.53, 115368
63.85, 115203
64.15, 114423
64.60, 113741
64.91, 113226
65.30, 112738
65.67, 111673
65.99, 110858
66.37, 110581
66.67, 109806
67.54, 109780
68.07, 109151
69.42, 108316
69.84, 108167
70.32, 108104
70.57, 107844
72.11, 107264
72.42, 107131
72.68, 106779
73.18, 105765
76.33, 105630
