0.01, 535348
0.01, 520230
0.01, 509385
0.01, 503768
0.02, 502614
0.03, 492506
0.03, 485109
0.03, 483042
0.03, 469501
0.03, 462661
0.03, 460972
0.05, 452719
0.16, 452179
0.17, 447485
0.17, 441358
0.38, 435875
0.83, 432677
0.83, 431600
1.38, 428420
1.52, 426131
1.52, 424872
2.09, 417399
2.65, 414138
3.22, 409791
3.22, 408078
3.78, 407131
4.33, 404108
4.83, 402440
5.32, 400118
5.81, 399420
6.30, 398803
6.31, 395883
6.80, 395720
7.29, 393510
7.79, 392891
8.28, 392463
8.28, 385970
8.75, 379189
9.23, 377394
9.70, 363263
10.17, 362503
10.63, 361010
11.11, 360717
11.58, 356190
12.06, 352974
12.54, 352765
13.01, 352048
13.48, 342853
13.94, 338428
14.40, 337601
14.87, 335847
15.32, 334429
15.78, 326815
16.24, 323764
16.24, 320932
16.68, 320450
17.12, 317372
17.56, 317072
18.00, 316991
18.43, 315010
18.87, 310800
19.31, 306258
19.74, 303209
20.17, 297303
20.60, 297224
21.02, 296628
21.44, 294597
21.87, 287595
22.31, 285377
22.73, 276842
23.16, 276162
23.58, 275736
24.00, 274267
24.42, 271768
24.83, 270492
25.24, 270262
25.67, 268690
26.07, 268492
26.47, 267356
26.87, 265377
27.30, 262948
27.71, 262397
28.13, 260784
28.54, 260442
28.94, 260045
29.33, 259443
29.75, 253318
30.18, 251027
30.57, 247140
30.96, 245108
31.34, 244545
31.72, 242961
32.10, 241003
32.49, 232008
32.87, 231008
33.25, 230862
33.62, 226519
34.00, 223219
34.38, 222288
34.75, 221531
35.12, 219474
35.49, 219079
35.84, 216697
36.21, 216413
36.57, 215298
36.93, 214580
37.29, 214304
37.29, 212402
37.64, 211284
38.00, 210641
38.38, 210596
38.74, 209983
39.09, 209963
39.47, 208635
39.81, 202875
40.16, 195520
40.50, 194412
40.86, 194380
41.20, 194233
41.55, 193284
41.90, 192946
42.24, 192119
42.59, 191334
42.93, 189950
43.27, 189871
43.61, 188923
43.94, 184234
44.28, 178168
44.61, 175815
44.93, 172266
45.27, 171096
45.59, 171090
45.92, 170603
46.25, 170544
46.58, 169482
46.90, 169464
47.22, 166659
47.54, 166570
47.86, 165740
48.17, 163325
48.50, 162503
48.81, 161218
49.14, 161051
49.45, 158590
49.78, 158503
50.09, 156654
50.40, 155991
50.70, 153724
51.03, 153510
51.35, 153014
51.65, 152989
51.96, 152379
52.26, 151378
52.57, 150952
52.87, 150296
53.17, 148593
53.47, 145783
53.76, 145604
54.07, 144894
54.36, 144803
54.65, 144788
54.95, 144170
55.26, 143683
55.57, 142168
55.86, 141347
56.15, 141288
56.44, 140424
56.77, 140223
57.10, 140160
57.39, 139373
57.67, 138892
57.97, 138357
58.25, 137871
58.55, 136759
58.83, 136205
59.11, 135082
59.39, 134970
59.68, 134849
59.96, 134098
60.24, 132762
60.52, 132662
60.80, 131351
61.06, 130393
61.35, 129955
61.64, 129234
61.95, 128994
62.22, 128321
62.49, 128269
62.81, 128066
63.06, 126459
63.32, 124794
63.60, 122877
63.99, 121693
64.26, 121032
64.52, 120991
64.78, 119886
65.04, 118589
65.33, 118495
65.66, 118474
66.01, 118144
66.26, 116413
66.60, 116202
66.83, 115731
67.09, 115301
67.41, 113996
67.82, 113255
68.17, 112143
68.44, 111956
68.78, 111518
69.03, 111322
69.41, 111277
69.87, 111249
70.23, 110669
71.13, 109769
71.38, 109483
72.25, 109058
72.64, 108925
73.05, 108640
74.13, 107913
