0.02, 559907
0.02, 553407
0.02, 547877
0.02, 526753
0.02, 523345
0.02, 519743
0.02, 518725
0.02, 514409
0.02, 508631
0.02, 507317
0.02, 501702
0.02, 495235
0.02, 492232
0.03, 486972
0.03, 471139
0.03, 467743
0.03, 465587
0.05, 461984
0.05, 461631
0.08, 460797
0.13, 456309
0.16, 452927
0.20, 452649
0.20, 449848
0.20, 448530
0.20, 446130
0.30, 445666
0.30, 444211
0.30, 437984
0.31, 437081
0.58, 434890
0.63, 431038
0.73, 430121
1.23, 429604
1.72, 427247
2.22, 421177
2.70, 419433
3.19, 418474
3.69, 416547
4.16, 414416
4.66, 409529
5.14, 407726
5.62, 402763
6.09, 389754
6.58, 386913
7.05, 385329
7.05, 383215
7.52, 382694
7.99, 380088
8.46, 376760
8.93, 376290
8.93, 374768
9.38, 373285
9.85, 357415
10.30, 357203
10.30, 355671
10.77, 353530
11.26, 351539
11.72, 349946
12.21, 343081
12.68, 341734
13.15, 338870
13.61, 335946
14.11, 333878
14.57, 328360
15.00, 324869
15.46, 322704
15.91, 318014
16.35, 315356
16.80, 314482
16.80, 313306
17.24, 312564
17.68, 310639
18.11, 298353
18.55, 293711
18.99, 292817
18.99, 286882
19.41, 274081
19.85, 271297
20.29, 271129
20.71, 269383
21.15, 268199
21.57, 262929
21.99, 261431
22.40, 256823
22.82, 256021
23.24, 255524
23.65, 253807
24.07, 252906
24.47, 252344
24.89, 248707
25.30, 231719
25.70, 230709
26.11, 230120
26.50, 227846
26.91, 227521
27.30, 227469
27.71, 226977
28.10, 225656
28.50, 224080
28.89, 223304
29.28, 222228
29.67, 221502
30.05, 220762
30.44, 219446
30.83, 218362
31.21, 218173
31.60, 218012
31.97, 216921
32.35, 213052
32.72, 210445
33.11, 209297
33.47, 208623
33.85, 207997
34.22, 203747
34.60, 201440
34.95, 199823
35.31, 198220
35.69, 197968
36.05, 197354
36.41, 196379
36.77, 196017
37.13, 194456
37.49, 194008
37.84, 193517
38.19, 192309
38.55, 189611
38.89, 188520
39.25, 188270
39.59, 187923
39.95, 186513
40.30, 185621
40.64, 185092
40.98, 184479
41.31, 183131
41.66, 182557
42.00, 180861
42.33, 180537
42.67, 178115
43.00, 177247
43.34, 172599
43.67, 172178
44.00, 170500
44.33, 169639
44.67, 169491
45.00, 169302
45.31, 167496
45.64, 166377
45.97, 165943
46.28, 165519
46.61, 164120
46.92, 161624
47.25, 161000
47.56, 160149
47.87, 160103
48.20, 159913
48.51, 159005
48.83, 155533
49.15, 155162
49.45, 153992
49.76, 153018
50.08, 151909
50.37, 149019
50.68, 147504
50.98, 146898
51.28, 146385
51.59, 145103
51.92, 145071
52.20, 143460
52.50, 143110
52.79, 143074
53.09, 142922
53.37, 142875
53.67, 142296
53.95, 140672
54.25, 139741
54.53, 138815
54.82, 138672
55.10, 138148
55.40, 138118
55.68, 138108
55.96, 137716
56.24, 136664
56.57, 136552
56.85, 136207
57.12, 136165
57.43, 135878
57.70, 134489
57.98, 132726
58.28, 132718
58.56, 132705
58.85, 130310
59.13, 129862
59.42, 129421
59.68, 127952
59.95, 127284
60.20, 127170
60.47, 125655
60.77, 125043
61.03, 124070
61.31, 123604
61.58, 122733
61.84, 122348
62.17, 121533
62.46, 120259
62.71, 119710
62.98, 118938
63.25, 117495
63.50, 116569
63.79, 115853
64.12, 115625
64.60, 114810
64.98, 114409
65.54, 113438
65.82, 113289
66.18, 113013
66.46, 112138
67.24, 111982
67.67, 111716
68.99, 111291
69.63, 111111
69.92, 111020
70.85, 110755
74.14, 110353
75.25, 110122
80.36, 109937
