0.00, 557903
0.02, 551910
0.02, 551712
0.02, 541176
0.02, 530611
0.02, 528014
0.02, 525385
0.02, 522297
0.02, 520630
0.02, 520569
0.02, 511760
0.02, 510362
0.03, 509868
0.03, 508211
0.03, 506004
0.03, 493473
0.03, 490173
0.03, 483440
0.05, 479345
0.05, 476862
0.05, 472783
0.05, 459401
0.06, 450395
0.20, 445673
0.20, 438888
0.20, 433349
0.20, 424667
0.73, 424577
0.73, 419499
0.73, 419081
1.27, 413332
1.27, 412978
1.27, 403391
1.77, 400039
2.27, 393043
2.75, 390849
2.75, 387599
2.75, 386807
3.25, 384102
3.75, 380127
4.23, 372556
4.23, 371353
4.72, 368703
5.22, 368227
5.70, 366236
5.70, 366066
6.19, 365310
6.66, 362289
7.14, 356492
7.62, 353464
8.09, 353027
8.56, 352754
9.05, 350289
9.05, 348403
9.05, 348179
9.51, 342593
9.98, 338743
10.44, 331635
10.91, 330606
11.38, 330348
11.83, 328435
12.28, 321556
12.73, 320821
13.19, 317653
13.64, 315280
14.09, 313643
14.53, 310036
14.98, 307883
15.44, 305390
15.87, 302726
16.32, 300803
16.32, 298468
16.76, 293833
17.20, 293277
17.63, 292481
18.06, 291768
18.49, 287440
18.92, 286726
19.35, 283382
19.77, 280078
20.20, 279265
20.62, 271528
21.04, 264118
21.46, 256313
21.87, 253040
22.29, 252693
22.70, 249048
23.12, 248849
23.52, 245069
23.93, 244708
24.34, 242722
24.74, 242329
25.15, 234636
25.55, 232797
25.94, 232668
26.35, 229614
26.74, 228877
27.15, 228533
27.54, 228000
27.93, 225070
28.32, 222591
28.71, 221091
29.13, 221006
29.52, 220888
29.93, 220549
30.33, 220228
30.74, 218470
31.13, 217809
31.52, 212497
31.91, 209415
32.31, 207870
32.71, 204060
33.06, 202589
33.41, 201799
33.76, 199410
34.10, 196594
34.45, 195728
34.79, 194083
35.13, 188447
35.48, 187743
35.82, 185054
36.16, 182766
36.51, 182415
36.84, 182342
37.18, 180094
37.51, 178093
37.85, 177023
38.18, 175442
38.51, 174758
38.83, 174741
39.16, 174479
39.49, 172151
39.82, 171362
40.13, 170750
40.46, 170642
40.77, 168002
41.10, 165774
41.43, 164646
41.74, 164391
42.05, 163271
42.37, 161283
42.68, 160996
42.99, 159969
43.30, 157408
43.62, 157192
43.93, 156966
44.26, 155166
44.55, 154053
44.86, 154041
45.18, 154030
45.47, 152623
45.77, 150925
46.09, 150645
46.38, 150133
46.68, 149185
46.99, 148798
47.29, 148723
47.59, 146960
47.88, 144888
48.18, 144512
48.46, 143009
48.76, 141098
49.06, 140235
49.35, 139858
49.65, 139718
49.95, 138991
50.23, 138291
50.52, 138167
50.80, 137685
51.12, 137092
51.41, 136145
51.70, 136077
51.99, 135284
52.27, 134154
52.55, 132946
52.85, 131630
53.13, 131606
53.44, 131339
53.73, 130371
54.02, 130232
54.30, 130203
54.62, 129863
54.88, 129622
55.15, 129453
55.44, 129415
55.71, 128290
56.01, 127226
56.32, 127122
56.65, 127121
56.96, 126873
57.22, 126558
57.51, 125481
57.97, 124314
58.37, 124249
58.63, 122455
59.05, 122007
59.49, 121649
60.10, 119854
60.36, 117372
60.65, 116758
60.94, 116718
61.68, 116133
62.04, 115896
62.36, 115599
62.60, 115408
62.88, 115350
64.11, 115305
65.55, 115187
65.88, 115011
66.24, 114233
66.66, 113949
66.91, 113393
67.16, 113217
68.72, 112820
69.32, 112549
70.05, 112449
72.73, 112196
73.29, 111928
75.69, 111927
