0.02, 568486
0.02, 566472
0.02, 564530
0.02, 562926
0.02, 555641
0.02, 543415
0.02, 536546
0.02, 534193
0.02, 530844
0.02, 520839
0.02, 517780
0.02, 517004
0.02, 512465
0.02, 501932
0.02, 493049
0.02, 492852
0.03, 489151
0.03, 482862
0.03, 481862
0.05, 473560
0.05, 468590
0.05, 467031
0.08, 465572
0.08, 462569
0.08, 456078
0.14, 452622
0.14, 440809
0.14, 439437
0.30, 438676
0.30, 423768
0.30, 422906
0.81, 422873
1.36, 416123
1.36, 404095
1.83, 402510
2.32, 399592
2.80, 391118
2.80, 385985
3.27, 380175
3.76, 375905
4.23, 373500
4.68, 373395
5.12, 371874
5.57, 369964
6.01, 365963
6.46, 363489
6.91, 362758
7.37, 351914
7.80, 345837
8.26, 345255
8.69, 342297
9.13, 341670
9.57, 337627
10.01, 335612
10.44, 335560
10.88, 328636
11.32, 327071
11.74, 324661
12.16, 322819
12.58, 322755
13.02, 320418
13.44, 310818
13.86, 309271
14.29, 305887
14.69, 300015
15.11, 298837
15.54, 294813
15.94, 293641
16.36, 292211
16.77, 288372
17.18, 287815
17.58, 285679
17.99, 280310
17.99, 277104
18.38, 271466
18.79, 267673
19.19, 267476
19.58, 261862
19.99, 258426
20.38, 257946
20.79, 257657
21.19, 257149
21.63, 254895
22.09, 253890
22.51, 251875
22.88, 251643
23.27, 249217
23.66, 247018
24.04, 244940
24.41, 243368
24.79, 239910
25.16, 239685
25.54, 237683
25.93, 237573
26.30, 236176
26.68, 234197
27.05, 231256
27.41, 228798
27.79, 228401
28.15, 228319
28.52, 225603
28.88, 222669
29.24, 219738
29.60, 215231
29.97, 212340
30.33, 211986
30.69, 211919
31.04, 207872
31.40, 207525
31.74, 200501
32.08, 200111
32.44, 200089
32.78, 199935
33.14, 196155
33.49, 194482
33.83, 193195
34.17, 191150
34.52, 190304
34.86, 189532
35.19, 189203
35.53, 188840
35.88, 188436
36.21, 188364
36.53, 186553
36.88, 186351
37.20, 185758
37.53, 182031
37.86, 181158
38.19, 176242
38.51, 176013
38.83, 175262
39.16, 174578
39.47, 174222
39.80, 172549
40.11, 172067
40.44, 172020
40.76, 168763
41.08, 168420
41.40, 168268
41.71, 167805
42.02, 164884
42.32, 164797
42.63, 164702
42.94, 163057
43.25, 162272
43.57, 161785
43.86, 161199
44.18, 161196
44.47, 160293
44.77, 159307
45.08, 158784
45.38, 157967
45.68, 157940
45.97, 155286
46.27, 154242
46.58, 152999
46.88, 149820
47.18, 149076
47.47, 146795
47.77, 146477
48.07, 146423
48.35, 144166
48.64, 143548
48.94, 141826
49.24, 141807
49.52, 141368
49.82, 140555
50.10, 140093
50.38, 139627
50.69, 137790
50.97, 136850
51.27, 135347
51.53, 132297
51.85, 131705
52.13, 130653
52.42, 130016
52.69, 129634
53.08, 129583
53.36, 129357
53.64, 128558
53.91, 127380
54.19, 126770
54.49, 126686
54.75, 126589
55.05, 126174
55.35, 126079
55.63, 124712
55.94, 124566
56.20, 124404
56.48, 124367
56.73, 124300
57.01, 124273
57.36, 123813
57.67, 123652
57.94, 123286
58.22, 123045
58.56, 121333
58.84, 121229
59.17, 120480
59.58, 119972
59.81, 119678
60.08, 119322
60.45, 119096
60.75, 118207
61.12, 117220
61.44, 116092
61.78, 115479
62.08, 115313
62.33, 114560
62.70, 114107
62.98, 112870
63.22, 112042
63.45, 111748
63.87, 111573
64.12, 111130
64.54, 111083
64.83, 111052
65.33, 110378
65.56, 110242
65.79, 109708
66.42, 109139
66.65, 109066
66.95, 109040
67.31, 108706
67.87, 108492
68.28, 108450
68.85, 107987
69.81, 107968
70.54, 107747
71.46, 107554
72.62, 107524
