0.02, 615266
0.02, 595655
0.02, 580600
0.02, 572874
0.02, 564823
0.02, 562455
0.02, 559977
0.02, 559293
0.02, 554598
0.02, 535728
0.02, 532026
0.02, 526958
0.03, 510483
0.03, 504319
0.03, 497535
0.03, 492762
0.03, 488017
0.05, 482257
0.05, 477316
0.05, 474643
0.05, 470563
0.06, 470103
0.06, 469586
0.06, 466656
0.06, 457836
0.06, 454503
0.13, 446046
0.22, 430139
0.22, 426399
0.31, 421757
0.85, 416253
0.85, 416008
1.35, 413387
1.87, 406483
2.37, 404690
2.88, 403681
2.88, 402154
2.88, 400166
3.40, 399878
3.40, 389299
3.93, 384031
4.43, 380096
4.43, 373223
4.93, 370734
5.43, 365586
5.93, 360505
6.43, 359937
6.91, 357272
6.93, 353715
7.41, 353481
7.90, 353439
8.41, 349774
8.85, 340910
9.29, 340584
9.74, 339487
10.18, 337758
10.61, 331479
11.05, 327342
11.49, 326073
11.91, 325355
12.35, 311888
12.79, 307586
13.21, 296686
13.64, 293656
14.07, 288313
14.49, 282060
14.91, 281712
15.33, 281272
15.75, 280396
15.75, 280108
16.17, 278586
16.58, 275751
17.00, 271959
17.41, 271925
17.82, 269692
18.22, 265780
18.63, 265304
19.04, 264606
19.44, 263983
19.85, 260024
19.85, 258868
20.24, 258112
20.64, 255016
21.03, 254986
21.43, 253321
21.82, 252781
22.21, 252175
22.60, 252057
22.99, 250846
23.38, 247854
23.77, 240144
24.14, 238245
24.53, 237411
24.92, 235654
25.30, 235162
25.69, 234752
26.06, 232981
26.42, 232454
26.80, 230540
27.17, 228433
27.55, 227577
27.92, 226105
28.30, 222435
28.67, 221394
29.03, 217979
29.39, 217731
29.77, 215555
30.13, 214697
30.49, 211879
30.84, 210877
31.20, 208605
31.56, 206952
31.92, 206132
32.28, 203046
32.63, 202255
32.98, 200259
33.33, 198340
33.68, 198157
34.04, 198136
34.38, 197645
34.73, 192708
35.07, 192296
35.41, 191897
35.75, 190896
36.10, 188467
36.44, 182916
36.78, 180787
37.11, 180238
37.45, 179877
37.78, 178324
38.11, 178051
38.44, 177260
38.76, 171404
39.09, 170439
39.42, 168921
39.73, 168710
40.06, 168660
40.39, 166610
40.70, 165890
41.03, 164907
41.34, 164618
41.67, 164057
41.98, 163146
42.29, 163082
42.61, 162887
42.92, 161517
43.23, 161129
43.54, 159048
43.86, 157974
44.17, 157646
44.48, 157577
44.78, 156387
45.07, 155349
45.39, 153927
45.68, 153635
46.00, 153456
46.29, 152410
46.59, 152319
46.89, 151982
47.18, 151683
47.48, 150875
47.78, 148985
48.07, 148891
48.37, 148710
48.65, 148632
48.95, 147631
49.25, 147622
49.53, 146762
49.81, 145160
50.10, 144858
50.40, 144402
50.68, 142349
50.96, 141920
51.25, 141427
51.53, 140990
51.79, 140103
52.09, 139391
52.37, 138658
52.65, 137796
52.93, 137717
53.19, 137372
53.48, 137325
53.83, 136643
54.10, 135755
54.37, 134895
54.66, 134258
54.94, 132907
55.21, 132644
55.49, 131510
55.76, 130889
56.02, 129003
56.32, 128991
56.58, 127935
56.87, 126909
57.13, 126464
57.43, 126280
57.76, 123698
58.04, 123615
58.33, 122717
58.60, 120828
58.91, 120063
59.16, 118978
59.43, 118562
59.76, 118377
60.04, 117054
60.30, 116813
60.58, 116439
60.90, 116438
61.19, 115527
61.52, 115057
61.97, 114791
62.25, 114534
62.49, 112991
62.77, 112899
63.05, 112215
63.35, 111808
63.61, 111440
63.86, 109790
64.33, 109603
64.58, 108971
64.92, 108825
65.41, 108645
65.64, 108212
65.92, 107755
67.58, 106850
67.81, 106669
68.75, 106658
69.17, 106506
70.02, 105214
70.82, 104664
75.97, 104556
