0.02, 546009
0.02, 543438
0.02, 543087
0.02, 529669
0.02, 526311
0.02, 525011
0.02, 515470
0.02, 509779
0.02, 508140
0.02, 504037
0.03, 502143
0.03, 497962
0.03, 495209
0.03, 491692
0.05, 488844
0.05, 486299
0.05, 463184
0.08, 458733
0.08, 456907
0.08, 453997
0.08, 425443
0.64, 421681
1.16, 420018
1.16, 415487
1.64, 408585
1.64, 402189
2.14, 398563
2.14, 396517
2.62, 392429
3.12, 391867
3.61, 390338
4.10, 390251
4.57, 380709
5.05, 368349
5.54, 366682
6.02, 365325
6.49, 357104
6.97, 355001
7.44, 354666
7.44, 353162
7.93, 352408
7.93, 347810
8.41, 346385
8.88, 344924
9.35, 332534
9.82, 328130
10.27, 323878
10.74, 321778
11.19, 315127
11.68, 315016
12.13, 307979
12.58, 306657
13.05, 306472
13.05, 305643
13.49, 303195
13.94, 302773
14.39, 297319
14.83, 295940
15.29, 295761
15.72, 294940
16.16, 292495
16.60, 286700
17.04, 284449
17.47, 281702
17.91, 281590
18.33, 280943
18.75, 280646
19.19, 279270
19.61, 275442
20.05, 274346
20.50, 272576
20.89, 272299
21.29, 268432
21.70, 264285
22.10, 262269
22.49, 258922
22.88, 257295
23.28, 254368
23.65, 247164
24.04, 246623
24.42, 246511
24.80, 245094
25.19, 242182
25.56, 240930
25.94, 239415
26.31, 238422
26.69, 238145
27.05, 231815
27.42, 230929
27.80, 229517
28.17, 227898
28.53, 227306
28.90, 226174
29.26, 226034
29.62, 224947
29.98, 224163
30.34, 223275
30.70, 222752
31.06, 220646
31.40, 220612
31.76, 215918
32.11, 214416
32.47, 212368
32.47, 212031
32.81, 211548
33.17, 210423
33.51, 209126
33.86, 208093
34.20, 206319
34.54, 205891
34.89, 203476
35.23, 202263
35.56, 198668
35.90, 197898
36.25, 196659
36.58, 194325
36.91, 193105
37.24, 192725
37.56, 192131
37.89, 188156
38.22, 187310
38.55, 187162
38.89, 185917
39.20, 184406
39.53, 184210
39.85, 183332
40.17, 183106
40.49, 182260
40.81, 180248
41.13, 179965
41.45, 179578
41.76, 177167
42.07, 176744
42.38, 176267
42.68, 175168
42.99, 175125
43.30, 172761
43.62, 172113
43.91, 171489
44.23, 171219
44.52, 170497
44.84, 170346
45.13, 169770
45.43, 166923
45.73, 166461
46.02, 165755
46.32, 163974
46.62, 162203
46.91, 161928
47.19, 161252
47.49, 160161
47.79, 159867
48.07, 158602
48.37, 155164
48.65, 153040
48.94, 152976
49.24, 152831
49.52, 150900
49.80, 150154
50.10, 148659
50.38, 148173
50.66, 147910
50.94, 147302
51.22, 147113
51.52, 145653
51.80, 144581
52.08, 140931
52.35, 140767
52.63, 137377
52.89, 137237
53.19, 136186
53.50, 135987
53.80, 135750
54.08, 135270
54.34, 134236
54.61, 133446
54.91, 133405
55.19, 132883
55.49, 131783
55.77, 130510
56.03, 130484
56.33, 127515
56.61, 127148
56.88, 127042
57.18, 127027
57.43, 126976
57.69, 126507
57.98, 126272
58.26, 126040
58.51, 125670
58.77, 125598
59.02, 125362
59.33, 124465
59.68, 123938
59.96, 123857
60.21, 122847
60.47, 122746
60.78, 121448
61.05, 121096
61.39, 120899
61.64, 120637
61.94, 119843
62.17, 119342
62.44, 118865
62.80, 118770
63.03, 118476
63.31, 118438
63.61, 118250
63.95, 118117
64.27, 116888
64.61, 116845
65.30, 116477
66.39, 116125
67.05, 115376
67.27, 114767
67.59, 114725
68.47, 113153
69.41, 112520
69.78, 112334
70.89, 111452
72.45, 111293
74.81, 111286
75.70, 111186
