0.01, 759830
0.01, 757583
0.01, 751740
0.01, 740192
0.01, 718042
0.01, 713229
0.01, 712111
0.01, 710183
0.01, 697937
0.02, 696800
0.02, 692484
0.02, 692008
0.02, 677843
0.02, 677485
0.02, 676520
0.02, 671676
0.02, 660800
0.05, 659826
0.05, 657740
0.05, 649684
0.07, 638359
0.13, 637612
0.25, 634773
0.25, 634136
0.34, 626646
0.56, 620525
0.94, 619905
0.95, 617025
1.58, 614212
1.58, 613639
1.73, 604031
1.73, 603952
1.73, 593269
1.74, 585455
2.36, 582556
2.36, 582090
2.36, 581013
2.98, 578887
3.60, 576076
4.23, 554986
4.23, 554728
4.86, 550473
5.47, 547489
6.09, 538766
6.70, 537875
7.30, 534430
7.91, 530165
8.53, 527734
9.15, 525920
9.77, 522820
10.39, 518316
10.39, 518191
11.01, 516166
11.62, 512853
12.23, 503843
12.84, 501576
13.44, 499715
14.04, 492337
14.04, 487674
14.64, 485790
15.23, 480150
15.82, 474833
16.41, 473819
16.99, 469888
17.57, 468659
18.14, 462350
18.71, 461592
19.28, 458735
19.85, 457999
20.41, 456011
20.97, 445297
21.53, 437731
22.08, 435325
22.08, 427524
22.63, 420146
22.63, 419741
22.63, 415701
23.17, 415440
23.71, 408848
24.21, 405733
24.70, 400650
25.19, 400348
25.68, 399526
26.17, 393380
26.65, 387588
27.14, 386852
27.14, 385613
27.62, 383240
28.10, 381052
28.57, 379622
29.05, 379048
29.52, 378864
29.99, 377919
30.50, 377875
30.97, 372220
31.43, 362516
31.89, 357918
32.35, 355891
32.80, 351869
33.26, 346980
33.71, 346804
34.16, 345428
34.60, 343806
35.05, 339758
35.49, 335611
35.93, 332102
36.36, 330112
36.80, 326211
37.23, 323183
37.66, 322381
38.09, 321688
38.51, 321556
38.94, 318869
39.36, 318828
39.77, 318141
40.19, 313133
40.60, 312586
41.01, 312428
41.42, 311943
41.83, 310585
42.23, 309039
42.64, 306963
43.04, 305147
43.44, 303729
43.84, 302912
44.24, 300894
44.63, 298538
45.03, 290622
45.42, 288090
45.80, 287421
46.19, 286954
46.58, 285469
46.96, 285394
47.34, 283211
47.72, 281738
48.10, 279607
48.47, 277222
48.85, 268971
49.22, 265413
49.59, 264795
49.95, 264075
50.32, 261045
50.69, 259942
51.04, 258571
51.41, 257418
51.76, 253490
52.12, 251579
52.47, 249939
52.82, 249934
53.17, 248371
53.52, 246645
53.87, 243847
54.21, 243539
54.55, 243204
54.90, 243064
55.24, 242935
55.57, 242551
55.91, 242516
56.24, 242118
56.58, 241328
56.91, 241200
57.24, 240205
57.57, 238459
57.90, 238175
58.23, 235945
58.56, 234281
58.88, 233931
59.20, 232807
59.52, 230421
59.85, 229922
60.16, 229117
60.47, 226933
60.78, 226332
61.09, 225895
61.41, 225033
61.71, 221903
62.03, 221191
62.33, 216652
62.63, 215119
62.93, 214958
63.23, 214780
63.53, 214158
63.83, 213625
64.12, 213596
64.41, 210131
64.71, 209873
65.00, 208358
65.29, 207776
65.59, 206115
65.88, 206016
66.16, 205704
66.45, 204954
66.73, 204407
67.01, 203370
67.29, 201310
67.57, 200380
67.85, 200021
68.14, 199493
68.43, 198703
68.70, 198700
68.97, 194635
69.25, 194215
69.54, 191090
69.82, 186807
70.08, 185621
70.45, 185063
70.73, 183492
71.05, 182952
71.46, 181906
71.78, 181595
72.12, 181550
72.44, 176447
72.70, 176202
73.13, 175843
73.48, 175532
73.84, 174646
74.13, 173763
74.44, 173703
74.71, 173015
75.02, 172960
75.27, 172506
75.64, 171021
75.94, 170693
76.21, 170543
76.52, 170188
77.02, 170081
77.29, 169484
77.56, 169382
77.81, 168987
78.12, 168861
78.36, 168249
78.59, 167634
78.85, 167326
79.17, 166383
79.58, 165894
80.02, 165877
80.32, 165760
80.62, 165494
81.07, 165350
81.42, 163891
81.66, 163329
81.96, 161962
82.32, 161957
82.59, 161692
82.83, 160843
83.07, 160628
83.28, 158684
83.54, 158379
83.81, 157829
84.00, 156786
84.26, 156632
84.48, 156160
84.89, 154815
85.12, 154280
85.34, 154148
85.64, 152784
85.92, 151882
86.23, 151556
86.57, 150473
87.29, 150209
87.49, 150194
87.79, 150184
88.02, 150138
88.34, 150126
88.73, 149905
88.98, 149894
90.19, 149815
90.61, 149563
91.37, 149328
92.03, 149245
92.27, 148850
93.03, 148721
93.43, 148688
94.47, 148556
96.62, 148070
97.43, 148036
97.96, 147728
98.63, 146733
