0.01, 734167
0.01, 733838
0.01, 714260
0.01, 712320
0.01, 697887
0.01, 697210
0.01, 692495
0.01, 669907
0.01, 664651
0.01, 656864
0.02, 641275
0.14, 636176
0.14, 633707
0.14, 630974
0.14, 628095
0.14, 623569
0.14, 603301
0.84, 593123
0.84, 587537
1.48, 587441
2.13, 582333
2.76, 577121
3.39, 573744
3.39, 570215
4.03, 565849
4.65, 562633
4.65, 556546
5.28, 551096
5.90, 547958
6.52, 546801
7.13, 543097
7.75, 539605
8.36, 539414
8.96, 537312
8.96, 535596
9.57, 532142
10.17, 531986
10.77, 527484
10.77, 526654
11.38, 524591
11.98, 522558
12.57, 520316
13.15, 520191
13.74, 515308
14.33, 514695
14.92, 513306
15.50, 505999
16.08, 505004
16.66, 497559
17.23, 479801
17.81, 478480
18.38, 475893
18.93, 472327
19.49, 467763
20.05, 455263
20.61, 453258
21.16, 449929
21.71, 445102
22.26, 442785
22.80, 438503
23.35, 434920
23.84, 434739
24.33, 426553
24.33, 425675
24.82, 425398
25.31, 422921
25.31, 419873
25.79, 417701
26.27, 414224
26.75, 414145
27.23, 408804
27.70, 407216
28.18, 404072
28.65, 401120
28.65, 399324
29.12, 397045
29.59, 395870
30.05, 393156
30.51, 393047
30.97, 383524
31.43, 371671
31.89, 369720
32.35, 367742
32.80, 362683
33.25, 360319
33.25, 357202
33.70, 354179
34.15, 353894
34.59, 352193
35.03, 351189
35.48, 350460
35.91, 348620
36.34, 340242
36.78, 338511
37.21, 336776
37.21, 336451
37.64, 335614
38.07, 333933
38.49, 333158
38.91, 332679
39.33, 332042
39.75, 329347
40.17, 327457
40.58, 325355
40.99, 321846
41.42, 320784
41.83, 320326
42.26, 318932
42.66, 318099
43.06, 314617
43.46, 312068
43.86, 311879
44.25, 311419
44.65, 309616
45.04, 305743
45.43, 302394
45.81, 293452
46.20, 290973
46.58, 290916
46.96, 290389
47.34, 286882
47.72, 286878
48.10, 284887
48.47, 282765
48.84, 281839
49.22, 281699
49.58, 280306
49.95, 278018
50.32, 276497
50.68, 275936
51.04, 275557
51.41, 272814
51.76, 272454
52.12, 270523
52.48, 268644
52.83, 263905
53.19, 260752
53.54, 260619
53.89, 260032
54.23, 258240
54.58, 257613
54.92, 254364
55.26, 252308
55.60, 250870
55.93, 249784
56.27, 249525
56.61, 249326
56.94, 248084
57.27, 246367
57.60, 242753
57.93, 241239
58.26, 241173
58.58, 240795
58.90, 240740
59.22, 240645
59.54, 238572
59.86, 236611
60.18, 236024
60.49, 235986
60.80, 235264
61.12, 233982
61.43, 233739
61.74, 233099
62.05, 232932
62.36, 232730
62.66, 232588
62.96, 231222
63.27, 230494
63.57, 230312
63.87, 229496
64.16, 228353
64.46, 226537
64.75, 225275
65.04, 223887
65.33, 222783
65.62, 219455
65.92, 218739
66.20, 218494
66.49, 217420
66.77, 217383
67.06, 216716
67.34, 215241
67.62, 214547
67.90, 214358
68.17, 213342
68.45, 211303
68.73, 208135
69.00, 208022
69.27, 207296
69.55, 206354
69.83, 205121
70.10, 202334
70.38, 202283
70.64, 201495
70.91, 200688
71.18, 198274
71.44, 197810
71.70, 196256
71.96, 195388
72.23, 194172
72.49, 194109
72.75, 194024
73.01, 192155
73.27, 190961
73.52, 189780
73.81, 189676
74.05, 188105
74.32, 188104
74.57, 188089
74.82, 185902
75.06, 184909
75.31, 184383
75.57, 183127
75.84, 181877
76.07, 181001
76.33, 180768
76.59, 180068
76.82, 179948
77.09, 179467
77.33, 179385
77.56, 179014
77.81, 178362
78.06, 178129
78.30, 174069
78.63, 173951
78.86, 172233
79.11, 171819
79.32, 171227
79.55, 170407
79.81, 170128
80.02, 169235
80.25, 166971
80.51, 166243
80.73, 164428
80.95, 163450
81.16, 163203
81.37, 162097
81.61, 161550
81.85, 161107
82.08, 160059
82.37, 159795
82.61, 159585
82.85, 159216
83.06, 157890
83.35, 157453
83.76, 157275
84.20, 157172
84.90, 156402
85.22, 156175
85.52, 155824
85.72, 155383
86.20, 155274
87.06, 154854
87.27, 154777
88.11, 154694
88.29, 154288
88.58, 154028
88.80, 153166
89.56, 151723
89.97, 151573
91.31, 151352
91.49, 150812
91.79, 150736
92.07, 150510
92.48, 149393
93.06, 148410
93.22, 148386
93.41, 148291
93.60, 148283
94.05, 148075
94.50, 147808
95.72, 146741
95.95, 145710
96.40, 145664
97.02, 144771
98.80, 144745
98.95, 144502
99.57, 144203
100.79, 144202
101.54, 143730
103.54, 143347
103.70, 142804
106.24, 142767
106.74, 142744
108.31, 142595
111.17, 142158
119.25, 141758
