0.01, 744640
0.01, 743002
0.01, 741569
0.01, 734706
0.01, 726825
0.01, 716644
0.01, 710784
0.01, 708468
0.01, 706560
0.02, 703365
0.02, 703158
0.02, 697338
0.02, 679636
0.02, 675920
0.02, 675311
0.02, 674268
0.02, 668745
0.02, 663450
0.02, 662616
0.02, 660386
0.02, 657783
0.04, 653564
0.04, 653440
0.05, 646341
0.07, 645788
0.11, 641781
0.15, 637913
0.15, 627332
0.15, 613057
0.15, 611740
0.71, 606468
1.37, 606359
1.37, 600130
1.37, 590442
2.04, 583780
2.04, 582511
2.04, 574754
2.74, 567506
2.75, 563567
2.75, 561747
3.40, 558858
3.40, 547133
4.09, 545880
4.75, 544582
5.38, 541077
6.00, 538549
6.62, 538519
7.24, 535787
7.85, 523186
7.85, 516775
8.46, 511713
9.07, 500712
9.67, 499197
10.27, 498086
10.27, 497071
10.27, 496531
10.87, 493194
11.47, 492017
12.05, 491215
12.64, 488267
13.22, 488010
13.80, 478012
14.37, 476284
14.93, 476090
15.50, 473583
16.06, 458689
16.63, 457321
17.18, 449827
17.74, 447734
18.32, 445049
18.32, 439316
18.87, 439266
19.42, 434560
19.96, 429869
20.50, 425625
21.03, 425283
21.57, 423930
21.57, 423714
22.10, 423112
22.63, 422356
23.16, 418028
23.69, 416143
24.21, 411839
24.22, 411622
24.74, 411416
25.25, 411192
25.76, 410854
26.28, 408572
26.79, 406331
27.29, 406037
27.80, 397952
28.30, 396415
28.81, 395056
29.30, 390727
29.30, 388139
29.80, 386952
30.29, 382572
30.78, 382249
31.27, 379339
31.75, 378436
32.24, 369273
32.74, 366807
33.24, 366542
33.74, 362008
34.23, 360909
34.72, 360129
35.20, 354745
35.68, 354684
36.17, 353579
36.64, 351604
37.12, 351502
37.60, 351462
38.03, 350046
38.45, 349966
38.87, 349777
39.29, 348768
39.70, 346165
40.11, 343577
40.52, 341386
40.93, 338560
41.34, 336084
41.75, 334663
42.15, 331275
42.15, 323141
42.55, 319749
42.95, 318177
43.35, 318014
43.74, 311746
44.14, 310584
44.53, 308901
44.92, 308284
45.30, 307639
45.69, 304546
46.07, 300390
46.46, 300044
46.84, 299571
46.84, 298158
47.22, 297894
47.59, 296931
47.97, 295208
48.34, 294625
48.71, 293999
49.08, 293366
49.46, 285996
49.82, 282825
50.19, 282394
50.56, 282178
50.92, 281212
51.28, 280237
51.64, 280103
52.00, 277696
52.35, 277612
52.71, 276485
53.06, 275869
53.41, 275783
53.76, 273420
54.11, 272941
54.45, 271877
54.79, 270229
55.14, 269884
55.48, 269026
55.81, 264381
56.15, 263876
56.48, 261940
56.81, 258978
57.15, 258928
57.48, 258500
57.81, 257091
58.13, 256375
58.46, 256027
58.78, 255558
59.10, 253731
59.42, 253136
59.74, 253096
60.06, 250371
60.37, 250188
60.68, 248756
60.99, 248465
61.30, 248271
61.61, 247781
61.92, 245060
62.22, 244413
62.52, 244168
62.82, 243872
63.13, 243774
63.42, 241929
63.72, 241089
64.02, 240644
64.31, 240482
64.60, 237912
64.88, 237532
65.17, 237179
65.46, 236947
65.74, 236349
66.03, 236152
66.31, 235918
66.60, 235640
66.87, 233823
67.16, 233399
67.43, 232758
67.71, 232469
67.99, 228980
68.26, 227537
68.54, 226978
68.81, 226956
69.09, 225258
69.35, 225176
69.63, 223717
69.90, 222640
70.17, 222394
70.43, 221935
70.70, 219067
70.96, 217906
71.23, 217786
71.50, 215758
71.77, 215646
72.03, 215012
72.29, 214170
72.56, 211708
72.84, 211571
73.09, 211100
73.35, 210361
73.60, 210168
73.85, 209863
74.10, 208898
74.35, 208795
74.60, 207943
74.84, 207773
75.09, 205793
75.33, 205751
75.58, 205688
75.83, 203468
76.07, 202858
76.33, 202231
76.61, 201693
76.84, 201329
77.08, 200535
77.32, 198463
77.55, 196921
77.81, 196587
78.04, 196329
78.27, 195152
78.51, 195048
78.74, 193376
78.97, 193003
79.20, 192813
79.42, 192421
79.64, 192033
79.87, 191051
80.10, 190644
80.31, 190460
80.58, 188967
80.79, 181497
81.00, 180998
81.23, 180029
81.48, 178116
81.70, 177067
81.96, 176712
82.19, 176686
82.41, 173437
82.63, 172972
82.87, 172793
83.08, 172449
83.34, 170120
83.56, 169471
83.88, 168847
84.10, 168647
84.30, 168306
84.51, 167653
84.72, 165098
84.93, 163962
85.20, 163634
85.41, 163560
85.62, 163252
85.96, 163223
86.24, 162303
86.58, 161669
86.76, 161148
87.00, 160024
87.18, 158963
87.39, 158878
87.57, 157992
87.75, 157042
88.74, 156503
89.59, 156265
90.35, 156251
90.55, 155632
90.72, 154833
91.50, 153953
91.74, 153543
92.03, 153518
92.30, 153264
92.50, 152496
92.70, 152067
93.59, 151427
93.82, 151373
94.18, 148342
95.72, 148179
95.86, 147966
96.34, 147763
97.24, 147760
99.43, 147751
102.98, 147716
103.71, 147657
105.08, 147430
