0.01, 720812
0.01, 715841
0.01, 713673
0.01, 712985
0.02, 698434
0.02, 676349
0.03, 674477
0.03, 671645
0.03, 661821
0.04, 649639
0.05, 641038
0.08, 640165
0.15, 639866
0.18, 639852
0.19, 631596
0.29, 629844
0.29, 624313
0.33, 623045
0.33, 622509
0.53, 619465
0.79, 617951
1.34, 617162
1.34, 615928
1.34, 608379
1.97, 596704
1.97, 595190
2.60, 592933
3.24, 584555
3.86, 584500
4.49, 577228
5.11, 575843
5.11, 574794
5.74, 570560
6.35, 569702
6.97, 567691
7.58, 566397
8.19, 564284
8.19, 562940
8.79, 556920
9.39, 554657
9.99, 554359
10.59, 554176
11.18, 552068
11.18, 549369
11.77, 548719
12.36, 547149
12.94, 537691
13.51, 535378
13.51, 532948
14.08, 532152
14.65, 528298
15.22, 525557
15.22, 524617
15.78, 516163
16.34, 510479
16.91, 509215
16.91, 499622
16.91, 490927
17.47, 483816
18.02, 477303
18.02, 477252
18.57, 476721
18.57, 473668
19.12, 470781
19.66, 470023
20.21, 467796
20.75, 467197
21.29, 463819
21.82, 463300
22.40, 459601
22.90, 456462
23.40, 454390
23.89, 452539
24.38, 447562
24.87, 446854
25.36, 440221
25.85, 437824
25.85, 437689
25.85, 434190
26.33, 431861
26.81, 425159
26.81, 424837
27.29, 423101
27.77, 420360
28.24, 420219
28.72, 416831
29.18, 409126
29.18, 406612
29.65, 405630
29.65, 402034
30.12, 400410
30.59, 399328
31.05, 390350
31.51, 390271
31.96, 384973
32.42, 373694
32.87, 373214
33.32, 371695
33.76, 367701
34.21, 366811
34.65, 366261
35.09, 364389
35.52, 364202
35.96, 363517
36.40, 362967
36.83, 361661
37.26, 355757
37.69, 349253
38.11, 341698
38.53, 340152
38.95, 338145
39.37, 337760
39.79, 337415
40.20, 335488
40.61, 332658
41.02, 331722
41.43, 331310
41.84, 329865
42.24, 327897
42.63, 325818
43.03, 325060
43.43, 322646
43.83, 319244
44.22, 317756
44.61, 316167
45.00, 310257
45.39, 309125
45.78, 308472
46.17, 307816
46.55, 307498
46.93, 305876
47.30, 305734
47.68, 305247
48.06, 304130
48.43, 303978
48.80, 303495
49.17, 303038
49.54, 302546
49.91, 302170
50.27, 292391
50.63, 290654
50.99, 287493
51.35, 287171
51.71, 286567
52.06, 285981
52.42, 285801
52.42, 284688
52.77, 283502
53.12, 281838
53.47, 279930
53.81, 279263
54.16, 277680
54.50, 276581
54.84, 274294
55.18, 271752
55.52, 270740
55.85, 269161
56.19, 268761
56.52, 268068
56.85, 265553
57.18, 263511
57.51, 263256
57.84, 255226
58.16, 253886
58.48, 253438
58.81, 252894
59.12, 252376
59.44, 252183
59.76, 250415
60.07, 250177
60.39, 248149
60.70, 247798
61.01, 246522
61.32, 246117
61.63, 245597
61.93, 244730
62.24, 243173
62.54, 243164
62.84, 242100
63.14, 234472
63.44, 234350
63.74, 231010
64.03, 229597
64.33, 229532
64.62, 228215
64.91, 228132
65.20, 226424
65.49, 225776
65.78, 225158
66.07, 225008
66.35, 223720
66.63, 223399
66.91, 222860
67.20, 222064
67.48, 221032
67.76, 219748
68.04, 219081
68.31, 218947
68.58, 217400
68.86, 216764
69.13, 216623
69.40, 215942
69.67, 214897
69.94, 214094
70.20, 213646
70.46, 213624
70.73, 213195
71.00, 213005
71.26, 211452
71.52, 210389
71.77, 210255
72.03, 209899
72.28, 208826
72.53, 208808
72.79, 208294
73.04, 207520
73.29, 206677
73.54, 206225
73.78, 204757
74.03, 202642
74.27, 201068
74.52, 200960
74.77, 198061
75.01, 196285
75.26, 195464
75.50, 194096
75.75, 193833
75.98, 192252
76.22, 191953
76.48, 190888
76.72, 188808
76.95, 185698
77.21, 185629
77.44, 183990
77.67, 179826
77.92, 179098
78.15, 178728
78.38, 178623
78.64, 178473
78.89, 177758
79.12, 177075
79.35, 177030
79.57, 177017
79.80, 175784
80.05, 174968
80.27, 174093
80.51, 173942
80.73, 173441
80.96, 172334
81.21, 171887
81.51, 170353
81.80, 169823
82.04, 169581
82.28, 169372
82.54, 169106
82.84, 168345
83.07, 168193
83.46, 168142
83.67, 168021
83.88, 167993
84.20, 167761
84.54, 167422
84.80, 167188
85.13, 166992
85.52, 163312
85.78, 163031
85.99, 162825
86.26, 158814
86.64, 158218
86.83, 157983
87.27, 156104
88.35, 155987
88.74, 155450
88.95, 155426
89.27, 155144
89.46, 153108
90.17, 152623
90.87, 152176
91.35, 151449
91.95, 151304
92.48, 151042
92.65, 150972
93.01, 150931
93.22, 150771
93.41, 149999
93.62, 149954
94.07, 149323
94.27, 149227
94.65, 149174
95.29, 149083
95.48, 148202
96.75, 148117
97.50, 148050
98.63, 147473
100.24, 147168
100.76, 147132
101.07, 146938
102.05, 146898
103.94, 146241
107.51, 146233
108.33, 146222
108.57, 145869
109.04, 145351
109.50, 144963
110.55, 144958
110.92, 144895
