0.01, 758454
0.01, 755799
0.01, 755780
0.01, 739997
0.01, 732854
0.01, 722636
0.02, 719946
0.02, 718276
0.02, 709191
0.02, 704964
0.02, 704566
0.02, 702273
0.03, 699054
0.03, 697417
0.03, 691268
0.03, 675359
0.03, 672922
0.06, 672664
0.06, 672599
0.06, 670699
0.06, 657439
0.06, 654660
0.09, 653510
0.09, 648729
0.09, 642042
0.09, 636012
0.09, 632133
0.10, 628235
0.10, 624785
0.31, 623462
0.31, 615906
0.31, 608323
0.31, 599996
1.03, 593349
1.03, 588402
1.03, 584585
1.03, 582464
1.72, 581436
1.72, 577603
1.72, 574217
2.39, 570714
3.04, 563579
3.68, 561725
3.69, 560412
4.33, 550437
4.96, 545945
5.60, 533875
6.23, 532372
6.85, 531624
7.47, 517225
8.10, 513330
8.10, 511217
8.72, 511153
9.34, 508935
9.95, 505772
10.56, 503504
11.17, 502861
11.77, 496505
12.37, 494371
12.97, 494244
13.56, 493376
14.16, 493081
14.74, 490383
15.33, 490145
15.90, 485408
16.48, 481060
17.06, 477314
17.66, 476513
18.19, 475455
18.72, 474933
19.24, 470496
19.24, 467977
19.76, 460424
20.28, 460387
20.80, 456752
21.31, 451980
21.82, 449872
22.33, 433071
22.83, 431841
23.33, 424968
23.83, 420471
23.83, 417208
24.33, 412150
24.83, 410054
25.32, 405138
25.81, 402964
26.30, 401328
26.78, 399799
27.27, 396526
27.75, 395233
28.23, 393780
28.70, 392723
29.18, 392545
29.65, 383484
30.12, 379742
30.59, 379652
31.05, 377802
31.51, 375144
31.98, 370321
32.43, 369593
32.88, 369477
33.34, 366747
33.79, 364582
34.24, 361781
34.68, 360029
35.13, 358611
35.57, 355803
36.01, 351652
36.45, 350944
36.45, 350115
36.88, 349574
37.31, 348531
37.74, 347450
38.17, 346144
38.59, 344707
39.02, 343456
39.44, 339169
39.86, 336685
40.27, 335474
40.68, 333403
41.09, 325213
41.50, 324621
41.91, 323723
42.32, 321882
42.72, 321845
43.12, 318420
43.53, 313973
43.93, 312106
44.32, 310278
44.73, 308691
45.12, 308119
45.51, 307557
45.90, 307484
46.28, 307299
46.67, 300138
47.04, 298315
47.05, 297938
47.43, 296671
47.80, 295943
48.18, 294313
48.55, 286124
48.92, 285199
49.29, 284654
49.66, 281194
50.02, 279316
50.39, 275521
50.75, 274494
51.11, 274026
51.47, 270445
51.83, 267627
52.19, 267412
52.54, 267021
52.90, 266150
53.25, 264749
53.60, 263888
53.95, 261744
54.30, 261554
54.64, 261369
54.99, 260333
55.33, 260284
55.67, 256236
56.01, 255681
56.35, 250690
56.68, 248272
57.02, 248062
57.35, 247786
57.68, 247074
58.01, 246720
58.34, 246634
58.66, 245229
58.98, 245040
59.30, 243809
59.62, 239361
59.95, 237967
60.26, 236751
60.58, 236516
60.89, 235530
61.21, 235209
61.51, 234597
61.83, 233753
62.13, 233264
62.44, 232801
62.74, 229298
63.05, 228990
63.35, 228846
63.65, 228588
63.95, 228408
64.25, 228071
64.55, 225568
64.84, 224077
65.14, 223860
65.43, 222816
65.72, 222277
66.01, 221325
66.30, 220053
66.59, 218927
66.87, 218794
67.15, 217912
67.44, 217882
67.72, 217408
68.00, 215221
68.27, 213600
68.55, 213116
68.82, 212048
69.09, 211350
69.38, 211064
69.65, 207898
69.92, 207729
70.19, 206523
70.46, 205620
70.72, 205496
70.99, 205178
71.26, 203717
71.52, 201037
71.79, 200629
72.05, 200601
72.31, 199223
72.57, 198960
72.83, 198416
73.08, 198193
73.33, 197962
73.59, 197604
73.84, 197080
74.10, 196624
74.34, 196146
74.59, 194662
74.84, 194337
75.10, 192165
75.35, 191423
75.60, 190749
75.84, 190308
76.07, 189765
76.34, 189318
76.57, 188942
76.83, 188651
77.07, 187792
77.31, 187568
77.54, 184650
77.79, 184377
78.03, 182270
78.26, 182006
78.50, 181573
78.73, 181278
78.99, 181274
79.23, 181106
79.50, 181065
79.73, 179482
79.98, 178613
80.20, 178459
80.43, 177618
80.66, 177518
80.88, 176792
81.12, 176312
81.33, 174956
81.54, 173799
81.78, 173567
81.99, 173509
82.20, 172819
82.49, 172011
82.70, 171909
82.90, 171587
83.12, 171246
83.33, 170210
83.53, 170175
83.80, 169973
84.07, 169690
84.29, 169484
84.49, 168505
84.68, 168412
84.89, 168303
85.08, 166828
85.31, 166322
85.53, 165808
85.85, 165594
86.17, 165014
86.43, 164116
86.67, 163742
86.97, 163623
87.15, 162330
87.42, 161102
87.63, 161093
87.93, 160611
88.18, 160420
88.37, 160144
88.59, 158150
89.06, 158033
89.33, 156753
89.60, 156329
89.79, 156195
90.14, 155693
90.49, 155209
90.88, 154510
91.17, 154282
91.54, 154150
91.81, 153531
91.98, 153072
92.85, 152898
93.09, 152749
93.32, 151655
93.78, 151522
94.22, 151422
94.47, 150846
94.65, 149670
94.84, 149496
95.12, 149217
95.41, 148690
96.01, 148559
96.35, 148182
96.69, 147942
96.84, 147579
97.34, 146740
97.65, 146249
98.49, 146245
98.66, 146129
99.02, 146026
99.25, 145840
101.34, 145460
103.15, 145388
103.81, 145169
105.58, 145141
105.74, 144643
105.96, 144203
106.80, 144002
107.64, 143684
108.72, 143125
109.72, 143022
115.47, 142782
