0.01, 736797
0.01, 727273
0.01, 726335
0.01, 724107
0.01, 714963
0.02, 709072
0.02, 706520
0.02, 704017
0.02, 690312
0.02, 686666
0.02, 675832
0.02, 675767
0.02, 656812
0.02, 647821
0.07, 640435
0.07, 638181
0.07, 630734
0.18, 622921
0.18, 614941
0.19, 606779
0.60, 596734
0.60, 596663
0.60, 592040
1.24, 583831
1.61, 582157
2.24, 580245
2.88, 580165
2.88, 576965
3.51, 570585
4.14, 570297
4.14, 566475
4.76, 550685
5.39, 549757
6.00, 537967
6.62, 537098
7.23, 534979
7.84, 530159
8.45, 527540
9.06, 524003
9.67, 522569
9.67, 517041
10.27, 516983
10.86, 499051
11.46, 494621
12.05, 492483
12.05, 485285
12.64, 483744
13.22, 482751
13.81, 473792
13.81, 471281
14.40, 468049
14.95, 466768
15.49, 465330
16.02, 464703
16.56, 463191
17.09, 459599
17.62, 457235
18.15, 455703
18.68, 454588
19.20, 454269
19.72, 451886
20.24, 451554
20.76, 450937
21.27, 449581
21.78, 447436
21.78, 445327
22.29, 435163
22.79, 433549
23.29, 432029
23.79, 431274
24.29, 428450
24.78, 426603
25.27, 426044
25.77, 418877
26.25, 418180
26.74, 417411
27.22, 415876
27.70, 413775
28.19, 412843
28.66, 411497
29.14, 408387
29.61, 407279
30.07, 407275
30.54, 399955
31.01, 398518
31.47, 397757
31.93, 389521
32.39, 383943
32.85, 382700
33.30, 382308
33.75, 381100
34.20, 380603
34.64, 380168
35.08, 379004
35.52, 377121
35.95, 375986
36.38, 374897
36.81, 372306
37.24, 370363
37.67, 364883
38.10, 361155
38.52, 357887
38.95, 356826
39.37, 356373
39.78, 353916
40.20, 351043
40.62, 344891
41.03, 344113
41.03, 341727
41.44, 339172
41.84, 334244
42.25, 331514
42.25, 330987
42.65, 330166
43.05, 327541
43.45, 326613
43.45, 324687
43.85, 321768
44.26, 321095
44.66, 317685
45.07, 315480
45.47, 314145
45.86, 313809
46.24, 312931
46.63, 311006
47.01, 310940
47.39, 309988
47.77, 308749
48.15, 308526
48.53, 304344
48.90, 301590
49.28, 300619
49.65, 300526
50.02, 298057
50.38, 296622
50.75, 296142
51.11, 295838
51.47, 293938
51.83, 292461
52.19, 292400
52.55, 291847
52.90, 291634
53.25, 289974
53.60, 285231
53.95, 284658
54.30, 284644
54.65, 283575
54.99, 280956
55.34, 280827
55.68, 278351
56.01, 277218
56.35, 276596
56.69, 276168
57.02, 276142
57.35, 269296
57.68, 269067
58.01, 268201
58.34, 265963
58.66, 263301
58.98, 261623
59.31, 260887
59.63, 259281
59.95, 259144
60.26, 255576
60.58, 255300
60.89, 254716
61.20, 249255
61.52, 249149
61.83, 248938
62.13, 248746
62.44, 248045
62.74, 246907
63.05, 246494
63.35, 243194
63.65, 239744
63.95, 238670
64.25, 237852
64.54, 235322
64.84, 232597
65.13, 231597
65.42, 231246
65.71, 229659
66.00, 228269
66.29, 227246
66.57, 227075
66.85, 226458
67.14, 225892
67.42, 224650
67.70, 224085
67.98, 222255
68.26, 221103
68.53, 220768
68.81, 219347
69.09, 216829
69.36, 216643
69.63, 216023
69.90, 214719
70.17, 213520
70.44, 213021
70.71, 211442
70.98, 211353
71.24, 211161
71.51, 209397
71.78, 209216
72.04, 206623
72.30, 206361
72.56, 205362
72.83, 205261
73.08, 204850
73.35, 204006
73.60, 203678
73.86, 203399
74.11, 201355
74.35, 201153
74.66, 199708
74.91, 198645
75.15, 197700
75.40, 197450
75.67, 196744
75.91, 196116
76.17, 194905
76.41, 193414
76.66, 193402
76.89, 193098
77.13, 192427
77.37, 190448
77.68, 190126
77.94, 189280
78.19, 186907
78.43, 173910
78.66, 172802
78.89, 172605
79.16, 171658
79.39, 171584
79.64, 171241
79.87, 168918
80.09, 168377
80.33, 168103
80.58, 167841
80.79, 166992
81.01, 166348
81.25, 166334
81.48, 166315
81.69, 166090
81.92, 164893
82.14, 163755
82.36, 161544
82.57, 161343
83.01, 160254
83.26, 159133
83.51, 158859
83.72, 158431
84.08, 157686
84.69, 157007
84.96, 156975
85.23, 156779
85.76, 156521
86.01, 156434
86.43, 156379
87.31, 154864
87.75, 154538
88.31, 153692
88.72, 153509
88.95, 153266
89.44, 153034
89.76, 153023
89.96, 152982
90.17, 152923
90.63, 152002
90.90, 151918
91.06, 150802
91.34, 150601
92.33, 149684
93.92, 149083
94.97, 148997
96.87, 148566
99.48, 148531
100.49, 148460
103.91, 148141
106.53, 147932
108.10, 147893
109.26, 147004
109.57, 146674
110.28, 145648
117.60, 145463
