0.01, 738947
0.01, 731772
0.01, 729145
0.01, 728726
0.01, 722484
0.01, 717466
0.01, 712802
0.01, 710303
0.01, 706294
0.02, 681884
0.02, 680354
0.02, 678568
0.04, 662875
0.04, 656015
0.04, 655380
0.04, 650095
0.05, 648298
0.09, 646820
0.09, 644916
0.13, 642817
0.15, 638664
0.15, 608481
0.83, 607816
1.02, 600105
1.02, 599387
1.67, 596764
1.67, 593280
1.67, 580853
2.32, 575516
2.32, 566867
2.96, 561549
2.96, 558544
2.96, 558451
2.96, 554538
2.96, 553344
3.60, 553046
3.60, 552223
4.24, 550398
4.24, 550119
4.87, 542549
5.50, 541451
6.13, 538188
6.75, 538153
7.38, 537041
8.00, 532763
8.62, 507003
9.23, 503573
9.83, 502593
10.44, 499846
11.04, 497068
11.04, 487554
11.64, 483378
12.24, 481746
12.24, 476381
12.83, 467074
12.83, 461958
12.83, 455455
12.83, 453423
13.42, 453185
14.01, 451845
14.60, 439134
15.18, 438652
15.75, 435483
16.33, 433227
16.33, 432682
16.90, 432186
17.46, 426164
17.46, 426135
18.03, 424670
18.59, 413771
19.15, 410450
19.70, 409270
20.25, 399145
20.80, 397927
21.34, 397419
21.89, 394980
21.89, 394134
22.43, 392674
22.97, 391481
23.50, 386357
24.03, 383699
24.56, 381760
25.08, 380569
25.61, 379569
26.12, 379310
26.63, 379178
27.15, 379156
27.66, 372849
28.16, 372653
28.67, 371658
29.16, 365420
29.67, 364844
30.16, 363977
30.65, 363422
31.19, 359611
31.68, 358380
32.17, 355801
32.66, 355489
33.15, 345526
33.63, 344257
34.11, 343905
34.59, 342568
35.07, 340979
35.54, 340251
36.01, 336074
36.47, 334728
36.93, 324664
37.39, 323469
37.84, 322026
38.30, 321504
38.75, 319623
39.20, 314970
39.66, 308053
40.11, 307769
40.57, 306672
41.03, 299937
41.48, 295225
41.92, 295188
42.36, 294321
42.81, 292384
43.29, 292247
43.74, 286682
44.16, 286669
44.58, 285155
45.00, 284431
45.42, 284003
45.83, 283651
46.25, 283530
46.66, 282681
47.07, 282343
47.48, 280627
47.89, 279677
48.29, 279143
48.69, 277913
49.10, 276206
49.49, 276100
49.89, 272815
50.29, 272302
50.68, 272289
51.07, 271673
51.46, 267913
51.85, 266333
52.23, 265557
52.61, 264671
53.00, 261376
53.37, 260239
53.75, 260166
54.12, 260026
54.50, 258954
54.86, 258770
55.23, 258209
55.60, 257634
55.96, 257543
56.32, 257047
56.68, 254893
57.04, 253341
57.40, 252578
57.75, 249420
58.11, 248691
58.46, 248628
58.80, 245903
59.14, 244466
59.48, 242811
59.82, 242059
60.17, 241181
60.51, 239806
60.84, 239195
61.17, 238736
61.50, 231180
61.82, 230431
62.15, 229329
62.48, 227941
62.80, 225921
63.12, 225585
63.44, 225249
63.77, 224659
64.08, 224574
64.40, 220674
64.71, 219622
65.03, 218983
65.34, 217921
65.65, 217868
65.96, 216640
66.27, 216385
66.58, 216155
66.89, 213277
67.19, 213129
67.49, 212084
67.80, 211801
68.10, 210887
68.39, 210107
68.69, 209206
68.98, 209077
69.27, 208856
69.57, 208131
69.86, 207214
70.16, 205739
70.44, 205509
70.73, 204641
71.02, 203118
71.30, 202969
71.58, 201162
71.86, 200381
72.15, 199542
72.43, 199334
72.72, 198362
73.01, 197128
73.28, 196965
73.55, 196506
73.83, 195734
74.11, 195536
74.37, 194723
74.65, 192232
74.92, 191917
75.19, 190695
75.47, 190208
75.73, 189350
76.00, 187352
76.26, 187213
76.52, 187078
76.78, 186682
77.03, 185916
77.30, 185235
77.62, 184975
77.86, 184242
78.13, 180189
78.43, 179895
78.74, 176910
79.00, 176741
79.27, 174058
79.52, 173196
79.76, 173056
80.11, 172950
80.40, 172847
80.66, 172599
80.93, 172374
81.27, 172233
81.50, 171551
81.78, 171103
82.01, 170055
82.47, 169796
82.74, 169373
82.96, 168942
83.20, 168610
83.43, 168181
83.68, 167379
83.92, 166124
84.21, 165378
84.58, 165222
84.84, 165060
85.31, 164711
85.57, 164167
86.10, 164093
86.30, 163290
86.55, 162644
86.81, 162490
87.22, 162466
87.69, 162102
87.98, 161304
88.17, 159509
88.55, 159385
88.84, 157566
89.08, 155734
89.30, 154810
89.60, 154575
89.86, 154559
90.48, 153925
90.76, 152766
90.94, 152679
91.64, 152646
92.07, 152579
92.27, 152117
92.82, 151987
93.33, 151525
93.84, 151105
94.08, 151101
94.64, 149800
94.98, 149129
95.15, 148427
95.53, 147718
96.35, 147674
96.84, 147275
97.59, 146493
98.30, 146386
98.56, 145903
100.22, 145817
100.77, 145714
103.36, 144434
104.09, 144339
104.79, 144269
105.46, 143202
106.89, 142874
107.13, 142833
107.57, 142757
