0.02, 197023
0.02, 196524
0.02, 192295
0.02, 182593
0.03, 179775
0.03, 178505
0.03, 178304
0.03, 173799
0.03, 171984
0.06, 171931
0.13, 171149
0.13, 169645
0.13, 168797
0.13, 168740
0.13, 168534
0.16, 164560
0.17, 155639
0.56, 147653
0.94, 147458
1.31, 142410
1.67, 140806
2.04, 140664
2.40, 139612
2.78, 139266
3.14, 138792
3.50, 132658
3.50, 131119
3.86, 130959
4.22, 130624
4.23, 130384
4.58, 129926
4.95, 129668
5.31, 129089
5.67, 128217
5.67, 125052
6.01, 122230
6.37, 119783
6.73, 119269
7.09, 116261
7.45, 115423
7.79, 114539
8.14, 112055
8.50, 108874
8.84, 108483
9.20, 102594
9.57, 101705
9.93, 98601
10.28, 95996
10.62, 95826
10.96, 95809
11.31, 93825
11.64, 89522
11.98, 87647
12.32, 85836
12.65, 85527
13.00, 84879
13.34, 83970
13.67, 83292
14.00, 82485
14.34, 82408
14.67, 81894
15.00, 80650
15.33, 80318
15.66, 80062
15.98, 79682
16.31, 79352
16.64, 79164
16.95, 78148
17.28, 77421
17.61, 76479
17.92, 75374
18.25, 75001
18.56, 74458
18.89, 74438
19.20, 74026
19.51, 73951
19.83, 70935
20.15, 69517
20.46, 69339
20.78, 69196
21.09, 68685
21.40, 68267
21.70, 67966
22.01, 66757
22.32, 66730
22.64, 65246
22.93, 64852
23.26, 64818
23.56, 63947
23.87, 63743
24.20, 63237
24.51, 63104
24.82, 63013
25.15, 62823
25.46, 62772
25.78, 62573
26.09, 62469
26.43, 62178
26.76, 61287
27.09, 61015
27.42, 60908
27.77, 60646
28.08, 60627
28.39, 60470
28.70, 59886
29.00, 59591
29.35, 59438
29.66, 58314
29.96, 58001
30.25, 57951
30.60, 57780
30.93, 57690
31.24, 57367
31.54, 57343
31.85, 57110
32.33, 56909
32.64, 56895
32.96, 56483
33.33, 56343
33.69, 56297
