0.02, 219700
0.02, 208635
0.02, 203101
0.02, 199311
0.02, 198562
0.02, 188656
0.02, 188125
0.02, 186848
0.02, 186840
0.03, 185164
0.03, 180902
0.03, 176514
0.05, 174204
0.05, 171867
0.05, 167100
0.05, 166826
0.05, 165990
0.23, 161150
0.23, 158545
0.45, 157822
0.45, 156268
0.45, 155713
0.85, 150996
1.24, 149265
1.61, 147493
1.99, 147280
2.38, 146452
2.75, 137772
3.14, 135840
3.50, 134954
3.88, 133695
4.25, 133579
4.63, 130368
4.99, 130225
5.36, 123471
5.74, 119902
6.10, 119845
6.47, 119013
6.83, 118263
7.21, 115958
7.60, 113621
7.96, 113180
8.32, 113104
8.69, 111477
9.05, 110172
9.40, 104568
9.75, 104254
10.11, 103223
10.46, 102282
10.82, 101430
11.17, 100399
11.53, 99968
11.87, 99565
12.21, 98268
12.56, 96672
12.92, 96668
12.92, 93538
13.26, 92312
13.61, 90806
13.95, 90533
14.29, 88420
14.64, 86171
14.96, 84366
15.31, 83792
15.31, 82976
15.65, 82926
15.98, 82102
16.32, 81307
16.65, 79069
16.98, 78504
17.32, 77907
17.65, 75685
17.98, 74872
18.31, 74159
18.64, 74003
18.96, 73552
19.29, 72730
19.62, 72159
19.93, 71377
20.26, 70921
20.59, 70386
20.90, 70366
21.23, 69044
21.54, 68125
21.85, 67913
22.18, 66256
22.49, 66225
22.81, 65856
23.13, 65381
23.45, 65348
23.76, 63978
24.07, 63904
24.38, 63895
24.70, 63711
25.01, 63325
25.31, 63306
25.62, 63195
25.94, 63169
26.24, 62903
26.55, 62642
26.85, 62263
27.16, 61529
27.46, 61374
27.75, 60485
28.05, 60216
28.36, 60204
28.66, 60136
28.97, 59197
29.27, 58851
29.56, 58778
29.86, 58494
30.17, 58371
30.53, 58291
30.83, 58281
31.13, 58133
31.49, 58107
31.80, 58091
32.09, 58029
32.41, 57760
32.74, 57645
33.03, 57380
33.38, 56826
33.69, 56752
34.11, 56732
34.53, 56719
34.88, 56406
35.20, 56153
35.59, 56018
36.02, 55864
36.33, 55515
