0.02, 6834507
0.02, 6714746
0.02, 6160417
0.03, 6031757
0.03, 5931431
0.03, 5847369
0.03, 5786744
0.05, 5656230
0.05, 5649188
0.06, 5490141
0.08, 5159171
0.16, 5002827
0.16, 4990671
0.19, 4990053
0.22, 4899186
0.27, 4892428
0.27, 4814138
0.30, 4784382
0.33, 4720184
0.33, 4598870
0.33, 4542692
0.33, 4540556
0.33, 4529859
0.34, 4492906
0.34, 4492809
0.34, 4491604
0.34, 4462569
0.39, 4412456
0.39, 4391099
0.41, 4386614
0.41, 4370565
0.41, 4363680
0.42, 4346175
0.44, 4324637
0.47, 4289367
0.52, 4269220
0.53, 4223960
0.53, 4192411
0.53, 4165348
0.55, 4139783
0.55, 4103299
0.56, 4090810
0.56, 4088347
0.61, 4009057
0.61, 4006099
0.61, 3944320
0.62, 3919594
0.64, 3916568
0.69, 3814680
0.69, 3757459
0.70, 3715495
0.70, 3690403
0.70, 3683073
0.72, 3677863
0.73, 3649806
0.75, 3641060
0.75, 3606124
0.75, 3605520
0.78, 3594777
0.81, 3522854
0.83, 3507306
0.86, 3488663
0.87, 3458726
0.91, 3343496
0.91, 3268365
0.91, 3260620
0.92, 3259503
0.94, 3188922
0.97, 3148460
0.98, 3132723
1.00, 3126147
1.00, 3112303
1.00, 3106563
1.03, 3092792
1.03, 3086491
1.08, 3072325
1.09, 3055818
1.11, 2999933
1.11, 2975441
1.12, 2951356
1.14, 2951337
1.16, 2939852
1.20, 2923893
1.22, 2901769
1.22, 2896806
1.25, 2876693
1.28, 2843741
1.31, 2817206
1.33, 2764421
1.37, 2755531
1.39, 2731670
1.45, 2724291
1.48, 2717490
1.52, 2709519
1.56, 2692909
1.59, 2687701
1.64, 2659695
1.75, 2652427
1.81, 2647921
1.86, 2646395
2.05, 2645323
2.12, 2639858
2.14, 2629988
2.27, 2614228
2.28, 2613390
2.34, 2594978
2.47, 2594768
2.70, 2580891
2.87, 2577800
3.00, 2570612
3.03, 2568239
3.06, 2469960
3.17, 2464398
3.17, 2460241
3.34, 2459970
3.42, 2458676
3.48, 2456303
3.58, 2450517
3.59, 2434356
3.70, 2434129
3.76, 2433926
3.83, 2433459
3.83, 2404845
4.05, 2381431
4.11, 2356818
4.33, 2347703
4.33, 2341934
4.33, 2336315
4.34, 2325738
4.41, 2324925
4.44, 2324738
4.47, 2323012
4.48, 2321946
4.66, 2314528
4.83, 2313913
4.91, 2311377
5.01, 2303665
5.12, 2285316
5.23, 2271470
5.26, 2235797
5.31, 2235744
5.31, 2223897
5.51, 2223639
5.51, 2220708
5.62, 2216128
5.67, 2208466
5.70, 2142686
5.78, 2139819
6.00, 2099293
6.09, 2097908
6.12, 2081986
6.34, 2081304
6.48, 2074134
6.58, 2074004
6.76, 2072717
6.94, 2065607
6.98, 2063721
6.98, 2040516
7.03, 2038096
7.03, 2028934
7.39, 2026947
8.19, 2026732
8.29, 2024043
8.47, 1991724
8.79, 1989268
8.81, 1979211
9.59, 1975338
10.20, 1965095
10.36, 1944753
10.61, 1914163
10.72, 1913967
10.76, 1910401
10.84, 1906352
10.97, 1905713
11.75, 1870398
12.08, 1868848
12.17, 1854381
13.39, 1840355
13.67, 1838475
13.73, 1835416
14.12, 1809293
14.14, 1794920
14.15, 1791762
14.18, 1781410
14.36, 1773041
14.47, 1768675
14.53, 1765562
14.93, 1754604
15.36, 1752910
15.56, 1745511
15.64, 1743037
15.68, 1731095
15.82, 1730323
16.04, 1730144
16.37, 1729364
16.51, 1726837
16.51, 1722973
16.75, 1716703
17.03, 1714090
17.06, 1711192
17.28, 1693361
17.64, 1690061
17.87, 1679964
17.95, 1674337
18.25, 1655740
18.29, 1645353
18.53, 1643014
19.00, 1638030
20.31, 1637167
20.59, 1635617
20.85, 1635082
20.96, 1624932
25.67, 1620838
35.57, 1615498
45.22, 1613050
51.19, 1604032
