0.02, 6872327
0.02, 6795477
0.02, 6628522
0.03, 6447796
0.03, 6397825
0.03, 6096731
0.03, 6094045
0.05, 6046272
0.05, 6028039
0.05, 5977447
0.08, 5859825
0.08, 5849602
0.09, 5834378
0.09, 5832234
0.14, 5763216
0.14, 5579742
0.14, 5496909
0.16, 5479500
0.17, 5472334
0.17, 5468833
0.17, 5361400
0.19, 5343235
0.19, 5257645
0.19, 5190061
0.22, 5159673
0.23, 5025442
0.25, 4880164
0.25, 4768863
0.27, 4618713
0.28, 4609595
0.28, 4580674
0.28, 4557389
0.28, 4499661
0.30, 4491421
0.31, 4466364
0.36, 4464157
0.38, 4390654
0.38, 4386413
0.39, 4386128
0.39, 4377485
0.41, 4348362
0.41, 4295190
0.42, 4274810
0.42, 4252700
0.44, 4248944
0.44, 4210276
0.44, 4199355
0.45, 4198055
0.45, 4094320
0.48, 4065368
0.48, 3963177
0.48, 3849150
0.52, 3841952
0.58, 3835129
0.58, 3769869
0.58, 3766832
0.61, 3764048
0.61, 3763353
0.63, 3657670
0.63, 3598611
0.64, 3543898
0.66, 3542750
0.67, 3507391
0.67, 3506153
0.67, 3486940
0.69, 3433668
0.72, 3378002
0.72, 3369923
0.72, 3311437
0.72, 3214983
0.73, 3213900
0.75, 3213102
0.81, 3211403
0.86, 3211157
0.88, 3187805
0.88, 3179758
0.89, 3179304
0.89, 3177789
0.91, 3175385
0.92, 3163099
0.94, 3132125
0.95, 3127184
0.97, 3126967
0.97, 3121714
0.98, 3117255
1.03, 3105711
1.06, 3053684
1.08, 3048488
1.16, 3039044
1.22, 2908461
1.23, 2854192
1.25, 2774163
1.27, 2745324
1.30, 2733361
1.31, 2713808
1.31, 2686031
1.31, 2680323
1.36, 2656048
1.38, 2634436
1.41, 2631902
1.42, 2622485
1.47, 2615439
1.52, 2584639
1.64, 2574895
1.67, 2556089
1.72, 2554166
1.72, 2546998
1.78, 2522793
1.84, 2508098
1.86, 2496476
1.86, 2487439
1.91, 2481174
1.92, 2474504
1.98, 2473765
2.00, 2469840
2.08, 2457918
2.11, 2454023
2.20, 2449061
2.25, 2445752
2.36, 2442310
2.36, 2427362
2.41, 2424575
2.45, 2398404
2.55, 2397707
2.61, 2387209
2.70, 2373978
2.78, 2362196
2.87, 2268084
2.89, 2248035
3.09, 2243147
3.16, 2238480
3.67, 2228681
3.69, 2219222
3.81, 2216551
3.83, 2199137
4.03, 2177957
4.37, 2173643
4.45, 2162228
4.58, 2161771
4.59, 2157047
4.67, 2149294
4.73, 2147345
4.81, 2142308
4.86, 2131271
4.92, 2130101
5.00, 2067452
5.03, 2041163
5.05, 2006701
5.09, 1957726
5.58, 1949425
5.72, 1943594
5.72, 1933710
5.87, 1929761
5.94, 1926939
5.97, 1920847
6.03, 1911386
6.33, 1908203
6.66, 1902803
7.16, 1901524
7.42, 1898235
7.69, 1880700
8.11, 1866001
8.20, 1846829
8.30, 1828799
8.31, 1826791
8.50, 1809679
8.50, 1798005
8.56, 1790960
9.39, 1787905
9.59, 1786085
9.98, 1785313
10.45, 1774187
10.78, 1773219
11.86, 1770833
11.92, 1762870
12.09, 1762264
12.09, 1759930
13.61, 1758380
14.54, 1758109
15.11, 1757238
15.95, 1750301
16.97, 1744439
18.28, 1732487
19.23, 1727335
19.26, 1726103
19.76, 1681393
19.86, 1676477
24.45, 1671377
27.73, 1660477
29.76, 1649945
31.60, 1643421
32.04, 1640730
32.15, 1638348
33.52, 1637706
41.37, 1637397
