0.00, 6592374
0.02, 6316834
0.02, 6064048
0.03, 6002094
0.03, 5967145
0.03, 5879886
0.05, 5801538
0.05, 5516580
0.06, 5509760
0.11, 5452991
0.13, 5437665
0.14, 5382209
0.14, 5160827
0.16, 5062768
0.16, 5030780
0.17, 4969161
0.17, 4930731
0.19, 4924200
0.19, 4894564
0.19, 4872006
0.19, 4842887
0.19, 4807565
0.19, 4782771
0.19, 4679691
0.20, 4620803
0.20, 4604235
0.20, 4600610
0.20, 4558544
0.20, 4536049
0.22, 4529614
0.22, 4479768
0.23, 4448698
0.23, 4422908
0.23, 4406557
0.23, 4286909
0.27, 4280514
0.27, 4231770
0.27, 4093430
0.28, 4052727
0.30, 4026701
0.31, 3979824
0.33, 3971422
0.36, 3859180
0.38, 3776258
0.38, 3775863
0.38, 3739728
0.39, 3739012
0.39, 3593662
0.42, 3584375
0.42, 3567451
0.42, 3562349
0.47, 3538713
0.48, 3537163
0.50, 3494039
0.50, 3433093
0.52, 3415963
0.53, 3369380
0.55, 3346891
0.56, 3328400
0.66, 3326681
0.66, 3311700
0.72, 3278195
0.72, 3265528
0.72, 3249404
0.75, 3175950
0.77, 3152113
0.80, 3142193
0.83, 3137912
0.89, 3116697
0.91, 3032522
0.91, 3024881
0.94, 2977666
0.94, 2966382
1.00, 2961909
1.03, 2946463
1.05, 2921870
1.05, 2872146
1.08, 2855312
1.09, 2853669
1.09, 2838372
1.09, 2831034
1.31, 2823763
1.31, 2819063
1.33, 2794910
1.34, 2750678
1.34, 2745395
1.39, 2744100
1.41, 2743466
1.41, 2728510
1.45, 2727001
1.50, 2720131
1.53, 2716505
1.56, 2715616
1.62, 2694635
1.73, 2669031
1.78, 2655450
1.81, 2594016
1.83, 2592322
1.83, 2590902
1.86, 2573071
1.86, 2573054
1.94, 2517440
2.00, 2510663
2.03, 2458945
2.06, 2420139
2.08, 2408800
2.14, 2391203
2.20, 2387072
2.22, 2382931
2.22, 2379145
2.45, 2335882
2.48, 2335678
2.53, 2311560
2.56, 2289349
2.58, 2287761
2.58, 2283566
2.59, 2275829
2.72, 2261145
2.83, 2256045
2.91, 2200989
3.06, 2181470
3.16, 2172291
3.25, 2155595
3.30, 2131932
3.44, 2111038
3.44, 2110063
3.52, 2093246
3.62, 2092297
3.72, 2052928
3.73, 2029077
3.83, 2006711
3.94, 1985980
4.12, 1969853
4.14, 1931274
4.26, 1925420
4.44, 1924830
4.45, 1922621
4.66, 1915466
4.73, 1915161
4.81, 1880924
4.92, 1880061
5.01, 1875975
5.22, 1858461
5.44, 1838527
5.58, 1838385
5.61, 1836602
5.70, 1822596
6.34, 1820729
6.56, 1805194
6.61, 1802758
6.62, 1788205
6.73, 1785603
6.84, 1782392
7.30, 1764278
7.61, 1763103
7.64, 1761690
8.31, 1761243
8.64, 1759076
9.34, 1756043
9.36, 1745853
9.59, 1738624
9.75, 1737098
10.36, 1728019
11.12, 1724986
11.20, 1724789
11.51, 1718646
11.56, 1715541
11.61, 1715057
12.26, 1715041
12.73, 1713331
13.12, 1710175
13.20, 1697311
13.28, 1697180
13.65, 1694623
13.67, 1694490
13.68, 1681195
13.81, 1679063
14.11, 1660174
14.20, 1652529
14.81, 1640528
15.00, 1639782
15.84, 1632467
17.40, 1629416
19.01, 1626923
21.20, 1624520
