0.02, 6791761
0.02, 6649904
0.03, 6132512
0.03, 6048828
0.03, 5997545
0.05, 5967603
0.05, 5898842
0.05, 5770513
0.05, 5646599
0.08, 5631752
0.08, 5613245
0.08, 5529591
0.08, 5494559
0.08, 5440558
0.08, 5288822
0.08, 5287088
0.08, 5261289
0.09, 5117983
0.09, 5088499
0.13, 5051148
0.13, 5028718
0.14, 5016697
0.17, 4981837
0.17, 4971448
0.19, 4938312
0.19, 4933484
0.19, 4897765
0.20, 4765579
0.20, 4765541
0.22, 4764607
0.22, 4737180
0.23, 4680467
0.23, 4653678
0.23, 4646320
0.25, 4566862
0.25, 4450517
0.25, 4437962
0.27, 4436940
0.28, 4436789
0.28, 4418562
0.28, 4415669
0.30, 4393562
0.30, 4382809
0.30, 4371379
0.31, 4369191
0.33, 4354477
0.34, 4162703
0.34, 4147351
0.36, 4126008
0.38, 4102207
0.38, 4083046
0.39, 4060381
0.39, 4054327
0.39, 4046761
0.41, 3995308
0.41, 3978379
0.42, 3975079
0.44, 3902369
0.45, 3891826
0.45, 3835841
0.47, 3819239
0.47, 3797860
0.48, 3765177
0.48, 3761763
0.52, 3698921
0.53, 3698032
0.56, 3692810
0.56, 3685076
0.58, 3680291
0.58, 3602685
0.58, 3504472
0.59, 3478157
0.61, 3477469
0.62, 3418504
0.62, 3294242
0.62, 3290967
0.64, 3288327
0.64, 3256268
0.64, 3224783
0.66, 3204752
0.66, 3198330
0.69, 3176740
0.69, 3137910
0.70, 3021439
0.72, 3011968
0.77, 3002181
0.83, 2998821
0.83, 2988121
0.84, 2926856
0.87, 2884979
0.89, 2880690
0.95, 2855757
0.98, 2837936
1.00, 2837335
1.00, 2819849
1.03, 2806165
1.06, 2793723
1.09, 2769609
1.14, 2769264
1.14, 2766626
1.14, 2753957
1.22, 2741460
1.30, 2741133
1.33, 2735909
1.36, 2723944
1.37, 2716964
1.39, 2651764
1.45, 2607305
1.47, 2606569
1.48, 2586375
1.59, 2586271
1.61, 2582624
1.61, 2574996
1.72, 2561440
1.80, 2558879
1.89, 2542804
2.11, 2523354
2.17, 2518246
2.23, 2507548
2.25, 2467443
2.34, 2465001
2.44, 2455185
2.55, 2420140
2.56, 2407015
2.66, 2382623
2.94, 2375853
2.97, 2371320
3.02, 2366228
3.06, 2310693
3.06, 2309636
3.08, 2292212
3.14, 2270661
3.17, 2259173
3.30, 2258143
3.33, 2257924
3.51, 2242034
3.61, 2231620
3.69, 2222432
3.72, 2220251
3.87, 2220185
3.98, 2216591
3.98, 2203079
4.14, 2202221
4.17, 2199909
4.19, 2194528
4.25, 2192758
4.37, 2089943
4.39, 2088580
4.56, 2079428
4.62, 2062142
4.94, 2061986
5.26, 2061032
5.36, 2057654
5.48, 2056531
5.80, 2051586
5.83, 2038033
5.90, 2035245
5.94, 1985368
5.97, 1985322
6.06, 1975084
6.20, 1968480
6.22, 1965429
6.30, 1962427
6.30, 1954710
6.48, 1953297
6.51, 1950894
6.53, 1950718
6.69, 1950082
6.73, 1946010
6.76, 1945092
6.94, 1944479
7.05, 1936275
7.56, 1911179
8.54, 1906218
8.73, 1899058
8.97, 1898321
9.73, 1898034
10.17, 1883488
10.19, 1877550
11.33, 1865522
11.34, 1837903
11.81, 1831850
12.01, 1827545
12.03, 1821482
12.15, 1818124
12.61, 1806187
12.64, 1802160
12.64, 1794758
12.70, 1788665
12.98, 1780285
13.50, 1778375
15.22, 1778176
15.79, 1778000
18.11, 1773237
18.21, 1763600
18.48, 1762904
19.84, 1750413
20.43, 1749459
22.39, 1716945
22.60, 1706423
23.95, 1705248
28.10, 1705206
28.82, 1694104
30.84, 1683966
36.48, 1674639
37.80, 1667484
39.41, 1665630
59.02, 1664580
60.72, 1663437
