0.01, 974611
0.59, 973315
0.64, 973084
0.67, 972533
0.69, 972127
1.73, 971397
2.50, 971274
3.81, 967228
3.83, 966040
3.91, 965330
4.11, 964386
4.34, 963784
5.20, 963352
5.29, 963060
6.12, 935874
6.13, 935390
6.13, 935352
6.29, 934167
6.29, 932295
6.30, 929508
6.30, 928363
6.77, 923681
6.77, 923197
6.78, 923159
7.03, 921974
7.13, 920102
7.14, 917315
7.21, 916170
7.49, 913931
7.50, 912786
8.04, 904705
8.05, 904221
8.06, 904183
8.32, 902998
8.32, 901126
8.33, 898339
8.34, 897194
10.79, 897120
10.80, 896710
10.84, 896497
10.87, 896305
10.88, 895595
10.88, 894710
10.94, 894300
10.95, 894087
11.00, 893749
11.05, 893536
