0.06, 1857827
0.14, 1856147
0.15, 1855838
0.19, 1855212
0.21, 1854795
0.28, 1854204
0.29, 1853895
0.32, 1853269
0.34, 1852852
0.48, 1852340
0.63, 1851923
0.79, 1851290
0.80, 1850601
1.22, 1849347
1.23, 1848658
1.46, 1848418
1.47, 1847729
1.93, 1844529
1.95, 1843075
2.32, 1842586
2.33, 1841132
2.41, 1840203
2.61, 1837133
2.64, 1835190
2.65, 1834261
2.78, 1834198
2.95, 1828256
3.05, 1825549
3.49, 1824837
3.77, 1823909
3.95, 1823846
4.04, 1817904
4.21, 1815197
4.45, 1814915
4.66, 1812208
5.67, 1812160
5.76, 1811527
5.90, 1810598
6.19, 1809090
6.20, 1803197
6.21, 1801254
6.24, 1800325
6.45, 1800213
6.47, 1794320
6.95, 1793608
7.27, 1792845
7.35, 1790902
7.36, 1789973
7.68, 1789861
7.71, 1783968
8.09, 1780979
8.74, 1779693
9.47, 1774045
9.91, 1771056
10.40, 1770511
10.49, 1767804
10.78, 1767522
10.96, 1764815
11.88, 1764767
12.01, 1764134
12.07, 1763205
12.31, 1761697
12.32, 1755804
12.33, 1753861
12.35, 1752932
12.65, 1752820
12.67, 1746927
13.22, 1745679
13.59, 1745452
13.60, 1743509
13.66, 1742580
14.00, 1742468
14.02, 1736575
14.65, 1733586
15.62, 1732627
15.65, 1730684
15.66, 1729755
16.16, 1729643
16.18, 1723750
17.38, 1723083
17.41, 1722154
17.61, 1719076
17.81, 1718856
18.08, 1716149
20.27, 1714901
20.62, 1714729
20.90, 1714509
21.40, 1712731
21.42, 1711802
21.62, 1708724
21.81, 1708504
22.09, 1705797
23.28, 1705735
23.75, 1705515
24.39, 1702808
25.73, 1701904
26.77, 1701684
28.02, 1699906
28.06, 1698977
28.46, 1695899
29.04, 1695679
29.73, 1692972
33.72, 1692350
33.87, 1689361
35.56, 1686592
37.92, 1674109
37.95, 1672166
37.96, 1671237
37.97, 1665232
38.15, 1663984
38.29, 1663757
38.31, 1661814
38.32, 1660885
38.34, 1654880
38.47, 1651891
40.21, 1649122
43.33, 1648989
43.42, 1648060
43.53, 1642055
44.61, 1639286
390.45, 1636677
393.56, 1635221
393.58, 1632222
4980.34, 1631003
4980.42, 1630765
4980.45, 1627498
4980.51, 1624742
4980.55, 1624424
4980.56, 1621237
5654.30, 1621156
6963.86, 1621006
6970.01, 1618545
6972.87, 1615776
33116.03, 1615603
33116.90, 1614165
33135.04, 1613247
33136.08, 1613156
33137.27, -2145870494
