0.02, 3612560
0.02, 3473553
0.02, 3350296
0.02, 2870059
0.02, 2804923
0.03, 2764964
0.03, 2757290
0.03, 2728466
0.03, 2688396
0.05, 2664250
0.05, 2586977
0.05, 2521773
0.05, 2478868
0.05, 2420523
0.06, 2394885
0.08, 2347726
0.08, 2270319
0.09, 2206760
0.09, 2206007
0.09, 2169505
0.09, 2167841
0.14, 2134925
0.14, 2133775
0.14, 2105973
0.14, 2081444
0.14, 2064449
0.16, 2042135
0.16, 2016742
0.16, 1993215
0.17, 1988604
0.17, 1987470
0.17, 1984406
0.17, 1972916
0.17, 1953311
0.17, 1935813
0.17, 1912261
0.20, 1905647
0.20, 1887597
0.20, 1887417
0.20, 1867785
0.20, 1854108
0.20, 1824193
0.24, 1814934
0.24, 1809524
0.24, 1797876
0.24, 1757529
0.24, 1739986
0.25, 1734353
0.25, 1728097
0.25, 1696057
0.27, 1691204
0.28, 1685354
0.30, 1664792
0.30, 1655958
0.31, 1612072
0.31, 1612040
0.31, 1610663
0.33, 1608962
0.33, 1581903
0.33, 1568990
0.36, 1522639
0.38, 1510812
0.38, 1509796
0.39, 1505435
0.39, 1505308
0.39, 1502044
0.42, 1499758
0.44, 1489453
0.44, 1482862
0.53, 1477220
0.58, 1475359
0.59, 1467323
0.61, 1462640
0.63, 1459376
0.66, 1425773
0.70, 1425644
0.73, 1421552
1.02, 1418405
1.05, 1404549
1.25, 1403385
1.42, 1401831
