0.02, 2701239
0.02, 2578911
0.02, 2556428
0.02, 2427011
0.02, 2184972
0.02, 2168040
0.02, 2167074
0.13, 2148309
0.16, 2127101
0.28, 2116945
0.30, 2108787
0.30, 2064733
0.41, 2040559
0.41, 2040204
0.72, 1982919
1.08, 1965231
1.08, 1961971
1.38, 1958396
1.38, 1933347
1.66, 1925557
1.66, 1857159
1.89, 1830419
2.20, 1819999
2.48, 1746698
2.78, 1714228
3.06, 1708889
3.34, 1680153
3.63, 1672803
3.91, 1652239
4.21, 1639675
4.49, 1561813
4.77, 1546746
5.06, 1509830
5.35, 1498440
5.35, 1470678
5.35, 1462241
5.65, 1455382
5.93, 1453567
6.21, 1444218
6.49, 1418805
6.77, 1380919
7.05, 1366762
7.34, 1349827
7.62, 1317448
7.90, 1295837
8.18, 1293674
8.18, 1288949
8.46, 1287837
8.74, 1275632
9.02, 1274504
9.29, 1227233
9.59, 1221038
9.88, 1161673
10.18, 1153491
10.46, 1151849
10.74, 1151652
11.01, 1145123
11.29, 1141766
11.55, 1141407
11.82, 1096547
12.10, 1067231
12.37, 1057793
12.63, 1052286
12.90, 1039453
13.18, 1037330
13.44, 1032360
13.71, 1032083
13.97, 1026821
14.24, 1022427
14.51, 1020321
14.77, 1018760
15.04, 986276
15.32, 982597
15.58, 982588
15.87, 976637
16.19, 975614
16.49, 975178
16.79, 973983
