0.02, 2651000
0.02, 2581612
0.02, 2564963
0.02, 2460125
0.03, 2434093
0.03, 2315640
0.03, 2308179
0.03, 2289843
0.05, 2210700
0.08, 2201916
0.08, 2193721
0.08, 2168737
0.17, 2072288
0.47, 2064869
0.47, 2064744
0.48, 1932546
0.81, 1855321
1.11, 1833424
1.42, 1832776
1.72, 1824839
1.72, 1804321
2.02, 1787615
2.31, 1752263
2.62, 1744740
2.92, 1713685
3.22, 1670469
3.51, 1661850
3.83, 1619468
4.12, 1610669
4.42, 1590355
4.72, 1520492
5.01, 1496259
5.01, 1485675
5.31, 1465932
5.61, 1461193
5.90, 1402506
6.19, 1402194
6.49, 1364050
6.77, 1335029
7.07, 1298952
7.37, 1294523
7.65, 1284266
7.94, 1278567
8.23, 1278129
8.52, 1246133
8.82, 1244252
9.12, 1237264
9.40, 1228757
9.68, 1219870
9.98, 1215685
10.26, 1200420
10.54, 1197645
10.82, 1182409
11.10, 1175257
11.38, 1158823
11.66, 1152397
11.95, 1145832
12.23, 1143598
12.51, 1133045
12.79, 1115072
13.05, 1092040
13.34, 1085062
13.62, 1078207
13.90, 1064913
14.17, 1063798
14.44, 1047162
14.72, 1045532
14.99, 1026019
15.27, 1020633
15.53, 1015834
15.81, 1001383
16.08, 992393
16.36, 986107
16.63, 976102
16.89, 968901
17.19, 967379
17.45, 966603
17.74, 965905
18.00, 962072
18.38, 949578
18.66, 948484
18.95, 947742
19.23, 946209
