0.02, 2947397
0.02, 2936991
0.02, 2896618
0.02, 2876674
0.02, 2851802
0.02, 2654367
0.02, 2624197
0.02, 2596111
0.03, 2585814
0.03, 2539616
0.03, 2468398
0.03, 2456354
0.03, 2445209
0.03, 2316232
0.05, 2264207
0.05, 2257685
0.06, 2257351
0.08, 2229124
0.08, 2117660
0.11, 2111460
0.14, 2087887
0.19, 2045709
0.33, 2044902
0.36, 2033632
0.62, 2000894
0.94, 1986551
0.98, 1910745
1.28, 1885870
1.59, 1856020
1.59, 1840879
1.89, 1836233
2.19, 1737227
2.48, 1666526
2.48, 1658478
2.77, 1651960
3.06, 1641149
3.36, 1638359
3.36, 1603156
3.64, 1598913
3.94, 1592988
4.23, 1586954
4.51, 1525067
4.81, 1505885
5.11, 1501202
5.39, 1478641
5.68, 1450994
5.98, 1445250
6.26, 1437216
6.54, 1434750
6.84, 1430883
7.12, 1430677
7.40, 1430583
7.70, 1384713
7.98, 1384502
8.26, 1375067
8.56, 1339452
8.84, 1322401
9.12, 1295353
9.40, 1287716
9.68, 1277512
9.96, 1276548
10.23, 1258267
10.51, 1252379
10.79, 1237871
11.07, 1233376
11.35, 1223790
11.62, 1213330
11.90, 1206880
12.17, 1205389
12.45, 1202189
12.71, 1190582
12.99, 1190194
13.26, 1177033
13.53, 1174672
13.81, 1166168
14.07, 1147784
14.35, 1141931
14.62, 1128515
14.88, 1118505
15.15, 1117661
15.42, 1115319
15.69, 1109356
15.95, 1098777
16.22, 1092695
16.48, 1091285
16.75, 1072471
17.02, 1060336
17.28, 1056651
17.55, 1055012
17.80, 1046909
18.06, 1043330
18.33, 1038033
18.59, 1034379
18.86, 1027827
19.12, 1025036
19.39, 1023054
19.64, 1017583
19.97, 994974
20.20, 980120
20.45, 977981
20.70, 977935
20.95, 976752
21.19, 974915
21.44, 958833
