0.02, 2678493
0.02, 2610938
0.02, 2602986
0.02, 2602844
0.02, 2590000
0.03, 2567194
0.03, 2558674
0.03, 2511557
0.03, 2509274
0.03, 2493544
0.03, 2344109
0.03, 2249290
0.03, 2169465
0.05, 2162330
0.09, 2127580
0.09, 2113023
0.17, 2102117
0.17, 2061480
0.17, 1998143
0.17, 1929010
0.17, 1914178
0.48, 1906166
0.48, 1778068
0.48, 1684125
0.83, 1673932
1.14, 1629973
1.44, 1572684
1.75, 1552959
2.06, 1532649
2.36, 1500153
2.66, 1498003
2.97, 1489590
3.28, 1457476
3.58, 1453588
3.87, 1434724
4.19, 1415271
4.48, 1413753
4.78, 1358015
5.09, 1349568
5.39, 1344314
5.69, 1322399
5.98, 1304584
6.28, 1289602
6.58, 1284107
6.87, 1231932
7.17, 1211084
7.46, 1203516
7.76, 1193381
8.05, 1177518
8.34, 1167694
8.63, 1166572
8.91, 1161411
9.21, 1140347
9.51, 1113488
9.79, 1105352
10.08, 1097322
10.37, 1094529
10.65, 1091867
10.94, 1085646
11.23, 1081012
11.52, 1066236
11.80, 1057097
12.08, 1056485
12.38, 1037623
12.66, 1016940
12.94, 1006088
13.22, 995958
13.50, 995464
13.78, 995251
14.06, 968354
14.34, 949378
14.63, 949142
14.91, 937589
15.19, 937361
15.47, 935008
15.73, 924011
16.05, 921656
