0.00, 2984008
0.00, 2838892
0.00, 2744879
0.00, 2733371
0.00, 2731144
0.00, 2663190
0.00, 2594936
0.00, 2565274
0.00, 2563805
0.00, 2468023
0.00, 2404566
0.00, 2366042
0.02, 2354996
0.02, 2351507
0.02, 2323051
0.02, 2313390
0.02, 2282491
0.02, 2277513
0.03, 2200858
0.05, 2167779
0.08, 2148358
0.16, 2119083
0.30, 2110298
0.30, 2090870
0.33, 2070478
0.58, 2067736
0.58, 2048338
0.61, 2037196
0.61, 1953752
0.92, 1933013
1.22, 1883403
1.52, 1857179
1.81, 1809385
2.11, 1774739
2.41, 1758898
2.69, 1745405
2.98, 1739394
3.28, 1730080
3.58, 1712498
3.86, 1701763
3.86, 1694559
4.16, 1676629
4.45, 1661484
4.73, 1638480
5.03, 1606592
5.32, 1599525
5.60, 1580577
5.90, 1535875
6.18, 1530967
6.48, 1514724
6.76, 1490079
7.04, 1482278
7.34, 1471002
7.62, 1435175
7.90, 1348663
8.18, 1306478
8.46, 1261567
8.74, 1227813
9.03, 1216676
9.31, 1213449
9.59, 1198408
9.87, 1192325
10.15, 1154373
10.42, 1152205
10.70, 1144020
10.98, 1133941
11.24, 1129380
11.52, 1113234
11.81, 1093403
12.07, 1093105
12.35, 1078516
12.62, 1077899
12.88, 1076392
13.16, 1059212
13.43, 1053384
13.70, 1047164
13.98, 1045876
14.24, 1044248
14.51, 1034363
14.77, 1021556
15.04, 1010544
15.30, 1006241
15.59, 995183
15.84, 992570
16.12, 986635
16.38, 985019
16.63, 977615
16.90, 974466
17.15, 957153
17.42, 946725
17.69, 940645
17.98, 926218
