0.00, 3311901
0.00, 3262707
0.00, 3198982
0.00, 3189329
0.00, 3166341
0.00, 3128171
0.00, 3071958
0.00, 3059329
0.00, 3039575
0.00, 2926682
0.00, 2910141
0.00, 2817041
0.00, 2607411
0.00, 2503529
0.00, 2487793
0.00, 2465289
0.02, 2354959
0.02, 2301695
0.03, 2236401
0.05, 2226633
0.05, 2177151
0.13, 2089956
0.31, 2078882
0.39, 2072481
0.39, 2044294
0.56, 2038902
0.65, 2019912
0.65, 1986635
0.96, 1935302
0.96, 1877118
1.01, 1798172
1.30, 1782324
1.60, 1757345
1.90, 1719845
2.19, 1700360
2.49, 1687976
2.80, 1687703
3.08, 1671252
3.38, 1646439
3.68, 1624026
3.97, 1592644
4.27, 1586567
4.57, 1575165
4.85, 1501368
5.15, 1491898
5.44, 1478401
5.72, 1452886
6.02, 1411828
6.31, 1389928
6.59, 1388236
6.89, 1357049
7.17, 1337985
7.47, 1336290
7.75, 1334470
8.03, 1326999
8.31, 1284440
8.59, 1284242
8.87, 1252382
9.15, 1249996
9.43, 1245273
9.72, 1227946
10.00, 1193684
10.28, 1192213
10.56, 1189719
10.84, 1178172
11.12, 1170571
11.39, 1164152
11.67, 1135617
11.95, 1126839
12.22, 1101648
12.50, 1098843
12.76, 1088666
13.04, 1082833
13.31, 1082387
13.59, 1075740
13.86, 1062281
14.12, 1048664
14.40, 1045450
14.67, 1036344
14.93, 1025592
15.20, 1022254
15.46, 1001697
15.73, 996560
16.01, 994493
16.27, 989311
16.54, 977620
16.80, 973405
17.07, 967631
17.35, 960199
17.63, 958302
17.90, 952946
18.15, 948727
18.41, 944938
18.68, 944500
18.94, 925141
19.21, 914708
