0.00, 731613
0.02, 712096
0.02, 692069
0.03, 690767
0.03, 661491
0.03, 652270
0.03, 651096
0.05, 650893
0.05, 646824
0.05, 645634
0.05, 640773
0.05, 629374
0.06, 625566
0.06, 614554
0.06, 612745
0.06, 609607
0.08, 607895
0.08, 597560
0.08, 591876
0.08, 585576
0.09, 575722
0.09, 575683
0.09, 568375
0.09, 559488
0.09, 557384
0.09, 554666
0.09, 554642
0.09, 552808
0.13, 550402
0.13, 547047
0.13, 545983
0.13, 542317
0.13, 541110
0.14, 539281
0.14, 535563
0.14, 527787
0.14, 526931
0.16, 524915
0.16, 523571
0.17, 522729
0.17, 521083
0.17, 516801
0.17, 511374
0.17, 510079
0.17, 505110
0.17, 498661
0.17, 494570
0.17, 488554
0.17, 483809
0.19, 483312
0.19, 482833
0.19, 479679
0.19, 475758
0.19, 475575
0.19, 473129
0.19, 473056
0.20, 471593
0.20, 469045
0.20, 465615
0.20, 465433
0.20, 460540
0.20, 457789
0.20, 453207
0.22, 444149
0.22, 443704
0.23, 441529
0.23, 439775
0.23, 438853
0.25, 438796
0.25, 436410
0.25, 435618
0.25, 433519
0.25, 427638
0.27, 426306
0.28, 423275
0.31, 419960
0.31, 419328
0.31, 416380
0.33, 410230
0.33, 406427
0.36, 404397
0.38, 402610
0.38, 401282
0.41, 400380
0.41, 400163
0.41, 398208
0.44, 388786
0.45, 384537
0.47, 380917
0.48, 374099
0.50, 373566
0.52, 359532
0.56, 355248
0.56, 344104
0.59, 340512
0.59, 339221
0.59, 339114
0.59, 339050
0.67, 334615
0.70, 334443
0.70, 331543
0.72, 328738
0.72, 324411
0.72, 323927
0.72, 323022
0.73, 321350
0.78, 319614
0.81, 318210
0.83, 313718
0.88, 306498
0.91, 303991
0.92, 302857
0.97, 300740
0.97, 300190
0.98, 298783
0.98, 297154
0.98, 293716
1.08, 293453
1.14, 293119
1.16, 293046
1.20, 291395
1.22, 290231
1.25, 289917
1.27, 288944
1.28, 286847
1.30, 286182
1.36, 284172
1.38, 283886
1.44, 281429
1.44, 281397
1.55, 280921
1.61, 279241
1.61, 279087
1.63, 277828
1.66, 277515
1.69, 275835
1.73, 275513
1.75, 275364
1.80, 267120
1.80, 267034
1.81, 265885
1.81, 263370
1.81, 263299
1.81, 261156
1.83, 260377
1.83, 257587
2.13, 256517
2.16, 256128
2.22, 252378
2.36, 249591
2.44, 249054
2.44, 248142
2.47, 245740
2.50, 244392
2.50, 243027
2.62, 242890
2.62, 240554
2.67, 238406
2.70, 236784
2.72, 236165
2.73, 235266
2.77, 234782
2.91, 233672
2.91, 232083
3.20, 231896
3.28, 231889
3.30, 230966
3.33, 223562
3.37, 221641
3.45, 221205
3.83, 220681
4.11, 218928
4.28, 217538
4.36, 216568
4.39, 216029
4.45, 215955
4.45, 215666
4.47, 215267
4.48, 215140
4.48, 214281
4.53, 213677
4.59, 213588
4.62, 212840
4.70, 211472
4.70, 211339
4.75, 210950
4.78, 210175
4.83, 207149
5.34, 206162
5.64, 205905
5.66, 205106
5.72, 204781
5.72, 203885
5.75, 202136
5.80, 201253
6.03, 201115
6.03, 200627
6.06, 200568
6.11, 200338
6.14, 199002
6.17, 198663
6.25, 198632
6.36, 197787
6.39, 197178
6.53, 194246
7.19, 193237
7.26, 193221
7.26, 192451
7.34, 192009
7.59, 191311
7.67, 191193
7.73, 190865
7.92, 190496
7.95, 189939
8.01, 189273
8.01, 188549
8.05, 188179
8.20, 187632
8.31, 187159
8.50, 186371
8.55, 186256
8.83, 186051
9.22, 184971
9.34, 184686
9.37, 184180
9.58, 184027
9.73, 183877
9.78, 183732
9.92, 183147
10.00, 182663
10.05, 182349
10.14, 182131
10.54, 181173
10.69, 180821
10.97, 180758
11.01, 177376
11.22, 177224
11.33, 177207
11.53, 175963
11.72, 175866
12.54, 175637
13.00, 175357
13.15, 173851
13.65, 172779
13.72, 172345
13.76, 172161
14.78, 172034
14.87, 171782
15.23, 171137
15.54, 171127
15.72, 170292
15.89, 169787
17.25, 169730
17.86, 167310
18.46, 167089
19.70, 166637
20.12, 166582
21.70, 166392
22.70, 165607
23.10, 164372
23.48, 163814
23.84, 163718
23.87, 163597
24.46, 162540
24.51, 162480
24.62, 162211
25.18, 162097
26.09, 161488
26.31, 161416
26.31, 159462
26.57, 158831
26.68, 158819
26.70, 158509
26.74, 158280
26.88, 157496
27.31, 157278
29.10, 157076
29.34, 154718
29.54, 154627
29.84, 154551
31.26, 154249
31.79, 153969
33.06, 153814
33.74, 153394
36.18, 152212
36.90, 152038
37.65, 151837
38.99, 151819
39.82, 149026
40.32, 148674
40.63, 148665
40.90, 148585
41.60, 148552
41.98, 148087
42.49, 147869
43.27, 147772
47.83, 146655
49.29, 146556
49.43, 146481
49.90, 146133
51.72, 145853
53.89, 145840
54.36, 145738
57.10, 145624
57.44, 145412
57.71, 145217
57.83, 145033
59.28, 144720
64.13, 143898
64.19, 143853
65.02, 143478
65.56, 142725
65.61, 142611
65.89, 142595
69.08, 142362
69.81, 142305
70.94, 142177
72.23, 141939
74.45, 141923
76.03, 140099
80.93, 139154
81.33, 139106
81.53, 139099
83.79, 138145
83.84, 137918
92.74, 137180
99.38, 136497
