0.02, 704568
0.02, 691441
0.03, 691405
0.03, 666631
0.03, 664680
0.03, 663060
0.03, 660790
0.03, 648358
0.03, 638145
0.03, 633874
0.03, 626593
0.03, 624527
0.05, 624351
0.05, 624038
0.05, 607814
0.05, 605804
0.05, 605744
0.05, 590441
0.05, 589650
0.05, 588011
0.05, 587555
0.06, 581567
0.06, 572881
0.06, 571209
0.06, 570985
0.06, 565201
0.06, 558852
0.06, 555586
0.06, 551887
0.06, 547821
0.08, 547640
0.08, 545877
0.08, 545709
0.08, 545400
0.08, 543013
0.08, 542515
0.08, 538919
0.08, 538428
0.08, 536143
0.09, 528672
0.09, 526974
0.09, 526834
0.13, 523160
0.14, 521171
0.14, 517366
0.16, 510404
0.17, 509115
0.17, 506844
0.19, 506658
0.20, 504690
0.20, 503371
0.22, 494914
0.22, 486907
0.22, 474652
0.23, 468542
0.23, 464169
0.23, 461630
0.23, 454202
0.25, 447430
0.25, 446767
0.25, 442556
0.25, 438805
0.25, 430647
0.25, 429538
0.27, 429255
0.27, 428456
0.27, 425438
0.27, 421416
0.27, 417875
0.28, 417173
0.28, 414029
0.31, 412719
0.31, 408588
0.31, 404617
0.33, 400888
0.34, 398572
0.36, 395156
0.36, 393484
0.38, 392740
0.38, 390146
0.38, 388712
0.39, 386982
0.39, 385881
0.39, 385780
0.41, 385473
0.41, 384391
0.41, 374905
0.44, 374770
0.44, 373512
0.44, 373188
0.44, 367278
0.45, 364693
0.45, 357098
0.47, 355939
0.50, 351869
0.50, 351430
0.53, 348520
0.55, 348347
0.56, 347576
0.58, 345416
0.59, 345273
0.59, 345251
0.61, 345200
0.61, 344763
0.67, 343802
0.67, 338496
0.69, 338306
0.70, 337851
0.73, 337235
0.73, 336081
0.75, 332239
0.75, 330980
0.75, 330808
0.77, 329191
0.80, 329095
0.81, 327487
0.83, 327150
0.84, 324558
0.87, 323653
0.87, 323363
0.91, 322905
0.92, 320962
0.92, 319714
0.92, 319461
0.94, 313273
0.94, 313149
0.95, 313056
0.98, 311000
0.98, 307281
1.00, 306100
1.02, 304774
1.08, 304569
1.08, 304526
1.09, 304092
1.09, 297143
1.11, 292892
1.12, 291839
1.25, 291156
1.25, 289850
1.27, 288904
1.37, 288468
1.39, 287577
1.39, 282984
1.39, 282822
1.45, 281596
1.47, 278451
1.50, 277516
1.53, 276173
1.53, 273830
1.56, 272998
1.58, 272557
1.59, 271665
1.61, 270343
1.62, 270338
1.64, 269978
1.66, 269306
1.67, 268568
1.69, 268562
1.70, 268508
1.70, 268006
1.73, 267662
1.77, 265701
1.83, 265571
1.89, 265218
1.91, 264758
1.91, 263484
1.94, 261613
1.95, 259925
1.98, 259749
1.98, 259701
2.02, 258762
2.06, 257557
2.11, 257245
2.17, 257018
2.17, 254612
2.37, 253226
2.41, 253005
2.44, 252694
2.44, 249268
2.53, 249132
2.56, 248870
2.61, 246688
2.61, 245124
2.64, 243979
2.69, 243293
2.69, 241666
2.73, 240952
2.73, 240196
2.73, 238684
2.75, 238617
2.77, 237675
2.77, 237133
2.83, 235350
2.84, 235176
2.86, 233903
2.86, 233046
2.95, 233010
3.02, 232656
3.02, 232262
3.09, 231627
3.11, 230093
3.14, 228336
3.14, 228257
3.16, 227758
3.16, 226563
3.17, 223612
3.33, 223611
3.42, 221791
3.61, 220236
3.61, 219516
3.64, 217993
3.66, 217935
3.66, 216371
3.69, 216057
3.70, 213117
3.75, 212940
3.91, 211548
3.94, 211490
4.01, 209153
4.06, 209124
4.19, 208668
4.20, 208188
4.22, 205290
4.30, 205282
4.31, 204357
4.36, 204263
4.42, 204261
4.44, 203008
4.48, 200319
4.53, 200176
4.64, 200175
4.67, 198951
4.78, 197777
4.81, 197425
4.94, 197176
5.16, 196834
5.19, 195900
5.25, 193619
5.28, 193339
5.28, 192035
5.34, 191361
5.47, 191329
5.76, 190152
5.89, 188639
5.95, 187064
6.06, 185917
6.12, 185769
6.19, 185153
6.25, 182347
6.36, 182318
6.86, 181770
6.90, 180914
6.97, 180642
7.08, 179765
7.08, 179404
7.44, 179354
7.81, 179199
7.83, 178210
7.83, 178137
7.94, 177692
7.95, 177330
8.17, 177270
8.25, 176064
8.30, 175796
8.50, 175769
8.58, 175379
8.65, 175251
8.81, 174805
8.84, 174281
9.17, 174163
9.58, 174156
9.76, 174008
9.92, 173926
9.92, 173218
10.33, 173128
10.45, 172482
10.65, 172223
10.65, 171422
10.84, 170958
11.01, 170786
11.53, 170423
11.68, 170365
11.83, 170299
12.64, 169810
13.01, 169720
13.26, 169579
13.54, 169134
13.54, 168764
13.68, 168655
13.73, 168489
13.83, 168298
13.97, 168192
14.48, 167392
15.26, 167068
15.62, 166946
16.82, 166303
17.09, 166297
17.36, 166266
17.81, 166131
17.84, 165693
17.87, 165026
18.50, 164158
19.93, 162706
20.59, 162488
20.79, 161799
21.01, 161540
21.23, 161220
21.45, 161019
21.90, 160911
22.43, 160540
24.18, 159947
24.59, 159860
24.96, 159526
25.26, 159373
25.46, 158999
25.79, 158932
26.31, 158613
26.79, 158292
27.40, 158061
28.54, 157877
28.81, 156992
29.29, 156706
29.49, 156268
29.51, 156049
30.21, 155594
30.40, 155156
31.27, 155109
34.37, 155054
34.79, 154470
36.71, 154452
37.16, 153911
37.44, 153599
38.60, 153251
40.02, 153128
40.74, 153100
41.04, 153031
42.22, 152616
42.35, 151100
46.57, 150295
47.13, 149867
49.32, 149718
52.38, 148614
52.91, 148566
55.41, 148564
71.84, 148005
72.17, 147994
77.15, 147871
77.95, 147312
84.00, 147074
100.08, 146805
112.35, 146692
