0.02, 677408
0.03, 671727
0.03, 662109
0.03, 657392
0.03, 651830
0.03, 651038
0.03, 638959
0.03, 629638
0.06, 621468
0.06, 617947
0.06, 606217
0.06, 594015
0.06, 586855
0.06, 586782
0.06, 583088
0.08, 582267
0.08, 581132
0.08, 579450
0.08, 570535
0.08, 559189
0.09, 552157
0.11, 542572
0.11, 535062
0.11, 533788
0.13, 531028
0.13, 524811
0.14, 522154
0.16, 521024
0.16, 520378
0.19, 518537
0.20, 518351
0.22, 515459
0.23, 515006
0.23, 513585
0.23, 512700
0.23, 502911
0.23, 502487
0.23, 500251
0.23, 497572
0.25, 495986
0.25, 495966
0.25, 494317
0.27, 489173
0.27, 487752
0.27, 487473
0.27, 486422
0.27, 483013
0.28, 482886
0.28, 476440
0.28, 471858
0.28, 469531
0.28, 465466
0.30, 463179
0.30, 461327
0.30, 460132
0.30, 458116
0.30, 457268
0.30, 455847
0.30, 455166
0.31, 453176
0.31, 449953
0.31, 446124
0.33, 441840
0.33, 438075
0.33, 437582
0.33, 435483
0.33, 434588
0.33, 424305
0.34, 424158
0.36, 422190
0.36, 421491
0.36, 419999
0.38, 416827
0.38, 415149
0.39, 413251
0.41, 410390
0.42, 406434
0.42, 404587
0.44, 397264
0.44, 395226
0.45, 392061
0.47, 391952
0.47, 390683
0.48, 390442
0.50, 383397
0.52, 381947
0.52, 377480
0.53, 376493
0.55, 375880
0.55, 375056
0.55, 373988
0.55, 373056
0.56, 372285
0.63, 365862
0.66, 361348
0.67, 358199
0.67, 355714
0.72, 355050
0.72, 354777
0.72, 353216
0.73, 351629
0.75, 350003
0.77, 349370
0.77, 344320
0.77, 342172
0.80, 341833
0.80, 341666
0.81, 336589
0.81, 335327
0.83, 332254
0.83, 331609
0.84, 331092
0.84, 328233
0.86, 323963
0.91, 321179
0.92, 320910
0.94, 318922
0.97, 316071
0.97, 315893
1.05, 315705
1.06, 313403
1.06, 312761
1.06, 312363
1.08, 311487
1.13, 310501
1.14, 309954
1.20, 308888
1.22, 306249
1.23, 304838
1.30, 301733
1.30, 299955
1.31, 299247
1.39, 298317
1.44, 297240
1.48, 296484
1.52, 294573
1.52, 294151
1.55, 292748
1.58, 292608
1.59, 292266
1.63, 291389
1.67, 289639
1.69, 288868
1.75, 287996
1.77, 287781
1.77, 286462
1.83, 285682
1.84, 283846
1.88, 282778
1.88, 282548
1.89, 281866
1.89, 281709
1.91, 281064
1.91, 280306
1.92, 275223
1.94, 274643
1.97, 272421
1.98, 271015
2.00, 265705
2.02, 264962
2.06, 256571
2.08, 254760
2.16, 254727
2.22, 253300
2.23, 252812
2.30, 250706
2.30, 249116
2.33, 246136
2.34, 246120
2.36, 245609
2.36, 244213
2.39, 243897
2.41, 241398
2.50, 240511
2.53, 239812
2.73, 238234
2.77, 237707
2.80, 235884
3.11, 235449
3.12, 235418
3.22, 233882
3.30, 233116
3.30, 232767
3.36, 229181
3.52, 229032
3.73, 228678
3.84, 227625
3.98, 227163
4.03, 224471
4.09, 224173
4.11, 222464
4.12, 222412
4.12, 217660
4.16, 216762
4.20, 216584
4.22, 216552
4.33, 216413
4.33, 214164
4.41, 210855
4.45, 208688
4.47, 207434
4.50, 207390
4.59, 206990
4.64, 205348
4.87, 203033
4.94, 201629
4.97, 201599
5.02, 200950
5.08, 195946
5.08, 195568
5.17, 195164
5.41, 193316
5.51, 192982
5.66, 192834
5.78, 189555
5.81, 189383
5.94, 187012
5.98, 186325
6.00, 185384
6.06, 183923
6.28, 183913
6.48, 183311
7.61, 182866
7.62, 182593
7.73, 182499
7.73, 182391
7.90, 182342
8.01, 181806
8.05, 181628
8.09, 181279
8.11, 179273
8.36, 179253
8.59, 178945
8.69, 178892
8.72, 178148
8.76, 177592
8.78, 176766
9.09, 176724
9.83, 175460
10.34, 174684
10.42, 174618
10.64, 174094
11.48, 173314
11.58, 173245
11.76, 172813
12.83, 172279
12.98, 171414
15.00, 171296
17.37, 171259
17.37, 171187
17.45, 170832
17.97, 170560
18.56, 169535
19.90, 169478
21.32, 168908
21.45, 168412
21.51, 168227
22.09, 167184
23.84, 165142
23.96, 164755
24.43, 164713
25.37, 164643
25.51, 164228
26.42, 163908
26.98, 163801
27.40, 163117
29.07, 162837
29.35, 162553
30.73, 162058
32.76, 161914
32.90, 161600
33.20, 159924
33.82, 159598
34.04, 158756
34.26, 158372
35.07, 158335
35.18, 157026
35.37, 156985
35.63, 156974
35.98, 156844
36.63, 156831
37.02, 155664
37.99, 155650
38.15, 155635
38.30, 155619
38.30, 155618
39.57, 155545
40.62, 155023
41.77, 154746
42.97, 154614
43.83, 153934
44.47, 153696
44.63, 153174
45.51, 153147
46.57, 153105
50.29, 152765
50.41, 152690
50.83, 152115
51.13, 151464
54.96, 150911
57.74, 150774
60.13, 150724
60.14, 150324
63.20, 150257
63.69, 150186
63.84, 149997
65.72, 149287
66.56, 148750
67.16, 148537
68.31, 148535
69.20, 147781
69.45, 147711
70.00, 147498
72.25, 147480
74.08, 147195
76.08, 147064
79.95, 146968
85.18, 146850
85.34, 146358
87.25, 145698
89.01, 145658
89.75, 144933
92.26, 144565
94.24, 143925
96.71, 143884
106.33, 143029
106.54, 142985
107.21, 142934
110.19, 141140
111.91, 141103
