0.02, 703109
0.03, 702695
0.03, 693945
0.03, 680653
0.03, 676948
0.05, 670789
0.05, 664439
0.08, 664327
0.08, 662222
0.08, 659133
0.08, 658237
0.08, 648950
0.08, 645327
0.09, 642070
0.09, 636671
0.09, 624499
0.09, 621998
0.09, 619013
0.11, 612969
0.12, 606848
0.12, 599022
0.12, 594817
0.12, 586526
0.12, 585843
0.12, 583299
0.14, 567158
0.14, 559891
0.17, 553704
0.17, 540905
0.17, 540005
0.17, 538846
0.17, 533874
0.17, 532250
0.19, 529411
0.19, 525801
0.19, 522002
0.19, 518301
0.19, 517067
0.19, 513496
0.20, 513283
0.20, 510831
0.23, 505460
0.23, 502275
0.23, 499491
0.23, 499421
0.25, 498810
0.25, 489660
0.25, 485347
0.25, 484401
0.25, 482000
0.25, 474616
0.25, 474233
0.25, 471574
0.27, 470316
0.27, 469489
0.27, 466885
0.30, 457582
0.31, 449371
0.33, 446455
0.33, 445181
0.34, 443714
0.34, 443400
0.36, 440289
0.36, 433622
0.36, 429937
0.37, 426952
0.37, 417829
0.37, 414884
0.37, 413825
0.39, 412600
0.41, 412338
0.41, 408079
0.42, 407373
0.44, 404731
0.44, 404196
0.45, 397815
0.45, 397485
0.47, 396707
0.48, 395189
0.48, 387970
0.50, 387438
0.53, 376682
0.53, 376590
0.55, 376110
0.55, 367668
0.56, 362478
0.58, 361268
0.61, 358070
0.64, 357091
0.66, 357069
0.67, 355997
0.73, 355631
0.75, 354682
0.78, 350470
0.78, 349741
0.80, 348261
0.80, 344229
0.80, 344208
0.81, 340786
0.81, 338976
0.84, 334694
0.87, 333749
0.87, 332926
0.91, 331161
0.94, 330717
1.00, 330120
1.02, 329177
1.06, 329138
1.06, 329112
1.08, 328199
1.08, 325228
1.11, 323359
1.12, 320209
1.14, 320167
1.16, 318137
1.22, 317836
1.22, 316699
1.22, 316057
1.22, 314356
1.25, 302499
1.25, 302008
1.27, 301964
1.27, 301487
1.27, 298940
1.30, 297578
1.31, 295665
1.31, 294725
1.31, 294280
1.34, 292455
1.34, 290750
1.39, 290326
1.41, 290162
1.42, 287872
1.47, 287121
1.47, 285715
1.47, 284526
1.48, 284446
1.53, 282236
1.55, 280811
1.58, 277579
1.66, 275752
1.66, 275053
1.67, 274772
1.67, 273336
1.70, 270048
1.72, 268944
1.73, 267084
1.77, 266553
1.84, 263869
1.86, 263180
1.87, 263111
1.94, 262170
1.95, 261499
1.97, 261175
1.98, 260219
2.05, 259833
2.08, 258358
2.11, 255602
2.12, 253394
2.19, 252451
2.25, 251407
2.27, 251311
2.27, 250355
2.28, 248424
2.28, 247669
2.30, 245546
2.30, 245369
2.31, 244984
2.33, 242105
2.34, 241716
2.39, 240814
2.39, 238828
2.44, 238729
2.44, 235927
2.48, 235768
2.48, 235563
2.52, 235408
2.64, 235075
2.73, 233757
2.81, 233205
2.81, 232951
2.89, 232844
2.89, 231843
3.03, 231129
3.06, 230822
3.09, 230752
3.09, 229100
3.12, 227673
3.20, 225366
3.25, 225250
3.31, 224835
3.34, 224803
3.34, 224691
3.45, 224250
3.48, 223329
3.50, 223168
3.51, 221809
3.61, 219879
3.66, 218661
3.67, 218257
3.67, 217482
3.69, 216671
3.72, 216198
3.80, 215916
3.80, 214870
3.84, 213139
4.00, 212152
4.20, 211375
4.25, 211206
4.33, 210504
4.51, 210010
4.81, 209901
4.95, 209574
5.25, 209562
5.33, 209237
5.34, 209234
5.34, 209158
5.53, 208784
5.67, 205142
5.95, 205016
6.03, 204911
6.12, 204570
6.14, 204338
6.22, 204325
6.23, 203940
6.58, 202579
6.64, 202551
6.72, 201749
6.81, 201104
6.83, 196439
6.92, 194541
6.92, 194173
7.00, 191103
7.20, 190626
7.48, 189987
7.56, 189735
7.62, 189305
8.25, 189304
8.51, 188370
8.54, 188067
8.83, 185880
8.90, 184639
8.90, 184500
9.11, 184244
9.33, 183091
9.39, 182907
9.97, 182628
10.06, 182487
10.45, 181705
10.56, 181558
11.20, 180405
11.29, 180006
11.36, 179999
11.39, 179837
11.51, 179611
11.51, 179327
11.59, 179311
11.72, 178244
11.73, 178180
11.76, 177638
12.08, 172692
12.43, 171740
12.50, 171537
12.53, 171452
12.97, 171297
13.03, 171280
13.15, 171124
13.43, 171029
13.45, 170631
13.62, 170408
13.72, 169982
13.92, 169616
14.14, 168444
14.50, 168257
14.70, 166991
15.04, 166065
15.50, 165220
15.57, 164601
15.73, 164394
15.89, 163852
16.03, 163809
16.06, 163673
16.15, 163154
16.40, 161814
16.43, 161747
16.54, 161669
16.56, 161466
16.67, 160445
16.90, 159675
18.73, 159230
18.95, 158967
19.79, 158595
19.84, 157552
19.95, 157180
20.85, 157038
21.85, 156650
21.98, 156295
21.99, 155636
23.29, 155544
23.84, 155319
25.37, 154742
30.37, 152726
32.21, 152206
34.37, 150679
34.41, 149510
34.73, 149506
35.52, 148662
35.55, 148652
36.60, 148013
38.44, 147993
42.05, 147720
44.07, 146815
46.10, 146624
46.61, 146568
46.74, 146498
51.00, 145761
52.96, 145177
55.10, 144836
59.22, 144336
60.52, 143554
65.89, 143271
71.75, 142909
72.31, 142691
73.33, 142427
76.40, 142226
92.23, 142157
92.65, 142104
102.84, 142008
104.96, 141129
108.02, 140530
112.36, 140478
