0.02, 705266
0.02, 675359
0.03, 674721
0.03, 672082
0.03, 666589
0.05, 651102
0.05, 642658
0.05, 640997
0.05, 637898
0.05, 636501
0.05, 635390
0.05, 625491
0.05, 620959
0.06, 617520
0.06, 597343
0.08, 578512
0.08, 575403
0.09, 574192
0.09, 565950
0.09, 562781
0.09, 556905
0.09, 553477
0.09, 547718
0.11, 538349
0.13, 533804
0.13, 531948
0.13, 531011
0.14, 530580
0.14, 530052
0.16, 528356
0.19, 528065
0.19, 518786
0.20, 516588
0.20, 505931
0.20, 502678
0.20, 498774
0.22, 496378
0.22, 484032
0.22, 482907
0.22, 482462
0.23, 474899
0.25, 471192
0.27, 470383
0.27, 470260
0.27, 467309
0.27, 467229
0.27, 462921
0.27, 456385
0.28, 453827
0.28, 452126
0.30, 451784
0.30, 447136
0.30, 446939
0.31, 443581
0.31, 440877
0.31, 436736
0.33, 435575
0.33, 428347
0.33, 426078
0.33, 420115
0.34, 417975
0.34, 415572
0.38, 413940
0.38, 412385
0.38, 406548
0.38, 406310
0.38, 403823
0.38, 402094
0.41, 401241
0.41, 398394
0.42, 392207
0.44, 388656
0.44, 388318
0.45, 388301
0.45, 386402
0.47, 385032
0.48, 377812
0.50, 367689
0.52, 367559
0.52, 366267
0.53, 366033
0.53, 364649
0.53, 362902
0.53, 362900
0.53, 362663
0.55, 362486
0.55, 357593
0.55, 355974
0.56, 352699
0.58, 348731
0.58, 348509
0.58, 347908
0.58, 344258
0.58, 343688
0.59, 340413
0.64, 336251
0.64, 335934
0.66, 335118
0.66, 330599
0.67, 326664
0.67, 325789
0.67, 325474
0.72, 324440
0.73, 323427
0.73, 321047
0.80, 318579
0.80, 316916
0.80, 315602
0.83, 310079
0.86, 309030
0.86, 309027
0.86, 305758
0.88, 305335
0.88, 301523
0.89, 296636
0.91, 286406
0.97, 284468
1.00, 282950
1.00, 282604
1.00, 282242
1.03, 280566
1.05, 279980
1.08, 279145
1.16, 275836
1.16, 272603
1.16, 272311
1.16, 272141
1.19, 271164
1.20, 271129
1.28, 271040
1.33, 270327
1.36, 270045
1.36, 269727
1.38, 268868
1.38, 268731
1.41, 267474
1.47, 263814
1.48, 262089
1.50, 260760
1.53, 259435
1.55, 257544
1.59, 254758
1.59, 254081
1.72, 251226
1.73, 251184
1.73, 250410
1.77, 249823
1.78, 241651
1.81, 240420
1.88, 239738
1.95, 236500
1.97, 235560
2.05, 234770
2.08, 234035
2.11, 233248
2.19, 231354
2.22, 231131
2.25, 228257
2.27, 227301
2.39, 226401
2.41, 226348
2.44, 225895
2.47, 225884
2.55, 225880
2.64, 225615
2.66, 225389
2.69, 225318
2.70, 225032
2.78, 224613
2.78, 224487
2.84, 223944
2.87, 223148
2.91, 222349
3.08, 221700
3.11, 221659
3.12, 221273
3.14, 220831
3.16, 220626
3.19, 218933
3.22, 216289
3.23, 215837
3.28, 215019
3.37, 214819
3.39, 214717
3.39, 214421
3.44, 214038
3.52, 213959
3.52, 212424
3.58, 206354
3.58, 206239
3.62, 205905
3.77, 205430
3.78, 205194
3.87, 203626
4.05, 203573
4.19, 203503
4.19, 201461
4.22, 201278
4.23, 199282
4.25, 199260
4.39, 199258
4.45, 199255
4.50, 198927
4.50, 196964
4.52, 194144
4.83, 193999
5.06, 192708
5.08, 192331
5.11, 192199
5.12, 190971
5.19, 190835
5.23, 190146
5.31, 189972
5.67, 189644
5.70, 189280
5.78, 189219
5.84, 189158
6.03, 188784
6.16, 188686
6.20, 188574
6.22, 188317
6.41, 188022
6.62, 187758
6.69, 187307
6.76, 187093
6.80, 187067
6.81, 186869
6.94, 186012
7.20, 185196
7.23, 185183
7.34, 184981
7.37, 184448
7.70, 183593
7.75, 183451
7.78, 183147
7.86, 182617
7.91, 182051
8.01, 180838
8.05, 179714
8.37, 177968
8.53, 177205
8.59, 175027
8.86, 174597
8.90, 173796
8.92, 173743
9.01, 173710
9.30, 173654
9.31, 173323
9.51, 172891
9.53, 172503
9.78, 172346
9.95, 172308
9.97, 171714
9.98, 171566
10.22, 171413
10.59, 170402
10.79, 169561
10.84, 169506
10.90, 167802
11.09, 167612
11.45, 167116
12.34, 167058
12.90, 167006
13.06, 164967
13.17, 164947
13.28, 164792
13.42, 164669
13.45, 164034
13.67, 163862
13.76, 163743
13.81, 163552
14.04, 162590
15.08, 162306
15.18, 162048
15.22, 161942
15.54, 161716
16.00, 161606
16.18, 161553
16.50, 159051
16.86, 158750
17.03, 158431
17.47, 157859
17.73, 157108
17.89, 156606
18.42, 156443
18.75, 156402
18.93, 156209
20.17, 156003
20.32, 155957
20.43, 155786
21.43, 154977
21.46, 153502
23.15, 152892
23.21, 152451
23.42, 151909
23.48, 151890
24.18, 151865
24.48, 151498
24.62, 151478
24.70, 151147
24.98, 151089
25.70, 150808
26.15, 150587
27.48, 150441
27.90, 150432
28.12, 150283
28.38, 149445
28.54, 148858
29.10, 148698
29.76, 147721
30.26, 147644
30.40, 147043
30.57, 145787
30.76, 144598
31.07, 144339
34.21, 144044
35.24, 143860
36.13, 143492
36.93, 143154
37.10, 142709
38.19, 142695
40.26, 142487
40.69, 142224
45.83, 142164
51.97, 141533
53.10, 141456
54.46, 141376
58.61, 141158
58.83, 140948
60.77, 140856
62.83, 140574
63.44, 140169
63.66, 140152
64.50, 140082
68.31, 139793
111.97, 139511
117.27, 139136
