0.02, 700723
0.02, 682002
0.03, 680600
0.03, 670515
0.03, 660756
0.03, 655659
0.03, 652885
0.03, 651004
0.03, 631221
0.03, 628352
0.03, 625160
0.05, 621816
0.05, 612735
0.05, 594643
0.06, 591245
0.06, 588796
0.06, 584409
0.08, 581551
0.08, 579862
0.08, 578667
0.08, 573212
0.09, 567679
0.09, 566063
0.09, 564330
0.09, 559742
0.09, 559114
0.09, 556440
0.11, 549009
0.11, 545405
0.11, 543601
0.11, 538384
0.11, 529039
0.13, 528373
0.14, 526269
0.16, 525418
0.16, 524645
0.16, 520597
0.17, 517136
0.17, 515760
0.17, 509682
0.19, 505505
0.19, 505473
0.19, 504478
0.19, 501889
0.20, 496261
0.20, 495090
0.20, 488040
0.22, 487729
0.22, 475452
0.22, 473249
0.22, 472127
0.24, 471842
0.25, 465908
0.25, 463563
0.25, 462820
0.27, 460203
0.27, 459267
0.27, 453591
0.27, 448920
0.28, 446950
0.28, 436090
0.28, 435350
0.30, 434739
0.31, 431263
0.31, 430769
0.33, 428647
0.33, 423139
0.33, 419321
0.34, 418480
0.34, 416835
0.34, 414236
0.34, 409949
0.36, 407503
0.36, 404088
0.38, 402437
0.38, 401512
0.42, 400330
0.44, 399159
0.44, 390887
0.44, 389619
0.47, 384265
0.47, 381344
0.49, 380537
0.50, 376472
0.50, 375389
0.50, 374777
0.50, 359077
0.52, 358492
0.52, 355083
0.52, 354845
0.53, 354843
0.53, 354167
0.53, 350570
0.56, 346501
0.58, 341426
0.58, 340284
0.58, 330027
0.59, 329927
0.61, 329741
0.63, 317162
0.63, 316070
0.70, 314940
0.74, 314227
0.75, 313321
0.75, 312110
0.75, 309049
0.77, 307885
0.77, 307669
0.83, 306561
0.84, 304361
0.84, 303675
0.84, 302570
0.84, 301869
0.88, 301236
0.88, 299801
0.94, 299658
0.95, 298339
0.97, 294750
0.99, 294613
0.99, 293655
0.99, 292174
1.00, 289147
1.03, 288954
1.08, 287550
1.09, 287171
1.13, 286517
1.14, 286075
1.16, 283448
1.17, 283423
1.17, 283373
1.20, 281450
1.25, 280944
1.27, 279808
1.33, 276472
1.34, 276416
1.42, 275471
1.45, 275266
1.53, 273625
1.55, 273117
1.56, 271996
1.56, 271097
1.58, 269502
1.59, 268728
1.67, 267934
1.78, 267891
1.80, 267124
1.89, 266615
1.92, 261649
2.00, 260830
2.02, 260118
2.03, 259607
2.05, 259399
2.08, 258552
2.13, 257857
2.14, 256839
2.16, 256053
2.16, 256045
2.17, 255361
2.19, 255309
2.28, 255155
2.33, 253779
2.38, 253722
2.45, 253196
2.45, 253026
2.50, 251340
2.55, 248970
2.55, 246621
2.61, 246616
2.66, 246002
2.67, 244236
2.69, 242275
2.72, 240689
2.78, 239951
2.81, 238425
2.83, 237757
2.89, 234553
2.92, 234023
2.94, 233895
3.08, 232708
3.09, 231232
3.19, 225967
3.42, 225388
3.44, 225210
3.48, 224952
3.61, 223500
3.61, 222085
3.66, 221544
3.69, 221141
3.69, 220868
3.70, 219870
3.73, 218212
3.83, 218176
3.89, 218029
3.94, 217803
4.00, 217749
4.03, 217379
4.06, 217365
4.13, 216936
4.22, 214113
4.23, 213967
4.23, 212691
4.33, 212210
4.37, 211584
4.55, 203516
4.70, 203326
4.77, 203275
4.80, 202460
5.11, 201453
5.17, 201324
5.47, 199264
5.59, 199007
5.72, 198926
5.72, 198674
5.81, 198176
6.06, 197570
6.17, 197103
6.27, 196901
6.30, 195792
6.34, 195566
6.41, 194074
6.47, 193856
6.72, 193816
6.73, 193517
7.08, 193494
7.20, 193375
7.37, 191637
7.42, 191628
7.44, 191067
7.55, 190221
7.62, 189761
8.03, 188914
8.09, 188153
8.16, 187928
8.42, 187673
8.50, 185437
8.64, 185387
9.12, 185177
9.16, 182450
9.31, 182127
9.47, 182071
9.56, 181823
9.65, 181245
9.89, 181062
10.15, 180196
10.61, 179817
10.67, 179079
10.69, 178650
11.01, 178597
11.22, 178529
11.25, 178278
11.44, 177891
11.61, 176045
11.65, 175487
11.76, 174919
11.98, 174585
12.06, 174106
12.17, 172798
12.47, 172767
12.50, 172668
13.23, 172201
13.53, 172137
14.15, 171631
14.86, 171398
15.12, 170305
16.14, 170295
16.15, 169534
16.31, 169324
16.67, 169307
17.11, 169275
17.31, 165746
18.18, 164464
18.36, 163784
18.40, 162633
18.47, 162561
18.59, 162295
18.62, 162293
18.79, 161959
18.93, 160324
19.45, 159825
19.73, 158822
20.25, 158744
21.50, 157931
22.07, 157456
22.15, 157025
22.23, 156744
22.40, 156720
22.96, 156574
23.04, 156142
24.32, 155946
25.01, 155600
27.62, 155436
28.13, 154921
29.53, 154602
30.37, 154443
30.95, 154379
31.82, 154030
32.68, 153930
33.77, 152867
37.27, 152039
37.79, 151882
38.74, 151693
40.59, 151568
44.10, 151429
45.49, 151097
45.60, 151079
46.30, 150817
46.65, 150796
53.57, 150755
54.19, 150689
55.72, 150630
57.14, 149693
62.27, 149261
63.11, 149106
63.86, 148744
67.13, 148742
67.72, 148673
68.00, 148671
68.67, 148108
69.83, 147594
69.92, 146546
73.31, 146437
73.58, 146358
74.01, 146225
74.66, 145919
76.64, 145567
77.40, 145549
88.07, 145484
90.48, 145066
