0.02, 708160
0.02, 687688
0.02, 678652
0.03, 672692
0.03, 671073
0.03, 668952
0.03, 666558
0.03, 659174
0.03, 652307
0.03, 650573
0.03, 648567
0.03, 635710
0.03, 620783
0.05, 611757
0.05, 589230
0.05, 584624
0.05, 583350
0.06, 582485
0.06, 573183
0.06, 569388
0.08, 568319
0.08, 567811
0.08, 556277
0.08, 547305
0.09, 540619
0.09, 539286
0.09, 536003
0.13, 528156
0.13, 525183
0.16, 524959
0.16, 518722
0.17, 515975
0.17, 511241
0.17, 503921
0.17, 500830
0.17, 494785
0.19, 493257
0.19, 490249
0.19, 489847
0.19, 483151
0.20, 480153
0.20, 475499
0.20, 470220
0.20, 467894
0.20, 467330
0.20, 464605
0.20, 464398
0.20, 457691
0.20, 457531
0.22, 455211
0.22, 453642
0.22, 452268
0.23, 445931
0.23, 441124
0.23, 432726
0.25, 421142
0.27, 414777
0.27, 414372
0.27, 408780
0.28, 408114
0.30, 407247
0.30, 404545
0.30, 404448
0.30, 404411
0.30, 402282
0.31, 401836
0.31, 401122
0.33, 400885
0.33, 399827
0.33, 395660
0.33, 395386
0.33, 393748
0.34, 387765
0.34, 377323
0.34, 367713
0.34, 365468
0.36, 359012
0.36, 357546
0.38, 357096
0.38, 356940
0.38, 355514
0.38, 354310
0.39, 350864
0.39, 350214
0.41, 345948
0.42, 337361
0.45, 333792
0.48, 332646
0.53, 332031
0.55, 330039
0.59, 329784
0.63, 329266
0.64, 329226
0.66, 324324
0.67, 322572
0.67, 318552
0.67, 316542
0.69, 315246
0.72, 313216
0.73, 311790
0.73, 310613
0.75, 308560
0.88, 301804
0.89, 301334
0.89, 299680
0.91, 294761
0.91, 294268
0.91, 293882
0.92, 293717
0.92, 292575
0.92, 291438
0.94, 289877
0.94, 288798
0.95, 286427
0.97, 286379
1.03, 285233
1.03, 282493
1.05, 282224
1.06, 281823
1.08, 281714
1.16, 281529
1.22, 279905
1.23, 277870
1.28, 276881
1.31, 276458
1.34, 274265
1.34, 274037
1.36, 269086
1.38, 268700
1.39, 267496
1.41, 267202
1.44, 267074
1.48, 265986
1.50, 265004
1.56, 264932
1.59, 262727
1.59, 262122
1.61, 261101
1.69, 259122
1.69, 258463
1.72, 258328
1.73, 256850
1.84, 253453
1.86, 253393
1.97, 252302
2.02, 252026
2.09, 250001
2.11, 249212
2.14, 248439
2.16, 248405
2.22, 248347
2.31, 248242
2.33, 247652
2.36, 245983
2.36, 245610
2.38, 245184
2.39, 244746
2.44, 243800
2.45, 230856
2.67, 230582
2.75, 230086
2.98, 229251
3.03, 228586
3.16, 226357
3.22, 225108
3.23, 224924
3.27, 224595
3.50, 223601
3.70, 220027
3.70, 218865
3.73, 217326
3.75, 216356
3.80, 211863
3.87, 211757
3.87, 211174
3.95, 210832
4.00, 210826
4.02, 210142
4.02, 208747
4.14, 206111
4.14, 205224
4.17, 203683
4.23, 203465
4.37, 202769
4.50, 201063
4.61, 200872
4.62, 199666
4.64, 198106
4.67, 197864
4.70, 197691
4.77, 197022
4.95, 196143
5.08, 195466
5.17, 195355
5.27, 195178
5.48, 195133
5.64, 194924
5.69, 194490
5.69, 194345
5.75, 193611
5.92, 191067
6.14, 190446
6.20, 190203
6.37, 189901
6.41, 188928
6.44, 188758
6.56, 188281
6.56, 188265
6.62, 188214
6.66, 187723
6.72, 186184
6.92, 183897
6.95, 183634
6.97, 182814
6.98, 182695
7.22, 182003
7.22, 181568
7.28, 181330
7.31, 181292
7.64, 181290
7.66, 180070
7.86, 179713
7.89, 178985
8.33, 178336
8.55, 178324
8.75, 177998
9.28, 177937
9.59, 175269
9.89, 174868
10.22, 174707
10.23, 174569
10.36, 174159
10.61, 173941
10.65, 173892
10.76, 173654
11.53, 173438
11.97, 172955
12.11, 172591
13.87, 172501
13.92, 170946
14.06, 170618
15.03, 170603
17.15, 169682
17.25, 169675
17.51, 169559
18.12, 169549
18.87, 168509
19.17, 168281
19.28, 168171
19.37, 167617
19.70, 164871
19.86, 164607
20.07, 164084
23.40, 162736
23.67, 162547
23.67, 161749
24.00, 161376
24.32, 160866
25.21, 160587
25.90, 160393
27.56, 160107
29.07, 160026
29.23, 159743
30.10, 158834
31.51, 158268
31.57, 157829
32.26, 157683
32.43, 157650
33.26, 157499
33.37, 157188
33.45, 156209
34.02, 156047
34.68, 155850
35.02, 155840
35.18, 154876
35.55, 154811
35.82, 154669
36.63, 154590
37.24, 152765
37.63, 152458
39.05, 151631
40.33, 151068
41.71, 150307
48.47, 149029
48.88, 148689
50.35, 148634
53.58, 148515
54.35, 148297
54.55, 148259
56.03, 148068
59.77, 147896
62.02, 147717
62.39, 147413
66.20, 147395
66.50, 147147
66.92, 146243
70.25, 146240
70.48, 146157
80.76, 145339
88.78, 145004
91.71, 144452
92.18, 144398
102.37, 144005
105.60, 143863
106.33, 143070
107.37, 142673
113.43, 142557
