0.02, 712547
0.02, 701273
0.03, 700601
0.03, 694380
0.03, 684667
0.03, 675242
0.03, 661846
0.03, 660786
0.03, 657690
0.03, 651522
0.05, 643652
0.05, 640289
0.05, 638401
0.05, 612531
0.05, 602645
0.05, 598206
0.06, 593034
0.06, 591482
0.06, 585872
0.06, 573958
0.06, 571607
0.06, 571529
0.08, 568201
0.08, 560599
0.08, 551561
0.08, 545568
0.08, 540274
0.08, 539010
0.08, 538157
0.09, 537551
0.09, 535078
0.09, 533464
0.11, 531249
0.11, 523656
0.11, 522434
0.11, 520849
0.11, 518227
0.11, 516428
0.11, 507206
0.13, 506629
0.13, 497833
0.13, 496667
0.13, 494176
0.13, 489183
0.13, 482094
0.13, 478832
0.13, 471681
0.14, 470047
0.16, 468723
0.16, 467073
0.16, 455681
0.17, 453942
0.17, 449349
0.17, 448983
0.17, 448590
0.17, 447625
0.19, 443792
0.19, 443468
0.19, 442924
0.19, 441737
0.20, 440055
0.20, 428885
0.20, 426975
0.20, 422441
0.22, 422200
0.22, 417785
0.22, 417439
0.23, 415799
0.23, 414480
0.25, 413266
0.25, 412488
0.25, 411387
0.25, 407673
0.25, 407004
0.27, 404046
0.28, 402741
0.28, 401927
0.30, 400752
0.31, 396990
0.33, 389696
0.33, 389130
0.33, 382391
0.34, 378680
0.36, 377492
0.36, 376958
0.36, 375607
0.36, 372736
0.38, 372404
0.38, 372102
0.38, 372043
0.39, 370636
0.41, 368685
0.42, 367813
0.44, 361344
0.45, 356834
0.47, 354711
0.48, 353096
0.48, 352938
0.50, 350194
0.52, 349375
0.52, 347368
0.53, 346885
0.53, 337604
0.55, 337220
0.55, 334928
0.56, 334043
0.56, 333401
0.58, 332835
0.58, 332805
0.59, 331969
0.59, 330883
0.61, 324227
0.63, 324143
0.64, 323485
0.66, 322126
0.73, 319681
0.73, 318562
0.75, 316661
0.75, 316586
0.75, 316100
0.77, 316000
0.77, 315975
0.77, 315704
0.78, 315134
0.80, 313747
0.80, 310765
0.80, 307485
0.81, 304984
0.81, 299203
0.84, 298559
0.86, 298034
0.86, 295513
0.86, 295405
0.89, 295090
0.89, 294130
0.89, 292714
0.91, 291347
0.97, 291092
0.98, 283764
1.06, 282618
1.09, 282331
1.09, 279416
1.09, 278690
1.09, 276680
1.13, 274664
1.13, 272681
1.14, 271638
1.14, 271283
1.17, 270790
1.20, 270462
1.20, 265068
1.20, 263490
1.25, 262506
1.25, 261294
1.33, 260356
1.33, 260003
1.48, 259915
1.50, 259875
1.63, 259551
1.75, 257951
1.75, 257352
1.80, 256019
1.83, 254893
1.83, 254675
1.98, 254484
2.03, 254326
2.03, 253554
2.17, 252602
2.20, 252033
2.20, 250819
2.22, 250411
2.36, 250043
2.37, 249176
2.37, 247685
2.41, 247047
2.41, 245419
2.45, 244938
2.48, 244382
2.52, 242742
2.58, 240520
2.58, 240350
2.62, 240096
2.72, 240050
2.75, 237585
2.80, 237510
2.80, 236951
2.84, 236552
2.86, 235359
2.91, 234925
2.92, 234647
3.03, 234039
3.05, 233873
3.16, 231857
3.19, 231667
3.23, 231449
3.27, 231345
3.34, 230980
3.37, 230312
3.39, 228426
3.39, 227734
3.44, 227565
3.50, 225602
3.52, 224087
3.55, 222460
3.75, 221371
3.81, 219648
3.86, 219601
3.94, 219403
4.22, 218392
4.23, 217950
4.25, 217424
4.30, 217291
4.31, 216896
4.33, 215150
4.41, 214260
4.45, 214140
4.67, 213862
4.72, 213793
4.72, 213239
5.03, 210406
5.06, 207058
5.06, 206771
5.06, 206036
5.11, 205613
5.14, 205412
5.19, 204549
5.23, 203779
5.23, 203769
5.30, 203189
5.36, 202376
5.59, 201593
5.66, 201514
5.69, 201342
5.78, 194604
5.97, 194543
6.00, 194094
6.11, 193659
6.17, 191854
6.28, 190852
6.33, 190763
6.37, 190501
6.41, 190404
6.48, 190278
6.66, 189320
6.67, 188586
6.72, 188206
6.98, 187655
7.00, 186933
7.00, 186796
7.01, 186312
7.17, 185825
7.20, 184952
7.22, 184857
7.28, 184663
7.33, 182699
7.33, 181302
7.47, 181264
7.58, 181017
7.83, 180826
8.03, 180441
8.09, 179860
8.11, 178621
8.17, 177895
8.40, 177558
8.53, 176556
8.53, 176466
8.73, 175997
8.75, 175706
8.87, 175596
8.92, 175483
9.00, 175148
9.22, 175097
9.26, 174921
9.37, 174855
9.37, 174095
10.01, 174037
10.09, 173927
11.08, 173749
11.39, 172844
11.72, 171503
12.11, 171415
12.25, 170595
12.48, 170216
12.54, 169846
12.58, 169755
12.76, 169026
12.79, 168513
13.12, 168502
13.17, 168498
13.20, 167517
13.29, 167092
13.65, 163675
14.03, 162788
14.29, 162502
14.33, 162045
14.62, 161985
14.76, 161831
15.73, 160940
15.97, 160766
16.67, 160002
16.93, 159069
17.81, 158726
18.04, 157955
18.32, 157703
18.61, 156379
18.81, 156343
18.87, 156110
18.98, 155889
19.12, 155410
19.93, 155114
21.43, 153974
21.79, 153743
22.70, 153587
23.32, 152555
23.98, 152117
25.42, 151852
25.48, 151484
26.85, 151042
27.24, 150705
27.31, 150505
30.13, 150434
30.88, 150372
33.04, 149730
34.88, 149668
35.12, 149660
35.18, 149654
38.02, 149545
40.60, 149282
42.07, 149262
42.54, 148737
42.87, 148338
44.33, 148145
45.07, 147914
45.08, 146669
49.94, 145778
50.71, 145754
54.64, 145279
69.84, 144957
82.61, 144871
92.99, 144143
104.63, 144102
106.51, 143269
