0.02, 665629
0.02, 658421
0.03, 640525
0.03, 626950
0.03, 616803
0.05, 614950
0.05, 614042
0.05, 613557
0.05, 604138
0.05, 603993
0.05, 598847
0.05, 596142
0.08, 590079
0.08, 583566
0.08, 580504
0.08, 576820
0.08, 569733
0.08, 567506
0.08, 557535
0.09, 556673
0.09, 548567
0.09, 548132
0.09, 545138
0.09, 540778
0.09, 540385
0.09, 537592
0.11, 537172
0.11, 536903
0.11, 536299
0.14, 532285
0.14, 531672
0.14, 522591
0.14, 522254
0.16, 515312
0.16, 512817
0.16, 510234
0.16, 502111
0.17, 500838
0.19, 490337
0.19, 487454
0.19, 486577
0.19, 485238
0.19, 483625
0.20, 482907
0.20, 482253
0.20, 479936
0.20, 477635
0.22, 475979
0.23, 471233
0.23, 470364
0.23, 469874
0.25, 468011
0.25, 466496
0.25, 462415
0.25, 461199
0.27, 458315
0.27, 457593
0.27, 454778
0.28, 450299
0.28, 448942
0.28, 446889
0.28, 431895
0.28, 422800
0.28, 422714
0.30, 417159
0.30, 413807
0.33, 413604
0.33, 409929
0.33, 408195
0.33, 407240
0.34, 406120
0.34, 405059
0.36, 404120
0.36, 403891
0.38, 400754
0.38, 400287
0.39, 400064
0.39, 399870
0.39, 399216
0.39, 396755
0.41, 395296
0.41, 394992
0.41, 392531
0.41, 392346
0.42, 386548
0.42, 385062
0.44, 383506
0.44, 383476
0.44, 382492
0.45, 382165
0.45, 374207
0.48, 372696
0.48, 371343
0.48, 371041
0.50, 366787
0.50, 366245
0.52, 362754
0.52, 361887
0.52, 361348
0.55, 360973
0.55, 357349
0.55, 357074
0.58, 356528
0.58, 354814
0.58, 353308
0.59, 351724
0.59, 351179
0.61, 349878
0.64, 348460
0.64, 343421
0.64, 343041
0.67, 337854
0.69, 332563
0.69, 327029
0.70, 324997
0.75, 323809
0.75, 320648
0.80, 320222
0.81, 319715
0.84, 315350
0.86, 313935
0.88, 309742
0.91, 308671
0.91, 308049
0.91, 307523
0.94, 305251
0.95, 304932
0.98, 304066
1.00, 302674
1.03, 300987
1.08, 297314
1.11, 296600
1.11, 295056
1.14, 293885
1.16, 293859
1.16, 291361
1.19, 288973
1.19, 287972
1.19, 287878
1.20, 286214
1.22, 285888
1.27, 285727
1.28, 285421
1.31, 284692
1.33, 284633
1.41, 279457
1.42, 279156
1.42, 279010
1.42, 278843
1.42, 276253
1.44, 273285
1.44, 268156
1.44, 255071
1.45, 251994
1.48, 251046
1.53, 250490
1.55, 246335
1.66, 245850
1.72, 244564
1.80, 244176
1.83, 243299
1.89, 240568
2.00, 237913
2.02, 236078
2.05, 234959
2.05, 234914
2.13, 231750
2.23, 230268
2.50, 229861
2.50, 229382
2.58, 228315
2.61, 227981
2.62, 223691
2.62, 219467
2.66, 219213
2.70, 216391
2.72, 216207
2.87, 215868
2.94, 214576
2.98, 214553
3.02, 214434
3.11, 213330
3.16, 213201
3.22, 211216
3.31, 209594
3.39, 207302
3.55, 201514
3.59, 200995
3.66, 199511
3.80, 199458
3.81, 199432
3.81, 198624
3.91, 198352
3.92, 197661
3.95, 197317
4.00, 197130
4.00, 196712
4.03, 196645
4.14, 196270
4.14, 196267
4.16, 196049
4.23, 195825
4.28, 194893
4.28, 194688
4.34, 194424
4.45, 193419
4.73, 193230
4.73, 192765
4.84, 192672
4.86, 192364
4.86, 192139
5.06, 191961
5.08, 189640
5.20, 189530
5.20, 187920
5.20, 187450
5.31, 186976
5.39, 186855
5.42, 185915
5.70, 185742
5.83, 185527
5.83, 184242
6.00, 184028
6.05, 183688
6.06, 181727
6.12, 181412
6.28, 179830
6.31, 178160
6.33, 176451
6.36, 176102
6.73, 174598
6.91, 174435
6.94, 174160
6.97, 170133
7.08, 169907
7.20, 169041
7.45, 168415
7.59, 168014
7.64, 167992
7.83, 167386
8.05, 167221
8.15, 167137
8.45, 166536
8.70, 166521
8.92, 166510
9.06, 166375
9.06, 166104
9.11, 165300
9.19, 164133
9.51, 163552
9.51, 163483
9.70, 162884
9.76, 162687
10.05, 162169
10.06, 161411
10.06, 160996
10.14, 160957
10.25, 160930
10.78, 160797
10.98, 159372
11.04, 158783
11.15, 158069
11.50, 157831
11.70, 157705
12.11, 156537
12.12, 156374
12.51, 156348
12.58, 156038
12.83, 155496
13.20, 155180
13.78, 154330
13.79, 154178
13.90, 154050
15.00, 153550
15.04, 153410
15.08, 152517
15.84, 152299
16.14, 151923
16.42, 151703
16.45, 151350
17.97, 151057
18.06, 150987
18.14, 150674
18.42, 150395
19.68, 150073
19.98, 149754
20.76, 149725
21.78, 149474
21.87, 148467
22.53, 146572
23.26, 146571
23.34, 145710
23.46, 145571
23.73, 144733
24.04, 144694
24.04, 144592
26.65, 144542
28.93, 144113
29.02, 143790
29.84, 143571
30.73, 141865
31.21, 141219
32.29, 140507
32.73, 140489
33.38, 140352
34.43, 140140
35.98, 140069
38.79, 139461
41.02, 139124
44.83, 138951
50.10, 138770
53.41, 138461
57.53, 138402
90.12, 138337
