0.02, 697814
0.02, 676623
0.03, 671068
0.03, 666783
0.03, 655041
0.03, 651513
0.03, 643306
0.03, 641613
0.03, 621528
0.05, 615273
0.05, 613723
0.05, 608229
0.05, 607167
0.05, 597153
0.05, 596150
0.05, 593550
0.06, 589570
0.06, 585488
0.06, 580834
0.06, 577507
0.06, 567083
0.06, 561396
0.06, 558623
0.06, 552685
0.08, 547764
0.08, 542959
0.08, 540393
0.08, 537933
0.08, 530630
0.09, 528572
0.09, 526846
0.11, 526604
0.11, 524397
0.11, 524043
0.13, 522863
0.13, 517452
0.13, 516475
0.13, 512374
0.13, 512362
0.13, 507376
0.13, 503555
0.14, 500540
0.16, 499116
0.16, 498800
0.17, 492728
0.17, 480461
0.17, 473513
0.17, 471742
0.17, 468444
0.19, 466538
0.19, 466245
0.20, 464639
0.22, 462536
0.23, 458865
0.23, 458106
0.25, 454525
0.25, 450124
0.27, 447376
0.27, 440797
0.28, 438196
0.31, 437488
0.33, 435086
0.33, 430260
0.33, 415849
0.33, 413614
0.33, 410707
0.33, 405430
0.34, 402699
0.36, 400625
0.36, 397932
0.38, 397081
0.38, 396203
0.39, 391148
0.41, 390447
0.41, 390109
0.41, 389557
0.41, 380123
0.41, 378911
0.41, 378373
0.42, 376901
0.42, 376584
0.42, 375137
0.42, 374404
0.44, 369904
0.45, 369567
0.47, 369288
0.47, 366950
0.52, 366797
0.53, 365956
0.55, 362756
0.55, 360305
0.55, 358741
0.55, 356128
0.55, 355646
0.61, 355271
0.61, 349266
0.61, 348188
0.64, 345692
0.69, 343876
0.69, 338969
0.70, 336307
0.70, 330795
0.73, 329241
0.75, 328199
0.75, 323893
0.75, 315271
0.75, 315073
0.77, 314854
0.80, 313573
0.83, 312639
0.83, 310730
0.84, 307475
0.86, 304656
0.97, 300880
0.98, 299706
1.00, 298919
1.05, 297153
1.05, 296729
1.09, 295613
1.11, 295237
1.11, 293065
1.13, 289469
1.16, 287920
1.19, 287735
1.20, 286584
1.23, 286028
1.25, 285482
1.27, 282993
1.33, 280247
1.38, 278190
1.38, 277086
1.39, 276372
1.42, 276264
1.50, 274361
1.50, 273063
1.55, 272734
1.58, 270113
1.61, 269837
1.66, 268715
1.67, 268710
1.78, 267413
1.81, 267342
1.84, 266038
1.84, 266003
1.86, 265412
1.88, 265294
1.91, 263081
1.98, 262893
1.98, 262343
2.08, 261852
2.09, 261553
2.09, 261303
2.11, 260711
2.11, 260038
2.13, 259267
2.25, 257540
2.39, 255712
2.55, 254069
2.59, 250703
2.62, 250360
2.70, 249604
2.70, 248708
2.73, 247866
2.73, 247801
2.77, 247220
2.83, 243944
2.83, 240752
2.84, 240117
3.06, 237090
3.06, 236233
3.12, 235357
3.22, 234964
3.30, 232542
3.31, 232313
3.44, 231921
3.66, 228476
3.73, 227061
4.00, 226643
4.14, 225722
4.22, 225319
4.27, 223358
4.30, 223135
4.39, 223021
4.70, 222605
4.73, 222344
4.77, 221575
4.98, 221283
5.00, 220432
5.02, 219822
5.05, 219294
5.06, 218980
5.06, 218518
5.26, 218380
5.26, 215290
5.28, 210825
5.41, 210607
5.45, 208615
5.50, 208188
5.53, 205609
5.58, 205027
5.58, 204680
5.64, 204239
5.64, 204229
5.67, 203736
5.72, 203625
5.97, 203148
6.08, 202424
6.14, 201607
6.25, 201604
6.39, 200857
6.41, 198485
6.41, 195638
6.70, 195305
6.86, 191603
6.87, 191545
7.16, 191534
7.30, 191529
7.33, 190725
7.34, 189050
7.41, 188345
7.48, 188179
7.62, 187799
7.81, 185466
7.83, 185086
8.09, 184914
8.12, 184108
8.56, 183699
8.80, 183117
8.89, 182569
9.19, 180990
9.19, 179397
9.20, 178625
9.20, 178129
9.31, 178017
9.40, 177779
9.42, 177058
9.47, 176923
9.58, 176735
9.59, 176711
9.72, 176633
9.84, 176392
10.72, 176080
10.83, 175989
10.98, 175082
11.15, 174621
11.19, 174198
11.25, 173908
11.34, 173239
11.50, 172507
11.73, 172229
11.81, 171313
12.06, 170752
12.12, 170627
12.20, 168126
12.36, 167859
12.40, 167778
12.45, 167272
12.54, 166517
12.59, 166301
12.89, 164965
13.33, 164839
13.72, 164469
14.03, 164170
14.40, 164004
14.68, 163193
14.95, 162662
15.04, 161545
15.76, 160105
16.59, 160073
17.42, 159842
17.62, 158969
17.86, 158389
18.61, 157493
18.76, 157046
18.82, 157010
19.78, 156899
21.28, 156256
22.76, 155345
23.00, 155302
25.35, 154555
26.12, 154439
26.63, 154429
27.24, 154031
28.18, 153791
29.34, 153788
30.01, 153545
30.20, 153036
32.18, 152535
33.70, 152479
36.84, 152371
37.48, 151827
38.65, 151748
38.99, 151679
41.23, 151504
43.41, 151467
44.15, 151335
47.04, 150256
50.02, 150178
50.50, 150140
54.93, 149841
56.46, 149838
58.96, 149617
59.21, 149580
62.80, 149470
66.00, 149433
66.94, 149092
69.70, 148907
83.12, 146974
88.00, 146178
