0.02, 9052969
0.05, 8704336
0.06, 8684621
0.06, 8581266
0.08, 8562013
0.09, 8507480
0.09, 8441437
0.11, 8406650
0.11, 8293715
0.11, 8142666
0.11, 8060062
0.11, 7928179
0.11, 7900734
0.11, 7736493
0.11, 7544476
0.11, 7507113
0.11, 7467340
0.14, 7434359
0.16, 7423319
0.17, 7421913
0.17, 7411638
0.17, 7400380
0.17, 7341056
0.19, 7137844
0.19, 6950312
0.19, 6894545
0.19, 6875120
0.20, 6838217
0.20, 6680015
0.20, 6655656
0.20, 6640195
0.22, 6616090
0.22, 6531496
0.22, 6468588
0.22, 6455701
0.22, 6273230
0.22, 6050333
0.23, 6030961
0.23, 5970592
0.27, 5945722
0.27, 5941319
0.27, 5878828
0.28, 5852886
0.28, 5831038
0.30, 5803200
0.30, 5719298
0.30, 5701882
0.31, 5648181
0.31, 5644607
0.31, 5529392
0.33, 5510013
0.33, 5492197
0.36, 5482149
0.36, 5480549
0.36, 5466613
0.36, 5446667
0.36, 5406612
0.39, 5335343
0.39, 5276084
0.41, 5251157
0.41, 5249667
0.42, 5242365
0.42, 5242280
0.42, 5240317
0.42, 5236585
0.44, 5227122
0.44, 5226978
0.44, 5226177
0.45, 5121366
0.45, 5084009
0.47, 5080152
0.50, 5004079
0.50, 4981298
0.52, 4973048
0.56, 4963974
0.56, 4955245
0.56, 4948409
0.56, 4925745
0.56, 4898180
0.56, 4896722
0.58, 4894436
0.58, 4892469
0.59, 4873867
0.61, 4809784
0.61, 4744100
0.64, 4730652
0.66, 4708893
0.67, 4708440
0.69, 4636205
0.69, 4635559
0.69, 4629471
0.70, 4601754
0.73, 4597753
0.73, 4587021
0.75, 4530026
0.75, 4517556
0.75, 4491173
0.78, 4449074
0.81, 4436709
0.81, 4327104
0.83, 4308477
0.84, 4285012
0.84, 4080177
0.86, 4039610
0.89, 4039442
0.89, 4038553
0.91, 4034487
0.92, 4010383
0.92, 4003290
0.95, 3981720
0.95, 3961298
0.95, 3930160
0.97, 3916315
0.97, 3896154
0.97, 3838598
1.00, 3830918
1.00, 3788326
1.02, 3722971
1.02, 3663301
1.08, 3638586
1.11, 3631984
1.12, 3586183
1.14, 3540051
1.16, 3539291
1.17, 3491726
1.17, 3479999
1.20, 3462918
1.23, 3460921
1.25, 3454098
1.27, 3421611
1.28, 3411636
1.30, 3408493
1.30, 3402292
1.33, 3401017
1.37, 3365579
1.39, 3357542
1.41, 3350937
1.45, 3333947
1.50, 3332891
1.55, 3308842
1.56, 3286944
1.56, 3276806
1.58, 3262275
1.69, 3261993
1.72, 3260448
1.73, 3256338
1.75, 3243906
1.80, 3227015
1.83, 3212696
1.84, 3211754
1.84, 3170558
1.84, 3167111
1.84, 3141183
1.89, 3136757
1.91, 3125812
1.94, 3113973
1.97, 3110177
1.97, 3109182
2.02, 3108942
2.16, 3100384
2.17, 3097881
2.17, 3076601
2.22, 3075945
2.22, 3055705
2.23, 3053702
2.25, 3052244
2.28, 2958228
2.33, 2944640
2.33, 2903644
2.34, 2898275
2.41, 2892621
2.48, 2889637
2.56, 2878943
2.64, 2867347
2.70, 2862619
2.72, 2829573
2.72, 2827188
2.87, 2826043
2.94, 2824675
2.94, 2759320
2.97, 2759081
3.00, 2758068
3.00, 2719738
3.14, 2712053
3.16, 2703590
3.20, 2700925
3.22, 2686111
3.31, 2664962
3.34, 2664174
3.36, 2653852
3.36, 2641260
3.48, 2640776
3.50, 2603257
3.58, 2600515
3.59, 2594068
3.64, 2567213
3.70, 2562269
3.73, 2562232
3.73, 2542014
3.80, 2540362
3.81, 2540266
3.84, 2534857
4.06, 2523808
4.09, 2522510
4.11, 2508821
4.14, 2496091
4.20, 2487768
4.31, 2463321
4.36, 2459458
4.37, 2455697
4.41, 2437524
4.42, 2405477
4.47, 2405441
4.48, 2403201
4.59, 2376670
4.62, 2375901
4.70, 2367336
4.73, 2367193
4.73, 2364340
4.75, 2361698
4.76, 2305322
4.84, 2302597
4.91, 2301737
4.91, 2298757
4.94, 2294682
5.28, 2291271
5.37, 2283954
5.37, 2279778
5.48, 2275377
5.55, 2275352
5.67, 2274844
5.69, 2273982
5.73, 2245467
5.73, 2244770
5.81, 2237975
5.81, 2229758
5.83, 2223348
5.91, 2190188
5.98, 2185646
6.06, 2185574
6.08, 2184309
6.11, 2178734
6.23, 2177653
6.30, 2176613
6.34, 2176445
6.36, 2173604
6.44, 2171170
6.69, 2168724
6.70, 2154613
6.72, 2154312
6.76, 2138017
6.81, 2121549
6.83, 2114589
6.83, 2113936
6.84, 2112365
7.05, 2111703
7.19, 2101176
7.25, 2081413
7.26, 2078909
7.34, 2067121
7.36, 2065435
7.47, 2054436
7.47, 2051789
7.47, 2051159
7.48, 2050777
7.55, 2048767
7.55, 2045955
7.61, 2014553
7.78, 2008801
7.81, 1970177
7.87, 1968414
7.87, 1966436
7.89, 1956482
7.90, 1951985
8.05, 1948927
8.06, 1944968
8.15, 1944181
8.44, 1942970
8.47, 1925248
8.65, 1924818
8.69, 1915906
8.70, 1915275
8.95, 1914808
9.03, 1914053
9.08, 1912557
9.26, 1911909
9.50, 1911894
9.61, 1906223
9.72, 1904792
9.76, 1889045
9.97, 1888559
10.33, 1886895
10.39, 1885870
10.42, 1885249
10.76, 1885093
10.79, 1880764
10.81, 1876232
10.92, 1874670
11.00, 1874404
11.03, 1867339
11.15, 1857096
11.51, 1856832
12.01, 1856693
12.17, 1856641
12.33, 1856577
12.36, 1852375
12.58, 1851246
12.78, 1849592
12.83, 1849486
12.87, 1834473
12.90, 1828366
13.06, 1822283
13.17, 1812188
13.48, 1799643
14.04, 1798981
14.04, 1796980
14.15, 1790400
14.72, 1789185
14.86, 1788374
15.03, 1787719
15.28, 1778074
15.42, 1776812
15.57, 1743637
15.84, 1739767
15.84, 1733921
16.23, 1657143
16.31, 1657117
16.32, 1656685
16.47, 1656022
16.73, 1654449
17.00, 1636734
17.37, 1632035
17.73, 1627623
17.89, 1627397
17.90, 1619142
18.11, 1617944
18.25, 1614868
18.37, 1614865
18.59, 1614280
18.59, 1614000
18.90, 1612540
19.29, 1606214
20.00, 1602996
20.07, 1582617
21.14, 1558244
21.45, 1558125
21.62, 1539516
21.71, 1539388
22.35, 1534035
22.39, 1533828
22.70, 1529054
22.84, 1526068
22.98, 1525624
23.04, 1525312
23.40, 1525202
25.04, 1525087
25.04, 1524408
26.23, 1524360
26.38, 1523053
26.54, 1505974
26.90, 1502119
27.27, 1477453
28.20, 1476808
28.84, 1475630
28.96, 1473918
29.43, 1472002
29.49, 1471648
31.63, 1436577
31.70, 1435743
32.21, 1425184
33.05, 1425028
33.41, 1424371
34.49, 1405332
34.70, 1400514
35.01, 1398657
35.43, 1394462
35.73, 1394180
36.57, 1392636
36.82, 1390963
38.85, 1390396
40.27, 1389767
40.43, 1389093
40.49, 1388226
42.47, 1386797
42.90, 1382376
43.29, 1382234
43.79, 1381875
44.24, 1373680
44.82, 1373614
45.54, 1372548
49.27, 1370387
49.60, 1369247
50.83, 1369018
53.91, 1368993
54.27, 1368650
55.39, 1364589
56.38, 1364311
64.50, 1363476
65.64, 1362135
68.22, 1362110
68.33, 1361834
70.73, 1357572
72.92, 1356593
77.31, 1356565
77.54, 1351483
78.14, 1351145
81.28, 1349126
90.93, 1348822
91.38, 1348388
96.73, 1348069
98.07, 1346720
101.55, 1346616
113.04, 1328863
115.13, 1328134
116.32, 1327727
117.55, 1326958
119.52, 1326709
