0.00, 9688665
0.02, 9422851
0.02, 9304683
0.03, 9220451
0.03, 9140686
0.03, 9007775
0.05, 8797673
0.05, 8688239
0.05, 8588516
0.05, 8554930
0.05, 8427318
0.05, 8394933
0.06, 8275153
0.08, 8150901
0.08, 8142813
0.08, 8066455
0.08, 7970880
0.08, 7842629
0.08, 7842368
0.09, 7680646
0.09, 7611575
0.09, 7551673
0.09, 7503036
0.09, 7501146
0.09, 7405807
0.09, 7349397
0.09, 7101629
0.11, 7032828
0.11, 7021551
0.11, 7012350
0.11, 7009160
0.13, 6914308
0.13, 6895896
0.14, 6815705
0.16, 6748800
0.16, 6682568
0.19, 6672169
0.22, 6643519
0.22, 6630806
0.22, 6593360
0.22, 6562962
0.22, 6557551
0.22, 6456080
0.22, 6366430
0.25, 6234479
0.25, 6215825
0.27, 6078219
0.28, 6066113
0.33, 6036529
0.33, 6033187
0.33, 6012904
0.33, 6009222
0.33, 6004823
0.33, 6003700
0.34, 6003679
0.36, 5884245
0.36, 5842733
0.36, 5832631
0.36, 5815383
0.36, 5815120
0.36, 5789588
0.38, 5687760
0.38, 5607803
0.39, 5589858
0.39, 5543443
0.39, 5417211
0.41, 5382743
0.41, 5382622
0.41, 5327401
0.42, 5270460
0.42, 5244181
0.42, 5210821
0.44, 5192481
0.44, 5190103
0.44, 5184047
0.44, 5176728
0.44, 5149991
0.45, 5142874
0.45, 5039263
0.45, 5028489
0.47, 4951282
0.49, 4930529
0.49, 4928823
0.50, 4901062
0.50, 4900188
0.50, 4892871
0.50, 4891699
0.55, 4878700
0.56, 4858083
0.56, 4856291
0.56, 4855156
0.58, 4829236
0.58, 4823496
0.59, 4802888
0.59, 4794542
0.59, 4785827
0.61, 4785723
0.61, 4776189
0.64, 4752524
0.64, 4716103
0.67, 4708112
0.67, 4640089
0.67, 4632812
0.67, 4601757
0.67, 4581593
0.69, 4504225
0.70, 4476277
0.72, 4457492
0.74, 4457369
0.74, 4456575
0.75, 4416334
0.77, 4415102
0.77, 4396871
0.77, 4377240
0.77, 4366206
0.78, 4328253
0.78, 4315505
0.80, 4313536
0.81, 4275517
0.88, 4193164
0.91, 4160433
0.92, 4131899
0.92, 4095850
0.94, 4046565
0.94, 4040760
1.00, 3984694
1.00, 3976820
1.00, 3974097
1.02, 3896176
1.02, 3876654
1.03, 3858644
1.03, 3856700
1.05, 3771846
1.05, 3726079
1.05, 3724971
1.06, 3691983
1.08, 3649646
1.11, 3648224
1.11, 3636646
1.13, 3636299
1.14, 3636221
1.14, 3633677
1.17, 3610767
1.17, 3571218
1.19, 3568387
1.20, 3559512
1.20, 3539534
1.22, 3537652
1.22, 3535380
1.25, 3511974
1.25, 3503715
1.25, 3502708
1.27, 3489562
1.27, 3477579
1.33, 3462950
1.33, 3461063
1.34, 3348249
1.34, 3346650
1.36, 3346393
1.38, 3345978
1.38, 3343953
1.38, 3280260
1.38, 3279549
1.39, 3276557
1.42, 3240959
1.42, 3210065
1.44, 3209557
1.47, 3199997
1.48, 3194453
1.48, 3191653
1.55, 3173625
1.56, 3173500
1.59, 3168796
1.61, 3161548
1.64, 3143608
1.66, 3142982
1.67, 3140289
1.70, 3043784
1.75, 3036253
1.84, 2982550
1.98, 2960859
1.98, 2957970
2.02, 2943649
2.02, 2942344
2.03, 2940471
2.03, 2939624
2.05, 2936467
2.06, 2931682
2.08, 2929810
2.08, 2927752
2.08, 2924452
2.08, 2909648
2.09, 2889077
2.13, 2882866
2.16, 2813418
2.17, 2808460
2.20, 2804367
2.23, 2786695
2.27, 2779927
2.27, 2778577
2.28, 2775423
2.30, 2725534
2.31, 2686939
2.38, 2674429
2.56, 2659699
2.59, 2656872
2.84, 2582175
2.94, 2581185
2.95, 2578659
3.00, 2575913
3.08, 2570982
3.09, 2529239
3.11, 2511011
3.14, 2507781
3.22, 2480557
3.25, 2477156
3.25, 2471431
3.27, 2460340
3.42, 2438311
3.48, 2416456
3.55, 2381180
3.59, 2381175
3.61, 2368311
3.62, 2341187
3.67, 2339152
3.69, 2336105
3.70, 2335816
3.77, 2324447
3.83, 2324235
3.83, 2315719
3.84, 2313501
3.89, 2301198
3.97, 2299165
4.14, 2296393
4.22, 2295907
4.36, 2279961
4.55, 2271215
4.61, 2271076
4.66, 2262924
4.70, 2260368
4.72, 2233491
4.72, 2230348
5.14, 2228367
5.22, 2214178
5.89, 2209167
5.95, 2206512
6.17, 2202360
6.20, 2201159
6.22, 2186149
6.39, 2179894
6.42, 2179727
6.55, 2168199
6.62, 2165218
6.66, 2162770
7.14, 2149706
7.20, 2146030
7.31, 2141321
7.31, 2134524
7.41, 2133791
7.44, 2132321
7.44, 2119793
7.56, 2112732
7.58, 2074633
7.92, 2074538
7.94, 2073698
8.00, 2072580
8.01, 2057372
8.05, 2056697
8.08, 2006393
8.16, 2000677
8.23, 2000009
8.23, 1997905
8.31, 1997084
8.36, 1996128
8.36, 1996021
8.55, 1992186
8.61, 1990273
8.61, 1987187
8.76, 1982955
8.84, 1982430
8.87, 1980988
8.87, 1973754
9.00, 1972759
9.01, 1969457
9.58, 1958578
9.58, 1946531
10.03, 1942171
10.06, 1890292
10.31, 1885323
10.31, 1877258
10.33, 1874937
10.53, 1874036
10.73, 1873719
10.75, 1873457
10.78, 1866163
10.90, 1861110
11.05, 1860196
11.15, 1858598
11.30, 1857814
11.44, 1848654
11.48, 1847625
11.76, 1838119
11.76, 1831963
11.79, 1831516
12.17, 1822019
12.25, 1811077
12.25, 1809232
12.56, 1804697
12.69, 1804194
12.76, 1802712
12.86, 1796200
13.31, 1782356
13.36, 1780807
13.39, 1773483
13.47, 1756470
13.58, 1753323
14.11, 1739432
14.11, 1738520
14.15, 1719153
14.36, 1711099
14.68, 1708533
15.01, 1699631
15.22, 1698995
15.33, 1658861
15.47, 1658498
15.72, 1657282
15.76, 1656945
16.04, 1654443
16.29, 1653914
16.31, 1653578
16.34, 1652916
17.23, 1648156
17.47, 1647246
17.62, 1645727
18.56, 1640486
18.89, 1640037
19.26, 1639505
19.48, 1633388
19.61, 1624502
19.84, 1622219
20.20, 1620711
20.53, 1619537
21.01, 1612565
21.09, 1610778
21.34, 1603076
21.50, 1592860
21.51, 1592775
22.43, 1576490
22.46, 1568847
23.04, 1560482
23.23, 1555928
24.01, 1546374
24.09, 1543245
25.10, 1536063
25.96, 1528334
26.28, 1527926
26.56, 1519334
26.59, 1516027
26.64, 1515897
26.87, 1515356
27.49, 1513970
27.82, 1478291
28.43, 1471031
28.63, 1470719
29.07, 1469433
29.95, 1468317
30.02, 1465419
30.04, 1464993
30.43, 1454651
30.46, 1449811
30.51, 1441907
31.20, 1441208
31.57, 1441205
31.62, 1439324
31.81, 1435926
32.26, 1434116
34.70, 1431270
35.10, 1428959
35.16, 1427919
35.85, 1424566
36.77, 1415800
36.96, 1415177
37.84, 1414563
38.01, 1413825
38.76, 1409485
40.15, 1404403
40.57, 1400431
41.96, 1390215
42.37, 1389946
43.79, 1389471
44.51, 1389320
44.66, 1369426
44.80, 1367632
45.07, 1367008
45.93, 1365672
45.94, 1365460
45.97, 1362209
46.24, 1358582
47.57, 1356584
50.13, 1356188
50.43, 1352737
51.16, 1350663
51.49, 1336700
54.69, 1330667
55.03, 1327746
55.32, 1327711
55.91, 1325523
56.19, 1325421
56.60, 1323967
57.61, 1322368
58.25, 1320849
59.89, 1320821
62.33, 1320796
64.80, 1319861
64.94, 1319732
65.20, 1319720
67.42, 1311501
68.38, 1298493
70.22, 1298243
73.30, 1296613
76.67, 1295517
77.95, 1294457
80.51, 1293651
85.28, 1293363
86.31, 1293327
90.82, 1291222
91.96, 1256436
95.57, 1256266
100.38, 1255830
110.05, 1255804
117.36, 1252349
118.29, 1251926
