0.02, 9095239
0.03, 8882075
0.05, 8713917
0.05, 8689083
0.05, 8568489
0.05, 8550889
0.05, 8257764
0.06, 8160578
0.06, 8124468
0.06, 8045603
0.06, 7692731
0.06, 7349232
0.06, 7279278
0.06, 7270986
0.08, 7085738
0.08, 6817098
0.08, 6677673
0.08, 6675022
0.11, 6661449
0.11, 6637391
0.14, 6552782
0.14, 6518018
0.16, 6475234
0.16, 6409845
0.16, 6405765
0.16, 6360943
0.16, 6329696
0.16, 6308766
0.16, 6264553
0.16, 6235222
0.17, 6039740
0.17, 5944366
0.17, 5917931
0.17, 5910386
0.19, 5902244
0.20, 5825812
0.22, 5792597
0.22, 5686038
0.22, 5673494
0.23, 5665013
0.23, 5658376
0.23, 5519723
0.23, 5513781
0.25, 5494082
0.27, 5315243
0.27, 5310475
0.27, 5267398
0.30, 5186241
0.31, 5179323
0.31, 5105947
0.31, 5103353
0.31, 4866911
0.31, 4863153
0.33, 4791748
0.34, 4791207
0.34, 4667457
0.34, 4621046
0.36, 4606193
0.38, 4574920
0.38, 4554236
0.38, 4545260
0.38, 4533225
0.38, 4522577
0.38, 4520840
0.38, 4519185
0.39, 4516625
0.39, 4506750
0.39, 4506656
0.42, 4502547
0.42, 4483311
0.42, 4482498
0.42, 4409935
0.44, 4399402
0.44, 4391837
0.44, 4391752
0.45, 4247669
0.45, 4214942
0.47, 4195539
0.47, 4175039
0.48, 4162095
0.50, 4151005
0.52, 4143768
0.53, 4143731
0.55, 4143558
0.55, 4141362
0.56, 4101047
0.58, 4047314
0.58, 4041568
0.58, 4026988
0.59, 4000395
0.59, 3999803
0.61, 3983265
0.63, 3962949
0.64, 3961863
0.64, 3952386
0.64, 3946980
0.67, 3940256
0.67, 3922586
0.67, 3917674
0.69, 3914692
0.70, 3889246
0.70, 3863341
0.72, 3844208
0.72, 3815762
0.72, 3815067
0.72, 3737290
0.73, 3733326
0.75, 3728675
0.77, 3719427
0.80, 3718572
0.80, 3713137
0.80, 3676206
0.80, 3659542
0.81, 3655611
0.83, 3605851
0.84, 3593585
0.86, 3591237
0.86, 3590772
0.91, 3583088
0.92, 3575133
0.92, 3573868
0.92, 3573011
0.94, 3571521
0.95, 3473205
0.98, 3473079
0.98, 3469166
1.00, 3431580
1.00, 3428922
1.02, 3426859
1.03, 3363241
1.03, 3326625
1.03, 3325718
1.05, 3314510
1.06, 3309005
1.06, 3307758
1.08, 3302547
1.08, 3252896
1.09, 3242920
1.11, 3241294
1.11, 3222461
1.16, 3220410
1.19, 3171293
1.20, 3165986
1.22, 3161756
1.23, 3109020
1.23, 3097427
1.23, 3005253
1.25, 2968373
1.25, 2960661
1.28, 2954740
1.28, 2944250
1.30, 2939707
1.31, 2939550
1.33, 2874907
1.33, 2855920
1.33, 2853504
1.33, 2845201
1.34, 2824712
1.34, 2822855
1.56, 2818608
1.64, 2818474
1.66, 2801516
1.69, 2796134
1.73, 2791419
1.80, 2785622
1.81, 2781691
1.83, 2771951
1.86, 2768122
1.86, 2755555
1.87, 2728478
1.92, 2727916
1.94, 2724402
1.98, 2717937
2.00, 2620766
2.08, 2603431
2.16, 2602454
2.20, 2600852
2.20, 2590459
2.27, 2590320
2.33, 2590319
2.34, 2589090
2.37, 2544022
2.37, 2543270
2.47, 2533803
2.47, 2498488
2.48, 2497951
2.50, 2496321
2.52, 2482081
2.52, 2477293
2.53, 2474629
2.59, 2474282
2.62, 2469823
2.77, 2465646
2.81, 2457877
2.92, 2421293
3.09, 2377980
3.14, 2375301
3.23, 2374538
3.23, 2371429
3.27, 2371044
3.36, 2365923
3.39, 2364791
3.45, 2264239
3.45, 2261288
3.45, 2260915
3.48, 2248730
3.55, 2217522
3.62, 2206908
3.62, 2188257
3.64, 2179177
3.75, 2176727
3.76, 2175084
3.76, 2161542
3.87, 2161128
4.00, 2150013
4.12, 2148012
4.22, 2141844
4.28, 2115729
4.30, 2081853
4.45, 2062219
4.48, 2042535
4.50, 2028798
4.64, 2022322
4.73, 2019215
4.76, 2013182
4.81, 2012400
4.81, 2012265
4.98, 2011091
5.00, 2005929
5.12, 1988883
5.12, 1985970
5.22, 1967047
5.26, 1960598
5.30, 1959402
5.44, 1896239
5.55, 1895796
5.69, 1876024
5.78, 1871916
5.83, 1870069
5.84, 1869095
6.01, 1868110
6.01, 1867989
6.01, 1863650
6.06, 1855874
6.08, 1854864
6.25, 1854684
6.33, 1854493
6.40, 1845539
6.51, 1844129
6.56, 1841358
6.73, 1840586
6.87, 1840541
6.92, 1830629
6.97, 1823392
7.01, 1823171
7.09, 1823145
7.09, 1815105
7.17, 1810274
7.20, 1801061
7.31, 1795983
7.34, 1785166
7.47, 1785055
8.14, 1784093
8.25, 1783956
8.36, 1783291
8.37, 1783082
8.70, 1782976
8.81, 1781830
8.81, 1780430
9.04, 1780340
9.14, 1775832
9.17, 1773521
9.17, 1771331
9.22, 1769250
9.26, 1767883
9.39, 1767720
9.42, 1764042
9.67, 1762370
9.67, 1761938
9.81, 1748257
10.03, 1746621
10.04, 1746444
10.06, 1746277
10.15, 1735765
10.75, 1731185
10.81, 1730157
10.90, 1705176
10.92, 1699954
11.12, 1699198
11.37, 1698215
11.98, 1691577
12.68, 1690676
12.81, 1690351
12.87, 1689063
12.89, 1667201
12.97, 1661321
13.14, 1644103
13.26, 1643765
13.43, 1643398
13.53, 1642275
13.73, 1633506
13.97, 1630632
14.37, 1630172
14.51, 1629412
14.59, 1627203
14.70, 1625364
14.73, 1624779
14.90, 1609025
15.61, 1606065
15.64, 1606034
15.82, 1599486
15.92, 1598825
16.61, 1598704
16.79, 1577294
17.14, 1521298
17.26, 1520114
17.51, 1518645
17.53, 1515403
17.70, 1515244
17.70, 1510312
18.37, 1510237
18.81, 1509617
18.86, 1509580
20.04, 1508372
20.09, 1504126
20.57, 1503384
20.92, 1503009
22.45, 1502796
23.21, 1502079
23.28, 1500927
23.65, 1499239
24.24, 1497928
24.88, 1487722
25.29, 1476449
28.06, 1474580
28.46, 1473942
28.60, 1470768
29.02, 1449696
29.02, 1438919
29.06, 1432979
29.29, 1424796
30.02, 1420375
30.12, 1419126
30.49, 1412662
30.73, 1402176
30.82, 1393917
31.10, 1393097
31.37, 1390489
31.93, 1387529
32.40, 1385674
32.74, 1385263
33.20, 1381925
33.91, 1380580
35.02, 1380163
35.13, 1379167
35.94, 1376741
36.74, 1371859
36.80, 1370418
36.90, 1367271
37.26, 1367185
38.13, 1365183
38.65, 1364975
38.68, 1363731
39.94, 1357860
40.10, 1354305
40.15, 1347736
40.90, 1345358
42.57, 1338805
43.90, 1338648
44.05, 1337464
47.49, 1336768
48.02, 1336100
48.68, 1335947
50.54, 1325366
50.74, 1321873
54.22, 1321477
55.22, 1321319
56.99, 1319864
57.46, 1313655
57.56, 1313650
63.19, 1313007
63.56, 1312256
64.20, 1312094
67.84, 1311892
68.95, 1311687
69.23, 1311502
70.20, 1308730
75.23, 1308650
76.25, 1307030
76.73, 1306152
77.04, 1306111
79.86, 1306015
79.86, 1305639
84.18, 1304683
84.28, 1301953
85.03, 1301857
87.68, 1286425
90.62, 1286054
102.49, 1284881
109.97, 1283815
