0.02, 9404391
0.03, 9286064
0.03, 9204015
0.03, 8843710
0.03, 8653350
0.05, 8569725
0.05, 8388407
0.05, 8312543
0.05, 8309182
0.05, 8277154
0.05, 8277029
0.06, 8054348
0.06, 7831242
0.06, 7765353
0.06, 7730184
0.06, 7620963
0.06, 7586183
0.06, 7542111
0.08, 7374522
0.08, 7370074
0.08, 7361401
0.09, 7340197
0.09, 7295563
0.09, 7288571
0.09, 7227970
0.11, 7185955
0.13, 7105588
0.13, 7068854
0.13, 7064099
0.13, 7040151
0.13, 7001675
0.13, 6987160
0.13, 6796969
0.13, 6732113
0.14, 6701663
0.16, 6618514
0.16, 6587782
0.16, 6573276
0.16, 6532762
0.17, 6527942
0.17, 6454062
0.19, 6400144
0.19, 6351976
0.19, 6290263
0.19, 6219744
0.19, 6052562
0.19, 5983484
0.20, 5944113
0.20, 5879058
0.22, 5840487
0.22, 5819136
0.22, 5671480
0.24, 5556624
0.25, 5534934
0.25, 5483980
0.25, 5476073
0.25, 5452942
0.27, 5439577
0.27, 5400487
0.28, 5393794
0.30, 5379675
0.30, 5364414
0.31, 5346239
0.31, 5318055
0.31, 5305813
0.31, 5265791
0.33, 5200768
0.33, 5197950
0.34, 5130417
0.34, 5118974
0.36, 5104445
0.38, 5077196
0.38, 5003319
0.38, 4923507
0.39, 4900876
0.41, 4856083
0.42, 4849755
0.42, 4825112
0.42, 4823627
0.42, 4806397
0.44, 4797649
0.44, 4797187
0.47, 4745996
0.47, 4742104
0.50, 4732552
0.50, 4710461
0.50, 4707795
0.52, 4707379
0.52, 4704373
0.53, 4662068
0.53, 4627063
0.58, 4623447
0.58, 4470082
0.58, 4444263
0.58, 4367014
0.58, 4366784
0.58, 4361175
0.58, 4317016
0.59, 4297459
0.61, 4145981
0.63, 4141939
0.63, 4141712
0.64, 4111585
0.66, 4066972
0.66, 4063820
0.67, 4049602
0.67, 4044085
0.67, 4014754
0.69, 4009629
0.69, 4002072
0.69, 3993686
0.70, 3772429
0.72, 3722795
0.74, 3706058
0.74, 3683744
0.75, 3675026
0.75, 3636099
0.80, 3632637
0.80, 3602027
0.81, 3529292
0.83, 3520182
0.88, 3505970
0.88, 3496533
0.89, 3491553
0.89, 3486091
0.91, 3481026
0.91, 3473280
0.94, 3463136
0.94, 3419701
0.94, 3400951
0.95, 3384576
0.95, 3382779
0.95, 3381684
0.97, 3376850
0.97, 3358299
0.99, 3292748
0.99, 3290355
1.08, 3252207
1.08, 3218608
1.16, 3211285
1.22, 3211006
1.25, 3205320
1.28, 3161104
1.28, 3129289
1.33, 3117255
1.33, 3114158
1.33, 3111302
1.36, 3092991
1.38, 3073734
1.38, 2982894
1.39, 2976652
1.41, 2921793
1.42, 2853224
1.44, 2850073
1.45, 2829307
1.47, 2654972
1.47, 2651266
1.50, 2650408
1.50, 2639990
1.52, 2595357
1.53, 2594718
1.58, 2545966
1.67, 2506156
1.70, 2497617
1.75, 2495706
1.75, 2488459
1.80, 2486439
1.81, 2482354
1.88, 2481729
1.97, 2471098
1.97, 2467582
2.05, 2463853
2.08, 2459392
2.28, 2459147
2.36, 2458100
2.41, 2454340
2.41, 2449189
2.48, 2447249
2.55, 2440955
2.63, 2434723
2.66, 2418721
2.67, 2375342
2.77, 2374152
2.91, 2366579
3.09, 2363338
3.11, 2361881
3.11, 2347058
3.14, 2344542
3.33, 2344030
3.34, 2338480
3.47, 2328546
3.55, 2323690
3.56, 2323520
3.61, 2318515
3.78, 2318299
3.83, 2297763
3.88, 2294212
3.94, 2282777
3.98, 2279437
4.11, 2275538
4.14, 2267981
4.17, 2240817
4.23, 2240379
4.33, 2238539
4.34, 2237651
4.41, 2235393
4.41, 2222024
4.41, 2220837
4.42, 2199895
4.44, 2196922
4.45, 2172923
4.47, 2170537
4.50, 2161903
4.52, 2157324
4.56, 2144120
4.69, 2121039
5.06, 2120301
5.16, 2116822
5.23, 2102313
5.34, 2091356
5.45, 2089341
5.58, 2084498
5.64, 2083645
5.66, 2079649
5.67, 2078830
5.70, 2078508
5.77, 2074307
5.94, 2064351
6.03, 2046689
6.05, 2026670
6.08, 2024668
6.34, 1983998
6.53, 1983678
6.56, 1976542
6.72, 1975993
6.95, 1967145
7.03, 1962628
7.06, 1961175
7.14, 1956670
7.61, 1956299
7.70, 1955726
7.72, 1950796
7.73, 1949510
7.83, 1949391
7.87, 1939514
7.98, 1939065
8.00, 1937440
8.01, 1936426
8.16, 1935661
8.22, 1934644
8.33, 1925571
8.41, 1924431
8.80, 1917035
9.30, 1912932
9.40, 1910596
9.80, 1909373
9.84, 1850552
10.31, 1850528
10.61, 1850268
10.89, 1847156
11.15, 1839776
11.31, 1831016
11.45, 1830987
11.50, 1814798
11.55, 1810616
11.59, 1810123
11.69, 1806106
13.20, 1803070
13.33, 1803049
13.67, 1802061
13.67, 1781269
14.08, 1768561
14.11, 1746164
14.12, 1744076
14.34, 1743427
14.45, 1726568
14.47, 1724736
14.75, 1724555
15.72, 1708996
15.90, 1701077
16.33, 1700163
16.43, 1689246
16.56, 1689216
16.72, 1679108
16.79, 1662587
17.01, 1661848
17.04, 1660541
17.18, 1659900
17.37, 1659461
17.62, 1652188
18.82, 1650835
18.90, 1644756
19.15, 1641514
19.34, 1641279
19.40, 1632769
19.59, 1624312
19.76, 1624301
20.20, 1623070
20.45, 1622430
20.53, 1622119
20.54, 1620350
20.56, 1619855
20.59, 1619680
20.64, 1606235
20.67, 1600042
21.34, 1599893
21.43, 1580982
21.54, 1578517
21.61, 1572139
21.86, 1564164
22.26, 1562918
22.45, 1562268
22.87, 1561336
23.29, 1560989
23.32, 1526690
23.56, 1526563
23.82, 1526056
24.01, 1525986
24.04, 1524607
24.12, 1524363
24.68, 1515219
25.10, 1513866
25.59, 1511957
27.45, 1470906
27.48, 1466100
28.32, 1465958
28.60, 1465741
29.01, 1447477
30.01, 1446282
30.23, 1446066
30.54, 1443700
30.63, 1443363
30.96, 1442882
30.98, 1442835
31.95, 1442358
32.21, 1442248
32.37, 1438243
33.01, 1437762
34.09, 1435336
34.24, 1434798
35.40, 1434772
35.79, 1434084
36.07, 1431902
36.37, 1431689
36.76, 1411466
37.85, 1393727
37.90, 1393554
38.09, 1382357
38.20, 1379186
38.43, 1372989
38.45, 1365637
38.48, 1351012
40.60, 1350864
41.83, 1347391
42.24, 1345981
42.60, 1343159
43.85, 1333775
44.01, 1331737
44.41, 1325283
46.43, 1325048
46.82, 1300049
49.08, 1298820
51.74, 1297730
51.77, 1297155
52.80, 1297028
53.18, 1290288
54.97, 1284417
56.63, 1284341
56.74, 1284134
65.59, 1284060
68.55, 1280094
68.64, 1279687
69.84, 1274774
75.76, 1259468
89.53, 1254659
96.60, 1248891
99.88, 1248676
102.63, 1246755
