0.02, 9214360
0.03, 8948317
0.05, 8802511
0.05, 8709266
0.05, 8701729
0.05, 8681456
0.05, 8659247
0.05, 8525740
0.05, 8472855
0.06, 8451874
0.06, 8436386
0.06, 8321712
0.06, 8303376
0.06, 8197985
0.06, 8143489
0.08, 8094809
0.08, 7996764
0.08, 7959535
0.08, 7752943
0.08, 7745298
0.08, 7707642
0.09, 7556929
0.09, 7534689
0.09, 7433392
0.09, 7324582
0.09, 7279294
0.09, 7138818
0.11, 7017053
0.11, 6910630
0.13, 6890179
0.13, 6877897
0.13, 6836594
0.13, 6820565
0.13, 6793594
0.13, 6676261
0.13, 6644088
0.16, 6591813
0.16, 6542225
0.20, 6504522
0.22, 6462667
0.22, 6399567
0.23, 6398706
0.23, 6295873
0.23, 6188629
0.23, 6101607
0.23, 6043967
0.27, 6026413
0.30, 6024452
0.30, 5915116
0.30, 5895694
0.30, 5888393
0.30, 5887941
0.31, 5887504
0.31, 5826580
0.31, 5806487
0.31, 5698047
0.31, 5691497
0.31, 5658960
0.31, 5574560
0.31, 5542907
0.33, 5519972
0.34, 5502343
0.34, 5501032
0.34, 5461067
0.36, 5457834
0.36, 5422857
0.36, 5390946
0.36, 5371558
0.36, 5350815
0.38, 5290343
0.38, 5221238
0.38, 5213295
0.39, 5164895
0.39, 5122089
0.39, 5121689
0.42, 5114239
0.44, 5113301
0.44, 5089271
0.44, 5084528
0.45, 5000726
0.45, 4999109
0.50, 4942856
0.50, 4942293
0.50, 4812737
0.52, 4811203
0.55, 4788206
0.55, 4768698
0.55, 4768161
0.55, 4703044
0.55, 4671205
0.55, 4648079
0.56, 4638993
0.58, 4564987
0.58, 4540638
0.61, 4538572
0.66, 4514087
0.67, 4456511
0.67, 4415172
0.75, 4400314
0.77, 4398334
0.77, 4386008
0.77, 4367497
0.77, 4353953
0.77, 4345131
0.77, 4325246
0.80, 4255747
0.80, 4209435
0.83, 4176581
0.84, 4175671
0.84, 4173501
0.84, 4144711
0.84, 4124064
0.84, 4086831
0.88, 4016876
0.88, 4015086
0.89, 3938075
0.91, 3937944
0.91, 3921686
0.91, 3882538
0.92, 3880724
0.92, 3880256
0.92, 3879506
0.92, 3878744
0.95, 3877250
0.95, 3875270
0.95, 3840722
0.97, 3840410
1.00, 3840113
1.00, 3771754
1.00, 3768676
1.02, 3745417
1.03, 3736615
1.05, 3722611
1.09, 3714835
1.13, 3708596
1.13, 3707873
1.13, 3701590
1.13, 3693812
1.13, 3644689
1.14, 3639158
1.14, 3638959
1.14, 3623926
1.14, 3623105
1.17, 3612529
1.17, 3598381
1.17, 3593265
1.17, 3592544
1.19, 3592460
1.20, 3588392
1.23, 3585509
1.23, 3575736
1.27, 3559368
1.28, 3529456
1.30, 3470495
1.31, 3462252
1.39, 3460785
1.41, 3389930
1.41, 3367508
1.45, 3366073
1.47, 3352600
1.47, 3348282
1.47, 3347285
1.47, 3346185
1.48, 3343750
1.48, 3333366
1.50, 3332109
1.50, 3330605
1.50, 3322823
1.52, 3322650
1.52, 3321471
1.52, 3304398
1.53, 3289896
1.55, 3288898
1.55, 3262538
1.56, 3236363
1.56, 3235004
1.56, 3224165
1.58, 3223863
1.59, 3184846
1.59, 3182156
1.59, 3178191
1.59, 3170372
1.61, 3143375
1.64, 3137715
1.64, 3125524
1.64, 3120196
1.66, 3118983
1.67, 3111120
1.70, 3104543
1.70, 3090730
1.72, 3087633
1.77, 3087235
1.84, 3086213
1.86, 3078162
1.88, 3072632
1.94, 3064494
1.94, 3063828
1.95, 3050342
1.95, 2931504
1.97, 2856743
2.00, 2845139
2.03, 2844204
2.09, 2821151
2.11, 2815888
2.17, 2784221
2.20, 2783386
2.20, 2772893
2.25, 2769182
2.28, 2763307
2.30, 2742755
2.33, 2734870
2.34, 2727281
2.36, 2696354
2.42, 2696216
2.42, 2693028
2.44, 2689371
2.44, 2682858
2.45, 2679344
2.47, 2640378
2.48, 2627128
2.50, 2624555
2.55, 2612291
2.61, 2607199
2.62, 2607178
2.62, 2597709
2.64, 2592507
2.66, 2591690
2.72, 2584492
2.73, 2547200
2.77, 2542823
2.84, 2539251
2.86, 2535369
2.95, 2523524
2.98, 2500868
3.02, 2490136
3.09, 2489654
3.12, 2489067
3.25, 2486299
3.25, 2481696
3.33, 2472940
3.50, 2472914
3.50, 2472385
3.52, 2461268
3.53, 2449742
3.55, 2447938
3.59, 2445340
3.64, 2437331
3.86, 2435279
3.89, 2431762
4.08, 2431108
4.16, 2430008
4.19, 2405710
4.22, 2395023
4.30, 2360771
4.30, 2351874
4.42, 2351590
4.44, 2349457
4.45, 2340096
4.50, 2321553
4.55, 2320449
4.56, 2319414
4.62, 2318385
4.67, 2317608
4.72, 2317578
4.76, 2317409
4.83, 2316544
4.84, 2304331
5.00, 2300055
5.08, 2292806
5.09, 2290456
5.11, 2284895
5.17, 2280661
5.17, 2258763
5.41, 2250282
5.42, 2200306
5.47, 2200298
5.56, 2198099
5.58, 2174137
5.64, 2156694
5.64, 2150935
5.69, 2149033
5.91, 2139830
5.91, 2137890
5.94, 2129876
6.08, 2128694
6.11, 2105195
6.12, 2088532
6.12, 2086843
6.17, 2075128
6.19, 2059766
6.48, 2048999
6.50, 2038655
6.53, 2035203
6.59, 2035124
6.69, 1986479
6.70, 1985650
6.70, 1985277
6.78, 1985160
6.87, 1982162
6.89, 1980464
7.06, 1973717
7.11, 1955654
7.16, 1955565
7.22, 1954366
7.23, 1931725
7.25, 1927694
7.28, 1926568
7.36, 1900901
7.55, 1899551
7.56, 1898460
7.84, 1898438
8.05, 1884792
8.58, 1882327
8.69, 1874172
8.76, 1872360
8.87, 1868549
8.97, 1865103
9.01, 1862045
9.14, 1857993
9.33, 1840021
9.42, 1836856
9.72, 1833910
9.75, 1832879
10.15, 1823046
10.37, 1821139
10.50, 1820058
10.70, 1819583
10.72, 1819342
10.90, 1818896
10.97, 1816431
11.04, 1815324
11.33, 1814972
11.47, 1814138
11.51, 1814111
11.70, 1803834
12.12, 1794939
12.20, 1789247
12.33, 1788133
12.79, 1782835
13.48, 1781102
13.76, 1780860
14.00, 1773725
14.08, 1726574
14.15, 1714950
14.17, 1712415
14.18, 1711078
14.51, 1705722
14.59, 1702935
14.65, 1697087
14.95, 1696538
15.18, 1695005
15.43, 1683439
15.68, 1678971
15.89, 1665910
15.90, 1665893
16.00, 1661522
16.12, 1657080
16.34, 1655888
16.43, 1651223
16.45, 1650244
17.04, 1643211
17.56, 1638232
17.70, 1637089
17.79, 1628074
18.06, 1627596
18.07, 1614223
18.14, 1613508
18.36, 1613069
18.67, 1611828
18.95, 1610977
19.03, 1610604
19.32, 1607392
19.53, 1605305
19.89, 1595457
20.70, 1589408
20.73, 1588854
20.85, 1586387
21.54, 1550668
21.68, 1536633
22.23, 1535262
22.26, 1535081
22.56, 1528195
22.95, 1523305
24.07, 1489181
24.26, 1486260
24.90, 1482474
25.12, 1481368
26.51, 1474502
27.42, 1473925
27.53, 1467757
27.76, 1466967
28.32, 1460190
29.43, 1457146
29.56, 1456510
29.56, 1455937
30.02, 1433835
30.20, 1433765
31.18, 1428276
31.21, 1424647
31.23, 1422766
31.49, 1422148
31.54, 1420374
31.59, 1420296
31.59, 1419134
31.98, 1417258
32.56, 1416939
33.35, 1414790
34.96, 1411038
35.07, 1410540
35.71, 1400055
37.66, 1397321
38.32, 1396697
40.35, 1390757
44.69, 1389898
45.68, 1388116
45.94, 1345644
46.26, 1345641
50.58, 1345514
51.10, 1342698
51.77, 1336297
54.25, 1330628
63.45, 1328547
63.84, 1328452
65.20, 1322327
67.09, 1318462
69.23, 1318154
114.83, 1316989
