0.02, 9371240
0.02, 9100468
0.03, 8534586
0.03, 8465435
0.03, 8449782
0.03, 8395032
0.03, 8201206
0.03, 7977228
0.03, 7868137
0.05, 7862946
0.05, 7832761
0.05, 7791000
0.06, 7789138
0.06, 7692030
0.06, 7640820
0.06, 7521578
0.06, 7470735
0.08, 7293730
0.09, 7232307
0.11, 7230969
0.11, 7118651
0.13, 7014374
0.13, 6965170
0.13, 6911486
0.14, 6835475
0.14, 6835180
0.14, 6822804
0.16, 6819594
0.16, 6784402
0.16, 6776530
0.16, 6703864
0.17, 6674904
0.17, 6667965
0.20, 6628149
0.20, 6621720
0.20, 6618145
0.20, 6614377
0.20, 6575282
0.20, 6550800
0.20, 6419274
0.22, 6419191
0.22, 6301200
0.22, 6276896
0.22, 6252142
0.22, 6221391
0.22, 6134162
0.22, 6122235
0.24, 6071398
0.24, 6034789
0.24, 6027553
0.24, 5977594
0.24, 5969047
0.25, 5882601
0.25, 5831081
0.25, 5810258
0.25, 5807271
0.27, 5783937
0.28, 5768006
0.30, 5762121
0.30, 5752886
0.30, 5637458
0.31, 5593933
0.31, 5501273
0.33, 5491002
0.33, 5468252
0.33, 5411367
0.33, 5403901
0.34, 5265175
0.34, 5248173
0.36, 5247887
0.36, 5228973
0.36, 5187489
0.36, 5185894
0.36, 5182404
0.39, 5179593
0.39, 5156718
0.39, 5135249
0.39, 5083717
0.39, 5034007
0.39, 5011792
0.41, 5009970
0.42, 5009847
0.44, 4963967
0.44, 4963203
0.44, 4947936
0.45, 4815958
0.49, 4775161
0.49, 4766806
0.49, 4734175
0.50, 4694205
0.52, 4660955
0.53, 4652957
0.55, 4640952
0.56, 4631242
0.56, 4611810
0.56, 4514399
0.58, 4497005
0.58, 4453620
0.64, 4398251
0.66, 4374601
0.67, 4370698
0.67, 4366296
0.69, 4304136
0.69, 4294629
0.70, 4293884
0.72, 4137909
0.72, 4094831
0.72, 4073364
0.73, 4024954
0.80, 3974605
0.84, 3951998
0.84, 3951842
0.86, 3942959
0.86, 3934240
0.88, 3914347
0.88, 3906352
0.89, 3899331
0.91, 3772182
0.91, 3767526
0.92, 3750037
0.94, 3726562
1.02, 3726135
1.02, 3697323
1.02, 3690336
1.02, 3680734
1.03, 3678208
1.03, 3668959
1.03, 3633890
1.05, 3625619
1.08, 3591573
1.08, 3570365
1.09, 3570220
1.11, 3552753
1.13, 3538066
1.13, 3536399
1.17, 3536341
1.17, 3535098
1.22, 3523585
1.23, 3512954
1.27, 3463390
1.30, 3434671
1.36, 3430264
1.38, 3429589
1.48, 3412397
1.50, 3405052
1.52, 3404816
1.52, 3393839
1.52, 3357487
1.55, 3343588
1.58, 3333678
1.58, 3333553
1.59, 3333494
1.59, 3329935
1.64, 3329498
1.64, 3322789
1.77, 3321041
1.78, 3316276
1.78, 3315464
1.80, 3315446
1.84, 3314721
1.88, 3303141
1.94, 3287360
1.98, 3264855
2.00, 3261287
2.02, 3260279
2.03, 3242125
2.09, 3238948
2.14, 3235084
2.19, 3205627
2.19, 3203313
2.20, 3191737
2.20, 3163193
2.23, 3162674
2.25, 3089643
2.28, 3062983
2.30, 3036020
2.30, 3035989
2.33, 2974785
2.34, 2915936
2.45, 2906983
2.55, 2903978
2.61, 2899241
2.63, 2895843
2.66, 2874073
2.72, 2857234
2.83, 2856195
2.91, 2836657
2.97, 2834986
3.00, 2832514
3.02, 2795763
3.05, 2772403
3.27, 2731935
3.37, 2722226
3.37, 2710829
3.41, 2702067
3.45, 2700406
3.45, 2699912
3.55, 2696618
3.56, 2696053
3.69, 2696006
3.72, 2692657
3.72, 2692451
3.87, 2687443
4.02, 2677969
4.03, 2662133
4.09, 2645066
4.12, 2619782
4.12, 2584003
4.12, 2582601
4.14, 2577606
4.16, 2559051
4.20, 2556449
4.23, 2545839
4.30, 2542896
4.30, 2537926
4.37, 2535736
4.37, 2525493
4.45, 2523917
4.45, 2521337
4.48, 2517586
4.50, 2508494
4.53, 2504194
4.55, 2495876
4.55, 2494834
4.58, 2488633
4.59, 2488449
4.64, 2485712
4.66, 2483411
4.94, 2479538
4.98, 2455908
5.05, 2451159
5.16, 2447615
5.17, 2445579
5.25, 2443919
5.28, 2430341
5.47, 2399948
5.59, 2395910
5.59, 2385025
5.62, 2383969
5.64, 2380052
5.67, 2368933
5.70, 2365143
5.81, 2350519
6.01, 2319398
6.08, 2305512
6.12, 2305143
6.14, 2305142
6.25, 2300292
6.26, 2299673
6.31, 2287072
6.61, 2281770
6.62, 2270741
6.67, 2269926
6.67, 2249463
6.80, 2248294
6.80, 2247060
6.81, 2202654
6.81, 2202463
6.92, 2194860
7.11, 2191218
7.45, 2189200
7.47, 2187221
7.48, 2183331
7.58, 2161941
7.61, 2160082
7.92, 2158215
8.08, 2144795
8.12, 2144550
8.22, 2140203
8.34, 2136886
8.39, 2122267
8.41, 2083766
8.55, 2083602
8.58, 2083594
8.65, 2059425
8.87, 2056635
8.98, 2053490
9.05, 2053225
9.08, 2042327
9.22, 2041153
9.23, 2035110
9.26, 2034731
9.26, 2024264
9.39, 2023196
9.56, 2021963
9.94, 2016593
10.06, 2011314
10.19, 2010330
10.23, 2007279
10.42, 2007229
10.45, 2007092
10.80, 2006523
10.97, 1998694
11.01, 1997904
11.15, 1989094
11.69, 1985397
11.69, 1984149
11.76, 1983936
11.83, 1983657
11.95, 1980334
11.97, 1971390
12.26, 1951347
12.37, 1950951
13.00, 1945389
13.01, 1914926
13.04, 1914315
13.31, 1914162
13.45, 1911604
13.53, 1910057
13.56, 1876072
13.61, 1874075
13.89, 1870249
13.97, 1867364
15.00, 1865505
15.18, 1861729
15.36, 1833250
15.43, 1831672
15.43, 1831314
15.47, 1828974
16.08, 1820792
16.23, 1820168
16.34, 1819813
16.48, 1803660
16.86, 1803343
17.34, 1802845
17.42, 1797282
17.45, 1793584
17.84, 1793447
18.22, 1788773
18.22, 1787056
18.32, 1784378
18.36, 1783209
18.56, 1782954
18.93, 1781929
19.04, 1774098
19.26, 1762794
19.32, 1758662
19.36, 1752236
19.46, 1748473
19.51, 1746637
20.03, 1744575
20.07, 1730127
20.12, 1729487
20.79, 1728805
21.06, 1720252
21.17, 1717112
21.20, 1712814
21.43, 1694680
21.51, 1693387
22.04, 1693285
22.29, 1690341
22.51, 1683455
22.93, 1682244
23.03, 1681947
23.20, 1681943
23.35, 1652007
23.90, 1648484
25.20, 1645779
26.48, 1645525
26.87, 1632562
27.09, 1622682
27.73, 1621311
28.63, 1617035
28.65, 1615314
29.12, 1603514
29.32, 1598998
29.62, 1598602
30.17, 1597312
30.23, 1597275
30.73, 1564693
31.09, 1560825
31.17, 1550137
31.23, 1523461
31.76, 1515693
32.01, 1512429
32.13, 1512157
33.43, 1510657
34.51, 1501399
36.65, 1500145
38.87, 1488675
39.76, 1487262
40.76, 1485118
41.82, 1465765
42.07, 1465166
43.15, 1464906
47.88, 1448751
49.18, 1441092
49.22, 1440875
49.33, 1440300
49.46, 1440181
51.46, 1439918
51.82, 1436053
53.05, 1420473
54.43, 1420227
55.64, 1409668
57.60, 1409526
58.89, 1392799
58.91, 1392215
60.19, 1392026
60.24, 1389015
60.38, 1385257
61.38, 1381242
62.33, 1375392
63.36, 1374289
63.56, 1371594
63.80, 1369812
69.66, 1365235
69.75, 1363867
70.48, 1359984
72.34, 1350236
73.55, 1337687
73.86, 1336479
77.76, 1333076
77.76, 1331926
78.08, 1331081
78.39, 1330701
80.47, 1330321
80.53, 1330320
80.56, 1329768
80.93, 1329719
81.18, 1329341
81.37, 1329061
81.92, 1327678
82.34, 1327255
82.95, 1326523
84.34, 1325232
84.93, 1323874
85.87, 1323787
86.59, 1322056
87.56, 1321430
89.62, 1318640
89.96, 1318116
90.12, 1317434
90.20, 1316432
90.35, 1316328
91.04, 1315710
91.40, 1315426
92.40, 1315256
92.65, 1315156
93.03, 1314536
93.45, 1314505
95.59, 1314334
95.98, 1311207
96.27, 1310748
96.79, 1310391
98.18, 1309183
99.07, 1308064
99.41, 1306363
100.10, 1301558
100.37, 1300623
101.77, 1286542
103.20, 1285417
117.14, 1283081
117.69, 1283046
