0.02, 9364058
0.02, 9279318
0.02, 9117204
0.03, 8807623
0.03, 8756091
0.03, 8671636
0.03, 8609187
0.05, 8606304
0.05, 8433591
0.05, 8425627
0.05, 8302080
0.05, 8262864
0.05, 8200740
0.05, 8169603
0.05, 8145428
0.05, 8021806
0.05, 7895589
0.05, 7890605
0.08, 7870140
0.08, 7806129
0.08, 7781119
0.08, 7760388
0.08, 7713748
0.08, 7660145
0.08, 7604346
0.08, 7473431
0.08, 7442699
0.08, 7376402
0.08, 7355266
0.09, 7349378
0.09, 7232318
0.09, 7231478
0.09, 7158668
0.09, 7104014
0.09, 7077330
0.09, 7039567
0.11, 6988254
0.13, 6987173
0.13, 6954692
0.13, 6946879
0.13, 6826078
0.14, 6794530
0.14, 6703438
0.14, 6663015
0.14, 6657802
0.14, 6637249
0.16, 6400903
0.16, 6358509
0.16, 6238144
0.17, 6206110
0.17, 6162956
0.19, 6162007
0.19, 6119494
0.19, 6119389
0.20, 6092514
0.20, 6088171
0.20, 6073914
0.20, 5984498
0.20, 5961685
0.22, 5907083
0.22, 5861354
0.23, 5853433
0.23, 5850252
0.23, 5790053
0.23, 5608629
0.23, 5592753
0.23, 5484744
0.23, 5472094
0.25, 5464815
0.25, 5429654
0.27, 5415754
0.28, 5238176
0.28, 5161913
0.28, 5142286
0.28, 5127900
0.30, 5089692
0.30, 4924899
0.31, 4906920
0.31, 4878541
0.31, 4847958
0.31, 4816602
0.33, 4804616
0.34, 4760338
0.36, 4724664
0.36, 4713160
0.36, 4659686
0.38, 4641035
0.38, 4640627
0.38, 4620438
0.38, 4543223
0.39, 4514180
0.39, 4487365
0.41, 4444774
0.41, 4439909
0.42, 4366354
0.42, 4351688
0.44, 4348412
0.44, 4311006
0.45, 4297124
0.45, 4288946
0.47, 4283561
0.48, 4251477
0.48, 4248362
0.48, 4232480
0.48, 4226926
0.50, 4223668
0.53, 4221701
0.53, 4201752
0.55, 4103822
0.55, 4102065
0.56, 4068227
0.56, 4048279
0.58, 4045347
0.59, 4029356
0.59, 4028136
0.64, 4012934
0.67, 4006069
0.67, 3965471
0.67, 3951947
0.69, 3946194
0.73, 3935935
0.73, 3935231
0.73, 3904821
0.78, 3901372
0.80, 3896969
0.80, 3852079
0.80, 3843061
0.80, 3842546
0.84, 3830573
0.88, 3720721
0.89, 3720018
0.89, 3701886
0.97, 3699345
0.98, 3645349
1.02, 3623538
1.02, 3581144
1.02, 3574277
1.03, 3556044
1.03, 3555815
1.03, 3543647
1.03, 3542305
1.08, 3534764
1.11, 3534553
1.13, 3532491
1.13, 3497397
1.14, 3492963
1.14, 3483848
1.14, 3480611
1.17, 3439311
1.17, 3420688
1.20, 3410797
1.20, 3404949
1.25, 3377501
1.25, 3376056
1.27, 3368399
1.31, 3348790
1.31, 3315886
1.33, 3305664
1.36, 3301289
1.36, 3295138
1.36, 3186669
1.38, 3180026
1.39, 3171858
1.41, 3169042
1.42, 3162776
1.42, 3161886
1.44, 3127290
1.44, 3113487
1.44, 3083357
1.45, 3080566
1.48, 3067864
1.50, 3029294
1.52, 3026683
1.52, 3025720
1.53, 2980354
1.53, 2970866
1.56, 2965839
1.59, 2958616
1.61, 2926586
1.61, 2913762
1.61, 2892174
1.61, 2888158
1.63, 2887288
1.64, 2880792
1.66, 2865996
1.67, 2865318
1.67, 2864017
1.67, 2860534
1.69, 2859849
1.69, 2858020
1.70, 2856182
1.70, 2853437
1.83, 2852007
1.92, 2802001
1.92, 2744055
1.92, 2710056
1.97, 2680993
2.09, 2676257
2.11, 2669878
2.14, 2661562
2.17, 2659980
2.17, 2653256
2.17, 2650735
2.19, 2649794
2.19, 2646925
2.22, 2645815
2.23, 2621352
2.28, 2616949
2.33, 2600935
2.36, 2600925
2.39, 2589794
2.45, 2589362
2.53, 2536255
2.55, 2528064
2.56, 2500199
2.59, 2494965
2.66, 2493128
2.70, 2480030
2.72, 2458328
2.73, 2456451
2.91, 2456173
2.91, 2454708
2.92, 2451185
2.94, 2450863
2.97, 2450521
3.02, 2429844
3.17, 2418521
3.19, 2417873
3.20, 2409095
3.22, 2393887
3.28, 2391429
3.34, 2379425
3.36, 2378387
3.42, 2377695
3.42, 2372383
3.45, 2371302
3.47, 2360753
3.47, 2360359
3.48, 2356411
3.50, 2356222
3.50, 2351438
3.52, 2322383
3.58, 2293427
3.62, 2257068
3.64, 2254205
3.67, 2245721
3.78, 2243870
3.80, 2215372
3.81, 2215009
3.89, 2210605
3.95, 2204000
4.03, 2167758
4.14, 2150258
4.20, 2144586
4.25, 2127118
4.33, 2125955
4.33, 2125837
4.39, 2104680
4.41, 2100969
4.55, 2082711
4.58, 2058162
4.64, 2055937
4.64, 2055565
4.77, 2050951
4.77, 2049090
4.80, 2048675
4.86, 2016723
4.89, 2010825
5.05, 2009006
5.08, 2008745
5.11, 2005838
5.14, 1999907
5.14, 1999252
5.20, 1997750
5.36, 1992929
5.44, 1990867
5.52, 1990624
5.72, 1986402
5.87, 1977328
5.92, 1961374
5.94, 1957942
6.06, 1957402
6.56, 1952010
6.76, 1935940
6.83, 1935537
7.22, 1929662
7.30, 1926806
7.67, 1922001
7.67, 1921759
7.81, 1913119
7.92, 1894131
8.05, 1882042
8.48, 1874899
8.58, 1874526
8.61, 1859406
8.65, 1858088
8.73, 1850233
8.75, 1846245
8.80, 1841927
8.84, 1840361
8.94, 1811148
9.03, 1809385
9.06, 1807371
9.22, 1807257
9.33, 1781650
9.47, 1779675
9.48, 1779143
10.25, 1767789
10.26, 1767767
10.87, 1763130
11.45, 1744673
11.58, 1742607
11.73, 1728399
11.90, 1717013
11.92, 1701958
11.92, 1700882
11.92, 1700690
12.06, 1700268
12.08, 1676657
12.12, 1676066
12.47, 1670468
12.56, 1666711
12.72, 1665548
12.90, 1665104
13.15, 1664474
13.70, 1664038
14.08, 1663095
14.40, 1625382
14.50, 1624883
14.86, 1624738
15.28, 1623752
15.31, 1620314
15.84, 1619239
15.86, 1617862
16.90, 1613379
17.22, 1590872
17.40, 1590476
17.57, 1589095
17.61, 1587847
17.78, 1586156
17.95, 1584551
18.09, 1584119
18.12, 1583526
18.29, 1582969
18.75, 1581267
18.82, 1581177
19.18, 1580926
19.75, 1577466
19.82, 1576830
20.09, 1576040
20.40, 1575686
20.46, 1565793
22.54, 1561670
22.76, 1561639
22.81, 1553672
24.35, 1542311
24.42, 1541721
25.12, 1540025
25.28, 1539988
25.49, 1539854
25.87, 1539625
26.17, 1526170
26.71, 1509938
26.90, 1509744
27.34, 1509716
27.70, 1505706
29.07, 1495891
29.09, 1492135
29.28, 1491696
29.29, 1483572
29.82, 1483176
30.10, 1482964
31.21, 1467651
32.62, 1462782
35.93, 1462658
36.66, 1462558
36.93, 1461863
36.98, 1461461
38.35, 1461234
38.79, 1455593
39.13, 1446069
40.32, 1441850
40.82, 1441604
46.35, 1441494
48.57, 1440882
54.27, 1440246
54.97, 1440004
56.97, 1435618
72.72, 1434722
74.83, 1429291
75.56, 1429286
75.83, 1428864
77.22, 1425345
79.86, 1424319
81.03, 1423596
82.45, 1422491
82.62, 1422370
84.61, 1422318
91.09, 1420098
92.49, 1411994
92.93, 1411867
94.03, 1409467
96.51, 1397554
96.51, 1391434
96.56, 1391430
98.88, 1388511
99.27, 1388369
99.40, 1388258
101.45, 1383362
102.43, 1383229
104.63, 1383012
106.33, 1382836
115.10, 1378946
116.03, 1378430
116.64, 1375002
117.69, 1372482
118.55, 1370905
