0.01, 4150537
0.01, 3965566
0.01, 3910826
0.01, 3792421
0.01, 3764918
0.01, 3278955
0.01, 3150553
0.03, 3112535
0.03, 2737889
0.04, 2694164
0.13, 2642854
0.15, 2604917
0.18, 2596675
0.30, 2480889
0.57, 2469293
0.85, 2456528
0.99, 2430212
1.26, 2412896
1.53, 2408817
1.81, 2388698
1.81, 2200047
2.08, 2178238
2.35, 2130934
2.62, 2078943
2.90, 2028325
3.17, 2003498
3.44, 1942056
3.70, 1922036
3.97, 1919066
4.24, 1912386
4.51, 1903682
4.77, 1833989
5.04, 1832242
5.31, 1806971
5.57, 1800512
5.84, 1796018
6.11, 1765629
6.37, 1745863
6.64, 1733432
6.90, 1733116
7.16, 1716291
7.43, 1715345
7.69, 1710790
7.95, 1702420
8.21, 1624708
8.48, 1621840
8.74, 1613824
9.00, 1597037
9.25, 1484297
9.52, 1480668
