0.01, 4666610
0.01, 4459207
0.01, 4434475
0.01, 4397960
0.01, 4204207
0.01, 4182380
0.01, 4080741
0.01, 3889118
0.01, 3853514
0.01, 3816731
0.02, 3683868
0.02, 3625965
0.02, 3455938
0.03, 3387509
0.03, 3323587
0.03, 3257340
0.03, 3121187
0.03, 3089765
0.04, 2958421
0.08, 2944636
0.09, 2894320
0.09, 2880917
0.09, 2857360
0.13, 2843810
0.13, 2766374
0.13, 2742195
0.24, 2707512
0.31, 2558941
0.31, 2518867
0.59, 2516331
0.80, 2406482
1.08, 2381483
1.36, 2322711
1.63, 2219046
1.91, 2170718
2.19, 2052814
2.46, 2049977
2.74, 1996539
3.02, 1935927
3.29, 1928477
3.29, 1881145
3.56, 1867492
3.83, 1857331
4.11, 1850126
4.38, 1836667
4.65, 1818019
4.92, 1788007
5.19, 1787448
5.46, 1760988
5.73, 1755824
6.00, 1754619
6.26, 1753219
6.53, 1728713
6.80, 1725859
7.07, 1704937
7.33, 1683147
7.60, 1679558
7.86, 1675637
8.13, 1667560
8.39, 1664237
8.65, 1660908
8.91, 1639757
9.17, 1632530
9.44, 1621225
9.70, 1617155
9.96, 1585495
10.22, 1577215
10.48, 1565950
10.74, 1563715
11.00, 1555548
11.26, 1485313
11.52, 1481322
11.78, 1476420
12.05, 1470501
12.31, 1467594
12.59, 1464273
12.91, 1438912
