0.01, 4775957
0.01, 4564081
0.01, 4436403
0.01, 4353931
0.01, 4279090
0.01, 4055224
0.01, 4024259
0.01, 3963826
0.01, 3948934
0.01, 3943492
0.01, 3937184
0.01, 3921254
0.01, 3764645
0.02, 3588037
0.02, 3531256
0.02, 3483598
0.03, 3393258
0.03, 3342898
0.03, 3330870
0.03, 3325679
0.03, 3225348
0.03, 3166721
0.03, 3154187
0.03, 3137987
0.04, 2990942
0.04, 2965418
0.04, 2963326
0.06, 2827068
0.09, 2662732
0.09, 2565727
0.09, 2516930
0.38, 2488942
0.48, 2454345
0.77, 2450735
0.77, 2443725
0.83, 2436989
1.10, 2353026
1.38, 2332282
1.38, 2328158
1.65, 2191982
1.65, 2168353
1.92, 2158906
2.20, 2155712
2.47, 2118898
2.74, 2105521
3.02, 2089951
3.29, 2060526
3.56, 2059600
3.83, 2053368
4.10, 2023346
4.37, 1970252
4.63, 1935204
4.93, 1920452
5.20, 1919286
5.46, 1875451
5.73, 1870393
5.99, 1853793
6.25, 1821117
6.52, 1814665
6.78, 1800074
7.04, 1791019
7.30, 1759340
7.56, 1754096
7.82, 1741577
8.08, 1736275
8.33, 1735905
8.59, 1691903
8.85, 1570977
9.10, 1569570
9.36, 1569093
9.61, 1556005
9.87, 1518866
10.13, 1516359
10.39, 1513121
10.65, 1511807
10.92, 1503347
