0.01, 4161377
0.01, 4004601
0.01, 3862996
0.01, 3540166
0.01, 3188470
0.01, 3184652
0.01, 3093967
0.01, 3091018
0.01, 3025350
0.03, 2904850
0.04, 2866857
0.06, 2866537
0.06, 2844503
0.07, 2804694
0.07, 2787406
0.08, 2492058
0.08, 2470240
0.19, 2450100
0.47, 2417289
0.78, 2388617
1.07, 2377063
1.34, 2376587
1.62, 2309451
1.89, 2261052
2.16, 2156663
2.43, 2080932
2.70, 2062567
2.97, 2046538
3.24, 2038339
3.51, 2034452
3.78, 2024119
4.05, 2021594
4.32, 2013351
4.58, 1963266
4.85, 1959603
5.12, 1949774
5.39, 1942823
5.65, 1933293
5.92, 1926418
6.18, 1924293
6.45, 1916504
6.71, 1912851
6.98, 1890315
7.24, 1885412
7.51, 1882647
7.76, 1832023
8.03, 1818586
8.29, 1811893
8.55, 1806463
8.81, 1789841
9.07, 1788877
9.33, 1778390
9.59, 1764326
9.85, 1748670
10.11, 1741343
10.37, 1728512
10.62, 1664619
10.88, 1563221
11.14, 1501715
11.39, 1499785
11.64, 1498408
11.90, 1498200
12.15, 1497195
12.40, 1491776
12.65, 1491424
12.91, 1486695
13.17, 1485381
13.43, 1450364
13.67, 1446285
13.92, 1444971
14.17, 1439853
14.43, 1414492
14.69, 1410212
