0.02, 193904
0.02, 187673
0.02, 183211
0.03, 182209
0.03, 181058
0.03, 179756
0.03, 174620
0.03, 174128
0.03, 167357
0.05, 164329
0.05, 162136
0.05, 161493
0.05, 159207
0.06, 158380
0.06, 152764
0.08, 147547
0.08, 146728
0.08, 146589
0.08, 139106
0.09, 137538
0.11, 137078
0.11, 133748
0.13, 130079
0.13, 129766
0.14, 129229
0.16, 129228
0.16, 127661
0.16, 127019
0.17, 125578
0.17, 120032
0.19, 118478
0.19, 118047
0.20, 116956
0.20, 116304
0.24, 115276
0.24, 114154
0.24, 113323
0.24, 112993
0.24, 106998
0.24, 105513
0.25, 103167
0.25, 101878
0.25, 100571
0.28, 98907
0.33, 98431
0.34, 97408
0.36, 96265
0.38, 95549
0.39, 95035
0.39, 94458
0.39, 93902
0.41, 93791
0.41, 92388
0.41, 91876
0.42, 88156
0.42, 87749
0.44, 87558
0.44, 86851
0.45, 86756
0.45, 86439
0.45, 86052
0.49, 84415
0.50, 84309
0.52, 82982
0.52, 82426
0.52, 82393
0.52, 81863
0.52, 81779
0.53, 80877
0.55, 80874
0.55, 79056
0.55, 78398
0.56, 77130
0.61, 76506
0.63, 76234
0.63, 75756
0.64, 75039
0.67, 75005
0.69, 74884
0.77, 74363
0.80, 73498
0.86, 73020
0.88, 72850
0.88, 72139
0.88, 71460
0.88, 70533
0.91, 69892
0.94, 69130
1.00, 68401
1.02, 68356
1.06, 67823
1.06, 67533
1.11, 67171
1.13, 67156
1.27, 66671
1.27, 66531
1.28, 66160
1.33, 65924
1.38, 65419
1.38, 65310
1.41, 65022
1.71, 64983
1.80, 64741
1.83, 64635
1.83, 64302
1.93, 64097
2.10, 63991
2.22, 63746
2.63, 63201
2.66, 62915
2.70, 62897
2.71, 62722
2.74, 61184
2.76, 60912
2.81, 60855
2.81, 60710
2.89, 60328
2.90, 60290
2.93, 59695
3.06, 59618
3.07, 59438
3.18, 59070
3.52, 58154
3.52, 57796
4.09, 57242
4.68, 56403
4.98, 56330
5.64, 56311
5.67, 56014
5.67, 55964
5.70, 55260
6.50, 55025
11.28, 54992
11.53, 54353
11.70, 54319
12.73, 53945
14.71, 53398
20.37, 53222
20.39, 53207
21.71, 53124
23.79, 52921
25.90, 52907
38.77, 52643
