0.02, 190689
0.02, 185869
0.02, 179324
0.03, 168771
0.03, 168510
0.03, 163405
0.03, 158311
0.03, 152101
0.05, 150547
0.05, 146112
0.06, 145392
0.06, 145251
0.06, 145137
0.06, 140236
0.06, 138771
0.06, 136652
0.08, 134892
0.08, 133201
0.09, 130970
0.09, 130729
0.11, 127930
0.13, 127237
0.13, 126266
0.13, 123833
0.13, 122760
0.14, 122243
0.14, 121860
0.14, 120294
0.16, 119285
0.16, 119160
0.16, 118607
0.16, 114800
0.17, 114401
0.17, 114358
0.17, 113967
0.17, 113249
0.17, 112991
0.19, 111058
0.20, 110937
0.22, 108583
0.22, 104599
0.22, 103890
0.22, 102147
0.23, 101402
0.23, 101189
0.23, 100614
0.27, 100428
0.27, 100044
0.28, 98308
0.28, 97687
0.30, 97150
0.31, 97111
0.34, 96963
0.39, 96687
0.41, 96190
0.41, 95809
0.45, 92742
0.48, 92581
0.48, 91702
0.48, 90722
0.50, 90645
0.50, 87973
0.50, 87855
0.53, 87246
0.55, 84920
0.59, 84643
0.64, 83760
0.64, 83749
0.66, 83725
0.67, 83579
0.67, 83446
0.69, 82257
0.69, 81988
0.70, 81423
0.70, 79474
0.70, 79173
0.72, 78918
0.73, 77194
0.75, 76961
0.75, 76410
0.77, 74301
0.77, 73971
0.77, 72731
0.81, 71972
0.81, 71417
0.98, 71389
1.06, 70671
1.08, 69933
1.13, 69838
1.39, 69779
1.41, 69579
1.44, 69479
1.45, 67675
1.61, 67096
1.80, 66189
1.81, 66005
1.84, 65584
1.89, 64929
1.95, 64751
2.03, 64568
2.08, 64350
2.11, 64346
2.14, 63861
2.17, 63751
2.34, 63678
2.89, 63668
3.37, 63564
3.98, 63267
5.20, 62997
5.47, 62625
6.12, 62531
6.14, 61875
6.80, 61624
7.81, 61622
7.86, 61495
8.05, 61287
8.15, 60722
8.17, 60462
8.19, 60355
8.19, 59937
8.73, 59267
9.42, 58968
9.67, 58753
10.31, 58498
10.76, 58112
27.26, 57918
31.68, 57828
31.85, 57664
31.88, 57652
37.45, 57388
45.62, 57279
46.22, 57109
47.32, 57096
47.36, 56906
47.91, 56867
49.64, 56804
50.45, 56799
