0.02, 196148
0.02, 182879
0.03, 182669
0.03, 181375
0.03, 180896
0.03, 177328
0.03, 176749
0.03, 175054
0.05, 171844
0.05, 167986
0.05, 164023
0.05, 157374
0.05, 153514
0.05, 152369
0.05, 151192
0.06, 148027
0.06, 146178
0.06, 137797
0.09, 137784
0.09, 135463
0.09, 134693
0.11, 134416
0.13, 133042
0.13, 131940
0.14, 131624
0.14, 128998
0.14, 128899
0.14, 128657
0.14, 128196
0.14, 125446
0.16, 125108
0.16, 123521
0.16, 120533
0.19, 119999
0.20, 118304
0.20, 116004
0.20, 114635
0.20, 112397
0.20, 111992
0.22, 111281
0.22, 110400
0.22, 109813
0.24, 109744
0.24, 109475
0.24, 109169
0.24, 108955
0.24, 108268
0.25, 102334
0.25, 101493
0.25, 100954
0.28, 100323
0.30, 98067
0.30, 98061
0.31, 97121
0.31, 96520
0.33, 96491
0.36, 96069
0.36, 95443
0.38, 94990
0.42, 94971
0.44, 94739
0.45, 93971
0.48, 92840
0.52, 91882
0.53, 91768
0.56, 89038
0.56, 88972
0.59, 88132
0.59, 87360
0.59, 86646
0.61, 86616
0.61, 86417
0.63, 86242
0.66, 85350
0.66, 85315
0.69, 85025
0.69, 84495
0.72, 83834
0.73, 83831
0.75, 83223
0.75, 82492
0.77, 82437
0.80, 82428
0.81, 81531
0.88, 80906
0.91, 80420
0.91, 80299
1.02, 79602
1.28, 79158
1.44, 78825
1.45, 78228
1.52, 77869
1.52, 77453
1.56, 77125
1.59, 76780
1.59, 76209
1.64, 75836
1.66, 74861
1.67, 74359
1.77, 74213
1.78, 73839
1.88, 73810
1.94, 72982
1.94, 71982
1.94, 71661
1.95, 71564
2.03, 71479
2.09, 71334
2.22, 71254
2.41, 71178
2.45, 70927
2.50, 70690
2.52, 70536
2.67, 70332
2.72, 70145
2.77, 69870
2.84, 69869
2.91, 68828
2.94, 68186
2.97, 67769
3.17, 67361
3.19, 66856
3.41, 66268
3.47, 66199
3.53, 65808
3.61, 63666
3.81, 63511
3.94, 63213
3.95, 62248
4.09, 62193
4.17, 62048
4.50, 61656
4.75, 61505
5.00, 60721
5.00, 59786
5.00, 59529
5.02, 58820
5.02, 58774
5.02, 58350
5.03, 58259
5.06, 57684
5.37, 57494
5.44, 56402
5.84, 55444
6.89, 55394
6.89, 54974
22.76, 54610
22.87, 53934
24.34, 53918
