0.00, 184316
0.02, 171442
0.02, 171377
0.02, 166020
0.02, 165793
0.02, 160577
0.02, 159866
0.03, 156464
0.03, 149346
0.03, 149139
0.03, 147802
0.03, 147319
0.05, 142447
0.05, 140144
0.05, 139184
0.06, 138682
0.06, 138232
0.06, 132392
0.08, 132344
0.08, 132219
0.08, 130141
0.08, 130057
0.09, 128896
0.09, 128689
0.11, 128543
0.11, 127233
0.13, 123111
0.14, 121771
0.14, 120518
0.14, 119545
0.16, 119236
0.16, 119053
0.17, 118665
0.17, 117045
0.19, 115070
0.20, 114588
0.20, 114377
0.22, 114206
0.23, 112348
0.23, 112086
0.25, 111602
0.25, 102553
0.27, 101973
0.30, 101121
0.31, 99974
0.31, 98738
0.31, 98680
0.33, 97347
0.33, 97020
0.33, 96872
0.33, 95947
0.34, 93789
0.34, 91852
0.34, 91355
0.36, 91210
0.36, 90506
0.38, 90060
0.39, 83340
0.41, 82865
0.41, 81509
0.44, 81051
0.45, 80598
0.48, 80540
0.56, 79043
0.56, 79000
0.58, 77948
0.67, 77414
0.69, 77127
0.69, 75808
0.70, 75343
0.70, 74642
0.72, 74615
0.72, 74325
0.78, 74168
0.84, 74094
0.86, 74084
1.33, 73691
1.41, 73348
1.42, 72714
1.45, 72247
1.45, 72169
1.47, 71909
1.50, 71337
1.53, 70221
1.81, 69975
1.83, 69821
1.91, 69643
2.00, 68665
2.08, 68660
2.08, 68536
2.08, 68117
2.12, 67750
2.12, 67552
2.16, 67479
2.16, 67249
2.23, 67158
2.25, 66955
2.27, 66658
2.28, 66585
2.34, 66567
2.39, 66511
2.39, 65903
2.47, 64779
2.48, 64438
2.64, 64393
3.16, 64241
3.34, 63504
4.52, 63411
4.64, 63293
4.67, 63220
5.78, 63176
5.86, 62604
5.89, 62367
5.91, 61767
5.98, 61514
6.12, 61368
6.26, 61091
6.42, 60096
6.56, 59529
6.87, 59011
7.55, 58556
7.72, 58537
7.87, 57737
9.84, 57708
15.13, 56696
16.10, 56691
21.16, 56669
21.39, 56648
24.46, 56424
24.50, 56238
37.69, 55930
37.72, 55895
47.61, 55817
53.18, 55770
