0.00, 179117
0.02, 171911
0.02, 166977
0.03, 166960
0.03, 165540
0.03, 163792
0.03, 160822
0.03, 156323
0.03, 155939
0.05, 153672
0.05, 153386
0.05, 153283
0.05, 140308
0.05, 139258
0.05, 134859
0.06, 134835
0.06, 134188
0.08, 131063
0.08, 130652
0.09, 130176
0.13, 128615
0.13, 127419
0.13, 127358
0.13, 127162
0.13, 124630
0.14, 123523
0.14, 122758
0.14, 119255
0.16, 118199
0.16, 118121
0.17, 117950
0.17, 115368
0.17, 114838
0.17, 111326
0.19, 108823
0.19, 108122
0.19, 105674
0.20, 104929
0.20, 101851
0.20, 101437
0.22, 101338
0.22, 101046
0.22, 99038
0.23, 98916
0.23, 98608
0.23, 97905
0.23, 97741
0.28, 97495
0.28, 97433
0.28, 97220
0.30, 95845
0.31, 95844
0.33, 95527
0.36, 94838
0.39, 93333
0.41, 92103
0.41, 91245
0.42, 90258
0.44, 88930
0.44, 88736
0.47, 87796
0.48, 86825
0.52, 85905
0.55, 85551
0.66, 84940
0.67, 84843
0.67, 82752
0.70, 81740
0.73, 81737
0.75, 81277
0.77, 80576
0.77, 79187
0.81, 78630
0.81, 77918
0.84, 77504
0.87, 77250
0.89, 77043
0.98, 76893
1.02, 76776
1.03, 76660
1.06, 76348
1.08, 76019
1.08, 75217
1.09, 74717
1.11, 74038
1.14, 74019
1.16, 73904
1.17, 73858
1.27, 73131
1.33, 73053
1.45, 72991
1.48, 72443
1.48, 71618
1.50, 71509
1.50, 71505
1.53, 70999
1.59, 70365
1.61, 70280
1.66, 70264
1.66, 70140
1.67, 70054
1.67, 69589
1.70, 67330
1.70, 66183
1.72, 66142
1.75, 65666
1.83, 65067
1.86, 64952
1.87, 64891
1.97, 63817
1.98, 63481
2.02, 63028
3.50, 62460
3.80, 62303
4.44, 62260
4.50, 62087
4.51, 62085
4.64, 61310
4.70, 60992
4.78, 60714
4.84, 60710
4.98, 60452
5.14, 60201
5.16, 59647
5.17, 59644
5.19, 59616
5.28, 59547
5.30, 59413
5.70, 59136
5.72, 58955
7.12, 58584
7.55, 58516
7.72, 58454
8.84, 58395
9.67, 58366
10.28, 58002
10.45, 57855
10.61, 57850
10.84, 57576
12.47, 57125
13.86, 56683
25.11, 56488
25.16, 56486
29.17, 56451
29.83, 56031
29.95, 55882
34.54, 55696
34.68, 55504
35.65, 55490
48.31, 55453
70.14, 55444
70.42, 55292
70.54, 55251
70.68, 54637
112.84, 54444
