0.00, 188815
0.02, 183420
0.02, 171868
0.02, 171259
0.02, 168333
0.02, 167174
0.02, 166042
0.03, 165565
0.03, 164094
0.03, 163602
0.03, 157956
0.03, 153741
0.05, 150492
0.05, 150329
0.05, 150253
0.05, 150030
0.05, 149176
0.05, 144995
0.06, 143454
0.08, 140859
0.08, 139986
0.08, 136102
0.09, 135993
0.09, 135139
0.09, 131481
0.13, 129531
0.13, 128016
0.13, 127409
0.13, 126867
0.13, 126530
0.14, 123733
0.14, 122368
0.16, 121843
0.16, 120960
0.17, 120870
0.17, 118865
0.17, 117646
0.19, 116777
0.19, 115817
0.19, 113725
0.20, 111928
0.20, 109075
0.22, 108705
0.22, 108690
0.22, 108680
0.23, 108500
0.23, 107959
0.23, 106813
0.23, 105284
0.23, 104682
0.23, 101475
0.23, 101433
0.23, 101288
0.23, 100885
0.25, 100231
0.25, 100058
0.28, 99973
0.34, 99657
0.34, 97713
0.34, 96578
0.34, 96492
0.36, 95920
0.36, 95811
0.38, 95770
0.38, 94797
0.41, 94357
0.45, 94216
0.47, 94109
0.53, 93620
0.55, 93082
0.56, 92418
0.58, 91586
0.58, 90646
0.60, 88361
0.60, 88172
0.60, 86634
0.61, 86364
0.63, 86068
0.64, 85460
0.64, 84674
0.64, 84464
0.66, 82997
0.69, 82635
0.69, 82004
0.74, 81508
0.74, 81496
0.78, 81065
0.78, 80774
0.80, 80304
0.83, 78867
0.89, 78627
0.89, 78440
0.91, 78173
0.91, 76117
0.91, 76018
0.92, 75562
0.94, 75529
0.94, 75318
0.95, 75117
0.97, 74752
0.99, 73831
0.99, 73358
1.03, 72823
1.20, 72780
1.25, 72714
1.30, 71277
1.31, 70967
1.35, 70816
1.36, 69868
1.41, 69545
1.47, 68670
1.47, 68538
1.52, 68274
1.61, 68212
1.63, 67684
1.66, 67667
1.75, 67518
1.75, 67327
1.81, 67257
1.83, 66923
1.89, 66650
2.25, 66517
2.36, 66489
2.47, 66012
2.85, 65921
2.91, 65919
2.96, 64527
3.38, 64347
3.57, 64255
3.63, 63292
3.91, 63044
4.22, 62973
4.60, 62907
4.61, 62824
4.79, 62733
4.80, 62316
4.82, 62154
5.80, 61577
5.99, 61266
6.04, 61146
7.00, 60773
7.00, 60618
7.05, 60530
7.22, 60503
7.25, 60205
7.90, 59897
7.94, 59845
7.99, 59724
8.36, 59235
9.47, 59075
9.60, 58189
15.77, 58142
18.33, 57891
30.63, 57845
36.57, 57676
36.96, 57509
39.10, 57499
39.99, 57451
39.99, 57416
40.01, 56660
50.02, 55604
