0.02, 175451
0.02, 170034
0.03, 162465
0.03, 158586
0.03, 156627
0.05, 156445
0.05, 156074
0.05, 155798
0.05, 155116
0.05, 154419
0.06, 153133
0.06, 153080
0.06, 151572
0.06, 148492
0.06, 147712
0.08, 146146
0.08, 146080
0.09, 143221
0.09, 137088
0.09, 136986
0.13, 134897
0.13, 133473
0.13, 133453
0.13, 132537
0.17, 129984
0.19, 129757
0.19, 129595
0.19, 128668
0.20, 127729
0.20, 122904
0.20, 120399
0.20, 119411
0.20, 116528
0.20, 115584
0.20, 114950
0.23, 114437
0.23, 113752
0.23, 112279
0.23, 110674
0.25, 110296
0.25, 109399
0.27, 109229
0.27, 108500
0.27, 106337
0.27, 106049
0.27, 104954
0.28, 104074
0.28, 101733
0.28, 98479
0.30, 97329
0.31, 97118
0.31, 97001
0.33, 96367
0.33, 96361
0.33, 96105
0.38, 95653
0.38, 95626
0.39, 94773
0.39, 93532
0.39, 93130
0.44, 93122
0.44, 90903
0.44, 90662
0.45, 88927
0.53, 88804
0.53, 87418
0.56, 86584
0.56, 86037
0.58, 85952
0.63, 83448
0.66, 82628
0.70, 82060
0.70, 81808
0.73, 81624
0.73, 81196
0.73, 81158
0.77, 80383
0.80, 80345
0.83, 79061
0.83, 77378
0.94, 76986
1.02, 76673
1.11, 76252
1.17, 75947
1.27, 75765
1.30, 75109
1.33, 74547
1.34, 74373
1.36, 73982
1.45, 72995
1.52, 72261
1.52, 72173
1.83, 71882
2.09, 70862
2.36, 69090
2.45, 68426
2.55, 68313
2.56, 68029
2.59, 67164
2.61, 66719
2.63, 65671
2.89, 65661
2.91, 65271
3.05, 65198
3.19, 64982
3.27, 63866
3.39, 63413
3.55, 62818
3.55, 62782
3.91, 62644
4.44, 62616
4.47, 62508
4.56, 62169
4.89, 62077
5.11, 61930
5.14, 61918
5.19, 61620
6.30, 61440
6.33, 61080
6.36, 60236
6.50, 60188
6.63, 60076
6.75, 59755
7.63, 59600
7.67, 59021
8.02, 58692
8.63, 58412
12.05, 58142
12.13, 58119
12.14, 57922
12.45, 57534
17.80, 57223
21.67, 57145
21.67, 56909
21.69, 56273
21.72, 54808
21.72, 54701
74.56, 54396
113.77, 54335
113.88, 54201
