0.01, 197624
0.01, 196086
0.02, 192148
0.02, 186377
0.02, 186367
0.03, 183918
0.03, 177574
0.03, 166362
0.04, 164500
0.04, 162825
0.04, 162455
0.05, 152169
0.05, 150091
0.05, 148873
0.06, 148306
0.08, 147262
0.08, 146369
0.10, 145851
0.10, 142456
0.10, 142194
0.11, 141513
0.12, 140140
0.13, 139583
0.15, 138034
0.15, 137183
0.16, 132881
0.16, 131184
0.17, 128452
0.17, 127583
0.17, 127081
0.18, 126393
0.18, 124466
0.18, 123375
0.20, 122338
0.21, 121652
0.21, 121371
0.21, 121262
0.21, 119279
0.22, 118550
0.22, 116124
0.23, 116063
0.23, 115402
0.23, 113552
0.24, 112033
0.24, 111244
0.24, 110946
0.27, 110750
0.30, 109777
0.30, 108434
0.32, 108352
0.32, 107673
0.33, 106822
0.34, 105422
0.35, 103123
0.35, 102982
0.36, 102853
0.36, 102811
0.36, 102575
0.37, 100929
0.41, 99497
0.43, 99210
0.43, 93701
0.44, 90526
0.45, 88941
0.45, 88424
0.47, 87306
0.48, 87285
0.49, 85618
0.50, 85306
0.50, 85060
0.54, 84383
0.54, 83654
0.59, 83652
0.61, 83427
0.63, 83384
0.66, 82340
0.67, 81107
0.71, 80204
0.92, 80168
0.94, 78270
0.95, 77728
0.99, 77158
1.00, 77118
1.00, 75485
1.05, 75292
1.11, 75284
1.13, 74686
1.13, 74646
1.18, 74291
1.20, 73949
1.26, 73427
1.27, 73262
1.30, 73015
1.32, 72663
1.50, 72535
1.55, 72441
1.57, 71833
1.59, 71642
1.80, 71267
1.87, 71157
1.87, 70902
1.88, 70637
1.98, 70606
2.11, 69539
2.20, 68420
2.33, 68353
2.34, 67991
2.35, 67937
3.62, 67778
4.01, 67482
4.10, 67148
4.63, 67008
5.01, 66941
5.18, 66807
5.22, 65999
5.27, 65012
5.47, 64681
5.53, 64608
5.78, 64365
6.20, 62822
6.25, 62261
6.58, 61867
8.11, 61861
8.79, 61484
8.90, 61330
9.34, 61324
10.22, 61292
10.31, 61261
10.35, 60995
10.76, 60391
10.77, 60040
12.75, 59975
18.38, 59834
20.45, 59637
25.17, 59581
37.26, 59573
37.30, 59050
38.27, 58576
39.25, 58100
40.96, 58097
41.00, 58065
41.01, 58000
41.01, 57834
42.45, 57726
42.81, 57634
51.10, 57127
51.21, 56905
51.21, 56798
52.88, 56770
54.39, 56606
54.39, 56255
57.99, 55732
58.22, 55512
59.01, 55277
59.41, 54734
62.60, 54370
64.51, 54176
64.55, 53401
