0.02, 187775
0.02, 184064
0.02, 170078
0.03, 167614
0.03, 167421
0.03, 167274
0.03, 167078
0.03, 165700
0.05, 165614
0.05, 165219
0.05, 165003
0.05, 163382
0.05, 161540
0.05, 161113
0.05, 157796
0.06, 157316
0.08, 156546
0.08, 153805
0.08, 152595
0.09, 150754
0.09, 149977
0.09, 149932
0.09, 148909
0.09, 147583
0.09, 147546
0.09, 145112
0.09, 144058
0.09, 140895
0.09, 137257
0.11, 136290
0.11, 136268
0.11, 135337
0.11, 134423
0.13, 131340
0.14, 131056
0.14, 129823
0.14, 128288
0.14, 123010
0.14, 120517
0.16, 117800
0.16, 116774
0.16, 116762
0.16, 113131
0.16, 112727
0.16, 110933
0.17, 107542
0.17, 107235
0.19, 105038
0.19, 104753
0.20, 104326
0.20, 101437
0.22, 100707
0.22, 100582
0.22, 94071
0.23, 93992
0.25, 92750
0.25, 92215
0.27, 92119
0.28, 91892
0.30, 91415
0.31, 91352
0.36, 90098
0.37, 89953
0.37, 89827
0.37, 89380
0.37, 89143
0.39, 88856
0.44, 87977
0.44, 87713
0.45, 86198
0.47, 85516
0.48, 84659
0.52, 84655
0.52, 84587
0.53, 82590
0.55, 82197
0.55, 81457
0.66, 81230
0.67, 80635
0.70, 80379
0.72, 79585
0.72, 79221
0.75, 78680
0.77, 78524
0.78, 77074
0.80, 76307
0.81, 76273
0.86, 76181
0.87, 76028
0.91, 75901
0.94, 74025
0.98, 73220
1.02, 73097
1.03, 72156
1.03, 72026
1.07, 71965
1.10, 71583
1.12, 71004
1.24, 69586
1.28, 69392
1.29, 69008
1.48, 68820
1.49, 68544
1.49, 67729
1.63, 67302
1.68, 66832
1.71, 66721
1.73, 66566
2.02, 65813
2.10, 65057
2.13, 65048
2.57, 64977
2.76, 64886
2.92, 64761
3.06, 64604
3.20, 64537
3.25, 64428
3.50, 64080
5.20, 63588
5.43, 63450
5.65, 63009
7.12, 62912
7.19, 62699
7.22, 62455
7.22, 62167
7.28, 61419
7.30, 61321
7.37, 61019
7.37, 60693
8.03, 60645
8.19, 60170
10.00, 60098
10.74, 59679
11.12, 59607
11.18, 58080
11.20, 58013
11.20, 56427
11.20, 56086
11.23, 56015
11.26, 55873
11.46, 55844
12.50, 55831
12.61, 55411
15.18, 54166
