0.00, 189035
0.02, 183277
0.02, 180860
0.02, 176514
0.02, 174741
0.03, 174473
0.03, 174027
0.03, 173064
0.03, 172979
0.03, 167594
0.03, 162810
0.03, 158060
0.05, 157430
0.05, 156680
0.05, 156503
0.05, 156407
0.05, 155045
0.05, 152185
0.05, 150665
0.06, 149745
0.06, 142471
0.08, 139201
0.11, 139185
0.11, 138788
0.11, 136779
0.11, 136742
0.11, 135552
0.13, 135399
0.13, 135127
0.13, 134944
0.13, 133417
0.13, 131867
0.13, 128307
0.13, 127409
0.14, 127313
0.14, 126909
0.16, 126812
0.17, 125663
0.17, 125559
0.17, 125456
0.17, 125125
0.19, 124580
0.19, 123484
0.20, 119578
0.20, 119091
0.20, 118342
0.20, 115187
0.20, 114489
0.20, 114454
0.20, 114072
0.22, 113582
0.22, 110257
0.22, 110117
0.24, 110083
0.25, 108778
0.25, 108047
0.30, 108042
0.30, 107246
0.33, 107195
0.33, 107002
0.33, 106984
0.34, 105145
0.34, 105123
0.34, 104922
0.34, 104143
0.36, 102518
0.38, 101982
0.39, 101887
0.39, 99732
0.39, 98642
0.41, 95814
0.41, 95774
0.41, 94842
0.41, 94625
0.41, 93643
0.41, 93461
0.41, 91509
0.42, 89252
0.45, 88470
0.45, 86959
0.49, 84708
0.52, 83693
0.52, 83509
0.55, 83209
0.55, 82812
0.56, 82761
0.56, 81660
0.58, 81149
0.59, 80813
0.63, 80687
0.64, 80560
0.64, 80252
0.66, 80205
0.66, 78135
0.67, 78114
0.67, 77890
0.67, 77574
0.67, 77539
0.69, 77451
0.70, 76882
0.70, 76468
0.78, 76461
0.99, 76383
1.02, 76091
1.13, 75826
1.14, 75825
1.16, 75558
1.16, 75509
1.17, 75496
1.19, 75455
1.19, 75389
1.20, 74567
1.25, 74538
1.27, 74320
1.31, 73976
1.45, 73961
1.45, 73811
1.48, 73218
1.48, 72599
1.56, 72569
1.95, 72301
2.00, 72287
2.00, 69262
2.06, 68934
2.09, 68714
2.56, 67975
2.59, 67925
2.63, 67635
3.16, 67622
3.38, 67354
3.39, 67232
3.44, 66700
3.44, 66693
3.45, 66637
3.78, 66634
3.81, 65892
3.83, 65325
3.86, 65183
3.86, 64902
3.89, 64327
4.16, 63846
4.17, 62534
4.19, 62103
4.33, 61517
4.34, 60720
4.39, 60527
4.84, 60311
5.02, 59743
5.61, 59452
5.61, 59086
5.61, 59059
5.62, 58948
5.87, 58109
7.00, 57970
10.90, 57892
11.01, 57429
11.84, 56809
11.92, 56651
12.07, 56387
14.35, 55579
41.57, 55435
42.14, 55146
46.58, 55073
66.42, 55055
66.57, 54533
93.01, 54477
93.05, 54235
93.09, 53723
93.12, 53270
