0.02, 180566
0.02, 177148
0.02, 170000
0.03, 166046
0.03, 163998
0.03, 162740
0.03, 160739
0.03, 157913
0.03, 155889
0.05, 155298
0.05, 154917
0.05, 151877
0.06, 143702
0.06, 137978
0.06, 137742
0.08, 137455
0.08, 135192
0.08, 134360
0.09, 132247
0.09, 131118
0.09, 130356
0.11, 129250
0.11, 123272
0.13, 121991
0.13, 121388
0.14, 119156
0.14, 117211
0.16, 116841
0.17, 115372
0.19, 115245
0.20, 114528
0.22, 113630
0.25, 113114
0.25, 113103
0.27, 112210
0.27, 112026
0.31, 111829
0.31, 111015
0.31, 110914
0.33, 108609
0.33, 108144
0.34, 108020
0.34, 107402
0.34, 106496
0.34, 105451
0.36, 104573
0.36, 103020
0.36, 101891
0.36, 100838
0.38, 100185
0.39, 99913
0.39, 99067
0.39, 97759
0.39, 95958
0.41, 95196
0.41, 94364
0.42, 93391
0.42, 93065
0.44, 91312
0.45, 91203
0.47, 89860
0.49, 89407
0.49, 88983
0.52, 88444
0.53, 88217
0.53, 87571
0.55, 85251
0.58, 84507
0.58, 84206
0.59, 83646
0.59, 83482
0.63, 82861
0.64, 79483
0.64, 79376
0.66, 78950
0.66, 78500
0.66, 77425
0.66, 76824
0.66, 76304
0.69, 74644
0.70, 74413
0.72, 74392
0.72, 73757
0.72, 73684
0.75, 72819
0.77, 72790
0.80, 72134
0.89, 71975
0.92, 71709
0.92, 71212
0.94, 70908
1.00, 70894
1.02, 70706
1.05, 70536
1.05, 70416
1.05, 70144
1.19, 69638
1.27, 69550
1.30, 69439
1.39, 68123
1.41, 68088
1.45, 67934
1.47, 67854
1.50, 67631
1.59, 67283
1.61, 67278
1.63, 66985
1.63, 66805
1.66, 66630
1.73, 66251
1.73, 66227
1.78, 65666
1.80, 63636
1.95, 63554
1.98, 62869
2.00, 62546
2.00, 62222
2.00, 62152
2.39, 62088
2.44, 61329
2.47, 61298
3.08, 61024
3.09, 60913
3.14, 60155
3.59, 59968
3.63, 59479
4.33, 59288
4.47, 59079
4.61, 59044
5.20, 58641
5.81, 58251
5.95, 58173
6.55, 57777
7.66, 57738
8.39, 57283
11.81, 57260
12.06, 57240
12.47, 57164
12.50, 57135
12.61, 57131
12.65, 57032
13.59, 56964
14.11, 56949
14.22, 56156
15.42, 55415
15.47, 55113
16.33, 54900
16.34, 54868
16.37, 54462
16.39, 54428
16.50, 53735
17.92, 53467
18.79, 53436
20.72, 53302
21.80, 53275
22.25, 53108
32.39, 53079
