0.01, 199826
0.02, 198083
0.02, 196529
0.02, 195963
0.02, 186556
0.03, 185258
0.03, 185210
0.03, 184057
0.03, 181198
0.03, 174709
0.03, 171434
0.04, 171109
0.04, 170697
0.04, 170144
0.04, 169755
0.04, 157969
0.04, 153673
0.04, 151554
0.05, 150704
0.05, 149246
0.05, 146351
0.06, 137682
0.07, 134174
0.07, 133880
0.08, 133822
0.08, 133547
0.08, 133327
0.10, 132861
0.11, 132563
0.13, 128937
0.13, 128879
0.14, 128776
0.14, 124966
0.15, 122478
0.19, 120495
0.20, 119915
0.22, 118068
0.22, 117361
0.23, 113531
0.23, 113034
0.23, 112278
0.24, 110476
0.24, 107901
0.27, 107457
0.29, 106855
0.30, 104781
0.30, 104595
0.31, 103785
0.31, 102916
0.32, 102821
0.33, 102676
0.35, 95257
0.43, 94491
0.47, 94080
0.48, 94077
0.48, 93520
0.48, 93065
0.48, 92581
0.49, 91736
0.51, 91149
0.54, 88901
0.55, 88603
0.55, 88515
0.56, 87890
0.56, 87664
0.59, 87424
0.61, 87027
0.63, 86600
0.65, 85226
0.67, 85223
0.69, 84706
0.69, 84701
0.71, 84292
0.74, 83531
0.76, 83082
0.77, 82284
0.79, 82239
0.81, 81968
0.82, 81693
0.83, 81511
0.87, 81421
0.97, 80711
0.97, 79055
0.98, 78662
1.03, 77641
1.12, 77403
1.12, 77391
1.12, 77201
1.13, 76041
1.15, 76006
1.30, 75999
1.30, 75614
1.37, 75603
1.40, 75270
1.41, 74673
1.42, 73851
1.43, 73274
1.44, 71319
1.46, 71145
1.49, 70503
1.49, 70432
1.49, 69892
1.51, 69131
1.53, 68446
1.53, 67577
1.58, 64255
1.58, 63891
1.59, 63833
1.61, 63411
1.82, 63242
2.16, 62910
2.20, 62580
2.21, 62571
2.23, 62477
2.25, 61964
2.29, 61903
2.84, 61157
2.88, 60953
3.04, 60695
3.09, 60660
3.28, 60421
3.40, 60204
3.41, 59807
3.74, 59689
3.91, 59549
4.05, 59371
4.06, 59309
4.18, 58359
4.29, 58267
4.45, 58082
4.52, 57951
5.10, 57624
5.19, 57413
5.22, 57169
5.66, 57157
6.57, 56957
8.86, 56887
9.75, 56855
9.80, 56749
11.02, 56645
11.06, 55762
11.15, 55323
11.16, 55240
11.17, 53986
22.99, 53957
35.18, 53928
