0.00, 183673
0.02, 183303
0.02, 181013
0.02, 179060
0.02, 176082
0.03, 173205
0.03, 173093
0.03, 169703
0.03, 161609
0.05, 160480
0.05, 160056
0.05, 159303
0.05, 155489
0.05, 154440
0.05, 142385
0.05, 138298
0.05, 136481
0.05, 132131
0.06, 126580
0.06, 124681
0.06, 120262
0.09, 117583
0.09, 117165
0.09, 116524
0.11, 115917
0.13, 113731
0.13, 113347
0.13, 113332
0.14, 113232
0.16, 111617
0.17, 111387
0.17, 110933
0.19, 109979
0.19, 107025
0.20, 103497
0.20, 103479
0.22, 103410
0.22, 102971
0.22, 102446
0.22, 101575
0.23, 101402
0.25, 100641
0.25, 100616
0.25, 100176
0.25, 96835
0.30, 96464
0.30, 96022
0.30, 95437
0.31, 95196
0.34, 94482
0.36, 92064
0.36, 91549
0.36, 90938
0.41, 90311
0.41, 89987
0.42, 89606
0.42, 89315
0.44, 89203
0.44, 87601
0.45, 87118
0.45, 86282
0.45, 86193
0.45, 86010
0.47, 85629
0.47, 85240
0.47, 84939
0.48, 84115
0.52, 83067
0.52, 79861
0.53, 79078
0.55, 79076
0.55, 78946
0.56, 78646
0.58, 78481
0.61, 77831
0.61, 77010
0.61, 76699
0.67, 76450
0.72, 76428
0.75, 76027
0.77, 75832
0.83, 75215
0.86, 73816
0.91, 73163
1.02, 73028
1.06, 72717
1.09, 72648
1.09, 72049
1.11, 71896
1.11, 71868
1.14, 71718
1.14, 70731
1.16, 70622
1.16, 69643
1.17, 68846
1.22, 66959
1.30, 66238
1.33, 66081
1.33, 65993
1.36, 65973
1.47, 65939
1.48, 65475
1.48, 65441
1.50, 65252
1.50, 64942
1.58, 64616
1.62, 64253
1.70, 64163
1.78, 64096
1.81, 63857
2.05, 63831
2.05, 63080
2.09, 62697
2.94, 62691
3.83, 62452
4.37, 62432
4.97, 62396
5.00, 62356
5.06, 62057
5.19, 61705
5.23, 61657
9.83, 61376
10.12, 61326
10.14, 61187
11.22, 61177
11.56, 61148
11.67, 61095
11.67, 61017
11.79, 60985
11.81, 60725
12.36, 60658
12.45, 60559
12.48, 60002
12.95, 59694
15.61, 59693
17.31, 59444
24.07, 58632
24.10, 58339
26.10, 58121
27.43, 57650
29.24, 57594
31.53, 57488
34.99, 56801
35.45, 56489
35.74, 56454
43.05, 56102
45.72, 55800
63.13, 55763
68.34, 55610
70.75, 55586
73.25, 55483
73.28, 54616
74.01, 54575
76.04, 54110
76.79, 53916
80.98, 53554
81.04, 53473
95.98, 53313
96.03, 53110
101.08, 53096
