0.02, 195793
0.02, 190936
0.03, 175411
0.03, 166601
0.03, 160734
0.03, 155099
0.05, 155034
0.05, 151846
0.05, 151303
0.05, 141315
0.05, 137784
0.06, 137611
0.06, 137573
0.09, 137398
0.11, 136955
0.11, 135935
0.11, 135799
0.13, 135687
0.14, 135254
0.16, 134966
0.16, 134558
0.16, 134442
0.16, 131313
0.16, 127921
0.17, 126315
0.17, 124279
0.19, 122126
0.19, 121885
0.19, 121366
0.19, 119304
0.20, 118261
0.20, 116761
0.20, 116700
0.20, 113504
0.20, 109710
0.22, 109455
0.22, 108784
0.23, 107569
0.23, 107458
0.23, 106744
0.25, 106582
0.27, 105977
0.27, 104835
0.27, 104577
0.28, 103061
0.28, 102500
0.30, 101680
0.30, 100507
0.31, 100410
0.31, 100314
0.33, 99771
0.33, 99168
0.34, 97871
0.36, 97625
0.36, 97390
0.39, 96950
0.41, 96320
0.44, 95895
0.44, 95382
0.47, 94616
0.47, 94514
0.50, 94486
0.50, 93390
0.50, 92722
0.52, 90487
0.52, 89178
0.56, 89050
0.56, 87254
0.63, 87182
0.67, 87123
0.67, 86230
0.69, 85513
0.69, 83802
0.70, 83423
0.72, 83132
0.73, 83041
0.78, 82879
0.80, 82609
0.81, 81873
0.83, 81782
1.09, 81261
1.09, 81113
1.09, 80939
1.14, 80184
1.16, 78974
1.19, 77585
1.23, 77486
1.25, 76393
1.28, 76169
1.28, 76088
1.33, 75876
1.34, 75575
1.36, 75555
1.38, 75502
1.41, 75486
1.42, 74865
1.42, 74030
1.44, 73592
1.44, 72301
1.44, 72283
1.48, 71411
1.48, 70617
1.53, 69730
1.67, 69716
1.69, 69538
1.80, 69420
1.80, 69384
1.80, 69354
1.83, 69324
1.84, 67856
1.92, 67648
1.95, 67041
1.95, 66796
2.08, 65366
2.09, 65059
2.17, 64383
2.19, 63826
2.20, 63603
2.22, 63566
2.22, 63311
2.45, 63165
2.58, 62731
2.58, 62142
2.70, 62132
3.37, 62110
3.39, 62044
3.64, 61946
4.31, 61804
5.03, 61536
5.12, 60648
5.14, 60256
5.23, 59887
5.53, 59811
6.17, 59412
7.26, 58803
7.28, 58782
7.98, 58641
8.12, 58073
8.47, 57949
8.97, 57887
10.81, 57841
12.37, 57712
13.47, 57624
14.51, 57536
14.54, 57166
14.96, 57006
17.41, 56805
18.61, 56652
20.44, 56300
20.58, 56290
21.93, 56183
22.82, 56046
30.08, 55588
30.12, 54752
