0.00, 180183
0.02, 179130
0.03, 179025
0.03, 175062
0.03, 171275
0.03, 166960
0.03, 164931
0.05, 163852
0.05, 162362
0.05, 159148
0.05, 158680
0.05, 158242
0.05, 155083
0.05, 151983
0.05, 151409
0.06, 149282
0.06, 149098
0.06, 146892
0.08, 145965
0.08, 145340
0.08, 142718
0.08, 142390
0.08, 138434
0.09, 134414
0.09, 132092
0.09, 132020
0.11, 132012
0.11, 131614
0.13, 131198
0.13, 131069
0.13, 129861
0.14, 124867
0.14, 124203
0.14, 123493
0.14, 122962
0.16, 121581
0.16, 120333
0.16, 118094
0.16, 116152
0.16, 115862
0.19, 112829
0.19, 112569
0.19, 112485
0.19, 112194
0.20, 109970
0.20, 109459
0.20, 106478
0.20, 106238
0.22, 105864
0.22, 105769
0.22, 104416
0.22, 102931
0.23, 101683
0.23, 100749
0.25, 100167
0.27, 98622
0.27, 97847
0.27, 97745
0.28, 96989
0.28, 96505
0.28, 95736
0.30, 93342
0.30, 92483
0.31, 92362
0.31, 92191
0.33, 92166
0.36, 92021
0.38, 91527
0.41, 91103
0.42, 90813
0.45, 90462
0.48, 89759
0.48, 89272
0.48, 88460
0.50, 88213
0.53, 86925
0.55, 86908
0.58, 84602
0.58, 84134
0.61, 83845
0.64, 83572
0.64, 83354
0.66, 82034
0.69, 81576
0.69, 81545
0.70, 81479
0.70, 80836
0.72, 80829
0.75, 79831
0.75, 79017
0.80, 78933
0.81, 76619
0.81, 76480
0.84, 76443
0.89, 76397
0.95, 76283
0.95, 76193
0.95, 76192
0.97, 76162
1.00, 75542
1.02, 75359
1.02, 75120
1.08, 74598
1.09, 74360
1.13, 73847
1.34, 73664
1.34, 73360
1.34, 72244
1.36, 72130
1.38, 71349
1.42, 71260
1.44, 71102
1.44, 70752
1.73, 70487
1.78, 69671
1.94, 69320
1.98, 69272
2.11, 68759
2.11, 68487
2.12, 68349
2.14, 67318
2.14, 67231
2.20, 67187
2.22, 66760
2.27, 66461
2.33, 66305
2.58, 65919
2.69, 65663
2.72, 64927
2.87, 64891
2.89, 62586
2.89, 62479
2.94, 62202
2.94, 62153
2.97, 61852
3.08, 61792
3.19, 61710
4.14, 61636
4.16, 61128
4.17, 60859
4.59, 60555
4.59, 60070
5.31, 59964
5.31, 59732
5.34, 59246
7.81, 59067
8.61, 59058
8.62, 58368
8.70, 57848
8.72, 57584
9.36, 56796
9.45, 56709
9.65, 56523
10.06, 56229
10.54, 55625
15.08, 55119
15.25, 55104
15.29, 54414
25.46, 54261
31.66, 54237
99.38, 54113
104.89, 54047
