0.00, 189303
0.02, 186996
0.02, 183158
0.02, 179838
0.02, 174617
0.02, 173264
0.03, 167914
0.03, 162163
0.03, 161395
0.03, 159234
0.05, 156949
0.05, 152857
0.05, 149494
0.05, 142029
0.05, 140352
0.06, 139272
0.06, 136740
0.08, 133089
0.08, 131770
0.08, 131705
0.09, 131356
0.09, 130020
0.09, 129325
0.14, 128860
0.14, 127265
0.14, 126952
0.14, 125502
0.14, 123941
0.16, 123698
0.16, 122008
0.16, 117714
0.19, 117078
0.20, 116815
0.20, 116296
0.20, 114289
0.22, 114037
0.22, 112392
0.22, 109031
0.22, 108522
0.22, 106206
0.22, 105994
0.24, 104988
0.25, 104686
0.27, 104365
0.28, 104040
0.28, 102292
0.33, 101014
0.34, 100751
0.34, 99618
0.34, 99089
0.36, 97749
0.38, 97640
0.39, 96998
0.39, 96932
0.39, 96460
0.41, 96344
0.42, 96133
0.42, 95992
0.44, 95119
0.45, 94943
0.45, 94484
0.47, 93087
0.55, 93060
0.55, 92906
0.56, 90998
0.59, 88985
0.61, 88664
0.63, 87491
0.66, 87254
0.67, 87020
0.67, 86581
0.67, 85843
0.72, 85378
0.72, 85345
0.74, 85167
0.80, 85056
0.83, 84953
0.86, 83659
1.09, 83405
1.30, 83384
1.31, 82996
1.55, 82958
1.58, 82536
1.59, 82373
1.63, 79879
1.64, 79737
1.66, 79356
1.66, 78985
1.67, 77522
1.67, 75652
1.77, 75642
1.77, 75289
1.78, 75101
1.81, 73697
1.89, 73605
1.91, 73397
1.91, 73285
1.91, 72412
1.92, 72140
1.95, 71968
1.95, 71762
1.97, 71644
1.98, 70491
2.05, 70217
2.09, 70216
2.11, 67576
2.25, 67525
2.27, 67012
2.34, 66681
2.48, 66105
2.50, 65991
2.61, 65430
2.72, 65289
2.97, 65255
3.14, 64763
3.51, 64466
3.71, 64459
3.75, 64204
3.75, 63140
3.76, 63097
3.81, 62815
4.00, 62807
4.01, 62593
4.20, 62244
4.20, 62208
4.37, 62031
4.39, 61890
4.42, 61401
4.51, 61385
4.51, 60972
4.54, 60562
5.29, 59973
5.51, 59722
7.12, 59595
7.57, 59300
7.60, 59223
8.42, 59163
8.87, 58803
11.09, 58372
11.09, 58294
11.21, 58032
11.28, 57954
14.15, 57801
14.31, 57779
14.35, 57342
16.26, 57259
16.35, 57243
18.16, 57154
20.49, 57099
20.52, 56981
22.04, 56723
22.09, 56688
28.72, 56668
28.74, 56558
28.87, 56554
31.28, 56378
31.51, 55658
32.18, 55547
32.53, 55360
33.54, 54633
33.62, 54593
51.34, 54554
51.39, 54033
51.39, 53819
51.42, 53731
51.45, 53334
52.86, 53272
58.76, 53258
