0.02, 185394
0.02, 180565
0.02, 178462
0.03, 176208
0.03, 174524
0.03, 166402
0.03, 163527
0.05, 158497
0.05, 156597
0.05, 155767
0.05, 155321
0.05, 154165
0.06, 153407
0.06, 152310
0.08, 148238
0.08, 147379
0.08, 146711
0.08, 146225
0.08, 145904
0.11, 145030
0.11, 144868
0.13, 141867
0.13, 136829
0.14, 135957
0.14, 134525
0.14, 134013
0.16, 133981
0.16, 133275
0.16, 131572
0.16, 129991
0.16, 129135
0.16, 127532
0.16, 127504
0.17, 126761
0.17, 124643
0.17, 124621
0.17, 123359
0.17, 119700
0.17, 119086
0.17, 118196
0.19, 118025
0.19, 117240
0.19, 115329
0.20, 114264
0.20, 113667
0.20, 112321
0.22, 111067
0.22, 110472
0.22, 110151
0.22, 108766
0.25, 108709
0.25, 107531
0.25, 107509
0.25, 107000
0.27, 103354
0.27, 101177
0.28, 99500
0.30, 99022
0.30, 98361
0.34, 98015
0.36, 98004
0.36, 97964
0.36, 96853
0.38, 96719
0.38, 93516
0.39, 90002
0.41, 89213
0.41, 87727
0.45, 87362
0.45, 87072
0.48, 87070
0.48, 86796
0.50, 86154
0.52, 85850
0.52, 84614
0.52, 84455
0.52, 82965
0.53, 81498
0.55, 81199
0.55, 80942
0.56, 79408
0.56, 79301
0.61, 78444
0.61, 78369
0.63, 78074
0.64, 77645
0.66, 77024
0.66, 76413
0.72, 76193
0.73, 76061
0.73, 75782
0.73, 74640
0.75, 74141
0.80, 73961
0.80, 73241
0.88, 73185
0.92, 73036
0.94, 72911
1.02, 72716
1.03, 72308
1.06, 71317
1.08, 71262
1.33, 71187
1.48, 71152
1.48, 70730
1.64, 68353
1.69, 68331
1.70, 68136
1.72, 66771
1.72, 66751
1.73, 66566
1.73, 66331
1.86, 66052
2.00, 65980
2.08, 65537
2.08, 64908
2.41, 64572
2.42, 64536
2.52, 64095
2.53, 63506
2.66, 62453
2.84, 61976
3.22, 61528
3.34, 61380
3.50, 61330
3.50, 60600
3.80, 60592
3.83, 60489
3.92, 60221
3.97, 59942
4.03, 59433
4.05, 58729
4.09, 58100
4.11, 57960
5.39, 57507
5.73, 57468
7.65, 57300
7.72, 56684
7.86, 56518
8.23, 56496
8.44, 56010
8.51, 55997
9.42, 55943
9.59, 55914
10.81, 55894
10.86, 55842
11.34, 55736
30.62, 55439
58.90, 54897
61.50, 54477
75.75, 54401
107.35, 54289
113.05, 54035
114.84, 53901
