0.00, 188946
0.02, 186555
0.02, 179757
0.02, 178543
0.02, 169777
0.03, 168137
0.03, 166772
0.03, 162983
0.03, 162521
0.03, 162253
0.03, 156129
0.05, 154752
0.05, 152621
0.05, 151558
0.05, 147915
0.05, 146151
0.06, 146120
0.08, 145041
0.08, 142443
0.09, 142355
0.09, 141741
0.09, 140533
0.09, 139622
0.11, 138933
0.13, 138502
0.13, 137871
0.13, 136769
0.13, 136451
0.14, 136303
0.14, 134369
0.14, 132266
0.14, 130739
0.14, 130104
0.16, 129898
0.16, 129698
0.16, 129660
0.17, 125977
0.17, 122011
0.17, 121299
0.19, 116504
0.19, 115839
0.19, 115592
0.19, 114905
0.19, 114488
0.19, 110014
0.19, 109802
0.19, 109132
0.22, 108863
0.22, 106731
0.22, 105926
0.23, 104725
0.25, 104515
0.27, 104198
0.28, 103729
0.28, 102068
0.28, 101723
0.30, 101334
0.30, 100811
0.33, 100085
0.34, 99967
0.34, 98900
0.36, 95824
0.36, 95299
0.36, 94635
0.36, 94383
0.36, 93707
0.38, 91904
0.38, 91887
0.39, 91813
0.42, 91328
0.44, 89589
0.44, 89294
0.45, 88494
0.45, 88298
0.45, 88097
0.45, 88088
0.45, 88079
0.55, 86657
0.58, 86543
0.58, 85802
0.58, 85272
0.59, 84338
0.61, 84236
0.61, 83762
0.63, 83620
0.66, 83214
0.69, 83072
0.69, 82559
0.70, 82357
0.70, 81665
0.72, 81427
0.72, 81086
0.73, 79887
0.73, 79282
0.77, 79023
0.81, 78639
0.81, 77713
0.81, 77270
0.86, 76474
0.88, 76379
0.88, 76267
0.89, 75759
0.91, 74422
0.97, 74070
0.97, 72853
1.00, 72264
1.17, 71475
1.22, 70793
1.22, 70612
1.22, 70078
1.23, 69584
1.30, 69422
1.34, 68908
1.39, 68814
1.42, 68753
1.47, 68383
1.47, 68343
1.48, 68109
1.55, 67784
1.56, 67254
1.77, 67029
1.77, 66981
1.78, 66332
1.78, 66201
1.89, 65886
1.95, 65842
1.98, 65565
1.98, 65369
2.00, 65336
2.09, 65332
2.27, 64311
2.27, 63650
2.39, 62775
2.39, 62258
2.41, 62065
2.42, 61801
2.48, 61565
2.61, 61544
2.84, 61389
3.22, 61301
3.22, 61173
3.81, 61092
3.95, 60884
4.66, 60869
4.76, 60451
4.84, 59980
4.92, 59128
5.20, 59019
5.23, 58632
5.23, 58230
5.69, 58090
5.75, 57550
6.67, 57500
7.97, 57275
8.17, 57180
8.87, 56869
9.22, 56867
9.31, 56004
10.22, 55999
21.23, 55675
24.14, 55624
24.22, 55471
24.89, 55278
24.89, 55011
25.81, 54843
29.01, 54833
30.09, 54672
65.62, 54659
66.76, 54654
104.14, 54636
104.19, 54114
