0.00, 193216
0.02, 186922
0.02, 180815
0.02, 178877
0.02, 177454
0.03, 174882
0.03, 166113
0.03, 158416
0.03, 158305
0.03, 157779
0.05, 157099
0.05, 154121
0.05, 152374
0.05, 151737
0.05, 151404
0.06, 148409
0.06, 147230
0.06, 146420
0.06, 143900
0.08, 142332
0.08, 140380
0.08, 135001
0.08, 134585
0.09, 134493
0.11, 131509
0.11, 127887
0.13, 127155
0.13, 126884
0.13, 126616
0.13, 125985
0.13, 122555
0.13, 121531
0.14, 121269
0.14, 121227
0.14, 120552
0.16, 117616
0.17, 116696
0.17, 115067
0.20, 114586
0.22, 111379
0.23, 110900
0.27, 109910
0.27, 109865
0.28, 109787
0.28, 108944
0.30, 108738
0.30, 108586
0.30, 108585
0.30, 107366
0.31, 106952
0.33, 106780
0.33, 105587
0.34, 105470
0.34, 104722
0.34, 103532
0.36, 102354
0.38, 99163
0.38, 98854
0.41, 98045
0.42, 96857
0.50, 96765
0.55, 95571
0.55, 95056
0.55, 94644
0.56, 92507
0.56, 91905
0.58, 89612
0.58, 88779
0.58, 88350
0.59, 87593
0.59, 86799
0.61, 86302
0.63, 85700
0.73, 85173
0.73, 85160
0.75, 84982
0.77, 84451
0.77, 83812
0.78, 83806
0.83, 83771
0.83, 81991
0.84, 81242
0.84, 80868
0.86, 80564
0.88, 80482
0.88, 80310
0.89, 80001
0.89, 79698
0.89, 78247
0.89, 77820
0.91, 77621
0.95, 77597
0.95, 77286
1.02, 75702
1.03, 75360
1.05, 75211
1.06, 74568
1.09, 74526
1.13, 74223
1.13, 73641
1.20, 73615
1.22, 72968
1.22, 72098
1.23, 71080
1.38, 70271
1.41, 70205
1.44, 69979
1.44, 69777
1.48, 68286
1.52, 68024
1.52, 67961
1.55, 67674
1.66, 67297
1.70, 67284
1.84, 67117
1.88, 67074
1.89, 66985
2.02, 66322
2.23, 66176
2.23, 65945
2.25, 65427
2.34, 65250
2.59, 65101
2.61, 64616
3.19, 63917
3.36, 63907
3.67, 63704
3.72, 63675
3.75, 63649
4.66, 62998
4.69, 62934
5.28, 62792
6.20, 61515
6.97, 61430
6.98, 60746
7.12, 59955
9.47, 59488
9.59, 59335
9.84, 59253
9.89, 59230
9.94, 58606
10.73, 58499
11.31, 58356
11.42, 58178
14.05, 58115
14.35, 57140
18.71, 57006
46.24, 56890
63.03, 56607
63.05, 56440
63.81, 54940
65.89, 54572
65.91, 53733
67.19, 53618
109.30, 53454
