0.00, 191048
0.02, 179925
0.02, 177977
0.03, 162986
0.03, 152288
0.03, 150232
0.03, 149928
0.03, 149127
0.05, 148908
0.05, 147620
0.05, 142962
0.05, 136290
0.05, 135136
0.05, 134432
0.06, 129139
0.06, 127811
0.08, 126956
0.08, 126822
0.09, 124811
0.09, 124654
0.09, 122595
0.11, 121218
0.11, 120597
0.11, 119514
0.11, 119033
0.12, 117506
0.14, 117383
0.14, 116410
0.16, 113505
0.17, 113273
0.17, 112116
0.19, 111772
0.19, 109809
0.20, 108688
0.20, 107260
0.20, 107252
0.22, 107221
0.22, 106576
0.30, 105777
0.30, 103346
0.31, 103138
0.33, 101028
0.33, 100843
0.33, 100470
0.33, 99719
0.34, 99537
0.34, 98603
0.34, 98332
0.34, 97959
0.34, 97718
0.36, 97480
0.36, 97338
0.37, 96947
0.39, 95829
0.39, 95240
0.39, 95142
0.41, 94732
0.41, 94655
0.41, 93227
0.44, 92742
0.44, 92478
0.44, 92246
0.44, 91935
0.48, 91876
0.48, 91714
0.48, 91548
0.48, 91063
0.50, 90734
0.50, 90269
0.52, 89415
0.53, 88679
0.59, 88560
0.62, 86580
0.62, 86138
0.64, 84662
0.66, 84293
0.66, 83987
0.67, 83598
0.69, 82207
0.69, 82161
0.70, 81656
0.73, 81392
0.77, 81303
0.78, 80709
0.81, 80349
0.83, 79978
0.86, 79931
0.87, 79879
0.87, 79456
0.91, 78555
0.91, 77379
0.92, 76102
0.95, 76084
0.95, 75701
0.98, 74969
1.02, 74850
1.03, 74781
1.05, 74539
1.06, 73460
1.09, 73096
1.19, 72822
1.20, 72469
1.25, 72326
1.25, 72292
1.27, 71983
1.27, 71760
1.33, 70792
1.33, 70543
1.37, 69753
1.39, 69717
1.39, 69055
1.41, 69033
1.45, 68926
1.52, 68849
1.53, 67799
1.56, 67489
1.56, 67197
1.80, 67164
1.83, 67014
1.83, 66977
1.87, 66593
1.89, 65799
1.89, 65679
1.94, 64989
2.25, 64968
2.50, 64918
2.56, 64855
2.58, 64267
2.67, 63948
2.84, 63900
2.87, 63568
3.16, 63516
4.31, 63000
4.53, 62929
4.64, 62846
5.69, 61557
5.84, 61536
6.44, 61167
6.53, 60231
6.69, 60111
7.75, 59573
12.31, 59463
15.10, 59329
23.09, 59248
29.90, 58884
39.93, 58872
40.99, 58852
41.16, 58847
45.88, 58196
48.42, 58034
57.70, 57675
58.81, 57469
58.83, 56755
59.67, 56445
62.09, 56426
62.92, 56283
63.79, 55990
