0.02, 195777
0.02, 194767
0.02, 188814
0.02, 183475
0.03, 182310
0.03, 179204
0.03, 177073
0.03, 172357
0.03, 167912
0.03, 167684
0.05, 166719
0.05, 166665
0.05, 165491
0.05, 165076
0.06, 161105
0.06, 160001
0.06, 156952
0.06, 156751
0.06, 153841
0.08, 153255
0.08, 152061
0.08, 151459
0.09, 150717
0.09, 149767
0.09, 148763
0.09, 147681
0.09, 144758
0.09, 143767
0.09, 136467
0.11, 136209
0.13, 135419
0.14, 134460
0.14, 133765
0.17, 133587
0.17, 128922
0.19, 128622
0.19, 128433
0.19, 126830
0.19, 126163
0.19, 122779
0.20, 120062
0.20, 118839
0.20, 118164
0.20, 115976
0.20, 115703
0.22, 109970
0.22, 109959
0.24, 107654
0.24, 106903
0.27, 106414
0.27, 106056
0.27, 105199
0.28, 104927
0.30, 104666
0.30, 104377
0.31, 102796
0.31, 102242
0.31, 95614
0.31, 95220
0.33, 94671
0.33, 93967
0.33, 93954
0.34, 92713
0.36, 92387
0.36, 91584
0.38, 90817
0.42, 89878
0.42, 89182
0.42, 88393
0.46, 88085
0.48, 87648
0.48, 87394
0.49, 86968
0.51, 86650
0.51, 84872
0.51, 84200
0.53, 84181
0.54, 83139
0.59, 82572
0.59, 82316
0.59, 82209
0.62, 82040
0.62, 81327
0.64, 81210
0.65, 80468
0.65, 80251
0.73, 80015
0.76, 79815
0.81, 78990
0.82, 78495
0.89, 78209
0.89, 77823
0.99, 77777
1.04, 76502
1.14, 76145
1.23, 75562
1.29, 74952
1.34, 74434
1.35, 74042
1.39, 73789
1.43, 72694
1.45, 72599
1.46, 71841
1.46, 71820
1.52, 71753
1.57, 71616
1.58, 71453
1.63, 71437
1.69, 70608
1.71, 70562
1.72, 70204
1.76, 69765
1.80, 69617
1.82, 69201
1.88, 68837
1.93, 68056
2.01, 67672
2.05, 66955
2.12, 66270
2.54, 66268
2.68, 65695
2.84, 65135
3.73, 64316
3.76, 64238
3.82, 63974
3.84, 63791
4.01, 63650
4.31, 63564
4.47, 63500
4.78, 63417
4.80, 63374
4.81, 63324
5.28, 63247
5.45, 63213
5.47, 63169
5.55, 62889
5.84, 62689
6.08, 60603
6.23, 57803
7.55, 57734
8.57, 57621
8.98, 56920
10.02, 56874
11.28, 56830
20.21, 56724
26.28, 56705
27.70, 56524
29.58, 55673
30.15, 55234
32.38, 55208
35.23, 54948
35.98, 54554
39.78, 54540
56.71, 54432
56.82, 54195
57.05, 54130
61.88, 53856
