0.01, 189794
0.01, 178256
0.02, 175787
0.02, 169569
0.03, 168972
0.03, 161741
0.03, 158222
0.03, 152136
0.04, 151639
0.04, 146413
0.04, 145886
0.05, 139956
0.06, 137873
0.06, 137277
0.07, 134524
0.07, 132079
0.10, 131542
0.11, 126058
0.11, 125510
0.12, 123240
0.12, 123063
0.12, 122481
0.12, 121850
0.12, 120653
0.13, 119906
0.13, 119119
0.13, 118300
0.13, 117266
0.14, 117110
0.15, 116069
0.16, 116024
0.17, 115920
0.18, 115466
0.19, 113660
0.20, 113447
0.21, 113181
0.21, 112116
0.22, 111566
0.24, 111355
0.25, 111348
0.25, 110785
0.26, 110550
0.26, 110385
0.26, 109008
0.26, 108905
0.26, 107746
0.27, 107550
0.27, 107460
0.27, 105157
0.29, 104655
0.30, 103987
0.31, 102587
0.35, 101830
0.36, 101776
0.38, 101328
0.38, 101109
0.39, 100774
0.41, 100743
0.45, 100137
0.45, 99983
0.46, 99966
0.47, 98481
0.47, 97913
0.48, 97176
0.49, 96607
0.49, 95510
0.49, 95082
0.51, 94294
0.51, 93527
0.52, 87393
0.53, 86010
0.53, 83129
0.54, 81929
0.55, 81717
0.55, 81020
0.57, 80765
0.57, 80099
0.58, 79733
0.59, 78555
0.59, 78214
0.60, 78197
0.64, 77754
0.66, 77534
0.68, 76734
0.69, 76171
0.69, 76079
0.70, 75765
0.74, 75600
0.78, 75255
0.78, 75204
0.79, 74740
0.80, 74667
0.86, 73615
0.87, 73355
0.90, 73354
0.91, 72216
0.91, 72030
0.92, 71676
0.92, 69638
0.92, 68948
0.95, 68443
0.99, 68381
0.99, 67202
1.01, 67119
1.04, 67031
1.11, 66412
1.12, 65928
1.27, 64672
1.27, 64483
1.27, 64357
1.30, 63891
1.31, 63868
1.32, 63860
1.32, 63595
1.37, 63420
1.40, 63398
1.40, 63245
1.41, 63042
1.43, 62917
1.51, 62620
1.57, 62300
1.74, 62298
1.77, 61930
1.77, 61861
1.80, 61678
1.86, 61616
1.87, 61262
1.89, 60662
1.90, 60033
2.06, 59991
2.22, 59900
2.32, 59827
2.32, 59373
2.69, 58788
3.04, 58716
3.25, 58629
3.34, 58563
3.41, 58145
3.42, 57871
3.53, 57823
3.76, 57360
3.94, 57319
4.89, 56829
4.97, 56813
5.22, 56675
5.25, 56460
5.38, 56458
5.72, 56033
6.26, 55855
14.50, 55702
14.71, 55592
14.75, 55144
23.17, 54863
65.22, 54547
65.39, 54488
68.89, 54336
74.23, 54260
83.55, 54178
83.77, 53885
107.36, 53875
107.49, 53685
