0.01, 974611
0.13, 973315
0.14, 973084
0.15, 972533
0.15, 972127
0.40, 971397
0.47, 971274
1.29, 967228
1.30, 966040
1.35, 965330
1.50, 964386
1.63, 963784
2.31, 963352
2.36, 963060
3.04, 935874
3.04, 935390
3.04, 935352
3.17, 934167
3.17, 932295
3.17, 929508
3.17, 928363
3.52, 923681
3.53, 923197
3.53, 923159
3.73, 921974
3.73, 920102
3.73, 917315
3.73, 916170
3.96, 913931
3.96, 912786
4.38, 904705
4.38, 904221
4.38, 904183
4.58, 902998
4.58, 901126
4.58, 898339
4.58, 897194
6.62, 897120
6.63, 896710
6.63, 896497
6.64, 896305
6.64, 895595
6.65, 894710
6.65, 894300
6.66, 894087
6.70, 893749
6.70, 893536
