0.02, 1857827
0.03, 1856147
0.03, 1855838
0.04, 1855212
0.05, 1854795
0.08, 1854204
0.08, 1853895
0.08, 1853269
0.09, 1852852
0.11, 1852340
0.12, 1851923
0.18, 1851290
0.18, 1850601
0.34, 1849347
0.35, 1848658
0.42, 1848418
0.43, 1847729
0.52, 1844529
0.52, 1843075
0.57, 1842586
0.57, 1841132
0.61, 1840203
0.70, 1837133
0.71, 1835190
0.72, 1834261
0.79, 1834198
0.90, 1828256
0.98, 1825549
1.39, 1824837
1.57, 1823909
1.73, 1823846
1.81, 1817904
1.94, 1815197
2.14, 1814915
2.29, 1812208
3.08, 1812160
3.15, 1811527
3.19, 1810598
3.39, 1809090
3.39, 1803197
3.40, 1801254
3.41, 1800325
3.59, 1800213
3.60, 1794320
3.93, 1793608
4.19, 1792845
4.19, 1790902
4.20, 1789973
4.49, 1789861
4.50, 1783968
4.84, 1780979
5.40, 1779693
6.13, 1774045
6.51, 1771056
6.97, 1770511
7.07, 1767804
7.32, 1767522
7.51, 1764815
8.48, 1764767
8.56, 1764134
8.59, 1763205
8.81, 1761697
8.81, 1755804
8.82, 1753861
8.82, 1752932
9.00, 1752820
9.01, 1746927
9.42, 1745679
9.66, 1745452
9.67, 1743509
9.67, 1742580
9.85, 1742468
9.85, 1736575
10.29, 1733586
11.01, 1732627
11.02, 1730684
11.02, 1729755
11.43, 1729643
11.44, 1723750
12.56, 1723083
12.58, 1722154
12.75, 1719076
12.92, 1718856
13.17, 1716149
15.15, 1714901
15.47, 1714729
15.70, 1714509
16.12, 1712731
16.13, 1711802
16.30, 1708724
16.47, 1708504
16.74, 1705797
17.75, 1705735
18.17, 1705515
18.74, 1702808
19.92, 1701904
20.77, 1701684
21.91, 1699906
21.93, 1698977
22.33, 1695899
22.80, 1695679
23.42, 1692972
27.14, 1692350
27.25, 1689361
28.87, 1686592
31.01, 1674109
31.02, 1672166
31.02, 1671237
31.03, 1665232
31.19, 1663984
31.32, 1663757
31.33, 1661814
31.33, 1660885
31.34, 1654880
31.45, 1651891
33.05, 1649122
36.10, 1648989
36.10, 1648060
36.14, 1642055
37.16, 1639286
379.89, 1636677
383.04, 1635221
383.05, 1632222
4828.15, 1631003
4828.21, 1630765
4828.22, 1627498
4828.27, 1624742
4828.30, 1624424
4828.30, 1621237
5455.17, 1621156
6595.42, 1621006
6600.80, 1618545
6603.36, 1615776
29621.70, 1615603
29622.43, 1614165
29638.55, 1613247
29639.47, 1613156
29640.56, 1612913
29668.38, 1611626
