0.01, 1516848
0.02, 1498535
8.63, 1490606
8.63, 1490103
8.63, 1490096
8.68, 1489771
10.61, 1488587
10.61, 1488084
10.61, 1488077
29.11, 1481751
498.30, 1481183
18834.98, 1464780
18843.43, 1456851
18843.43, 1456348
18843.45, 1456341
18843.62, 1456016
18845.80, 1454832
18845.80, 1454329
18845.80, 1454322
18855.77, 1447996
19090.79, 1447428
42506.13, 1431177
42506.13, 1423248
42506.13, 1422745
42506.13, 1422738
42506.13, 1422413
42506.13, 1421229
42506.14, 1420726
42506.14, 1420719
42506.14, 1414393
42506.14, 1413825
55489.48, 1413333
55489.48, 1405404
55489.48, 1404901
55489.48, 1404894
55489.48, 1404569
55489.48, 1403385
55489.48, 1402882
55489.48, 1402875
55489.48, 1396549
55489.49, 1395981
