0.00, 27383
0.02, 27160
0.02, 26819
0.02, 26811
0.02, 26526
0.02, 25660
0.03, 25338
0.03, 23878
0.03, 22148
0.05, 21855
0.05, 21656
0.05, 21632
0.05, 21611
0.05, 21127
0.05, 20512
0.06, 20221
0.08, 20058
0.08, 19924
0.09, 19515
0.09, 19081
0.09, 18861
0.11, 18705
0.11, 18679
0.11, 18663
0.11, 18535
0.13, 18325
0.13, 18032
0.13, 17851
0.13, 17538
0.14, 17305
0.14, 17179
0.14, 17136
0.14, 17075
0.14, 16930
0.16, 16861
0.16, 16839
0.16, 16809
0.17, 16611
0.17, 16595
0.17, 16351
0.19, 16316
0.19, 15832
0.19, 15805
0.22, 15685
0.23, 15573
0.25, 15141
0.25, 15014
0.27, 14713
0.28, 14513
0.28, 14425
0.28, 14235
0.31, 14113
0.31, 14106
0.31, 14046
0.31, 13868
0.33, 13477
0.33, 13468
0.33, 13408
0.33, 13298
0.33, 13251
0.35, 13119
0.36, 13019
0.36, 13008
0.36, 13007
0.36, 12780
0.36, 12709
0.36, 12653
0.39, 12647
0.44, 12644
0.45, 12598
0.45, 12574
0.47, 12110
0.47, 12055
0.48, 11945
0.50, 11895
0.50, 11832
0.50, 11775
0.50, 11745
0.53, 11740
0.53, 11719
0.55, 11685
0.56, 11636
0.56, 11609
0.58, 11605
0.59, 11600
0.61, 11479
0.61, 11085
0.64, 10736
0.67, 10721
0.70, 10695
0.76, 10654
0.76, 10629
0.76, 10582
0.80, 10500
0.80, 10489
0.81, 10348
0.84, 10265
0.86, 10231
0.86, 10217
0.87, 10158
0.87, 10116
0.92, 10046
1.22, 10038
1.69, 10034
1.72, 9989
1.77, 9987
1.92, 9980
1.94, 9963
2.14, 9907
2.21, 9853
2.22, 9848
2.24, 9796
2.73, 9791
3.09, 9783
3.34, 9720
3.34, 9679
3.36, 9675
3.41, 9533
3.47, 9504
3.52, 9433
3.55, 9416
3.55, 9369
3.60, 9336
3.62, 9315
3.63, 9296
3.77, 9226
3.83, 9210
3.90, 9187
3.94, 9102
3.96, 9090
3.98, 8783
4.36, 8781
4.38, 8706
4.38, 8687
8.73, 8564
11.37, 8561
11.86, 8557
12.03, 8525
15.05, 8498
17.92, 8496
25.09, 8445
48.39, 8430
48.47, 8425
48.50, 8420
56.80, 8419
57.24, 8412
57.53, 8405
58.61, 8392
