0.02, 24704
0.02, 24311
0.03, 23715
0.03, 23642
0.03, 23078
0.05, 23067
0.05, 22929
0.05, 22079
0.05, 21816
0.05, 21651
0.05, 21014
0.06, 20691
0.06, 20293
0.06, 19848
0.06, 19789
0.06, 19752
0.08, 19434
0.09, 19218
0.09, 19215
0.11, 19071
0.13, 18930
0.13, 18900
0.13, 18713
0.13, 18630
0.14, 18429
0.14, 18376
0.14, 18269
0.16, 18096
0.16, 18024
0.16, 17715
0.16, 17668
0.16, 17549
0.16, 17355
0.17, 17350
0.17, 17164
0.19, 17034
0.20, 17020
0.22, 16734
0.23, 16317
0.23, 16277
0.25, 16237
0.25, 16205
0.28, 15699
0.31, 15614
0.33, 15435
0.33, 15414
0.35, 15249
0.36, 14973
0.36, 14754
0.37, 14741
0.37, 14411
0.37, 14386
0.38, 14365
0.38, 14336
0.40, 14009
0.40, 13865
0.41, 13821
0.41, 13814
0.43, 13758
0.49, 13753
0.51, 13667
0.52, 13620
0.52, 13452
0.52, 13429
0.55, 13391
0.55, 13371
0.58, 13352
0.65, 13346
0.65, 13266
0.67, 13235
0.67, 13174
0.70, 13162
0.72, 12697
0.78, 12311
0.79, 12218
0.79, 11980
0.79, 11968
0.93, 11873
0.95, 11651
1.06, 11516
1.07, 11385
1.07, 11382
1.07, 11314
1.11, 11191
1.12, 11134
1.14, 11095
1.14, 11075
1.20, 11067
1.23, 10836
1.39, 10767
1.41, 10751
1.44, 10706
1.47, 10532
1.49, 10477
1.49, 10396
1.50, 10266
1.50, 10262
1.55, 10233
1.56, 10169
1.66, 10135
1.88, 10112
1.97, 10107
1.99, 10102
1.99, 10026
2.06, 9940
2.11, 9930
2.13, 9925
2.14, 9920
2.30, 9887
2.34, 9868
2.35, 9815
2.45, 9808
2.51, 9613
2.73, 9606
2.80, 9526
2.91, 9404
2.93, 9403
2.99, 9402
3.40, 9258
3.90, 9241
3.91, 9217
3.91, 9216
3.93, 9193
3.97, 9076
4.19, 9057
4.34, 9028
4.36, 9013
4.37, 8934
4.58, 8887
4.58, 8862
4.80, 8833
4.87, 8805
5.05, 8675
5.34, 8652
5.43, 8617
5.45, 8611
5.48, 8607
8.95, 8294
8.98, 8290
10.45, 8266
10.88, 8265
10.96, 8263
11.47, 8248
13.62, 8232
