0.02, 26095
0.02, 25711
0.02, 24697
0.03, 24626
0.03, 24602
0.03, 24546
0.03, 23861
0.03, 23836
0.03, 23399
0.03, 23029
0.03, 22815
0.05, 22762
0.05, 21707
0.05, 21523
0.06, 21219
0.06, 20202
0.08, 20170
0.08, 19776
0.08, 19755
0.08, 18683
0.08, 18454
0.09, 18215
0.11, 18200
0.11, 17797
0.13, 17664
0.13, 17590
0.14, 17578
0.14, 17493
0.14, 17478
0.16, 17472
0.16, 17419
0.16, 16939
0.17, 16908
0.17, 16644
0.17, 16628
0.17, 16507
0.17, 16492
0.19, 16208
0.19, 16169
0.21, 16000
0.21, 15974
0.21, 15788
0.22, 15545
0.23, 15316
0.24, 15213
0.24, 15178
0.29, 15137
0.29, 15014
0.32, 14860
0.32, 14855
0.33, 14813
0.33, 14742
0.33, 14519
0.38, 14234
0.40, 14218
0.43, 13765
0.54, 13575
0.54, 13256
0.54, 13246
0.55, 13188
0.58, 13046
0.58, 12978
0.60, 12840
0.60, 12662
0.60, 12611
0.62, 12605
0.62, 12442
0.63, 12433
0.63, 12368
0.63, 12250
0.65, 12204
0.65, 12184
0.66, 12056
0.71, 11801
0.71, 11781
0.82, 11778
0.82, 11775
0.87, 11701
0.88, 11594
0.88, 11544
0.91, 11516
0.93, 11492
1.07, 11458
1.08, 11426
1.08, 11307
1.10, 11306
1.10, 11252
1.10, 11071
1.11, 10980
1.15, 10903
1.16, 10841
1.16, 10836
1.18, 10811
1.20, 10729
1.20, 10533
1.20, 10380
1.21, 10350
1.24, 10289
1.29, 10250
1.31, 9986
1.37, 9972
1.52, 9903
1.54, 9826
1.60, 9692
1.60, 9657
1.62, 9651
1.65, 9529
1.66, 9504
1.66, 9495
1.69, 9452
1.72, 9447
1.72, 9415
2.19, 9409
2.19, 9384
2.38, 9382
2.40, 9346
2.57, 9345
2.57, 9332
2.58, 9119
2.66, 9066
2.68, 9040
2.90, 9036
3.24, 9033
3.57, 9012
3.73, 8992
4.23, 8963
5.19, 8942
5.21, 8900
5.21, 8842
5.31, 8808
5.51, 8799
5.56, 8693
5.58, 8656
6.46, 8557
6.48, 8523
6.48, 8514
6.62, 8486
6.73, 8411
7.59, 8408
7.67, 8403
8.00, 8369
8.24, 8323
9.02, 8309
10.50, 8304
11.16, 8285
11.24, 8277
11.88, 8241
11.93, 8185
13.93, 8113
16.34, 8106
18.96, 8030
29.18, 8013
