0.02, 26865
0.02, 26815
0.02, 26094
0.02, 24409
0.03, 23742
0.03, 23392
0.03, 23322
0.05, 23006
0.05, 22823
0.05, 22598
0.05, 22314
0.05, 21859
0.05, 20975
0.05, 20837
0.06, 20778
0.06, 20685
0.06, 20561
0.06, 20535
0.06, 20490
0.06, 20450
0.08, 19998
0.09, 19233
0.09, 18911
0.09, 18691
0.09, 18118
0.09, 17910
0.11, 17790
0.11, 17472
0.13, 17349
0.13, 17154
0.13, 17126
0.14, 17001
0.14, 16987
0.14, 16924
0.14, 16690
0.14, 16612
0.14, 16347
0.14, 16214
0.16, 16114
0.16, 15623
0.16, 15420
0.16, 15412
0.17, 15310
0.17, 15303
0.17, 15261
0.17, 15156
0.19, 14841
0.19, 14104
0.20, 14078
0.20, 13922
0.20, 13853
0.22, 13851
0.23, 13827
0.25, 13764
0.30, 13682
0.33, 13607
0.34, 13523
0.34, 13484
0.36, 13283
0.38, 12971
0.52, 12867
0.57, 12840
0.57, 12835
0.59, 12816
0.59, 12814
0.60, 12790
0.62, 12751
0.63, 12709
0.65, 12706
0.65, 12670
0.66, 12632
0.66, 12618
0.66, 12484
0.68, 12469
0.69, 12377
0.71, 12360
0.71, 12148
0.77, 12058
0.92, 12002
0.94, 11438
0.95, 11432
0.98, 11424
1.00, 11393
1.03, 11371
1.03, 11365
1.19, 11352
1.20, 11269
1.27, 11194
1.28, 11190
1.36, 11134
1.39, 10873
1.52, 10792
1.53, 10708
1.88, 10529
1.89, 10511
1.89, 10400
1.91, 10383
1.91, 10338
1.94, 10137
2.06, 10080
2.08, 10014
2.16, 9853
2.35, 9846
2.43, 9832
2.64, 9779
2.69, 9661
2.71, 9659
2.96, 9651
2.98, 9612
3.01, 9611
3.04, 9587
3.23, 9585
3.29, 9567
4.15, 9408
4.57, 9363
4.67, 9279
5.68, 9158
6.13, 9049
6.25, 9023
7.53, 8990
7.64, 8853
9.69, 8845
10.03, 8813
10.16, 8793
10.54, 8789
10.81, 8770
11.21, 8765
11.27, 8763
12.16, 8761
12.16, 8729
12.20, 8703
12.37, 8694
12.41, 8684
12.76, 8546
14.49, 8545
16.44, 8527
16.44, 8493
17.58, 8486
18.16, 8481
18.17, 8463
18.21, 8450
18.95, 8441
20.35, 8390
21.92, 8335
21.94, 8283
22.16, 8213
92.69, 8098
93.30, 8005
93.53, 7998
103.19, 7958
