0.00, 26500
0.02, 25983
0.03, 25042
0.03, 24369
0.03, 23782
0.03, 23481
0.03, 22820
0.03, 22426
0.05, 22093
0.05, 22066
0.05, 21583
0.05, 20897
0.05, 20596
0.05, 20201
0.05, 19947
0.06, 19585
0.06, 19290
0.06, 18942
0.06, 18774
0.06, 18687
0.08, 18577
0.08, 17987
0.08, 16915
0.13, 16850
0.13, 16737
0.13, 16246
0.14, 16229
0.14, 15854
0.14, 15702
0.16, 15601
0.16, 15293
0.16, 15064
0.16, 15047
0.17, 15002
0.17, 14982
0.19, 14559
0.20, 14373
0.22, 14154
0.23, 14128
0.25, 14116
0.25, 13909
0.27, 13360
0.28, 13200
0.28, 13190
0.28, 13099
0.33, 13096
0.34, 13060
0.34, 12996
0.34, 12855
0.34, 12826
0.36, 12661
0.41, 12425
0.41, 12332
0.42, 12325
0.44, 12299
0.44, 12274
0.45, 12196
0.45, 11883
0.45, 11762
0.47, 11608
0.48, 11531
0.56, 11517
0.56, 11470
0.58, 11074
0.58, 11022
0.59, 10989
0.61, 10967
0.61, 10916
0.63, 10892
0.64, 10843
0.67, 10708
0.69, 10685
0.69, 10643
0.77, 10549
0.78, 10510
0.78, 10505
0.79, 10433
0.79, 10382
0.79, 10377
0.80, 10376
0.80, 10039
0.80, 9972
0.87, 9948
0.88, 9533
0.96, 9500
0.97, 9227
0.97, 9226
0.99, 9216
1.12, 9120
1.21, 9031
1.24, 9002
1.26, 8870
1.49, 8867
1.52, 8866
1.62, 8847
1.81, 8699
2.55, 8694
3.13, 8674
3.38, 8631
3.41, 8562
3.78, 8513
4.33, 8386
4.44, 8380
5.07, 8325
5.13, 8288
5.27, 8273
6.37, 8262
6.38, 8239
7.75, 8178
8.18, 8158
8.19, 8079
8.38, 8069
8.43, 8055
11.35, 8028
11.35, 7997
11.35, 7992
