0.00, 25870
0.02, 24545
0.02, 23102
0.02, 22823
0.02, 22581
0.03, 22562
0.03, 22391
0.03, 22346
0.03, 22107
0.03, 22047
0.05, 22035
0.05, 21796
0.05, 21613
0.06, 21379
0.06, 21349
0.06, 21004
0.06, 20965
0.08, 20575
0.08, 20240
0.11, 20093
0.11, 20056
0.13, 19843
0.13, 19777
0.13, 19561
0.13, 19441
0.13, 19422
0.14, 19284
0.16, 18595
0.16, 18566
0.16, 18468
0.16, 18131
0.16, 18009
0.16, 17871
0.16, 17235
0.16, 16937
0.17, 16789
0.17, 16437
0.17, 16316
0.17, 16067
0.19, 16063
0.21, 15507
0.21, 15471
0.21, 15469
0.21, 15425
0.21, 15331
0.23, 15191
0.24, 15173
0.24, 15135
0.26, 15131
0.26, 14919
0.29, 14796
0.29, 14794
0.31, 14729
0.31, 14636
0.31, 14617
0.32, 14523
0.32, 14396
0.32, 14358
0.32, 14196
0.34, 13604
0.34, 13340
0.35, 13334
0.37, 13301
0.43, 13285
0.43, 13177
0.43, 13093
0.45, 12883
0.46, 12868
0.49, 12806
0.51, 12718
0.51, 12667
0.51, 12592
0.51, 12550
0.51, 12527
0.53, 12213
0.53, 12154
0.54, 12073
0.56, 12030
0.57, 11952
0.62, 11920
0.64, 11913
0.68, 11910
0.73, 11901
0.74, 11726
0.84, 11671
0.85, 11535
0.97, 11156
0.98, 11150
1.30, 11073
1.45, 11056
1.48, 11014
1.69, 11007
1.98, 10985
1.98, 10977
2.31, 10631
2.31, 10612
2.39, 10598
2.46, 10585
2.46, 10584
2.48, 10409
2.67, 10351
2.71, 10344
2.71, 10238
2.73, 10223
2.75, 10200
2.75, 10144
2.87, 10099
2.89, 10064
2.92, 10052
2.94, 10035
2.94, 9989
2.95, 9980
3.14, 9971
3.22, 9928
3.23, 9920
3.25, 9880
3.25, 9856
3.45, 9837
3.84, 9823
3.84, 9814
3.86, 9756
3.93, 9741
4.20, 9732
4.57, 9699
7.14, 9658
7.33, 9612
7.50, 9536
10.44, 9531
11.92, 9522
11.97, 9493
12.03, 9478
13.93, 9458
15.09, 9450
15.83, 9426
16.38, 9309
16.40, 9146
16.41, 9091
16.44, 8977
16.47, 8910
17.21, 8853
17.21, 8525
20.97, 8508
25.36, 8503
