0.00, 25537
0.02, 25289
0.02, 25098
0.02, 24977
0.03, 24896
0.03, 24535
0.03, 24523
0.03, 23755
0.03, 23398
0.03, 23346
0.03, 22861
0.05, 22749
0.05, 22451
0.05, 22255
0.05, 21812
0.05, 21366
0.05, 20591
0.06, 20460
0.06, 19741
0.06, 19434
0.06, 19406
0.06, 19125
0.06, 18997
0.08, 18741
0.08, 18732
0.08, 18363
0.09, 18338
0.09, 18280
0.09, 18220
0.09, 17986
0.09, 17750
0.11, 17558
0.13, 17383
0.13, 17222
0.14, 17148
0.14, 17055
0.14, 16920
0.14, 16810
0.14, 16787
0.16, 16631
0.16, 16436
0.16, 16237
0.17, 15541
0.17, 15262
0.17, 15195
0.17, 15100
0.17, 14902
0.17, 14713
0.19, 14670
0.22, 14652
0.22, 14477
0.22, 14458
0.22, 14401
0.23, 14174
0.23, 14047
0.23, 14028
0.27, 13606
0.27, 13428
0.27, 13386
0.27, 13271
0.31, 13184
0.31, 13143
0.31, 13113
0.36, 12877
0.38, 12834
0.38, 12618
0.39, 12493
0.39, 12467
0.39, 12402
0.39, 12369
0.41, 12360
0.42, 12359
0.47, 12158
0.48, 11995
0.50, 11762
0.58, 11691
0.60, 11690
0.61, 11564
0.61, 11486
0.66, 11484
0.66, 11430
0.73, 11393
0.75, 11222
0.77, 11221
0.78, 11220
0.81, 11163
0.83, 11105
0.83, 11065
0.85, 10640
0.95, 10603
0.95, 10538
1.04, 10516
1.06, 10511
1.09, 10410
1.20, 10405
1.20, 10290
1.22, 10279
1.22, 10185
1.23, 10162
1.28, 10156
1.28, 10105
1.33, 10090
1.36, 10084
1.72, 10064
1.75, 10044
1.77, 10038
1.83, 9836
1.88, 9760
2.10, 9704
2.14, 9614
2.14, 9325
2.16, 9294
2.22, 9248
2.36, 9109
3.11, 9048
3.29, 9022
3.80, 8909
4.48, 8828
5.82, 8643
5.87, 8632
5.88, 8623
5.99, 8617
6.07, 8600
6.16, 8587
6.19, 8586
6.21, 8574
6.21, 8554
6.24, 8534
6.30, 8479
6.40, 8478
6.57, 8399
7.18, 8251
7.23, 8246
7.36, 8220
7.59, 8188
7.60, 8177
8.36, 8127
8.70, 8122
25.37, 8101
25.40, 8077
