0.00, 26121
0.02, 25620
0.02, 24964
0.03, 24248
0.03, 24081
0.03, 23628
0.03, 23625
0.03, 23601
0.03, 23348
0.05, 22962
0.05, 22880
0.05, 22223
0.05, 22015
0.05, 21810
0.06, 21659
0.06, 21370
0.06, 21016
0.08, 20741
0.09, 20347
0.11, 20318
0.11, 20059
0.11, 19812
0.11, 19540
0.11, 19298
0.11, 18905
0.11, 18694
0.13, 18627
0.13, 18441
0.13, 18201
0.13, 18107
0.14, 18043
0.14, 17470
0.14, 17038
0.14, 16943
0.16, 16476
0.16, 16208
0.17, 15753
0.19, 15072
0.19, 14995
0.19, 14960
0.19, 14859
0.20, 14817
0.20, 14664
0.20, 14586
0.20, 14273
0.22, 13986
0.22, 13955
0.23, 13681
0.25, 13579
0.27, 13476
0.28, 13125
0.30, 13041
0.30, 12949
0.32, 12752
0.42, 12452
0.42, 12382
0.42, 12344
0.44, 12147
0.44, 12144
0.44, 12105
0.45, 12004
0.47, 11996
0.47, 11930
0.47, 11926
0.49, 11889
0.49, 11888
0.50, 11851
0.53, 11723
0.56, 11683
0.57, 11653
0.67, 11639
0.70, 11636
0.70, 11621
0.71, 11568
0.73, 11557
0.74, 11521
0.74, 11451
0.78, 11317
0.82, 11158
0.82, 10877
0.85, 10867
0.92, 10849
0.98, 10701
1.08, 10670
1.09, 10652
1.17, 10649
1.43, 10565
1.45, 10511
1.51, 10389
1.51, 10369
1.53, 10333
1.56, 10298
1.56, 10235
1.57, 10229
1.57, 10172
1.64, 10110
1.64, 10043
1.64, 9990
1.67, 9914
1.68, 9906
1.75, 9869
1.79, 9841
1.81, 9814
1.81, 9812
1.89, 9757
1.92, 9717
1.93, 9677
1.93, 9593
2.04, 9579
2.04, 9507
2.10, 9376
2.21, 9301
2.91, 9279
3.07, 9235
3.08, 9201
3.11, 9169
3.18, 9115
3.31, 9107
4.30, 8848
4.74, 8843
5.40, 8762
5.73, 8756
5.76, 8723
5.78, 8701
5.80, 8697
6.49, 8667
6.54, 8660
6.93, 8659
7.69, 8649
7.92, 8648
8.79, 8633
12.70, 8630
12.72, 8568
12.72, 8544
12.97, 8543
13.67, 8496
19.09, 8491
22.78, 8484
39.08, 8475
48.44, 8465
48.53, 8425
