0.00, 25899
0.02, 25766
0.02, 25556
0.02, 24421
0.02, 24203
0.02, 23364
0.02, 23119
0.03, 22977
0.03, 22504
0.05, 22037
0.05, 21998
0.05, 21862
0.05, 21668
0.05, 21646
0.05, 21550
0.06, 21414
0.08, 21267
0.08, 21122
0.08, 20657
0.08, 20102
0.08, 20091
0.09, 20051
0.09, 19878
0.09, 19479
0.11, 17974
0.11, 17838
0.11, 17251
0.13, 17037
0.13, 17032
0.14, 16746
0.14, 16393
0.16, 16297
0.16, 16087
0.19, 15875
0.20, 15731
0.20, 15683
0.20, 15617
0.22, 15558
0.23, 15269
0.25, 15190
0.25, 15167
0.27, 15137
0.27, 14930
0.27, 14921
0.28, 14917
0.30, 14868
0.30, 14864
0.30, 14400
0.33, 14031
0.48, 13842
0.50, 13830
0.52, 13466
0.52, 13361
0.52, 13312
0.53, 13264
0.59, 13253
0.59, 13220
0.59, 13005
0.59, 12916
0.61, 12524
0.61, 12403
0.63, 12155
0.63, 12113
0.63, 12094
0.64, 11717
0.64, 11641
0.64, 11525
0.64, 11462
0.67, 11454
0.69, 11452
0.69, 11437
0.70, 11417
0.70, 11404
0.72, 11380
0.72, 11347
0.73, 11338
0.73, 11282
0.75, 11274
0.77, 11161
0.78, 11138
0.86, 11124
0.88, 11011
0.90, 11005
0.94, 10961
0.94, 10950
0.94, 10850
0.94, 10847
0.94, 10741
1.01, 10687
1.04, 10675
1.05, 10667
1.05, 10666
1.07, 10654
1.15, 10651
1.26, 10630
1.27, 10617
1.34, 10616
1.34, 10579
1.37, 10414
1.37, 10315
1.41, 10292
1.51, 10236
1.54, 10232
1.55, 10205
1.55, 10196
1.55, 10131
1.57, 9814
1.96, 9551
3.39, 9516
3.41, 9511
3.47, 9488
3.95, 9487
3.96, 9473
3.99, 9457
4.05, 9435
5.14, 9345
5.44, 9326
5.50, 9259
6.79, 9156
8.15, 9154
8.69, 9115
8.77, 9065
9.55, 9060
10.21, 9041
10.48, 9000
12.01, 8966
12.51, 8915
13.48, 8899
14.16, 8775
17.33, 8774
17.36, 8754
17.39, 8735
17.43, 8699
17.58, 8691
19.93, 8684
20.73, 8677
21.02, 8596
21.88, 8556
39.37, 8502
39.89, 8493
60.93, 8487
104.36, 8476
104.44, 8411
104.61, 8407
105.17, 8355
114.40, 8343
114.58, 8337
114.60, 8335
114.88, 8331
118.87, 8327
