0.01, 24922
0.02, 22965
0.02, 22698
0.04, 22153
0.04, 21884
0.04, 21144
0.04, 21139
0.07, 20687
0.09, 20416
0.09, 20366
0.09, 20248
0.09, 20107
0.09, 20081
0.09, 20030
0.10, 19355
0.10, 19317
0.10, 19209
0.10, 19119
0.10, 19100
0.12, 18639
0.12, 18531
0.12, 18498
0.13, 18006
0.13, 18001
0.13, 17791
0.15, 17734
0.15, 17664
0.15, 17632
0.15, 17589
0.16, 17049
0.16, 16577
0.16, 16362
0.16, 16183
0.16, 16154
0.18, 16068
0.18, 15758
0.19, 15623
0.19, 15615
0.19, 15231
0.21, 14644
0.21, 14538
0.23, 14338
0.23, 14183
0.23, 13608
0.24, 13211
0.24, 13203
0.24, 13153
0.29, 13107
0.29, 12989
0.30, 12817
0.40, 12479
0.40, 12256
0.41, 12208
0.41, 12092
0.51, 12091
0.54, 12076
0.55, 12070
0.60, 12019
0.60, 12018
0.62, 11942
0.65, 11938
0.68, 11914
0.69, 11789
0.73, 11780
0.73, 11766
0.77, 11752
0.79, 11621
0.85, 11585
1.02, 11570
1.07, 11472
1.16, 11471
1.44, 11460
1.47, 11373
1.49, 11334
1.54, 11290
1.54, 11237
1.54, 11213
1.54, 11149
1.58, 11014
1.58, 10999
1.65, 10853
1.85, 10839
1.88, 10824
2.00, 10801
2.07, 10791
2.07, 10635
2.07, 10612
2.09, 10560
2.10, 10537
2.13, 10534
2.16, 10520
2.16, 10502
2.18, 10489
2.18, 10473
2.18, 10466
2.55, 10209
2.57, 10183
2.80, 10104
2.90, 9985
3.09, 9949
3.36, 9944
3.36, 9839
3.47, 9706
3.51, 9700
3.53, 9621
3.61, 9496
3.62, 9476
3.86, 9467
3.93, 9448
4.07, 9393
4.40, 9368
4.57, 9344
4.60, 9323
4.64, 9266
4.76, 9213
4.81, 9208
4.84, 9204
4.85, 9177
4.89, 9154
4.89, 9144
4.92, 9130
4.96, 9067
5.23, 9032
7.27, 8996
7.56, 8964
7.63, 8956
7.95, 8947
8.00, 8944
8.06, 8933
8.08, 8842
8.09, 8841
8.50, 8826
8.53, 8825
9.11, 8771
9.61, 8768
9.63, 8749
9.68, 8673
10.07, 8621
10.13, 8620
10.16, 8615
13.55, 8583
13.68, 8560
13.99, 8529
14.65, 8523
14.79, 8507
15.77, 8497
15.86, 8466
16.04, 8274
22.83, 8269
25.65, 8260
26.69, 8251
34.43, 8204
