0.02, 26481
0.02, 26270
0.02, 25661
0.03, 24809
0.03, 24327
0.03, 24050
0.03, 23999
0.05, 23696
0.05, 23547
0.05, 23368
0.05, 23196
0.05, 22994
0.06, 22773
0.06, 22701
0.06, 22628
0.08, 22436
0.08, 21944
0.08, 21797
0.08, 21698
0.08, 21539
0.08, 21523
0.08, 21305
0.08, 21302
0.09, 21181
0.09, 20721
0.09, 20472
0.09, 20420
0.09, 20149
0.11, 19931
0.11, 19638
0.11, 19531
0.13, 19133
0.13, 19089
0.13, 18450
0.13, 18280
0.13, 18075
0.14, 17905
0.14, 17901
0.16, 17890
0.16, 17866
0.16, 17708
0.16, 17374
0.16, 17363
0.16, 17335
0.17, 17160
0.17, 17158
0.17, 15252
0.19, 15198
0.20, 14935
0.23, 14794
0.27, 14483
0.27, 14155
0.28, 14072
0.28, 13968
0.30, 13897
0.30, 13551
0.30, 13324
0.30, 13291
0.31, 13274
0.31, 13263
0.31, 13231
0.31, 13230
0.33, 12918
0.34, 12781
0.34, 12507
0.36, 12464
0.38, 12437
0.42, 12288
0.42, 12211
0.42, 12115
0.44, 12111
0.48, 12090
0.48, 12071
0.52, 11845
0.52, 11831
0.52, 11761
0.52, 11526
0.58, 11458
0.58, 11408
0.60, 11329
0.60, 11287
0.63, 11235
0.68, 11184
0.71, 11179
0.74, 11074
0.77, 11017
0.82, 11009
0.82, 10945
0.85, 10845
0.85, 10678
0.91, 10658
0.94, 10650
0.94, 10590
0.97, 10587
0.97, 10567
0.99, 10465
0.99, 10343
1.04, 9922
1.19, 9914
1.22, 9883
1.24, 9842
1.27, 9841
1.27, 9836
1.29, 9652
1.30, 9634
1.33, 9594
1.35, 9585
1.40, 9569
1.43, 9559
1.44, 9533
1.44, 9528
1.55, 9460
1.60, 9459
1.62, 9386
1.80, 9383
1.82, 9324
1.84, 9290
1.93, 9267
1.96, 9233
2.27, 9036
2.44, 9035
3.03, 8983
3.09, 8942
3.12, 8696
3.29, 8694
3.32, 8660
3.49, 8609
3.71, 8598
3.72, 8586
4.24, 8564
5.15, 8562
9.05, 8466
12.66, 8462
13.85, 8441
13.85, 8412
17.60, 8257
17.62, 8200
23.25, 8195
25.67, 8193
25.69, 8189
29.21, 8164
34.81, 8147
35.00, 8135
37.08, 8134
