0.00, 27379
0.02, 26897
0.02, 26567
0.02, 26441
0.02, 26198
0.02, 26170
0.02, 26162
0.03, 25687
0.03, 25659
0.03, 24885
0.03, 24839
0.03, 24767
0.03, 24499
0.03, 24492
0.03, 24461
0.03, 24408
0.05, 24048
0.05, 22990
0.05, 22185
0.07, 22022
0.07, 21712
0.08, 21696
0.08, 21530
0.08, 21279
0.08, 20946
0.08, 20789
0.10, 20742
0.10, 20207
0.11, 19484
0.11, 19272
0.13, 19069
0.13, 18880
0.15, 18708
0.15, 18595
0.16, 18485
0.18, 18403
0.18, 18235
0.18, 18153
0.19, 18109
0.19, 18082
0.19, 18066
0.19, 17914
0.21, 17903
0.21, 17297
0.22, 17139
0.22, 16682
0.22, 15915
0.24, 15888
0.24, 15870
0.24, 15807
0.24, 15360
0.27, 14756
0.27, 14614
0.27, 14561
0.29, 14495
0.29, 14460
0.29, 14346
0.30, 14327
0.32, 14236
0.32, 14183
0.32, 14113
0.33, 14079
0.33, 14075
0.33, 13985
0.33, 13751
0.33, 13733
0.35, 13560
0.36, 13524
0.38, 13487
0.38, 13477
0.40, 12948
0.47, 12917
0.50, 12865
0.52, 12694
0.55, 12605
0.58, 12586
0.60, 12531
0.63, 12474
0.65, 12427
0.71, 12270
0.75, 12264
0.79, 12197
0.83, 12180
0.85, 11991
0.85, 11906
0.88, 11854
0.88, 11773
0.91, 11710
0.91, 11598
0.93, 11572
0.94, 11527
1.01, 11406
1.02, 11403
1.09, 11382
1.48, 11376
1.48, 11245
1.50, 11210
1.58, 11173
1.73, 10963
2.26, 10879
2.36, 10800
2.44, 10712
2.58, 10688
2.61, 10674
2.74, 10589
3.01, 10580
3.11, 10551
3.11, 10517
3.15, 10488
3.17, 10477
3.23, 10447
3.23, 10329
3.23, 10273
3.25, 10248
3.45, 10135
3.72, 10127
3.72, 10021
3.73, 10004
3.86, 9975
4.10, 9941
4.17, 9875
4.39, 9727
6.18, 9694
6.94, 9605
6.97, 9586
7.07, 9492
7.08, 9449
7.18, 9425
7.18, 9422
7.47, 9344
8.20, 9308
8.34, 9237
8.46, 9205
8.46, 9194
8.63, 9117
8.63, 8947
8.68, 8946
8.73, 8944
8.73, 8930
8.93, 8882
8.93, 8866
9.09, 8847
11.84, 8823
15.84, 8794
17.02, 8683
18.44, 8666
21.45, 8661
23.09, 8646
28.95, 8633
28.99, 8601
