0.00, 24912
0.02, 24679
0.03, 24005
0.03, 24000
0.03, 23895
0.03, 23601
0.03, 23283
0.03, 22022
0.03, 21993
0.05, 21727
0.06, 21369
0.07, 21341
0.07, 21130
0.07, 21114
0.07, 20189
0.08, 19775
0.08, 19681
0.08, 19518
0.09, 18957
0.10, 18738
0.11, 18578
0.11, 18516
0.11, 18477
0.11, 18371
0.11, 18305
0.13, 17728
0.15, 17591
0.16, 17358
0.18, 17266
0.18, 17077
0.18, 16436
0.18, 16388
0.18, 16193
0.19, 15872
0.19, 15822
0.21, 15762
0.21, 15663
0.21, 15615
0.21, 15493
0.22, 15461
0.22, 15050
0.24, 14897
0.25, 14547
0.27, 14377
0.27, 14371
0.27, 14358
0.27, 14312
0.29, 14277
0.29, 14218
0.29, 13816
0.29, 13787
0.32, 13589
0.33, 13575
0.33, 13365
0.35, 13295
0.35, 13223
0.35, 13105
0.36, 12242
0.40, 12020
0.50, 11955
0.50, 11894
0.55, 11470
0.57, 11394
0.58, 11373
0.61, 11189
0.63, 11096
0.65, 10808
0.66, 10806
0.66, 10711
0.68, 10691
0.68, 10690
0.69, 10642
0.71, 10599
0.71, 10369
0.71, 10144
0.72, 10142
0.72, 10109
0.72, 10073
0.77, 10027
0.97, 9978
1.50, 9948
1.59, 9853
1.64, 9540
1.84, 9517
1.86, 9478
1.89, 9461
2.11, 9450
2.11, 9440
2.18, 9264
2.21, 9138
2.22, 9009
2.22, 8859
2.38, 8837
2.54, 8821
2.58, 8787
2.61, 8785
2.61, 8774
2.65, 8733
2.94, 8728
3.02, 8670
3.44, 8669
4.19, 8664
4.45, 8658
4.45, 8654
4.52, 8637
4.61, 8635
4.77, 8568
5.57, 8440
6.77, 8363
54.88, 8359
54.94, 8094
55.80, 8015
56.09, 8006
58.69, 7973
70.79, 7972
74.85, 7968
