0.00, 26604
0.02, 25614
0.02, 25412
0.02, 25373
0.03, 25325
0.03, 25000
0.03, 24402
0.03, 24021
0.03, 23518
0.03, 23217
0.03, 23020
0.05, 22915
0.05, 22596
0.05, 22360
0.05, 21685
0.05, 21153
0.05, 20955
0.06, 20801
0.06, 20605
0.06, 20507
0.06, 19976
0.09, 19964
0.09, 19945
0.09, 19768
0.09, 19750
0.13, 19700
0.13, 19237
0.13, 19136
0.14, 19106
0.16, 18936
0.16, 18741
0.16, 18654
0.16, 18540
0.17, 18427
0.17, 18413
0.17, 18209
0.17, 18168
0.19, 17989
0.19, 17883
0.19, 17397
0.19, 17083
0.20, 16994
0.20, 16985
0.20, 16681
0.20, 16222
0.20, 15886
0.25, 15555
0.27, 15361
0.28, 15177
0.30, 15036
0.30, 14981
0.31, 14874
0.31, 14853
0.33, 14813
0.33, 14766
0.34, 14759
0.36, 14655
0.36, 14494
0.38, 14312
0.38, 14275
0.39, 14065
0.41, 13798
0.41, 13550
0.41, 13214
0.42, 13213
0.42, 12721
0.42, 12616
0.44, 12561
0.50, 12557
0.50, 12520
0.50, 12394
0.50, 12307
0.55, 12191
0.56, 12135
0.58, 12062
0.58, 11929
0.58, 11856
0.64, 11783
0.66, 11743
0.69, 11735
0.72, 11654
0.73, 11653
0.81, 11650
1.02, 11622
1.09, 11587
1.14, 11540
1.15, 11534
1.18, 11292
1.18, 11280
1.23, 11246
1.37, 10998
1.39, 10990
1.39, 10918
1.39, 10845
1.42, 10513
1.42, 10491
1.42, 10489
1.43, 10459
1.45, 10232
1.45, 9897
1.49, 9887
1.57, 9877
1.70, 9849
1.70, 9726
1.71, 9713
1.71, 9712
1.76, 9696
1.78, 9689
1.79, 9662
1.79, 9660
1.81, 9575
1.92, 9574
1.99, 9558
2.16, 9550
2.20, 9548
2.22, 9540
2.44, 9507
2.45, 9506
2.49, 9504
2.50, 9461
2.52, 9457
2.75, 9428
2.83, 9407
2.86, 9359
2.88, 9342
2.92, 9330
3.02, 9325
3.05, 9237
3.10, 9180
3.47, 9179
3.49, 8988
3.63, 8968
4.19, 8926
4.27, 8898
4.41, 8861
4.43, 8804
5.21, 8788
5.46, 8751
5.86, 8734
5.93, 8630
6.67, 8415
8.06, 8333
8.07, 8323
8.07, 8175
8.74, 8165
9.54, 8125
9.76, 7864
9.81, 7817
9.82, 7808
11.06, 7803
11.10, 7800
11.12, 7795
11.18, 7744
11.18, 7743
11.20, 7721
11.26, 7714
11.35, 7683
13.66, 7676
57.49, 7565
60.80, 7542
