0.00, 25728
0.00, 24859
0.02, 24696
0.02, 24192
0.02, 24056
0.03, 23204
0.03, 22992
0.03, 22637
0.03, 22484
0.03, 22326
0.05, 22080
0.05, 22079
0.05, 21772
0.06, 21293
0.06, 21094
0.06, 20662
0.06, 20298
0.08, 20285
0.09, 20283
0.11, 20182
0.13, 20148
0.16, 19852
0.16, 19596
0.16, 19452
0.17, 19396
0.17, 19333
0.19, 19305
0.19, 18946
0.19, 18916
0.20, 18693
0.20, 18670
0.22, 18647
0.23, 18612
0.23, 18027
0.23, 18009
0.23, 17926
0.25, 17920
0.25, 17908
0.25, 17849
0.25, 17712
0.25, 17548
0.25, 17512
0.27, 17477
0.27, 17330
0.27, 17327
0.28, 17201
0.28, 16659
0.28, 16537
0.28, 16439
0.28, 16334
0.30, 16273
0.30, 15791
0.30, 15782
0.30, 15346
0.30, 15129
0.31, 14990
0.31, 14984
0.31, 14872
0.33, 14767
0.33, 14494
0.33, 14304
0.36, 14254
0.41, 14015
0.44, 13805
0.48, 13675
0.48, 13672
0.52, 13624
0.52, 13595
0.55, 13563
0.55, 13494
0.55, 13434
0.58, 13200
0.59, 13077
0.59, 12947
0.59, 12822
0.61, 12535
0.63, 12489
0.64, 12461
0.67, 12416
0.67, 12398
0.69, 12381
0.70, 12243
0.70, 12167
0.70, 12065
0.73, 11927
0.73, 11810
0.73, 11673
0.78, 11556
0.79, 11498
0.81, 11441
0.81, 11291
0.84, 11272
0.84, 11172
0.87, 11149
0.87, 11075
0.87, 11026
0.89, 10990
0.90, 10959
0.97, 10957
1.04, 10950
1.34, 10811
1.36, 10806
1.40, 10777
1.45, 10740
1.47, 10704
1.48, 10615
1.48, 10604
1.50, 10594
1.51, 10563
1.67, 10524
1.69, 10460
1.72, 10357
1.73, 10264
1.73, 10133
1.73, 10114
1.76, 10104
1.83, 10100
1.84, 9714
2.80, 9713
2.81, 9602
4.48, 9584
4.53, 9579
4.82, 9537
5.10, 9484
5.19, 9471
5.41, 9466
6.10, 9400
6.12, 9284
6.18, 9195
6.24, 9175
6.28, 9167
6.70, 9163
6.85, 9147
7.16, 9014
7.16, 8968
7.21, 8803
8.80, 8780
10.06, 8777
10.07, 8762
10.11, 8748
10.12, 8742
10.20, 8719
10.22, 8702
10.26, 8700
10.62, 8691
10.84, 8666
10.84, 8650
12.03, 8589
13.14, 8541
28.68, 8497
30.45, 8444
96.70, 8442
96.72, 8306
97.40, 8157
