0.00, 27715
0.02, 26245
0.02, 25582
0.02, 25180
0.02, 24919
0.03, 24312
0.03, 24098
0.03, 23227
0.03, 22833
0.03, 21722
0.03, 21492
0.03, 21031
0.05, 20731
0.05, 20262
0.05, 19850
0.05, 19785
0.05, 19712
0.05, 19697
0.06, 19641
0.06, 19404
0.06, 19349
0.06, 19323
0.08, 19270
0.09, 19227
0.09, 19084
0.11, 18959
0.11, 18819
0.13, 18666
0.13, 18635
0.13, 18497
0.13, 17914
0.14, 17840
0.14, 17812
0.14, 17699
0.16, 17183
0.16, 17119
0.16, 16618
0.17, 16432
0.19, 15779
0.19, 15699
0.20, 15536
0.20, 15375
0.24, 15313
0.24, 15244
0.25, 15130
0.25, 15077
0.27, 14959
0.27, 14930
0.27, 14768
0.27, 14657
0.28, 14365
0.28, 14289
0.30, 14241
0.33, 14227
0.36, 14029
0.38, 13908
0.41, 13896
0.41, 13757
0.42, 13666
0.44, 13615
0.44, 13612
0.45, 13591
0.49, 13544
0.52, 12998
0.52, 12856
0.53, 12848
0.53, 12715
0.53, 12574
0.55, 12443
0.56, 12331
0.58, 12319
0.59, 12305
0.66, 12159
0.74, 12158
0.78, 12110
0.80, 12031
0.80, 11983
0.81, 11693
0.88, 11667
0.91, 11660
0.95, 11513
0.99, 11415
1.01, 11294
1.07, 11251
1.12, 11179
1.12, 11175
1.13, 10993
1.17, 10983
1.23, 10743
1.31, 10592
1.51, 10512
1.59, 10504
1.63, 10438
1.73, 10432
1.84, 10290
1.85, 10231
1.92, 10210
1.93, 10191
1.93, 10183
1.96, 10179
1.98, 10171
2.30, 10143
2.30, 10050
2.67, 10019
3.06, 10015
3.69, 9876
3.77, 9875
4.10, 9813
4.43, 9791
4.60, 9736
4.65, 9705
4.65, 9593
4.74, 9574
4.78, 9530
4.79, 9456
4.87, 9377
4.89, 9282
5.16, 9180
5.68, 8724
6.16, 8670
6.21, 8653
6.52, 8651
7.44, 8628
8.16, 8524
8.80, 8458
10.21, 8457
10.61, 8430
10.95, 8369
13.53, 8357
30.31, 8346
