0.00, 25615
0.02, 25366
0.02, 24879
0.02, 24446
0.02, 24372
0.03, 24001
0.03, 23485
0.03, 22937
0.03, 22815
0.03, 22726
0.05, 22290
0.05, 21980
0.05, 21882
0.05, 21459
0.06, 21157
0.06, 20976
0.06, 20662
0.08, 20082
0.08, 19984
0.08, 19965
0.08, 19953
0.08, 19697
0.09, 19465
0.09, 19240
0.11, 19003
0.11, 18804
0.11, 18489
0.11, 17912
0.11, 17617
0.13, 17263
0.14, 17235
0.16, 16503
0.17, 16421
0.19, 16167
0.19, 16162
0.19, 15915
0.20, 15327
0.22, 15129
0.22, 15063
0.22, 14994
0.22, 14932
0.22, 14675
0.22, 14621
0.23, 14611
0.23, 14313
0.23, 13940
0.25, 13792
0.25, 13790
0.25, 13748
0.25, 13722
0.28, 13532
0.28, 13443
0.28, 13421
0.30, 13372
0.35, 13334
0.35, 13210
0.36, 13204
0.38, 13025
0.38, 12609
0.41, 12590
0.44, 12286
0.54, 12021
0.67, 11922
0.76, 11880
0.78, 11798
0.84, 11733
0.89, 11635
0.98, 11531
0.99, 11471
1.02, 11470
1.02, 11424
1.05, 11344
1.10, 11277
1.10, 11180
1.13, 11125
1.15, 11117
1.15, 10994
1.24, 10980
1.29, 10974
1.30, 10659
1.32, 10632
1.37, 10480
1.43, 10451
1.78, 10404
1.99, 10152
1.99, 10132
2.03, 10020
2.03, 9952
2.10, 9950
2.11, 9944
2.21, 9901
2.27, 9862
2.27, 9809
2.39, 9783
2.40, 9774
2.55, 9756
2.56, 9716
2.58, 9664
2.61, 9615
2.61, 9591
2.61, 9503
2.68, 9497
2.71, 9457
2.79, 9433
2.82, 9432
2.84, 9421
2.88, 9357
2.96, 9355
2.98, 9342
3.08, 9228
3.11, 9152
3.13, 9099
3.14, 9092
3.29, 9069
3.31, 9020
3.62, 8987
3.63, 8882
3.63, 8659
3.76, 8645
3.92, 8641
3.99, 8412
4.06, 8411
4.11, 8405
4.11, 8380
4.34, 8250
5.39, 8234
8.19, 8215
8.54, 8187
8.78, 8163
9.93, 8156
10.06, 8138
10.08, 8125
12.02, 8120
42.91, 8015
43.16, 7977
45.67, 7953
