0.01, 24753
0.02, 24430
0.03, 24178
0.03, 24027
0.03, 23519
0.04, 23471
0.04, 23259
0.04, 22669
0.05, 22656
0.05, 22446
0.05, 22153
0.07, 21813
0.08, 21395
0.09, 21176
0.09, 20715
0.09, 20709
0.10, 20490
0.11, 20447
0.11, 20443
0.11, 20376
0.11, 20195
0.12, 20063
0.12, 19685
0.12, 19518
0.13, 19494
0.13, 19264
0.14, 19121
0.15, 19066
0.15, 19016
0.15, 17943
0.16, 17751
0.16, 17521
0.17, 17355
0.18, 17210
0.19, 17096
0.19, 16945
0.20, 16941
0.21, 16921
0.21, 16546
0.21, 16512
0.21, 16447
0.22, 16430
0.22, 16223
0.22, 16085
0.23, 16051
0.23, 15978
0.24, 15955
0.25, 15227
0.25, 15044
0.26, 14647
0.26, 14604
0.27, 14554
0.27, 14422
0.28, 14285
0.31, 14253
0.31, 14148
0.33, 14116
0.33, 13926
0.34, 13897
0.35, 13885
0.36, 13792
0.37, 13736
0.39, 13717
0.46, 13698
0.50, 13652
0.53, 13552
0.56, 13491
0.57, 13382
0.57, 13379
0.58, 13345
0.59, 13133
0.59, 13095
0.61, 13062
0.65, 12975
0.66, 12825
0.66, 12786
0.68, 12771
0.69, 12743
0.71, 12714
0.71, 12671
0.71, 12663
0.71, 12602
0.73, 12501
0.74, 12478
0.75, 12457
0.75, 12264
0.76, 12114
0.76, 11784
0.86, 11505
0.86, 11352
0.86, 10939
0.89, 10850
0.90, 10833
0.91, 10679
0.95, 10650
1.01, 10588
1.03, 10396
1.11, 10334
1.16, 10193
1.17, 10152
1.17, 10143
1.18, 10125
1.19, 10003
1.19, 9990
1.29, 9750
1.33, 9717
1.80, 9624
1.80, 9522
2.02, 9491
2.41, 9490
2.42, 9466
2.42, 9463
2.48, 9441
2.53, 9431
2.77, 9329
3.03, 9300
3.27, 9278
3.40, 9259
3.47, 9252
3.59, 9231
3.60, 9226
3.62, 9205
3.64, 9199
4.98, 9189
6.83, 9172
7.24, 9114
10.01, 9027
10.03, 8990
13.22, 8938
15.77, 8868
54.21, 8820
58.11, 8790
58.26, 8770
60.13, 8725
60.56, 8675
61.30, 8662
61.78, 8622
62.98, 8562
63.16, 8557
64.62, 8548
65.67, 8481
65.94, 8464
66.62, 8441
67.09, 8371
70.49, 8363
72.52, 8347
72.52, 8311
72.56, 8307
73.27, 8300
73.93, 8259
75.06, 8234
75.08, 8210
75.11, 8124
78.08, 8119
79.41, 8116
80.67, 8068
80.71, 8063
81.62, 8028
81.91, 7945
82.97, 7848
