0.02, 27448
0.02, 27190
0.02, 26317
0.02, 24763
0.02, 24159
0.03, 23839
0.03, 23567
0.03, 23189
0.03, 23117
0.03, 22688
0.03, 22416
0.05, 21310
0.05, 20996
0.05, 20961
0.06, 20812
0.06, 20475
0.08, 20444
0.08, 20137
0.08, 20063
0.08, 19940
0.09, 19863
0.09, 19857
0.11, 19685
0.13, 19140
0.13, 19125
0.14, 19081
0.14, 18969
0.16, 18860
0.16, 17602
0.17, 17567
0.17, 17282
0.19, 17269
0.19, 17206
0.19, 16415
0.20, 16050
0.20, 15928
0.22, 15703
0.22, 15304
0.23, 15276
0.23, 15230
0.23, 14920
0.23, 14781
0.23, 14705
0.25, 14670
0.25, 14540
0.27, 14525
0.27, 14122
0.28, 13819
0.28, 13081
0.30, 12821
0.30, 12806
0.31, 12804
0.31, 12792
0.31, 12786
0.33, 12581
0.38, 12510
0.38, 12481
0.47, 12411
0.47, 12390
0.50, 12385
0.50, 12361
0.50, 12310
0.52, 12258
0.52, 12083
0.55, 12008
0.56, 11964
0.58, 11915
0.63, 11880
0.64, 11792
0.77, 11704
0.80, 11586
0.80, 11574
0.83, 11323
0.86, 11301
0.88, 11295
0.97, 11291
0.97, 11257
1.00, 11246
1.00, 11207
1.00, 11028
1.06, 10969
1.13, 10953
1.25, 10804
1.32, 10700
1.35, 10598
1.35, 10586
1.36, 10569
1.47, 10500
1.55, 10486
1.57, 10459
1.58, 10356
1.82, 10301
1.86, 10291
1.91, 10257
1.91, 10256
1.91, 10221
1.94, 10040
1.96, 9957
2.08, 9941
2.14, 9783
2.17, 9757
2.17, 9688
2.50, 9673
2.50, 9645
2.50, 9642
2.52, 9603
2.55, 9415
2.56, 9284
3.21, 9277
3.46, 9271
3.77, 9178
3.93, 9138
4.80, 9129
9.12, 9064
9.13, 9062
10.15, 9061
10.18, 9059
10.29, 8960
10.78, 8943
18.36, 8908
18.54, 8887
18.59, 8825
18.78, 8594
34.05, 8444
34.05, 8338
34.15, 8335
35.02, 8203
35.26, 8050
35.26, 7974
39.08, 7847
41.16, 7800
43.99, 7767
44.02, 7717
44.02, 7714
44.47, 7713
46.62, 7690
