0.02, 26043
0.02, 25397
0.02, 25185
0.03, 24935
0.03, 24382
0.03, 23716
0.03, 22730
0.03, 22185
0.03, 21730
0.05, 21327
0.05, 21139
0.05, 21084
0.05, 21015
0.05, 20717
0.06, 20540
0.06, 20309
0.06, 20247
0.08, 20089
0.08, 20073
0.09, 18508
0.09, 18428
0.09, 18056
0.09, 17935
0.09, 17766
0.11, 17719
0.11, 17422
0.13, 17358
0.13, 17292
0.13, 17276
0.14, 16949
0.14, 16834
0.14, 16833
0.14, 16425
0.16, 16282
0.17, 16238
0.17, 16217
0.19, 15709
0.19, 15596
0.19, 15254
0.20, 15200
0.20, 15071
0.20, 15035
0.20, 14906
0.20, 14895
0.22, 14887
0.22, 14361
0.23, 14238
0.23, 14184
0.23, 13937
0.23, 13793
0.25, 13675
0.25, 13584
0.27, 13494
0.27, 13336
0.28, 13254
0.30, 13217
0.31, 13133
0.31, 13102
0.33, 13080
0.36, 12930
0.36, 12852
0.36, 12713
0.38, 12708
0.38, 11865
0.39, 11804
0.41, 11750
0.41, 11743
0.42, 11724
0.50, 11487
0.52, 11439
0.58, 11330
0.66, 11203
0.70, 11038
0.73, 11016
0.75, 10995
0.77, 10916
0.78, 10854
0.81, 10821
0.81, 10699
0.84, 10682
0.94, 10643
0.98, 10623
1.00, 10606
1.04, 10593
1.04, 10519
1.05, 10517
1.07, 10508
1.08, 10463
1.13, 10440
1.21, 10436
1.30, 10425
1.32, 10417
1.35, 10399
1.36, 10375
1.43, 10373
1.44, 10370
1.44, 10359
1.44, 10356
1.46, 10327
1.55, 10242
1.65, 10225
1.66, 10214
1.80, 10183
1.80, 10023
1.85, 9981
1.93, 9958
1.99, 9882
2.03, 9691
2.08, 9671
2.10, 9507
2.10, 9045
2.33, 9027
2.56, 8978
2.61, 8821
2.64, 8779
2.64, 8774
2.91, 8755
3.85, 8735
3.88, 8716
4.17, 8711
4.41, 8659
4.42, 8632
4.42, 8534
6.32, 8505
10.74, 8501
10.77, 8499
10.88, 8488
48.97, 8465
48.99, 8407
54.08, 8367
55.08, 8325
55.87, 8319
57.22, 8311
63.08, 8296
74.98, 8287
91.01, 8270
