0.00, 25546
0.02, 25421
0.02, 24179
0.02, 24005
0.02, 23313
0.03, 23176
0.03, 22205
0.03, 22103
0.03, 21419
0.05, 21250
0.05, 21210
0.05, 21204
0.05, 20761
0.05, 20477
0.06, 20327
0.06, 20216
0.06, 20140
0.08, 20055
0.08, 20045
0.08, 20027
0.09, 19747
0.09, 19710
0.09, 19605
0.09, 19186
0.09, 18974
0.11, 18956
0.11, 18835
0.11, 18526
0.13, 18356
0.13, 18173
0.14, 18119
0.14, 17857
0.16, 17645
0.17, 17577
0.19, 17308
0.20, 17300
0.20, 17250
0.20, 17119
0.20, 16881
0.22, 16783
0.22, 16638
0.23, 16480
0.23, 16310
0.25, 16250
0.28, 16217
0.28, 16150
0.28, 15907
0.30, 15553
0.31, 15370
0.31, 15352
0.31, 15132
0.33, 14598
0.33, 14574
0.34, 14517
0.34, 14408
0.36, 14378
0.38, 14377
0.41, 14370
0.41, 14317
0.42, 13873
0.45, 13512
0.45, 13384
0.45, 13319
0.48, 13310
0.48, 13267
0.52, 13084
0.52, 13024
0.53, 12934
0.53, 12876
0.53, 12854
0.53, 12669
0.64, 12318
0.66, 12313
0.67, 12242
0.67, 12228
0.72, 12089
0.73, 12026
0.74, 12004
0.75, 11977
0.76, 11976
0.77, 11630
0.77, 11393
0.81, 11384
0.84, 11343
0.87, 11338
0.89, 11296
0.90, 11235
0.90, 11204
0.98, 11180
1.01, 11065
1.01, 11004
1.01, 10985
1.03, 10879
1.03, 10751
1.04, 10643
1.39, 10635
1.65, 10515
1.68, 10377
1.70, 10294
1.70, 10278
1.72, 10242
1.88, 10166
1.88, 10151
1.91, 10082
1.91, 9996
1.92, 9985
1.96, 9961
2.00, 9957
2.11, 9925
2.13, 9916
2.13, 9799
2.16, 9659
2.22, 9502
2.24, 9431
2.28, 9426
2.30, 9421
2.35, 9419
2.42, 9416
2.52, 9415
3.49, 9352
3.54, 9272
3.57, 9256
3.63, 9221
5.24, 9206
5.54, 9171
5.62, 9138
5.73, 9119
5.74, 9043
5.80, 9003
6.40, 8917
6.82, 8831
7.32, 8783
7.37, 8682
7.68, 8657
7.74, 8502
7.78, 8459
7.81, 8454
7.81, 8400
8.76, 8375
9.50, 8367
15.52, 8313
15.71, 8307
