0.00, 4761586
0.01, 4589965
0.01, 4307185
0.01, 4176791
0.01, 4111200
0.01, 4043556
0.01, 3877324
0.01, 3766565
0.01, 3574030
0.02, 3392302
0.03, 3374628
0.03, 3157328
0.07, 3124532
0.07, 3109989
0.11, 3052828
0.12, 3029287
0.17, 3025293
0.21, 2992126
0.23, 2856011
0.45, 2762620
0.68, 2642218
0.91, 2622349
1.14, 2580979
1.37, 2565825
1.59, 2489595
1.82, 2470167
2.04, 2436071
2.27, 2402537
2.49, 2376187
2.71, 2340367
2.93, 2339446
3.16, 2331010
3.38, 2253366
3.60, 2158608
3.83, 2157233
4.05, 2150467
4.27, 2115472
