0.00, 4647098
0.01, 4476055
0.01, 4345794
0.01, 4322478
0.01, 4312072
0.01, 3947892
0.01, 3940073
0.01, 3936881
0.01, 3911104
0.01, 3852858
0.01, 3815875
0.02, 3462558
0.02, 3424829
0.02, 3403412
0.02, 3271542
0.03, 3111888
0.11, 3072034
0.15, 3056656
0.23, 2916924
0.41, 2898796
0.64, 2863239
0.67, 2859372
0.82, 2827015
0.83, 2788549
1.05, 2773598
1.28, 2764963
1.50, 2696131
1.58, 2661492
1.80, 2637985
2.03, 2624725
2.25, 2618766
2.49, 2450608
2.73, 2363236
2.96, 2273794
3.18, 2248431
3.40, 2246012
3.63, 2216770
3.85, 2184646
4.09, 2117764
4.32, 2079696
4.54, 2068653
