0.00, 5595985
0.02, 5536652
0.02, 5497454
0.02, 5363196
0.03, 5344928
0.03, 5291385
0.03, 5272210
0.03, 5259519
0.03, 5214436
0.03, 5166034
0.03, 5116415
0.03, 5075043
0.05, 5027046
0.05, 5005336
0.06, 5002204
0.06, 4950305
0.06, 4807383
0.06, 4688606
0.06, 4674573
0.06, 4573934
0.06, 4534057
0.06, 4533143
0.08, 4527831
0.08, 4510388
0.08, 4383976
0.08, 4369590
0.08, 4358764
0.08, 4346415
0.08, 4296002
0.08, 4257586
0.08, 4201701
0.09, 4199824
0.09, 4177998
0.11, 4161367
0.11, 4065278
0.11, 4061492
0.13, 4058123
0.13, 4050217
0.13, 3951264
0.13, 3944676
0.13, 3905204
0.14, 3901868
0.14, 3884992
0.14, 3816506
0.17, 3731233
0.19, 3657533
0.19, 3657206
0.20, 3636868
0.20, 3591858
0.20, 3587142
0.20, 3567209
0.20, 3558352
0.22, 3524935
0.23, 3524826
0.23, 3498017
0.25, 3486192
0.27, 3479503
0.28, 3469096
0.28, 3456904
0.28, 3443034
0.28, 3429864
0.30, 3354656
0.30, 3326513
0.30, 3324356
0.30, 3307055
0.30, 3290286
0.31, 3258022
0.31, 3252185
0.31, 3184040
0.31, 3170876
0.33, 3156900
0.33, 3110594
0.33, 3053828
0.34, 3041360
0.34, 2977904
0.36, 2955187
0.38, 2954681
0.38, 2923353
0.38, 2919731
0.38, 2881672
0.39, 2867501
0.39, 2847302
0.39, 2840598
0.39, 2794300
0.41, 2760917
0.42, 2742599
0.42, 2708284
0.42, 2705605
0.42, 2700589
0.45, 2692517
0.45, 2674686
0.45, 2661889
0.45, 2639634
0.47, 2638797
0.47, 2601269
0.48, 2599712
0.48, 2588070
0.48, 2583030
0.48, 2581547
0.48, 2538751
0.50, 2488654
0.53, 2475361
0.56, 2441905
0.58, 2439748
0.59, 2419292
0.63, 2418482
0.63, 2414159
0.64, 2405917
0.66, 2389783
0.67, 2388052
0.69, 2387839
0.70, 2387686
0.70, 2380808
0.73, 2357736
0.75, 2356739
0.75, 2332307
0.78, 2332212
0.80, 2324717
0.80, 2320273
0.83, 2319002
0.86, 2286768
0.89, 2278388
0.94, 2265738
0.94, 2195844
0.98, 2194317
1.00, 2151022
1.00, 2144283
1.00, 2134990
1.00, 2100565
1.02, 2094757
1.05, 2089253
1.05, 2088386
1.05, 2082207
1.05, 2069348
1.06, 2067561
1.09, 2063636
1.11, 2023924
1.16, 2023174
1.17, 2021860
1.20, 2016157
1.22, 1982946
1.23, 1971318
1.23, 1956199
1.33, 1937061
1.34, 1925207
1.34, 1920889
1.39, 1917346
1.41, 1900421
1.44, 1896917
1.47, 1884141
1.52, 1869955
1.52, 1857188
1.58, 1845148
1.63, 1835647
1.78, 1815442
1.78, 1814843
1.78, 1814469
1.78, 1810666
1.80, 1805941
1.80, 1799450
1.84, 1787913
1.91, 1781353
1.95, 1768123
1.97, 1761581
1.97, 1760023
1.98, 1748184
2.06, 1739063
2.08, 1720234
2.09, 1716625
2.11, 1709716
2.11, 1708813
2.11, 1708335
2.13, 1707833
2.16, 1704165
2.23, 1701169
2.25, 1683277
2.30, 1676436
2.30, 1673415
2.31, 1672795
2.36, 1666482
2.41, 1660559
2.44, 1630419
2.44, 1626756
2.44, 1614403
2.48, 1610317
2.55, 1538680
2.56, 1536888
2.56, 1522402
2.58, 1518166
2.59, 1505828
2.73, 1501475
2.91, 1499232
2.91, 1488470
2.94, 1487189
3.00, 1478637
3.11, 1476562
3.14, 1467741
3.19, 1461650
3.36, 1460410
3.52, 1438814
3.52, 1438733
3.62, 1429834
3.64, 1428854
3.66, 1386451
3.81, 1384431
3.83, 1381461
3.83, 1370928
3.94, 1362169
3.97, 1361929
4.05, 1361506
4.06, 1356499
4.06, 1349279
4.12, 1349226
4.17, 1347447
4.17, 1343526
4.27, 1339312
4.30, 1337860
4.41, 1335568
4.47, 1330875
4.55, 1322672
4.59, 1313596
4.64, 1307332
4.67, 1298962
4.70, 1297523
4.70, 1296681
4.72, 1296138
4.80, 1287289
4.98, 1286258
5.09, 1280574
5.31, 1255476
5.44, 1255444
5.50, 1234819
5.69, 1232183
5.83, 1229061
5.86, 1227419
5.91, 1224988
5.92, 1218633
6.06, 1215853
6.06, 1196774
6.25, 1196312
6.31, 1194077
6.47, 1155435
6.50, 1154264
6.70, 1143347
6.86, 1143301
7.03, 1141695
7.03, 1131346
7.08, 1125756
7.11, 1099177
7.64, 1087627
7.95, 1079798
8.03, 1079402
8.06, 1079005
8.34, 1070922
8.59, 1070632
8.86, 1055241
9.55, 1054308
9.58, 1053858
9.62, 1050329
9.65, 1044400
10.11, 1043236
10.22, 1035528
10.25, 1033001
10.61, 1032948
10.72, 1031275
10.75, 1030579
10.95, 1030130
11.20, 1023007
11.34, 1022487
11.58, 1020831
12.11, 1017547
12.89, 1017389
12.95, 1016464
15.12, 1014276
15.65, 1009214
16.51, 1006009
16.70, 1003080
16.98, 1000818
17.09, 999928
17.82, 998332
21.15, 993650
21.45, 989212
21.68, 979274
22.32, 978752
23.79, 975606
23.98, 969669
24.76, 964854
27.56, 963407
29.68, 959354
31.04, 957691
31.13, 957676
32.51, 945310
36.10, 944891
38.04, 944144
38.94, 942607
40.44, 941980
40.82, 941141
40.90, 938627
41.30, 932466
41.48, 932270
43.71, 931700
44.04, 924948
44.68, 919975
45.71, 919279
46.13, 911661
47.65, 909215
48.77, 908606
50.24, 908532
52.02, 907919
56.80, 907865
57.03, 901343
59.47, 900309
59.52, 899651
60.58, 899217
63.19, 898190
65.09, 897088
68.56, 896924
107.97, 895517
118.10, 893544
