0.02, 5621128
0.03, 5299673
0.03, 5238000
0.03, 5230594
0.05, 5224154
0.05, 5218849
0.05, 5141245
0.05, 5135520
0.05, 5106345
0.05, 5095514
0.05, 5020362
0.06, 4992981
0.06, 4983409
0.06, 4928708
0.06, 4909169
0.06, 4830116
0.06, 4770679
0.08, 4733245
0.08, 4691908
0.08, 4597396
0.08, 4579558
0.08, 4576465
0.08, 4558399
0.08, 4393732
0.09, 4299793
0.11, 4269579
0.14, 4239330
0.14, 4197074
0.14, 4177196
0.14, 4123646
0.14, 4073199
0.14, 4060456
0.17, 4051942
0.17, 4042753
0.17, 4011109
0.17, 3967928
0.17, 3934515
0.19, 3904708
0.19, 3894560
0.19, 3805799
0.20, 3723177
0.20, 3715855
0.20, 3695805
0.20, 3686511
0.22, 3678402
0.22, 3651125
0.22, 3627674
0.22, 3625769
0.22, 3590259
0.22, 3563403
0.22, 3543592
0.22, 3507501
0.23, 3490493
0.23, 3485241
0.23, 3482927
0.23, 3445839
0.23, 3437913
0.23, 3410661
0.25, 3381011
0.25, 3364083
0.25, 3348867
0.25, 3316409
0.27, 3307517
0.27, 3297101
0.28, 3289004
0.28, 3260489
0.28, 3256279
0.28, 3254874
0.28, 3243468
0.28, 3227878
0.30, 3218823
0.30, 3200179
0.30, 3176599
0.30, 3163080
0.30, 3097154
0.30, 3096448
0.31, 3062381
0.31, 3055083
0.31, 3019171
0.34, 2984475
0.38, 2969460
0.38, 2942605
0.39, 2915210
0.39, 2831697
0.39, 2808608
0.41, 2804567
0.44, 2789751
0.44, 2784804
0.44, 2742184
0.44, 2689285
0.45, 2683801
0.45, 2681942
0.45, 2681355
0.47, 2680971
0.47, 2668353
0.47, 2661049
0.53, 2648537
0.53, 2647661
0.53, 2614498
0.55, 2604934
0.55, 2568593
0.55, 2525645
0.58, 2471912
0.58, 2458471
0.59, 2454899
0.61, 2439068
0.61, 2437413
0.63, 2416316
0.63, 2413278
0.66, 2409906
0.67, 2401501
0.69, 2400892
0.69, 2377347
0.70, 2362721
0.70, 2354834
0.70, 2330358
0.72, 2322867
0.77, 2319364
0.80, 2314791
0.81, 2306401
0.81, 2293914
0.81, 2292958
0.84, 2289330
0.84, 2283316
0.84, 2280478
0.86, 2262866
0.88, 2259491
0.89, 2248923
0.92, 2246267
0.94, 2244516
0.95, 2223854
0.97, 2217325
0.98, 2217128
1.00, 2184210
1.03, 2122245
1.03, 2117470
1.06, 2113970
1.08, 2102224
1.08, 2084432
1.14, 2076702
1.14, 2046947
1.16, 2019904
1.16, 1977181
1.17, 1961413
1.19, 1959646
1.19, 1956932
1.22, 1950337
1.23, 1950249
1.30, 1949332
1.31, 1939642
1.34, 1935106
1.36, 1933772
1.39, 1925636
1.44, 1925542
1.44, 1906866
1.47, 1903789
1.52, 1903664
1.53, 1900594
1.64, 1896796
1.64, 1893875
1.75, 1888324
1.75, 1822392
1.80, 1810428
1.80, 1794646
1.80, 1787345
1.84, 1773131
1.84, 1747759
1.92, 1740018
1.95, 1730719
1.95, 1725772
1.95, 1722366
2.02, 1715624
2.02, 1705307
2.03, 1680451
2.09, 1672006
2.12, 1668745
2.14, 1638891
2.23, 1636676
2.31, 1631492
2.31, 1606866
2.34, 1577139
2.41, 1575077
2.41, 1556084
2.44, 1542170
2.52, 1534725
2.56, 1515496
2.64, 1505659
2.66, 1488034
2.66, 1472742
2.66, 1470464
2.75, 1456424
2.83, 1454296
3.03, 1452184
3.08, 1445223
3.09, 1443360
3.19, 1432669
3.20, 1410219
3.30, 1407992
3.39, 1396022
3.42, 1393656
3.62, 1363985
3.67, 1361273
3.70, 1360397
3.75, 1347468
3.89, 1345329
3.94, 1344149
3.98, 1320797
3.98, 1313339
4.00, 1309397
4.01, 1307936
4.17, 1306921
4.19, 1264576
4.20, 1264055
4.31, 1259053
4.36, 1247238
4.44, 1225800
4.70, 1199133
5.19, 1198480
5.22, 1194883
5.25, 1192423
5.26, 1177492
5.31, 1174767
5.39, 1172842
5.41, 1169729
5.48, 1146433
5.50, 1144745
5.50, 1144342
5.62, 1139594
5.66, 1131198
5.69, 1126593
5.86, 1123324
5.91, 1106667
5.92, 1103694
5.92, 1095376
5.95, 1095127
6.14, 1088174
6.22, 1086955
6.44, 1086731
6.95, 1085080
6.98, 1083774
6.98, 1082711
7.22, 1078927
7.45, 1066159
7.55, 1065963
7.94, 1064635
7.95, 1054643
8.08, 1054597
8.25, 1048532
8.25, 1047396
8.47, 1045435
8.48, 1045218
8.50, 1045167
8.73, 1041713
8.94, 1036980
9.92, 1035428
10.15, 1034825
10.59, 1013293
10.81, 1007430
10.83, 1005128
11.87, 1002784
13.09, 1000516
13.25, 1000112
14.17, 996819
14.36, 994755
14.42, 993270
14.84, 989135
14.97, 988789
15.59, 982639
15.72, 978398
15.79, 975952
15.81, 970476
16.09, 970423
16.48, 959686
17.71, 959256
17.89, 956451
18.11, 954287
18.26, 945993
18.48, 943006
18.86, 940688
19.84, 938886
20.59, 937211
23.42, 931856
26.37, 930830
27.63, 929887
28.37, 920086
30.01, 918896
30.87, 918556
31.06, 918517
32.41, 913672
36.84, 913541
39.44, 911152
39.69, 908676
47.83, 907372
49.07, 906736
50.33, 905385
51.11, 905304
51.41, 898548
51.83, 896732
53.00, 896123
54.11, 895851
54.28, 892174
56.39, 886645
56.53, 886158
56.71, 882806
57.05, 881988
61.11, 881554
61.20, 881236
63.24, 879301
63.84, 878463
65.80, 875031
66.42, 875018
71.39, 874411
72.41, 874402
72.41, 868662
73.15, 868192
75.42, 868155
75.86, 868147
76.86, 868107
77.11, 867713
78.53, 867221
80.08, 867218
80.45, 865286
83.71, 861300
87.12, 858197
90.21, 853496
90.70, 846924
94.12, 846884
103.12, 845395
