0.02, 5221651
0.03, 5215421
0.03, 5107601
0.03, 5097387
0.03, 5023121
0.03, 4956927
0.03, 4935124
0.05, 4919426
0.05, 4896136
0.05, 4798514
0.05, 4746309
0.05, 4715906
0.05, 4625204
0.05, 4607104
0.05, 4552013
0.05, 4510613
0.06, 4499778
0.06, 4446389
0.06, 4409688
0.06, 4408378
0.06, 4377593
0.08, 4363897
0.08, 4347880
0.08, 4338884
0.08, 4290665
0.08, 4131701
0.11, 4102056
0.11, 4016858
0.11, 4005500
0.11, 3949903
0.11, 3943730
0.11, 3854867
0.11, 3843899
0.13, 3816220
0.13, 3785660
0.13, 3768997
0.13, 3703756
0.13, 3624889
0.14, 3573266
0.14, 3559262
0.14, 3548570
0.16, 3499346
0.17, 3478806
0.17, 3463033
0.19, 3444941
0.19, 3412592
0.19, 3377898
0.20, 3362200
0.20, 3357855
0.20, 3355793
0.22, 3346225
0.22, 3342261
0.23, 3334005
0.23, 3305636
0.23, 3297197
0.23, 3276948
0.25, 3251944
0.25, 3142660
0.27, 3139641
0.27, 3123354
0.27, 3078422
0.27, 3073694
0.28, 3065776
0.28, 3020900
0.31, 2996610
0.33, 2991877
0.34, 2960111
0.34, 2944212
0.34, 2943936
0.34, 2911235
0.34, 2907979
0.36, 2889029
0.36, 2866205
0.36, 2859049
0.41, 2798152
0.41, 2760440
0.42, 2755921
0.44, 2706385
0.44, 2704906
0.44, 2679972
0.45, 2676676
0.45, 2664113
0.50, 2657944
0.50, 2656130
0.52, 2655851
0.53, 2634263
0.58, 2630387
0.58, 2614491
0.59, 2595548
0.61, 2545491
0.61, 2533040
0.63, 2527847
0.66, 2510441
0.66, 2498712
0.67, 2391384
0.67, 2384912
0.69, 2382295
0.69, 2329473
0.69, 2326412
0.70, 2304026
0.72, 2301151
0.72, 2286449
0.73, 2255743
0.73, 2255606
0.77, 2253625
0.83, 2248350
0.83, 2230354
0.84, 2202882
0.91, 2197578
0.92, 2196336
0.94, 2193596
0.97, 2187924
1.02, 2172394
1.02, 2157143
1.06, 2147340
1.08, 2132506
1.08, 2111536
1.08, 2078229
1.16, 2068622
1.17, 2068481
1.17, 2065442
1.17, 2058004
1.23, 2023785
1.25, 2022387
1.27, 2017661
1.34, 2011184
1.41, 1996929
1.45, 1995795
1.45, 1993422
1.48, 1973104
1.53, 1967780
1.55, 1957756
1.59, 1955154
1.61, 1951139
1.62, 1925808
1.72, 1923878
1.80, 1918253
1.81, 1911906
1.83, 1910750
1.94, 1910379
1.94, 1899124
1.98, 1896047
2.00, 1882473
2.00, 1877557
2.02, 1857867
2.03, 1855891
2.05, 1844361
2.08, 1843110
2.12, 1828343
2.17, 1826425
2.17, 1782957
2.20, 1778155
2.20, 1762872
2.25, 1750605
2.25, 1735436
2.25, 1708628
2.27, 1693261
2.30, 1693253
2.39, 1688969
2.39, 1687767
2.39, 1684070
2.45, 1677323
2.56, 1662869
2.70, 1662233
2.73, 1657902
2.77, 1653485
2.94, 1643280
3.09, 1642424
3.09, 1632768
3.09, 1631797
3.22, 1627477
3.28, 1621033
3.33, 1602160
3.37, 1597381
3.48, 1596737
3.55, 1592058
3.61, 1588517
3.62, 1585345
3.67, 1584854
3.69, 1580557
3.70, 1570110
3.70, 1567915
3.75, 1559903
3.75, 1548147
3.84, 1530758
3.87, 1525966
4.01, 1510233
4.09, 1504064
4.28, 1499732
4.33, 1493937
4.42, 1463963
4.48, 1462665
4.61, 1461397
4.80, 1460639
4.83, 1455490
4.92, 1450955
4.97, 1447117
4.97, 1439526
5.28, 1424315
5.39, 1423043
5.39, 1406372
5.41, 1398967
5.45, 1392269
5.51, 1345648
5.55, 1323961
5.67, 1319980
5.67, 1313825
5.75, 1313319
5.80, 1307633
5.87, 1287950
5.92, 1279699
5.97, 1269999
5.98, 1266772
6.08, 1260442
6.47, 1252488
6.61, 1249285
6.67, 1246329
6.87, 1245919
7.06, 1242183
7.33, 1238940
7.36, 1233624
7.48, 1233000
7.53, 1227455
7.64, 1225776
7.72, 1207596
7.76, 1207289
7.95, 1204670
8.08, 1204517
8.26, 1196394
8.42, 1196000
8.75, 1192614
8.79, 1191530
8.86, 1190210
9.12, 1185636
9.22, 1178984
9.39, 1177876
9.39, 1173364
9.40, 1160896
9.44, 1153175
10.20, 1153135
10.36, 1148106
10.58, 1146405
11.43, 1145091
11.86, 1141953
12.34, 1136838
12.53, 1135153
12.53, 1122666
12.68, 1120222
12.93, 1116903
13.36, 1106263
13.36, 1092835
13.37, 1089713
13.50, 1087353
13.81, 1082855
13.87, 1082507
13.90, 1082030
14.22, 1081409
14.26, 1077967
14.34, 1075786
14.64, 1070700
14.64, 1060996
14.70, 1059798
14.82, 1058100
15.06, 1054223
15.09, 1054098
15.15, 1052137
15.18, 1034857
15.37, 1025952
15.50, 1020142
15.54, 1012934
15.70, 997502
15.87, 993399
16.78, 991032
16.89, 987920
17.51, 980228
17.61, 946083
17.93, 943738
18.42, 939823
18.65, 939266
18.81, 938720
19.18, 937775
19.46, 933177
19.67, 931769
20.76, 929585
20.96, 928299
21.57, 925522
21.90, 925414
22.67, 924952
23.12, 924435
23.21, 911918
23.23, 910896
23.42, 905303
23.53, 899735
24.01, 898264
24.78, 895187
25.49, 894671
28.73, 894490
29.92, 893353
31.16, 892619
34.51, 887264
35.69, 887262
35.79, 882703
36.01, 876932
41.72, 876762
41.77, 876108
45.52, 875551
57.14, 869405
58.14, 865612
62.70, 863578
73.94, 859670
