0.00, 5548278
0.02, 5201620
0.03, 5053951
0.03, 4812415
0.03, 4767282
0.03, 4759624
0.05, 4737201
0.05, 4719772
0.05, 4716382
0.05, 4602294
0.06, 4585166
0.06, 4543374
0.06, 4538592
0.08, 4520329
0.08, 4438681
0.08, 4416937
0.08, 4375511
0.08, 4358260
0.09, 4345047
0.11, 4335559
0.11, 4243123
0.11, 4207938
0.11, 4201528
0.11, 4146045
0.13, 3875067
0.14, 3859216
0.16, 3834287
0.16, 3795838
0.16, 3787256
0.17, 3757535
0.17, 3744632
0.17, 3707202
0.19, 3694067
0.19, 3685995
0.19, 3643533
0.19, 3614014
0.19, 3598298
0.19, 3559413
0.20, 3556528
0.20, 3552372
0.20, 3548515
0.20, 3499372
0.20, 3450279
0.20, 3425883
0.20, 3422388
0.22, 3415423
0.22, 3355794
0.22, 3338250
0.22, 3331144
0.22, 3313332
0.22, 3309921
0.22, 3288933
0.23, 3250138
0.23, 3217219
0.23, 3212371
0.23, 3196155
0.25, 3163869
0.25, 3157937
0.25, 3140497
0.25, 3085644
0.27, 3076283
0.27, 3004420
0.27, 3004365
0.28, 2981776
0.28, 2965656
0.30, 2934016
0.30, 2916393
0.30, 2899669
0.31, 2891224
0.33, 2800987
0.33, 2760321
0.33, 2705771
0.36, 2699066
0.36, 2647424
0.38, 2639575
0.41, 2631848
0.41, 2617998
0.41, 2604846
0.42, 2553699
0.42, 2542691
0.42, 2540485
0.44, 2526871
0.45, 2514811
0.45, 2506567
0.47, 2500209
0.47, 2495848
0.48, 2489695
0.48, 2469567
0.50, 2459347
0.52, 2432613
0.52, 2432058
0.52, 2386038
0.53, 2379188
0.55, 2362201
0.55, 2308652
0.56, 2308000
0.58, 2304215
0.58, 2294499
0.59, 2283476
0.61, 2261840
0.61, 2257748
0.63, 2255571
0.66, 2239807
0.66, 2187531
0.66, 2187525
0.66, 2187132
0.66, 2169558
0.70, 2136793
0.73, 2099917
0.73, 2086440
0.75, 2086270
0.78, 2082304
0.78, 2042173
0.81, 2034521
0.81, 2028525
0.84, 2024607
0.86, 2009643
0.86, 2005909
0.88, 1970459
0.94, 1968320
0.95, 1967479
0.97, 1957447
0.97, 1918451
0.98, 1916821
0.98, 1907259
0.98, 1901551
1.02, 1875820
1.02, 1872676
1.03, 1864178
1.03, 1863525
1.08, 1859177
1.11, 1857604
1.11, 1841738
1.13, 1827683
1.13, 1815314
1.13, 1801813
1.14, 1791458
1.25, 1768241
1.30, 1743841
1.30, 1741029
1.30, 1736156
1.33, 1733323
1.36, 1716616
1.38, 1700433
1.38, 1678121
1.41, 1657742
1.52, 1654653
1.55, 1641124
1.56, 1593403
1.58, 1584200
1.67, 1578903
1.69, 1569456
1.75, 1569143
1.78, 1564607
1.78, 1561478
1.78, 1558800
1.81, 1536755
1.83, 1536136
1.91, 1506082
1.91, 1490335
1.94, 1486748
1.98, 1485571
2.02, 1473203
2.02, 1472569
2.05, 1452083
2.06, 1451570
2.06, 1440557
2.06, 1434269
2.22, 1432936
2.27, 1427437
2.27, 1424088
2.28, 1384456
2.30, 1384015
2.34, 1382567
2.38, 1378388
2.45, 1378277
2.47, 1377255
2.56, 1364099
2.59, 1357084
2.64, 1347479
2.80, 1330838
2.81, 1310794
2.83, 1306083
2.91, 1304749
3.00, 1302570
3.11, 1301800
3.17, 1292672
3.17, 1271547
3.23, 1269619
3.30, 1262472
3.33, 1252799
3.41, 1251332
3.48, 1248031
3.55, 1247324
3.66, 1246751
3.77, 1241365
3.84, 1240181
3.89, 1240028
3.97, 1234439
4.02, 1225761
4.05, 1225438
4.06, 1210589
4.11, 1209785
4.56, 1205110
4.92, 1196427
5.11, 1194831
5.14, 1193504
5.17, 1193421
5.30, 1191227
5.45, 1190574
5.53, 1175018
5.59, 1167824
5.59, 1154669
5.95, 1152790
5.98, 1145082
6.08, 1143574
6.12, 1125342
6.22, 1122813
6.56, 1122757
6.59, 1118878
6.69, 1114715
6.84, 1112281
7.17, 1111981
7.17, 1110817
7.39, 1107210
7.42, 1104266
7.53, 1103079
7.69, 1103072
7.98, 1094149
8.06, 1092233
8.22, 1088887
8.59, 1074334
8.90, 1070312
8.90, 1066310
9.00, 1047688
9.47, 1043773
9.65, 1032677
9.73, 1018777
9.78, 1018642
10.39, 1018532
10.75, 1018425
10.86, 1018269
10.94, 1005995
11.06, 1005199
12.23, 1000517
12.40, 1000477
13.09, 999245
13.29, 983734
13.31, 982253
13.59, 978138
13.62, 974137
14.11, 946584
14.43, 940549
15.01, 936292
15.03, 931218
15.61, 928440
16.20, 928202
16.59, 923604
16.67, 922116
16.79, 922077
17.12, 918928
17.81, 914135
18.51, 906677
19.01, 903759
19.26, 903414
20.06, 901737
20.56, 898302
20.95, 894539
22.04, 894129
22.06, 894004
22.09, 891100
27.34, 890926
28.81, 889404
31.37, 888120
32.04, 887809
32.16, 885112
34.06, 883975
34.49, 883128
34.84, 881931
35.70, 878834
37.05, 877580
40.51, 873482
42.68, 873374
42.80, 873101
47.19, 873099
49.35, 872176
50.16, 870977
55.25, 869726
70.39, 865748
75.47, 865522
92.96, 857758
