0.02, 5405014
0.03, 5264247
0.05, 5212288
0.05, 5208788
0.05, 5086010
0.06, 5060967
0.06, 4989309
0.06, 4855949
0.08, 4825747
0.08, 4775578
0.08, 4645826
0.08, 4584240
0.08, 4549861
0.08, 4429327
0.08, 4396468
0.09, 4392622
0.11, 4293892
0.11, 4245193
0.11, 4208910
0.11, 4193770
0.11, 4158569
0.11, 4133137
0.13, 4091734
0.14, 4063552
0.14, 4008739
0.16, 3993722
0.16, 3977522
0.16, 3928729
0.17, 3886174
0.19, 3862906
0.19, 3856582
0.19, 3853725
0.19, 3850760
0.20, 3764794
0.20, 3649140
0.20, 3630544
0.20, 3492690
0.20, 3492249
0.22, 3475976
0.22, 3457852
0.23, 3398728
0.23, 3387578
0.25, 3334317
0.25, 3301801
0.25, 3278558
0.25, 3272599
0.25, 3238944
0.25, 3234265
0.25, 3232221
0.27, 3200800
0.27, 3199132
0.27, 3191269
0.27, 3156120
0.28, 3131762
0.28, 3105466
0.28, 3078488
0.28, 3059753
0.28, 3058825
0.31, 2923901
0.33, 2891707
0.34, 2871449
0.34, 2836967
0.34, 2832136
0.36, 2830075
0.38, 2802829
0.39, 2798223
0.41, 2783369
0.41, 2779711
0.41, 2772389
0.44, 2718412
0.45, 2710671
0.45, 2686175
0.47, 2679472
0.50, 2678011
0.52, 2667012
0.53, 2641940
0.53, 2640006
0.53, 2595596
0.53, 2591063
0.55, 2590127
0.58, 2576789
0.61, 2547494
0.61, 2527271
0.63, 2511767
0.64, 2504969
0.66, 2503926
0.66, 2467159
0.66, 2451509
0.66, 2434103
0.67, 2417814
0.70, 2414092
0.77, 2407800
0.77, 2403306
0.78, 2363208
0.80, 2362065
0.81, 2360666
0.81, 2354354
0.81, 2297148
0.86, 2285660
0.88, 2281266
0.89, 2224514
0.91, 2221136
0.92, 2180798
0.95, 2180569
0.97, 2177611
1.05, 2162402
1.06, 2157805
1.06, 2154396
1.06, 2154172
1.09, 2154104
1.13, 2151895
1.14, 2144650
1.16, 2142533
1.17, 2137067
1.19, 2100037
1.20, 2096891
1.20, 2092409
1.22, 2074036
1.31, 2073613
1.31, 2065788
1.31, 2050107
1.34, 2049173
1.38, 2047967
1.39, 2044280
1.39, 2034671
1.41, 2017531
1.42, 2015970
1.42, 2015828
1.44, 1997885
1.44, 1945753
1.45, 1928813
1.47, 1898729
1.48, 1890951
1.50, 1879032
1.52, 1875412
1.52, 1866381
1.53, 1864841
1.53, 1863204
1.58, 1861562
1.61, 1861426
1.64, 1841423
1.69, 1819723
1.69, 1795816
1.69, 1793971
1.70, 1762019
1.72, 1760049
1.75, 1710244
1.75, 1703489
1.77, 1672725
1.78, 1670503
1.84, 1670417
1.86, 1654147
1.88, 1651825
1.98, 1650040
1.98, 1641546
2.06, 1627286
2.11, 1623067
2.16, 1621681
2.37, 1616439
2.44, 1615927
2.47, 1605300
2.52, 1599111
2.53, 1584736
2.53, 1582309
2.56, 1572602
2.61, 1568969
2.62, 1557858
2.69, 1529288
2.70, 1527230
3.06, 1522160
3.22, 1522046
3.27, 1492534
3.41, 1484625
3.50, 1475137
3.61, 1474259
3.64, 1466222
3.69, 1462798
3.75, 1459582
3.75, 1458135
3.75, 1448525
3.80, 1447765
3.97, 1447463
4.06, 1446536
4.09, 1434312
4.16, 1433194
4.23, 1425374
4.23, 1396543
4.45, 1396467
4.47, 1391325
4.50, 1390506
4.64, 1385408
4.70, 1382384
4.73, 1382320
5.06, 1380880
5.20, 1379973
5.30, 1371664
5.45, 1361274
5.69, 1361272
5.75, 1352925
6.08, 1332731
6.36, 1328998
6.45, 1322612
6.47, 1322572
6.61, 1319547
6.73, 1317319
6.83, 1308167
6.98, 1307894
7.09, 1307852
7.09, 1302332
7.23, 1299184
7.25, 1293491
7.28, 1291958
7.33, 1285950
7.42, 1284177
7.42, 1281324
7.48, 1278228
7.56, 1275575
7.84, 1271733
7.87, 1268067
8.00, 1267856
8.22, 1264653
8.25, 1258711
8.25, 1250323
8.28, 1249000
8.51, 1248126
8.81, 1246062
9.23, 1244440
9.58, 1244193
9.58, 1229809
9.69, 1188294
9.69, 1185643
9.76, 1176158
10.00, 1175388
10.09, 1174493
10.14, 1154999
10.15, 1149746
10.22, 1149673
10.64, 1149570
10.70, 1148691
10.95, 1140808
11.44, 1137835
11.44, 1135916
11.61, 1130290
11.86, 1128491
12.15, 1125089
12.26, 1109494
12.59, 1099820
13.64, 1098875
13.81, 1098034
13.84, 1076726
14.62, 1076305
14.95, 1068683
15.14, 1068156
15.76, 1060538
15.81, 1053412
16.01, 1046101
16.29, 1041565
16.34, 1041525
16.54, 1041168
16.87, 1039844
16.98, 1039097
17.04, 1029491
17.07, 1028205
17.14, 1027758
17.36, 1020995
17.57, 1012109
17.65, 1009182
19.17, 1008132
19.46, 1005646
19.46, 1004484
19.73, 1003637
19.96, 997024
20.15, 995774
20.45, 994311
20.57, 993935
20.59, 984568
20.68, 982612
20.71, 980942
21.15, 979572
21.65, 973435
21.92, 970046
22.14, 970011
22.15, 970004
22.23, 968553
22.50, 968264
22.51, 967013
22.64, 959805
22.95, 952845
23.00, 951838
23.34, 949134
23.71, 944092
23.90, 943985
24.09, 943131
24.12, 941275
24.81, 937491
25.24, 937076
25.29, 925949
25.39, 922331
26.45, 921176
26.90, 920736
27.09, 920328
27.31, 919285
27.79, 916275
28.18, 913903
29.62, 913194
29.85, 907914
31.81, 906035
32.18, 905872
36.82, 899727
38.77, 897572
38.77, 894800
43.07, 894271
46.36, 894209
50.71, 893992
51.74, 893679
51.85, 893640
52.72, 892804
56.60, 891721
59.13, 887439
59.24, 884582
63.81, 881696
72.39, 880207
78.94, 879243
