0.02, 5376667
0.03, 5144373
0.03, 5108399
0.03, 5107006
0.05, 5097048
0.05, 5077532
0.05, 5034737
0.05, 4962328
0.05, 4896912
0.05, 4889006
0.05, 4807933
0.06, 4738172
0.06, 4556040
0.06, 4544901
0.06, 4537255
0.08, 4480133
0.08, 4392370
0.08, 4387596
0.08, 4384938
0.08, 4368043
0.08, 4367099
0.08, 4277230
0.09, 4203408
0.09, 4141971
0.09, 4133362
0.09, 4127181
0.09, 4123327
0.09, 4119106
0.09, 4116794
0.11, 4020184
0.11, 4007013
0.11, 3996582
0.11, 3977343
0.13, 3974087
0.13, 3963681
0.14, 3939460
0.14, 3922346
0.16, 3895055
0.19, 3834829
0.20, 3820625
0.20, 3813768
0.20, 3763375
0.22, 3739169
0.22, 3689696
0.22, 3640756
0.25, 3625393
0.25, 3522763
0.25, 3510623
0.25, 3510210
0.27, 3469966
0.27, 3432460
0.28, 3409220
0.28, 3396761
0.30, 3376842
0.30, 3374062
0.30, 3358037
0.31, 3325425
0.31, 3306396
0.31, 3256220
0.31, 3228198
0.31, 3227897
0.33, 3210003
0.33, 3204756
0.34, 3184700
0.36, 3183925
0.36, 3182276
0.38, 3132759
0.38, 3093419
0.39, 3059480
0.41, 2986366
0.41, 2972632
0.41, 2970949
0.42, 2951851
0.44, 2913190
0.44, 2912951
0.44, 2883818
0.45, 2868761
0.47, 2868357
0.47, 2806796
0.48, 2792817
0.48, 2755025
0.50, 2747670
0.50, 2739583
0.50, 2706213
0.50, 2703237
0.53, 2700891
0.53, 2696100
0.53, 2670077
0.58, 2648751
0.58, 2648258
0.59, 2638871
0.59, 2614266
0.59, 2614252
0.59, 2595889
0.61, 2590154
0.61, 2559296
0.61, 2540265
0.61, 2513352
0.63, 2478163
0.64, 2476795
0.64, 2362914
0.64, 2361702
0.67, 2345868
0.69, 2321504
0.69, 2317281
0.70, 2315846
0.75, 2306480
0.77, 2306452
0.78, 2305509
0.78, 2302569
0.78, 2283662
0.80, 2278105
0.81, 2266964
0.81, 2241554
0.83, 2229122
0.83, 2199675
0.88, 2194414
0.88, 2165279
0.89, 2131939
0.89, 2126156
0.89, 2121009
0.91, 2111730
0.94, 2110029
0.97, 2102494
0.98, 2097829
1.05, 2085368
1.06, 2081806
1.08, 2080149
1.09, 2079995
1.09, 2058688
1.12, 2042801
1.12, 2038329
1.14, 2035647
1.16, 2032413
1.16, 2027721
1.17, 2016530
1.19, 1970311
1.23, 1964305
1.25, 1950385
1.31, 1920497
1.31, 1908703
1.36, 1905256
1.37, 1900356
1.41, 1885659
1.53, 1885634
1.55, 1868379
1.64, 1867058
1.67, 1866216
1.69, 1848729
1.70, 1826276
1.72, 1806875
1.77, 1798103
1.78, 1780027
1.83, 1779797
1.91, 1767601
1.91, 1765786
2.06, 1755503
2.08, 1754921
2.08, 1752011
2.08, 1751276
2.08, 1750809
2.09, 1749547
2.14, 1710206
2.22, 1704841
2.27, 1696387
2.30, 1694321
2.31, 1694035
2.39, 1687665
2.41, 1686112
2.42, 1682459
2.48, 1677825
2.53, 1676846
2.55, 1662125
2.61, 1661118
2.61, 1655645
2.66, 1653994
2.66, 1652518
2.72, 1638738
2.73, 1638717
2.83, 1637788
2.95, 1633451
3.11, 1628455
3.16, 1626734
3.16, 1626717
3.20, 1624256
3.25, 1624229
3.25, 1620895
3.39, 1608859
3.48, 1604434
3.55, 1588979
3.59, 1585130
3.75, 1582782
3.78, 1573348
3.80, 1571548
3.83, 1561256
3.84, 1552911
3.91, 1547761
4.01, 1536322
4.16, 1527673
4.22, 1527394
4.28, 1524580
4.30, 1522238
4.37, 1518945
4.37, 1506888
4.39, 1497533
4.41, 1493059
4.50, 1484974
4.51, 1483713
4.53, 1478216
4.58, 1476787
4.67, 1472665
4.67, 1466677
4.72, 1463772
4.80, 1459905
4.89, 1445414
4.97, 1437222
4.97, 1425359
5.06, 1422979
5.06, 1409263
5.11, 1408245
5.17, 1407065
5.22, 1406400
5.33, 1388954
5.45, 1375288
5.48, 1364618
5.53, 1364443
5.56, 1359319
5.59, 1359307
5.80, 1359292
5.83, 1358234
6.05, 1358041
6.05, 1356414
6.12, 1338111
6.14, 1337692
6.19, 1321643
6.19, 1320101
6.28, 1317563
6.55, 1312448
6.73, 1303109
6.81, 1286547
7.03, 1282236
7.14, 1277241
7.20, 1269748
7.20, 1269572
7.31, 1265514
7.51, 1264266
7.73, 1261205
7.87, 1260490
7.94, 1245673
8.00, 1230682
8.01, 1230536
8.19, 1229384
8.36, 1228497
8.39, 1227673
8.50, 1224387
8.55, 1216824
8.67, 1216357
8.87, 1212212
8.92, 1211818
9.04, 1187030
9.15, 1186133
9.25, 1184415
9.33, 1184182
9.54, 1182914
9.59, 1182132
9.65, 1177661
10.65, 1175609
10.73, 1174981
10.92, 1173356
11.00, 1172529
11.12, 1166007
11.19, 1163526
11.29, 1156134
11.47, 1155467
11.50, 1153946
11.61, 1139459
11.65, 1138458
12.28, 1133720
12.47, 1131036
12.81, 1120272
13.18, 1110694
13.29, 1107568
14.06, 1102729
15.06, 1099230
15.43, 1097389
15.53, 1090445
16.01, 1084033
16.36, 1078984
16.68, 1075555
17.14, 1059735
17.17, 1049054
18.15, 1043689
19.17, 1043513
20.21, 1043240
20.28, 1033558
21.73, 1032140
21.75, 1031721
22.53, 1030798
22.67, 1028092
22.73, 1012958
23.06, 1003268
23.42, 1000490
24.32, 995916
25.12, 995903
26.48, 995608
26.92, 995527
27.93, 991066
28.46, 989075
28.65, 984801
29.46, 982501
29.57, 979785
30.04, 979580
31.15, 974480
31.60, 971878
31.88, 970832
32.62, 969638
32.91, 969421
33.05, 968142
33.23, 967092
33.95, 967052
34.01, 966917
34.24, 966698
35.57, 964625
35.79, 955284
36.80, 949250
37.09, 948972
37.46, 944705
38.40, 944506
39.18, 934134
44.05, 929387
44.80, 928060
45.55, 927339
45.60, 926942
46.35, 922956
46.82, 910968
47.21, 908707
47.22, 907911
48.89, 906412
49.93, 905805
50.05, 903744
50.72, 901599
58.21, 900777
60.42, 899998
61.69, 899537
63.83, 892513
68.36, 889443
69.97, 889350
70.69, 884957
100.96, 884918
