0.00, 180269
0.02, 162553
0.03, 161126
0.05, 159459
0.05, 151590
0.05, 150845
0.08, 148692
0.14, 145676
0.16, 144602
0.16, 142949
0.16, 135502
0.20, 128780
0.20, 128240
0.22, 127892
0.22, 120654
0.22, 117344
0.22, 114049
0.22, 113598
0.27, 111466
0.28, 110863
0.30, 106197
0.31, 106052
0.31, 103920
0.31, 102982
0.33, 100526
0.34, 99884
0.34, 98789
0.37, 98413
0.37, 97658
0.37, 97027
0.37, 96033
0.39, 95878
0.39, 93368
0.41, 92645
0.42, 92048
0.44, 91754
0.45, 90884
0.45, 90217
0.47, 89479
0.48, 89251
0.48, 88674
0.50, 88295
0.55, 87996
0.56, 87414
0.56, 85692
0.59, 84460
0.61, 84245
0.61, 83723
0.64, 82631
0.66, 81202
0.66, 80978
0.72, 79633
0.78, 78412
0.78, 77830
0.84, 77611
0.86, 76948
0.91, 76882
0.92, 76468
0.92, 75842
0.92, 74540
1.03, 73506
1.03, 73343
1.05, 73044
1.25, 72709
1.28, 72537
1.30, 71953
1.30, 71697
1.41, 71648
1.58, 71075
1.66, 70232
1.67, 69884
1.67, 69644
1.73, 69581
1.77, 69491
1.81, 68245
1.83, 68176
1.97, 68066
2.17, 66577
2.41, 66284
2.41, 65989
2.42, 65968
2.48, 64825
2.55, 64567
2.62, 64289
2.62, 63965
3.20, 63922
4.17, 62998
4.25, 62894
4.30, 62299
4.30, 62117
4.39, 62013
4.42, 61930
4.59, 61225
5.00, 61211
5.08, 61110
5.37, 61097
5.64, 60990
5.78, 60942
5.84, 60194
5.90, 59052
6.05, 58553
6.25, 58486
6.28, 57982
6.50, 57529
6.56, 56968
6.78, 56400
9.28, 56315
9.51, 56303
9.94, 56073
12.01, 55961
12.04, 55486
12.70, 55302
14.93, 54768
16.26, 54389
16.40, 54306
17.65, 54273
18.26, 54113
18.46, 54100
20.76, 53910
27.49, 53904
63.11, 53890
