0.00, 188255
0.02, 184413
0.02, 176558
0.03, 173069
0.03, 170591
0.03, 170096
0.03, 169755
0.03, 167628
0.05, 161247
0.05, 158797
0.05, 155974
0.05, 153779
0.05, 153104
0.05, 151603
0.06, 150703
0.06, 149937
0.08, 144157
0.08, 138440
0.09, 137741
0.09, 136484
0.09, 135267
0.11, 130642
0.13, 129640
0.13, 129458
0.13, 128598
0.14, 126687
0.16, 126534
0.19, 126104
0.19, 124715
0.19, 121563
0.20, 120384
0.20, 120307
0.23, 120123
0.23, 118727
0.25, 118028
0.25, 117240
0.25, 116664
0.27, 116279
0.27, 115863
0.27, 114364
0.27, 113021
0.28, 109192
0.28, 109150
0.28, 109100
0.28, 108276
0.28, 106063
0.28, 105785
0.30, 104097
0.31, 103879
0.31, 103727
0.31, 103241
0.33, 100439
0.33, 99986
0.33, 99609
0.33, 99268
0.34, 98525
0.36, 98124
0.36, 97996
0.38, 97867
0.39, 97102
0.39, 96966
0.44, 96858
0.47, 96389
0.48, 96157
0.50, 95358
0.52, 94765
0.55, 93848
0.56, 91372
0.58, 91017
0.58, 90334
0.59, 90265
0.61, 90250
0.63, 88757
0.64, 88303
0.64, 86421
0.66, 86151
0.67, 84932
0.70, 84277
0.77, 83207
0.81, 83203
0.84, 82962
0.89, 82338
0.89, 82306
0.94, 81597
0.94, 79007
0.94, 78907
1.02, 77202
1.02, 77142
1.05, 77101
1.06, 76980
1.13, 76332
1.22, 76061
1.22, 75451
1.22, 75128
1.23, 74617
1.23, 74418
1.30, 73770
1.34, 73454
1.41, 73007
1.47, 72922
1.47, 72370
1.50, 72299
1.61, 71850
1.73, 71428
1.73, 71048
1.75, 70804
1.75, 70683
1.80, 69787
1.84, 69318
1.88, 68462
2.36, 68090
2.36, 68070
2.42, 67994
2.59, 67627
2.62, 66729
2.70, 66671
2.73, 66643
2.73, 66640
2.78, 66171
2.94, 65984
3.20, 65672
3.25, 65606
3.27, 65388
3.27, 65129
3.34, 65018
3.50, 64258
3.62, 63962
3.73, 63140
4.00, 63065
4.19, 62951
4.67, 62470
5.44, 60983
5.51, 60954
5.73, 60796
5.83, 60655
5.83, 60649
6.01, 60629
6.19, 60570
6.31, 60281
6.44, 59880
6.97, 59556
7.08, 58896
7.50, 58883
7.80, 58315
8.30, 58285
8.84, 58160
9.47, 58133
10.90, 58096
11.29, 57004
11.36, 56948
12.64, 56705
12.81, 56473
13.29, 55452
13.43, 55300
13.56, 55210
13.65, 54752
14.48, 54240
14.83, 53404
15.26, 52951
67.80, 52658
85.18, 52643
