0.02, 190791
0.03, 190036
0.03, 186196
0.03, 158569
0.05, 157411
0.05, 156241
0.05, 155715
0.05, 149032
0.06, 148375
0.08, 147659
0.08, 145639
0.08, 144998
0.08, 141269
0.08, 140573
0.08, 139858
0.09, 139778
0.09, 138612
0.11, 137544
0.11, 137542
0.13, 135467
0.13, 133864
0.13, 130189
0.13, 130181
0.14, 129870
0.14, 129763
0.16, 126717
0.16, 126168
0.16, 125830
0.17, 124662
0.19, 123173
0.20, 120980
0.20, 119119
0.23, 118387
0.23, 110790
0.23, 110162
0.25, 109229
0.25, 108687
0.28, 108558
0.30, 105667
0.30, 102799
0.31, 102549
0.33, 101276
0.36, 101123
0.36, 100314
0.39, 97895
0.41, 97223
0.47, 96451
0.53, 95656
0.55, 95366
0.55, 94450
0.56, 94272
0.58, 93862
0.64, 93637
0.66, 93558
0.67, 93403
0.70, 92218
0.70, 91805
0.70, 91758
0.72, 91421
0.73, 90920
0.78, 90124
0.78, 89056
0.78, 87007
0.81, 85568
0.83, 85433
0.94, 85251
0.95, 84610
0.95, 84506
0.97, 82736
1.06, 82041
1.11, 81836
1.14, 81742
1.16, 79255
1.16, 78905
1.22, 77556
1.23, 77547
1.23, 75407
1.23, 75054
1.27, 74966
1.30, 74259
1.30, 73788
1.31, 71715
1.34, 71019
1.50, 70952
1.50, 70747
1.67, 70743
1.73, 70655
1.77, 70483
1.81, 69784
1.91, 69692
1.91, 69184
1.92, 69145
2.06, 68865
2.17, 67914
2.27, 67859
2.33, 66791
2.47, 66477
2.48, 66424
2.50, 65637
2.56, 65538
3.03, 64942
3.08, 64674
3.08, 64422
3.31, 64024
3.41, 63715
3.42, 63623
3.44, 63440
3.87, 63227
3.87, 63110
3.97, 62702
4.17, 62412
4.34, 61738
4.61, 61486
4.92, 61441
4.94, 60974
5.19, 60877
5.22, 60808
5.42, 60749
5.53, 60070
5.64, 59774
5.67, 58476
5.73, 58334
5.92, 57618
5.95, 57552
6.84, 57349
7.31, 57242
7.80, 56472
8.75, 56252
9.70, 55913
12.65, 55624
14.18, 55162
17.62, 55035
17.73, 54638
17.82, 54627
18.84, 54551
24.84, 54483
24.90, 54297
25.59, 53935
25.62, 53676
29.32, 53510
33.55, 53422
37.74, 53258
40.54, 52965
