0.01, 30149
0.01, 29945
0.01, 29642
0.01, 29544
0.01, 29118
0.01, 27576
0.01, 27450
0.01, 27416
0.01, 27362
0.01, 27170
0.02, 26900
0.02, 26824
0.02, 26665
0.02, 26592
0.02, 26219
0.02, 25854
0.03, 25577
0.03, 25335
0.03, 24878
0.03, 24515
0.03, 24082
0.03, 23923
0.04, 23868
0.04, 23570
0.04, 23448
0.04, 23093
0.04, 22974
0.04, 22958
0.04, 22859
0.04, 22818
0.05, 22662
0.05, 22653
0.05, 21885
0.05, 21833
0.05, 21575
0.06, 21535
0.06, 21490
0.06, 21321
0.06, 21261
0.06, 21035
0.06, 20473
0.06, 20459
0.07, 20334
0.07, 20043
0.07, 19062
0.07, 18785
0.07, 18624
0.08, 18590
0.08, 18554
0.08, 18150
0.08, 17665
0.08, 17591
0.08, 17307
0.09, 16909
0.09, 16740
0.09, 16143
0.09, 15986
0.09, 15641
0.09, 15612
0.10, 15319
0.10, 15313
0.10, 15256
0.10, 15109
0.10, 15105
0.11, 14907
0.11, 14770
0.11, 14461
0.11, 14435
0.11, 14431
0.12, 14397
0.12, 14336
0.12, 14218
0.12, 13703
0.12, 13567
0.12, 13545
0.12, 13382
0.13, 13094
0.13, 12918
0.13, 12879
0.13, 12731
0.13, 12726
0.13, 12547
0.13, 12397
0.13, 12359
0.13, 12199
0.14, 12148
0.14, 11667
0.14, 11578
0.14, 11522
0.14, 11344
0.14, 11118
0.14, 11112
0.15, 11077
0.15, 10998
0.15, 10957
0.16, 10936
0.16, 10620
0.18, 10525
0.19, 10470
0.19, 10162
0.19, 10047
0.20, 10015
0.20, 9897
0.23, 9700
0.24, 9666
0.24, 9595
0.25, 9532
0.26, 9473
0.26, 9445
0.27, 9440
0.28, 9403
0.28, 9223
0.29, 9197
0.30, 9124
0.32, 9123
0.34, 9030
0.36, 9017
0.43, 8989
0.44, 8803
0.49, 8792
0.50, 8779
0.52, 8689
0.58, 8672
0.59, 8649
0.63, 8444
0.64, 8431
0.77, 8412
0.79, 8409
1.34, 8318
