0.01, 29529
0.01, 29243
0.01, 29218
0.01, 28662
0.01, 28344
0.01, 27920
0.01, 27367
0.02, 27056
0.02, 27025
0.02, 26395
0.02, 26381
0.02, 25621
0.03, 25557
0.03, 25421
0.03, 25308
0.03, 25194
0.03, 24262
0.04, 23552
0.04, 23396
0.04, 23005
0.04, 22832
0.04, 22677
0.04, 22335
0.05, 22261
0.05, 22195
0.05, 22112
0.05, 21850
0.05, 21335
0.05, 21087
0.05, 20511
0.06, 20419
0.06, 20122
0.06, 20076
0.06, 20075
0.06, 19703
0.07, 19402
0.07, 19293
0.07, 19275
0.07, 18889
0.07, 18826
0.07, 17947
0.08, 17788
0.08, 17312
0.08, 17132
0.08, 17041
0.08, 16936
0.08, 16817
0.08, 16520
0.09, 16421
0.09, 16138
0.09, 15874
0.09, 15327
0.09, 15213
0.09, 14882
0.09, 14864
0.10, 14596
0.10, 14526
0.10, 14271
0.10, 14145
0.10, 14005
0.10, 13981
0.11, 13771
0.11, 13728
0.11, 13399
0.11, 13386
0.11, 13336
0.11, 12860
0.11, 12586
0.12, 12573
0.12, 12289
0.12, 12275
0.12, 12273
0.12, 12234
0.13, 12230
0.13, 12101
0.13, 12088
0.13, 11980
0.13, 11936
0.14, 11614
0.14, 11583
0.14, 11390
0.14, 11153
0.14, 11137
0.14, 11083
0.15, 10986
0.15, 10931
0.15, 10839
0.15, 10763
0.16, 10687
0.16, 10658
0.16, 10582
0.17, 10533
0.18, 10462
0.18, 10416
0.19, 10413
0.20, 10390
0.21, 10075
0.21, 9971
0.22, 9515
0.22, 9506
0.23, 9464
0.23, 9326
0.23, 9211
0.23, 9046
0.29, 9030
0.30, 9022
0.33, 8976
0.33, 8892
0.34, 8831
0.38, 8808
0.44, 8779
0.47, 8759
0.60, 8720
0.83, 8686
1.14, 8655
1.40, 8627
