0.01, 31295
0.01, 30390
0.01, 30074
0.01, 29944
0.01, 29483
0.01, 29302
0.01, 28384
0.01, 27830
0.02, 27815
0.02, 27814
0.02, 27764
0.02, 27757
0.02, 27534
0.02, 27486
0.03, 26322
0.03, 26186
0.03, 26142
0.03, 25852
0.03, 25359
0.03, 25018
0.03, 24747
0.04, 24653
0.04, 24387
0.04, 24018
0.04, 23834
0.04, 23766
0.04, 23374
0.04, 23199
0.05, 22870
0.05, 22629
0.05, 22536
0.05, 22489
0.05, 22018
0.05, 21953
0.05, 21730
0.05, 21381
0.05, 20542
0.05, 20454
0.06, 19994
0.06, 19401
0.06, 19287
0.06, 18935
0.06, 18594
0.06, 18500
0.06, 18357
0.07, 17897
0.07, 17868
0.07, 17774
0.07, 17530
0.07, 17409
0.08, 17317
0.08, 17130
0.08, 17043
0.08, 16994
0.08, 16949
0.08, 16864
0.09, 16675
0.09, 16375
0.09, 16305
0.09, 16284
0.09, 16017
0.09, 15737
0.10, 15653
0.10, 15453
0.10, 15265
0.10, 14402
0.10, 14389
0.11, 14323
0.11, 14127
0.11, 14070
0.11, 14032
0.12, 14027
0.12, 13934
0.12, 13907
0.12, 13631
0.13, 13329
0.13, 13199
0.13, 13129
0.13, 13001
0.14, 12855
0.14, 12825
0.14, 12781
0.14, 12536
0.15, 12416
0.16, 12394
0.16, 12303
0.16, 12250
0.17, 11409
0.17, 11385
0.17, 11088
0.18, 11054
0.19, 10951
0.19, 10881
0.20, 10848
0.20, 10788
0.20, 10668
0.21, 10451
0.21, 10393
0.21, 10264
0.21, 10228
0.22, 10141
0.23, 9912
0.23, 9870
0.23, 9856
0.24, 9825
0.24, 9649
0.25, 9582
0.25, 9553
0.26, 9303
0.27, 9299
0.29, 9290
0.31, 9245
0.32, 9220
0.32, 9194
0.33, 9124
0.35, 9123
0.37, 9111
0.38, 9069
0.46, 9062
0.48, 8960
0.64, 8959
0.74, 8926
0.74, 8862
0.75, 8842
0.76, 8836
0.80, 8789
0.81, 8756
0.87, 8672
0.89, 8472
0.93, 8436
1.11, 8429
1.64, 8414
1.64, 8410
1.70, 8386
1.75, 8349
1.79, 8348
1.88, 8328
1.89, 8320
1.91, 8180
2.69, 8177
2.70, 8171
