0.01, 30521
0.01, 30100
0.01, 29832
0.01, 28923
0.01, 28463
0.01, 28153
0.01, 27517
0.02, 27180
0.02, 26808
0.02, 24970
0.02, 24856
0.02, 24685
0.03, 24640
0.03, 24546
0.03, 24468
0.03, 24322
0.03, 24280
0.04, 24061
0.04, 23756
0.04, 23650
0.04, 23646
0.04, 23580
0.04, 22819
0.04, 22783
0.04, 21764
0.05, 21035
0.05, 20971
0.05, 20583
0.05, 20014
0.05, 19914
0.05, 19447
0.05, 19312
0.06, 19119
0.06, 19082
0.06, 18279
0.06, 18142
0.06, 18127
0.07, 18019
0.07, 17828
0.07, 17005
0.07, 16564
0.07, 16406
0.07, 16184
0.07, 15987
0.08, 15963
0.08, 15666
0.08, 15451
0.08, 15122
0.08, 14977
0.09, 14413
0.09, 14231
0.09, 13546
0.09, 13513
0.09, 12731
0.10, 12505
0.10, 12482
0.10, 12230
0.10, 12183
0.10, 12024
0.10, 11922
0.10, 11841
0.11, 11741
0.11, 11536
0.11, 11292
0.11, 11256
0.11, 11047
0.11, 10987
0.12, 10754
0.12, 10718
0.12, 10630
0.13, 10383
0.13, 10314
0.14, 10301
0.14, 10173
0.14, 10135
0.15, 10093
0.15, 10068
0.15, 10031
0.16, 9964
0.16, 9933
0.17, 9878
0.17, 9844
0.18, 9676
0.18, 9647
0.19, 9531
0.19, 9530
0.20, 9519
0.21, 9517
0.22, 9484
0.23, 9410
0.24, 9350
0.24, 9336
0.25, 9292
0.26, 9270
0.28, 9201
0.30, 9133
0.31, 9075
0.33, 9018
0.35, 9006
0.44, 8980
0.57, 8971
0.58, 8912
0.60, 8882
0.61, 8855
0.64, 8842
0.64, 8831
0.67, 8797
0.77, 8700
0.81, 8676
0.97, 8675
1.03, 8647
1.30, 8594
2.48, 8541
2.61, 8464
