0.01, 29906
0.01, 29415
0.01, 28293
0.01, 28146
0.01, 28130
0.01, 27367
0.01, 27306
0.02, 26850
0.02, 26826
0.02, 26754
0.02, 26575
0.03, 26147
0.03, 25584
0.03, 25255
0.03, 25115
0.04, 24878
0.04, 24831
0.04, 24636
0.04, 24273
0.04, 23545
0.04, 22647
0.04, 22588
0.04, 22185
0.05, 21744
0.05, 21735
0.05, 21603
0.05, 21288
0.05, 20949
0.05, 20789
0.06, 20610
0.06, 20345
0.06, 19130
0.06, 18870
0.06, 18720
0.06, 18580
0.07, 18477
0.07, 18135
0.07, 17998
0.07, 17920
0.07, 17778
0.07, 17399
0.08, 17318
0.08, 16967
0.08, 16902
0.08, 16624
0.08, 16554
0.08, 15775
0.08, 15645
0.09, 15634
0.09, 15543
0.09, 15446
0.09, 14917
0.09, 14605
0.09, 14492
0.09, 13923
0.10, 13873
0.10, 13768
0.10, 13643
0.10, 13601
0.10, 13583
0.10, 13563
0.11, 13331
0.11, 13266
0.11, 12863
0.11, 12785
0.11, 12677
0.11, 12653
0.12, 12578
0.12, 12429
0.12, 12393
0.12, 12150
0.12, 11857
0.12, 11747
0.12, 11566
0.13, 11485
0.13, 11312
0.13, 11238
0.13, 11124
0.13, 10949
0.13, 10885
0.13, 10717
0.14, 10441
0.14, 10267
0.14, 10169
0.14, 9973
0.14, 9948
0.15, 9888
0.16, 9887
0.17, 9859
0.18, 9817
0.19, 9810
0.19, 9807
0.19, 9725
0.19, 9697
0.20, 9673
0.24, 9648
0.24, 9606
0.25, 9599
0.25, 9524
0.26, 9510
0.26, 9496
0.26, 9336
0.28, 9326
0.30, 9259
0.31, 9258
0.32, 9062
0.38, 9040
0.39, 8911
0.40, 8773
0.41, 8747
0.42, 8675
0.45, 8646
0.47, 8517
0.77, 8516
1.17, 8273
