0.01, 26432
0.01, 26396
0.01, 26102
0.01, 25921
0.02, 25582
0.02, 25232
0.02, 25163
0.02, 23636
0.03, 23265
0.03, 23263
0.03, 22224
0.03, 22214
0.04, 21298
0.04, 20364
0.04, 20224
0.04, 20124
0.04, 19622
0.05, 19500
0.05, 19274
0.05, 19249
0.05, 18889
0.05, 18873
0.05, 18804
0.06, 18073
0.06, 18000
0.06, 17881
0.06, 17870
0.06, 17857
0.07, 17670
0.07, 17506
0.07, 17409
0.07, 16827
0.07, 16800
0.08, 15685
0.08, 15509
0.08, 15428
0.08, 15300
0.08, 15286
0.09, 15060
0.09, 14878
0.09, 14797
0.09, 14656
0.10, 14630
0.10, 14208
0.10, 14205
0.10, 14123
0.10, 13616
0.11, 13599
0.11, 13594
0.11, 13531
0.11, 13453
0.12, 13333
0.12, 13160
0.12, 13058
0.12, 12962
0.13, 12943
0.13, 12890
0.13, 12755
0.13, 12754
0.13, 12650
0.14, 12623
0.14, 12564
0.15, 12401
0.15, 12300
0.15, 12195
0.16, 12108
0.16, 11961
0.16, 11768
0.17, 11696
0.17, 11495
0.17, 11318
0.17, 10837
0.18, 10749
0.18, 10564
0.18, 10190
0.18, 10153
0.19, 10152
0.19, 10150
0.19, 10132
0.20, 10105
0.21, 10052
0.22, 9989
0.22, 9970
0.22, 9948
0.23, 9919
0.24, 9875
0.24, 9834
0.25, 9731
0.25, 9722
0.26, 9700
0.26, 9553
0.27, 9530
0.27, 9516
0.29, 9483
0.30, 9475
0.31, 9458
0.33, 9233
0.33, 9176
0.34, 9132
0.40, 9127
0.53, 9003
0.54, 8940
0.55, 8898
0.76, 8841
0.82, 8801
1.22, 8797
1.23, 8661
1.34, 8650
1.41, 8641
1.61, 8636
1.81, 8627
2.09, 8618
2.54, 8593
