0.01, 30533
0.01, 29812
0.01, 28552
0.01, 28297
0.01, 28197
0.01, 27853
0.01, 27542
0.01, 27262
0.02, 26908
0.02, 26706
0.02, 26495
0.02, 26209
0.02, 26171
0.02, 26029
0.02, 25812
0.02, 25558
0.02, 24779
0.02, 24486
0.02, 24412
0.03, 24144
0.03, 24103
0.03, 23824
0.03, 23688
0.04, 23476
0.04, 23469
0.04, 22732
0.04, 22633
0.04, 22554
0.04, 22529
0.04, 22475
0.04, 22041
0.05, 21701
0.05, 21488
0.05, 21412
0.05, 20952
0.05, 20258
0.05, 20209
0.05, 20156
0.05, 19857
0.06, 19680
0.06, 19246
0.06, 18883
0.06, 18238
0.06, 18220
0.06, 17880
0.06, 17753
0.07, 17614
0.07, 17225
0.07, 17070
0.07, 16912
0.07, 16809
0.07, 16394
0.08, 16355
0.08, 16248
0.08, 16011
0.08, 15579
0.08, 15480
0.08, 15380
0.08, 15120
0.09, 15097
0.09, 14936
0.09, 14643
0.09, 14530
0.09, 14521
0.09, 14414
0.10, 13794
0.10, 13754
0.10, 13623
0.10, 13585
0.10, 13427
0.11, 13339
0.11, 13239
0.11, 13211
0.11, 12831
0.12, 12732
0.12, 12687
0.12, 12518
0.12, 12385
0.13, 12317
0.13, 12138
0.13, 12109
0.13, 12105
0.14, 12061
0.14, 11475
0.14, 11297
0.14, 11013
0.14, 10986
0.15, 10825
0.15, 10823
0.15, 10760
0.16, 10701
0.16, 10651
0.16, 10368
0.16, 10359
0.16, 10352
0.17, 10343
0.17, 10242
0.17, 9496
0.18, 9478
0.18, 9387
0.19, 9353
0.19, 9314
0.19, 9312
0.20, 9221
0.20, 9071
0.21, 9056
0.23, 9035
0.31, 9010
0.32, 8996
0.36, 8995
0.36, 8974
0.37, 8955
0.37, 8910
0.42, 8892
0.45, 8867
0.46, 8709
0.54, 8692
0.66, 8685
0.66, 8648
1.02, 8620
1.03, 8568
1.03, 8566
1.07, 8477
1.15, 8472
1.19, 8434
1.26, 8422
1.39, 8395
1.75, 8344
2.80, 8337
