0.01, 31339
0.01, 31213
0.01, 30846
0.01, 30644
0.01, 30476
0.01, 30232
0.01, 29838
0.01, 29479
0.01, 28507
0.02, 27384
0.02, 26839
0.02, 26522
0.02, 26429
0.02, 25556
0.03, 25473
0.03, 25344
0.03, 25141
0.03, 25072
0.03, 24452
0.03, 24213
0.04, 23961
0.04, 23334
0.04, 23297
0.04, 22784
0.04, 22622
0.04, 22527
0.04, 21318
0.04, 20276
0.04, 19790
0.04, 19536
0.04, 19395
0.05, 19267
0.05, 18940
0.05, 18819
0.05, 18518
0.05, 18296
0.05, 17711
0.05, 17651
0.06, 17603
0.06, 17424
0.06, 17314
0.06, 17312
0.06, 17239
0.06, 17158
0.06, 16759
0.06, 16486
0.07, 16145
0.07, 16066
0.07, 16004
0.07, 15944
0.07, 15320
0.07, 14875
0.07, 14869
0.07, 14600
0.08, 14480
0.08, 14018
0.08, 14013
0.08, 13970
0.08, 13784
0.08, 13587
0.08, 13230
0.09, 12947
0.09, 12827
0.09, 12805
0.09, 12356
0.09, 12182
0.09, 12066
0.10, 12056
0.10, 12000
0.10, 11577
0.11, 11502
0.11, 11396
0.12, 11388
0.12, 11333
0.12, 11269
0.13, 11167
0.13, 11066
0.13, 10980
0.13, 10877
0.13, 10849
0.14, 10827
0.14, 10808
0.14, 10667
0.14, 10380
0.14, 10353
0.15, 10313
0.15, 10145
0.15, 10063
0.16, 10056
0.16, 9957
0.17, 9954
0.17, 9899
0.18, 9846
0.19, 9817
0.20, 9785
0.20, 9706
0.21, 9644
0.22, 9612
0.24, 9607
0.25, 9597
0.25, 9548
0.26, 9519
0.26, 9474
0.27, 9429
0.28, 9422
0.28, 9307
0.29, 9205
0.30, 9122
0.31, 9047
0.43, 9021
0.43, 8905
0.56, 8793
0.58, 8758
1.54, 8745
