0.02, 29187
0.02, 29057
0.02, 28624
0.02, 28474
0.02, 27960
0.02, 27924
0.02, 27562
0.02, 26506
0.02, 26203
0.02, 26131
0.03, 26060
0.03, 25681
0.03, 25470
0.03, 25388
0.03, 25387
0.03, 25191
0.05, 25046
0.05, 24767
0.05, 23442
0.05, 22900
0.05, 22614
0.05, 22446
0.05, 22264
0.05, 22252
0.05, 21981
0.05, 21864
0.06, 21292
0.06, 21189
0.06, 20937
0.06, 20603
0.06, 20601
0.06, 20242
0.06, 19964
0.06, 19743
0.06, 19717
0.08, 19019
0.08, 18873
0.08, 18723
0.08, 18393
0.08, 18364
0.08, 18335
0.08, 18130
0.08, 17984
0.08, 17965
0.09, 17603
0.09, 17514
0.09, 17419
0.09, 17358
0.09, 17037
0.09, 16954
0.09, 16953
0.09, 16874
0.11, 16222
0.11, 16199
0.11, 15832
0.11, 15567
0.11, 15550
0.11, 15351
0.11, 15297
0.11, 14683
0.11, 14531
0.13, 14068
0.13, 14065
0.13, 13670
0.13, 13659
0.13, 13473
0.13, 12880
0.13, 12550
0.13, 11903
0.13, 11882
0.14, 11647
0.14, 11628
0.14, 11520
0.14, 11486
0.14, 11444
0.14, 11441
0.14, 11139
0.14, 11010
0.16, 10946
0.16, 10837
0.16, 10832
0.16, 10769
0.16, 10746
0.16, 10568
0.16, 10542
0.16, 10398
0.17, 10377
0.17, 10232
0.17, 10208
0.19, 10142
0.19, 10129
0.20, 9959
0.20, 9947
0.22, 9939
0.22, 9937
0.23, 9923
0.25, 9892
0.30, 9874
0.31, 9854
0.33, 9846
0.33, 9805
0.34, 9779
0.36, 9724
0.36, 9632
0.36, 9613
0.38, 9521
0.41, 9413
0.42, 9379
0.45, 9355
0.47, 9351
0.48, 9289
0.52, 8828
0.53, 8823
0.56, 8778
0.59, 8732
0.61, 8676
0.64, 8643
0.67, 8619
0.91, 8432
1.25, 8341
1.75, 8268
1.81, 8140
