0.01, 30031
0.01, 29920
0.01, 29695
0.01, 29196
0.01, 28915
0.01, 28850
0.02, 28835
0.02, 28590
0.02, 28459
0.02, 28031
0.02, 27998
0.02, 27876
0.02, 27509
0.02, 26916
0.03, 26806
0.03, 26148
0.03, 25656
0.03, 25437
0.03, 25436
0.03, 24510
0.03, 24236
0.04, 23409
0.04, 22796
0.04, 22361
0.04, 22253
0.04, 21440
0.05, 21219
0.05, 20719
0.05, 20431
0.05, 19443
0.05, 19312
0.06, 18973
0.06, 18949
0.06, 18938
0.07, 18759
0.07, 18626
0.07, 18477
0.07, 18354
0.07, 17992
0.08, 17725
0.08, 17586
0.09, 17297
0.09, 17242
0.09, 16155
0.10, 15933
0.10, 15864
0.10, 15216
0.11, 14718
0.11, 14652
0.11, 14590
0.11, 14555
0.12, 14177
0.12, 14084
0.12, 13932
0.12, 13738
0.12, 13621
0.13, 13529
0.13, 13522
0.13, 13407
0.13, 12715
0.14, 12665
0.14, 12561
0.14, 12532
0.15, 12499
0.15, 12483
0.16, 12246
0.16, 12189
0.16, 12036
0.17, 11831
0.17, 11771
0.17, 11429
0.18, 11374
0.18, 11331
0.19, 11325
0.19, 11322
0.19, 11283
0.20, 11277
0.20, 11200
0.20, 10987
0.20, 10933
0.20, 10855
0.21, 10753
0.21, 10659
0.21, 10634
0.21, 10474
0.22, 10407
0.22, 10177
0.23, 10011
0.23, 9991
0.23, 9944
0.24, 9909
0.25, 9783
0.25, 9632
0.26, 9596
0.29, 9546
0.32, 9503
0.35, 9453
0.35, 9398
0.35, 9320
0.37, 9300
0.37, 9298
0.40, 9271
0.42, 9152
0.43, 9116
0.44, 9015
0.49, 9002
0.54, 8971
0.58, 8931
0.60, 8915
0.69, 8865
0.82, 8831
0.85, 8816
0.90, 8814
0.91, 8807
0.94, 8794
1.07, 8541
1.10, 8436
1.25, 8397
