0.01, 29313
0.01, 28353
0.01, 28297
0.01, 26848
0.01, 26459
0.01, 25939
0.01, 25697
0.02, 25080
0.02, 25046
0.03, 24863
0.03, 24462
0.03, 23579
0.03, 23577
0.03, 23207
0.03, 22261
0.04, 21755
0.04, 21518
0.04, 21478
0.04, 21181
0.04, 21047
0.04, 20738
0.04, 20587
0.04, 20527
0.04, 20507
0.05, 20447
0.05, 20017
0.05, 19963
0.05, 19525
0.05, 18792
0.06, 18666
0.06, 18554
0.06, 18553
0.06, 18252
0.06, 17776
0.07, 17757
0.07, 17209
0.07, 17067
0.07, 17055
0.07, 16814
0.08, 16810
0.08, 16557
0.08, 16183
0.08, 15165
0.08, 14954
0.09, 14822
0.09, 14742
0.09, 14581
0.09, 14494
0.09, 14487
0.09, 14302
0.09, 14013
0.10, 13982
0.10, 13859
0.10, 13738
0.10, 13564
0.10, 13477
0.10, 13469
0.11, 13467
0.11, 13272
0.11, 13222
0.11, 13196
0.11, 13047
0.12, 12968
0.12, 12736
0.12, 12636
0.12, 12583
0.12, 12414
0.12, 12048
0.13, 11923
0.13, 11879
0.13, 11855
0.13, 11843
0.13, 11734
0.13, 11720
0.14, 11354
0.15, 11282
0.15, 10995
0.15, 10974
0.16, 10943
0.17, 10905
0.17, 10897
0.17, 10863
0.17, 10799
0.18, 10183
0.18, 10168
0.19, 10151
0.20, 10144
0.20, 10053
0.21, 10025
0.21, 9920
0.21, 9876
0.21, 9875
0.22, 9870
0.23, 9844
0.23, 9721
0.23, 9579
0.23, 9518
0.24, 9481
0.24, 9468
0.25, 9449
0.26, 9396
0.26, 9349
0.26, 9085
0.28, 9070
0.28, 9040
0.29, 9025
0.29, 8946
0.32, 8842
0.35, 8841
0.36, 8793
0.37, 8767
0.45, 8763
0.56, 8755
0.96, 8746
1.12, 8744
1.20, 8675
1.58, 8631
1.73, 8624
1.78, 8612
