0.01, 30265
0.01, 29492
0.01, 29133
0.01, 28649
0.01, 28068
0.02, 28064
0.02, 27387
0.02, 27039
0.02, 27031
0.02, 26329
0.02, 26160
0.02, 25377
0.02, 25103
0.03, 24494
0.03, 24122
0.03, 23893
0.03, 23530
0.04, 23527
0.04, 23356
0.04, 23177
0.04, 22225
0.04, 21740
0.04, 21704
0.05, 21633
0.05, 21353
0.05, 20773
0.05, 20614
0.05, 20598
0.05, 20343
0.05, 20148
0.05, 20112
0.06, 19918
0.06, 19845
0.06, 19720
0.06, 19712
0.06, 19695
0.06, 19071
0.07, 18889
0.07, 18741
0.07, 18720
0.07, 18567
0.07, 18419
0.07, 18164
0.07, 18157
0.07, 18066
0.07, 17863
0.08, 17439
0.08, 16421
0.08, 15811
0.08, 15558
0.08, 15408
0.08, 15227
0.08, 15219
0.09, 15109
0.09, 15095
0.09, 14959
0.09, 14886
0.09, 14475
0.09, 14154
0.09, 14136
0.09, 14083
0.10, 13800
0.10, 13481
0.10, 13427
0.10, 13355
0.11, 13275
0.11, 13074
0.11, 12782
0.11, 12734
0.11, 12727
0.12, 12690
0.12, 12560
0.12, 12467
0.12, 12232
0.12, 12137
0.12, 12126
0.12, 12066
0.12, 11926
0.13, 11807
0.13, 11582
0.13, 11551
0.13, 11448
0.13, 11382
0.13, 11314
0.14, 11220
0.14, 11207
0.14, 11006
0.14, 10987
0.14, 10863
0.15, 10860
0.15, 10836
0.15, 10824
0.16, 10695
0.16, 10541
0.16, 10530
0.16, 10149
0.17, 10148
0.17, 10090
0.17, 9995
0.17, 9820
0.18, 9806
0.19, 9603
0.19, 9538
0.20, 9537
0.21, 9446
0.22, 9370
0.25, 9362
0.27, 9354
0.28, 9164
0.29, 9146
0.29, 9120
0.30, 9085
0.31, 8936
0.32, 8925
0.34, 8824
0.36, 8775
0.37, 8446
0.41, 8422
0.54, 8419
0.59, 8367
0.75, 8350
0.79, 8343
0.91, 8340
0.92, 8312
0.99, 8307
1.01, 8302
1.02, 8174
1.14, 8156
1.40, 8151
1.89, 8127
