0.01, 28812
0.01, 28610
0.01, 28578
0.01, 27718
0.01, 27481
0.01, 27094
0.01, 26949
0.02, 26153
0.02, 26125
0.02, 25648
0.02, 25645
0.02, 25568
0.03, 25458
0.03, 25381
0.03, 24574
0.03, 24370
0.03, 23607
0.03, 23523
0.03, 23102
0.04, 22825
0.04, 22807
0.04, 22658
0.04, 22656
0.04, 22461
0.04, 22447
0.04, 22373
0.05, 21693
0.05, 21281
0.05, 20023
0.05, 19735
0.05, 19691
0.05, 19627
0.05, 19246
0.05, 19244
0.05, 18772
0.06, 18609
0.06, 18516
0.06, 18221
0.06, 18169
0.06, 17949
0.06, 17863
0.06, 17740
0.06, 17569
0.07, 17433
0.07, 17176
0.08, 17002
0.08, 16713
0.09, 16682
0.09, 16514
0.09, 16229
0.09, 15547
0.09, 15363
0.09, 15217
0.10, 14880
0.10, 14436
0.10, 14434
0.10, 14246
0.10, 14150
0.10, 13647
0.10, 13442
0.10, 13274
0.11, 13268
0.11, 13160
0.11, 13088
0.11, 13039
0.11, 12981
0.11, 12960
0.12, 12942
0.12, 12597
0.12, 12516
0.12, 12512
0.12, 12491
0.12, 12426
0.13, 12411
0.13, 12340
0.13, 12066
0.13, 11884
0.13, 11697
0.13, 11643
0.13, 11629
0.13, 11611
0.14, 11595
0.14, 11516
0.14, 11352
0.14, 10873
0.14, 10825
0.14, 10759
0.15, 10734
0.15, 10732
0.15, 10728
0.16, 10602
0.16, 10586
0.16, 10567
0.17, 10519
0.17, 10505
0.17, 10461
0.17, 10354
0.18, 10303
0.18, 10197
0.18, 9765
0.19, 9625
0.20, 9480
0.24, 9325
0.25, 9311
0.27, 9282
0.27, 9281
0.30, 9252
0.35, 9233
0.36, 9154
0.41, 9143
0.47, 9138
0.48, 9115
0.50, 9065
0.64, 8972
0.64, 8964
0.66, 8961
0.69, 8921
0.75, 8909
0.77, 8857
0.82, 8856
0.83, 8807
0.91, 8732
0.97, 8709
1.41, 8658
1.42, 8648
1.43, 8624
1.47, 8590
1.48, 8549
1.51, 8508
1.60, 8416
1.65, 8394
1.76, 8374
