0.01, 28955
0.01, 28774
0.01, 28355
0.01, 26905
0.02, 26683
0.02, 25928
0.02, 25654
0.03, 25337
0.03, 25260
0.03, 25135
0.03, 24615
0.03, 24425
0.03, 24370
0.03, 23368
0.04, 22940
0.04, 22730
0.04, 22508
0.04, 22255
0.04, 22167
0.04, 22093
0.04, 22076
0.05, 22046
0.05, 21956
0.05, 21560
0.05, 21542
0.05, 21511
0.05, 21342
0.05, 21031
0.05, 20210
0.06, 19375
0.06, 19352
0.06, 18957
0.06, 18847
0.06, 18576
0.07, 17727
0.07, 17650
0.07, 17579
0.07, 17103
0.07, 16981
0.08, 16955
0.08, 16909
0.08, 16670
0.08, 16594
0.08, 16450
0.08, 16110
0.09, 15946
0.09, 15899
0.09, 15507
0.09, 15387
0.09, 15383
0.09, 15292
0.10, 14938
0.10, 14621
0.10, 14470
0.10, 14084
0.10, 13896
0.11, 13894
0.11, 13675
0.11, 13363
0.11, 13315
0.11, 13107
0.12, 12785
0.12, 12781
0.12, 12502
0.12, 12495
0.13, 12175
0.13, 12092
0.13, 12080
0.13, 11871
0.13, 11715
0.14, 11697
0.14, 11511
0.14, 11467
0.14, 11415
0.14, 11345
0.14, 11323
0.14, 11198
0.14, 11080
0.15, 10921
0.15, 10740
0.15, 10722
0.15, 10646
0.15, 10520
0.15, 10444
0.15, 10408
0.15, 10363
0.16, 10199
0.16, 10174
0.16, 9997
0.16, 9931
0.17, 9801
0.17, 9742
0.17, 9716
0.17, 9700
0.18, 9419
0.18, 9375
0.19, 9351
0.22, 9333
0.23, 9312
0.24, 9291
0.25, 9259
0.28, 9256
0.31, 9235
0.33, 9214
0.36, 9129
0.37, 9092
0.52, 8923
0.57, 8874
0.62, 8873
0.64, 8796
0.65, 8746
0.70, 8717
0.75, 8688
0.75, 8685
0.78, 8551
0.79, 8502
0.86, 8490
0.87, 8453
1.09, 8448
1.58, 8424
