0.01, 25919
0.02, 24994
0.02, 24723
0.03, 24566
0.03, 24062
0.03, 23869
0.03, 23677
0.03, 23471
0.04, 22956
0.04, 22895
0.04, 22414
0.04, 22351
0.04, 21859
0.04, 21840
0.04, 21607
0.04, 21581
0.04, 21560
0.04, 20804
0.04, 20165
0.04, 20160
0.05, 20005
0.05, 19981
0.05, 19977
0.05, 19790
0.05, 19681
0.05, 19145
0.05, 18967
0.06, 18024
0.06, 17482
0.06, 17188
0.06, 17099
0.06, 16874
0.07, 16772
0.07, 16042
0.07, 15877
0.07, 15631
0.07, 15544
0.08, 15470
0.08, 15444
0.08, 15435
0.09, 15207
0.09, 15147
0.09, 15118
0.10, 14988
0.10, 14691
0.10, 14595
0.11, 14524
0.11, 13883
0.11, 13827
0.11, 13704
0.12, 13535
0.12, 13519
0.12, 13265
0.12, 13123
0.12, 12996
0.13, 12752
0.13, 12727
0.13, 12598
0.13, 12590
0.14, 12580
0.14, 12407
0.14, 12263
0.15, 12231
0.16, 12131
0.17, 11965
0.17, 11960
0.18, 11948
0.18, 11814
0.19, 11762
0.19, 11729
0.19, 11726
0.20, 11553
0.20, 11483
0.20, 11400
0.20, 11368
0.21, 11164
0.21, 11038
0.21, 10934
0.22, 10887
0.22, 10486
0.22, 10415
0.24, 10367
0.24, 10260
0.24, 10137
0.24, 10077
0.24, 9918
0.25, 9730
0.25, 9672
0.26, 9624
0.28, 9459
0.30, 9266
0.31, 9123
0.32, 9028
0.33, 8864
0.35, 8812
0.46, 8769
0.52, 8743
0.65, 8713
0.70, 8694
0.92, 8666
1.10, 8640
1.17, 8602
1.72, 8594
