0.01, 29889
0.01, 29495
0.01, 29220
0.01, 29142
0.01, 29050
0.01, 28783
0.01, 28096
0.01, 28081
0.01, 27747
0.02, 27671
0.02, 27201
0.02, 26672
0.02, 26670
0.02, 26371
0.03, 25958
0.03, 25271
0.03, 23805
0.03, 23333
0.04, 22782
0.04, 22647
0.04, 22522
0.04, 22389
0.04, 22283
0.04, 22255
0.04, 21979
0.04, 21898
0.05, 21791
0.05, 21789
0.05, 21513
0.05, 21144
0.05, 20959
0.05, 20936
0.05, 20657
0.05, 20509
0.05, 20461
0.06, 20458
0.06, 19966
0.06, 18966
0.06, 18174
0.06, 18126
0.07, 18055
0.07, 17954
0.07, 17838
0.07, 17637
0.07, 16365
0.08, 15947
0.08, 15763
0.08, 15498
0.08, 15400
0.08, 15054
0.08, 14763
0.08, 14700
0.08, 14101
0.09, 14063
0.09, 13977
0.09, 13778
0.09, 13590
0.09, 13416
0.09, 12999
0.09, 12903
0.10, 12788
0.10, 12784
0.10, 12681
0.10, 12597
0.10, 12594
0.10, 12591
0.11, 12539
0.11, 12420
0.11, 12411
0.11, 12104
0.11, 11775
0.11, 11773
0.12, 11517
0.12, 11447
0.12, 10999
0.12, 10968
0.12, 10814
0.12, 10785
0.13, 10722
0.13, 10494
0.13, 10456
0.13, 10437
0.13, 10305
0.13, 10250
0.14, 10243
0.14, 10067
0.14, 10041
0.14, 10030
0.15, 10007
0.16, 9784
0.17, 9734
0.18, 9661
0.20, 9648
0.21, 9527
0.22, 9476
0.23, 9462
0.24, 9302
0.24, 9292
0.25, 9277
0.26, 9222
0.27, 9217
0.28, 9190
0.31, 9180
0.32, 9145
0.43, 9072
0.46, 9068
0.52, 9058
0.57, 9036
0.59, 9030
0.61, 9002
0.63, 8971
0.75, 8961
0.78, 8793
1.24, 8779
1.77, 8771
2.09, 8704
2.46, 8693
2.63, 8686
