0.01, 29959
0.01, 29123
0.01, 28600
0.01, 27665
0.01, 26848
0.01, 26732
0.01, 25649
0.02, 25081
0.02, 24747
0.03, 24659
0.03, 24412
0.03, 23970
0.03, 23824
0.04, 23788
0.04, 23665
0.04, 23362
0.04, 23222
0.04, 22345
0.04, 22186
0.05, 20993
0.05, 20983
0.05, 20682
0.05, 20622
0.05, 20173
0.06, 19444
0.06, 19012
0.06, 18552
0.06, 18526
0.06, 18066
0.06, 18012
0.07, 18001
0.07, 17825
0.07, 17737
0.07, 17566
0.07, 17531
0.08, 17440
0.08, 17234
0.08, 17201
0.08, 17071
0.08, 17019
0.08, 16502
0.08, 16058
0.08, 16005
0.08, 15925
0.09, 15857
0.09, 15202
0.09, 14989
0.09, 14984
0.09, 14866
0.09, 14843
0.10, 14835
0.10, 14823
0.10, 14650
0.10, 14443
0.10, 14346
0.10, 14323
0.11, 14200
0.11, 13615
0.11, 13548
0.11, 13406
0.11, 13051
0.12, 12998
0.12, 12978
0.12, 12917
0.12, 12875
0.12, 12475
0.12, 12318
0.12, 12290
0.13, 12271
0.13, 12165
0.13, 12140
0.13, 11974
0.13, 11828
0.14, 11819
0.14, 11584
0.14, 11469
0.14, 11448
0.14, 11447
0.15, 11410
0.15, 11337
0.15, 11200
0.15, 11097
0.15, 10949
0.16, 10930
0.16, 10912
0.16, 10394
0.16, 10319
0.16, 10246
0.16, 9982
0.17, 9962
0.18, 9940
0.18, 9937
0.19, 9806
0.19, 9779
0.19, 9742
0.20, 9642
0.25, 9638
0.26, 9591
0.27, 9539
0.28, 9489
0.30, 9456
0.34, 9443
0.35, 9440
0.36, 9430
0.41, 9425
0.42, 9355
0.45, 9335
0.46, 9327
0.47, 9142
0.49, 9118
0.50, 9099
0.53, 9090
0.54, 9049
0.59, 9016
0.61, 8971
0.66, 8958
0.66, 8860
0.76, 8859
0.77, 8845
0.82, 8827
1.17, 8812
1.55, 8712
1.87, 8702
2.18, 8686
