0.01, 28292
0.02, 27862
0.02, 26610
0.02, 25686
0.03, 25049
0.03, 25031
0.04, 24647
0.04, 24554
0.04, 23827
0.05, 23661
0.05, 23037
0.06, 23036
0.06, 23035
0.08, 22523
0.08, 21306
0.08, 21204
0.08, 20926
0.08, 20690
0.09, 20279
0.09, 19686
0.10, 19492
0.11, 19334
0.11, 19272
0.11, 19220
0.11, 19006
0.12, 18946
0.12, 18639
0.12, 18452
0.12, 18426
0.12, 17820
0.12, 17354
0.13, 17271
0.13, 17041
0.13, 16981
0.14, 16853
0.14, 16815
0.14, 16616
0.14, 16542
0.15, 16423
0.15, 16205
0.15, 15809
0.15, 15787
0.16, 15773
0.16, 15615
0.16, 15499
0.16, 15346
0.16, 15156
0.17, 15098
0.17, 15008
0.17, 14743
0.17, 14700
0.17, 14375
0.18, 14308
0.18, 14120
0.18, 13942
0.18, 13832
0.19, 13373
0.19, 13346
0.19, 13192
0.19, 13118
0.19, 13108
0.20, 12790
0.20, 12758
0.20, 12545
0.20, 12408
0.20, 12362
0.20, 12245
0.21, 12183
0.21, 12152
0.21, 12140
0.21, 11834
0.21, 11675
0.21, 11559
0.21, 11517
0.22, 11474
0.22, 11405
0.22, 11270
0.22, 10965
0.22, 10960
0.22, 10899
0.22, 10850
0.23, 10836
0.23, 10818
0.23, 10677
0.23, 10394
0.23, 10380
0.23, 10314
0.24, 10247
0.24, 10170
0.24, 10126
0.25, 10124
0.25, 10110
0.27, 10098
0.27, 10037
0.28, 9954
0.28, 9920
0.28, 9881
0.29, 9274
0.29, 9260
0.34, 9189
0.37, 9185
0.39, 9170
0.40, 9137
0.41, 9085
0.41, 9077
0.41, 9029
0.42, 8927
0.43, 8880
0.49, 8827
0.66, 8788
0.86, 8782
0.87, 8771
1.19, 8743
1.28, 8731
