0.01, 28335
0.01, 28260
0.01, 28192
0.01, 28048
0.02, 27685
0.02, 27493
0.02, 27039
0.02, 26849
0.02, 25239
0.02, 24994
0.02, 24099
0.03, 23900
0.03, 23852
0.03, 23764
0.04, 23655
0.04, 23587
0.04, 23457
0.04, 23154
0.04, 22667
0.04, 22095
0.04, 22047
0.04, 21813
0.05, 21552
0.05, 21378
0.05, 21136
0.05, 21040
0.05, 20805
0.05, 19876
0.05, 19633
0.05, 19101
0.05, 18956
0.05, 18887
0.06, 18531
0.06, 18147
0.06, 17540
0.06, 17143
0.06, 16881
0.07, 16561
0.07, 16482
0.07, 16216
0.07, 16023
0.07, 15887
0.08, 15717
0.08, 15653
0.08, 15512
0.09, 15181
0.09, 15178
0.09, 14797
0.09, 14754
0.09, 14512
0.09, 14436
0.10, 14335
0.10, 14214
0.10, 13955
0.10, 13688
0.11, 13478
0.11, 13239
0.11, 13206
0.11, 13017
0.11, 12970
0.11, 12812
0.11, 12749
0.12, 12608
0.12, 12532
0.12, 12243
0.12, 12241
0.12, 11962
0.12, 11938
0.13, 11858
0.13, 11830
0.13, 11660
0.13, 11463
0.13, 11187
0.14, 11141
0.14, 10993
0.14, 10936
0.14, 10863
0.14, 10512
0.15, 10408
0.15, 10282
0.15, 10190
0.16, 10173
0.16, 10056
0.16, 10033
0.16, 9945
0.16, 9848
0.18, 9782
0.18, 9777
0.19, 9739
0.22, 9553
0.22, 9516
0.22, 9496
0.22, 9495
0.23, 9492
0.23, 9411
0.24, 9393
0.25, 9277
0.26, 9264
0.27, 9239
0.28, 9209
0.29, 9190
0.32, 9173
0.36, 9158
0.45, 9156
0.46, 9099
0.50, 9082
0.53, 9029
0.54, 9010
0.65, 9003
0.68, 8932
0.73, 8796
0.77, 8769
0.96, 8753
0.97, 8731
1.01, 8704
1.03, 8565
1.13, 8524
1.71, 8452
1.75, 8261
1.91, 8166
