0.01, 28708
0.01, 28285
0.01, 28087
0.01, 27792
0.02, 26906
0.02, 26104
0.02, 25760
0.02, 25407
0.02, 24691
0.02, 24400
0.02, 24007
0.03, 23697
0.03, 23403
0.03, 23364
0.03, 23281
0.03, 22795
0.03, 22634
0.04, 21363
0.04, 21021
0.04, 20917
0.04, 20774
0.04, 20170
0.04, 19098
0.05, 19008
0.05, 18850
0.05, 18592
0.05, 18390
0.05, 18227
0.05, 17681
0.05, 17638
0.05, 17558
0.06, 17466
0.06, 17278
0.06, 17221
0.06, 17137
0.06, 17057
0.06, 17012
0.06, 16279
0.07, 15415
0.07, 15363
0.07, 15280
0.07, 15133
0.07, 15019
0.07, 14629
0.08, 14225
0.08, 13849
0.08, 13809
0.08, 13525
0.09, 13280
0.09, 13261
0.09, 13187
0.09, 12997
0.09, 12834
0.10, 12763
0.10, 12721
0.10, 12697
0.10, 12645
0.10, 12489
0.11, 12345
0.11, 12163
0.11, 11789
0.11, 11580
0.12, 11575
0.12, 11392
0.12, 11328
0.13, 11292
0.13, 11062
0.13, 10986
0.14, 10973
0.14, 10941
0.14, 10924
0.14, 10839
0.14, 10808
0.15, 10692
0.15, 10626
0.16, 10609
0.16, 10466
0.16, 10388
0.16, 10313
0.17, 10268
0.17, 10218
0.18, 10196
0.18, 10172
0.18, 10139
0.18, 10129
0.19, 9929
0.21, 9865
0.21, 9853
0.21, 9635
0.21, 9561
0.22, 9410
0.25, 9408
0.26, 9380
0.29, 9376
0.30, 9293
0.30, 9276
0.31, 9269
0.33, 9242
0.33, 9139
0.36, 9062
0.41, 8979
0.50, 8970
0.53, 8893
1.02, 8857
1.18, 8850
1.23, 8818
1.40, 8810
1.41, 8777
1.47, 8753
1.51, 8744
1.52, 8669
1.54, 8667
1.63, 8644
1.75, 8631
1.85, 8627
1.99, 8610
2.01, 8609
2.02, 8536
2.22, 8533
2.23, 8529
2.35, 8498
4.47, 8492
4.66, 8483
