0.11, 808235
1.65, 807883
2.49, 807837
2.54, 805396
3.07, 804949
4.16, 804490
4.41, 804200
5.25, 804075
5.92, 802736
6.11, 801732
6.18, 801534
6.41, 800486
6.68, 800280
8.06, 799392
8.15, 799389
8.49, 798848
8.67, 798243
8.89, 796832
11.15, 796401
11.50, 792383
11.55, 790560
11.97, 790535
14.19, 790229
15.55, 790024
16.66, 789158
16.67, 788508
16.96, 787923
17.27, 787862
17.76, 787730
18.22, 787188
19.95, 786922
19.97, 786876
20.74, 782686
20.85, 782281
22.46, 782244
22.62, 781324
23.71, 781197
26.19, 780733
26.57, 780118
27.74, 780110
27.94, 777906
27.97, 776154
28.42, 775630
28.53, 775572
28.54, 774879
29.05, 774800
29.68, 770534
29.77, 769749
30.40, 769651
31.40, 769297
31.55, 762445
32.22, 761575
32.50, 760358
33.23, 759921
33.44, 759656
33.81, 758792
34.61, 758655
34.76, 757837
36.05, 757041
36.11, 755397
36.16, 754564
36.64, 751998
36.69, 750845
37.36, 750621
37.56, 750614
40.29, 750294
40.76, 746790
41.07, 746539
42.19, 745161
42.75, 745002
43.07, 742996
43.91, 741385
43.97, 740548
47.76, 740375
48.31, 738237
51.02, 737912
53.49, 737894
55.57, 737692
55.80, 737670
57.57, 737488
59.32, 737073
61.85, 736784
62.85, 732169
63.49, 731993
63.50, 731152
64.62, 731130
69.74, 730495
71.16, 724405
75.01, 724116
75.50, 723626
80.59, 722754
82.50, 721204
84.04, 720324
87.46, 719253
89.93, 718952
90.01, 718892
90.01, 718559
90.28, 718396
90.56, 717799
91.18, 717421
93.48, 717276
96.59, 714006
101.50, 713440
103.55, 711117
112.03, 710200
114.39, 710020
115.32, 709631
115.79, 709368
118.46, 708735
