0.10, 808235
0.20, 806165
0.85, 805939
0.86, 805242
1.93, 804371
3.86, 801123
4.08, 799942
4.09, 799651
4.43, 799205
4.79, 799110
5.21, 799102
5.82, 798453
7.01, 797139
7.11, 796236
9.42, 795708
12.64, 794814
13.30, 794681
13.48, 794343
14.51, 793896
14.64, 793850
14.75, 793226
14.83, 793155
15.68, 791270
16.03, 790933
16.60, 790347
17.29, 790342
18.48, 789130
18.82, 789094
18.95, 788988
19.63, 786803
20.40, 786688
21.42, 786082
21.64, 785688
21.73, 785403
21.97, 784794
22.04, 784751
22.57, 783759
24.01, 783681
24.18, 783228
24.38, 782707
24.99, 781833
25.98, 781506
26.62, 779726
28.62, 779289
28.78, 778842
29.22, 778142
29.37, 776631
31.35, 776035
31.88, 775135
32.12, 774988
33.30, 774750
33.38, 773839
35.29, 772861
35.38, 766080
36.13, 765454
37.62, 765084
39.60, 764993
41.32, 762690
41.39, 761686
43.12, 761367
44.97, 760836
45.24, 757949
48.31, 756887
48.83, 753605
49.03, 753453
49.07, 751546
51.40, 751376
51.73, 751354
53.07, 751239
54.77, 750960
58.68, 750620
59.40, 748743
62.36, 748440
65.33, 746549
67.03, 746144
68.13, 746057
68.88, 745368
69.59, 745121
70.69, 744809
72.07, 743457
76.06, 743450
76.31, 742874
77.18, 742801
78.60, 742669
80.06, 741337
82.57, 738643
83.85, 738206
85.10, 737860
86.12, 737424
88.07, 737224
88.88, 736956
89.00, 736782
90.08, 735810
90.57, 735454
92.88, 735188
97.84, 734508
100.86, 734437
103.21, 734393
103.68, 734333
107.60, 734219
111.53, 734199
111.71, 733758
111.98, 733667
115.78, 733371
118.80, 733249
119.44, 732108
