0.09, 808235
0.56, 807967
0.85, 807926
0.85, 807719
1.02, 807557
1.30, 803635
1.66, 803572
1.97, 803535
2.29, 803495
2.31, 802338
2.61, 802149
3.30, 802124
3.67, 802078
3.70, 801472
5.92, 801340
6.42, 801320
7.03, 800036
7.29, 799539
7.30, 798998
8.28, 798826
8.49, 797822
8.63, 797136
8.87, 795847
9.54, 795558
10.24, 795350
10.51, 794769
12.08, 792075
12.79, 792025
12.80, 791531
12.80, 791443
12.85, 791218
13.03, 790504
13.49, 790196
13.78, 790102
14.32, 788651
14.42, 787350
14.46, 786761
14.60, 786045
14.88, 785719
15.55, 785357
16.63, 785196
17.79, 785093
18.24, 784995
18.42, 782947
18.99, 782559
19.96, 781821
20.58, 776920
22.34, 775599
22.51, 774380
22.79, 773935
24.40, 773705
28.07, 773622
28.19, 773245
29.06, 773130
29.41, 773108
29.46, 773053
32.93, 772942
33.23, 772798
33.49, 772599
34.73, 772545
35.20, 771907
35.28, 771035
35.71, 770148
36.07, 768839
36.58, 768469
37.53, 767407
37.89, 767178
38.05, 767100
40.32, 764673
41.33, 764461
42.02, 763784
42.24, 760945
42.26, 760835
43.04, 760299
46.08, 759958
47.18, 759516
47.71, 759467
49.28, 758792
49.99, 758539
53.84, 757570
54.32, 757507
54.88, 755657
55.41, 754961
58.67, 754785
60.56, 754134
61.29, 753581
61.61, 752727
61.66, 752721
63.46, 752388
64.35, 752184
65.17, 751491
66.62, 750910
68.30, 750546
69.06, 750452
69.59, 749105
69.74, 746851
69.95, 746787
71.01, 746128
74.39, 745924
79.64, 745862
88.54, 745025
91.57, 743881
108.07, 743712
108.48, 743679
112.48, 743586
