0.10, 808235
0.72, 804064
0.88, 804018
1.04, 803978
1.09, 803790
1.32, 803744
1.91, 801046
2.23, 799292
2.53, 799133
5.31, 793862
5.54, 792095
5.79, 791292
6.22, 790983
6.42, 788255
6.44, 787901
6.71, 787304
7.67, 786846
7.70, 785660
8.48, 781764
10.83, 781629
11.44, 780512
11.67, 779638
11.77, 779587
11.79, 779052
12.29, 778053
12.73, 776422
14.50, 774606
16.27, 774526
16.50, 773365
18.31, 772765
19.12, 772410
19.32, 772178
19.50, 770440
19.51, 769777
20.48, 769645
21.01, 768725
22.68, 766983
23.13, 766530
23.38, 765989
23.60, 764672
24.76, 763662
24.82, 763209
26.42, 762768
27.25, 762750
27.53, 762745
29.19, 762664
29.93, 761552
30.80, 760259
30.90, 759444
31.21, 759330
32.66, 758326
33.10, 758164
34.60, 757851
35.40, 757822
35.55, 749963
35.67, 749443
35.71, 748097
35.73, 748093
35.88, 747833
40.56, 747723
41.75, 746731
42.91, 745775
44.52, 744212
47.26, 743822
48.09, 743521
48.30, 743186
49.35, 739904
49.57, 739745
52.98, 737865
54.32, 737226
56.01, 736617
56.31, 735340
57.57, 734167
58.10, 733973
58.49, 733079
59.19, 731188
59.72, 730210
61.17, 727910
61.70, 727884
61.98, 727425
62.15, 727269
66.59, 727075
68.07, 726431
70.05, 726409
70.55, 725683
72.46, 725222
73.04, 724641
79.06, 723857
79.18, 723652
80.10, 723549
81.91, 723171
85.48, 721447
90.35, 721008
93.95, 720696
94.73, 720674
95.00, 720205
95.36, 719391
96.42, 718173
98.18, 717128
99.72, 714434
101.85, 714113
102.29, 713672
103.96, 713640
104.87, 713419
108.43, 713014
111.61, 712953
112.89, 712082
114.12, 712026
118.52, 710997
