0.11, 808235
1.17, 807776
1.77, 807649
2.52, 807569
2.65, 807057
2.76, 805025
2.85, 804745
3.01, 804534
3.03, 803200
3.09, 802550
3.23, 801698
3.34, 801647
4.18, 798742
4.40, 797738
4.81, 796421
5.15, 796332
6.86, 795326
8.12, 795267
8.64, 794404
11.03, 793190
11.38, 789172
11.71, 788425
12.75, 788241
12.91, 787635
13.51, 787449
13.55, 786967
13.69, 786580
14.30, 785811
14.77, 785736
14.83, 785048
15.74, 782181
16.08, 781901
16.37, 781408
17.38, 781223
17.64, 780491
17.93, 779786
18.19, 774805
19.68, 774712
20.84, 774582
20.86, 773922
21.61, 773732
21.91, 773626
21.91, 773387
22.32, 773360
23.18, 772803
23.44, 772637
23.52, 772021
23.71, 771577
23.75, 766076
24.66, 766054
25.05, 765134
25.47, 765024
26.17, 764528
27.44, 764505
28.27, 763638
29.06, 761564
30.82, 756070
31.18, 755979
32.56, 755674
33.77, 755605
33.85, 755592
34.38, 754720
35.80, 753556
36.88, 753494
37.58, 753422
40.23, 752548
40.37, 752520
41.07, 752079
41.71, 751218
43.76, 751068
47.62, 751056
48.59, 750933
48.91, 750363
49.77, 750198
49.83, 750191
58.41, 749770
59.41, 745006
59.72, 744525
60.07, 743072
60.21, 743046
61.04, 742865
61.39, 740785
61.52, 738359
61.79, 737918
61.98, 736267
63.47, 736105
63.80, 735122
66.05, 735052
66.20, 732693
67.28, 732655
68.68, 732607
69.71, 731353
69.75, 728071
70.06, 726453
77.95, 726377
80.56, 725994
85.00, 725797
87.58, 725377
89.49, 724235
90.47, 724202
91.81, 723310
93.55, 723278
94.22, 723198
94.79, 721645
96.05, 721240
97.59, 720001
99.88, 719912
100.08, 719685
102.06, 719567
106.00, 718601
106.34, 717626
108.61, 717614
112.64, 717440
113.31, 717437
117.36, 717400
119.40, 711734
