0.10, 808235
0.33, 807799
0.33, 807366
0.60, 806577
0.86, 806482
0.90, 802464
1.33, 802211
1.36, 801766
1.60, 800419
1.62, 800213
1.63, 799623
2.40, 798912
2.40, 796917
2.40, 796375
2.51, 795846
2.52, 794477
2.76, 794285
3.42, 793516
3.60, 793045
3.61, 792777
4.68, 791494
4.85, 791306
5.06, 791269
5.06, 790652
5.09, 788514
5.32, 785277
5.55, 784926
8.31, 784020
9.05, 783915
9.56, 779131
10.25, 778294
10.27, 770938
11.23, 768753
12.48, 768654
13.45, 766584
14.38, 766301
14.52, 766298
15.21, 765605
15.38, 764964
15.95, 764340
15.98, 764294
16.75, 763788
17.06, 763743
18.84, 763456
19.25, 762212
19.25, 762100
19.42, 761349
22.07, 756910
22.80, 756833
24.38, 756611
25.77, 754804
26.51, 753806
26.57, 753319
26.75, 752459
27.36, 752049
27.53, 751257
27.64, 751142
27.71, 751105
27.96, 751020
28.62, 750481
29.06, 749989
29.51, 749723
30.64, 748961
30.71, 748661
32.79, 747657
33.95, 747624
34.15, 747029
36.02, 746938
36.09, 745921
37.17, 745795
38.54, 745596
39.25, 745515
39.37, 744601
41.78, 744388
45.05, 743784
46.95, 743724
46.98, 741839
48.68, 740061
50.25, 738519
52.67, 738452
53.23, 738266
54.77, 738110
56.83, 737832
57.51, 736339
60.19, 736054
60.37, 734912
60.65, 734314
62.02, 731551
63.13, 730287
63.13, 729547
64.97, 729348
66.43, 729312
68.23, 729290
68.35, 728997
71.10, 728444
74.61, 728230
79.05, 728078
79.06, 727875
81.20, 727530
88.34, 727184
89.95, 726938
97.43, 726836
99.24, 726170
111.05, 726148
114.51, 726092
115.60, 725999
