0.02, 9739785
0.03, 9703551
0.03, 9518103
0.03, 9319339
0.03, 9108411
0.03, 8820436
0.05, 8808652
0.05, 8643524
0.05, 8641242
0.05, 8448423
0.05, 8367689
0.06, 8248459
0.06, 8212256
0.06, 8104131
0.06, 8055769
0.06, 8054355
0.06, 7744370
0.08, 7650182
0.08, 7626388
0.08, 7620067
0.08, 7588659
0.09, 7310008
0.09, 7307662
0.09, 7294960
0.09, 7164870
0.09, 7109339
0.09, 6990587
0.11, 6948071
0.11, 6905605
0.11, 6874398
0.13, 6870384
0.13, 6804449
0.13, 6776097
0.16, 6636832
0.16, 6535953
0.17, 6531134
0.20, 6332370
0.22, 6281707
0.25, 6270330
0.25, 6258307
0.25, 6041851
0.27, 6037022
0.27, 6033511
0.27, 5954424
0.28, 5899673
0.28, 5891800
0.28, 5802952
0.28, 5689466
0.28, 5676144
0.28, 5641040
0.30, 5608361
0.30, 5575318
0.30, 5548132
0.30, 5545888
0.31, 5542452
0.31, 5529960
0.31, 5529631
0.33, 5497792
0.33, 5490941
0.33, 5415071
0.33, 5396611
0.33, 5199131
0.33, 5190785
0.34, 5176189
0.34, 5151156
0.34, 5142360
0.34, 5090733
0.36, 5031847
0.38, 5003901
0.38, 4989789
0.38, 4949987
0.38, 4936501
0.39, 4829671
0.39, 4827710
0.39, 4776997
0.39, 4747834
0.39, 4685946
0.39, 4683418
0.41, 4549297
0.41, 4545875
0.41, 4460508
0.41, 4400035
0.42, 4393485
0.42, 4368412
0.42, 4261689
0.44, 4240041
0.45, 4208891
0.45, 4199152
0.47, 4147046
0.55, 4137688
0.55, 4095769
0.55, 4091320
0.56, 4090076
0.58, 4044214
0.58, 4041376
0.59, 4035152
0.59, 4020515
0.61, 4015310
0.63, 4015216
0.63, 3998165
0.63, 3969974
0.63, 3941841
0.66, 3864006
0.66, 3858006
0.67, 3831310
0.67, 3752426
0.67, 3749502
0.72, 3715011
0.72, 3631066
0.73, 3597607
0.73, 3560269
0.75, 3558667
0.75, 3556573
0.77, 3539604
0.78, 3538784
0.80, 3530654
0.80, 3465624
0.88, 3383805
0.91, 3354260
0.92, 3344940
0.92, 3311954
0.94, 3311905
0.97, 3309029
0.98, 3299607
0.98, 3297534
0.98, 3240859
1.00, 3240715
1.05, 3234403
1.06, 3228472
1.14, 3227845
1.14, 3224880
1.17, 3224762
1.20, 3154504
1.22, 3152703
1.23, 3149284
1.27, 3140033
1.28, 3139506
1.34, 3133538
1.38, 3129812
1.41, 3128942
1.41, 3118621
1.45, 3107604
1.50, 3055075
1.50, 3037822
1.52, 3036538
1.55, 3035103
1.55, 3027744
1.58, 3021056
1.58, 3017788
1.59, 3009378
1.59, 3006968
1.59, 3002012
1.61, 2992184
1.63, 2958961
1.64, 2950482
1.67, 2949971
1.67, 2947316
1.67, 2915205
1.67, 2863784
1.69, 2861104
1.75, 2847359
1.78, 2822999
1.78, 2818527
1.81, 2812193
1.81, 2808056
1.83, 2785588
1.89, 2762378
1.89, 2729602
1.95, 2724349
1.97, 2714530
1.97, 2713598
1.98, 2687958
2.05, 2687671
2.05, 2684884
2.19, 2683518
2.20, 2596446
2.37, 2595443
2.37, 2563062
2.37, 2548228
2.44, 2543362
2.47, 2540234
2.52, 2532604
2.56, 2527777
2.56, 2506101
2.59, 2466860
2.64, 2466242
2.64, 2462531
2.64, 2405848
2.70, 2396679
2.72, 2385401
2.73, 2360097
2.77, 2354310
2.83, 2325840
2.91, 2324290
2.97, 2324093
2.97, 2278900
3.08, 2271312
3.23, 2266224
3.37, 2265013
3.55, 2260739
3.56, 2259896
3.56, 2240248
3.72, 2240140
3.75, 2238796
3.77, 2232156
3.95, 2219303
4.19, 2215839
4.34, 2206259
4.37, 2201675
4.41, 2179509
4.48, 2178392
4.50, 2173988
4.52, 2170359
4.52, 2155741
4.64, 2102897
4.92, 2100461
4.95, 2079064
5.03, 2061141
5.16, 2046339
5.19, 2045358
5.20, 2045279
5.20, 2045193
5.28, 2041983
5.48, 2040969
5.48, 2036367
5.55, 2021228
5.67, 2018107
5.69, 2017363
5.69, 2016852
5.91, 2012756
5.91, 2012566
5.91, 2006941
6.11, 2005642
6.12, 2005201
6.36, 2004498
6.47, 2004316
6.47, 1969923
6.48, 1967565
6.67, 1915640
6.70, 1907957
6.86, 1888629
7.12, 1883281
7.17, 1882734
7.80, 1881654
7.80, 1865327
8.09, 1864195
8.20, 1863646
8.25, 1861457
8.37, 1827127
8.47, 1826504
8.67, 1825727
8.67, 1822495
8.72, 1821048
8.75, 1820368
8.92, 1819338
8.98, 1819146
9.03, 1817760
9.17, 1816695
9.26, 1799039
9.28, 1796745
9.40, 1796734
9.53, 1796026
9.76, 1790477
9.78, 1757278
9.90, 1752864
9.92, 1751408
10.01, 1742624
10.03, 1739491
10.34, 1736037
10.61, 1734732
10.67, 1733087
10.78, 1687739
11.00, 1687614
11.04, 1686158
11.25, 1686152
11.36, 1681314
11.44, 1676851
12.23, 1676614
12.33, 1673148
12.64, 1672828
12.72, 1657582
13.67, 1657423
13.73, 1629469
13.87, 1626741
13.89, 1599427
14.26, 1599159
14.54, 1598548
14.58, 1598489
14.83, 1598350
14.83, 1597326
14.86, 1597266
15.08, 1534409
15.11, 1533970
15.14, 1533376
15.61, 1532765
15.62, 1530419
16.64, 1527884
16.73, 1525435
16.89, 1525306
16.93, 1524835
17.31, 1524405
17.42, 1524225
18.59, 1524017
19.14, 1523871
19.36, 1523389
19.79, 1523338
19.95, 1523128
19.98, 1522554
20.43, 1521478
20.64, 1520894
21.04, 1519813
21.04, 1515767
21.15, 1514672
21.46, 1514669
22.00, 1514276
23.76, 1514069
23.87, 1512541
24.62, 1497562
24.68, 1495937
24.90, 1495486
26.57, 1495432
29.84, 1492536
29.95, 1492141
30.67, 1491293
33.98, 1490140
34.01, 1483300
35.73, 1479211
36.16, 1479136
36.18, 1445280
36.94, 1444112
37.40, 1444079
39.41, 1443866
40.23, 1443790
40.98, 1442564
42.52, 1442461
46.94, 1442361
47.46, 1440796
50.11, 1437805
50.35, 1437169
50.44, 1434121
52.54, 1433382
55.53, 1433042
56.91, 1432773
57.52, 1430112
57.77, 1429854
60.03, 1425601
61.83, 1421439
63.13, 1418850
64.75, 1417213
65.63, 1416873
66.66, 1394013
67.09, 1360778
69.28, 1360214
72.83, 1352312
75.98, 1351567
77.72, 1350501
77.83, 1350342
78.04, 1349880
78.70, 1349790
80.86, 1349292
95.02, 1342065
96.77, 1340267
96.88, 1337892
101.05, 1337721
113.88, 1337279
