0.00, 9325533
0.03, 9123736
0.03, 8815722
0.03, 8778937
0.03, 8595069
0.03, 8583428
0.03, 8541097
0.05, 8338194
0.05, 8320031
0.05, 8169251
0.05, 8150235
0.05, 7921805
0.05, 7822964
0.06, 7763054
0.06, 7676210
0.06, 7582666
0.08, 7472922
0.08, 7395435
0.08, 7342772
0.08, 7264241
0.08, 7262956
0.08, 7147903
0.09, 6882496
0.09, 6848996
0.09, 6750674
0.11, 6698507
0.11, 6637301
0.11, 6558651
0.11, 6546733
0.13, 6546611
0.13, 6445108
0.14, 6391326
0.14, 6372571
0.14, 6313473
0.14, 6298002
0.16, 6280811
0.16, 6245086
0.16, 6185402
0.16, 6117668
0.17, 6114104
0.17, 6108760
0.19, 6077151
0.19, 5997383
0.19, 5958626
0.19, 5835028
0.19, 5833201
0.19, 5780588
0.23, 5778872
0.23, 5698489
0.25, 5693749
0.27, 5664084
0.27, 5660069
0.27, 5548808
0.27, 5520268
0.27, 5518838
0.28, 5506791
0.28, 5474142
0.28, 5420320
0.28, 5413695
0.30, 5412968
0.30, 5376163
0.31, 5372989
0.31, 5313859
0.33, 5313517
0.33, 5280578
0.33, 5264937
0.34, 5252793
0.34, 5250535
0.34, 5223315
0.34, 5222705
0.36, 5220861
0.36, 5144777
0.36, 5144731
0.37, 5133626
0.37, 5130029
0.37, 5127760
0.37, 5059515
0.39, 5041915
0.39, 5018058
0.41, 4980299
0.41, 4980133
0.41, 4975833
0.41, 4942334
0.44, 4935697
0.44, 4914530
0.45, 4881716
0.45, 4851481
0.45, 4846730
0.45, 4839160
0.45, 4756184
0.47, 4750588
0.47, 4733613
0.47, 4721458
0.48, 4641667
0.50, 4563279
0.50, 4516281
0.53, 4514991
0.53, 4512529
0.53, 4505796
0.55, 4496039
0.55, 4467727
0.55, 4465373
0.56, 4433825
0.56, 4425077
0.56, 4401497
0.58, 4375404
0.59, 4351967
0.59, 4310082
0.62, 4009016
0.64, 4001304
0.64, 3997475
0.64, 3994032
0.66, 3992296
0.67, 3992047
0.67, 3982024
0.69, 3977681
0.69, 3924870
0.69, 3913175
0.72, 3891208
0.72, 3890421
0.73, 3879511
0.75, 3860308
0.75, 3858963
0.75, 3842553
0.77, 3835743
0.78, 3803512
0.78, 3783154
0.80, 3751239
0.83, 3751166
0.83, 3710116
0.84, 3707947
0.86, 3701068
0.87, 3691802
0.92, 3691085
0.94, 3679328
0.94, 3673968
0.95, 3673635
0.95, 3617407
1.02, 3605014
1.02, 3603648
1.06, 3592390
1.09, 3580102
1.14, 3536264
1.20, 3490402
1.27, 3403563
1.27, 3403408
1.28, 3402263
1.28, 3394180
1.31, 3334104
1.34, 3332946
1.37, 3232888
1.37, 3232480
1.37, 3218269
1.47, 3196123
1.48, 3195310
1.50, 3185298
1.53, 3169717
1.53, 3164436
1.58, 3163826
1.64, 3118179
1.66, 3094767
1.66, 3093626
1.70, 3043916
1.75, 3043797
1.77, 3038517
1.81, 3032959
1.83, 3032117
1.84, 3011846
1.87, 3010985
1.89, 3009857
1.89, 2964960
1.94, 2945796
1.94, 2941633
2.02, 2940776
2.09, 2915770
2.09, 2907568
2.27, 2906334
2.28, 2841356
2.34, 2836938
2.34, 2827013
2.41, 2825574
2.52, 2821649
2.59, 2820956
2.61, 2810412
2.66, 2782126
2.66, 2760401
2.70, 2742834
2.70, 2733108
2.77, 2732550
2.81, 2730814
2.83, 2666903
2.83, 2665722
2.84, 2658708
3.00, 2654224
3.00, 2654026
3.25, 2615003
3.25, 2581933
3.34, 2577818
3.37, 2530904
3.50, 2530779
3.56, 2528257
3.62, 2521163
3.62, 2486504
3.70, 2484136
3.70, 2478447
3.70, 2478379
3.84, 2475683
3.91, 2467202
3.98, 2456459
3.98, 2436831
4.00, 2430306
4.03, 2428082
4.09, 2362246
4.17, 2361913
4.20, 2359686
4.23, 2330481
4.26, 2328809
4.33, 2308787
4.34, 2307358
4.37, 2282071
4.59, 2257516
4.59, 2234206
4.62, 2223446
4.64, 2223416
4.70, 2210072
4.72, 2206214
4.78, 2205150
4.84, 2184551
4.89, 2183667
4.91, 2177362
4.94, 2157082
4.98, 2157066
5.09, 2156390
5.11, 2150622
5.17, 2143819
5.20, 2129542
5.30, 2127277
5.34, 2126072
5.39, 2120551
5.39, 2098048
5.44, 2093829
5.45, 2093624
5.47, 2089746
5.53, 2087508
5.70, 2087467
5.73, 2079954
5.81, 2079911
5.84, 2078806
5.87, 2066808
5.90, 2051329
5.90, 2039837
5.97, 2034946
6.01, 2033172
6.05, 2028482
6.30, 2028219
6.44, 1998877
6.45, 1997592
6.53, 1997365
6.64, 1993231
6.73, 1978235
6.84, 1978159
6.89, 1977944
7.03, 1956467
7.33, 1953787
7.40, 1936696
7.73, 1931494
7.94, 1928790
7.97, 1927132
7.97, 1926046
8.25, 1900113
8.28, 1898469
8.33, 1898305
8.45, 1892562
8.53, 1891518
8.56, 1891515
8.58, 1891069
8.67, 1866095
8.75, 1861922
8.81, 1861387
8.90, 1861075
9.00, 1856875
9.17, 1855461
9.25, 1854625
9.50, 1848180
9.54, 1813775
9.76, 1812499
9.83, 1796506
10.11, 1793397
10.12, 1791734
10.40, 1780813
10.61, 1774318
10.79, 1773303
10.87, 1772883
10.89, 1749285
11.01, 1748954
11.09, 1748629
11.33, 1744769
11.48, 1744358
11.51, 1730453
11.65, 1716663
11.73, 1716549
11.75, 1714859
11.78, 1713819
11.92, 1712707
12.11, 1703251
12.18, 1695267
12.26, 1694589
12.34, 1693128
12.36, 1685087
12.47, 1672433
13.59, 1647432
13.89, 1641665
14.50, 1629380
15.36, 1628295
15.98, 1628153
16.59, 1624728
16.62, 1614181
17.11, 1613214
17.28, 1611514
17.39, 1602017
17.43, 1601549
17.51, 1595466
17.56, 1595405
18.87, 1586716
19.01, 1575874
19.39, 1574917
19.42, 1574471
20.00, 1573852
20.42, 1572135
20.81, 1571606
20.87, 1570671
20.92, 1551391
21.53, 1551278
21.76, 1547699
22.12, 1540796
22.42, 1538173
22.73, 1510315
23.06, 1505798
24.42, 1477394
25.37, 1476981
25.74, 1458609
26.21, 1456250
26.88, 1452182
27.04, 1452092
27.06, 1432432
27.07, 1432288
27.52, 1431062
28.74, 1421476
28.87, 1421309
29.27, 1420726
29.57, 1420207
30.12, 1410939
30.32, 1408618
31.27, 1406386
33.71, 1406351
33.76, 1405869
34.15, 1405035
35.37, 1405003
35.71, 1403926
35.96, 1402519
36.37, 1402482
36.84, 1393528
37.13, 1392738
38.02, 1392491
39.05, 1392467
39.33, 1392363
40.63, 1392311
41.01, 1391251
41.83, 1391221
42.63, 1356679
43.69, 1356342
45.33, 1355536
46.86, 1354730
48.75, 1349582
52.97, 1349329
53.00, 1338770
54.94, 1338628
57.16, 1338011
57.60, 1337520
61.10, 1337490
61.13, 1337365
61.84, 1331399
63.22, 1330658
64.89, 1327013
65.75, 1326087
65.91, 1325523
84.86, 1325095
85.92, 1324826
91.37, 1323522
93.93, 1322548
114.88, 1321192
