0.02, 9264915
0.03, 8789820
0.05, 8706637
0.05, 8591509
0.05, 8534575
0.05, 8505736
0.05, 8296524
0.06, 8031440
0.06, 7990158
0.06, 7894499
0.06, 7801113
0.06, 7794145
0.08, 7702312
0.08, 7607160
0.08, 7604974
0.09, 7590168
0.09, 7488688
0.09, 7338101
0.09, 7220270
0.09, 7174237
0.09, 7111692
0.09, 7068733
0.11, 7055178
0.13, 7043910
0.13, 6919931
0.13, 6825810
0.14, 6794523
0.14, 6724840
0.14, 6620958
0.16, 6562840
0.16, 6544002
0.19, 6492589
0.19, 6470723
0.20, 6430146
0.20, 6425031
0.22, 6380134
0.22, 6361049
0.25, 6353836
0.25, 6334821
0.25, 6291958
0.25, 6226607
0.25, 6144655
0.25, 6034644
0.25, 5974258
0.27, 5958832
0.27, 5836074
0.27, 5832411
0.30, 5783219
0.30, 5658579
0.30, 5613772
0.31, 5599672
0.31, 5599393
0.33, 5598655
0.34, 5558773
0.34, 5483361
0.34, 5368406
0.34, 5364901
0.36, 5296662
0.36, 5271721
0.39, 5269448
0.39, 5229200
0.39, 5226320
0.41, 5216875
0.42, 5190711
0.42, 5149834
0.42, 5137886
0.44, 5136332
0.45, 5119613
0.45, 5102049
0.48, 5091152
0.50, 5088324
0.50, 5072103
0.50, 5061029
0.52, 4999407
0.52, 4975693
0.52, 4969134
0.53, 4889333
0.53, 4807695
0.53, 4724312
0.53, 4637839
0.55, 4627168
0.56, 4618251
0.56, 4579560
0.58, 4525345
0.58, 4442574
0.58, 4433468
0.59, 4425820
0.59, 4424069
0.59, 4419434
0.61, 4384488
0.61, 4366927
0.61, 4297712
0.63, 4297437
0.63, 4259234
0.64, 4257673
0.66, 4251625
0.66, 4161847
0.67, 4156745
0.67, 4155330
0.69, 4151467
0.69, 4139304
0.69, 4132780
0.69, 4125811
0.72, 4114769
0.72, 4081563
0.73, 4077683
0.75, 4072395
0.75, 4062046
0.75, 3946237
0.75, 3945065
0.75, 3944551
0.77, 3920737
0.77, 3920019
0.78, 3913128
0.80, 3862180
0.80, 3800920
0.80, 3751703
0.80, 3741062
0.81, 3738810
0.83, 3734746
0.84, 3723495
0.86, 3702425
0.86, 3694885
0.86, 3683554
0.88, 3678525
0.89, 3675163
0.89, 3661915
0.92, 3619129
0.95, 3618548
0.95, 3585620
1.00, 3578826
1.02, 3567301
1.02, 3531081
1.02, 3522956
1.05, 3510367
1.05, 3491111
1.08, 3490030
1.09, 3467302
1.09, 3466309
1.11, 3451347
1.11, 3442593
1.13, 3340336
1.14, 3339943
1.16, 3182528
1.16, 3182408
1.17, 3126652
1.20, 3122779
1.20, 3105314
1.23, 2986501
1.25, 2981044
1.31, 2960128
1.36, 2959829
1.36, 2938040
1.36, 2937447
1.39, 2912298
1.48, 2895742
1.53, 2893127
1.55, 2891155
1.61, 2875575
1.61, 2870908
1.63, 2824651
1.64, 2823269
1.66, 2819936
1.72, 2787453
1.77, 2779702
1.88, 2777881
1.94, 2768417
1.95, 2736719
2.06, 2733996
2.14, 2718619
2.14, 2701836
2.16, 2701147
2.16, 2686609
2.20, 2659156
2.23, 2655504
2.28, 2626513
2.45, 2616236
2.45, 2615692
2.45, 2615031
2.47, 2546468
2.48, 2522011
2.48, 2514039
2.50, 2504102
2.52, 2497420
2.52, 2403559
2.59, 2401201
2.59, 2399788
2.59, 2380749
2.69, 2370092
2.72, 2347172
2.77, 2341381
2.81, 2339461
3.00, 2335839
3.05, 2318744
3.05, 2286559
3.08, 2264339
3.17, 2261669
3.19, 2260545
3.20, 2187254
3.33, 2176383
3.34, 2176136
3.37, 2173296
3.47, 2169906
3.47, 2168332
3.48, 2168130
3.50, 2166825
3.53, 2164849
3.59, 2159281
3.61, 2156420
3.73, 2145869
3.81, 2144844
3.86, 2144046
3.95, 2136996
3.95, 2129160
4.00, 2128112
4.08, 2127466
4.12, 2114244
4.20, 2107892
4.25, 2102805
4.27, 2101314
4.30, 2060001
4.41, 2059783
4.48, 2058813
4.58, 2048453
4.59, 2042061
4.62, 2040170
4.92, 1987226
4.94, 1982657
5.01, 1981667
5.09, 1977579
5.09, 1976099
5.16, 1975987
5.17, 1968836
5.26, 1968572
5.34, 1967289
5.37, 1960485
5.44, 1953278
5.48, 1951262
5.67, 1949524
5.76, 1944068
5.83, 1943747
5.87, 1942795
5.87, 1940351
5.87, 1937785
6.05, 1933632
6.28, 1931367
6.28, 1928670
6.36, 1906030
6.61, 1904537
6.64, 1898951
6.66, 1894547
6.67, 1893980
6.69, 1893361
6.69, 1888722
6.86, 1884841
6.98, 1875439
7.01, 1875435
7.09, 1872235
7.11, 1866753
7.17, 1855657
7.22, 1852977
7.23, 1849351
7.30, 1829731
7.31, 1814364
7.36, 1809895
7.61, 1809641
7.64, 1808062
7.73, 1806861
7.94, 1805376
8.25, 1804907
8.76, 1794931
9.05, 1794130
9.08, 1790455
9.15, 1789167
9.30, 1771389
9.36, 1760372
9.37, 1758867
9.56, 1757075
9.62, 1757010
9.78, 1739847
9.81, 1723980
10.45, 1723548
10.65, 1721507
10.98, 1718987
10.98, 1710987
11.42, 1706062
11.58, 1706055
11.87, 1699781
11.87, 1673926
11.94, 1672015
12.08, 1668647
12.17, 1649430
12.47, 1648058
12.73, 1638299
12.86, 1635603
12.90, 1634602
12.97, 1612576
13.12, 1608538
13.15, 1591462
13.83, 1583132
14.31, 1574742
14.42, 1569784
14.56, 1565982
14.95, 1565406
16.65, 1553019
16.70, 1543174
17.54, 1542756
17.61, 1542679
19.70, 1534579
20.34, 1531855
20.46, 1527330
20.85, 1523853
21.21, 1522288
22.04, 1521650
22.64, 1520279
23.20, 1496779
24.23, 1496303
25.15, 1457542
25.62, 1451056
26.24, 1450602
27.62, 1450539
28.32, 1443411
28.82, 1435818
30.29, 1431268
32.29, 1430939
32.57, 1430859
33.90, 1428821
35.38, 1428790
35.85, 1428558
35.99, 1416764
36.80, 1416720
38.13, 1414330
40.99, 1413500
42.60, 1410507
42.72, 1409574
43.47, 1409360
45.55, 1409184
52.08, 1408122
56.28, 1399189
57.22, 1394715
58.55, 1394578
59.86, 1393966
60.70, 1393298
62.02, 1392902
64.53, 1390105
73.47, 1387998
76.17, 1385079
83.34, 1384952
88.21, 1384206
91.17, 1384138
95.15, 1380982
95.21, 1378651
97.07, 1378386
98.15, 1377793
100.65, 1377312
103.29, 1360216
105.60, 1359580
107.08, 1332024
108.08, 1331600
108.40, 1331523
110.05, 1331381
116.85, 1331038
116.99, 1330931
