0.02, 2579879
0.02, 2520706
0.03, 2329301
0.03, 2322479
0.03, 2272887
0.05, 2271998
0.05, 2179095
0.05, 2061552
0.09, 1991394
0.09, 1942800
0.09, 1923674
0.09, 1889261
0.09, 1865561
0.09, 1857757
0.11, 1832361
0.11, 1778794
0.11, 1760337
0.11, 1753679
0.13, 1737730
0.14, 1633049
0.14, 1618811
0.19, 1604418
0.20, 1601619
0.22, 1601441
0.22, 1579169
0.22, 1556150
0.23, 1546157
0.25, 1545395
0.27, 1544179
0.27, 1515685
0.27, 1514298
0.28, 1507737
0.30, 1504821
0.30, 1498882
0.30, 1483279
0.31, 1482218
0.33, 1467460
0.33, 1448331
0.34, 1414548
0.36, 1412888
0.36, 1407265
0.36, 1406007
0.38, 1379862
0.39, 1347001
0.44, 1344250
0.44, 1316438
0.44, 1300960
0.45, 1298250
0.47, 1255348
0.48, 1244123
0.50, 1231868
0.50, 1222610
0.53, 1160924
0.58, 1154796
0.61, 1130076
0.64, 1102915
0.70, 1062961
0.78, 1048626
0.80, 1048055
0.84, 1041104
0.92, 993603
0.98, 988533
0.98, 982404
1.17, 982095
1.23, 981287
1.23, 975134
1.30, 959315
1.42, 956270
1.63, 936529
1.64, 935988
1.69, 931585
1.73, 931372
1.97, 930908
2.06, 921769
2.14, 921059
14.89, 918654
28.42, 917769
42.16, 917731
