0.00, 2345497
0.02, 2310272
0.06, 2224204
0.08, 2155487
0.08, 2153173
0.08, 2147575
0.11, 2144498
0.11, 2130513
0.11, 2001868
0.11, 1776020
0.13, 1760831
0.13, 1760397
0.13, 1758492
0.14, 1742435
0.14, 1733093
0.14, 1726985
0.16, 1690013
0.16, 1633555
0.16, 1616447
0.17, 1616139
0.17, 1580820
0.17, 1580749
0.19, 1555666
0.22, 1533712
0.22, 1533494
0.25, 1510732
0.27, 1495787
0.27, 1489194
0.27, 1455980
0.27, 1430792
0.28, 1419911
0.28, 1384941
0.28, 1380281
0.30, 1372687
0.34, 1362856
0.36, 1361696
0.36, 1344466
0.36, 1343814
0.38, 1339460
0.39, 1324184
0.39, 1318624
0.39, 1304025
0.39, 1289286
0.39, 1279367
0.41, 1267826
0.41, 1249195
0.45, 1228960
0.47, 1221310
0.49, 1208659
0.50, 1196276
0.52, 1194163
0.53, 1192176
0.55, 1182441
0.61, 1168375
0.64, 1163333
0.67, 1162142
0.67, 1155993
0.69, 1139768
0.75, 1133286
0.80, 1133117
0.84, 1107763
0.88, 1107370
0.89, 1107014
0.92, 1101178
0.97, 1082682
1.00, 1082472
1.09, 1078543
1.11, 1058565
1.13, 1026398
1.13, 1025161
1.14, 1005721
1.17, 1001202
1.44, 999737
1.45, 990707
1.48, 990207
1.50, 978598
1.66, 976836
1.67, 969676
1.94, 965201
2.06, 962681
2.08, 959464
2.16, 958800
2.16, 955900
2.17, 955883
2.30, 953288
2.31, 947459
2.42, 925299
2.72, 925253
2.84, 924702
2.95, 923280
5.48, 922168
6.14, 918816
114.60, 911990
115.10, 910890
