0.02, 2475152
0.03, 2439580
0.03, 2417559
0.03, 2323169
0.03, 2240284
0.03, 2201193
0.03, 2063431
0.03, 2053764
0.03, 1955739
0.08, 1883208
0.08, 1872861
0.09, 1859533
0.09, 1834037
0.11, 1831830
0.11, 1825879
0.13, 1783553
0.13, 1774844
0.14, 1740244
0.16, 1738210
0.16, 1710973
0.17, 1704970
0.17, 1700575
0.17, 1682840
0.19, 1655192
0.19, 1585358
0.20, 1585334
0.25, 1579569
0.25, 1541596
0.30, 1529838
0.30, 1526088
0.31, 1514831
0.31, 1490428
0.34, 1480771
0.36, 1469601
0.36, 1468915
0.36, 1462959
0.38, 1459497
0.38, 1427681
0.39, 1397476
0.39, 1395674
0.41, 1389213
0.42, 1385738
0.42, 1379104
0.44, 1357289
0.45, 1356921
0.45, 1356576
0.45, 1340995
0.47, 1321990
0.47, 1305298
0.47, 1304749
0.49, 1295750
0.50, 1273006
0.52, 1270321
0.56, 1245335
0.56, 1242931
0.61, 1225681
0.63, 1225071
0.67, 1211183
0.69, 1204225
0.70, 1201974
0.70, 1185911
0.70, 1180503
0.72, 1172725
0.74, 1154970
0.74, 1139686
0.77, 1138078
0.78, 1116167
0.80, 1113055
0.86, 1112093
0.88, 1107341
1.00, 1103472
1.03, 1095507
1.05, 1080399
1.14, 1069803
1.19, 1056724
1.24, 1039544
1.56, 1032893
1.56, 1031858
1.58, 1017939
1.59, 1001714
1.63, 972609
1.75, 969800
1.75, 963503
1.80, 963469
1.83, 959967
1.91, 956856
1.91, 955191
2.05, 950757
2.36, 950453
2.53, 949131
2.58, 948061
2.58, 937539
3.13, 937507
3.47, 933669
3.63, 933635
3.78, 932657
4.02, 932444
7.55, 928775
8.69, 928708
9.58, 927235
9.94, 926713
83.84, 920297
83.90, 920189
84.00, 919638
84.76, 919474
86.50, 919017
86.57, 917076
86.67, 916863
87.45, 914464
