0.00, 2280686
0.02, 2237842
0.03, 2173524
0.03, 2164770
0.03, 2068696
0.03, 2034569
0.05, 2034465
0.05, 2018500
0.05, 2016024
0.06, 1903991
0.08, 1903005
0.09, 1894600
0.09, 1881390
0.09, 1853369
0.09, 1818305
0.11, 1747882
0.11, 1717119
0.11, 1623315
0.11, 1601212
0.13, 1513275
0.13, 1470457
0.14, 1456325
0.14, 1447584
0.16, 1443397
0.16, 1430598
0.16, 1422441
0.19, 1404285
0.19, 1400497
0.20, 1379900
0.20, 1376834
0.24, 1353440
0.24, 1274461
0.25, 1259944
0.25, 1258482
0.28, 1248981
0.28, 1233020
0.31, 1219606
0.36, 1205683
0.38, 1203920
0.38, 1193129
0.39, 1190589
0.41, 1189620
0.42, 1174386
0.47, 1165202
0.49, 1164123
0.50, 1161923
0.58, 1128074
0.61, 1127344
0.63, 1071081
0.64, 1064168
0.64, 1056327
0.70, 1050410
0.75, 1024956
0.75, 1006665
0.86, 995637
0.94, 994355
0.97, 988494
1.00, 987999
1.02, 985398
1.02, 983836
1.05, 982552
1.19, 980413
1.19, 945295
1.31, 943757
1.33, 943031
1.36, 942041
1.41, 935694
1.59, 934048
1.63, 933767
1.67, 931081
2.34, 931035
2.39, 924327
2.52, 923805
3.14, 920180
3.28, 915583
3.66, 915433
3.86, 914953
4.05, 910896
4.06, 905785
94.60, 901193
94.87, 900983
94.98, 898546
95.10, 898089
95.65, 896148
96.01, 894849
96.23, 894636
96.40, 893536
