0.00, 2542072
0.02, 2520444
0.02, 2444184
0.02, 2417731
0.02, 2372019
0.03, 2198672
0.03, 2169773
0.03, 2160248
0.03, 2137866
0.03, 2134867
0.03, 2134015
0.05, 2024449
0.05, 2020946
0.05, 2011758
0.06, 2000062
0.06, 1941457
0.06, 1853542
0.08, 1747667
0.08, 1625757
0.08, 1608866
0.09, 1579204
0.09, 1566727
0.11, 1552907
0.14, 1542602
0.19, 1515942
0.20, 1489512
0.20, 1485864
0.22, 1480929
0.24, 1455011
0.24, 1451537
0.24, 1449924
0.24, 1443343
0.24, 1416780
0.24, 1393697
0.25, 1393003
0.25, 1356016
0.25, 1320243
0.28, 1320125
0.28, 1320090
0.30, 1279661
0.30, 1279139
0.31, 1252964
0.31, 1252244
0.34, 1251773
0.34, 1236933
0.36, 1234464
0.44, 1229996
0.47, 1228358
0.49, 1218340
0.52, 1216544
0.55, 1207492
0.56, 1199588
0.59, 1193526
0.63, 1175358
0.66, 1086180
0.66, 1083880
0.66, 1063842
0.77, 1063582
0.83, 1062994
0.84, 1048031
0.89, 1034141
0.91, 1022676
0.92, 1022122
0.95, 1019889
0.97, 1019875
1.05, 1017852
1.09, 1013036
1.22, 1011707
1.23, 1007287
1.30, 1007114
1.33, 1006483
1.50, 1005134
1.64, 1002966
1.80, 996172
1.83, 995182
2.03, 993456
2.13, 984693
2.22, 981212
2.39, 969225
2.42, 968754
2.63, 962473
2.66, 915494
2.69, 914643
2.72, 908490
3.05, 904290
3.61, 903580
42.93, 902695
