0.02, 2524259
0.02, 2459904
0.03, 2444094
0.03, 2438460
0.03, 2363927
0.03, 2322891
0.03, 2194417
0.05, 2182946
0.05, 2158113
0.06, 2124157
0.06, 2113578
0.06, 2105315
0.06, 2092597
0.08, 2075239
0.08, 2058037
0.09, 1987947
0.09, 1965808
0.09, 1960648
0.09, 1841987
0.09, 1757728
0.11, 1709707
0.11, 1646626
0.13, 1644502
0.13, 1631834
0.14, 1623374
0.14, 1607341
0.16, 1593890
0.16, 1538597
0.16, 1519360
0.16, 1498859
0.17, 1498029
0.17, 1480118
0.20, 1431156
0.20, 1385859
0.22, 1377849
0.24, 1371661
0.25, 1371409
0.28, 1361562
0.28, 1356654
0.28, 1336774
0.30, 1331493
0.31, 1284559
0.31, 1270992
0.31, 1266863
0.34, 1237966
0.34, 1236205
0.34, 1225810
0.36, 1221653
0.38, 1202544
0.41, 1201608
0.42, 1200399
0.49, 1175005
0.50, 1174277
0.53, 1170619
0.56, 1168013
0.58, 1139164
0.58, 1109614
0.70, 1105095
0.75, 1100999
0.77, 1094754
0.81, 1082519
0.81, 1080558
0.84, 1078143
0.86, 1054894
0.89, 1038669
0.89, 1027415
0.94, 1015531
0.95, 1015175
0.99, 1011736
1.02, 994556
1.02, 991911
1.11, 988577
1.11, 983068
1.17, 977846
1.19, 972145
1.24, 969753
1.25, 966134
1.27, 951042
1.36, 950899
1.38, 950189
1.73, 944599
1.83, 931000
1.98, 914775
2.83, 909294
3.66, 905636
4.05, 905423
13.95, 904538
91.25, 903877
