0.01, 5316608
0.01, 5261680
0.01, 5186561
0.02, 5156352
0.02, 5112534
0.07, 5105334
0.09, 5050947
0.09, 5007401
0.11, 5001456
0.14, 4852694
0.14, 4744426
0.14, 4688565
0.14, 4638225
0.36, 4603819
0.36, 4522763
0.99, 4468158
1.62, 4455448
2.25, 4440459
2.87, 4412902
3.51, 4350090
3.51, 4344541
3.51, 4342307
4.13, 4189100
4.75, 4172800
5.36, 4168981
5.96, 4093019
6.56, 4090180
7.15, 4067001
7.15, 4047328
7.74, 3991345
8.34, 3967199
8.34, 3943556
8.94, 3864060
8.94, 3825186
9.53, 3824491
10.12, 3807961
10.12, 3782023
10.70, 3775288
11.29, 3755492
11.86, 3743555
12.44, 3727124
13.01, 3711848
13.01, 3687193
13.58, 3683079
14.16, 3628567
14.72, 3581992
15.28, 3494243
15.83, 3470712
16.38, 3417117
16.93, 3373524
17.48, 3372398
18.03, 3372029
18.57, 3333053
19.11, 3309270
19.11, 3296670
19.65, 3211020
20.19, 3198710
20.72, 3193323
21.25, 3118851
21.78, 3106786
22.31, 3100329
22.83, 3100136
23.35, 3073913
23.87, 3024047
24.39, 2993999
24.90, 2984006
24.90, 2963732
25.41, 2952807
25.91, 2920876
26.41, 2892347
26.92, 2887312
27.41, 2882129
27.90, 2864143
28.40, 2837511
28.89, 2832617
28.89, 2829757
29.38, 2814587
29.86, 2802017
30.35, 2737810
30.35, 2687288
30.83, 2683358
31.31, 2643290
31.79, 2626373
32.26, 2600406
32.73, 2590285
33.20, 2565433
33.67, 2565326
34.13, 2555194
34.59, 2538894
35.05, 2532857
35.50, 2527681
35.96, 2523806
36.41, 2521254
36.85, 2514718
37.30, 2473209
37.30, 2434548
37.73, 2428154
38.17, 2424038
38.60, 2422943
39.04, 2396907
39.47, 2334814
39.89, 2318487
40.33, 2288034
40.75, 2258668
41.18, 2255279
41.61, 2253811
42.03, 2236628
42.45, 2216013
42.87, 2212318
43.29, 2146915
43.70, 2146230
44.11, 2121310
44.52, 2114054
44.93, 2065561
45.33, 2055939
45.73, 2021608
45.73, 2013109
46.13, 2012904
46.53, 2003462
46.93, 2003006
47.32, 1983770
47.72, 1979588
48.11, 1972989
48.50, 1957830
48.89, 1926012
49.27, 1925381
49.66, 1877233
50.04, 1875663
50.41, 1867196
50.79, 1863160
51.16, 1851627
51.53, 1848589
51.90, 1818458
52.27, 1792160
52.63, 1781058
53.00, 1775923
53.35, 1775727
53.71, 1772936
54.07, 1771374
54.43, 1768913
54.78, 1767570
55.14, 1767480
55.49, 1755909
55.84, 1748102
56.20, 1741591
56.55, 1694811
56.89, 1672271
57.24, 1668093
57.58, 1659706
57.92, 1650779
58.26, 1648861
58.60, 1643423
58.94, 1630327
59.27, 1623498
59.60, 1593883
59.93, 1584334
60.26, 1564485
60.59, 1563808
60.92, 1562812
61.24, 1549634
61.56, 1541819
61.88, 1531842
62.20, 1526364
62.52, 1518546
62.83, 1516166
63.15, 1507289
63.46, 1506143
63.77, 1481558
64.09, 1473114
64.39, 1456568
64.70, 1436739
65.02, 1420679
65.33, 1416936
65.63, 1414828
65.93, 1386830
66.23, 1364671
66.52, 1360126
66.82, 1358879
67.12, 1344376
67.40, 1343215
67.69, 1341040
67.99, 1336605
68.28, 1325779
68.57, 1293495
68.85, 1293474
69.15, 1287447
69.48, 1280800
69.76, 1280106
70.04, 1272524
70.33, 1272034
70.60, 1271302
70.88, 1269214
71.17, 1261472
71.43, 1242929
71.71, 1240652
71.98, 1220274
72.25, 1196800
72.54, 1176145
72.81, 1163460
73.10, 1160051
73.37, 1158836
73.66, 1157771
73.94, 1146997
74.24, 1145585
74.51, 1143628
74.80, 1136927
75.06, 1131829
75.31, 1123611
75.56, 1121275
75.83, 1120958
76.11, 1116007
76.36, 1102015
76.61, 1100412
76.87, 1097521
77.16, 1096944
77.43, 1095756
77.67, 1076331
77.90, 1071896
78.40, 1034776
78.64, 1033403
78.90, 1029589
79.14, 1028813
79.41, 1019237
79.64, 1016759
80.01, 1016424
80.32, 1014761
80.65, 1006297
81.22, 1003350
81.57, 997955
81.87, 992622
82.09, 992117
82.42, 984500
82.80, 978792
83.06, 971197
83.32, 965699
83.55, 952962
83.91, 948412
84.17, 947102
84.40, 942779
85.00, 942093
85.66, 937276
85.90, 935813
86.15, 934449
86.51, 932640
86.75, 928128
87.21, 912094
87.54, 912088
88.03, 911614
89.40, 908731
90.07, 899436
90.94, 897530
91.43, 892758
91.70, 892421
91.88, 892120
92.08, 889476
92.30, 887470
93.70, 879469
95.27, 873258
106.57, 873098
106.68, 872256
106.83, 871555
