0.02, 5800641
0.02, 5705971
0.02, 5644679
0.02, 5642612
0.02, 5531452
0.02, 5517683
0.02, 5426966
0.02, 5422068
0.02, 5400996
0.03, 5346553
0.03, 5278167
0.03, 5166170
0.03, 5113271
0.03, 5111341
0.05, 5086125
0.05, 5061177
0.06, 5028907
0.06, 5023703
0.06, 5022300
0.08, 4991228
0.19, 4979780
0.19, 4960045
0.19, 4944314
0.19, 4925997
0.20, 4879182
0.20, 4837967
0.24, 4715322
0.84, 4660745
0.84, 4589224
1.41, 4523620
1.41, 4502176
1.97, 4448721
1.97, 4388107
2.52, 4375859
3.08, 4303147
3.08, 4300159
3.64, 4198634
4.19, 4186394
4.19, 4156720
4.19, 4138169
4.19, 4090948
4.73, 4087338
5.28, 4079512
5.30, 4012386
5.84, 3994699
6.39, 3968581
6.94, 3937763
7.47, 3934373
8.02, 3904177
8.55, 3872586
8.55, 3868098
8.55, 3796663
8.55, 3731206
9.09, 3699203
9.62, 3678633
10.14, 3673296
10.67, 3646136
11.19, 3595419
11.72, 3559218
12.23, 3547716
12.75, 3516454
13.25, 3503682
13.76, 3503188
14.28, 3475551
14.78, 3447695
15.28, 3440392
15.79, 3351744
16.28, 3351117
16.78, 3269417
17.28, 3253928
17.28, 3188043
17.76, 3185721
18.26, 3185447
18.26, 3164179
18.75, 3159447
19.23, 3152423
19.71, 3122572
20.18, 3111416
20.18, 3101795
20.67, 3078212
21.14, 3055125
21.64, 3040183
22.10, 3004145
22.57, 2982127
23.04, 2979627
23.49, 2954733
23.96, 2912256
24.42, 2871303
24.87, 2818804
25.34, 2793762
25.79, 2778744
26.24, 2775425
26.68, 2772931
27.13, 2768791
27.57, 2673691
28.03, 2656314
28.46, 2636770
28.90, 2628460
29.34, 2625005
29.78, 2623085
30.21, 2618436
30.64, 2615559
31.07, 2613488
31.50, 2612970
31.93, 2611431
32.35, 2583590
32.76, 2528190
33.18, 2511996
33.60, 2506824
34.03, 2504068
34.45, 2483553
34.87, 2483057
35.28, 2475757
35.68, 2463032
36.09, 2457286
36.49, 2443246
36.90, 2404818
37.30, 2380848
37.69, 2367310
38.09, 2356052
38.48, 2346014
38.87, 2329276
39.26, 2307298
39.65, 2289356
40.04, 2267385
40.42, 2266159
40.81, 2264299
41.20, 2234954
41.58, 2216437
41.95, 2213019
42.34, 2207198
42.73, 2189318
43.11, 2154302
43.47, 2139711
43.84, 2109342
44.20, 2036777
44.58, 1999827
44.94, 1963470
45.29, 1955694
45.65, 1947810
46.01, 1943740
46.37, 1889507
46.73, 1832835
47.09, 1824382
47.45, 1815442
47.79, 1809763
48.15, 1808819
48.50, 1806715
48.85, 1803027
49.20, 1794560
49.54, 1793126
49.89, 1790975
50.23, 1788229
50.57, 1778343
50.90, 1746131
51.24, 1739645
51.57, 1705989
51.91, 1650159
52.24, 1639608
52.57, 1623755
52.90, 1606503
53.23, 1598282
53.55, 1589941
53.88, 1584544
54.21, 1576458
54.52, 1541587
54.85, 1541568
55.16, 1539203
55.49, 1532310
55.80, 1521913
56.12, 1509324
56.43, 1508627
56.74, 1504740
57.05, 1502311
57.37, 1498594
57.68, 1494904
57.97, 1492120
58.27, 1474684
58.58, 1430065
58.88, 1424059
59.18, 1410226
59.47, 1402369
59.77, 1402060
60.07, 1398990
60.36, 1397938
60.66, 1395900
60.94, 1391152
61.25, 1379908
61.54, 1369035
61.83, 1364081
62.11, 1362755
62.41, 1355430
62.69, 1342535
62.97, 1323732
63.25, 1318587
63.54, 1281942
63.82, 1280920
64.10, 1251223
64.38, 1250905
64.68, 1241048
64.97, 1240643
65.24, 1236578
65.52, 1235011
65.80, 1218427
66.08, 1217576
66.36, 1210400
66.64, 1202370
66.93, 1195766
67.21, 1194182
67.50, 1180264
67.82, 1180255
68.10, 1175018
68.36, 1169345
68.64, 1163367
68.94, 1159414
69.21, 1152269
69.49, 1150245
69.74, 1149666
70.05, 1142688
70.32, 1142437
70.61, 1140710
70.86, 1130402
71.13, 1109865
71.46, 1107339
71.71, 1103815
71.97, 1092588
72.24, 1087952
72.61, 1076706
72.94, 1071074
73.24, 1070760
73.52, 1070370
73.86, 1069019
74.14, 1068773
74.52, 1066623
74.75, 1065991
74.99, 1054713
75.22, 1054568
75.47, 1046045
75.85, 1039162
76.08, 1034243
76.33, 1029878
76.57, 1022803
76.90, 1018289
77.21, 1016843
77.49, 1013614
77.72, 1012242
77.97, 1012197
78.21, 1011391
78.46, 1008306
78.85, 1006072
79.13, 1001723
79.41, 993179
79.68, 987089
79.96, 986235
80.27, 983337
80.60, 981314
80.94, 975300
81.21, 974716
81.50, 972040
82.69, 970125
83.11, 957856
83.61, 957571
84.25, 946911
85.16, 945246
86.19, 944492
86.72, 940603
87.25, 936773
87.74, 936488
88.63, 931601
89.00, 929155
89.50, 927594
90.05, 927528
90.36, 927341
90.84, 924471
91.36, 923740
92.17, 923357
92.38, 922247
92.73, 921121
94.47, 920273
94.75, 920024
95.02, 919208
95.61, 916606
96.10, 915043
98.45, 914474
99.78, 909717
102.59, 909587
102.77, 904065
107.43, 901099
113.53, 894854
114.00, 893754
