0.02, 5790402
0.02, 5707483
0.02, 5656333
0.02, 5591097
0.02, 5536374
0.02, 5373882
0.02, 5362447
0.02, 5354244
0.02, 5251059
0.03, 5206939
0.03, 5184410
0.03, 5125352
0.03, 5076253
0.03, 5038134
0.03, 5032949
0.05, 5023629
0.05, 5012866
0.05, 4983390
0.05, 4795803
0.05, 4759732
0.05, 4757166
0.08, 4732356
0.08, 4640354
0.08, 4620401
0.08, 4616269
0.51, 4612678
1.13, 4552863
1.71, 4538680
2.30, 4525060
2.30, 4499665
2.30, 4430512
2.30, 4406143
2.30, 4364238
2.88, 4279998
3.48, 4272260
4.05, 4270399
4.63, 4194964
4.63, 4190229
5.24, 4112863
5.81, 4078409
6.38, 4071323
6.96, 3985406
6.96, 3942987
7.52, 3938524
8.08, 3905217
8.66, 3903087
9.20, 3872060
9.77, 3834787
10.31, 3790615
10.86, 3785739
11.42, 3738758
11.42, 3687157
11.97, 3652470
12.52, 3621411
13.05, 3618532
13.59, 3564848
14.13, 3559610
14.67, 3508239
15.20, 3465581
15.72, 3421105
16.24, 3415587
16.76, 3396074
17.27, 3362800
17.81, 3302930
18.31, 3288692
18.82, 3284654
19.34, 3255977
19.34, 3235105
19.84, 3211337
20.34, 3207929
20.84, 3193432
21.34, 3169264
21.84, 3168776
22.34, 3100663
22.82, 3093953
23.32, 3056739
23.80, 3046333
23.80, 3015088
24.29, 3001934
24.77, 2979600
25.26, 2979094
25.74, 2866016
26.22, 2864893
26.69, 2856459
27.16, 2818606
27.64, 2789117
28.09, 2788544
28.56, 2743400
29.03, 2720077
29.48, 2712594
29.94, 2712043
30.41, 2698129
30.86, 2691422
31.30, 2575198
31.75, 2532156
32.20, 2478817
32.64, 2433859
33.08, 2432866
33.53, 2415177
33.97, 2397365
34.40, 2393317
34.83, 2389721
35.27, 2380466
35.70, 2374384
36.12, 2360284
36.56, 2339735
36.98, 2336358
37.41, 2310851
37.83, 2264449
38.25, 2232100
38.66, 2216631
39.08, 2175080
39.49, 2171016
39.89, 2170804
40.29, 2152413
40.70, 2152311
41.11, 2150546
41.51, 2138602
41.90, 2072323
42.31, 2063513
42.70, 2061488
43.09, 2060022
43.48, 2039566
43.87, 2019761
44.26, 2017283
44.65, 2011635
45.04, 1977757
45.42, 1970242
45.79, 1962386
46.18, 1958523
46.56, 1941763
46.93, 1909668
47.29, 1905282
47.66, 1882616
48.04, 1865759
48.40, 1865580
48.77, 1852605
49.13, 1837698
49.49, 1837145
49.85, 1828822
50.21, 1805744
50.57, 1799863
50.93, 1795399
51.29, 1787793
51.63, 1782331
51.99, 1760423
52.34, 1752729
52.71, 1708711
53.07, 1708305
53.46, 1700189
53.85, 1684807
54.26, 1664824
54.62, 1664541
54.96, 1662049
55.29, 1647713
55.62, 1620957
55.94, 1604920
56.29, 1601092
56.62, 1593643
56.93, 1585786
57.26, 1567555
57.58, 1557070
57.91, 1549955
58.22, 1527591
58.54, 1525208
58.87, 1508981
59.18, 1504100
59.50, 1504082
59.81, 1502409
60.13, 1498190
60.42, 1490137
60.74, 1482115
61.05, 1475181
61.36, 1471122
61.66, 1466581
61.96, 1463523
62.27, 1441972
62.56, 1438362
62.86, 1410955
63.16, 1409839
63.45, 1408671
63.75, 1395084
64.05, 1383843
64.35, 1379493
64.63, 1375980
64.92, 1364434
65.21, 1364314
65.50, 1352638
65.78, 1336749
66.10, 1334127
66.38, 1328117
66.66, 1326542
66.96, 1325974
67.24, 1313085
67.55, 1306290
67.83, 1303519
68.11, 1298755
68.38, 1294279
68.66, 1290915
68.94, 1278847
69.20, 1273321
69.49, 1246466
69.77, 1244933
70.03, 1243595
70.28, 1232666
70.55, 1232591
70.83, 1227513
71.10, 1225643
71.36, 1224486
71.63, 1222888
71.88, 1222788
72.13, 1220871
72.41, 1218801
72.66, 1203399
72.94, 1200783
73.20, 1197035
73.49, 1193248
73.74, 1175490
74.02, 1164497
74.27, 1163373
74.52, 1162221
74.84, 1160209
75.13, 1153006
75.36, 1143517
75.61, 1142451
75.86, 1119695
76.11, 1111887
76.34, 1110288
76.59, 1107615
76.84, 1102768
77.08, 1086887
77.34, 1081011
77.66, 1078745
77.94, 1076591
78.17, 1067325
78.44, 1066735
78.69, 1065223
78.90, 1059677
79.12, 1058468
79.36, 1046710
79.58, 1042868
79.83, 1031775
80.09, 1023307
80.34, 1021121
80.56, 1017470
80.83, 1017270
81.03, 1009738
81.31, 1007823
81.64, 1007325
82.08, 1001594
82.36, 990557
82.67, 989407
82.87, 984531
83.12, 982291
83.53, 973848
83.90, 971433
84.11, 964281
84.34, 962680
84.62, 961152
84.82, 957409
85.02, 957353
85.49, 953965
85.68, 950036
86.13, 949833
86.51, 949621
87.01, 947801
88.54, 946901
89.48, 945229
89.80, 943982
91.23, 941714
91.60, 935709
91.79, 931221
93.40, 928396
95.57, 928322
96.26, 927512
99.30, 926425
101.22, 926246
101.44, 925274
101.93, 924748
103.24, 922812
105.34, 922475
109.01, 921817
112.21, 921751
118.41, 921318
