0.00, 4152801
0.02, 3933211
0.02, 3877483
0.02, 3573006
0.02, 3570769
0.02, 3444556
0.02, 3416793
0.02, 3389851
0.02, 3295158
0.02, 3175083
0.03, 3175056
0.03, 3158377
0.03, 3095752
0.03, 3020422
0.03, 3015351
0.03, 2966760
0.03, 2909152
0.05, 2883394
0.05, 2866724
0.05, 2854389
0.05, 2666568
0.05, 2662111
0.05, 2648254
0.06, 2606766
0.06, 2604058
0.06, 2574447
0.06, 2535390
0.06, 2488353
0.06, 2463861
0.06, 2457326
0.06, 2400637
0.08, 2389743
0.08, 2385116
0.09, 2306851
0.09, 2220647
0.09, 2219499
0.09, 2182384
0.09, 2179423
0.11, 2165482
0.13, 2160668
0.16, 2145314
0.17, 2110640
0.19, 2106433
0.20, 2096318
0.20, 2088708
0.22, 2068562
0.25, 2065220
0.72, 2061899
0.72, 2048759
0.73, 2039906
0.77, 2037552
0.77, 2016322
0.81, 2003763
