0.02, 4140843
0.02, 3478397
0.02, 3436279
0.02, 3413180
0.02, 3324720
0.02, 3230324
0.02, 3205527
0.02, 3092925
0.03, 3021720
0.03, 2963350
0.03, 2953710
0.03, 2846211
0.03, 2830308
0.03, 2784077
0.03, 2616012
0.03, 2568503
0.05, 2468678
0.05, 2420087
0.05, 2405143
0.06, 2404863
0.06, 2402086
0.06, 2401897
0.08, 2398348
0.08, 2394865
0.08, 2364979
0.08, 2335982
0.08, 2314165
0.08, 2180340
0.09, 2177049
0.09, 2151409
0.09, 2136462
0.11, 2134797
0.11, 2113487
0.13, 2087457
0.14, 2045909
0.16, 2024508
0.19, 2003763
