0.00, 27592
0.02, 26213
0.02, 26131
0.02, 25895
0.02, 25890
0.02, 24743
0.03, 24713
0.03, 24270
0.03, 23839
0.03, 23032
0.03, 22837
0.03, 22641
0.03, 22221
0.06, 22190
0.06, 22179
0.08, 22135
0.08, 21824
0.08, 21062
0.08, 20973
0.08, 20913
0.14, 20543
0.14, 19902
0.16, 19449
0.16, 19344
0.16, 19273
0.16, 19039
0.16, 18881
0.16, 18197
0.17, 18066
0.17, 17783
0.17, 17757
0.19, 17669
0.19, 17531
0.19, 17480
0.22, 17407
0.22, 17390
0.24, 16996
0.25, 16305
0.25, 16230
0.30, 16109
0.31, 16100
0.33, 15650
0.33, 15640
0.34, 15595
0.34, 15260
0.34, 15193
0.36, 15007
0.38, 14992
0.39, 14885
0.42, 14874
0.44, 14775
0.44, 14650
0.45, 14638
0.49, 14554
0.49, 14434
0.50, 14186
0.50, 13501
0.50, 13395
0.50, 13363
0.56, 13350
0.58, 13143
0.64, 13078
0.64, 13067
0.66, 13024
0.70, 12982
0.70, 12911
0.70, 12890
0.75, 12785
0.77, 12749
0.78, 12725
0.80, 12414
0.81, 11504
0.84, 11485
0.92, 11431
0.95, 11154
1.02, 11121
1.02, 11063
1.02, 11055
1.06, 10851
1.08, 10799
1.14, 10572
1.22, 10544
1.24, 10483
1.27, 10469
1.31, 10190
1.38, 10063
1.39, 10036
1.41, 9806
1.42, 9792
1.47, 9718
1.53, 9661
2.02, 9478
2.13, 9447
2.33, 9433
2.44, 9424
2.44, 9398
2.61, 9357
2.77, 9349
2.77, 9323
2.83, 9255
2.94, 9215
3.11, 9060
3.14, 8958
3.48, 8946
3.59, 8854
4.36, 8816
4.44, 8804
4.58, 8746
4.66, 8670
4.86, 8669
5.72, 8531
6.14, 8508
8.47, 8502
8.80, 8486
9.19, 8468
9.23, 8338
9.33, 8315
9.75, 8301
9.86, 8300
10.33, 8287
12.05, 8272
12.14, 8226
12.15, 8222
12.48, 8214
14.54, 8204
14.59, 8203
16.29, 8196
19.11, 8195
19.12, 8189
19.31, 8162
31.95, 8150
34.23, 7935
34.24, 7895
