0.02, 26637
0.02, 26555
0.02, 25024
0.02, 24518
0.03, 24286
0.03, 22992
0.03, 22788
0.03, 22686
0.03, 22151
0.05, 21988
0.05, 21679
0.05, 21615
0.05, 21318
0.06, 21171
0.06, 20662
0.06, 20328
0.06, 20310
0.06, 20271
0.06, 19904
0.08, 19674
0.08, 19659
0.08, 19409
0.08, 18848
0.08, 17948
0.09, 17922
0.09, 17888
0.09, 17814
0.11, 17691
0.13, 17666
0.13, 17492
0.13, 16821
0.13, 16676
0.13, 16567
0.13, 16549
0.13, 16163
0.14, 16160
0.14, 16138
0.14, 16078
0.14, 16060
0.16, 16039
0.16, 16025
0.17, 15984
0.17, 15280
0.19, 15249
0.19, 15223
0.20, 15090
0.20, 15020
0.20, 14892
0.20, 14753
0.22, 14721
0.24, 14468
0.24, 14217
0.24, 13991
0.24, 13889
0.25, 13886
0.25, 13814
0.25, 13752
0.27, 13638
0.27, 13573
0.27, 13552
0.28, 13526
0.28, 13510
0.28, 13497
0.30, 13495
0.30, 13444
0.30, 13423
0.30, 13299
0.30, 13207
0.33, 13185
0.34, 13101
0.34, 12981
0.34, 12873
0.34, 12733
0.34, 12709
0.34, 12518
0.36, 12493
0.36, 12423
0.36, 12386
0.38, 12336
0.38, 12297
0.39, 12273
0.41, 12255
0.45, 12252
0.45, 12163
0.45, 12005
0.49, 11983
0.50, 11925
0.52, 11843
0.55, 11823
0.56, 11707
0.56, 11605
0.56, 11591
0.58, 11387
0.59, 11363
0.59, 11308
0.61, 11298
0.61, 11219
0.63, 11135
0.64, 11095
0.67, 11046
0.69, 10981
0.72, 10978
0.74, 10902
0.74, 10869
0.77, 10673
0.77, 10667
0.78, 10527
0.78, 10519
0.78, 10433
0.81, 10401
0.81, 10356
0.83, 10339
0.84, 10238
0.86, 10153
0.86, 10138
0.88, 9960
0.88, 9916
0.89, 9798
0.91, 9748
0.91, 9612
0.99, 9362
1.05, 9356
1.11, 9312
1.16, 9219
1.20, 9202
1.20, 9186
1.20, 9009
1.33, 8967
1.34, 8706
1.39, 8684
1.45, 8680
1.53, 8667
1.56, 8629
1.67, 8600
1.72, 8579
1.80, 8535
1.88, 8447
2.16, 8403
2.63, 8313
3.81, 8287
4.33, 8282
42.97, 8276
