0.02, 27021
0.02, 25630
0.03, 25488
0.03, 25282
0.03, 25237
0.05, 25179
0.05, 25020
0.05, 24692
0.06, 24210
0.06, 24017
0.06, 23176
0.06, 22834
0.06, 22750
0.06, 22483
0.06, 22180
0.08, 20967
0.08, 20323
0.08, 20296
0.09, 20022
0.11, 19751
0.11, 19639
0.11, 19198
0.13, 19190
0.17, 19180
0.19, 18946
0.19, 18732
0.19, 18715
0.20, 18073
0.20, 18000
0.20, 17975
0.20, 17682
0.20, 16722
0.24, 16300
0.24, 16218
0.24, 15701
0.24, 15661
0.27, 15546
0.27, 15211
0.28, 14542
0.31, 14253
0.33, 14066
0.34, 14035
0.36, 14024
0.39, 13967
0.39, 13951
0.41, 13890
0.42, 13880
0.42, 13830
0.44, 13739
0.47, 13633
0.47, 13546
0.47, 13501
0.49, 13338
0.50, 13331
0.50, 13205
0.52, 12954
0.53, 12735
0.53, 12615
0.55, 12538
0.63, 12529
0.63, 12527
0.70, 12460
0.77, 12330
0.83, 12265
0.84, 12182
0.86, 12065
0.91, 11892
0.91, 11813
0.97, 11804
1.00, 11644
1.02, 11616
1.05, 11570
1.06, 11149
1.22, 11046
1.36, 10942
1.42, 10926
1.47, 10911
1.56, 10898
1.69, 10842
1.80, 10731
1.84, 10702
1.88, 10682
1.94, 10675
2.30, 10568
2.34, 10542
2.36, 10289
2.45, 10270
2.59, 10126
2.63, 10123
2.78, 10060
3.06, 10053
3.25, 9942
3.89, 9895
3.98, 9835
4.34, 9664
4.44, 9643
4.53, 9624
5.12, 9610
5.17, 9609
5.20, 9524
5.20, 9502
5.28, 9497
5.50, 9475
5.58, 9473
5.97, 9434
6.36, 9323
6.50, 9322
6.80, 9276
6.81, 9032
7.11, 8887
8.55, 8874
10.28, 8863
10.29, 8857
10.51, 8853
10.64, 8801
10.89, 8776
11.32, 8753
11.42, 8670
11.55, 8655
11.64, 8637
11.75, 8538
12.18, 8498
12.22, 8483
12.46, 8470
13.37, 8273
14.27, 8253
17.21, 8252
18.77, 8237
20.76, 8232
21.96, 8199
25.05, 8089
