0.01, 7004145
0.01, 6989406
0.01, 6945439
0.02, 6828652
0.02, 6784501
0.02, 6629247
0.02, 6459532
0.02, 6288272
0.07, 6259888
0.07, 5671769
0.16, 5655729
0.25, 5636016
0.76, 5475253
0.76, 5424578
1.24, 5376692
1.24, 5338746
1.71, 5332387
2.19, 5326109
2.19, 5273977
2.20, 5149791
2.20, 5140228
2.69, 5135091
3.16, 5108183
3.16, 5086405
3.64, 5054153
4.10, 4870931
4.10, 4764045
4.56, 4749959
5.02, 4710323
5.02, 4668436
5.02, 4602908
5.49, 4552030
5.49, 4517619
5.95, 4410104
6.41, 4239124
6.88, 4214038
7.37, 4208283
7.79, 4184513
8.22, 4169303
8.22, 4150727
8.63, 4111705
9.07, 4110806
9.53, 4060340
9.94, 4030985
10.34, 4014332
10.75, 3953644
11.15, 3928522
11.56, 3903256
11.97, 3882468
12.36, 3802363
12.76, 3758337
13.17, 3749447
13.56, 3745551
13.94, 3741513
14.33, 3711095
14.72, 3688059
15.10, 3567527
15.48, 3483473
15.85, 3446705
16.22, 3429479
16.59, 3417185
16.98, 3400913
17.37, 3384421
17.74, 3384375
18.11, 3303067
18.47, 3280792
18.85, 3263127
19.23, 3219191
19.59, 3206398
19.97, 3124173
20.34, 3077395
20.70, 3008080
21.07, 2997854
21.43, 2982364
21.80, 2970020
22.17, 2933645
22.53, 2931969
22.89, 2921633
23.27, 2913796
23.63, 2873920
23.98, 2819072
24.35, 2810815
24.72, 2803585
25.08, 2799212
25.43, 2776755
25.78, 2771450
26.13, 2768124
26.47, 2737121
26.85, 2736089
27.21, 2719768
27.56, 2713927
27.91, 2710135
28.25, 2703225
28.60, 2672965
28.95, 2658568
29.34, 2469918
29.68, 2468087
30.02, 2465839
30.35, 2464945
30.69, 2457885
31.03, 2435852
31.36, 2423899
31.69, 2415277
32.04, 2405625
32.36, 2398737
32.68, 2340601
33.01, 2340040
33.33, 2332022
33.65, 2315133
33.97, 2294837
34.28, 2289636
34.59, 2246185
34.93, 2221129
35.24, 2210664
35.56, 2198633
35.88, 2188020
36.19, 2179575
36.52, 2171987
36.83, 2148023
37.13, 2120092
37.43, 2114178
37.75, 2102398
38.05, 2092038
38.36, 2089673
38.67, 2036866
38.97, 2026281
39.29, 2022343
39.58, 2011982
39.89, 2007350
40.19, 1998906
40.50, 1997475
40.81, 1991733
41.11, 1981796
41.42, 1969459
41.71, 1957994
42.01, 1954610
42.29, 1950240
42.60, 1930341
42.91, 1824982
43.19, 1815239
43.48, 1808434
43.79, 1804545
44.07, 1794268
44.39, 1786653
44.69, 1774013
45.05, 1760925
45.33, 1755010
45.83, 1754367
46.14, 1752265
46.46, 1741932
46.83, 1731707
47.39, 1680305
48.40, 1675804
48.70, 1675579
