0.01, 8200502
0.01, 8031491
0.01, 8024354
0.01, 7995007
0.01, 7965703
0.01, 7947102
0.01, 7885216
0.01, 7614209
0.01, 7550633
0.02, 7449717
0.02, 7313649
0.02, 7274397
0.02, 7125782
0.02, 6951310
0.02, 6944573
0.02, 6918041
0.02, 6872814
0.02, 6800829
0.02, 6691824
0.02, 6671442
0.02, 6603576
0.03, 6514419
0.03, 6455994
0.03, 6439973
0.04, 6400607
0.05, 6271238
0.05, 6116680
0.09, 6079958
0.13, 6005663
0.13, 5998795
0.13, 5947869
0.25, 5941769
0.28, 5816875
0.32, 5764300
0.84, 5568712
0.84, 5546529
0.84, 5541937
0.84, 5479801
1.34, 5347285
1.34, 5284901
1.82, 5105347
2.32, 5062976
2.32, 5038690
2.32, 4867950
2.84, 4835478
3.32, 4731962
3.79, 4570621
4.25, 4424633
4.74, 4385381
5.22, 4327859
5.69, 4274030
6.17, 4248711
6.17, 4146700
6.63, 4128383
7.09, 4076741
7.55, 4063127
8.01, 4058928
8.46, 3964509
8.94, 3866908
9.38, 3855671
9.82, 3839145
10.26, 3818392
10.70, 3799670
11.13, 3795084
11.57, 3790400
11.99, 3776853
12.42, 3766412
12.84, 3731236
13.26, 3698904
13.26, 3689298
13.68, 3677665
14.10, 3661284
14.52, 3658654
14.94, 3606505
15.35, 3551914
15.77, 3507890
16.18, 3497410
16.59, 3466674
17.00, 3409569
17.40, 3362712
17.81, 3359812
18.21, 3328488
18.62, 3323044
19.01, 3317314
19.41, 3317050
19.81, 3285065
20.21, 3278457
20.59, 3276887
20.98, 3264460
21.36, 3251838
21.74, 3249969
22.11, 3216433
22.49, 3206912
22.87, 3206507
23.24, 3173694
23.62, 3129807
24.00, 3124122
24.37, 3084767
24.75, 3072316
25.12, 3066389
25.49, 3044273
25.87, 2984274
26.24, 2953475
26.62, 2888941
26.98, 2874272
27.35, 2873373
27.71, 2825112
28.07, 2822723
28.43, 2819856
28.79, 2812693
29.14, 2811336
29.50, 2806454
29.86, 2749644
30.22, 2646291
30.59, 2641980
30.94, 2618728
31.30, 2605468
31.65, 2572251
31.99, 2570762
32.33, 2565694
32.68, 2520178
33.02, 2518051
33.36, 2517851
33.70, 2510081
34.05, 2493527
34.39, 2458781
34.73, 2454401
35.06, 2444287
35.40, 2428991
35.73, 2418726
36.07, 2415793
36.41, 2401678
36.73, 2385497
37.05, 2372327
37.37, 2371992
37.69, 2328747
38.02, 2322249
38.34, 2318917
38.66, 2304499
38.98, 2300328
39.29, 2286760
39.61, 2286082
39.93, 2258079
40.24, 2249170
40.55, 2248722
40.87, 2246763
41.17, 2245205
41.48, 2242891
41.79, 2233679
42.10, 2215248
42.41, 2198841
42.71, 2198401
43.01, 2198003
43.32, 2192535
43.62, 2164484
43.91, 2150218
44.22, 2149739
44.51, 2061650
44.81, 2040925
45.10, 2039138
45.43, 2032509
45.72, 2030383
46.02, 2028981
46.32, 2019884
46.62, 2019169
46.92, 2008330
47.23, 1999829
47.53, 1995680
47.84, 1985372
48.15, 1950563
48.46, 1948050
48.76, 1936487
49.05, 1928060
49.36, 1883551
49.65, 1877906
49.96, 1876076
50.30, 1873602
50.57, 1871907
50.85, 1870241
51.13, 1869231
51.41, 1847809
51.73, 1815026
52.03, 1811538
52.33, 1810547
52.63, 1809905
52.93, 1806792
53.26, 1805147
53.54, 1796163
53.83, 1795152
54.12, 1793166
54.39, 1790994
54.68, 1783581
54.98, 1767308
55.26, 1761214
55.73, 1759910
56.07, 1749507
56.40, 1747853
56.87, 1747833
57.58, 1745512
57.92, 1744406
58.24, 1742500
58.93, 1741152
59.42, 1741012
59.97, 1738955
60.93, 1735251
