0.01, 7565562
0.01, 7542787
0.01, 7528201
0.01, 7505711
0.01, 7455122
0.01, 7455103
0.01, 7394399
0.01, 7288191
0.01, 7273325
0.02, 7226996
0.02, 7146506
0.02, 7138324
0.02, 7097602
0.02, 6967757
0.02, 6947196
0.03, 6838421
0.03, 6773259
0.03, 6748009
0.03, 6745236
0.03, 6733052
0.03, 6730940
0.03, 6730687
0.03, 6690346
0.03, 6515533
0.03, 6487706
0.03, 6331672
0.03, 6321606
0.04, 6319034
0.04, 6311674
0.04, 6058372
0.05, 5995490
0.05, 5943308
0.05, 5916804
0.05, 5868343
0.05, 5734964
0.05, 5691283
0.05, 5685442
0.56, 5619235
0.56, 5581379
0.81, 5364139
1.29, 5089131
1.29, 4988927
1.74, 4784982
2.19, 4735355
2.64, 4634596
3.09, 4622379
3.53, 4597049
3.97, 4580686
4.41, 4546823
4.85, 4546071
5.31, 4525276
5.77, 4370698
6.22, 4336080
6.68, 4327557
7.13, 4323556
7.59, 4321208
8.03, 4320723
8.48, 4296397
8.93, 4237410
8.93, 4214024
9.34, 4212136
9.74, 4027925
10.14, 4011063
10.55, 3919708
10.94, 3899044
11.34, 3839022
11.74, 3821371
12.13, 3806386
12.52, 3801673
12.91, 3800320
12.91, 3797086
13.30, 3784611
13.69, 3730824
14.07, 3729011
14.46, 3675950
14.84, 3605032
15.23, 3568274
15.61, 3520551
15.99, 3451604
16.37, 3447708
16.75, 3402445
17.12, 3378133
17.50, 3376611
17.87, 3288656
18.24, 3287032
18.61, 3252139
18.98, 3239676
19.34, 3129350
19.34, 3071415
19.71, 3030824
20.08, 3019520
20.44, 3017738
20.80, 2989184
21.16, 2986155
21.52, 2917872
21.88, 2871961
22.23, 2863696
22.59, 2861596
22.94, 2850256
23.29, 2844932
23.64, 2826231
23.98, 2801571
24.33, 2793804
24.67, 2771195
25.02, 2769328
25.37, 2758064
25.71, 2748629
26.05, 2741723
26.39, 2724565
26.73, 2710379
27.07, 2673825
27.40, 2672167
27.74, 2662056
28.07, 2631773
28.41, 2631730
28.74, 2625707
29.06, 2615354
29.39, 2609146
29.72, 2573835
30.04, 2545892
30.37, 2522894
30.69, 2477299
31.01, 2466015
31.33, 2462069
31.66, 2448593
31.98, 2423056
32.30, 2417737
32.62, 2337630
32.94, 2333906
33.25, 2308773
33.57, 2293911
33.87, 2292695
34.19, 2282064
34.50, 2280621
34.80, 2262728
35.11, 2253330
35.42, 2251558
35.72, 2225979
36.03, 2207501
36.33, 2196103
36.63, 2192560
36.93, 2184832
37.23, 2179449
37.54, 2152525
37.84, 2145471
38.14, 2139305
38.44, 2138532
38.74, 2083726
39.05, 2078867
39.34, 2072824
39.64, 2028028
39.94, 2021025
40.23, 2013371
40.53, 2011194
40.82, 2002361
41.12, 1978101
41.41, 1965083
41.71, 1961078
42.00, 1952543
42.29, 1948566
42.58, 1939024
42.88, 1938661
43.17, 1912484
43.45, 1899987
43.74, 1899089
44.02, 1890737
44.31, 1851308
44.60, 1847516
44.88, 1834938
45.16, 1832285
45.43, 1827256
45.72, 1816920
46.00, 1810169
46.29, 1791471
46.62, 1749670
46.92, 1749635
47.20, 1748315
47.54, 1744711
47.88, 1743429
48.16, 1737395
48.47, 1731894
48.79, 1730315
49.17, 1729464
49.61, 1724337
49.93, 1723401
50.25, 1715007
51.38, 1713584
55.15, 1710518
56.07, 1708783
