0.01, 7845040
0.01, 7749993
0.01, 7724001
0.01, 7656278
0.01, 7640944
0.01, 7545104
0.01, 7469453
0.01, 7416701
0.01, 7197488
0.02, 6848277
0.02, 6786349
0.02, 6717126
0.02, 6559857
0.02, 6507548
0.02, 6478898
0.03, 6343581
0.03, 6334411
0.03, 6332353
0.03, 6326176
0.03, 6285490
0.03, 6212974
0.05, 6158228
0.05, 6152748
0.08, 6084249
0.13, 5940451
0.13, 5854927
0.14, 5828630
0.35, 5821579
0.36, 5695306
0.88, 5523474
0.88, 5504462
0.88, 5483816
1.36, 5443366
1.36, 5429372
1.82, 5223852
2.28, 5070794
2.28, 5028925
2.75, 5021733
3.20, 5012872
3.20, 4997229
3.66, 4933124
4.12, 4919478
4.59, 4834410
5.03, 4753411
5.50, 4736600
5.94, 4733596
5.94, 4648372
6.38, 4551590
6.82, 4436749
7.25, 4334292
7.69, 4268496
8.13, 4249432
8.56, 4223257
9.02, 4181936
9.43, 3974021
9.83, 3962589
10.25, 3961514
10.65, 3940765
11.06, 3936770
11.47, 3842347
11.87, 3808185
12.28, 3785725
12.68, 3747173
13.07, 3731720
13.47, 3690853
13.86, 3681271
14.24, 3651408
14.63, 3629068
15.04, 3604417
15.43, 3588057
15.82, 3488931
16.22, 3458987
16.63, 3450230
17.02, 3422493
17.40, 3315512
17.84, 3304040
18.21, 3284683
18.60, 3258096
18.98, 3257191
19.35, 3240993
19.76, 3228417
20.16, 3220715
20.53, 3220619
20.89, 3216245
21.26, 3208079
21.64, 3185372
22.02, 3152900
22.37, 3113115
22.74, 3084979
23.11, 3014698
23.47, 2997457
23.82, 2976168
24.19, 2973814
24.54, 2960275
24.88, 2954413
25.23, 2940877
25.58, 2914602
25.93, 2858569
26.28, 2839434
26.62, 2830410
26.97, 2806736
27.31, 2792824
27.67, 2742104
28.01, 2722752
28.37, 2694105
28.70, 2661542
29.03, 2631008
29.37, 2624570
29.69, 2623168
30.03, 2590790
30.37, 2585290
30.70, 2579069
31.04, 2563573
31.37, 2558320
31.71, 2486929
32.03, 2486294
32.36, 2485936
32.69, 2451395
33.01, 2448887
33.34, 2425993
33.67, 2398029
33.99, 2390854
34.32, 2387519
34.64, 2367835
34.96, 2325299
35.29, 2320842
35.60, 2300508
35.91, 2299286
36.25, 2268425
36.57, 2245322
36.90, 2206921
37.21, 2194372
37.55, 2171754
37.88, 2168576
38.18, 2163343
38.49, 2149195
38.79, 2128395
39.09, 2064311
39.39, 2054694
39.69, 2054504
39.99, 2053637
40.30, 2042245
40.59, 1998830
40.89, 1982451
41.18, 1981417
41.46, 1980080
41.76, 1930992
42.04, 1922248
42.39, 1894814
42.71, 1886484
43.04, 1879966
43.43, 1878905
43.80, 1850722
44.43, 1842741
44.88, 1839199
45.26, 1826307
45.72, 1824625
46.00, 1824113
46.40, 1802681
46.77, 1795555
47.15, 1758926
47.65, 1758671
