0.01, 6725550
0.02, 6662357
0.02, 6662317
0.02, 6640249
0.02, 6580608
0.03, 6570700
0.04, 6549974
0.04, 6533595
0.05, 6438775
0.05, 6371735
0.05, 6030657
0.07, 5830778
0.08, 5780608
0.08, 5707332
0.55, 5638030
0.55, 5536039
0.55, 5534272
1.08, 5480067
1.58, 5295300
2.05, 5210110
2.53, 5200357
3.00, 5161820
3.00, 5055767
3.49, 5001420
3.95, 4985653
4.42, 4942311
4.88, 4926070
5.34, 4856891
5.80, 4839794
6.26, 4808171
6.71, 4783032
7.22, 4720387
7.22, 4633604
7.66, 4609709
8.09, 4600248
8.54, 4584270
8.54, 4566577
9.00, 4554034
9.48, 4404312
9.92, 4388455
10.34, 4354080
10.75, 4298475
11.19, 4250723
11.60, 4112995
12.03, 4101611
12.03, 4060407
12.44, 4041158
12.88, 4017259
13.28, 4014618
13.68, 4004981
14.08, 3980360
14.50, 3966609
14.89, 3957903
15.27, 3896949
15.65, 3879028
16.03, 3878118
16.03, 3755196
16.42, 3734630
16.80, 3701497
17.19, 3638561
17.57, 3596156
17.96, 3582785
18.34, 3557206
18.76, 3514484
19.15, 3509545
19.54, 3490182
19.93, 3334714
20.29, 3316045
20.66, 3278440
21.03, 3259269
21.41, 3256110
21.78, 3249347
22.20, 3245991
22.56, 3220353
22.94, 3166217
23.31, 3131964
23.69, 3119054
24.11, 3089553
24.48, 3024407
24.84, 3012725
25.19, 2995883
25.54, 2988015
25.91, 2984832
26.26, 2962181
26.61, 2950272
26.97, 2876575
27.32, 2866618
27.66, 2862992
28.01, 2850677
28.36, 2842977
28.71, 2822508
29.05, 2797170
29.39, 2777432
29.74, 2750182
30.07, 2742015
30.41, 2713236
30.76, 2709052
31.09, 2708530
31.45, 2681697
31.79, 2666797
32.15, 2663009
32.47, 2646197
32.80, 2641289
33.14, 2632565
33.52, 2600530
33.83, 2599422
34.17, 2593728
34.49, 2589024
34.83, 2572821
35.15, 2553991
35.52, 2551534
35.84, 2539711
36.15, 2527077
36.47, 2520066
36.78, 2519032
37.10, 2457001
37.41, 2455070
37.72, 2447247
38.03, 2429477
38.34, 2429321
38.64, 2427555
38.96, 2406483
39.26, 2397638
39.57, 2380192
39.87, 2366425
40.17, 2364172
40.49, 2345602
40.79, 2343988
41.09, 2340965
41.41, 2293512
41.70, 2293190
42.00, 2292431
42.30, 2273468
42.61, 2129889
42.92, 2110647
43.21, 2084439
43.50, 2077090
43.82, 2003771
44.14, 1998698
44.43, 1997792
44.74, 1997663
45.03, 1991057
45.35, 1981943
45.70, 1978566
45.99, 1966122
46.29, 1959198
46.57, 1956798
46.86, 1946898
47.16, 1927818
47.45, 1889865
47.80, 1889394
48.09, 1874944
48.41, 1874515
48.69, 1873416
48.98, 1868151
49.25, 1858469
49.55, 1857125
49.84, 1852011
50.12, 1846888
50.44, 1843753
50.72, 1834595
51.02, 1832096
51.38, 1830927
51.69, 1795434
51.99, 1793892
52.33, 1785863
52.67, 1781871
53.12, 1764431
53.39, 1756388
53.73, 1753603
54.14, 1749041
55.15, 1738727
55.72, 1737829
56.69, 1736854
57.47, 1736621
58.60, 1734886
58.85, 1732757
59.20, 1686930
60.37, 1685195
62.58, 1684427
