0.01, 221197
0.01, 214403
0.01, 213918
0.01, 209698
0.01, 207704
0.01, 202489
0.01, 198781
0.02, 196063
0.02, 190219
0.02, 189519
0.02, 188763
0.03, 186278
0.03, 182989
0.03, 179426
0.03, 179211
0.04, 177695
0.04, 177299
0.04, 169677
0.04, 165309
0.04, 163535
0.04, 159765
0.05, 159009
0.05, 152860
0.05, 150135
0.05, 149186
0.05, 147237
0.05, 144424
0.05, 138405
0.06, 134428
0.06, 133197
0.06, 131626
0.06, 130578
0.06, 130489
0.07, 130221
0.07, 129449
0.07, 129227
0.07, 128309
0.08, 127865
0.08, 124077
0.08, 123081
0.08, 123003
0.08, 122025
0.09, 120865
0.09, 120212
0.09, 119687
0.09, 116855
0.09, 116438
0.09, 114965
0.10, 113421
0.10, 106060
0.10, 105970
0.10, 104940
0.10, 101851
0.11, 100556
0.11, 98074
0.11, 97742
0.11, 97162
0.11, 96452
0.12, 96424
0.12, 96254
0.12, 89517
0.12, 89389
0.12, 88332
0.13, 86957
0.13, 85209
0.13, 85206
0.13, 85175
0.14, 83526
0.14, 83478
0.14, 81980
0.14, 81770
0.15, 80979
0.15, 80826
0.15, 80662
0.15, 80199
0.15, 79757
0.15, 79437
0.15, 79379
0.16, 78468
0.16, 76559
0.16, 76141
0.16, 74821
0.16, 74671
0.16, 74409
0.17, 73297
0.17, 72834
0.17, 72296
0.17, 72130
0.17, 72063
0.17, 71514
0.18, 70898
0.18, 70059
0.20, 69606
0.20, 69400
0.21, 69206
0.21, 67566
0.21, 67484
0.22, 67404
0.22, 67311
0.24, 67234
0.25, 66618
0.26, 66361
0.26, 65492
0.27, 65297
0.29, 65051
0.30, 65043
0.31, 64407
0.32, 64330
0.32, 64029
0.34, 63962
0.37, 63266
0.40, 62928
0.40, 62757
0.41, 61662
0.43, 61223
0.53, 59959
0.59, 59535
0.60, 58989
0.61, 58750
0.62, 58254
0.63, 57827
0.74, 57812
0.84, 57677
0.93, 57522
0.94, 57217
1.40, 56584
