0.01, 228655
0.01, 222090
0.01, 220426
0.01, 220396
0.01, 214252
0.01, 210865
0.01, 208328
0.02, 207509
0.02, 201880
0.02, 194713
0.02, 187343
0.02, 183608
0.02, 181429
0.03, 180838
0.03, 179892
0.03, 179007
0.03, 176838
0.03, 176622
0.03, 171069
0.04, 167875
0.04, 165299
0.04, 163832
0.04, 159894
0.04, 159694
0.05, 153678
0.05, 152785
0.05, 151473
0.05, 149233
0.05, 146481
0.05, 139293
0.05, 139266
0.06, 137343
0.06, 134012
0.06, 133579
0.06, 131631
0.06, 131194
0.06, 130034
0.06, 128938
0.07, 126249
0.07, 126221
0.07, 119585
0.07, 118505
0.07, 116658
0.07, 115263
0.08, 111471
0.08, 111324
0.08, 109440
0.08, 108745
0.08, 107449
0.09, 105953
0.09, 104358
0.09, 103642
0.09, 102433
0.09, 101483
0.09, 100407
0.09, 99828
0.10, 97668
0.10, 97567
0.10, 96886
0.10, 96835
0.10, 95052
0.11, 94706
0.11, 93728
0.11, 93327
0.11, 92709
0.11, 92324
0.12, 91184
0.12, 89797
0.12, 88481
0.12, 86976
0.12, 85418
0.13, 84204
0.13, 84134
0.13, 83314
0.13, 82649
0.13, 82567
0.13, 82278
0.14, 81287
0.14, 80791
0.14, 80659
0.14, 78875
0.14, 76916
0.14, 76169
0.14, 75159
0.15, 74897
0.15, 74097
0.15, 73074
0.15, 72632
0.15, 71882
0.15, 71098
0.15, 71090
0.16, 70145
0.16, 68930
0.16, 68833
0.17, 68621
0.17, 68325
0.17, 66177
0.18, 66095
0.19, 64829
0.20, 64804
0.21, 64701
0.21, 64634
0.22, 64509
0.23, 64406
0.23, 63898
0.26, 63869
0.27, 63194
0.27, 63111
0.27, 62480
0.28, 62381
0.28, 61852
0.28, 61234
0.29, 60884
0.30, 60396
0.31, 60270
0.35, 59644
0.51, 59559
0.55, 59556
0.56, 59372
0.57, 59124
0.60, 58735
0.74, 58692
0.81, 58059
0.94, 57822
0.96, 57680
1.12, 57469
1.14, 57297
1.16, 56534
1.19, 56466
1.34, 56033
1.50, 55531
1.58, 55337
2.24, 55063
