0.01, 222995
0.01, 221399
0.01, 206794
0.01, 204419
0.01, 198544
0.01, 193510
0.01, 188287
0.02, 182442
0.02, 176800
0.02, 171255
0.02, 168148
0.03, 167916
0.03, 164697
0.03, 162789
0.03, 160961
0.03, 158341
0.04, 158222
0.04, 156217
0.04, 153563
0.04, 153472
0.04, 152364
0.04, 150327
0.04, 145888
0.04, 144466
0.05, 143833
0.05, 143506
0.05, 143429
0.05, 131764
0.05, 130670
0.05, 130093
0.05, 127439
0.06, 127090
0.06, 124740
0.06, 120656
0.06, 119922
0.06, 118254
0.06, 115890
0.07, 115511
0.07, 110814
0.07, 109178
0.07, 107599
0.07, 103856
0.08, 103499
0.08, 99238
0.08, 98929
0.08, 97969
0.08, 96136
0.08, 96097
0.08, 95058
0.09, 92844
0.09, 91569
0.09, 91415
0.09, 91304
0.09, 90417
0.09, 89937
0.10, 89691
0.10, 89610
0.10, 89237
0.10, 88753
0.10, 87943
0.11, 85325
0.11, 85098
0.11, 83596
0.11, 81723
0.11, 81689
0.11, 81510
0.12, 79786
0.12, 78698
0.12, 76953
0.12, 76258
0.13, 76033
0.13, 75454
0.13, 75204
0.13, 74510
0.13, 73899
0.14, 73374
0.14, 73346
0.14, 73131
0.14, 72410
0.15, 72325
0.15, 72184
0.15, 71841
0.15, 71752
0.16, 71684
0.16, 70363
0.16, 69948
0.19, 69920
0.19, 69740
0.19, 68785
0.20, 67731
0.21, 67072
0.21, 66806
0.22, 65242
0.23, 64052
0.23, 63979
0.23, 63637
0.24, 63068
0.24, 62577
0.25, 62451
0.25, 62391
0.25, 62331
0.26, 61687
0.29, 61682
0.29, 60521
0.30, 60311
0.51, 60250
0.53, 60016
0.56, 59925
0.58, 59888
0.58, 59852
0.60, 59280
0.61, 58944
0.65, 58766
0.72, 58432
0.79, 58418
0.84, 58390
0.87, 58352
0.93, 58301
0.94, 58255
0.95, 57786
0.99, 57768
1.03, 57654
1.22, 57576
1.28, 57460
1.54, 56654
1.75, 56530
2.00, 56502
2.09, 56490
2.49, 56473
2.78, 56299
2.82, 56174
3.01, 56008
3.06, 55960
3.06, 55922
3.07, 55585
3.09, 55193
3.19, 54751
3.50, 54648
3.52, 54465
3.70, 54444
3.81, 54360
