0.01, 201688
0.01, 201605
0.01, 192666
0.01, 187927
0.01, 185832
0.01, 179958
0.02, 176492
0.02, 174030
0.03, 172296
0.03, 169660
0.03, 169030
0.03, 162389
0.03, 161374
0.04, 159243
0.04, 156602
0.04, 156041
0.04, 153788
0.04, 150167
0.04, 149162
0.04, 148769
0.04, 141024
0.05, 140762
0.05, 140617
0.05, 133897
0.05, 132336
0.05, 130444
0.05, 129252
0.05, 128894
0.06, 127000
0.06, 125558
0.06, 125478
0.06, 125310
0.06, 120763
0.06, 119879
0.07, 119428
0.07, 114650
0.07, 113627
0.07, 108842
0.07, 106600
0.08, 104526
0.08, 103942
0.08, 103907
0.08, 101539
0.08, 99968
0.08, 98497
0.08, 97473
0.09, 96499
0.09, 95057
0.09, 93809
0.09, 92499
0.09, 91287
0.09, 91273
0.10, 90935
0.10, 90876
0.10, 90664
0.10, 90324
0.11, 89214
0.11, 88772
0.11, 87531
0.11, 86568
0.11, 86437
0.12, 86007
0.12, 85967
0.12, 84897
0.12, 84554
0.13, 84137
0.13, 83327
0.13, 81957
0.13, 80177
0.14, 79111
0.14, 77252
0.14, 77243
0.14, 76969
0.15, 76376
0.15, 74950
0.15, 74698
0.15, 74627
0.16, 74517
0.16, 72773
0.16, 72615
0.17, 72376
0.17, 71913
0.18, 71718
0.18, 71273
0.18, 71266
0.18, 71171
0.18, 70843
0.19, 70229
0.19, 70216
0.19, 69450
0.20, 69174
0.20, 68964
0.20, 68479
0.20, 67606
0.20, 66338
0.21, 66056
0.21, 66011
0.21, 65380
0.24, 64982
0.25, 64607
0.26, 64267
0.27, 63990
0.28, 63510
0.28, 63452
0.31, 62942
0.32, 62131
0.32, 60502
0.33, 60494
0.33, 59749
0.34, 59500
0.36, 59420
0.41, 59270
0.53, 59214
0.61, 59178
0.65, 59012
0.70, 58995
0.75, 58907
0.86, 58518
1.04, 58449
1.06, 57901
1.12, 57489
1.21, 57329
1.70, 57298
2.18, 57246
