0.01, 226956
0.01, 223049
0.01, 219801
0.01, 217569
0.01, 216771
0.01, 206224
0.01, 202796
0.01, 200787
0.02, 197926
0.02, 196153
0.02, 195130
0.02, 189541
0.03, 188248
0.03, 183632
0.03, 181633
0.03, 176008
0.03, 169682
0.03, 167745
0.03, 162336
0.04, 157658
0.04, 155416
0.04, 148712
0.04, 142715
0.04, 141076
0.04, 140892
0.05, 139356
0.05, 137980
0.05, 133705
0.05, 133345
0.05, 132563
0.05, 131671
0.05, 130533
0.05, 128224
0.06, 126980
0.06, 121784
0.06, 120919
0.06, 120445
0.06, 120012
0.06, 119284
0.07, 118541
0.07, 118313
0.07, 117479
0.07, 117382
0.07, 112283
0.08, 110341
0.08, 110333
0.08, 109173
0.08, 108021
0.08, 105450
0.09, 104264
0.09, 103243
0.09, 101695
0.09, 100876
0.09, 98281
0.10, 96186
0.10, 94353
0.10, 93670
0.10, 93588
0.11, 91907
0.11, 90609
0.11, 90276
0.11, 89718
0.11, 88112
0.12, 86350
0.12, 85299
0.12, 85036
0.12, 84811
0.13, 84614
0.13, 83849
0.13, 83660
0.13, 82534
0.13, 82151
0.14, 80103
0.14, 79768
0.14, 77938
0.14, 76790
0.14, 74361
0.14, 73656
0.15, 73297
0.15, 73102
0.15, 72790
0.15, 72317
0.15, 68930
0.17, 68212
0.17, 67134
0.17, 66139
0.18, 65648
0.18, 65154
0.20, 65059
0.21, 64539
0.23, 64265
0.23, 64074
0.24, 63478
0.25, 62526
0.25, 62187
0.27, 61978
0.30, 60861
0.38, 60814
0.40, 60008
0.44, 59505
0.58, 59142
0.79, 58025
2.08, 57368
2.57, 57221
2.83, 56686
