0.01, 199976
0.01, 198024
0.01, 191983
0.01, 187460
0.02, 186832
0.02, 186040
0.02, 184424
0.02, 178332
0.02, 163848
0.03, 161923
0.03, 161773
0.03, 156735
0.03, 154623
0.04, 153625
0.04, 152620
0.04, 151801
0.04, 151059
0.05, 147115
0.05, 146072
0.05, 145366
0.05, 139187
0.05, 138173
0.05, 136129
0.05, 130936
0.05, 130031
0.05, 127164
0.06, 125614
0.06, 123869
0.06, 122740
0.06, 122655
0.06, 122144
0.06, 116903
0.07, 112731
0.07, 112204
0.07, 110945
0.07, 109545
0.07, 109013
0.08, 108716
0.08, 108704
0.08, 107776
0.08, 106416
0.08, 105916
0.09, 105692
0.09, 105539
0.09, 103305
0.09, 103116
0.09, 102132
0.09, 101844
0.09, 100235
0.10, 100196
0.10, 99860
0.10, 99159
0.10, 94294
0.10, 93830
0.10, 92667
0.10, 90978
0.11, 89198
0.11, 88903
0.11, 88658
0.11, 88397
0.11, 87891
0.11, 87475
0.11, 84981
0.12, 84753
0.12, 84326
0.12, 84161
0.12, 82674
0.12, 82361
0.12, 81526
0.12, 79554
0.12, 77946
0.12, 77215
0.12, 76392
0.13, 76318
0.13, 74891
0.13, 74573
0.13, 74016
0.13, 73465
0.13, 72602
0.14, 72191
0.14, 72056
0.14, 71753
0.14, 71631
0.15, 71539
0.15, 71413
0.15, 71068
0.16, 70594
0.16, 70399
0.16, 70154
0.16, 70094
0.16, 69960
0.17, 69175
0.17, 68766
0.17, 68392
0.17, 67515
0.18, 67366
0.18, 67190
0.20, 66909
0.20, 66023
0.21, 65875
0.21, 65809
0.21, 65521
0.22, 65360
0.23, 64774
0.25, 64668
0.26, 63875
0.26, 63771
0.28, 63430
0.29, 63297
0.30, 63001
0.30, 62959
0.30, 62738
0.32, 62418
0.32, 61303
0.34, 61299
0.35, 60842
0.35, 60820
0.36, 60031
0.39, 59769
0.40, 59530
0.42, 57752
0.45, 56877
0.46, 56546
0.47, 56425
0.68, 56406
0.70, 55995
0.82, 55799
0.89, 55616
0.89, 55584
0.93, 55206
1.24, 55115
1.42, 55096
1.50, 55012
1.91, 54838
3.07, 54803
