0.01, 206793
0.02, 206109
0.02, 205222
0.02, 204782
0.02, 203129
0.02, 199768
0.02, 199056
0.02, 198570
0.02, 198497
0.03, 198372
0.03, 194903
0.03, 192849
0.03, 191349
0.03, 181246
0.03, 178346
0.04, 171955
0.04, 170875
0.04, 169691
0.04, 169638
0.05, 165040
0.05, 159470
0.05, 158829
0.05, 156667
0.05, 155435
0.05, 150386
0.06, 149892
0.06, 143895
0.06, 141762
0.06, 140873
0.06, 140132
0.06, 134629
0.06, 134513
0.07, 134482
0.07, 130718
0.07, 130356
0.07, 130279
0.07, 129890
0.07, 129472
0.07, 125444
0.07, 125236
0.07, 125230
0.08, 124686
0.08, 122729
0.08, 122668
0.08, 122121
0.08, 121626
0.08, 120411
0.09, 119834
0.09, 118495
0.09, 117327
0.09, 115358
0.09, 115068
0.09, 111680
0.09, 109581
0.10, 108819
0.10, 107989
0.10, 106278
0.10, 105437
0.10, 105037
0.10, 104997
0.11, 102759
0.11, 102714
0.11, 102653
0.11, 100891
0.12, 99963
0.12, 98530
0.12, 94160
0.12, 92719
0.12, 91706
0.13, 89276
0.13, 89105
0.13, 88437
0.13, 88382
0.13, 85393
0.14, 84105
0.14, 83946
0.14, 81896
0.14, 81576
0.14, 81118
0.15, 80567
0.15, 80028
0.15, 78676
0.16, 78342
0.16, 77102
0.16, 75672
0.16, 75060
0.16, 74737
0.16, 73791
0.17, 73581
0.17, 73317
0.17, 72539
0.17, 72304
0.17, 71644
0.17, 70414
0.18, 70148
0.18, 70086
0.18, 66289
0.18, 64639
0.20, 64575
0.20, 63810
0.20, 63018
0.22, 62423
0.22, 61360
0.23, 61268
0.23, 61118
0.25, 60492
0.28, 59962
0.30, 59906
0.31, 58829
0.32, 58497
0.33, 58111
0.33, 58032
0.34, 57784
0.36, 57095
0.36, 56793
0.41, 56654
0.46, 56299
0.51, 56150
0.53, 55980
0.76, 55664
0.77, 55485
