0.01, 213380
0.01, 213233
0.01, 212275
0.01, 194186
0.01, 193023
0.01, 190327
0.01, 186787
0.02, 176195
0.02, 168546
0.03, 166208
0.03, 164436
0.03, 164080
0.03, 160624
0.03, 160201
0.03, 157347
0.04, 157211
0.04, 145705
0.04, 143714
0.04, 143207
0.04, 142995
0.04, 142102
0.05, 141084
0.05, 139876
0.05, 139665
0.05, 136663
0.05, 132388
0.05, 131410
0.05, 131214
0.06, 130747
0.06, 126612
0.06, 125336
0.06, 122058
0.06, 121748
0.06, 120593
0.07, 118252
0.07, 117918
0.07, 117131
0.07, 114618
0.07, 114112
0.08, 113441
0.08, 112406
0.08, 110948
0.08, 110775
0.08, 109073
0.08, 105829
0.09, 105779
0.09, 105704
0.09, 105003
0.09, 101322
0.09, 100055
0.09, 97331
0.10, 97158
0.10, 96370
0.10, 96105
0.10, 91986
0.10, 90662
0.10, 87765
0.11, 86859
0.11, 86235
0.11, 84773
0.12, 84623
0.12, 80258
0.12, 80106
0.12, 78257
0.12, 76791
0.12, 75928
0.12, 75762
0.13, 75280
0.13, 73732
0.13, 72981
0.13, 72763
0.13, 71100
0.13, 70709
0.14, 70013
0.14, 69822
0.15, 69018
0.15, 68399
0.15, 67933
0.15, 67629
0.15, 67419
0.16, 67213
0.16, 66704
0.16, 66392
0.16, 65834
0.16, 65619
0.17, 65444
0.17, 65322
0.17, 65089
0.18, 64875
0.18, 63665
0.19, 63614
0.19, 62248
0.20, 62177
0.20, 61770
0.22, 60931
0.26, 60547
0.29, 60454
0.29, 60095
0.30, 59860
0.31, 58595
0.33, 57894
0.37, 57532
0.48, 56987
0.60, 56330
0.64, 56215
0.70, 55900
0.97, 55784
0.98, 55512
1.10, 55179
1.20, 55153
2.09, 54960
2.30, 54659
