0.01, 225717
0.01, 216380
0.01, 212511
0.01, 207924
0.01, 203136
0.02, 198858
0.02, 196019
0.02, 182266
0.02, 177428
0.02, 174438
0.03, 169513
0.03, 168131
0.03, 167761
0.03, 166759
0.04, 159552
0.04, 155253
0.04, 144010
0.04, 142246
0.05, 136650
0.05, 133902
0.05, 129264
0.05, 125842
0.05, 124670
0.06, 122511
0.06, 121515
0.06, 120343
0.06, 116600
0.06, 115120
0.06, 115087
0.07, 114054
0.07, 113874
0.07, 113317
0.07, 112783
0.07, 112095
0.08, 111557
0.08, 109703
0.08, 108115
0.08, 106152
0.08, 103564
0.09, 102501
0.09, 101848
0.09, 100564
0.09, 100155
0.09, 99717
0.09, 99268
0.10, 97455
0.10, 96590
0.10, 95986
0.10, 95435
0.10, 95396
0.11, 94931
0.11, 94512
0.11, 93863
0.11, 89771
0.11, 88998
0.12, 88860
0.12, 86219
0.12, 85405
0.12, 83261
0.13, 82958
0.13, 82328
0.13, 80540
0.13, 79989
0.14, 79460
0.15, 79453
0.15, 78877
0.16, 78834
0.16, 76959
0.16, 76556
0.16, 76229
0.17, 74851
0.17, 74814
0.17, 73339
0.18, 72820
0.18, 72771
0.18, 72575
0.19, 72187
0.19, 71550
0.20, 70296
0.20, 69010
0.20, 68551
0.21, 67707
0.21, 67301
0.21, 67145
0.22, 67014
0.23, 66728
0.24, 65609
0.25, 65432
0.27, 65187
0.28, 64908
0.29, 64834
0.30, 63853
0.30, 62862
0.31, 62760
0.36, 62398
0.36, 62113
0.37, 61773
0.37, 61238
0.38, 60669
0.43, 59772
0.46, 59562
0.48, 59524
0.51, 59433
0.51, 59346
0.52, 59097
0.52, 58755
0.53, 58695
0.55, 58180
0.67, 57750
0.82, 57317
0.92, 57273
1.00, 57253
1.00, 56929
1.14, 56671
1.19, 56524
1.37, 55922
1.46, 55360
1.72, 54699
1.77, 54649
2.47, 54547
