0.01, 224490
0.01, 220123
0.01, 217714
0.01, 211639
0.01, 207262
0.01, 198094
0.01, 197172
0.01, 195321
0.02, 193794
0.02, 184551
0.02, 183022
0.02, 175729
0.03, 173460
0.03, 164592
0.03, 162354
0.03, 157430
0.03, 150609
0.04, 142954
0.04, 140763
0.04, 138488
0.04, 137088
0.04, 135190
0.04, 132676
0.05, 129851
0.05, 129011
0.05, 128940
0.05, 128876
0.05, 128072
0.05, 127463
0.05, 125937
0.05, 124784
0.05, 121106
0.05, 119549
0.06, 119226
0.06, 118171
0.06, 112494
0.06, 112025
0.06, 106189
0.07, 105056
0.07, 101818
0.07, 101550
0.07, 101215
0.08, 99989
0.08, 99130
0.08, 97874
0.08, 97511
0.08, 95050
0.09, 93985
0.09, 92929
0.09, 92812
0.09, 92581
0.10, 91128
0.10, 86641
0.10, 85818
0.10, 84401
0.10, 82197
0.10, 81746
0.11, 80922
0.11, 80094
0.11, 80003
0.11, 79647
0.11, 79375
0.12, 79277
0.12, 79259
0.12, 79060
0.13, 77585
0.13, 77224
0.13, 76993
0.13, 76531
0.13, 75875
0.14, 75865
0.14, 74507
0.14, 74221
0.14, 73740
0.14, 72269
0.15, 71983
0.15, 71043
0.15, 70772
0.15, 70241
0.15, 69528
0.16, 68381
0.16, 68214
0.17, 67415
0.18, 67084
0.19, 66864
0.20, 66768
0.21, 66249
0.21, 66207
0.21, 66141
0.22, 66058
0.22, 65178
0.22, 65151
0.23, 65132
0.25, 64711
0.25, 64558
0.25, 64381
0.26, 63055
0.27, 62155
0.28, 61737
0.29, 61649
0.30, 61526
0.30, 61078
0.31, 61026
0.32, 60834
0.32, 60497
0.32, 60327
0.36, 60237
0.36, 60225
0.36, 60057
0.37, 59501
0.37, 59483
0.39, 59388
0.40, 59148
0.44, 59101
0.51, 58953
0.57, 58931
0.63, 58329
0.64, 58088
0.68, 57942
0.71, 57816
0.72, 57308
0.78, 57084
0.84, 57057
0.94, 56246
1.05, 56154
1.96, 55862
