0.01, 210102
0.01, 208808
0.01, 200553
0.01, 189827
0.01, 188755
0.01, 185559
0.02, 185134
0.02, 179969
0.03, 175251
0.03, 165686
0.03, 161905
0.03, 155210
0.03, 153974
0.03, 152036
0.04, 151981
0.04, 150911
0.04, 146363
0.04, 144387
0.04, 142100
0.05, 140070
0.05, 139499
0.05, 137912
0.05, 126788
0.05, 125701
0.05, 125319
0.05, 121562
0.05, 120557
0.06, 118111
0.06, 117167
0.06, 115476
0.06, 112948
0.06, 109275
0.06, 107515
0.07, 106712
0.07, 105373
0.07, 103810
0.07, 103604
0.07, 101740
0.08, 100347
0.08, 99619
0.08, 98668
0.08, 97809
0.09, 96878
0.09, 96837
0.09, 95402
0.09, 94594
0.09, 94142
0.09, 92987
0.10, 92530
0.10, 92132
0.10, 89976
0.10, 89851
0.10, 89292
0.11, 88478
0.11, 88454
0.11, 83707
0.11, 81730
0.11, 81441
0.11, 81090
0.11, 80073
0.12, 79922
0.12, 79206
0.12, 78259
0.13, 76647
0.13, 74569
0.13, 73875
0.13, 73769
0.13, 72834
0.13, 72804
0.14, 72204
0.14, 71892
0.15, 70928
0.15, 70454
0.15, 70350
0.17, 70152
0.17, 69701
0.18, 69300
0.19, 68856
0.19, 68300
0.19, 68047
0.19, 67120
0.21, 65358
0.23, 64876
0.24, 64736
0.24, 64147
0.25, 64033
0.26, 63750
0.30, 63666
0.31, 63649
0.32, 63567
0.34, 61939
0.39, 61880
0.42, 60833
0.45, 60704
0.51, 60602
0.53, 60569
0.55, 60524
0.59, 60460
0.63, 60447
0.70, 59575
0.71, 58865
0.76, 58140
0.78, 58111
0.95, 57918
1.16, 57899
1.24, 57875
1.28, 57706
1.55, 57393
1.67, 57286
