0.01, 186540
0.01, 185345
0.01, 181240
0.01, 179109
0.02, 178382
0.03, 175652
0.03, 173653
0.03, 172863
0.03, 168529
0.03, 168303
0.03, 163940
0.04, 160046
0.04, 156181
0.04, 155313
0.04, 150898
0.04, 150133
0.04, 142689
0.05, 141486
0.05, 141435
0.05, 139961
0.05, 136721
0.05, 135060
0.05, 131268
0.05, 129319
0.05, 129000
0.05, 128733
0.06, 128709
0.06, 127007
0.06, 126048
0.06, 124525
0.06, 123653
0.06, 122690
0.06, 120887
0.07, 119636
0.07, 115065
0.07, 112713
0.07, 112530
0.07, 111861
0.07, 110244
0.07, 110017
0.08, 109746
0.08, 108034
0.08, 106668
0.08, 106143
0.08, 103851
0.09, 103647
0.09, 102388
0.09, 102161
0.09, 101500
0.09, 99849
0.10, 97718
0.10, 97625
0.10, 97449
0.10, 97343
0.10, 97145
0.11, 96852
0.11, 96047
0.11, 94171
0.11, 93995
0.11, 93025
0.12, 90228
0.12, 90124
0.12, 86607
0.12, 86026
0.13, 85762
0.13, 83068
0.13, 82469
0.13, 81547
0.14, 81472
0.14, 81073
0.14, 79149
0.14, 78617
0.14, 77795
0.15, 77528
0.15, 76957
0.15, 76089
0.15, 74999
0.16, 74274
0.16, 73974
0.17, 73960
0.17, 73837
0.17, 73763
0.18, 73611
0.18, 72419
0.18, 71755
0.19, 71707
0.19, 71669
0.20, 71466
0.20, 71355
0.20, 71331
0.20, 70383
0.21, 69694
0.22, 69000
0.23, 68997
0.23, 68635
0.23, 68272
0.26, 68185
0.27, 67587
0.27, 67549
0.28, 67239
0.28, 67002
0.29, 66265
0.30, 65567
0.35, 64880
0.36, 64342
0.36, 63965
0.37, 63277
0.40, 62959
0.40, 62681
0.42, 60484
0.51, 59854
0.53, 59759
0.56, 59664
0.58, 59612
0.58, 59164
0.58, 58965
0.64, 58729
0.72, 58076
1.28, 57942
1.53, 57509
1.69, 57003
2.02, 56939
2.36, 56904
3.08, 56842
3.63, 56840
