0.01, 209975
0.01, 209251
0.01, 208666
0.01, 207382
0.01, 202687
0.02, 201101
0.02, 199033
0.02, 197434
0.02, 196437
0.02, 193055
0.02, 192415
0.02, 191367
0.02, 187472
0.03, 186247
0.03, 185686
0.03, 185086
0.03, 183026
0.03, 182655
0.04, 178397
0.04, 176520
0.04, 172273
0.04, 172254
0.04, 171982
0.04, 170315
0.04, 166635
0.05, 163685
0.05, 154778
0.05, 154563
0.05, 151760
0.05, 149393
0.05, 149096
0.06, 146406
0.06, 143162
0.06, 142912
0.06, 138979
0.06, 135056
0.07, 134647
0.07, 132553
0.07, 131077
0.07, 128929
0.07, 125370
0.07, 121859
0.07, 120439
0.08, 120429
0.08, 119590
0.08, 118088
0.08, 113570
0.08, 112840
0.08, 109491
0.09, 109026
0.09, 108834
0.09, 108820
0.09, 107717
0.09, 107377
0.10, 107059
0.10, 106713
0.10, 106320
0.10, 104913
0.10, 103933
0.11, 103080
0.11, 97564
0.11, 97447
0.11, 97332
0.11, 96150
0.11, 95397
0.12, 94427
0.12, 94139
0.12, 92255
0.12, 91669
0.12, 91290
0.13, 90629
0.13, 90352
0.13, 89545
0.13, 87581
0.13, 85634
0.13, 84971
0.14, 84332
0.14, 83436
0.14, 83331
0.14, 83093
0.14, 82656
0.14, 82571
0.14, 81725
0.15, 78243
0.15, 78184
0.15, 77994
0.15, 77334
0.15, 77159
0.15, 76309
0.15, 76006
0.16, 75789
0.16, 75638
0.16, 74172
0.16, 73732
0.16, 72280
0.17, 70705
0.17, 70473
0.17, 69828
0.17, 69659
0.17, 69566
0.18, 69439
0.18, 68670
0.19, 68583
0.19, 68501
0.19, 68370
0.20, 68274
0.20, 67985
0.20, 67593
0.20, 67086
0.21, 66894
0.22, 66153
0.23, 64926
0.23, 64716
0.24, 63104
0.25, 62606
0.26, 61933
0.29, 60620
0.30, 60435
0.30, 60113
0.31, 59090
0.34, 59075
0.34, 58870
0.40, 58818
0.42, 58517
0.43, 58085
0.44, 57951
0.45, 57457
0.51, 57099
0.61, 56809
0.63, 56095
0.65, 55999
1.02, 55978
1.08, 55946
1.34, 55171
1.52, 54981
