0.01, 199478
0.01, 190656
0.01, 187942
0.01, 183177
0.01, 182977
0.01, 182173
0.01, 179768
0.02, 179401
0.02, 174811
0.02, 174656
0.03, 174000
0.03, 173289
0.03, 172662
0.03, 172432
0.03, 172425
0.03, 165048
0.04, 164714
0.04, 163956
0.04, 163801
0.04, 162163
0.04, 158325
0.04, 153901
0.04, 150276
0.04, 148353
0.04, 147692
0.04, 143420
0.05, 141248
0.05, 140619
0.05, 139606
0.05, 134647
0.05, 132587
0.05, 131809
0.05, 128465
0.06, 127349
0.06, 125831
0.06, 121664
0.06, 118335
0.06, 118048
0.06, 116106
0.06, 115032
0.07, 114935
0.07, 111547
0.07, 110791
0.07, 108173
0.07, 107730
0.07, 107445
0.08, 102126
0.08, 102055
0.08, 100849
0.08, 98017
0.08, 96846
0.08, 96675
0.08, 95874
0.09, 95654
0.09, 94716
0.09, 94008
0.09, 93809
0.09, 91164
0.09, 90100
0.10, 87358
0.10, 85538
0.10, 83764
0.10, 81866
0.10, 81521
0.11, 81505
0.11, 81096
0.11, 79638
0.11, 79605
0.12, 79593
0.12, 78741
0.12, 76838
0.12, 76313
0.12, 76109
0.12, 75845
0.12, 75496
0.12, 75011
0.13, 74406
0.13, 72682
0.13, 72437
0.13, 71557
0.14, 70615
0.15, 70539
0.15, 69604
0.15, 69442
0.15, 69384
0.15, 69076
0.15, 68278
0.16, 67761
0.17, 67369
0.17, 67241
0.17, 66176
0.18, 65473
0.19, 65209
0.19, 65155
0.19, 64699
0.20, 64396
0.20, 63888
0.21, 63504
0.21, 63378
0.22, 62778
0.22, 62184
0.24, 61858
0.26, 61503
0.26, 61099
0.27, 61068
0.27, 60736
0.31, 59598
0.35, 59430
0.36, 59318
0.39, 58972
0.41, 58763
0.46, 58594
0.52, 58242
0.58, 58169
0.60, 58028
0.73, 57784
0.73, 57739
0.73, 57039
0.73, 56591
1.02, 56522
1.03, 56330
1.33, 56325
1.45, 55984
