0.01, 219295
0.01, 217300
0.01, 209904
0.01, 209475
0.01, 205060
0.01, 197100
0.01, 194314
0.02, 189741
0.02, 186969
0.02, 186710
0.02, 185359
0.02, 185141
0.02, 183486
0.03, 180091
0.03, 173656
0.03, 169122
0.03, 167262
0.03, 160647
0.03, 158069
0.04, 156835
0.04, 153224
0.04, 152202
0.04, 152118
0.04, 150804
0.04, 149643
0.04, 146742
0.05, 145782
0.05, 145487
0.05, 144375
0.05, 138815
0.05, 137127
0.05, 133764
0.05, 132799
0.05, 130080
0.06, 127524
0.06, 127506
0.06, 127225
0.06, 121854
0.06, 119624
0.06, 115382
0.06, 114773
0.07, 113558
0.07, 112083
0.07, 111641
0.07, 111583
0.07, 108093
0.07, 107241
0.08, 106456
0.08, 102599
0.08, 101646
0.08, 100844
0.08, 100470
0.08, 100395
0.08, 99096
0.09, 98990
0.09, 95591
0.09, 95288
0.09, 94493
0.09, 94303
0.10, 90883
0.10, 89198
0.10, 89009
0.10, 87910
0.11, 87816
0.11, 86991
0.11, 85920
0.11, 83402
0.12, 83168
0.12, 81482
0.12, 79676
0.12, 79278
0.13, 79182
0.13, 78972
0.13, 76574
0.13, 75888
0.14, 72665
0.14, 72586
0.14, 72378
0.14, 71492
0.14, 71472
0.15, 71072
0.15, 70024
0.15, 68321
0.15, 66003
0.15, 65004
0.16, 63991
0.17, 63561
0.17, 63057
0.17, 62868
0.19, 62831
0.19, 62714
0.19, 62672
0.19, 62622
0.20, 62230
0.20, 62175
0.20, 61537
0.21, 60694
0.21, 60367
0.22, 60004
0.23, 59751
0.26, 59697
0.28, 59300
0.28, 59291
0.29, 58731
0.36, 58324
0.63, 58132
0.70, 58021
0.84, 57941
0.90, 57857
1.00, 57766
1.12, 57512
1.30, 57491
1.46, 57483
1.55, 57382
1.56, 57343
1.59, 57119
1.64, 57080
1.70, 57058
2.50, 57018
2.81, 56953
2.90, 56681
3.52, 56370
3.89, 56287
