0.01, 210821
0.01, 209203
0.01, 206589
0.01, 202822
0.01, 200901
0.01, 198639
0.02, 198343
0.02, 193885
0.02, 191951
0.02, 188737
0.02, 186461
0.02, 182224
0.03, 181052
0.03, 179396
0.03, 173515
0.03, 172681
0.03, 172633
0.03, 171605
0.03, 167693
0.03, 165062
0.04, 164848
0.04, 159113
0.04, 156381
0.04, 155704
0.05, 152236
0.05, 150075
0.05, 148359
0.05, 144795
0.05, 142205
0.05, 141613
0.06, 133875
0.06, 133297
0.06, 132876
0.06, 132079
0.06, 130097
0.06, 129568
0.06, 127956
0.07, 126001
0.07, 125888
0.07, 124459
0.07, 124118
0.09, 123663
0.09, 123327
0.09, 116301
0.09, 115749
0.09, 114390
0.09, 112314
0.09, 110837
0.10, 110652
0.10, 108706
0.10, 108071
0.10, 106847
0.11, 106107
0.11, 102848
0.11, 102223
0.11, 100600
0.11, 91819
0.11, 91712
0.12, 91250
0.12, 90773
0.12, 90561
0.12, 88875
0.12, 88553
0.12, 87797
0.13, 87670
0.13, 86921
0.13, 85981
0.13, 85546
0.13, 79913
0.13, 78451
0.13, 77670
0.13, 76199
0.13, 75602
0.14, 74910
0.14, 74755
0.14, 74261
0.14, 74253
0.14, 72887
0.14, 72191
0.14, 71248
0.15, 70304
0.15, 69626
0.15, 69186
0.16, 69003
0.16, 68623
0.16, 68056
0.17, 67365
0.17, 67210
0.17, 67168
0.18, 66732
0.19, 66647
0.19, 66419
0.21, 66341
0.22, 66306
0.22, 66264
0.23, 66024
0.23, 65279
0.24, 65272
0.24, 64778
0.25, 64620
0.25, 64072
0.26, 63875
0.26, 63248
0.27, 63222
0.28, 62607
0.29, 62318
0.29, 62220
0.29, 61250
0.31, 61181
0.32, 60866
0.33, 60798
0.35, 60442
0.36, 59753
0.38, 59575
0.39, 59527
0.40, 59342
0.41, 58203
0.44, 58067
0.46, 57692
0.52, 57527
0.54, 57505
0.55, 57496
0.55, 57405
0.56, 56499
0.58, 56251
0.64, 56232
0.70, 56167
0.87, 56140
1.05, 56024
1.16, 55901
1.40, 55724
1.54, 55703
1.57, 55674
1.98, 55637
2.14, 55449
2.18, 55414
