0.01, 194305
0.01, 194055
0.01, 191311
0.01, 179965
0.01, 175626
0.01, 174757
0.02, 174723
0.03, 174039
0.03, 173866
0.03, 172650
0.03, 168099
0.03, 168061
0.03, 164205
0.03, 163998
0.03, 157043
0.04, 156317
0.04, 154591
0.04, 152109
0.04, 151462
0.04, 150529
0.04, 149757
0.05, 145304
0.05, 145106
0.05, 136048
0.05, 135801
0.05, 134301
0.05, 133717
0.05, 133193
0.05, 132597
0.06, 132116
0.06, 131322
0.06, 128861
0.06, 128417
0.06, 127429
0.06, 126455
0.06, 124963
0.07, 124509
0.07, 122861
0.07, 122367
0.07, 114290
0.08, 109569
0.08, 103439
0.08, 103209
0.08, 102121
0.08, 101944
0.09, 98667
0.09, 95985
0.09, 95924
0.09, 95899
0.09, 95714
0.10, 93515
0.10, 93343
0.10, 92921
0.10, 91408
0.11, 90759
0.11, 90236
0.11, 89514
0.11, 89269
0.11, 88743
0.11, 84658
0.11, 83137
0.12, 82886
0.12, 82501
0.12, 82487
0.12, 81776
0.13, 81059
0.13, 80728
0.13, 80441
0.13, 80031
0.14, 79889
0.14, 79881
0.14, 78472
0.15, 78361
0.15, 78027
0.15, 77026
0.15, 74945
0.15, 74668
0.16, 73718
0.16, 72867
0.16, 72072
0.16, 71539
0.16, 70941
0.16, 69457
0.17, 69164
0.17, 68107
0.18, 68054
0.18, 67874
0.20, 67707
0.21, 67697
0.22, 67632
0.22, 66063
0.22, 65916
0.24, 65838
0.24, 65772
0.25, 65429
0.26, 64448
0.26, 63755
0.27, 63667
0.28, 63510
0.29, 63420
0.29, 63029
0.33, 61560
0.45, 61249
0.47, 61207
0.52, 60329
0.53, 60042
0.64, 59208
0.71, 58925
0.71, 58919
1.15, 58848
1.15, 58656
1.20, 58601
1.28, 58511
1.42, 58356
2.02, 58206
2.18, 58107
2.26, 58085
2.41, 57383
2.93, 57342
