0.01, 212227
0.01, 209803
0.01, 204924
0.01, 203653
0.02, 203205
0.02, 202859
0.02, 197514
0.02, 196509
0.02, 196283
0.02, 190499
0.02, 189789
0.02, 182042
0.02, 179958
0.02, 178726
0.03, 178406
0.03, 176102
0.03, 167444
0.04, 165910
0.04, 161647
0.04, 160371
0.04, 155170
0.04, 152636
0.04, 150851
0.05, 149539
0.05, 149223
0.05, 149143
0.05, 144197
0.05, 144169
0.05, 143549
0.05, 141085
0.06, 139145
0.06, 137650
0.06, 132140
0.06, 132121
0.06, 131090
0.06, 129120
0.07, 128525
0.07, 127828
0.07, 127493
0.07, 126103
0.07, 125303
0.07, 123263
0.07, 121014
0.07, 120633
0.08, 118080
0.08, 117088
0.08, 113168
0.08, 112341
0.08, 110950
0.08, 110457
0.09, 109908
0.09, 108809
0.09, 108738
0.09, 108548
0.09, 108177
0.09, 107988
0.09, 106987
0.10, 105306
0.10, 105081
0.10, 104614
0.10, 102813
0.10, 101870
0.10, 100283
0.11, 100060
0.11, 98147
0.11, 97182
0.11, 95143
0.11, 93991
0.12, 93167
0.12, 91740
0.12, 91126
0.12, 89798
0.13, 88921
0.13, 88767
0.13, 88426
0.13, 88380
0.13, 87541
0.14, 86428
0.14, 86059
0.14, 85751
0.14, 82771
0.14, 82460
0.15, 81882
0.15, 80510
0.15, 79446
0.15, 78979
0.15, 78152
0.15, 78078
0.15, 77411
0.15, 77219
0.16, 75936
0.16, 74794
0.16, 74614
0.16, 74149
0.16, 74015
0.16, 73677
0.17, 73280
0.17, 72542
0.18, 72365
0.18, 72362
0.18, 72173
0.18, 72132
0.18, 71686
0.19, 71191
0.19, 68070
0.19, 68068
0.19, 67618
0.19, 66456
0.20, 65265
0.20, 65091
0.22, 64023
0.22, 62428
0.23, 60954
0.29, 60588
0.30, 59449
0.36, 59415
0.40, 59336
0.46, 58969
0.50, 58714
0.56, 58527
0.69, 58370
0.72, 57650
0.88, 57389
1.08, 56787
1.09, 56284
1.26, 56220
1.35, 55690
2.87, 55588
2.95, 55578
3.21, 55372
3.46, 55204
3.65, 54978
3.89, 54887
4.05, 54814
