0.00, 221560
0.01, 219066
0.01, 215969
0.01, 215247
0.01, 212668
0.01, 206306
0.01, 197817
0.01, 192268
0.02, 192190
0.02, 191881
0.02, 189148
0.02, 188651
0.02, 183056
0.03, 181903
0.03, 181505
0.03, 179631
0.03, 179505
0.03, 175412
0.03, 172773
0.03, 172172
0.03, 170905
0.04, 170046
0.04, 165591
0.04, 157001
0.04, 152010
0.04, 149638
0.04, 147404
0.04, 145668
0.05, 144945
0.05, 143321
0.05, 143127
0.05, 142459
0.05, 141882
0.05, 141179
0.05, 138579
0.05, 137344
0.06, 129963
0.06, 128363
0.06, 126577
0.06, 125091
0.06, 124150
0.06, 122371
0.07, 121465
0.07, 120336
0.07, 120127
0.07, 117796
0.07, 117079
0.08, 116554
0.08, 115115
0.08, 114927
0.08, 112395
0.09, 110983
0.09, 106257
0.09, 105279
0.09, 104340
0.09, 101364
0.09, 100027
0.10, 99685
0.10, 98233
0.10, 97233
0.10, 96771
0.11, 93982
0.11, 91548
0.11, 90680
0.11, 89148
0.12, 88695
0.12, 87971
0.12, 87942
0.12, 87861
0.13, 87687
0.13, 84977
0.13, 84841
0.13, 84502
0.14, 84439
0.14, 84034
0.14, 83905
0.15, 81006
0.15, 79886
0.15, 79756
0.15, 79506
0.15, 78831
0.16, 78242
0.16, 75668
0.16, 74936
0.16, 72653
0.16, 71799
0.17, 70796
0.17, 70350
0.17, 69574
0.18, 69258
0.18, 67646
0.18, 67333
0.19, 66417
0.20, 65903
0.20, 65879
0.21, 65713
0.21, 65469
0.22, 65252
0.22, 65037
0.23, 64987
0.24, 64908
0.24, 64313
0.24, 63898
0.25, 63338
0.26, 63015
0.27, 62564
0.27, 62222
0.28, 61772
0.28, 61762
0.29, 61742
0.32, 61413
0.32, 60669
0.32, 59849
0.32, 59834
0.33, 59573
0.34, 59350
0.36, 58893
0.45, 58703
0.46, 58571
0.49, 58055
0.53, 57723
0.68, 57721
0.78, 57508
0.88, 57210
1.22, 56064
1.39, 55855
1.72, 55846
1.90, 55750
2.05, 55476
2.10, 55178
