0.01, 213518
0.01, 212258
0.01, 205176
0.01, 196970
0.01, 192019
0.02, 190554
0.02, 174732
0.02, 174398
0.02, 172134
0.03, 165041
0.03, 153124
0.03, 151459
0.03, 150253
0.03, 149330
0.04, 149077
0.04, 148140
0.04, 145851
0.04, 145591
0.05, 145127
0.05, 144510
0.05, 140250
0.05, 140008
0.05, 139944
0.05, 136966
0.05, 132282
0.06, 125721
0.06, 124513
0.06, 124098
0.06, 123650
0.07, 123309
0.07, 120696
0.07, 119450
0.07, 117983
0.07, 117557
0.07, 116160
0.07, 115450
0.08, 114328
0.08, 114237
0.08, 111299
0.08, 109570
0.08, 109164
0.08, 107419
0.09, 106201
0.09, 105503
0.09, 102135
0.09, 101645
0.09, 100781
0.10, 100473
0.10, 99553
0.10, 99172
0.10, 99077
0.10, 98421
0.10, 97397
0.11, 96551
0.11, 96210
0.11, 95417
0.11, 92422
0.11, 92236
0.11, 91636
0.12, 90926
0.12, 90158
0.12, 88482
0.12, 86420
0.12, 85501
0.12, 83841
0.12, 83773
0.13, 83414
0.13, 82837
0.13, 79907
0.13, 79090
0.13, 78986
0.13, 78543
0.13, 78211
0.14, 77821
0.14, 75959
0.14, 75869
0.14, 75445
0.14, 75192
0.14, 74823
0.15, 74538
0.15, 74468
0.15, 74428
0.15, 73511
0.15, 73496
0.16, 72803
0.18, 72763
0.19, 72120
0.20, 71752
0.20, 71736
0.20, 71145
0.21, 66903
0.21, 66795
0.22, 66476
0.22, 66310
0.23, 65351
0.24, 65093
0.24, 64565
0.25, 64482
0.26, 64314
0.27, 63883
0.27, 63055
0.28, 63048
0.29, 62855
0.31, 62350
0.36, 61598
0.37, 61044
0.45, 60271
0.46, 60094
0.49, 59957
0.51, 59426
0.61, 59087
0.69, 58751
0.75, 58245
0.78, 58160
0.89, 57912
0.91, 57897
1.18, 57346
1.19, 57200
2.01, 56743
