0.01, 201106
0.01, 196976
0.01, 196379
0.01, 195374
0.01, 190531
0.01, 190363
0.01, 188578
0.01, 188040
0.01, 179856
0.02, 177985
0.02, 176874
0.03, 176598
0.03, 174692
0.03, 169548
0.03, 168682
0.03, 164579
0.03, 163858
0.04, 158176
0.04, 157731
0.04, 149619
0.04, 146645
0.04, 145465
0.04, 145317
0.04, 145151
0.04, 144747
0.05, 140199
0.05, 139900
0.05, 137579
0.05, 129321
0.05, 127747
0.05, 126243
0.05, 121003
0.06, 119664
0.06, 118857
0.06, 118402
0.06, 117562
0.06, 115310
0.06, 114192
0.07, 113280
0.07, 112090
0.07, 111490
0.07, 109999
0.08, 109703
0.08, 106658
0.08, 106388
0.08, 106119
0.08, 105982
0.08, 105405
0.09, 104833
0.09, 104651
0.09, 103741
0.09, 102771
0.09, 101789
0.10, 100256
0.10, 96608
0.10, 96038
0.10, 93545
0.10, 92915
0.10, 91672
0.11, 91369
0.11, 89611
0.11, 89514
0.11, 88572
0.11, 86731
0.12, 85478
0.12, 85402
0.12, 85110
0.12, 84851
0.12, 84677
0.12, 84532
0.13, 84201
0.13, 83455
0.13, 82844
0.13, 81840
0.13, 81609
0.13, 80479
0.13, 79676
0.13, 79468
0.14, 79028
0.14, 77832
0.14, 77006
0.14, 76868
0.14, 75186
0.14, 74932
0.14, 74589
0.15, 73160
0.15, 73103
0.15, 72366
0.15, 72165
0.15, 71865
0.16, 71346
0.16, 70821
0.16, 70605
0.16, 70214
0.17, 69425
0.17, 68767
0.18, 67802
0.18, 67759
0.19, 66317
0.19, 66184
0.21, 64697
0.22, 62292
0.23, 61591
0.25, 61430
0.26, 60764
0.27, 60610
0.40, 60375
0.43, 60046
0.44, 59704
0.44, 59231
0.52, 59014
0.55, 58815
0.58, 58565
0.59, 58359
0.62, 58350
0.66, 58333
0.77, 58148
0.85, 57853
0.94, 57560
1.04, 57321
1.95, 57297
4.09, 56984
