0.01, 227796
0.01, 226609
0.01, 223839
0.01, 214975
0.01, 211900
0.01, 201726
0.01, 194988
0.01, 193733
0.01, 191416
0.02, 190647
0.02, 189508
0.02, 185322
0.02, 184518
0.02, 181759
0.03, 180569
0.03, 178729
0.03, 177045
0.03, 175559
0.04, 173040
0.04, 169603
0.04, 168761
0.04, 167050
0.04, 165230
0.04, 164892
0.04, 163329
0.05, 163102
0.05, 162179
0.05, 160967
0.05, 159128
0.05, 157503
0.06, 152384
0.06, 152204
0.06, 151989
0.06, 149753
0.06, 148240
0.06, 147898
0.07, 144144
0.07, 139729
0.07, 137424
0.07, 136865
0.07, 135337
0.08, 134710
0.08, 126204
0.08, 122536
0.08, 122192
0.08, 119552
0.09, 118526
0.09, 110702
0.09, 109118
0.09, 108816
0.09, 108259
0.09, 106326
0.10, 105816
0.10, 105521
0.10, 104397
0.10, 104334
0.10, 103250
0.10, 103227
0.11, 101259
0.11, 99989
0.11, 98644
0.11, 96351
0.11, 96096
0.12, 95122
0.12, 92800
0.12, 91399
0.12, 91332
0.12, 90658
0.12, 89872
0.13, 88905
0.13, 88042
0.13, 87324
0.13, 86480
0.14, 84021
0.14, 82016
0.14, 81983
0.14, 79622
0.15, 79330
0.15, 74768
0.15, 74566
0.15, 74136
0.15, 73028
0.15, 73024
0.16, 71498
0.16, 71447
0.16, 71153
0.17, 71031
0.17, 69964
0.18, 69431
0.18, 67412
0.18, 67391
0.19, 67234
0.19, 66383
0.19, 65971
0.20, 65930
0.20, 65637
0.21, 64472
0.21, 64072
0.24, 64056
0.24, 63228
0.28, 63049
0.30, 62883
0.31, 62484
0.32, 61723
0.34, 61638
0.35, 61176
0.36, 60994
0.45, 60984
0.47, 60400
0.53, 60277
0.55, 59872
0.55, 59569
0.71, 59096
0.81, 58994
0.91, 58960
0.94, 58767
1.19, 58637
1.19, 58451
1.31, 58328
1.36, 58294
1.63, 58145
1.67, 57963
1.69, 57919
1.73, 57861
4.66, 57836
