0.01, 195714
0.01, 193245
0.01, 189910
0.02, 186429
0.02, 181733
0.03, 181675
0.03, 181562
0.03, 179785
0.03, 179743
0.03, 178975
0.03, 173667
0.03, 171967
0.04, 169452
0.04, 169349
0.04, 163795
0.04, 150552
0.04, 149893
0.04, 149810
0.04, 142655
0.05, 141541
0.05, 139485
0.05, 134633
0.05, 134404
0.05, 131089
0.05, 130139
0.06, 129582
0.06, 124763
0.06, 121862
0.06, 120257
0.06, 117198
0.06, 117048
0.07, 114240
0.07, 110158
0.07, 108930
0.07, 108535
0.08, 107766
0.08, 107755
0.08, 103893
0.08, 102231
0.08, 98693
0.09, 97304
0.09, 94485
0.09, 90854
0.09, 90503
0.09, 88723
0.10, 88401
0.10, 87374
0.10, 86869
0.10, 85733
0.11, 84850
0.11, 84218
0.11, 83787
0.11, 82719
0.12, 81462
0.12, 81136
0.12, 80389
0.12, 79979
0.13, 79610
0.13, 79334
0.13, 77911
0.14, 77585
0.14, 77473
0.14, 75341
0.14, 74304
0.14, 73448
0.15, 73296
0.15, 73166
0.15, 72304
0.16, 70865
0.16, 69902
0.17, 69703
0.17, 69479
0.17, 69316
0.18, 68215
0.18, 66910
0.18, 66856
0.18, 66461
0.20, 66192
0.21, 66010
0.22, 65681
0.22, 65219
0.26, 64372
0.26, 64287
0.26, 64276
0.28, 64133
0.28, 63864
0.30, 63213
0.30, 63111
0.32, 62276
0.33, 62175
0.34, 61704
0.35, 61237
0.41, 61121
0.42, 60939
0.44, 60602
0.44, 59966
0.51, 59448
0.54, 59327
0.70, 58964
0.71, 58955
0.80, 58371
0.91, 58224
1.03, 57932
1.06, 57785
1.10, 57338
1.51, 57267
1.64, 56545
1.73, 56444
1.82, 56439
