0.01, 227504
0.01, 227388
0.01, 226642
0.01, 214817
0.01, 212614
0.01, 200031
0.01, 195428
0.01, 192932
0.01, 192458
0.02, 191116
0.02, 189911
0.02, 189560
0.02, 187886
0.02, 187566
0.02, 176239
0.03, 174497
0.03, 171404
0.03, 170694
0.03, 167627
0.04, 164375
0.04, 160713
0.04, 158467
0.04, 156361
0.04, 153090
0.04, 152352
0.04, 149811
0.05, 149674
0.05, 147312
0.05, 145648
0.05, 138966
0.05, 138557
0.05, 137014
0.06, 136381
0.06, 135084
0.06, 134873
0.06, 133365
0.06, 132997
0.07, 131961
0.07, 127352
0.07, 127155
0.07, 125581
0.09, 124115
0.09, 121543
0.09, 121334
0.09, 119067
0.10, 118679
0.10, 116481
0.10, 112536
0.10, 111503
0.10, 109336
0.10, 108721
0.10, 108233
0.10, 107617
0.11, 105690
0.11, 104430
0.11, 104207
0.11, 103818
0.11, 103031
0.12, 100063
0.12, 97732
0.12, 96908
0.12, 95864
0.12, 95205
0.13, 95159
0.13, 94128
0.13, 93337
0.13, 92910
0.13, 90228
0.13, 89579
0.13, 86526
0.14, 84576
0.14, 82567
0.14, 81429
0.14, 80559
0.14, 79830
0.15, 76829
0.15, 75451
0.15, 75297
0.15, 74833
0.15, 74730
0.15, 73611
0.16, 73466
0.16, 73097
0.16, 72660
0.16, 72605
0.16, 72433
0.17, 72085
0.17, 72078
0.17, 71460
0.17, 71363
0.17, 70662
0.17, 69892
0.18, 69836
0.18, 69279
0.19, 68588
0.19, 68006
0.19, 67570
0.20, 67316
0.20, 67288
0.21, 66661
0.21, 65773
0.21, 65299
0.21, 65143
0.23, 65011
0.24, 64910
0.27, 64651
0.28, 64520
0.28, 63891
0.29, 63627
0.29, 63476
0.33, 63427
0.36, 63026
0.42, 62741
0.45, 61823
0.48, 61291
0.52, 61262
0.53, 60926
0.58, 60747
0.58, 60448
0.61, 60149
0.63, 59804
0.68, 59266
0.69, 58270
0.74, 58216
0.74, 57686
0.76, 57484
0.92, 57128
0.92, 57033
0.93, 56930
0.95, 56501
1.06, 56498
1.13, 56016
1.20, 55800
1.23, 54661
3.00, 54632
3.33, 54581
